1 1 0 
2 1.41564 0.00235562 
3 1.72681 0.00317326 
4 1.9983 0.00360673 
5 2.2371 0.00426952 
6 2.43949 0.00527348 
7 2.6504 0.00604248 
8 2.82674 0.00593411 
9 3.00063 0.00651344 
10 3.15192 0.00692352 
11 3.31902 0.00678927 
12 3.46753 0.00703488 
13 3.60194 0.00829456 
14 3.73564 0.00855099 
15 3.86658 0.00730873 
16 4.0124 0.00868914 
17 4.13184 0.00951909 
18 4.24111 0.00824748 
19 4.35581 0.00980571 
20 4.46738 0.00973171 
21 4.56354 0.0095054 
22 4.6897 0.0092111 
23 4.80581 0.00951138 
24 4.9013 0.0102168 
25 4.99318 0.0123311 
26 5.1162 0.0108541 
27 5.20413 0.011556 
28 5.30515 0.0126637 
29 5.38371 0.0128162 
30 5.46474 0.0112909 
31 5.55006 0.0116908 
32 5.66449 0.0126426 
33 5.76382 0.0143907 
34 5.82427 0.012508 
35 5.91106 0.0127042 
36 6.01656 0.0133664 
37 6.08344 0.0130474 
38 6.16365 0.0141074 
39 6.24905 0.0147768 
40 6.33026 0.0127516 
41 6.39074 0.0138656 
42 6.48495 0.0149859 
43 6.55111 0.0139143 
44 6.6547 0.0149145 
45 6.71837 0.016764 
46 6.77421 0.0152771 
47 6.8237 0.0147465 
48 6.91759 0.0155554 
49 7.01559 0.0142014 
50 7.05673 0.0144447 
51 7.12118 0.0162862 
52 7.20707 0.014695 
53 7.27476 0.0167564 
54 7.34133 0.0164475 
55 7.42065 0.0154676 
56 7.46095 0.0186816 
57 7.54312 0.019098 
58 7.59834 0.0166483 
59 7.68823 0.0175482 
60 7.72441 0.0172373 
61 7.77255 0.0184778 
62 7.87051 0.0169624 
63 7.94269 0.0168259 
64 7.98385 0.0185714 
65 8.04098 0.0178426 
66 8.10408 0.0190353 
67 8.15082 0.0180214 
68 8.24907 0.0182972 
69 8.33596 0.0182227 
70 8.36748 0.0184367 
71 8.41462 0.0187228 
72 8.49302 0.0200587 
73 8.55721 0.0183191 
74 8.58513 0.0188922 
75 8.69074 0.0178431 
76 8.72394 0.0189864 
77 8.81669 0.019107 
78 8.80472 0.0207873 
79 8.88766 0.0199538 
80 8.96159 0.0205329 
81 8.9918 0.0207081 
82 9.05849 0.0189698 
83 9.14433 0.0181977 
84 9.14033 0.020311 
85 9.22036 0.0222431 
86 9.25997 0.0191247 
87 9.30344 0.0206717 
88 9.38835 0.0221219 
89 9.43514 0.0204206 
90 9.50958 0.0215498 
91 9.53626 0.0204855 
92 9.59848 0.021318 
93 9.63422 0.0225662 
94 9.66459 0.0207914 
95 9.72822 0.0217359 
96 9.80931 0.0213109 
97 9.82777 0.0226443 
98 9.84974 0.0227234 
99 9.98454 0.0232004 
100 9.96104 0.0242706 
