0.996827 0
0.998056 0.00122957
0.997576 0.00085699
0.999566 0.00207947
0.999867 0.00163861
0.998606 0.00183806
0.998783 0.00156347
0.998351 0.00142133
0.998578 0.00127394
0.99945 0.00143451
0.999708 0.00132304
0.999614 0.00121142
0.999554 0.00111597
1.00006 0.00115006
0.999996 0.00107251
0.999187 0.00128867
0.999181 0.00121051
0.999189 0.00114131
0.99949 0.00112087
0.999445 0.0010643
0.999531 0.00101596
0.99972 0.000986973
0.99982 0.000948357
0.999494 0.000964678
0.999732 0.000955436
0.999777 0.000919026
0.999892 0.000891804
1.00011 0.00088554
1.00037 0.000893221
1.00018 0.000883747
1.00033 0.000868895
1.00039 0.000843432
1.00044 0.00081914
1.0006 0.000809251
1.00056 0.000786827
1.00043 0.000774863
1.00026 0.000773624
1.00033 0.000756466
1.00024 0.000742024
1.00022 0.000723648
1.00026 0.000707328
1.00043 0.000709427
1.00035 0.000696519
1.00028 0.000684603
1.00028 0.000669219
1.00022 0.000656937
1.00017 0.000644777
1.00005 0.000644196
1.00005 0.000630958
1.00002 0.000618869
0.999895 0.000620353
0.999825 0.000612322
0.999853 0.000601318
0.999764 0.00059674
0.999692 0.000590211
0.999605 0.000586041
0.999599 0.0005757
0.999645 0.000567598
0.999655 0.000557983
0.999686 0.000549451
0.999812 0.000554825
0.999875 0.000549448
0.999806 0.000545065
0.99973 0.000541831
0.999747 0.000533716
0.999664 0.000532133
0.999671 0.000524185
0.999666 0.000516445
0.99977 0.000519378
0.999898 0.000527607
0.999846 0.00052265
0.999827 0.000515702
0.999792 0.000509783
0.999732 0.000506435
0.999736 0.000499652
0.9997 0.000494318
0.99969 0.000487972
0.999757 0.000486408
0.999798 0.000481935
0.999829 0.000476843
0.9999 0.000476378
0.999939 0.000472105
0.999906 0.000467536
0.999937 0.000462993
0.999906 0.00045858
0.999869 0.000454732
0.999946 0.000456093
1 0.000454599
1 0.000449483
0.999972 0.000445333
0.999988 0.000440689
1.00001 0.00043647
1.00001 0.000431751
1.00006 0.000429752
1.00006 0.000425212
1.00006 0.000420803
1.00013 0.000421996
1.00012 0.000417763
1.00008 0.000415136
1.00012 0.000412325
