0.988977 0
0.988592 0.000385537
0.987856 0.000768672
0.992105 0.00428386
0.994708 0.00421741
0.996606 0.00393174
0.992195 0.00552223
0.992013 0.00478585
0.993776 0.00457417
0.997939 0.00583625
0.999535 0.00551533
0.999217 0.00504486
0.99849 0.0046971
0.998945 0.00437236
0.99894 0.00407045
0.995652 0.00503072
0.996018 0.00473967
0.995913 0.00446982
0.995106 0.00430442
0.995551 0.00410769
0.995894 0.00392226
0.995569 0.00375387
0.996633 0.00374148
0.997448 0.00367376
0.997289 0.00352735
0.998698 0.0036705
0.998951 0.00354094
0.999183 0.00342007
0.999268 0.00330111
0.999441 0.00319388
0.999975 0.00313501
1.0001 0.00303799
1.00013 0.00294464
1.00013 0.00285672
0.999192 0.00292766
0.999103 0.00284658
0.999002 0.00277041
0.998747 0.0027085
0.998988 0.00264912
0.998845 0.00258603
0.998322 0.00257578
0.997892 0.00255024
0.997591 0.00250837
0.997683 0.00245243
0.998059 0.00242659
0.997934 0.0023765
0.997905 0.00232557
0.997587 0.0022987
0.997764 0.00225827
0.997112 0.00230693
0.997124 0.00226128
0.997251 0.00222102
0.997466 0.00218933
0.997269 0.00215743
0.997417 0.00212299
0.997455 0.00208508
0.996868 0.00213069
0.996372 0.00215154
0.996276 0.00211694
0.996302 0.00208152
0.996128 0.00205444
0.995692 0.00206759
0.995596 0.00203679
0.995659 0.00200571
0.995586 0.00197598
0.995473 0.00194905
0.995261 0.00193138
0.995777 0.00197136
0.995954 0.00195067
0.996009 0.00192337
0.996012 0.00189609
0.996725 0.00200079
0.996843 0.0019767
0.996819 0.00194995
0.996788 0.00192404
0.997007 0.00191125
0.99693 0.00188785
0.996703 0.00187734
0.996689 0.00185347
0.996393 0.00185383
0.996535 0.0018363
0.99702 0.0018775
0.997062 0.0018552
0.997353 0.001856
0.99759 0.00184924
0.997623 0.00182792
0.997413 0.00181903
0.997299 0.00180181
0.99738 0.00178327
0.997339 0.00176383
0.997183 0.00175122
0.997419 0.00174807
0.997324 0.00173182
0.997388 0.00171448
0.997557 0.00170479
0.997555 0.00168694
0.997284 0.00169145
0.997588 0.0017016
0.997246 0.00171881
0.99732 0.00170316
