         1.42556        0.825734        -0.96507
        0.239564        0.354496        0.892722
        0.530833       -0.124372        0.209561
        0.425239        -0.97208       -0.847922
       -0.310467        0.961442        0.694138
       -0.284424        0.777407        -1.26441
       -0.162354         1.06827         1.18039
       -0.557286        0.999504      -0.0262028
      -0.0711747      -0.0868853         1.82168
       -0.737057       -0.346705        0.374029
        0.646277         1.28623        0.953919
       -0.274563        0.576576        0.103659
       -0.628764       -0.573271       -0.637843
       -0.383352        -1.38616        -2.56474
        0.692224        -2.06968         0.80512
        0.113723        -1.48836       -0.654429
         0.04911        0.641138        -1.93509
        0.709229         1.14017       -0.368901
       -0.210805        0.508602         1.03084
        0.298633        0.677852        0.718747
        -1.72792         2.32999        0.291883
        -1.07564       -0.605226        -1.68263
       -0.559983         1.17343        -1.41685
       0.0721092        0.219722         1.11575
         1.22478         1.15588        0.302293
         1.01377        -1.11791       -0.777162
       -0.602515         1.03299        0.561217
         0.82461       -0.328289        0.324855
       -0.955622          1.6603       0.0282835
         1.20269        -1.10697        0.768898
        0.481211       -0.639112         0.37921
        -0.85158        -2.89609        -1.80697
         1.07277         1.70066         1.46104
       -0.842308        0.307455        0.270297
        -1.18648       -0.192855        0.838748
       -0.425073       -0.896195        0.484476
        0.661012        -1.35367        -1.00518
         1.37457        0.408458        0.108488
         2.09242         1.57164        0.575825
       -0.125806        0.987069         2.13825
          1.7876       -0.239904       -0.366804
       0.0502203        0.176929         2.74187
        -1.28625       -0.284992        -1.82193
       -0.298225       -0.332246        0.203306
       -0.808493         1.38407        -1.07161
        -1.38974         1.55747        -1.08413
        -0.52127        0.496222         1.43788
       -0.246284      -0.0362328        0.322365
        0.397022      -0.0857087       -0.682955
        0.417909        0.378556       -0.553997
        -2.04962        -1.89572        -1.40226
        0.610512        0.067509       -0.761676
       -0.779799        0.350697       0.0754686
        -1.82377          0.2647        -2.04556
         1.72521      -0.0490628      -0.0778216
        0.676371        -2.44822        -1.39625
      -0.0184015        0.847016        0.807966
        0.987196       -0.681522        0.115631
        0.831505        -2.07808         2.06233
        0.370135        -2.03091         2.01328
        0.156881         1.13528         1.66829
       -0.748285        0.328121        -1.28953
        0.913763        0.604133        -0.25152
        0.867501       -0.990717        0.136284
         -0.5913        -2.51683       -0.400167
         1.03996         1.57681        -1.18549
        -1.79392       0.0918075        -1.00588
        0.676724          1.2648       -0.639898
      -0.0444182       -0.101152       -0.871536
         1.09323      -0.0922379         0.51975
        -2.48607        0.344147       -0.191435
        0.390336        0.797783       -0.409924
       -0.449231      -0.0990171           1.272
        -0.72282         1.05725         1.99042
        0.786712        0.152755        -2.12943
        -1.02789     -0.00156842        0.486543
         2.18496       -0.212536        -1.29433
        0.442314      -0.0242593         1.44044
        0.815239         0.85238        0.648041
          0.5856         -1.6148         1.06481
       -0.584445      -0.0811671       -0.139541
         1.82811        0.405529        0.447446
       -0.912225        0.465076         0.30576
        0.636663         1.51462       -0.667299
         -1.7534          -0.266        0.639353
       -0.365134          1.0738       -0.944751
         1.34039        -1.53376        0.164234
        -1.48418        0.238978        -1.34464
       -0.346749        0.105027         1.07691
         1.22015       0.0575128        0.922159
       0.0639595        -1.25878        -1.75168
        -1.69475        -1.74702        -1.26546
         0.38445        0.192515         3.29524
        -1.24165        0.169226        0.012656
       -0.674132       0.0907116         1.16941
        0.447771        -0.22343       -0.798619
        -1.28671       -0.805755      -0.0258258
        0.967236         1.75648         1.36211
         2.10477        -1.20227         -1.2719
        0.636855       0.0714388         -1.7104
        0.695048        -1.85189        -1.28974
        -1.13597         1.54179         1.39451
        -1.80448      -0.0306474       -0.464217
       -0.271982       -0.502219       -0.321736
      -0.0429227       -0.916477       -0.890103
        -1.56195         -2.7852       0.0212613
        0.107984        0.668987        0.660778
        0.829022        0.759032        0.860626
