0.186231
0.648393
0.0899326
0.464413
0.0213642
0.327439
0.875098
0.265473
1.41078
0.298263
0.879277
0.0876886
1.40263
1.15838
0.24061
0.128925
1.83261
1.45143
5.22329
1.67817
0.0549627
4.2319
0.289504
0.656872
0.0180205
0.299792
0.146058
1.38139
0.17328
0.510678
0.42042
1.86929
1.92213
0.328427
2.59311
1.52291
1.97437
0.301691
0.0922379
1.21938
1.4273
0.239694
4.868
0.0909209
0.115288
0.582574
0.0504079
2.32664
1.03883
0.061966
0.475173
1.73707
2.22354
0.912317
0.596703
0.444726
0.331077
1.19834
1.03975
0.351494
0.997003
0.524305
2.01941
3.48788
1.95117
0.96271
0.3411
1.08735
0.00860976
0.234129
0.230618
0.734609
0.841008
0.346097
0.186575
0.0169519
1.08639
0.0654232
0.647546
0.494923
0.226929
2.72767
2.59177
0.340768
0.678492
0.414899
0.728633
1.10035
1.19383
0.570506
1.25805
0.0152704
0.589726
0.5238
1.0803
0.12239
0.492372
1.36288
0.792314
0.764943
0.894306
6.02932
0.837361
0.185814
0.370542
2.14302
0.60912
1.0082
0.0514817
0.150184
3.37493
1.66319
0.289848
0.106655
0.371735
0.0716882
2.30982
0.563073
1.965
1.53278
0.863548
0.713976
1.17599
1.173
0.834031
0.981527
2.45496
0.213802
1.48078
1.27172
0.482603
0.268631
0.470185
0.274943
0.202665
3.30741
0.830048
1.15944
0.428121
4.02638
5.76052
6.01582
0.122259
0.148597
0.147735
0.0794044
1.4136
1.09677
0.281881
0.680397
1.81172
0.332005
0.49685
3.75808
0.910988
0.124748
0.520738
0.683017
0.143015
0.988265
0.701963
1.47933
1.31278
0.107456
1.0337
1.19126
0.253144
1.54828
0.16544
0.531653
1.71907
1.67427
0.414037
1.08862
0.618558
0.0791726
1.03514
0.154336
0.774022
0.428529
0.246089
0.000519761
0.541443
0.845132
2.96694
0.0680066
1.03051
0.444702
0.0787444
0.766628
0.597348
0.109511
0.126655
0.945118
0.105561
1.5877
0.742005
0.715939
1.59482
0.475007
4.79905
0.194332
0.318421
0.560684
1.35121
0.518798
0.789433
0.365017
0.166111
1.48118
0.465514
0.564421
0.677185
0.0589467
0.426595
0.806954
0.191241
0.84599
1.96223
2.36948
1.7102
0.374461
1.18011
0.0745759
2.12318
1.22683
0.324718
1.51926
1.38467
0.352263
1.36593
0.131034
0.0210583
0.950912
0.115676
2.47131
0.113439
1.98507
0.274177
0.0111812
0.117352
0.71003
1.15019
1.20508
0.0950589
0.742926
1.66149
0.389307
0.584268
0.578122
2.08253
1.32514
1.04802
0.666059
0.245024
0.0393951
0.346286
0.74835
0.534637
0.598065
2.14451
0.0436035
0.578413
0.482147
0.220678
1.20153
3.11947
1.45447
1.16752
1.45492
0.393838
1.12848
1.78392
0.370182
1.44445
4.34092
1.2046
0.64107
0.951052
1.97255
0.663127
0.853633
1.72498
0.295034
0.196497
2.93956
0.67418
0.980567
0.563953
1.34091
0.689001
2.25327
3.51948
2.00971
0.892121
0.41379
0.839665
0.334786
0.703574
2.49573
2.17972
0.271033
0.411694
0.172033
0.948209
0.439926
1.64607
2.213
2.6065
3.882
2.05286
1.51851
2.00863
1.90317
0.46236
0.193142
1.02861
0.0347978
0.571255
0.509048
0.0971545
0.457563
0.228147
0.401089
1.04839
0.909968
0.0625665
0.452299
0.510881
0.415293
5.86035
0.189506
1.38605
1.12438
1.07814
0.0288134
0.181298
0.37876
1.74949
1.04907
0.687728
0.287285
0.221069
0.0821941
0.0327851
0.415679
2.34074
0.279862
0.130792
1.84774
0.76064
0.659206
1.46137
2.51938
0.140884
0.179214
1.2002
0.226056
1.16657
2.44837
0.501481
2.41802
0.402283
0.0304097
0.182831
0.265446
2.1384
0.216399
0.477529
0.0714674
0.61084
0.175854
0.532766
0.0915193
0.527732
2.47142
2.66254
1.36428
1.72291
2.35149
3.22296
0.95235
1.14397
2.68701
0.568678
0.624696
0.547311
1.25495
0.0349206
0.038281
0.125176
2.90214
3.26486
1.53615
1.67116
2.37263
1.41371
2.10388
0.533588
1.55915
0.500117
2.30724
1.03222
0.160867
0.0383884
1.1787
1.3255
0.544477
0.215494
0.0465056
3.68795
1.86192
0.45935
0.245183
1.68971
2.1974
0.178215
1.1333
1.42336
0.868561
0.162632
2.90338
1.00912
1.94342
0.847241
2.02171
0.749492
1.43664
0.598384
0.0363227
0.435766
0.412185
5.39188
0.155682
0.229511
0.649911
0.149608
1.59232
0.748787
0.726011
2.34089
0.448437
0.272092
0.581694
0.272167
1.23655
0.326829
0.71273
0.821676
1.87171
1.41334
1.05644
0.00540007
0.200032
0.0195498
3.03937
0.185672
0.31817
0.446006
0.126772
1.47475
1.73209
0.968961
0.213748
0.415178
0.349834
0.33632
0.975304
2.05851
0.147439
0.688045
1.48981
2.47682
0.0161118
0.235466
0.113645
0.152221
4.37091
3.20194
1.09045
0.0114021
1.77875
1.27727
1.51524
0.440307
0.200076
0.494966
0.55687
1.10406
0.127161
0.993846
0.659645
1.65717
2.01122
0.417555
0.285605
4.20714
0.867745
1.16802
0.325922
1.2397
0.306007
0.581028
0.335489
1.43246
1.705
0.0495418
0.770519
0.744879
0.738966
0.19753
0.525142
1.42093
5.98156
1.62923
0.0883415
0.76004
0.175409
0.0779243
2.12272
0.706553
0.0457074
0.466815
0.175956
2.21647
1.21575
0.6798
2.61935
0.29095
4.47174
0.0988589
0.128394
0.382956
1.14744
0.651079
0.80862
0.12167
0.805076
0.580723
1.87426
0.114041
0.202356
0.421652
0.267396
1.57579
0.104075
0.76105
2.48834
1.07973
0.80466
0.64272
0.427862
0.325071
0.549199
0.286636
0.653643
2.87813
1.49624
1.65124
0.571374
2.34064
1.45254
0.167046
1.27101
0.465351
0.410878
1.64826
0.559017
1.80083
1.14713
1.21048
0.954449
0.622649
0.153941
0.429146
0.092225
0.84263
0.135108
1.30208
0.634713
0.401378
0.328268
2.83101
1.97487
0.562067
0.352782
0.0889635
0.506811
0.813737
0.0026376
2.69788
0.352232
0.151648
0.457557
0.647981
0.905204
0.395638
0.548694
3.11664
0.0340809
0.856498
0.299863
0.0110089
1.74382
1.64492
2.05383
1.3599
0.178388
0.772839
0.125141
1.60917
0.0349956
1.24168
1.99417
1.09626
0.746945
0.039342
0.026077
0.0504268
0.735444
1.33446
2.84329
1.8725
0.173463
2.57772
2.04411
0.678191
0.557433
0.133459
0.773225
0.788593
1.37736
3.32596
0.0498607
1.49159
1.20537
3.5528
0.247049
1.05806
0.636445
0.696958
2.61062
0.562466
2.36474
0.111377
0.462564
0.841182
0.138891
1.03353
0.999238
0.615399
0.722547
0.443731
0.774143
0.771533
2.05315
0.948949
1.92226
0.22
0.522223
1.92314
0.195199
0.836277
0.210139
0.437622
2.00131
0.139295
0.581973
0.8718
0.857005
0.615486
0.195361
1.55167
3.08399
1.00911
2.80959
3.13573
0.209507
0.223913
0.309769
0.180531
2.04887
0.25487
2.45097
0.37301
0.61615
2.79081
1.8204
2.58204
1.30972
1.5458
1.35968
0.425412
0.790534
0.168674
0.265421
0.158458
0.121778
0.850272
1.96382
0.552547
0.136568
0.274037
1.27713
0.281673
1.83927
0.240806
1.39814
0.351001
1.05192
1.05357
4.63882
2.10418
0.00667033
2.50212
0.403474
0.417705
0.0108458
0.122654
1.02935
0.241034
0.789192
0.182104
0.379147
1.3033
1.30389
2.12871
0.0477029
1.13479
0.808719
1.2918
2.44078
0.0110748
0.214168
3.19327
1.19837
0.0603097
0.126947
0.856049
0.859772
1.01665
0.65369
0.628009
4.56675
0.634358
0.350663
0.657705
0.0708476
0.885892
1.02794
1.26833
2.99751
0.0795777
0.271866
0.429293
0.640241
2.40169
0.195292
0.783111
0.16631
1.16547
0.2982
0.265504
0.144367
0.412018
1.03181
0.555921
0.744166
0.483293
1.75128
3.02588
1.4113
0.385503
0.0865674
0.84587
0.334853
0.173171
0.208053
0.842164
0.120937
1.68405
0.0426122
1.17309
1.12987
0.307784
0.437609
1.31892
4.11589
0.0217362
0.796394
0.639261
0.726576
0.423686
1.57338
1.59014
3.33205
1.83709
0.539782
0.00563777
2.04685
1.62466
0.0841949
5.08505
2.28706
0.336032
1.11751
0.224857
0.596722
2.19754
0.264935
0.721616
0.810593
0.414002
1.66119
0.261335
0.578113
2.71093
0.265119
0.303885
0.143582
1.61343
2.03417
0.420001
1.04451
1.92283
0.94468
0.401753
3.79144
0.790266
0.116044
0.0870497
2.02753
0.928273
0.956939
1.38271
1.10785
0.380902
0.261074
1.8707
0.44197
0.88967
1.20598
2.76286
0.475345
1.06342
1.29094
0.0155185
0.315749
0.220764
1.02961
0.641491
3.5658
2.47614
0.0374489
0.674526
1.34876
0.978762
1.04901
0.311755
0.010776
0.537916
1.07227
0.35231
0.097372
2.08305
0.325943
0.0213243
0.275114
1.23559
0.352036
0.212613
0.595376
0.711573
2.43247
4.03029
1.1021
1.38146
0.891117
1.15786
0.962388
0.0180131
2.18211
0.5466
1.21695
0.275964
1.08749
1.34343
1.71999
0.0172734
0.150233
3.91286
0.208389
2.18942
0.112138
0.731022
0.382555
0.54285
0.660396
0.120798
0.476724
0.49886
0.948163
0.0824707
0.741348
0.969225
0.32902
0.209323
0.233562
0.123193
1.10469
0.865904
0.928787
0.506498
0.454378
0.667599
0.270342
0.0778855
0.283218
1.32609
2.67805
1.06747
0.990887
0.422707
1.8613
0.948634
0.614915
0.911466
0.0448273
0.679159
1.00969
3.16267
0.215941
0.687548
0.866637
0.630171
0.0581644
0.0962388
0.0646096
4.99223
0.65652
0.629439
1.22924
1.30677
0.853072
2.39678
0.90689
0.0772871
2.03461
0.362082
1.15694
1.54928
0.399632
0.3733
0.242719
0.576865
0.427776
0.485517
0.972041
1.98743
1.60457
0.456992
0.706759
0.964803
0.743831
0.453671
0.840081
0.516928
0.036373
1.77468
1.73712
2.00485
0.0642985
0.143683
0.777874
0.12655
2.28945
0.766
1.22051
0.201151
0.140538
0.71642
0.131537
0.252948
1.25498
0.437483
4.75023
0.452094
1.71751
0.313144
0.547594
0.472799
0.242254
1.20021
0.858217
0.212233
3.8828
0.00633243
0.0585375
0.00202723
0.393169
0.103869
0.946414
0.0809572
0.535927
0.183171
0.33392
0.214158
0.0743069
1.7807
0.456589
1.99722
1.47968
0.0342779
0.141883
0.273665
0.650156
1.51568
1.19129
0.236235
1.41292
2.56909
1.28261
3.09655
2.08582
1.327
0.403615
0.0730643
0.978488
0.00402427
0.935038
0.563822
0.798433
0.218883
1.83761
0.113512
0.0885648
0.14339
0.120166
0.986971
0.0658438
0.527729
0.240689
0.843954
2.29408
3.15918
0.265391
0.315114
3.58053
1.63357
0.87665
0.159997
0.77951
0.123742
0.967492
2.78163
2.78834
0.393909
0.764464
0.94766
0.382166
1.95423
1.13362
2.37745
0.705815
0.245312
2.19563
1.10672
0.344023
0.923721
0.992563
0.442912
3.18143
1.35783
1.2202
0.459362
0.300532
0.0692797
1.38237
1.98123
1.65811
0.0274895
0.690613
1.0532
2.01218
0.577859
1.28398
1.28975
0.755109
1.45635
0.574266
0.189635
1.1905
1.51882
0.315873
1.19774
0.0977478
2.06259
0.517519
0.486627
2.48597
0.409467
1.65293
1.99825
1.95861
0.335897
0.599248
0.0561377
1.12874
1.32033
5.8334
0.0544531
0.199162
0.181884
0.178417
1.96558
0.0444857
0.239391
0.743476
0.0610484
2.47185
0.611493
3.56108
0.756582
1.63528
2.70748
0.536255
0.141314
1.46372
0.489924
0.390892
0.0862181
2.27288
0.178948
0.773957
1.25521
0.0708884
2.54037
0.00636443
0.15092
0.994606
1.38463
1.68622
0.304253
0.219092
0.455961
1.12992
0.0721112
0.24678
0.902862
1.92719
0.0834819
0.58109
0.475695
2.24299
1.18647
0.481897
0.115501
0.66875
0.954162
0.754014
0.624834
0.920373
1.30092
0.00640342
0.830908
1.3585
0.456335
0.786342
1.29555
0.127456
1.28859
4.40578
0.121952
0.549753
1.16282
0.29629
0.0738968
0.254127
0.43984
0.658455
2.0645
0.546096
0.132739
0.284244
0.500387
2.19018
0.095466
1.5412
1.99403
0.459736
1.07393
0.53437
0.390921
1.04933
4.80699
0.0454444
2.70707
0.090505
0.252867
0.984584
0.0550815
0.586605
0.288204
2.14863
1.41459
0.978456
0.233295
0.57035
0.640299
5.88366
0.403368
2.11645
3.33675
0.572676
0.343059
1.44036
0.459807
1.00701
0.145961
0.849898
0.0928136
0.566367
2.41869
0.750348
1.62981
0.669096
0.596746
0.543672
0.800674
0.318061
3.11054
0.0367791
2.78754
1.23428
0.154019
1.36344
0.231283
0.411822
1.60564
2.2654
0.745788
0.392146
0.0390464
0.382686
0.106116
0.39918
1.42314
3.31182
0.117959
1.81826
0.209538
1.29013
0.0297844
0.471924
0.223924
0.9023
0.784849
0.929334
0.526852
0.140053
0.280144
2.54085
0.0734682
0.165521
1.73514
0.439867
0.397797
0.629425
0.239283
0.633897
0.599547
0.403318
0.763775
0.0149286
3.36873
0.469373
1.25393
0.785984
2.0513
0.524975
0.142385
0.240307
2.22626
0.744992
1.39213
2.14258
0.875774
0.0280299
0.255354
0.763576
0.478297
0.162169
1.36228
0.0378883
1.38454
0.819729
0.929859
0.993936
1.02022
1.35551
0.366425
0.127421
0.907579
0.542354
0.370744
2.41201
0.235822
0.000664472
0.733299
0.5532
3.36892
0.0527247
0.258426
0.581638
2.18478
0.0838801
0.0512584
0.127568
0.512173
0.752629
2.2351
0.142238
0.180297
0.221889
1.33431
0.0627201
2.70447
2.01417
7.26162
0.146236
0.107218
0.745945
0.368597
0.132101
0.049546
0.360433
2.28863
1.04988
1.43654
0.133638
1.53745
0.202727
3.51701
1.72921
2.08856
0.0737812
2.55186
0.677882
1.63325
0.0792598
0.42153
0.23147
0.416349
0.867469
0.899661
2.65913
0.95084
0.706487
1.11621
1.63142
0.256995
1.93265
0.106966
1.08188
1.51018
2.68593
0.582751
0.112387
2.10764
1.03539
2.62828
0.170136
1.6417
3.17665
1.41557
4.22492
0.624014
0.509704
0.403902
1.1349
1.51827
1.31887
0.74809
0.248854
0.841496
0.0850393
2.14229
0.691321
2.44272
0.20762
1.32462
0.896535
0.0212441
0.970494
0.578317
1.04435
0.546981
1.72911
0.205586
0.61321
0.257951
0.306908
2.13496
0.483261
0.846807
3.09743
0.287994
0.309153
0.39536
0.353315
2.44136
1.84117
2.08052
0.0711745
0.834385
2.93798
0.377643
0.335778
1.00533
0.781316
0.614956
0.0247058
0.622186
0.865461
3.11094
0.0597695
0.306138
0.823757
0.545789
0.603984
2.57532
0.0488105
1.43344
0.264487
0.438938
0.318341
0.96942
1.1216
0.347038
1.41291
0.937047
0.00816073
0.184383
0.878443
1.64245
2.37395
1.10618
1.11489
1.04267
0.526239
0.617426
0.793512
0.218387
0.584429
2.35902
0.175056
0.0937175
3.908
2.20953
0.12293
1.32991
1.37344
0.691856
0.222994
0.155569
0.269732
0.60759
1.10205
0.111565
0.257361
0.321882
0.897544
2.93856
2.27484
2.92837
1.13664
0.291933
0.893966
1.31545
1.62225
1.02324
0.0832835
0.285415
0.989096
1.25943
0.43576
0.20579
3.35113
2.76208
0.287853
0.694395
2.13926
0.402326
0.119172
0.564621
0.651175
0.623667
1.36704
0.960023
2.14904
0.038889
1.31847
0.720659
0.513576
3.7541
0.18737
0.608521
0.648319
0.569729
0.696028
0.578304
0.928518
0.114487
2.13356
0.0509044
1.16913
0.663684
1.27806
0.158335
0.380398
1.40015
0.107678
1.29739
1.05157
0.445453
0.00487919
2.2779
0.36922
0.486806
0.0395397
1.16894
1.20309
1.34461
1.63711
0.502311
0.752656
1.04678
0.800817
1.09398
3.65727
0.147496
0.521623
0.478278
0.625829
0.53742
0.957687
0.943599
8.52559
1.43298
1.27234
0.27427
3.50639
0.157158
2.53858
0.12413
2.82775
0.332656
1.70504
0.253369
0.979134
2.01652
0.59702
0.165082
0.294726
0.656156
0.136044
0.319785
0.0328993
0.475323
2.43702
0.0897836
0.735323
0.209984
1.04624
0.180466
1.11983
0.44545
0.321333
0.756656
0.170151
0.238022
0.631783
1.15014
0.128224
6.13007
0.666677
0.661177
1.0897
2.91656
0.122631
2.15227
0.775006
0.600625
1.67869
0.632004
1.81745
0.391868
0.109019
0.138295
0.605684
0.00464983
2.1322
2.77701
0.198943
0.473634
0.18464
0.806996
1.31672
0.123599
1.27092
0.055366
0.598563
0.249968
0.446057
2.02975
1.15155
1.28485
1.12822
0.14836
2.6438
0.889133
0.216013
0.00412778
0.0423252
0.135922
0.14196
0.837297
0.850251
0.16359
0.934667
3.87674
0.453802
0.861647
0.500216
1.19334
1.34313
1.65186
0.450327
0.892322
0.203764
0.306752
0.0792104
0.682495
0.99499
2.28632
3.56129
0.0303713
1.9261
1.78028
0.995584
0.000585535
0.0024201
1.66403
4.54915
0.476233
1.23962
1.41219
0.594526
0.61568
0.0131389
2.24189
1.66181
0.0546379
1.13678
3.23547
0.242306
0.0264944
0.445651
1.27287
1.50671
1.37009
3.57126
2.06274
1.82698
0.350923
0.0665712
1.50163
0.827438
0.186906
2.68535
1.70346
0.472941
0.9217
0.530317
0.639935
0.37091
4.73407
0.614617
0.0813958
2.61302
4.59751
0.977192
3.19173
0.100923
1.2766
1.38086
0.29614
0.550257
0.0944197
2.18804
1.32162
1.03674
0.0724704
0.371859
1.09316
1.15597
1.27169
0.358468
0.239443
0.172197
0.28276
0.554178
0.469713
2.49615
3.26664
0.222032
0.802839
0.532454
0.0438961
0.353233
0.32597
0.166184
1.25704
0.18239
1.86594
0.0650131
0.200755
0.254494
0.0517101
1.88021
0.288418
1.63372
0.802794
0.276482
0.427619
0.0969878
0.282809
0.000268992
0.186399
0.0287623
0.641506
0.244693
0.936045
0.560523
2.52683
1.49844
0.432271
0.393526
2.76281
2.44333
0.677377
0.129626
0.139912
1.01716
2.56886
4.20351
3.18457
0.944184
2.40082
1.19249
0.649345
0.641059
0.158347
1.76219
0.11258
0.100617
0.312581
1.66325
0.526264
0.122502
0.163072
0.561514
0.748224
2.19735
1.20226
0.315675
0.59491
0.00714797
2.78903
0.247035
0.185817
0.0293307
0.102951
0.742159
1.23673
0.768649
1.50208
0.202589
0.971027
0.122262
1.93056
0.107874
0.113245
1.63618
0.16959
0.178243
0.155707
0.0266402
0.908146
0.00669929
0.698407
0.293832
1.91198
2.83604
0.739678
1.92769
0.0171987
0.571347
1.20944
1.08436
0.385673
0.646159
0.142762
0.177993
3.6481
0.992429
1.11477
0.848672
0.912846
1.23273
0.324508
1.15286
0.52644
2.44571
1.04449
0.213179
0.276648
0.510188
0.306413
0.0157383
0.441516
0.279302
2.08288
0.215948
0.472686
0.520972
3.53529
1.39912
0.389724
1.43045
1.07898
1.28145
2.64199
1.23011
1.15167
1.71826
1.048
3.05317
0.115034
0.199057
0.327585
0.397043
2.22036
0.707172
0.129379
0.0971215
0.6474
0.118107
0.196199
0.0613247
0.504827
2.53088
0.0220504
0.916023
0.491855
0.998473
0.891826
0.982365
0.949726
0.217944
0.125879
2.3896
0.436247
0.673855
0.400931
0.769241
0.2617
1.98188
1.01295
0.330363
3.44006
1.94616
1.764
0.704474
0.791394
0.331272
0.19253
1.74535
3.97486
0.540453
0.17774
1.57137
1.30868
0.0182309
1.23867
1.16439
6.07059
0.30903
0.944611
0.373851
4.8669
0.452644
0.470812
0.110626
5.00122
0.578717
0.509524
1.34931
0.294436
0.0977791
0.712588
0.865689
0.0495425
1.26813
0.0531437
0.198084
0.2662
1.33035
0.97923
0.0252636
1.31115
0.793663
1.65779
0.246239
0.0842858
0.492511
0.498642
0.218667
0.522325
0.890621
2.68069
0.574313
1.25562
0.217105
0.744699
0.173568
0.551131
0.752034
0.476777
0.78973
1.53485
0.209423
0.664632
2.48497
0.825228
0.321007
0.449113
0.568746
1.81316
0.254264
0.486498
0.941521
0.615775
1.17646
0.742744
0.546534
1.2401
0.144354
0.110068
3.11731
1.56743
0.495985
0.184813
3.91878
0.529817
0.166102
1.21407
1.40239
2.25232
3.71583
1.74723
0.0718017
1.62009
3.12915
0.732327
0.547841
0.311478
0.528742
1.28901
0.072984
0.380484
0.552822
4.28596
0.813673
2.10991
2.51957
0.30786
0.0918534
0.883467
0.56448
0.181404
0.747404
0.89659
3.42095
0.602946
0.0783915
0.490473
0.879756
0.293661
0.00639856
0.168234
0.677442
0.5647
2.36724
0.935881
2.6597
2.32233
0.296132
0.193321
0.87291
1.3294
0.0849476
0.0889696
0.112331
0.0798811
1.2884
0.355434
0.319426
1.14959
0.354194
0.0934754
0.547834
0.533013
0.373385
0.476027
0.0501349
0.588003
0.81094
3.79467
1.0939
0.685607
0.3666
1.98694
3.85368
1.32663
2.04588
0.130379
0.366243
0.461217
0.952825
1.72424
0.247558
1.77459
0.0173724
0.867177
5.17097
1.18019
0.602626
0.0863748
1.70428
1.04595
3.28405
0.179078
2.80119
0.566892
0.214056
1.53858
0.570289
4.39127
2.26189
0.880266
2.54751
1.33272
0.560422
0.389219
1.14847
1.23836
2.12845
0.147448
0.239353
1.26394
1.3663
0.117148
0.418182
0.991458
0.292962
0.0299889
1.25743
0.329304
2.73491
2.40706
1.05841
0.170435
2.37005
2.51329
0.0731466
1.64451
1.1662
0.721383
0.412446
0.498776
0.810982
0.556679
0.436196
0.801748
2.44084
0.764986
1.68818
0.279094
5.273
0.712804
0.371944
2.58832
6.14582
1.31746
0.488415
0.526621
0.174016
0.540541
1.77889
0.650858
0.452033
2.02589
2.16742
0.965078
0.932795
1.10252
0.806599
0.455627
1.01485
0.528003
0.586934
0.43874
1.26709
3.3413
0.138456
0.390304
1.28245
0.849745
0.990798
0.668851
0.899983
0.362219
1.33946
1.53753
2.23308
0.158139
0.280041
1.26649
0.173037
1.02136
3.09948
1.0665
1.88268
0.447853
0.832488
0.769182
0.848504
0.541279
0.0116461
0.594415
0.518449
0.938092
1.13118
0.702656
0.563242
0.0389541
2.07836
0.030729
0.194583
0.320889
3.18231
0.10813
1.24739
2.08168
0.487951
0.0460847
0.238533
0.148217
0.71143
0.117852
1.18728
1.95464
3.1757
0.236656
0.113058
1.81811
0.862106
0.811003
0.472117
1.62529
0.0224829
0.183292
0.940158
1.37821
1.14381
0.88873
0.149487
1.17345
0.78832
0.357354
0.165589
0.300559
0.250568
0.473256
0.743309
2.33163
0.716647
0.0531967
0.124868
2.85956
2.76076
0.0284206
0.0962088
0.050689
0.301573
0.980047
2.74685
0.419051
0.698377
2.36699
0.411207
0.622
0.0242158
1.17013
0.478559
0.297657
0.00790794
0.339711
0.980314
1.17029
2.15347
1.26978
0.828227
0.303366
2.11045
0.267824
3.33972
0.454178
1.15683
2.3787
0.339719
2.88918
0.123037
1.60592
0.375613
1.37795
0.229166
0.322173
0.587875
2.15607
0.559115
0.254182
1.85702
2.02007
0.0588287
0.724477
0.139147
1.24776
0.0179917
1.09283
0.415016
1.36301
0.626812
0.503898
0.115039
1.53587
0.441028
0.130571
0.71465
0.618769
0.0809752
0.140172
0.0891938
2.80765
0.428193
1.54381
0.971002
4.30327
0.737702
0.00754174
0.072549
0.988463
1.31215
1.41129
0.406954
0.877687
0.418609
1.47758
1.93169
0.305449
0.679908
0.280377
0.146534
0.537597
0.398316
1.55675
0.357406
0.0815368
0.563481
1.50875
0.113943
0.653471
0.0810296
1.76524
1.34094
3.71987
1.35723
1.06281
0.142881
0.562358
2.09067
0.617844
0.451073
2.33886
1.67194
2.89348
2.52309
5.51647
1.17784
0.71632
3.22635
0.136505
3.22393
1.31009
0.510942
1.29939
0.209516
1.55549
1.4239
0.567627
0.0728703
2.21232
0.277349
0.937707
0.289087
0.467915
0.80782
1.41607
0.725929
1.50436
0.322141
1.22462
0.698868
0.170857
0.792902
0.0391563
1.61043
0.511331
1.07372
0.613107
1.44084
0.0196173
0.926207
0.177215
1.27868
0.42929
0.862902
0.623186
0.280598
0.0577817
1.54017
1.5957
1.35696
0.987178
0.180084
1.18422
0.997509
0.888798
0.163389
0.97748
0.71232
1.50648
0.148597
2.64715
2.58588
0.42023
1.91696
0.00732443
0.234648
0.292887
0.646908
2.36541
0.150631
0.136998
0.840745
0.690724
0.922851
1.78543
0.112935
0.187939
0.825798
0.971008
0.230196
1.24554
0.197848
0.0636215
0.302746
2.88165
0.428908
0.585009
1.25225
0.101795
2.42751
0.218957
1.29587
0.547926
1.43019
0.900454
0.971696
2.34943
0.823204
2.22426
1.34484
2.33892
0.294757
0.775121
1.06267
0.288414
0.520525
0.0283565
1.34046
1.8976
0.0524962
1.34671
0.669501
0.843814
0.927524
0.63565
0.848199
0.856202
0.904633
0.288912
0.326497
6.61622
0.218358
0.351524
0.117458
0.996173
0.960629
0.18673
0.20772
0.268861
3.44138
0.0778725
0.635688
0.151473
0.162309
0.169208
0.906952
0.345645
0.0807025
0.1581
0.307346
0.419318
0.0249847
0.00619094
0.146688
0.210062
0.545033
0.734584
0.615248
0.523676
2.57147
0.484181
0.0304244
0.151125
0.310943
0.000738034
0.647093
0.270671
0.0684572
0.150419
0.756418
0.0300989
1.1275
0.578712
0.244541
0.467674
0.0655885
0.540622
0.700338
0.113849
0.880684
1.01512
1.02422
0.540292
0.422693
1.28874
0.436906
1.2531
0.442565
0.408214
0.555136
0.515649
2.15243
0.664189
1.00307
0.866958
1.70667
3.27551
0.0720765
0.623506
1.23146
0.284926
1.21286
1.4734
0.842925
0.479938
0.836345
1.67248
2.00479
1.05044
1.74202
1.23234
0.707117
1.21783
0.706947
0.796262
0.167518
0.772444
4.00596
1.77391
0.0897126
0.591725
0.0798655
0.160779
5.45567
0.219463
0.873903
0.60076
2.31665
1.4483
0.0445851
0.860667
0.390541
0.808775
0.0280457
0.165397
1.0092
0.389796
0.373562
3.02347
0.383329
0.539053
1.79772
0.976452
0.397361
0.585088
0.112439
0.496217
0.216855
0.381651
1.24117
0.36091
0.33209
0.98716
0.266615
0.339204
0.0583717
0.496195
0.857835
0.455104
1.22003
0.301775
0.22725
0.874499
0.112769
1.73211
0.0786013
1.0471
0.495653
0.45103
0.301909
1.88385
0.199632
2.12127
1.03007
3.16315
0.60424
0.976243
0.931415
2.94651
1.24167
0.360792
0.838519
1.80852
0.18178
0.934565
0.221432
2.24172
1.53998
2.41741
2.42362
0.472663
0.789287
0.0355869
1.04102
0.128139
4.57577
1.10744
0.52635
2.41041
0.313437
0.370224
1.20221
1.85675
0.154549
0.189733
1.31919
0.739783
2.64488
0.100666
1.67016
0.572718
2.79872
0.71292
1.11468
0.288134
0.669611
1.1155
0.174334
1.56327
1.62381
1.70801
2.39866
0.743241
0.0742214
0.0108416
0.367427
0.794967
0.0495211
0.634143
0.110581
3.6552
3.45665
0.0983885
0.695798
1.32069
0.916888
1.48579
0.0133502
0.0367255
2.0542
1.80049
0.334347
1.89595
0.20241
0.489574
0.314843
4.0068
4.28404
0.158122
1.40519
1.70298
2.92135
0.166273
0.438709
2.87605
1.11236
0.198459
0.497688
0.261336
5.56498
0.0225457
0.0462322
0.358949
1.4314
0.843753
2.15176
0.470772
0.302417
2.2366
0.517885
0.496733
0.953621
0.950757
1.90989
0.239034
0.648394
1.33366
0.0406299
2.31647
0.35626
1.4088
1.4847
0.0429151
2.55524
0.213075
3.46868
0.786389
0.105417
0.636549
1.27141
0.00939172
1.44537
3.59952
4.46377
0.994944
1.43751
1.18854
1.68739
1.40615
0.89841
2.01223
2.79088
0.000112093
0.819637
0.374057
0.741866
0.754346
1.7793
2.19086
1.10761
0.605331
0.421995
2.08991
0.0166209
2.43093
0.349754
0.253759
2.24969
0.305908
0.376057
1.37518
3.14762
2.17357
0.182425
4.7772
0.52359
1.04804
0.178149
0.0991025
0.0713907
0.659471
0.107892
0.80573
0.496293
0.224456
1.35468
1.9506
1.6063
0.569635
0.0687575
0.144994
1.24239
0.126711
0.160722
1.09241
0.353063
0.448012
1.65462
1.7719
0.24325
2.15971
0.71821
2.82072
1.40412
2.1598
1.05436
1.25022
0.110981
0.68252
0.544603
0.00497917
2.62606
1.37692
0.601282
1.37767
0.561439
1.3576
0.11443
1.60619
0.474592
0.753196
0.265564
0.551447
1.22271
0.209702
0.163878
0.0721036
0.905525
1.91787
0.0489961
1.10276
0.680991
0.563032
0.510398
0.37786
1.50319
0.124692
0.149219
0.566292
0.917172
0.0656353
0.525497
0.93715
0.76224
1.23312
0.531881
0.901355
0.341252
0.407141
0.693702
0.718738
0.308415
0.550835
0.95993
0.364835
0.871504
2.05676
3.20858
1.30625
0.441245
0.469445
0.565932
1.47157
0.397866
0.132898
1.04276
1.99811
1.02165
0.0457844
2.8561
0.808573
0.344278
0.16333
0.773414
1.34928
2.19117
0.409401
1.05529
0.00976552
3.53652
0.312423
0.438729
0.0410416
0.32972
0.626189
0.400103
0.153447
0.400646
1.23994
0.840902
1.38144
2.84668
0.466138
0.796629
0.42457
2.85658
2.55454
0.855544
1.86505
1.31947
2.67451
1.52325
1.66271
0.491346
0.517511
1.74831
4.47151
0.698167
1.18925
0.445196
0.126901
3.31089
0.118146
0.119228
0.828271
3.22492
0.184952
0.666309
0.847902
2.97238
0.390811
0.0419624
0.45049
0.255683
1.01157
1.71822
0.0952757
1.5718
0.953996
0.0383612
0.573793
3.05441
0.67978
2.08008
0.252821
0.973303
0.106074
2.66683
0.1828
1.17672
1.13738
1.22298
1.17881
0.669702
0.631741
0.406776
0.705364
1.95968
0.411399
3.46565
0.263057
1.0873
0.629739
1.04497
0.650599
0.417379
0.134806
0.705918
0.00770775
0.219463
0.694046
0.749899
0.775068
0.401075
1.37553
0.127932
1.81301
1.29538
1.36117
0.164541
0.198063
0.737415
0.199526
0.15084
0.898105
0.310462
1.68155
0.767403
0.320609
0.292814
2.13061
1.48775
1.34088
0.540585
0.540577
0.639693
0.108837
0.857942
1.37016
0.0443428
1.31471
5.33144
0.989471
0.661999
1.21483
0.806677
0.049883
0.450538
0.221312
1.17174
0.651334
0.487769
0.304249
0.514447
1.25969
0.737789
0.264382
1.68663
0.505028
1.2975
0.980078
0.276029
0.403625
3.00476
2.64215
1.03581
1.1125
0.634531
1.06396
0.533625
0.0643859
1.27728
0.452891
0.2521
0.944263
1.69329
0.210417
0.49914
0.398486
1.38227
0.924665
1.55593
0.402111
0.0464965
0.940208
0.399402
0.673986
0.0933095
0.0362143
0.294948
0.23745
1.08981
1.10515
0.269545
0.0521867
0.12467
0.435928
0.362587
3.45949
5.06231
0.167303
1.29279
3.45131
1.18086
1.69847
1.69288
0.00930958
1.0054
0.181925
0.023072
0.746196
0.179348
0.0981044
0.48521
0.305961
2.76313
0.483201
1.49487
2.38847
0.304471
2.404
1.07623
0.0453928
1.67798
0.710955
2.03139
0.141701
0.849329
0.0325292
0.215421
1.0099
1.51437
0.355571
0.117822
0.345617
0.389501
1.07859
0.409407
0.335099
0.216847
0.0345468
0.277951
0.239127
1.41731
0.244012
0.693323
0.0551754
0.108114
0.111187
0.261321
0.759835
0.336171
1.28602
2.36242
0.882369
0.0268171
0.706011
0.326226
0.00370283
4.18798
0.627339
0.77677
0.285088
0.499298
0.554551
0.487162
0.434861
2.02306
0.653087
1.26657
0.392874
0.0576197
2.18359
0.906096
0.540973
0.806412
0.780043
0.186453
4.8208
0.968989
0.564789
0.483946
0.661645
1.20528
1.58512
0.0730071
0.958669
2.57759
0.203907
1.64579
1.27733
1.12047
2.38062
1.94082
0.948925
0.141008
0.425149
0.2442
0.612459
0.690909
1.36589
0.0460022
0.770822
0.581439
0.114465
0.489986
1.03087
0.159793
2.70159
0.823484
0.511312
0.458821
0.370843
3.42544
0.345064
1.07932
0.48522
0.40346
0.299989
4.88334
1.43407
0.096705
3.17588
0.64093
2.18447
0.0802286
0.0759734
0.505459
0.0788004
2.40367
0.433308
1.06175
0.198744
0.416942
0.723321
1.69431
0.0950632
0.914629
0.0805477
0.673435
0.870488
2.02231
3.53101
1.35968
0.734276
0.26846
0.202934
0.0795677
0.219835
0.521503
0.365809
0.495696
0.385095
0.810273
1.17634
0.200671
0.000907254
3.34528
0.141054
0.736207
0.574429
0.417041
0.922479
1.3103
1.04111
0.498647
0.315074
1.13667
0.106185
1.22386
0.00253289
1.40022
1.5779
3.97132
2.58069
0.431481
0.910478
0.102856
1.74365
0.924869
2.25078
0.69725
0.95392
0.633688
0.923923
0.344789
0.87241
0.917794
3.00186
1.56439
0.501311
0.0588477
0.800352
0.0413782
2.82221
0.115712
0.758936
0.894238
0.0430837
0.810507
0.310733
0.487484
0.508677
0.339786
0.776695
2.69045
4.64138
1.03334
0.149596
2.32088
0.698852
0.611171
0.942742
1.60779
0.845829
6.11076
0.602754
0.441581
0.051666
0.168122
1.87491
0.341717
1.80568
0.752084
0.233917
0.547219
0.772493
0.736673
1.03378
1.59892
1.11063
0.234839
1.22344
0.143596
1.35515
1.08436
1.42334
0.112164
0.231104
0.766841
0.674471
1.98074
1.39958
0.0750713
0.649029
0.606798
0.985098
0.111526
2.04871
0.603279
0.0496657
0.107851
1.46215
2.16575
0.482808
1.02539
0.135756
0.173622
0.26956
1.35954
0.970066
0.267803
0.783896
0.0659921
1.50199
1.46962
6.88072
1.54677
0.544831
0.264712
0.771207
3.19004
1.71935
0.148232
0.574075
0.897276
0.175368
0.133227
2.36802
2.69587
1.27681
0.0112595
0.746918
0.39778
0.862007
0.215999
1.72305
3.11786
0.0901413
1.27187
1.25974
1.00312
1.81805
0.506486
0.118818
1.78354
0.647326
1.88747
1.68772
0.142001
0.421668
0.160011
0.381892
0.510036
0.853308
0.820708
0.296702
0.220904
0.509924
0.017344
2.14354
4.69278
0.0588104
1.12522
0.899259
1.29164
5.53083
1.59781
0.0200992
0.0202552
3.01409
0.0336716
0.959109
0.696279
1.77338
4.61481
3.8649
0.444237
3.11326
3.31938
2.30302
0.0216443
1.52422
0.402114
0.70967
0.482553
0.367771
0.00567048
1.28912
0.316836
0.809356
0.62469
0.132512
0.271161
0.0938299
0.2015
0.471511
0.173747
2.73986
0.342961
0.646283
3.33654
0.852392
0.385576
0.906545
1.69617
0.251315
2.18517
0.808777
1.12238
0.197285
3.11381
0.935222
0.0169464
1.39438
0.240417
1.52152
2.56695
2.44101
0.548505
0.841987
0.500911
0.184355
0.0202158
0.117968
1.95234
1.52135
1.026
0.845861
0.0235605
0.093287
0.920579
0.201824
0.812358
0.870367
0.0646966
0.415264
0.284658
0.17527
0.124625
0.33417
0.30014
1.24808
0.0124117
1.23821
0.494959
0.14078
0.304333
0.545207
2.73997
0.244232
0.689541
0.898772
0.201843
0.746076
0.0807515
0.133936
1.43185
0.0822572
0.237876
1.17564
0.466399
1.51093
0.892818
1.68517
1.25777
0.0452594
0.135691
0.721269
0.0443319
0.301571
2.01114
0.589879
0.728638
1.03695
1.11898
0.462215
1.13744
0.713807
1.8049
0.0397921
0.930116
3.43993
4.15167
3.56668
3.26447
0.261326
0.0158632
0.229971
1.53236
1.48164
0.196086
0.0119651
1.05588
0.0653727
2.43943
0.266659
0.680333
0.0294344
0.0314659
1.08621
1.3682
0.0557082
0.716712
0.730146
0.623221
1.02489
1.30573
0.364225
0.397714
1.61321
1.67614
0.135529
1.28557
0.230468
1.08335
0.00112401
0.313451
1.51982
1.99738
0.194547
0.93873
5.21625
0.555828
0.230303
0.00371862
0.101644
0.178642
0.384018
0.709895
0.0328309
0.452243
0.0535509
0.273826
3.07026
1.12188
0.127572
0.969043
0.136717
0.0195382
0.162359
0.538761
0.927233
7.05794
0.525293
3.76904
0.0112376
3.19089
0.33883
0.223126
0.18099
0.682838
1.3833
0.495215
0.423199
0.379939
1.13654
0.178957
1.40595
0.345075
0.115524
1.86748
0.355566
0.432573
0.616357
0.152121
1.25537
0.350461
0.725994
0.133729
0.956758
0.140948
0.0113274
0.641458
0.411272
0.356973
0.028813
0.229295
1.02268
0.246314
0.484967
0.882448
0.59872
0.406924
1.15843
0.0992619
1.0633
3.02677
0.916958
2.89586
0.718379
0.340715
0.321266
0.540154
0.0239277
0.845275
2.39469
0.728941
0.536224
1.34005
1.20282
0.0503303
0.16396
5.32541
0.25056
0.473189
0.120232
1.11986
0.801312
0.950834
0.0433456
0.9397
2.0771
0.0110959
0.492812
0.922743
0.043691
0.789989
0.474463
1.91033
0.978167
0.359915
0.867577
0.162188
2.34141
1.53049
0.564749
1.68422
0.423635
2.9251
2.70303
2.40478
0.0391979
2.62364
2.30473
0.472948
0.335539
0.415344
0.486808
1.91212
1.54553
3.04215
1.42136
1.17342
2.28249
1.07916
0.0320495
0.0756547
0.647988
0.212194
0.965281
0.0200699
0.372762
4.57752
0.355405
0.116129
0.942198
0.567424
1.37408
0.107259
0.309554
2.39462
2.84015
0.528703
0.68531
0.692885
2.02339
0.317879
0.0200631
3.99151
0.421411
1.83716
0.566431
1.05157
0.229487
0.973489
0.130359
0.00869378
0.422408
0.44003
0.987426
0.836121
1.57722
0.523584
0.279594
1.59725
1.58369
0.164354
3.28797
0.747128
0.0420937
1.82083
0.339061
0.734462
0.519534
1.21971
0.547025
1.08431
1.38002
0.219998
2.26765
0.664469
0.0758556
0.206535
0.770334
2.48502
0.412535
0.0236483
0.177019
0.421846
1.82375
1.23049
0.832318
0.659311
2.49804
1.5262
1.80753
0.476301
2.17301
1.55536
0.265562
0.104528
3.33965
0.132942
1.08015
0.905684
0.882178
0.375888
2.39074
0.987614
2.40557
0.474609
0.844382
1.85141
0.626859
0.0240473
1.53849
1.5894
1.21107
0.656256
0.584345
0.133906
0.226987
0.447065
0.373629
2.4831
0.768707
4.72613
1.82181
1.0827
0.293937
0.128965
0.628492
1.30064
0.447151
0.240635
1.31602
0.0533027
0.817437
0.033957
1.30004
0.360927
0.711851
1.81053
0.94109
0.201808
2.25716
2.20653
0.919166
0.21236
1.9749
1.22654
0.70472
0.194504
2.97872
0.472397
0.56698
0.954271
0.327106
0.967635
0.77685
1.858
2.04116
0.177036
2.03713
1.05663
1.4426
0.124306
0.431267
1.03468
0.261225
0.196347
1.74426
2.04541
1.35988
0.477707
0.546525
0.205979
1.03831
0.381763
0.0761948
1.85775
0.238632
0.414318
1.45425
1.27188
0.0623007
0.0271876
1.19163
0.52816
0.0525889
0.0591492
1.09485
3.9907
1.12268
0.587883
0.735746
0.455642
1.51158
0.43942
0.24583
0.0438045
2.05142
1.84834
0.504586
0.879258
0.260789
0.659695
0.455079
0.888597
0.105324
0.219476
1.20387
0.32186
0.200849
0.510258
1.23774
0.272675
1.05384
1.17823
1.63642
0.282512
1.95424
3.03026
3.32567
0.16597
0.742719
2.2347
0.512428
1.07821
0.426648
2.00786
0.206465
0.271721
0.168086
0.210419
0.742969
1.50507
0.73771
0.0753496
0.0783907
1.45973
1.15169
2.48272
3.07053
1.16857
1.63955
0.497514
0.770097
0.203345
1.00512
0.339281
0.222185
2.44753
0.303059
0.071112
0.691511
0.244994
0.49184
3.71579
1.35817
0.142048
2.17704
0.048644
0.692918
0.341674
1.19465
1.44534
0.501041
0.0806998
1.41763
0.233503
3.27418
0.535888
0.847901
0.315376
1.09982
1.81238
1.17504
0.0544343
0.291971
0.714252
0.496675
0.237294
2.59671
0.691386
0.628925
0.7928
0.992212
0.168176
1.65036
0.134768
1.21263
0.172773
0.39331
3.34186
3.96149
0.521635
0.122465
1.74907
0.0761591
1.79897
0.578937
1.08707
2.55488
0.351154
0.157815
0.157719
0.273402
1.83183
0.447965
1.38997
0.228099
0.0528733
0.616888
1.68634
0.872092
0.784774
0.049025
0.809121
1.15703
5.11308
0.939601
0.578942
0.431112
0.385386
0.0107211
1.17807
0.179901
0.454389
0.879723
1.23314
2.0026
1.43787
0.42655
0.511877
0.270728
0.101594
0.244915
3.88818
1.08207
3.79408
4.07785
0.759542
0.0564566
1.30895
0.249146
0.510454
0.399426
2.42975
0.356233
0.411823
0.423563
0.392848
2.09997
1.02906
3.97885
0.348959
0.703008
1.67207
0.470958
0.303904
2.42252
0.2248
0.261602
1.55007
0.879663
3.09286
1.1043
0.433289
0.000444582
4.54398
0.450269
0.565296
0.65289
1.69457
0.245153
0.92603
0.897355
1.32932
3.65112
0.46565
0.257599
1.12124
1.20197
0.507495
0.208478
0.410634
1.3801
0.237207
0.302389
0.0603154
1.39245
0.924652
0.109108
3.08622
0.329681
0.116326
1.42823
1.2089
1.38422
0.623287
1.89708
0.198023
2.11068
5.48479
0.0211187
1.34842
1.27151
1.38416
1.35615
0.105834
0.129469
2.19888
0.179949
1.28595
0.0164984
1.65783
0.0994416
0.721879
0.950233
0.616533
0.202017
0.116246
0.238016
1.30939
0.616171
2.37818
1.85344
0.642162
0.349562
0.0360748
0.315241
1.64025
1.39446
0.126612
0.412463
1.35428
2.32846
0.162795
0.738969
3.84819
1.59115
1.89083
0.509284
0.979903
0.0307148
0.320281
0.224215
1.47733
2.08117
0.428015
0.964977
3.45688
0.0711891
0.75537
0.464057
0.865709
0.175755
1.35256
0.0962137
1.05931
2.04827
0.580788
3.2337
2.41247
0.855267
0.676958
1.4611
1.05164
1.62603
0.276794
0.330205
0.500315
0.821645
0.691497
1.38863
1.05745
0.236677
0.492316
2.95444
3.53337
0.770127
0.296673
0.658453
2.71712
2.7412
1.96538
0.509938
1.52016
0.459073
0.438658
1.39478
0.155164
0.00719464
0.618543
0.454181
1.3582
0.0799883
0.552087
0.254696
0.225339
0.557823
1.89443
0.804682
1.49942
0.286968
0.422954
1.60808
0.48179
0.0847284
0.60022
0.897094
0.0086263
0.0815303
0.272935
0.70749
0.0215116
0.258842
1.91729
1.74377
0.0973386
1.77788
0.450542
2.09129
0.0698478
1.46733
0.847664
2.48151
0.0664538
1.1172
0.871814
1.34804
2.58806
0.755136
0.485251
0.592698
1.69542
0.254534
0.896857
0.335185
1.18307
0.170153
0.937914
1.05901
0.565735
0.0079466
0.664353
1.69887
0.0188714
2.40604
1.99586
0.336952
0.180612
0.00443687
0.960143
0.20752
0.34158
0.952854
2.85546
0.226173
2.09535
3.15061
0.0428462
0.0946155
2.4265
0.39064
0.543461
1.29267
0.185829
1.33614
0.018016
0.828469
1.53063
2.08272
0.948484
0.077508
0.427242
0.131596
0.304382
2.4043
3.11103
0.57438
0.4838
0.253762
1.05158
1.11128
1.40904
4.9531
1.35986
0.453468
0.114161
0.559917
3.15528
4.26663
2.80234
0.48438
0.341425
0.31232
2.56807
0.419178
0.444463
1.14017
0.165373
0.20693
1.2839
0.0187353
0.0631097
0.174519
0.973384
0.789158
0.0710053
0.754095
1.14083
0.954321
1.27634
0.746209
1.02629
0.07447
1.46476
1.11387
3.50117
0.382412
0.753232
0.0799044
0.643779
0.379817
2.16094
0.638886
1.06103
0.283357
0.156733
0.570172
0.70697
0.430827
4.25316
0.791864
1.29056
1.41893
0.0361435
0.228431
1.10572
0.0139095
0.0677102
1.98856
2.32024
0.412872
1.81404
0.114338
0.595945
0.790912
0.90131
1.3036
1.99932
0.669692
0.0595447
1.41548
1.18879
1.62009
0.171437
0.194879
0.627639
0.125827
0.15469
1.40123
2.36414
0.23944
0.219146
0.891576
0.131168
0.416217
0.148722
1.70234
1.71983
0.569497
1.52351
0.0540819
1.16142
0.239203
0.391745
0.595996
1.25021
1.13777
1.31089
0.544271
1.01507
3.94162
0.352136
0.298897
1.48597
0.164991
1.11193
0.418284
0.521963
1.07338
3.40659
0.788598
0.551261
1.14396
2.36596
0.925109
0.0638043
0.515497
2.63463
2.98617
0.340015
1.17388
0.0962717
0.0318258
0.552692
0.0626745
0.765962
0.0668945
1.93576
3.07958
2.1184
2.99889
4.13207
0.689249
1.96851
1.56315
0.988765
0.273859
1.24562
1.20488
1.1809
2.11711
0.658663
2.06895
1.36608
2.27951
3.04926
0.0753536
2.28061
2.5356
1.40704
0.923453
1.21577
1.24329
0.623014
1.13378
0.282944
0.369824
1.96989
2.66962
1.96152
2.4718
0.938111
0.272721
0.624845
3.98145
0.758912
0.553266
2.33273
0.191804
0.604992
0.837792
0.442459
1.33886
1.90719
0.492962
0.595092
0.743615
1.18038
0.931931
0.37173
1.56242
4.71833
0.284324
0.289814
1.57311
0.666789
0.347515
2.41567
0.301293
0.167677
1.89072
0.499048
1.8417
0.0357366
0.294989
0.104471
0.48119
0.386592
1.30368
0.018487
0.141428
0.275935
0.430106
0.665658
0.245073
1.06365
0.787466
2.54835
0.788188
0.392336
2.72183
0.134173
0.0427583
1.08441
2.61424
0.487693
0.199548
1.1005
0.502186
0.158094
0.280926
0.368549
1.42903
0.308459
2.51413
0.773768
2.64149
0.184598
0.838439
0.539588
0.900281
0.360342
2.7738
1.05128
2.08727
0.540284
1.61926
1.09676
0.295793
0.116031
0.072461
1.32052
3.6741
1.88711
1.16118
0.646801
0.062258
0.140295
2.45705
0.695424
1.78543
0.611895
1.07898
3.65036
0.00222658
0.247558
2.68384
0.68081
0.97384
0.260517
0.447388
0.0466489
0.305576
0.240024
0.532248
0.390425
0.796909
2.34477
0.397018
0.319621
0.0045224
0.104733
0.162657
1.97573
3.53568
2.39614
0.220934
0.292203
2.84571
3.49459
2.52004
1.69968
0.255879
0.496709
2.1786
0.570398
0.715281
0.0602157
0.601854
0.0264704
0.202555
0.413721
1.23594
0.244874
0.803254
1.03201
0.645163
0.847318
0.381761
0.26647
0.246373
0.799957
0.494893
0.783801
0.92162
0.925823
1.20349
0.957996
0.974015
1.38222
2.69347
0.383313
0.45874
0.504892
1.27676
0.304955
0.0977211
0.978364
3.53567
0.119519
0.7863
1.57641
0.820785
0.675027
4.81551
0.476938
0.303146
0.376397
0.000504922
1.41898
0.625491
0.374187
0.110018
3.65547
0.136232
2.46082
1.81259
0.252025
1.38651
1.75096
0.393344
2.12035
0.428293
0.882833
0.341058
1.98516
0.0692991
0.42123
2.50714
0.348888
2.37951
0.0385784
3.60182
1.55228
4.57714
0.305046
0.603022
3.34506
1.5661
0.285878
0.574399
0.597804
0.256439
1.22155
1.73078
1.56868
0.662065
0.919869
1.19665
0.34135
2.03944
0.383274
0.461472
0.427036
0.0473056
1.72452
0.583183
1.88444
0.0125904
0.716987
0.0427284
0.405573
1.29493
3.0405
2.50858
0.182023
1.42098
1.12025
1.48447
1.82522
2.90806
0.420261
0.202439
0.423013
0.243858
1.03544
1.62862
0.0378515
0.187718
1.80568
0.367977
0.158137
0.488698
2.14967
0.749356
1.07377
1.20633
2.8715
0.588049
0.564873
0.0249797
0.446048
0.998843
0.258509
1.19293
2.38868
0.230851
0.101232
0.753104
0.291069
1.48446
1.0359
2.73628
0.0106127
1.27482
3.55486
1.15632
5.06512
1.80196
0.216602
1.11397
0.612659
2.55586
2.27097
1.18776
0.132477
2.5528
0.785836
1.51345
0.818395
0.175459
1.89952
0.394719
1.45693
1.13881
1.13246
2.1431
1.20734
0.0349811
1.00301
0.274998
0.382763
0.283378
0.0506532
0.855289
2.51492
0.699875
0.177214
0.891981
0.187276
0.239318
0.716294
0.0202942
0.733039
1.56579
2.45077
1.70206
3.32173
0.366634
1.52013
0.241335
0.458961
0.423728
0.664543
0.292465
2.66335
0.244704
0.443121
0.0164666
0.0119328
0.245902
0.959857
0.861031
0.634396
2.6536
2.13987
1.12298
1.67928
0.93822
0.359953
0.670579
0.0403111
0.320721
3.16475
0.0235346
1.26462
0.0279364
2.07626
0.0340717
2.03418
3.61447
0.52041
1.44002
0.165957
0.789292
0.128382
2.75216
1.94403
0.531991
1.75923
0.383291
2.19398
2.74368
0.8983
0.010084
0.341549
0.918698
0.198782
0.990763
0.548861
0.153426
0.426766
0.291472
1.40744
0.375374
1.8155
2.64661
1.10801
0.666372
0.383552
0.864124
1.51771
0.34622
0.399588
0.0754913
0.435457
0.306338
0.641508
0.348955
0.382895
0.810337
0.891504
0.306357
0.823048
4.27945
1.40549
0.519019
0.291857
0.380733
0.133207
0.220035
0.602009
0.51581
0.96692
0.925029
0.854324
2.08972
0.0450112
0.77514
0.0221804
1.04556
1.30143
0.538283
1.4147
2.241
0.43622
0.569407
0.25776
0.467091
0.00297853
0.44586
0.306227
2.5096
0.352758
0.346333
0.898665
0.803709
2.46229
0.228574
1.93544
1.49465
2.12141
0.666929
1.09921
1.63604
0.469279
0.623229
0.979881
0.592898
3.47775
1.46111
0.499955
0.720682
0.141587
0.0808972
0.397111
0.630871
0.868813
0.265358
0.918852
1.5878
4.31385
2.43827
1.19578
0.709461
0.114501
0.627032
0.462123
0.640555
0.678772
0.195876
2.88196
1.71292
0.400836
0.128503
0.0539318
0.818146
0.151755
0.144286
1.0089
0.70932
0.0566851
1.03593
0.17161
0.695512
0.268918
0.850972
0.819357
0.237802
0.254548
0.101389
0.223317
0.571122
2.0709
0.587402
0.0133874
1.17378
0.211633
0.0687492
2.56893
0.0226794
0.758621
1.35976
0.305394
0.0671207
1.24713
0.944116
0.0722262
0.112468
1.80533
0.339729
0.99407
4.28703
6.97294
1.45096
0.0605637
0.444828
0.0730379
0.465617
1.77268
2.29626
1.72052
1.32396
0.84348
0.460906
2.43137
0.570865
1.57292
1.23517
0.469401
0.158849
0.093024
0.220393
1.32966
1.95072
0.238857
1.10086
0.165068
2.54595
4.6373
0.385385
1.05453
1.5379
0.86314
0.0886201
0.926703
0.203491
1.09068
0.0828802
0.184468
0.611156
0.382301
0.891348
1.7865
0.644463
0.867589
0.355412
0.046371
3.11762
0.0646608
0.079626
3.03742
0.0207101
0.00288438
0.722464
0.755655
0.654278
1.67449
0.249168
0.0966289
0.258295
0.387213
0.603275
1.26762
0.369847
0.0102647
0.680862
0.327818
1.40241
1.05714
1.73493
0.303541
0.585988
0.21836
3.37275
1.06685
0.695712
0.727802
0.295938
0.0917519
0.887602
0.0158495
1.93428
0.985715
1.20078
2.7187
0.369442
0.16241
0.922208
2.15285
1.54055
0.979692
2.04472
0.374647
1.91924
0.76989
1.72795
0.894359
4.25268
0.209097
2.43942
2.80917
1.91616
0.700135
1.4779
0.787217
0.363637
0.0267318
1.48541
1.4279
0.838841
0.18545
1.09846
0.209801
1.71268
0.946861
0.321926
0.598275
0.797704
1.36079
1.91125
0.571367
0.0573903
1.26857
0.710335
0.807944
0.563219
0.206955
1.8464
1.0685
0.49978
0.0475119
2.43412
1.01492
0.633491
0.239038
3.57561
3.44682
0.0897274
1.71275
1.06531
0.0463798
0.0834525
0.608732
1.81787
0.112849
0.68865
2.08757
0.288747
2.55369
0.169549
0.709082
1.0953
0.307279
1.05289
0.427588
0.619116
1.06762
2.15704
0.369784
0.771669
1.23388
3.50701
0.82971
0.68188
1.90338
3.29294
0.154231
5.16643
2.59804
0.254981
0.292116
0.262156
0.376433
1.01773
0.15363
2.87327
0.477633
0.106301
0.769577
1.65849
0.450581
1.73862
1.84736
0.0307104
1.46642
0.795517
0.722821
0.291427
0.0154927
1.16407
1.9623
1.03994
2.08165
0.143438
0.781436
0.0114298
0.371034
0.836793
0.321136
0.950622
1.48548
2.94713
0.666563
0.381715
0.159027
1.75469
1.2682
0.252604
0.316177
0.403481
0.519321
0.0368885
0.921232
0.449969
0.749739
1.60119
3.45598
1.03278
0.191854
0.422024
1.1058
1.77757
1.01523
0.237653
0.39413
0.897919
0.955133
4.96234
1.82159
0.546874
0.139297
2.32314
0.729501
0.342084
0.961738
0.19404
1.55314
3.31328
0.713573
1.8024
1.26695
0.0824213
1.12561
0.083402
1.60197
0.758722
2.62299
0.844726
1.33075
0.58992
0.0606186
0.0710793
0.26596
0.386622
0.888759
0.149382
1.05662
1.93092
1.01933
0.171281
1.06937
0.783643
0.946419
1.48618
0.32357
0.269131
0.0848994
2.47304
1.38322
0.438756
0.675111
1.20122
1.70839
4.63924
1.45523
0.306669
0.337613
0.506333
0.242051
0.161164
0.278302
2.32974
0.50147
1.40923
2.64562
0.577518
2.10783
0.855575
0.235498
0.128429
1.3176
2.02638
0.742989
1.64353
0.455759
0.911494
0.605605
0.667675
0.584213
0.890323
0.00189367
1.65721
0.463313
1.07949
1.49388
2.69468
0.369374
0.150758
1.42251
0.204762
0.970247
0.827814
0.954306
0.454197
0.740772
0.0562359
1.17284
1.41827
1.35221
0.111645
0.53858
0.81014
3.26715
0.0371776
1.24889
2.63549
1.09958
2.15646
0.989236
1.98225
0.891625
4.99158
1.42151
0.517997
3.11224
3.53982
0.36136
0.403344
0.330128
0.667785
1.54198
1.04463
1.22605
1.08716
1.58561
1.12858
0.544935
0.600835
0.453044
2.47133
0.108796
1.48482
0.0164751
2.97348
1.14177
0.632182
1.72205
0.620442
1.75426
0.0369069
0.154329
0.405279
0.398775
0.166607
1.80942
0.726552
1.51546
0.100469
0.686972
0.509063
0.35166
0.29929
1.11162
2.80213
1.07519
0.334376
0.974039
0.511898
0.114402
4.01774
4.69368
0.157022
3.73176
2.48791
0.360486
1.40885
0.715114
1.07436
0.544859
1.62216
0.137539
0.195413
0.542899
1.1772
0.461569
0.720381
0.932839
0.111846
0.0174505
1.79283
0.173706
0.266686
0.0354917
0.636919
1.02185
4.93411
0.942126
4.13751
0.125847
0.197835
3.62114
0.149306
0.190205
0.835722
0.988671
1.76817
0.358708
0.727095
3.75046
0.0266109
0.772633
0.21405
0.329114
0.0476647
3.47876
1.89835
1.26509
1.67935
0.761742
0.300404
1.0672
1.44252
0.895992
1.70325
1.74683
0.0413983
0.461891
0.532886
3.98905
0.424097
4.22552
0.25503
3.78798
3.70729
0.75859
0.262501
0.742716
0.27214
2.48352
1.09936
1.53845
0.919457
3.98702
1.363
0.506442
3.28098
0.138095
1.48384
0.615999
1.10053
0.347763
4.88895
3.15692
0.00892463
1.85166
2.14833
0.474634
0.829534
1.89702
2.05317
1.88049
1.92852
0.381702
2.87968
1.46637
0.52003
0.279937
2.63608
0.0447451
0.9285
0.0364342
1.28391
1.41846
0.163631
0.67006
0.618889
0.69808
1.97093
0.684652
0.0458957
2.99387
1.78969
0.670755
0.366406
0.200184
0.386666
0.547888
1.11102
1.07587
0.0452751
0.870805
0.0117382
0.395871
0.42315
0.73083
1.1827
1.1855
1.18889
1.11684
1.38305
3.45214
0.279852
0.909969
1.935
0.521088
1.40591
1.27928
0.32335
0.807045
0.510353
0.0828488
0.0685359
0.498646
0.198253
2.73829
0.709361
0.885946
0.662355
0.63263
0.835331
2.55458
0.830873
0.118102
1.96787
5.3613
0.0156901
0.57224
1.11923
1.21482
0.167937
0.0786366
0.518937
1.36595
0.307739
0.963293
1.85203
0.17348
1.73737
0.101665
0.0924414
5.15179
0.147668
0.180284
2.18275
1.75044
0.4311
0.794737
1.51444
1.23829
0.0454395
0.493782
0.973263
2.14121
2.32069
2.34381
1.38167
0.387944
0.0167258
1.20521
2.93836
0.171433
0.0197287
0.520964
0.365898
0.737668
0.401396
0.201327
0.526726
0.273377
0.833709
0.585969
1.68496
1.73844
1.50226
2.15424
1.1108
0.699554
0.124145
1.6389
0.0173212
2.35009
0.431166
2.98601
3.23799
0.0408845
0.0970036
0.790909
1.3517
0.136652
0.933814
0.330451
0.910027
0.766982
0.76359
0.218086
0.512287
3.17889
0.274493
0.49439
2.88197
0.202941
2.23239
0.708049
0.591189
0.22171
0.668345
0.691976
1.55671
1.10568
0.570881
1.61827
2.45719
0.186731
2.55317
1.75887
0.0627662
0.166847
2.77506
0.345134
0.842211
0.0752348
2.13239
0.287197
0.0162791
0.0361875
0.253772
0.747226
1.4484
1.64934
0.398252
0.313937
0.926484
0.0183491
1.51466
0.334381
0.120999
0.793422
0.336759
0.509836
0.809547
1.34903
0.212086
2.15356
0.378502
0.279943
0.148225
1.00619
2.61472
1.97533
0.611186
2.76227
0.0798077
0.171691
0.0709235
1.39722
0.39119
0.0805302
0.460301
0.0870275
3.16052
0.319595
1.16924
1.04218
1.61444
0.0792173
0.0664769
0.212231
0.173591
0.246313
0.69318
1.62534
0.873605
2.13353
1.03639
2.10379
1.7011
3.47725
0.27254
0.489111
0.151796
0.597147
0.339693
0.0373781
0.187099
0.299878
0.507443
0.224499
2.5821
1.21464
1.09682
0.35719
0.137649
0.14973
0.24331
4.00839
0.0708626
0.630564
1.17054
0.0775784
0.24385
1.03057
0.347972
0.195077
1.53362
3.8097
0.843879
2.27877
1.01471
2.74273
1.06987
0.594044
1.59787
1.47867
0.0271561
0.607149
0.32945
1.13683
0.776029
1.09331
0.213632
2.08722
0.0978509
0.88148
2.18123
1.11214
0.622632
0.169439
0.376155
0.219032
0.511083
0.0542931
0.355424
0.0305928
0.310666
0.450924
6.30043
0.00964975
0.087604
1.34755
1.31073
0.505225
1.08917
2.58661
0.389164
0.378329
0.73361
0.288337
0.394781
1.29084
0.947191
0.657527
0.34503
1.12956
3.33202
1.0141
2.60913
0.351912
0.402805
0.263046
0.599994
2.60871
2.07633
0.217456
2.2806
0.858085
0.131435
0.535766
0.286926
1.73318
0.199669
2.03087
0.186431
0.608911
0.407292
0.751698
0.187301
0.532061
0.101729
2.28357
0.212036
0.368531
1.43068
0.0791306
0.138303
0.511805
0.200016
1.83936
0.522866
0.0540265
0.837177
0.179553
0.546383
0.499686
0.37091
0.0391238
0.0861905
0.228348
0.526163
0.16188
1.03283
0.358493
3.10193
3.92437
1.54249
0.756142
1.83301
2.25385
0.532598
0.94184
1.38629
1.8834
1.22637
0.842996
0.368351
4.39622
0.577063
0.79833
1.14392
1.42012
0.103598
1.65905
0.0910907
0.6574
0.883474
0.634472
0.593096
2.73233
0.955539
1.74185
0.392207
0.521392
2.25697
2.66296
0.732236
0.172568
0.0603448
0.0885382
0.0533111
0.457105
0.2218
0.192744
0.300953
0.542868
0.153245
0.745829
0.639523
0.120518
7.29286
1.3013
0.0828433
1.19206
0.32313
0.313873
0.130343
2.50176
0.73179
2.0787
0.0466691
0.278023
0.0716663
0.127192
0.918455
0.0184771
0.66138
1.4607
0.970416
0.953147
0.315243
1.02208
0.639323
0.268697
0.114498
1.42248
0.307195
0.0291193
0.226611
1.34783
1.07392
0.173032
4.41815
0.55965
0.704339
0.457005
0.477919
1.32566
0.19898
0.0133966
0.17522
0.762797
1.59924
0.425424
3.10428
1.88523
0.602442
0.681571
0.596598
1.65104
3.06457
0.0117593
2.50438
0.0589205
0.659472
0.589546
0.479653
0.226582
0.321877
1.42507
0.768956
0.0183446
0.380442
0.356415
0.617574
1.29903
1.01604
0.990618
0.557617
1.05657
1.7777
1.11629
0.470341
0.878764
1.19034
0.727904
1.95214
1.14252
0.906758
0.529971
1.69186
1.36492
0.173213
0.474513
0.479142
0.0953053
2.44631
1.41721
0.0337152
0.687332
1.01473
0.30109
1.37613
0.131912
0.468604
0.0584394
3.53746
2.01859
2.68435
0.382925
0.206245
2.70991
0.369087
1.15633
2.0952
0.0374299
1.81555
0.931399
0.864618
0.80245
0.418269
0.734079
1.0493
0.142472
0.761177
0.92167
1.85799
0.248184
2.68302
0.471765
1.91926
2.1695
0.574337
4.06985
2.50008
0.735067
0.269447
0.476304
0.382277
1.3733
0.0430338
0.179282
0.110513
0.0418088
2.78778
0.232174
0.788812
0.0757186
1.13964
0.858719
0.335994
0.769096
1.40127
0.816246
1.38946
3.00703
0.540188
0.732046
0.666436
1.3803
0.291743
0.0343085
0.332804
0.128032
0.431639
1.42245
1.01617
0.148331
0.440123
2.80684
0.559624
0.361962
0.586358
1.55833
6.23333
1.93407
0.478942
0.224144
0.130736
0.00405471
1.35289
2.03348
1.11241
0.293958
2.13382
1.49633
3.68207
0.814225
0.348762
0.861416
2.52291
0.202939
1.11079
0.775579
0.198832
1.9769
0.586383
1.22366
0.783088
0.170978
0.473253
1.02862
0.468757
1.60164
0.280171
1.6021
0.685177
0.374754
1.18925
1.8277
0.3428
2.04026
1.35595
0.932185
0.129697
1.5775
0.0643431
0.19322
0.211938
0.0511561
0.849727
0.100729
2.19582
2.14793
2.3632
1.54719
0.624669
0.263265
2.42708
0.64392
0.444031
1.73871
1.85944
0.413888
0.726145
5.41788
0.217308
2.99686
0.280909
1.68148
0.261258
2.03578
0.144342
1.17035
0.21858
0.99127
2.18745
0.170339
0.344713
0.608668
2.04359
0.0214723
0.0708752
0.10963
0.259443
3.88249
1.50818
0.253215
1.03827
0.716304
1.45953
1.77796
0.604728
0.334158
0.666566
1.4105
1.54991
0.279597
2.26016
0.539297
2.03544
0.530586
0.388599
2.76437
4.53379
0.445699
0.590065
0.464533
0.313093
0.268512
1.09752
1.11551
0.368865
1.2445
0.205117
1.4665
0.0832201
0.854497
1.20096
1.51486
0.269775
4.61754
0.643642
0.848203
2.32369
0.57795
0.0713544
1.00959
0.112908
0.606949
0.214035
0.139994
1.17553
1.4558
1.76092
2.05298
1.09397
0.223463
0.151894
0.851127
1.61676
0.363068
2.27365
0.932009
0.652633
0.830061
1.54053
0.529723
0.449335
0.237061
0.650652
0.304244
0.0453238
3.20578
0.741951
1.51234
0.0511483
1.77511
1.68743
0.0885894
2.55737
3.90609
1.5022
0.239905
0.231789
2.11745
0.633209
2.71593
0.0610004
0.16456
0.182176
1.72866
0.611944
0.0401137
2.21569
1.87063
0.741724
0.188698
1.42162
0.104485
0.699769
0.953642
0.616836
0.226607
0.432266
1.96079
3.16454
0.529891
0.898721
0.78712
0.511601
0.146407
2.24616
0.485441
3.69912
0.680847
0.387028
0.905623
5.85974
0.0224541
0.161307
0.960573
0.0121807
2.8392
1.89806
0.0609842
0.51845
0.861634
2.03488
1.00072
0.334614
1.82056
0.562577
1.23993
3.65569
0.19095
3.53906
0.84375
1.82585
0.25318
0.175272
0.152006
0.725319
0.734926
1.21446
0.132075
1.31901
0.117957
0.415097
2.14768
0.201867
1.84412
0.459858
3.11483
0.887491
0.226617
0.589078
4.80257
1.45986
0.0913817
4.13344
0.34491
1.57246
0.413937
1.67901
2.45064
0.111732
0.824223
0.216493
1.92352
1.08917
0.0348175
0.525627
0.924705
0.000349306
1.04641
5.86093
0.119756
1.59839
0.22784
1.27715
2.16505
0.974208
0.0343671
0.458847
0.970327
0.670577
0.484084
1.53232
0.064561
1.13021
3.70845
1.43466
2.23332
0.957496
0.471981
0.84846
1.17809
1.56417
1.60888
0.951232
2.91047
1.27557
0.383564
0.962744
0.381051
0.789346
1.64454
0.631429
0.22194
0.103245
1.14945
0.874471
1.36468
0.456258
0.308198
0.167826
3.05596
1.19045
1.06999
1.24267
0.231197
0.0618549
0.0834102
0.780822
0.127651
0.418092
1.3102
1.00866
0.51685
0.258162
0.0700877
1.7688
0.341304
0.506292
0.154776
1.62648
0.0684967
3.54074
0.819997
0.0644491
0.754782
0.373744
0.101087
3.45155
0.22598
0.455794
0.329513
0.962164
0.94903
1.32809
0.380018
0.9481
1.21732
0.00941577
0.118915
1.42883
0.779623
1.91852
1.25889
3.30892
0.521307
0.942185
0.587188
0.0448608
0.554686
0.557095
0.571607
0.397616
0.0598816
0.0680752
0.456436
0.390865
1.72132
1.00987
0.845149
2.04095
3.50661
1.36027
2.45724
0.57613
1.11089
0.314438
0.412271
1.07056
0.415903
1.55123
0.00217332
0.266972
3.04759
0.075228
0.353993
1.73884
0.583599
0.201258
0.748413
0.762844
0.0285299
0.0906966
0.882374
0.0286232
3.41893
0.00651108
0.525359
2.02823
0.739626
1.37656
1.88491
0.0121164
2.08057
2.11127
0.0647395
0.468927
0.413674
0.158018
1.51244
0.053548
0.0914694
2.3405
3.14489
0.082706
0.121682
0.501972
1.56565
0.399155
0.348557
0.942682
0.714802
0.00700222
0.0881986
0.408397
0.499762
1.85329
0.00541373
0.416515
0.983986
5.53389
2.14373
3.33056
0.516783
0.491432
1.51323
0.386859
0.965141
2.81882
0.437873
2.12103
0.0138178
0.358408
0.372086
0.293896
0.258065
0.301111
2.24464
1.70775
0.157781
0.256189
1.26449
1.13503
1.29748
1.85118
0.261426
2.31035
0.410742
3.10677
0.014364
0.78262
3.39621
0.560044
2.41874
0.904191
1.045
0.821779
0.319021
0.722307
0.459361
0.613326
0.0122354
0.894166
1.59391
0.640817
0.689026
0.422986
0.886947
1.479
1.60704
1.48493
1.73227
3.01177
1.02902
0.360429
1.03052
0.240895
0.258927
0.372176
0.213421
0.571693
0.871257
0.150855
1.85738
0.207032
0.273629
0.674799
0.25045
1.24655
0.147469
0.433107
1.84973
0.691867
1.84235
0.479221
0.193575
0.6487
0.718049
0.845288
0.747222
0.614389
2.49174
1.01866
0.288087
2.74941
1.05886
2.00185
0.394922
0.0958722
0.91205
2.03204
3.85343
0.509142
0.199306
0.524688
1.66041
0.906039
2.14072
1.54455
0.456381
0.623998
0.881089
0.778154
0.149547
1.21534
2.7642
0.170887
0.261145
0.426344
0.459972
0.857642
0.155024
0.615824
0.280914
3.29178
2.01907
0.195628
1.33577
2.03666
0.450935
0.142252
0.500993
0.85967
0.280683
1.10088
0.405942
1.01769
0.570118
0.55447
2.25275
1.84862
0.498252
0.581388
0.324897
1.59668
1.18921
4.20064
2.70671
2.33965
1.03995
0.758365
0.762488
1.13856
1.45727
0.343612
0.551925
0.46622
1.40974
0.0614865
0.372127
2.49656
0.279739
0.60257
0.1375
0.000259403
1.16228
2.79291
1.59726
3.64819
0.508178
0.179289
2.63861
0.473805
0.253033
0.922182
0.107126
1.9263
0.0326164
0.127858
0.996323
0.50121
0.147505
0.215881
1.37705
0.46657
0.318132
0.820358
2.05026
0.201864
1.9408
0.572808
0.727514
0.00314714
0.233378
0.324907
1.88532
0.0865325
0.11558
0.62662
1.48957
1.69489
1.59009
0.549202
1.16204
1.6027
0.0333128
0.399061
1.3384
0.34588
0.595021
1.25729
0.313184
0.43512
1.15546
0.733865
0.467593
2.16029
0.124821
0.374973
0.366078
1.19473
1.4702
3.5596
1.58818
0.137912
0.792245
0.654776
0.440628
2.32887
1.24285
0.275755
0.156753
1.63013
1.05013
0.642128
0.32844
1.30182
3.26715
0.309371
4.46534
0.213396
1.15682
0.827918
0.593682
0.0608385
0.998415
0.030703
0.307181
1.72114
0.0898694
0.0140608
1.1449
0.232137
0.158695
1.34353
1.30756
0.277863
0.465346
0.0018135
0.875341
0.470009
1.27816
1.1779
1.29033
0.445278
1.01052
2.57143
0.641541
1.27813
2.62893
2.59196
2.17228
0.928896
0.791248
0.467855
1.19853
0.508349
0.908163
2.35608
0.173168
2.05702
1.36529
0.172673
0.706042
1.15342
1.07568
0.078795
0.175516
0.681611
1.83256
0.162954
0.112189
2.31951
0.442016
2.13312
0.786773
1.6418
0.0183374
0.722442
1.84579
0.205264
0.7229
0.0450341
0.848753
1.86505
0.654869
2.27288
1.20953
0.44469
0.270852
0.377298
0.90916
0.891927
0.937832
0.729438
0.849386
0.186197
0.825963
1.19239
0.878301
1.67202
1.84588
1.55397
1.69709
3.31449
0.136845
0.244537
0.167972
0.0614568
1.59498
0.0647975
1.69491
0.670093
3.02412
1.21878
3.00776
0.920079
0.131968
0.548549
0.168727
3.55339
1.82803
1.40376
0.44796
0.272021
0.018509
0.017505
0.0796062
1.94599
1.83734
0.0675251
1.66794
1.6143
0.16554
0.511274
1.34014
1.07969
0.633921
1.10202
3.00851
2.14044
0.0691724
0.751174
0.996187
0.308866
0.193716
0.231761
0.12243
2.04466
1.63822
1.0854
0.341364
1.19218
1.37651
0.503568
0.577843
1.23407
1.30672
0.285502
0.153953
2.05439
2.80599
0.0248167
2.38578
3.19237
0.0389665
0.0418653
4.52116
0.215128
1.2638
0.674404
0.745145
1.25825
0.877191
0.243697
0.184791
2.56937
4.24234
1.21792
0.796116
1.23347
0.0142403
0.0207733
0.0303717
0.296462
0.996003
0.572263
0.717132
0.720702
0.235798
0.94514
1.35108
1.36992
0.0854718
1.14538
0.524029
0.243042
0.399615
0.188156
2.27702
0.353002
0.534976
0.618328
0.0427964
0.0813038
0.793231
0.120575
1.22896
0.406388
0.3166
0.896741
0.102768
1.63722
1.71896
0.275802
1.67491
2.4406
0.872072
0.618334
3.35286
1.84196
1.0585
0.0975355
0.00663689
0.885147
0.190452
0.810621
1.59399
1.56545
3.02993
0.468063
0.303271
0.948652
3.08053
0.956587
0.998168
0.763108
0.889974
0.439863
0.820168
1.30584
0.417166
1.07395
1.26403
2.09464
0.312742
0.580501
0.0433832
0.208117
0.0580479
1.69636
0.547174
1.16974
1.1888
1.12415
3.12375
2.90897
0.344563
3.72525
0.317416
0.465983
2.50431
2.99536
1.43152
0.00737924
0.824907
0.691376
1.6816
0.266615
3.70885
1.76567
0.954947
1.54832
0.39517
4.49924
5.27907
2.11309
1.27324
0.741336
0.227224
0.0335999
1.0321
4.05311
1.60738
0.0644459
1.90625
0.474249
0.922682
0.463579
1.43142
1.37623
1.48418
0.954882
1.53145
0.517859
0.722522
1.84237
0.940015
2.53084
2.85311
0.0268526
0.0196376
2.32579
1.51384
2.49587
1.12899
1.0009
0.581242
0.0435374
0.181809
4.00397
0.956735
0.583398
1.13024
3.22341
2.24962
0.278072
1.06397
2.70921
0.634703
1.1141
1.69338
0.0681704
0.342403
3.2246
0.817846
1.6454
1.54589
0.197041
0.311884
0.245421
1.1101
0.14607
1.22096
0.350681
0.376837
1.3336
1.3394
0.022968
0.815852
1.29513
0.685971
0.0765778
1.85781
0.711266
1.13191
1.09044
0.658363
0.141487
0.721518
0.100869
0.701478
1.99533
1.87902
1.18615
0.577631
1.49046
0.0882152
0.0439975
1.86435
2.84645
0.682903
0.0295684
0.587106
0.535861
0.736273
0.0821195
0.0700186
1.35825
0.543596
0.172217
1.14177
0.0961696
1.30642
0.492928
1.38221
2.69521
1.00934
0.389736
2.9484
1.08148
0.321873
0.868495
0.484851
1.7054
0.267982
0.508507
0.38142
1.66691
2.04393
2.82502
3.24825
0.0143679
0.44288
0.851766
0.0154886
0.180125
0.706592
1.62246
0.957835
0.206409
2.87276
0.776997
0.895222
0.914413
0.228757
1.5875
0.214193
3.3327
0.135397
2.19217
0.571386
0.316803
0.692722
1.01359
0.262452
0.919529
1.4675
1.01118
0.990248
4.39709
0.495791
0.336349
0.833556
0.337583
1.18528
0.572841
3.97308
0.750394
0.708073
1.4477
0.347425
0.141714
1.15328
2.02757
2.36335
0.388727
1.33141
1.45889
0.493669
1.62946
0.307448
0.600277
0.744584
0.631278
0.598251
0.298002
1.25151
0.718943
1.06464
0.71039
0.0857785
0.670295
1.85169
1.25998
0.791312
1.04621
0.113519
2.00893
0.42209
0.593882
1.02925
0.52434
0.130785
1.2706
0.09519
0.68113
0.268242
0.0858806
1.29022
0.104166
2.36058
0.57675
0.673603
1.09585
0.561701
0.57846
1.55138
0.0147583
0.817231
1.70159
0.108237
3.40816
0.0680689
0.203753
0.456429
0.698835
1.20854
2.6262
0.351659
0.860222
0.103713
0.226923
4.13547
1.89329
1.04034
0.9605
1.18765
0.998076
0.128726
0.522084
0.26754
6.27567
0.367535
2.60874
0.216307
0.199229
1.2614
1.38694
4.03881
0.761339
0.594481
0.190816
0.70416
0.325523
0.895529
0.468459
1.2847
0.233261
0.402161
1.4664
1.29412
0.0619347
1.81235
0.709484
0.586414
0.786966
1.0701
1.12403
0.233859
0.396218
1.3524
0.361058
0.0275585
0.833811
0.615043
0.139219
0.199434
0.0834198
0.805469
0.111036
0.561398
0.904067
0.399384
1.40462
0.227817
1.37144
0.726136
1.8663
0.578041
0.264131
4.52459
0.628751
0.986483
0.512916
0.482824
0.206951
2.08161
0.0883038
1.71544
1.45629
1.21254
0.206397
0.502892
1.941
0.816251
1.0636
0.630398
2.19782
3.21348
0.401136
0.64285
0.198637
0.333686
2.10788
0.11721
0.0697988
1.78708
1.19078
0.0342654
0.296629
0.518703
0.273713
0.469088
1.32364
0.413726
0.937104
0.593202
0.5371
0.485078
0.130911
0.226673
1.79252
2.08407
1.95489
1.40434
1.03893
2.72664
0.122609
0.321612
1.0282
2.13936
0.26949
1.1253
0.747542
6.20651
0.394802
1.44218
0.629288
0.297652
1.2332
0.583366
1.82891
2.81038
0.632134
0.469395
0.550374
4.00161
0.588294
0.364269
0.766652
1.90029
0.577802
1.19152
0.1251
0.52091
0.325707
2.24032
4.06745
1.80164
0.544335
2.32979
0.682166
0.113551
2.33151
1.75892
0.784488
0.860647
0.162253
1.71579
0.452865
0.0999582
0.127469
0.202184
0.544304
0.379867
2.58694
0.297741
0.211587
0.634637
1.48069
0.690363
0.574654
1.07885
0.142332
0.412351
0.906255
0.496349
1.09854
0.0953466
3.38055
0.488657
1.11477
0.416457
1.29653
0.521654
1.23039
0.538592
0.741299
0.778028
0.626723
0.313691
0.139268
1.71723
1.48241
0.169834
1.43361
1.35551
0.608313
0.0107787
0.109734
1.9505
0.513214
0.825452
0.721687
1.04969
3.02245
0.760154
0.930926
2.05882
0.343023
0.517659
0.448388
0.00654806
8.5541
0.0907624
1.39984
1.62742
1.51212
0.924383
1.44466
0.90982
0.829749
1.90719
1.18818
0.614556
0.032909
0.363708
0.260267
1.65984
1.23713
1.77182
0.219837
0.0237565
0.592431
1.47585
0.207091
0.304636
1.38584
0.186888
1.09961
0.589017
3.7142
0.018364
0.355899
0.227111
0.399294
0.407069
0.74605
0.0524076
0.661666
0.947203
1.40435
0.0307048
1.65858
1.39717
1.86464
2.01422
0.0536203
0.648538
1.47231
0.510954
3.77045
1.40947
3.56906
1.16269
0.21829
2.4874
6.52049
2.42236
0.0881236
1.03979
0.692014
3.13219
0.482904
0.4591
1.57848
0.412368
0.78117
1.65052
0.474519
2.84358
2.51452
1.01794
0.559674
1.57313
0.195944
1.18898
0.23464
0.897852
0.362833
0.819349
0.249998
0.0524755
2.44192
0.612972
1.83097
1.45786
0.65423
0.103078
0.325121
0.813948
2.7726
1.48915
0.268875
0.338264
0.0396926
0.034537
0.0824277
0.428472
0.0168598
0.284719
0.385278
0.610458
0.539541
0.331236
0.675662
0.378931
0.546427
0.561099
2.93786
0.403132
0.452134
2.14391
2.62141
1.54564
0.15797
0.187817
0.724736
0.0717899
0.812875
0.783518
0.470006
0.684116
0.861873
0.922225
1.7684
0.248876
0.13334
0.526982
1.47544
0.567211
0.799598
0.780752
1.49599
1.3851
0.0556496
0.695674
1.67415
0.0253708
2.0248
0.967022
0.13777
3.23092
3.03824
2.35793
1.17283
0.521189
1.45466
1.48562
0.432976
0.377576
0.686992
0.603158
0.632912
0.44104
0.798656
0.133655
1.07248
0.505434
0.024864
0.157254
1.86996
1.18535
1.09754
0.710075
1.4636
3.36405
0.185349
0.0998927
2.24774
0.849537
1.95388
0.144416
1.66448
0.173085
0.272446
0.17994
0.0326532
0.266296
1.19993
0.0204166
0.963355
0.696649
0.0890714
2.00387
2.82311
0.375502
1.61693
2.25965
0.387645
0.437229
0.992021
0.452708
0.576021
1.37544
0.358346
0.391709
0.78976
2.27129
2.19542
1.21768
0.520331
1.48098
1.64532
1.30759
1.64705
0.967244
0.508413
0.704953
1.5047
0.402194
3.14845
2.52924
1.31929
0.932368
0.24985
0.788623
0.385923
0.69465
2.76601
0.764935
1.01296
1.0624
0.510592
1.0473
0.619718
0.334058
2.10194
0.924319
1.07044
0.646284
1.08048
0.411785
1.5562
0.295658
2.34181
0.142806
0.171343
1.85056
0.56398
0.873607
3.30271
0.185164
1.52856
0.307954
0.557597
0.95377
1.78869
2.30175
1.62777
1.05094
0.942844
0.149528
1.75613
0.100248
0.208883
1.65155
0.0537013
0.922839
1.42292
0.131829
0.635735
0.107424
1.58699
0.549696
2.76874
1.77029
0.586892
0.7501
0.336962
0.72274
0.264612
0.997333
0.0600998
1.42995
1.09999
0.361425
2.03754
2.25074
0.35319
2.42163
0.414204
2.65242
0.0476396
0.885758
2.36555
0.00982248
1.69369
0.526229
1.73506
0.100588
0.0888154
0.22498
0.149601
1.62746
0.0159861
0.476426
2.81403
0.79997
1.5728
0.564103
1.97943
0.644646
2.65051
0.731011
0.722041
0.295708
0.289195
0.833849
1.28245
2.32551
0.460854
0.104403
0.334374
5.45444
1.19354
1.37657
0.297343
1.04651
0.526329
0.0932941
3.02896
1.20362
5.01153
1.25704
0.0100202
0.27465
0.0131294
1.24776
2.31676
0.710908
4.00021
3.71672
0.430241
0.315037
0.631929
0.0657613
0.990595
5.70023
0.123038
1.8132
0.16666
0.25355
0.953416
0.700162
1.0027
0.30208
0.0287125
0.85931
0.527933
1.05778
0.680401
1.015
0.0773721
0.366071
0.25083
1.50444
0.654928
0.767437
0.0119159
1.02021
1.75521
0.388543
2.81616
0.881298
0.298766
0.341376
0.624562
0.998528
1.31785
0.0326901
0.596608
0.324789
1.54258
3.10287
0.440901
1.17458
1.68439
0.454772
0.587158
0.133807
0.0107952
0.933341
1.8734
1.91887
0.0141057
0.142937
0.0989148
0.0563888
0.353624
3.01913
0.420401
0.255564
0.873559
0.417363
0.440093
0.0555059
0.0874132
0.671753
0.365824
0.00218801
1.1895
0.101849
0.915909
1.17798
0.91524
0.534594
0.134687
1.54035
0.0609896
2.0086
0.412268
0.575442
4.31506
1.14886
0.111861
0.190079
0.382539
0.0576649
2.19255
1.32976
0.364451
0.495396
0.0249241
0.0577894
2.53419
0.837999
0.188793
0.0159874
2.94896
1.22098
0.734671
0.716185
1.40967
0.0489111
0.713419
2.97759
1.47543
0.214221
0.970114
0.738351
0.413846
0.139341
0.329116
0.429772
2.39428
0.459923
0.14911
0.0793668
0.971289
2.3365
0.886893
0.160959
1.00519
1.36939
0.42802
0.554157
0.869278
0.326461
1.2516
1.72936
2.67511
0.788333
0.496902
0.627722
1.09006
1.44194
0.0355276
0.788024
0.628226
0.782341
0.190682
0.389805
2.07543
0.590865
0.414901
0.205453
0.793235
0.32826
0.180217
0.301768
1.77289
1.237
0.016799
0.0292545
0.41313
0.0767311
0.64787
0.0514749
0.610427
0.458726
0.600547
1.67491
0.109689
2.07416
1.85434
1.79049
0.165245
0.701796
0.153507
0.387846
0.848103
0.101611
1.29206
0.508784
0.242078
0.416691
0.760108
0.44099
0.981075
0.0632144
1.02813
0.896776
0.130835
2.68218
0.437204
0.56165
0.652275
0.951175
0.049118
0.366815
1.81526
0.500304
0.497982
3.99591
0.285909
2.1152
0.854174
0.223197
1.28501
1.31784
5.57954
0.394129
0.470334
2.62279
0.369994
2.06583
2.17909
0.115479
0.528435
1.90259
1.43345
0.465633
2.36375
1.77159
1.48437
0.975619
0.0376395
0.338356
1.04879
1.01104
1.53727
5.03057
1.24907
0.413564
0.114678
0.0516119
0.329752
1.29166
0.602928
0.0115491
1.41313
0.500103
2.56293
1.74148
0.211618
2.83689
0.0420013
2.65084
0.950451
0.810152
1.50598
0.99059
0.96257
3.17852
0.838139
0.130163
1.59065
0.851712
0.0410805
0.992212
2.97184
0.140655
0.124786
0.945414
0.173811
0.0856162
0.504089
2.68472
0.452272
1.57581
0.186081
0.0804949
2.78056
1.08039
0.300903
0.623797
2.63713
0.937957
0.960507
3.95259
0.110846
2.88425
0.7841
2.43876
0.267322
1.65505
1.11432
0.323403
0.524499
0.518718
0.784308
0.574113
0.508604
0.401818
1.64409
0.192997
1.53178
0.869249
0.838171
0.906995
1.26882
0.707606
0.161962
0.438596
0.00842802
0.145951
0.0914871
0.859865
0.941639
0.0287771
0.387268
2.00971
0.542113
0.178935
1.20883
0.474047
0.826246
0.512182
0.945305
1.6311
0.375712
0.998778
3.85157
0.162566
1.6483
0.070541
0.875868
0.783659
0.284026
1.43923
0.473048
0.407952
0.140633
1.36686
1.26412
0.00523877
1.78911
0.726276
1.85523
1.02204
1.7689
0.402634
0.769434
0.0683342
2.19565
0.10448
0.599867
0.270578
0.213888
0.0282868
1.60088
1.34123
1.64378
1.14158
0.618101
1.74476
0.082002
3.55285
1.55199
0.314945
1.93053
0.141201
0.861289
0.548263
0.163636
1.80939
0.748077
1.27516
1.56168
1.26906
1.72117
2.13107
0.173465
0.540335
1.47455
2.91645
0.990124
0.243466
0.58793
0.263019
0.328705
0.243935
0.0988481
0.25252
1.20458
2.04983
0.923205
2.80661
3.30983
0.684112
0.0234181
4.3623
0.244697
0.0835959
0.119086
0.192339
4.53744
0.156536
0.276391
0.398485
0.658773
0.628859
0.794101
0.031439
0.696224
0.0290871
0.202708
0.0187796
0.916168
0.441365
0.185136
0.714698
1.0859
0.257093
6.3022
2.1082
0.0680665
0.442608
1.2379
1.85499
0.302217
1.55215
1.66471
0.360165
3.91664
2.49167
2.78881
0.53384
0.116727
0.273916
0.652335
1.10079
1.45004
0.410557
0.0514829
0.255856
0.486132
0.173936
0.974816
0.266248
0.295886
1.37251
0.620095
0.543782
0.190503
1.02165
0.898286
2.78738
1.61993
0.0322656
0.449425
1.98817
0.619025
0.499074
0.300676
0.255296
0.989739
0.926503
0.659782
0.382246
0.728076
1.04561
0.00980413
1.32707
0.103763
0.310913
6.00257
0.0607254
0.231673
1.62318
0.189637
0.340565
1.39623
0.235972
0.173556
0.195014
0.167014
0.0327549
0.283225
0.175804
0.0194365
0.488961
0.46733
0.0503815
1.81918
1.54609
1.3436
0.122483
0.439732
0.225853
1.31663
1.14613
1.33095
0.223968
0.239685
0.118113
0.243441
0.750488
1.31848
1.51177
0.544495
0.0299687
0.229818
3.3042
1.30561
0.918812
2.07739
0.613757
0.168691
1.3203
0.0796071
0.722649
0.281172
0.418093
0.149586
0.858776
3.8368
1.41101
0.822295
0.166281
0.00848213
0.0323129
3.04775
0.848355
0.675222
3.05899
1.58101
1.06999
0.125371
0.161705
0.200075
1.02114
1.09536
0.524841
2.83263
0.651507
1.0865
0.578653
2.45757
2.06047
1.83853
1.11044
0.181251
1.00258
0.600103
0.0276321
0.44946
1.55817
1.46418
0.929357
1.10234
0.410084
0.101699
0.780011
0.0491358
0.468671
0.0833713
1.2172
1.41088
0.653429
0.479132
1.68406
1.04616
0.497106
1.90834
1.41707
0.730545
2.11138
1.55964
1.43911
0.389094
0.412831
0.0846885
0.361723
0.779855
0.0512995
2.29824
0.759415
0.179946
2.29322
1.69538
0.228332
0.407374
5.90506
2.10557
2.19905
0.787356
0.287381
0.580971
0.0962007
0.995423
0.19799
1.56121
0.235801
0.682119
2.67115
0.192978
0.267781
0.841827
0.572278
0.915225
0.207549
0.0618575
0.44759
0.279773
1.01366
2.3999
0.225446
1.65567
0.942308
0.870722
0.392722
0.389539
2.04304
2.03514
1.86484
0.7156
0.264115
0.241151
4.04917
2.46131
0.328547
3.39635
0.453898
0.345675
1.83513
1.18265
0.0938746
0.0971704
1.4384
0.361967
0.0810391
2.27137
0.197317
0.382188
0.230016
1.14416
0.395463
0.15708
0.231476
1.85056
0.430694
0.571117
1.16402
0.506933
0.0909845
0.399141
0.757999
0.324719
1.31383
0.391353
0.258061
1.22631
0.259644
0.0804099
0.583205
0.309387
0.357274
0.326812
0.864181
0.262114
1.55558
0.10864
1.84863
0.572482
0.769607
3.19978
3.47967
0.529409
2.01161
0.792589
0.537397
0.5376
1.62124
0.908239
0.599844
1.7316
0.0585337
0.274755
1.34288
2.08977
0.305094
0.744221
0.170604
0.0386734
0.799536
0.0446665
1.13587
0.12346
0.0109036
1.09766
0.0793714
0.285417
0.485407
0.961947
0.433166
0.132846
0.0903969
0.105147
0.802006
4.86925
1.99305
1.84502
1.34268
1.72749
0.849243
0.985604
0.234237
0.298321
0.0974119
0.396387
1.57812
1.55777
1.8589
0.463158
0.704184
5.61858
3.08018
3.76248
0.781678
0.204871
0.534291
1.99545
0.629805
1.02275
1.12814
0.473898
0.370729
1.59792
0.880084
1.69152
0.742261
0.914456
0.513162
3.02291
1.35756
0.203091
0.460721
1.60935
0.976539
2.22349
1.85506
0.286933
1.61264
1.25151
1.45735
0.631863
0.0138717
0.0842115
0.318368
0.770891
0.367923
4.41383
0.99433
0.826584
0.260061
0.667611
0.957272
2.34592
0.0281912
0.828167
1.81852
4.41545
2.2719
0.338967
0.659209
0.726516
0.740221
0.24583
0.732748
0.719614
0.0115839
0.779296
0.439466
0.423628
0.361137
0.0704168
0.59028
0.305657
0.313996
0.581716
0.08209
1.25155
2.86821
1.44255
0.856509
0.11527
3.4006
0.16162
0.0889861
0.412102
3.43306
1.25605
0.0223625
0.324906
1.54186
0.610655
0.832515
0.196854
0.430484
1.75296
0.5785
0.0779215
0.864017
0.215032
3.55059
0.486097
0.625427
0.833546
3.60338
0.609815
2.95495
1.68035
2.16174
1.95011
0.309392
0.432589
0.777416
0.452639
0.10197
2.3965
0.409118
0.833448
0.374491
0.249087
0.258677
0.267118
3.75519
0.713755
0.196081
0.966452
0.0905648
0.70464
0.0714381
2.12048
0.358255
5.08542
0.0644618
0.400454
1.49965
1.97649
0.489739
0.0561534
0.598899
0.165156
2.65493
3.74675
0.469172
0.481387
0.260717
0.582988
1.13929
0.810185
1.45904
1.9799
0.816614
1.48359
0.228768
0.775799
0.488192
1.2215
0.990087
0.442392
0.481899
0.851464
0.31145
3.32274
0.613282
1.13768
0.916812
0.106935
0.335911
0.311453
1.06138
0.0542258
2.8503
3.06676
0.800864
0.33528
0.431676
1.58797
0.30274
0.402297
0.510059
2.46464
0.0411069
0.0361624
0.140199
0.546392
0.386093
0.475999
0.555601
0.228866
1.56238
0.360965
1.01523
0.24848
0.185403
2.85707
1.6706
0.612556
0.822899
0.439259
0.425037
0.77325
0.436258
1.38896
1.54216
0.326332
0.15564
0.0143763
0.272442
1.11956
0.138933
0.514433
1.1783
0.399682
0.739434
0.0867054
0.0261013
1.43158
1.32194
2.98051
0.3028
0.384359
4.00185
0.0741
1.36063
0.476874
0.69194
0.405648
0.567393
0.403193
0.182975
0.310703
2.30898
1.30012
0.0860605
1.20643
0.475342
0.63392
1.22362
0.651516
0.349543
0.502397
0.986478
1.57485
0.0246526
0.0791309
0.0797876
0.434131
0.63553
1.22646
1.48113
0.106167
3.42128
2.9436
2.61219
0.0551163
0.901702
0.539187
1.91824
0.301572
0.198616
2.01644
3.3942
0.387153
0.320936
0.120623
0.833547
0.342091
0.477889
0.825124
3.35705
0.510577
0.721516
0.118396
1.29702
1.14376
0.382805
1.32874
0.196763
0.237737
0.943384
1.73528
0.754826
0.113744
0.888435
0.235538
1.62782
0.280197
0.466991
1.02571
2.71196
0.777221
1.73302
0.523971
1.36018
0.117977
0.697614
0.221014
0.650367
3.05241
0.427105
0.495709
0.104699
0.671322
0.552038
0.785941
2.61623
0.57664
0.74479
0.698243
0.470025
0.260235
0.250439
0.271314
1.08877
0.853809
0.097238
0.327739
0.478005
1.76347
0.948947
1.01147
1.39308
0.167066
1.70022
1.33886
0.314919
0.160054
0.189796
1.48072
3.92736
0.0206143
1.44058
0.502258
0.03704
0.338871
0.175025
0.103158
0.058628
1.08982
0.430684
0.592183
0.0784024
1.94894
0.579059
0.117996
0.530057
0.6427
0.252376
0.52112
0.263544
0.745068
0.0278452
0.526926
1.54507
0.102786
1.28854
0.2032
2.22021
1.11385
1.61195
0.056044
3.23954
0.221164
0.618429
0.119469
0.419237
0.307161
1.65351
0.355034
0.78141
0.113025
0.12788
1.24789
1.14127
0.989762
0.734371
1.17816
1.70297
0.386389
0.290544
0.148261
0.0509436
1.17053
0.126932
0.456047
0.114037
0.968657
0.332866
0.183046
2.9145
0.648024
1.26427
2.27659
4.96194
1.14055
0.606762
0.47297
1.19326
0.189984
0.0231537
0.799581
0.141365
0.630019
1.64017
1.10696
0.0480412
1.91679
0.96162
2.66513
0.183622
0.635718
0.996952
1.3314
0.0323506
0.189943
0.817148
0.105041
0.60953
1.83899
0.137595
0.22273
0.0232715
1.35302
0.676874
0.0697362
0.00107351
2.23522
0.175396
0.226331
3.01772
1.08859
2.50418
0.237168
0.0900715
0.0842201
0.209916
0.00315411
0.337576
1.78522
0.889379
1.10056
1.00628
0.825257
0.772618
1.54522
0.447774
2.79819
0.409796
0.00423633
0.342168
1.3869
0.17229
0.391967
0.0589897
2.00643
2.01503
0.897173
1.01485
2.07711
0.0223892
0.463275
1.49519
0.167469
0.2679
4.6986
1.74793
0.664911
0.196565
1.41589
2.33803
0.852576
1.71959
0.500501
0.147664
0.0867317
0.396116
0.00788518
1.46365
0.58125
1.17854
1.22762
1.53798
0.901826
0.795095
0.00234571
0.296121
0.381005
0.255116
0.198733
0.464467
0.337121
0.753764
1.23053
2.22343
3.28213
1.5017
1.10633
0.0427134
2.07738
0.31996
0.379731
0.309272
0.016193
0.0831792
0.865702
0.52863
0.0781501
2.0505
0.287429
0.204618
1.39664
1.68142
0.387362
1.63602
1.02751
0.540948
0.588884
2.01253
0.663891
0.860317
1.23345
0.339687
0.056151
1.02449
0.0616006
2.19066
1.17037
0.133184
0.142696
0.308686
0.558102
0.199754
0.405814
0.535114
1.43681
0.489193
0.846254
0.332968
3.42384
1.65625
1.18176
0.644183
0.618803
0.3712
0.731154
1.7379
0.408461
0.150688
0.495378
1.48425
0.784566
0.0717207
1.53246
0.911316
1.0504
0.919392
3.26389
0.984003
2.02122
0.962455
1.32621
2.31568
0.74994
0.850051
0.940835
0.229412
0.385748
2.45972
0.0656858
0.185424
0.787953
1.15734
0.276233
0.299776
0.379322
0.613482
0.55121
1.68537
1.71557
0.362544
0.395955
2.80844
0.383372
0.0207729
0.463351
1.96427
5.454
0.170757
0.00369888
0.259799
1.96281
0.961442
3.51613
1.26647
1.96392
6.10337
2.39917
1.56169
1.89669
2.38248
0.149438
1.46825
0.0524789
5.11789
0.113703
1.72577
0.998641
0.256125
0.395526
0.101369
1.98825
0.392972
0.173288
1.13129
0.18104
0.651614
0.678148
2.41558
0.00877975
0.189908
2.20828
1.06787
0.022767
0.0363896
0.653239
1.63014
0.499541
2.83535
1.30072
0.569728
0.547801
0.98842
2.08605
4.18849
0.541995
0.121674
0.911758
0.111761
0.612069
0.0640459
0.245379
0.156482
0.161387
1.20341
0.389578
1.41291
1.9416
0.359236
0.000889765
0.714491
1.49962
1.03673
0.218239
2.02335
0.132644
0.153055
0.452583
3.91808
0.282173
0.03086
0.00212707
1.09434
1.50777
0.387045
0.758444
0.0386744
1.01525
0.165942
0.0960955
1.55711
0.687361
0.628793
0.151906
0.448075
3.27962
2.46712
0.418613
0.43152
0.636166
1.43522
0.540703
1.1884
0.454506
0.120928
1.70417
0.841603
0.0198862
1.02815
1.75081
1.12661
0.564501
0.494312
1.45748
1.43676
0.937382
0.233757
0.344993
1.65797
0.295959
1.12711
0.237164
0.604766
1.5465
0.402201
0.462035
1.62497
0.288317
0.00109105
1.79722
1.69333
0.351414
1.12093
1.8621
1.84448
0.29852
0.638925
0.128312
0.788096
0.879571
0.0325879
0.14037
0.309137
0.672266
0.158774
1.41198
0.867279
0.390904
0.697013
0.895731
0.482166
0.00994281
0.426284
0.215956
1.79843
0.147518
0.0528342
0.51404
2.09527
0.0732064
1.32598
3.16647
0.372165
1.34298
0.0476611
2.90819
0.587468
0.564676
0.194347
1.49953
0.870791
2.39938
0.24984
2.14966
2.01816
6.90576
0.0848854
2.97075
1.228
0.428806
0.581793
0.00790701
1.60543
0.888064
0.613243
0.610327
0.171258
0.393111
0.539264
1.48236
4.63884
0.543094
0.674105
0.367307
0.280745
0.271423
0.296287
5.7343
0.916234
0.0618608
1.92514
0.366829
3.39443
1.36084
0.568383
0.997988
0.908136
3.64086
0.560325
0.0630602
3.30335
2.47128
0.43896
1.27204
0.0279383
0.762202
0.451446
0.435211
0.82844
0.0507612
0.315136
1.18329
0.181153
0.586231
1.35552
0.291771
0.843788
0.210117
1.37528
0.01065
0.233107
1.93789
0.367486
0.37086
0.880527
0.234481
0.479213
1.53557
0.344998
0.15207
1.76416
4.20996
0.260387
0.455588
1.3796
0.780073
0.150901
0.311455
1.63904
0.138357
0.9579
1.02677
2.87273
0.704665
0.954927
0.0390517
0.235371
1.29302
2.34212
2.12803
0.288698
2.60564
2.0957
0.0423335
2.52445
0.493863
0.907052
1.43315
1.22774
1.94403
1.16804
0.108902
0.546366
0.18645
0.955168
3.2955
0.522319
0.744807
1.21263
0.301194
0.161884
0.0788385
2.29765
0.765726
0.623976
3.1435
0.323017
1.72362
1.06782
0.591517
0.674595
0.558593
0.759542
2.05957
0.788914
3.05333
0.611278
1.51536
1.1809
0.535211
1.23746
0.0267872
0.0683472
0.480627
0.0984524
3.00993
3.31987
0.234953
0.759679
0.141532
0.469013
0.387295
0.700814
2.04999
1.18994
0.674094
0.772691
0.354272
0.367222
0.686574
0.405901
0.926338
5.75399
1.2864
1.07353
0.69589
1.6732
0.326487
0.314744
1.08522
3.09476
0.248776
0.404406
0.0184724
0.420554
0.421792
2.09527
1.71747
1.16917
1.12171
2.25778
3.75313
1.26986
0.0323568
1.38668
0.131973
1.40589
0.873461
0.362267
0.224656
0.792442
0.904641
0.0791102
3.62976
0.155456
0.500258
1.55886
0.494802
3.77514
2.6549
2.22306
0.194518
0.329497
0.00820304
0.564281
0.365225
1.04117
0.0148205
0.664059
1.05057
3.06202
0.39624
0.0162832
0.150461
0.257251
0.36507
0.625098
0.11272
0.158311
2.83875
1.96895
0.680809
2.68159
0.925623
0.0431144
0.661672
0.194421
1.42175
0.68539
0.725845
1.57818
0.783007
0.0385627
0.144818
0.529935
0.479869
0.377133
1.00418
0.40463
1.45309
0.00950548
1.91123
0.192218
0.478365
0.453416
0.0533746
0.791052
0.0876243
1.35447
1.17409
0.22173
0.292342
0.842729
1.26888
2.06235
0.638594
0.111695
0.26111
0.182508
1.64322
0.904509
1.60189
2.70529
0.959405
0.00176381
0.545806
0.765592
3.50054
0.811693
1.95912
0.636727
2.25964
1.41236
0.670288
2.11349
1.01651
0.883955
2.95223
2.66875
0.175925
2.44921
0.637
0.742819
0.0187725
0.139908
0.716332
0.918754
0.70476
2.24598
2.61788
0.166686
0.186952
0.723276
1.25308
0.172037
0.329281
0.59754
0.095903
0.654941
2.89477
0.0873296
0.123242
1.56988
0.0865451
0.270693
0.395451
2.11426
0.44
1.40398
2.20222
2.19555
0.160571
0.185566
0.0918651
0.138004
0.836922
0.561075
1.59468
0.623926
1.02505
0.647772
1.69317
0.127047
0.122704
0.196537
4.02296
0.232549
1.18894
0.953356
0.189053
0.686521
1.54103
0.771538
0.353606
0.0974256
1.31544
0.361594
1.82463
1.58765
0.927493
1.0103
0.449187
0.0553902
0.82813
0.076079
1.36519
0.942654
1.78631
0.174347
1.65909
0.212091
0.107928
1.20384
0.00886296
1.61897
0.761799
0.535375
0.380043
0.499821
0.0940969
2.17459
0.157568
0.957472
0.371999
2.35671
1.97418
0.111298
0.214637
0.567471
0.158592
2.41686
0.15499
5.02487
0.574969
0.300121
0.0594328
3.92102
2.54671
0.57983
2.15524
0.248533
2.67328
0.121216
0.582092
0.188455
0.330849
0.418887
2.88304
2.20028
0.290717
2.37953
0.555015
1.6283
0.148344
0.932609
3.19946
0.557704
2.97699
1.7377
2.06581
0.178153
2.43758
0.447292
1.62762
2.31887
0.714454
1.74528
1.49875
0.430936
0.332176
0.402452
0.243148
2.11962
0.428961
0.43583
3.26407
2.25062
0.376176
1.46181
0.707888
0.825482
0.0435502
1.82765
1.20522
0.583341
1.60025
0.706472
0.412
1.51439
1.80741
0.35128
0.250843
1.1163
0.192245
1.08102
0.468598
0.0946948
0.927613
0.0605656
1.88661
3.24203
1.50901
1.18695
1.57598
1.29048
0.769689
3.24438
0.744071
0.791245
0.460614
0.377518
0.0397743
1.09433
0.971648
2.35534
2.09368
0.223191
2.08807
1.38379
0.0194345
0.749444
1.17601
2.05421
0.929259
0.71641
0.137912
0.842477
0.000798954
0.372448
0.282174
3.24964
0.0102188
0.0199182
2.94973
0.196535
1.95622
0.463347
0.807487
0.0288099
1.338
0.529634
0.558375
0.862971
0.0381792
0.232235
1.0258
2.19132
0.600785
4.28207
0.677554
2.039
0.924194
1.8964
1.09598
2.46744
0.0629993
0.656464
1.91919
0.336837
0.0943127
1.2938
2.42173
0.162861
0.453141
0.18936
0.52127
0.347644
0.681504
3.0718
0.179818
1.39353
0.744708
3.09162
1.41836
0.714047
1.26242
6.38829
0.865737
1.55594
1.05796
1.61859
0.110455
1.60848
0.031811
0.787718
0.348379
3.78631
2.76533
1.08207
4.03343
4.26861
1.27727
0.387405
0.0445885
4.66245
0.31339
0.531582
0.779038
0.137186
2.84917
0.497145
1.50616
0.617407
0.0881947
0.0546622
2.73799
0.279772
0.0505221
0.223952
2.43696
1.1623
0.316213
1.28694
0.187789
1.3785
0.177804
0.35943
0.251996
0.560246
0.529366
0.876317
0.388746
1.17525
0.837504
0.42171
1.01904
2.74544
0.446934
2.17003
0.49882
0.155603
1.15036
0.548189
0.236749
0.93194
0.251005
2.02541
0.369464
1.41568
1.67189
0.513194
0.457257
0.377755
0.132389
0.33637
0.706759
1.09826
0.933004
0.285497
0.293185
0.809208
2.25313
0.820355
0.533465
0.647193
0.388911
1.43438
0.517143
0.0856811
1.23302
0.912084
1.32845
0.0640146
0.320406
0.526836
0.307922
1.24182
0.0765706
0.459287
2.4094
0.46616
1.04077
0.235062
0.265332
0.413049
0.166149
0.295601
0.408489
0.360607
1.66584
1.48218
1.24943
0.115156
0.387425
0.162905
0.0399569
0.0118258
1.01499
1.36725
0.656723
2.69102
0.111893
0.0173363
0.432699
1.77954
2.79665
2.66534
0.141279
0.328725
0.232887
0.698786
1.65235
0.0973817
0.130947
0.470578
1.40189
0.439949
0.166742
1.69704
0.0391307
1.8177
0.531094
0.964767
0.144216
0.400372
0.373938
1.55154
1.1309
0.581287
0.833969
0.193578
1.38997
0.462282
0.669332
0.852914
0.700398
1.15876
2.57314
0.137232
0.945379
1.11329
0.116731
0.0210711
2.4264
1.47779
1.66001
0.570563
0.874401
0.917064
0.147436
0.150391
0.910574
0.116174
1.82899
0.292003
0.309802
0.543806
0.262967
0.790753
2.29232
0.904908
0.715641
0.194082
1.18464
1.8816
0.669462
0.0660759
0.916221
0.339105
0.927682
1.85633
0.169701
2.65206
0.0548863
2.81974
0.238572
0.130596
0.44509
2.08451
0.374044
0.441008
0.395869
0.44595
1.32482
0.553641
0.198143
0.707551
0.513322
0.651383
0.127354
0.0597073
1.24648
0.788572
1.17199
1.08794
1.79899
1.51744
0.131802
2.92443
0.0560505
3.02753
0.439602
0.730449
1.31326
0.862136
0.427032
1.0947
0.650606
0.818573
0.894309
1.76155
0.0728358
0.0936609
1.54347
2.98436
1.35191
3.07266
0.353923
0.67675
0.0213562
2.38385
0.717438
0.867587
1.90888
0.664392
0.103301
2.57902
1.36853
0.171585
0.956307
0.776516
0.422047
3.28754
0.192121
2.04343
0.688832
0.467867
3.66851
1.39147
0.494264
2.09375
0.894037
0.327398
0.213263
0.329951
1.1388
0.67149
0.0145449
1.23944
0.244759
1.54244
1.44474
0.309047
0.148891
0.236071
0.0107588
3.12286
4.10833
0.248076
0.992872
0.442883
0.419046
0.127846
0.302555
3.65128
0.0680493
0.424583
0.380673
0.0239537
0.928155
0.38449
0.129772
1.45819
1.67914
1.65424
3.14307
3.95743
0.182058
1.81595
0.32214
0.132073
1.40342
2.29741
1.25454
0.894808
0.706443
0.286916
0.022983
0.515055
1.78182
0.520526
0.629254
0.199994
2.56024
2.42326
0.443651
0.67975
0.198507
0.418123
0.0718256
1.9617
5.86453
0.125676
0.460427
0.185218
0.21539
1.90587
0.507765
0.0678008
2.61884
1.20177
0.677022
0.209242
0.538503
0.00612171
0.0105292
0.203157
0.460627
1.24859
4.23353
0.0714764
1.92796
0.871891
1.33325
0.0937933
0.572489
3.99556
0.900484
0.604939
1.25543
0.226173
1.625
0.643944
1.52161
0.268971
1.72071
0.60587
0.311046
0.653124
0.202591
0.23572
0.391037
0.900029
0.678554
0.232722
0.804232
3.08631
1.47291
1.87674
0.0740851
4.80682
0.402182
0.258293
4.56762
1.43315
1.21565
1.07048
1.476
0.0322517
0.182097
2.06563
0.846113
4.7276
1.1839
0.392011
0.978793
0.613275
0.0819047
0.602591
0.352264
1.24562
0.829674
0.843059
0.212256
0.243752
0.325704
0.121498
1.44602
0.795443
0.424509
0.894741
1.53258
1.07785
1.84272
1.36683
0.520376
0.836252
0.331206
0.266899
0.120305
0.0895576
0.801161
0.906313
1.44747
0.0338314
1.77555
0.331057
1.49364
0.325459
0.0171568
0.369171
0.523909
0.422828
0.502366
0.190189
0.305927
0.231484
0.0255498
0.489698
0.855023
0.111118
2.17373
1.60739
0.959816
0.564102
0.940328
4.13786
0.727936
2.91427
0.622925
1.7145
0.812648
0.0811907
1.29202
0.131859
0.924242
0.266167
1.70997
0.175186
0.00115528
0.794087
0.902495
0.196146
1.31164
0.36263
0.257464
0.0273226
0.262187
0.366915
1.55994
0.78821
0.435137
0.329827
0.263248
1.90845
0.960917
0.309996
2.88361
0.0418792
0.703808
2.45663
0.384814
0.158793
1.9327
0.415906
0.899238
0.754317
0.945467
0.183553
0.232208
0.216329
2.26733
1.55969
0.111959
1.41663
0.803051
0.747244
0.627699
2.64953
0.561436
2.59033
2.32004
0.265275
0.69159
0.193837
0.128298
0.237088
1.04812
0.983506
0.251855
0.385667
0.428719
0.385242
0.84479
3.7411
0.367156
4.24988
0.928519
0.619643
0.25158
2.90185
1.30683
0.652237
0.872342
0.155183
2.13844
1.05324
0.64109
0.442977
0.930483
5.74383
0.184288
0.0953366
0.0584318
2.19332
2.17988
1.23906
1.27766
3.58145
0.170912
2.05215
1.16254
0.58359
0.445869
0.992875
1.30558
0.92821
1.45627
0.213775
0.845693
0.259611
0.249961
1.88272
0.464968
0.470303
1.5324
3.56461
0.569141
0.853495
0.859086
0.655061
0.748966
2.30997
1.14427
1.69492
0.109562
7.43551
0.823576
0.316481
0.657857
2.02892
1.66452
1.7034
0.206911
0.675442
0.262105
1.35646
1.66693
0.869869
1.57725
0.486005
1.11061
3.6074
2.9759
1.35149
0.299342
2.05634
0.350472
0.112879
0.0428749
0.493958
0.912945
0.44578
2.06362
1.68733
1.27424
1.89337
0.748247
2.88763
1.19206
1.01695
