0.70399
0.840861
0.827465
1.93998
0.646822
1.03676
0.96631
0.73605
0.651806
1.59873
0.425599
1.94835
0.446064
0.52784
0.646733
1.1408
1.1989
1.67079
0.471113
1.40014
0.621039
1.13812
0.638425
1.65216
2.3222
0.227376
0.840673
2.48945
0.561649
0.359627
0.824423
0.387787
1.06899
0.811986
2.27851
2.24029
3.25736
1.24527
0.226424
2.36528
1.41679
0.437999
1.60525
1.06441
0.668482
0.705443
0.557045
1.10335
0.831724
1.37402
1.15491
0.467648
0.484419
0.902444
1.03048
1.32178
0.662042
1.46354
0.250843
0.60614
0.982392
0.627508
0.684194
0.990539
0.275302
0.743665
0.699529
1.02986
0.24
1.56597
1.54362
0.337671
0.618348
1.33187
1.69309
1.007
0.624497
2.22837
0.868769
0.594729
1.44143
0.436899
0.706149
0.413412
0.584475
2.13537
0.891931
1.46529
0.61663
0.94931
2.62681
1.43969
0.331239
0.317818
0.609964
0.493989
0.810991
1.33105
0.784407
1.15258
2.2679
0.834509
0.420129
0.45179
2.23239
0.197159
0.936584
1.09653
0.766715
2.00452
0.443884
0.859095
1.42484
2.07058
1.1305
0.95377
0.437343
0.854018
0.300068
0.894277
1.02266
0.43541
1.35915
0.830583
1.21764
1.22198
0.751697
1.35816
0.930594
0.495568
0.343846
1.77335
0.471259
0.313958
0.752774
0.555447
1.1221
0.72251
0.59386
0.527111
0.445532
1.79689
0.895663
0.275251
1.16166
1.14791
1.1948
0.203382
1.5431
0.607907
0.785845
0.272046
2.4071
1.37824
0.81238
0.71229
0.234416
0.505001
0.889076
0.795772
1.98672
2.254
1.2591
1.07646
1.13074
1.04215
1.92033
0.358971
0.631876
3.43383
1.62902
1.12593
1.77258
0.590553
1.35271
0.653068
1.29963
0.934731
0.570655
0.993656
1.43274
0.922311
1.32207
1.33831
0.775059
1.02327
0.711706
0.288632
1.53857
0.88306
0.444106
0.596818
1.44593
2.09718
0.338444
0.834975
0.886084
0.396102
1.07346
0.356778
1.26514
0.856515
0.719952
1.14604
0.704063
0.691934
1.15744
0.556616
0.663354
0.43839
1.24511
0.745432
1.16571
0.202757
1.95701
0.801161
0.66033
0.527724
0.631958
0.965794
2.35263
0.588044
0.464952
1.18183
0.350984
0.43167
0.699887
0.216449
1.32423
0.789252
0.951135
0.80641
1.19774
0.189769
0.363644
1.47048
1.28988
1.23729
1.82214
1.04144
2.26007
0.367986
0.79225
0.59771
1.31262
0.796239
1.14486
0.470945
1.04049
1.17185
0.635207
1.19642
0.773814
0.56023
1.87723
1.81674
0.713639
1.15332
1.44071
1.04428
0.8662
0.449034
0.431033
0.81499
0.563008
0.331498
1.41004
0.345494
0.427737
0.382666
0.580791
2.57371
1.23074
0.544881
1.43025
0.937944
0.559793
1.35743
1.48055
2.25661
0.797644
0.322389
1.07586
0.437239
0.503542
1.28735
1.16062
0.257535
0.35845
0.716498
0.665291
0.715294
1.70767
0.182374
0.167915
0.861064
1.42009
2.6693
1.43619
1.2157
0.921507
0.193227
0.539505
1.04494
1.85089
0.987233
1.3905
0.70242
0.920127
1.62442
0.683702
0.895186
2.12381
1.27699
1.86131
0.767845
0.766504
1.23529
0.758022
0.824031
1.52554
1.03974
1.19998
0.422307
0.449316
1.06927
0.468784
0.815591
0.934548
0.80374
0.961738
0.565734
1.06243
1.40565
0.667713
0.457791
0.498408
1.35596
0.915939
2.64799
1.77128
0.815834
0.731435
1.22017
1.41369
0.761539
0.179044
0.52994
0.904019
0.933793
1.113
1.32496
1.41768
1.1647
1.65217
0.820182
0.753134
0.804814
0.462269
1.80512
0.531467
0.778744
1.98974
0.195181
0.627481
1.20444
0.421057
0.8903
0.76878
0.62894
1.61539
0.576875
0.626221
1.03169
0.975594
0.774711
1.49607
1.76948
1.88354
1.55291
0.344763
0.350306
0.301008
1.44788
1.09982
1.34134
0.86401
1.91235
1.01944
0.479745
0.47155
1.60482
0.76579
0.618476
0.410484
1.0136
1.19309
0.387656
1.39551
0.301421
0.370804
1.52715
1.25924
0.299174
1.62913
0.941376
1.26085
0.909823
1.14438
2.78608
1.35048
0.72262
0.555565
1.67964
0.743941
0.402902
1.1935
0.961739
0.361139
0.733022
0.800389
1.68375
0.524083
0.775137
0.365072
0.956212
1.21943
1.36984
0.881714
0.678497
0.393264
1.0128
1.08199
0.570763
0.867529
1.47689
1.26225
0.15878
1.55027
0.844612
1.21369
1.2788
1.10798
0.338662
1.73282
2.32832
0.725126
0.911371
1.27253
2.2024
0.859221
0.620718
0.151062
2.14138
1.70731
0.405144
1.75618
0.969964
0.86585
0.930279
1.36651
1.89573
3.07682
0.972164
0.683345
0.950389
1.48945
0.437557
0.506027
0.275262
0.745315
1.21585
0.537994
0.483089
0.596772
0.367808
0.543667
1.16915
1.3013
0.203275
0.648764
0.728386
0.434737
1.77581
1.33372
0.301204
0.722247
0.985725
0.256644
0.611109
0.558391
0.980988
0.698442
1.18023
1.24743
0.556965
1.35297
0.773242
0.591155
1.17232
0.896445
0.465721
0.429899
0.847941
0.746746
0.716757
0.520307
1.91401
1.27854
0.558354
1.75418
0.294409
2.55547
0.970594
1.16271
0.151355
0.73967
0.907529
0.334701
1.543
0.990662
0.881994
1.0805
1.48366
0.625266
0.991064
0.613756
1.44683
1.57901
0.193356
1.0009
0.657234
0.730255
0.568687
1.0078
2.24645
0.917869
0.731822
1.12758
0.533406
0.258614
0.606288
0.991874
0.333919
1.33237
0.779379
1.93361
0.969919
1.1323
0.543669
0.807648
1.05776
1.11938
1.17867
0.350426
0.379209
1.4765
0.930715
2.12609
0.689044
0.834533
0.468673
1.89386
1.54756
0.271427
0.355834
0.283502
1.5622
1.48261
0.653356
0.870993
0.991268
0.315137
0.852096
2.9271
0.345932
1.64567
1.12445
1.12284
1.23384
0.200677
1.02479
0.911814
2.29091
1.7571
0.697234
1.56527
1.39593
0.732601
1.40828
1.62358
0.778025
0.651923
0.423209
0.754079
1.49699
1.03076
1.09493
0.635469
0.64145
1.28841
0.557171
1.48653
0.714216
0.517311
1.9577
1.06791
1.6351
1.71707
0.65568
2.00975
1.13996
0.358539
1.57106
0.835676
1.22178
0.5677
1.49771
1.96698
1.20349
0.40501
1.02716
0.791624
1.27714
0.746356
1.029
0.747613
0.153468
0.934688
0.514094
1.13417
0.167162
1.61101
0.928781
0.58775
0.659264
0.906193
1.38211
1.8119
0.501535
2.82438
0.828786
1.85992
0.168854
0.654231
0.518022
0.700412
0.812286
1.16889
0.695018
0.722538
0.968874
0.340067
0.619388
0.955549
1.10304
1.69408
0.946968
0.367476
1.19889
1.26865
0.0804063
1.24773
0.930421
0.825143
0.806555
0.48839
1.15645
0.954766
0.437948
0.95814
1.6449
0.188374
0.502836
1.66043
0.228243
0.878335
0.509879
1.04589
0.89631
1.25104
1.14907
1.22492
0.463713
2.19001
1.44541
0.385705
1.18501
1.19313
1.15247
1.15536
2.00675
0.488565
0.786074
0.822539
0.70993
1.29713
0.503243
1.04396
0.352411
0.68839
1.22086
1.03266
0.226859
0.330604
1.7181
1.73895
0.335964
2.02192
1.78219
0.563432
0.921269
2.67189
0.704757
1.5828
1.69449
0.41071
0.877863
0.701038
0.960408
0.718147
2.29736
1.62515
0.585828
0.333125
0.688998
2.07367
1.16062
0.463138
1.50241
0.378122
0.932674
0.472213
0.173819
1.08087
1.10897
1.94881
0.5649
1.45187
0.783566
1.03323
0.794331
0.901063
0.292488
1.88806
0.933605
0.929222
0.416016
0.951665
1.53521
0.63953
0.34145
1.74775
0.955986
0.683362
0.38871
1.07206
1.12821
1.69119
2.07656
1.528
0.782901
1.53122
0.268543
0.861592
0.594064
0.551753
0.563239
0.582839
1.54519
1.62517
0.884031
0.554193
0.220583
1.21655
0.823772
0.421933
0.845532
1.98447
0.463821
0.280141
1.01042
0.455525
2.43905
0.212745
0.397465
1.54982
0.378137
0.770201
0.420989
0.624533
1.77116
1.72966
0.982786
1.57626
1.29434
1.1385
1.33698
0.852928
0.562235
0.84412
1.94911
1.42279
0.625852
1.58235
1.30062
0.400046
0.460184
0.500341
0.688418
0.977083
0.324173
0.989796
0.50774
0.265817
0.645397
0.243744
0.831221
1.46498
0.435836
0.632979
1.12625
0.655521
0.164407
0.214011
0.863246
1.77901
0.685549
1.25264
0.486028
0.538193
0.439081
0.295781
0.281054
1.16079
0.381057
0.355058
0.447142
1.1008
0.904527
0.821083
0.684995
1.05251
0.485446
2.55539
1.19573
1.64007
0.737899
0.927323
0.317262
0.566646
1.50086
0.289105
0.300962
1.99267
1.15222
0.355948
0.761007
1.01877
0.663227
0.202128
1.19587
1.15137
1.69967
2.03101
0.174128
0.668241
1.16402
0.61774
0.677872
0.488127
0.335131
0.527521
1.08948
0.418821
1.06518
0.675189
0.584942
1.013
0.715418
0.539301
0.423214
3.7793
1.42142
0.701668
1.13284
0.324274
0.574638
0.165158
1.05031
0.649935
0.990278
0.436237
0.760091
0.907153
0.567056
0.43666
0.529998
0.667639
0.836444
1.09011
0.542349
0.625957
1.88479
0.563515
1.32142
1.92084
0.762887
0.419923
1.89413
0.176188
1.2129
0.855899
1.3853
0.232511
1.05347
2.87131
2.29797
0.774541
1.31126
1.01706
1.20085
0.719651
1.11599
0.740064
1.24364
1.17417
2.14362
0.61807
0.394061
0.294337
1.05809
0.997633
1.00631
1.76795
1.43347
1.51041
0.246373
1.31982
0.439491
0.406632
0.459741
0.648261
2.51103
3.22087
1.64071
2.06268
0.153492
0.858596
1.20855
1.066
1.88539
0.724426
0.313934
1.27159
2.14768
1.18064
0.341643
0.704121
0.7054
1.17723
0.627772
0.692426
1.27649
1.17955
1.70755
1.95136
1.54662
0.288838
0.725693
0.760054
0.954908
1.05983
0.511117
0.597029
2.08291
2.99739
0.658381
1.09318
0.657513
0.959139
1.49652
0.898504
3.32088
1.31832
0.864236
1.41069
1.27587
0.909525
1.21977
1.85086
0.413556
1.70653
1.81012
1.15785
1.26455
0.821849
0.267281
0.744356
0.20756
0.627083
0.588389
1.08909
1.11903
1.36373
0.856326
1.18454
1.10562
0.460468
1.50779
0.943333
0.54114
1.12635
2.77664
0.69891
1.01544
0.732034
0.386061
0.113132
1.5771
1.6038
1.83812
2.55118
1.60049
1.24605
0.988685
0.45032
1.68857
0.855393
1.26001
1.79899
0.887133
1.81924
1.40815
0.652636
0.568114
0.491799
0.345533
0.914472
0.647175
0.635696
0.63447
0.452637
1.58746
0.781423
1.61098
0.810076
0.373034
1.12556
0.535805
1.75881
0.895439
0.665845
1.71597
0.210861
1.24669
0.375119
0.502983
0.874007
0.692674
1.40548
0.980857
0.496118
0.740654
0.388159
0.84968
0.179181
0.379341
1.34834
1.62268
0.841269
0.571956
0.632278
0.381182
0.298564
1.59463
0.666386
1.11298
2.16103
1.45555
0.226476
1.74939
0.434398
1.64174
1.13301
0.522155
0.259567
1.75073
1.34398
0.239179
0.88249
1.47584
0.505685
0.538159
0.668581
0.922726
3.18003
0.839403
1.44404
0.986767
0.168536
0.912571
1.25776
0.700743
0.736153
0.699468
1.75295
0.569617
1.33324
0.914864
0.289053
0.301256
0.320149
0.639741
1.0223
1.02086
2.01461
0.774613
0.693122
0.387859
0.452309
1.15173
0.27718
0.691925
0.706507
0.781773
0.510464
1.17583
0.321363
0.59599
0.342213
1.21243
0.773189
1.14078
1.35859
0.473446
0.303987
0.216496
0.948192
0.387523
1.41531
2.84461
0.47372
1.59293
0.223205
1.02596
0.739257
0.72396
0.977776
0.911457
0.813914
1.78109
1.83308
1.53995
1.16856
1.03802
0.384542
1.01091
1.00143
1.1173
0.906926
1.40761
2.05611
1.56225
2.40749
0.413706
1.83695
0.548279
0.355233
1.26012
1.06117
0.397063
0.326915
1.69365
0.438706
0.549421
1.80466
0.619044
0.745014
0.307783
1.66748
1.23933
1.17012
0.898618
1.46456
1.34658
0.76657
1.23022
1.232
2.21051
0.963277
1.24133
1.08421
0.618578
1.83839
0.917052
0.669491
1.06954
0.35329
0.786401
0.777438
0.619521
1.04585
1.08767
0.630387
1.67841
0.200527
0.219574
1.5858
0.603788
0.209746
1.78464
1.23202
0.101366
0.508464
0.878515
0.935451
0.642383
1.38414
1.1098
0.818736
1.95584
0.232934
1.67929
0.853746
0.330735
0.464908
0.367308
1.04835
1.06891
0.717963
0.70849
0.328149
0.96189
1.11759
0.9939
0.337011
1.94082
1.13092
0.764859
1.21636
1.51155
0.636257
0.94058
1.14706
1.08868
1.36386
1.92424
0.945414
0.956091
0.142495
1.71167
0.71949
0.497387
0.581489
1.68331
0.80937
1.92503
0.252772
0.28397
0.911731
0.647238
0.909072
0.91206
1.13725
0.482253
0.630032
1.14669
0.444085
0.585657
1.21241
0.218687
0.262394
0.737883
0.862591
1.1686
1.96368
1.14699
0.457604
0.808053
0.711185
0.581105
0.676578
0.87711
0.647026
0.550088
1.96616
0.928677
0.390343
0.404419
0.867037
0.276047
1.28721
1.1916
1.53524
1.28805
1.71308
1.20255
0.502517
0.7934
1.49557
1.03854
1.22168
1.11493
0.158952
0.901449
0.869544
1.57213
2.46495
0.642014
0.857132
0.248552
0.35863
1.86558
0.598331
1.68384
1.17584
1.28465
0.685984
0.38699
0.447134
0.404611
0.657559
0.508576
1.12936
1.17782
0.482045
0.836421
0.736152
0.254241
0.612822
0.327545
0.620266
1.53158
2.28822
1.00245
0.872479
0.452318
0.829059
0.468397
0.562656
0.776407
0.411657
0.705599
0.519931
0.969859
0.352959
0.569713
0.534366
0.283318
2.38404
0.424195
1.75883
0.317509
0.512628
0.648
0.912445
0.898356
0.161104
1.04474
0.708109
0.829691
0.770275
1.01922
0.691226
1.58203
2.13122
0.849812
0.938512
0.85767
0.886357
2.14412
0.847805
1.009
2.60475
0.445001
0.179511
0.878404
0.548891
0.657012
1.22198
1.58638
0.220256
0.818872
0.48971
0.278913
0.514114
1.00144
1.03165
0.260052
0.286904
0.79645
0.4548
1.11737
0.576814
0.54377
1.39039
1.7001
0.673123
1.20496
0.657458
0.291281
0.247058
1.22744
1.45104
1.83416
0.611095
1.6298
0.709481
1.12651
0.645575
1.20017
1.61634
0.852982
1.01444
0.315882
1.21345
1.20843
0.509079
1.81492
0.868099
0.509962
0.77076
1.4708
2.42891
1.10862
1.0583
0.615706
0.189956
0.708155
0.465449
1.14616
1.31362
1.45054
1.09083
0.312106
2.1676
0.856192
1.69803
0.686721
1.07513
0.531217
0.451758
1.26032
0.350816
1.7079
1.64576
1.01273
0.515805
0.778103
0.562351
0.561418
1.75611
0.731409
1.71447
0.376368
0.311049
0.0801652
1.26833
1.58944
1.22319
1.68448
1.02509
1.04906
0.866912
0.938009
0.580119
0.316202
0.216687
0.938584
0.301548
0.712485
1.0673
0.685609
0.380517
0.960088
1.20096
0.624519
0.616582
0.791269
1.51149
0.817458
1.36152
0.82092
0.596632
1.28966
1.48299
1.37398
1.36339
1.29179
1.1071
0.955518
1.14039
0.156366
0.288682
1.26365
1.25953
1.42447
0.82661
0.725481
0.787534
0.62133
0.570659
0.211731
0.849516
1.61434
0.501523
0.876357
0.552577
0.707106
2.25971
0.789922
1.23699
0.960329
1.48269
0.827129
1.5839
0.804882
1.31954
1.27435
0.921184
1.89935
0.693039
2.12534
1.72138
1.41791
0.60115
1.34585
0.374326
1.76671
1.60544
0.277925
0.785649
1.09976
0.574876
0.426178
1.94936
1.7883
0.708862
1.51648
0.625856
0.458164
0.44278
1.80362
2.7885
1.13749
1.87282
1.11675
1.14774
1.54143
0.651073
1.34854
1.64999
1.54502
1.00168
0.645221
0.217211
0.8849
0.566369
1.13812
1.22847
0.499713
1.39659
0.906495
1.75081
1.18225
0.856298
1.73348
1.64897
0.540502
0.714336
1.00155
1.01495
0.72272
0.420286
1.16527
1.1791
0.774649
1.30839
0.92079
0.913038
0.811604
0.218945
0.973211
0.392639
0.914899
0.892996
1.01304
1.00105
0.312273
0.918763
1.86611
1.47175
1.18669
0.339285
0.72444
0.480921
0.948673
0.451952
1.74593
1.25631
0.813451
1.40603
1.0946
2.17375
0.323754
1.00077
0.877136
1.30106
0.423495
0.398721
0.437094
0.809769
0.446393
1.74314
0.999209
1.35685
0.995924
0.557507
0.951941
0.594842
0.527411
1.12252
0.151946
1.40011
1.98883
1.39813
1.74099
1.23846
1.22219
0.323589
1.37437
1.66452
1.04902
0.867644
1.42715
0.637047
1.5586
0.249714
0.707975
0.465812
3.40537
0.363484
0.48941
1.16406
1.47368
0.410993
0.569834
1.3981
1.47607
0.571478
1.2656
1.12324
0.126711
0.733313
0.932709
0.372866
0.811479
0.899395
0.770671
1.17806
0.160155
1.41056
0.647989
0.277846
0.705654
0.3298
0.986398
0.364435
0.300143
0.210644
0.671179
0.393649
1.07205
0.683381
0.775073
1.99511
0.972439
1.72368
1.09634
1.22235
2.19181
0.186493
0.303334
0.904773
1.45264
1.15453
1.32735
1.31436
0.721184
0.51405
1.83439
1.22516
0.803667
0.139309
0.462138
0.492346
1.49681
0.11311
1.21457
0.543405
0.21846
0.429235
1.14452
2.70692
0.547139
1.75802
1.15002
1.38196
0.337839
0.763879
1.37689
1.08049
0.642415
0.211307
0.208018
0.985994
0.563003
0.562517
0.452468
1.1904
0.695154
0.886199
1.12219
0.542185
0.994992
0.204111
1.32644
1.0911
0.197925
1.15974
0.383138
0.840635
0.439505
0.639091
1.26119
0.281211
0.649328
1.06606
1.33509
0.714816
1.25979
1.41199
1.08346
1.23241
0.608345
1.32053
1.09784
0.894222
1.4595
2.88403
1.2795
0.901221
0.996673
0.303671
0.774779
0.713452
0.344389
1.02244
0.308196
1.6881
0.537712
0.436222
0.56229
0.694888
0.84278
0.264669
0.743744
0.91973
0.438935
0.987166
0.636843
0.640458
0.809835
2.05614
0.310923
2.05412
0.546284
0.293843
0.394898
0.59652
1.53435
0.597583
0.970047
0.48189
0.342542
0.618021
1.65517
1.44571
0.964974
1.71442
1.05401
0.420983
0.608598
1.30893
1.67411
0.671458
0.835152
1.46409
0.365647
0.187568
1.96323
0.422727
0.36704
1.17887
0.957681
1.23179
1.79024
1.54071
0.779934
0.875667
1.36407
0.36027
0.45478
0.504138
0.870545
1.07927
2.10159
1.72718
0.709252
0.471153
0.331236
0.426151
0.975957
0.851387
0.466044
1.237
1.13003
0.738014
0.146251
0.899595
0.77856
2.03378
1.18123
1.06406
0.568309
2.2691
3.30965
0.939526
1.15002
0.427439
0.614044
1.15422
0.661911
1.11288
1.17483
1.16161
0.371974
1.17376
0.513063
1.14924
0.683449
0.72007
0.676882
0.861288
1.81206
0.663067
0.61537
1.75096
1.06824
0.57309
2.31707
1.45699
0.327221
0.259664
0.51618
3.22442
2.37232
1.82745
0.888456
0.434904
1.31234
0.844492
1.10501
1.52536
1.02415
1.52776
1.16513
0.833038
0.705353
1.07119
0.655707
0.78667
0.892238
1.15809
2.10492
2.22601
0.537231
0.691522
0.885213
1.24411
3.16932
0.697045
1.11559
1.78638
0.328998
0.275763
0.357629
0.436647
0.830105
0.822307
1.1852
1.43308
0.389928
0.487081
0.534044
0.724301
1.99723
0.569743
0.900404
1.63993
0.662499
1.10027
2.68432
1.30928
1.02811
0.627057
0.400747
1.20473
1.91522
0.367439
0.437788
0.410292
0.434234
0.892454
0.794859
0.534694
0.785009
1.03085
0.735784
1.36569
0.525298
1.705
1.40965
0.796295
0.779404
0.337159
2.02667
0.421052
1.00686
1.06584
1.04567
0.272556
1.10348
3.22752
0.523494
0.641474
1.45642
1.32283
0.992552
1.93815
0.334028
0.714945
1.24555
0.431332
1.88821
0.642616
0.213668
0.221143
1.83429
0.442157
1.55631
0.407135
0.353342
2.46308
0.594637
1.83961
0.729358
0.809825
0.610424
0.785735
1.13435
0.83498
0.553699
1.00977
0.463053
0.721763
0.240291
0.83696
1.68688
1.11748
0.649951
0.92938
0.79294
1.32586
0.916176
0.589973
0.569824
0.716039
2.63867
0.280926
2.43964
1.55035
1.74038
1.36985
2.8505
0.634262
0.801783
0.274906
0.82749
1.88207
2.11725
0.394442
1.73904
0.762643
1.23727
1.25937
1.68889
1.64455
1.04583
0.740021
1.70692
0.664532
0.0682396
1.11992
1.66541
0.536112
0.165081
0.358036
2.79553
1.25019
0.889162
0.976778
0.537486
0.741602
1.84796
0.425866
1.13365
0.250099
1.13816
0.400248
1.3803
1.17018
0.535871
0.549966
0.784897
0.60708
2.37231
0.971579
0.491342
0.330236
1.07413
1.02357
0.676425
1.43698
0.771179
1.54293
0.930273
0.398923
1.01961
1.34471
0.767533
0.736426
0.631183
0.92007
2.06068
0.329492
0.432702
0.710451
0.337544
1.26096
1.37581
2.76985
4.12314
0.719232
0.312191
0.469612
1.77863
1.46241
0.896783
2.47697
0.859438
0.682056
0.889901
0.277861
0.317362
0.397707
2.8751
0.25832
0.234456
0.318796
0.340749
1.12768
0.586621
0.676924
1.7719
1.15835
0.922982
1.10778
0.85388
0.997222
1.37274
1.50155
2.5568
0.647311
2.25748
0.676759
0.386752
0.480842
1.12919
1.42844
0.634578
0.486089
1.54198
0.550881
1.63119
0.627922
1.01798
2.00571
1.26026
1.15739
1.209
0.843266
0.580184
0.532479
0.378695
1.28606
0.82227
0.540779
0.704063
1.25627
1.30847
3.06672
0.922827
1.14998
1.23513
1.57874
1.02002
0.7054
0.366726
0.675631
0.395094
1.0955
0.922357
0.31343
0.292829
0.244114
0.402726
0.471457
1.20545
0.606421
2.322
1.64886
0.978876
0.879133
1.30202
0.802329
1.15562
1.68833
1.31152
1.03671
0.234795
1.08323
0.817272
1.18037
0.736102
1.42143
1.29199
1.89837
0.627198
1.21984
1.86116
1.17999
0.952124
1.92581
0.611592
1.3688
1.18389
1.71753
0.845052
0.47659
0.594058
1.19558
1.31517
1.28474
0.652985
0.468201
1.24001
0.663798
3.32054
1.71402
0.702711
1.87134
1.1198
1.93602
2.39901
2.19783
0.466271
1.61606
0.437327
1.13478
2.48011
1.35881
0.594245
0.201295
1.60069
0.853433
0.805294
0.903314
0.948424
0.820888
1.09551
0.313196
0.351289
0.599326
0.805043
0.639851
0.663511
0.74638
0.482898
2.02648
1.00806
0.222371
1.15626
1.74411
1.24068
1.16143
1.3981
0.883224
1.80361
0.721748
0.700795
1.13885
0.666664
0.78594
0.844388
1.95727
0.873781
1.03962
1.49668
0.515263
0.801622
0.283282
0.181576
0.911788
2.41769
0.927671
1.16352
0.923219
0.142273
0.692278
0.727998
0.290176
0.89675
2.28857
0.766995
1.13277
0.575198
0.826158
0.251535
1.37105
1.89079
0.485622
1.10927
0.568549
0.759277
1.08554
1.21731
1.15788
1.58979
0.775906
1.97289
0.122816
0.942235
1.58001
1.34485
0.902664
1.22256
1.4502
0.870736
0.510914
0.969942
1.71426
1.78821
0.244697
1.72684
1.60799
0.492726
0.395083
1.9444
2.50372
0.509483
1.27811
1.21527
0.861817
1.37112
0.612979
2.12549
0.23443
0.235142
0.19589
2.18064
1.07603
2.59797
0.708718
0.944165
0.176683
1.17999
2.10677
1.45668
1.0674
0.787853
0.396047
0.98831
0.526438
0.184252
0.547438
0.666815
1.60109
1.50635
0.920327
1.3396
1.02514
0.889336
0.89425
1.30375
0.448904
0.514021
2.72643
1.34454
2.93682
0.838923
1.0839
0.983868
0.963956
0.504995
0.743799
1.28326
0.468538
0.557324
1.40085
0.697989
0.583654
1.86389
0.793212
0.34882
0.330887
0.561257
2.32217
0.560481
0.922595
1.59695
1.64677
0.434738
0.96451
1.25106
1.25283
0.865148
0.802012
0.473724
1.06154
0.822652
1.02543
0.629431
0.574739
0.591731
1.11218
0.292404
0.502222
0.814441
0.594187
0.407626
0.980464
0.762213
0.443002
1.54571
0.476402
0.339125
2.00736
1.39586
0.970765
1.79442
1.08061
0.734445
1.63985
1.57499
1.51346
1.16957
0.367964
0.88698
0.711617
0.917024
0.953408
0.836733
0.358884
0.380703
0.848948
0.864801
0.112855
0.692903
1.04137
1.05745
0.23226
0.986797
0.782016
0.648516
1.08647
1.09639
0.287349
0.496039
0.799155
0.548521
0.84763
1.16352
0.808242
2.49598
1.40929
1.05696
0.390591
1.19255
0.792944
1.7565
1.09838
2.34219
2.11978
1.23851
0.759828
1.77062
0.367704
1.53769
0.321346
1.43974
0.81913
0.633006
0.576405
1.37279
0.964445
1.96996
1.37497
0.567429
1.42296
0.859036
0.210243
0.306219
1.83065
1.09916
0.225309
0.852396
0.401317
0.637684
0.515561
0.676875
0.257335
1.30563
0.916984
0.55477
0.852795
2.2403
1.67255
0.744186
0.683728
1.24496
0.466802
1.29968
0.267256
0.603999
0.879679
0.499456
1.20836
1.28661
1.93404
1.18672
0.889307
0.715426
0.937859
0.354336
0.626621
1.62825
1.99706
1.34693
1.37145
0.422661
0.803862
0.520545
1.20467
0.824002
0.899054
0.37679
0.158522
0.969308
0.230518
0.646077
0.858304
1.0784
1.27467
1.55771
1.73114
0.865274
1.50164
1.35073
1.62687
1.35977
0.650136
0.762946
0.373197
0.942523
1.13638
1.69269
1.54884
0.595252
1.22253
0.480608
1.01598
1.12999
1.06475
0.557386
0.972176
0.415234
4.10803
1.32613
0.713988
0.274565
0.407944
1.27938
1.62418
0.646844
1.66257
1.10479
0.984302
0.529755
1.34379
0.442167
1.72861
1.06288
0.238639
0.651749
0.309682
1.11121
0.772205
0.807042
1.73876
1.77092
0.411339
0.58887
0.336572
0.994092
0.655823
0.995524
1.17138
0.390925
1.11459
1.22216
0.791523
0.35937
0.369619
0.86385
1.27759
0.537093
0.529708
0.90581
0.855348
1.23035
1.43522
0.391214
0.635423
0.514707
0.762855
2.41892
0.663258
0.410357
1.18068
2.55076
0.564727
0.954956
1.41737
0.815908
0.231733
1.03239
1.414
1.26886
0.375317
1.78662
2.05158
2.35392
0.743362
0.624034
1.11096
1.54445
1.63037
0.858739
1.12776
0.213737
0.189466
0.801388
0.336372
0.502038
0.835579
1.87281
0.497316
0.759153
1.16907
1.10789
0.766466
0.408186
0.669564
1.8626
0.289991
0.654671
1.26011
0.940988
0.904141
0.662607
1.24839
0.599013
1.20475
1.04894
0.637782
0.797146
2.01834
1.44299
1.54043
0.17477
2.39307
1.18681
0.310376
0.6502
1.85988
0.905579
0.541334
0.423228
0.697486
0.4148
0.619606
0.872884
1.72458
1.22444
1.3411
1.58217
0.752682
1.21474
1.8515
1.66692
0.396067
1.20226
0.317659
2.16611
1.85321
0.434258
1.14703
1.06265
1.21671
1.0539
0.479028
1.85349
0.700898
0.192404
1.19891
0.663656
1.88134
0.295288
2.17579
0.421662
0.632195
0.830858
1.35754
0.537433
1.35394
1.14288
0.952231
0.518978
0.57784
1.29547
1.05293
1.10349
0.682464
0.834584
1.15287
1.16936
1.151
0.852344
1.06146
0.861734
1.16154
0.552853
1.10602
0.525354
0.553563
1.2136
1.68704
0.239808
0.731293
0.735431
1.28137
0.598388
1.5255
0.815024
0.725598
1.02544
0.824974
1.05883
0.978807
0.71789
1.22273
0.586716
1.8826
1.96001
1.16555
1.16358
1.52096
0.480523
0.326933
0.359984
0.807869
0.667283
1.75882
0.920242
1.19963
0.802434
1.11735
0.905996
0.40669
1.19175
1.35232
0.487108
1.54391
0.683502
0.397951
0.940645
0.54539
1.22545
0.505823
0.365986
0.505742
0.560676
0.482709
0.869017
0.935403
1.05831
2.19923
0.303866
1.28315
0.234915
1.29826
1.37624
0.696054
1.07509
2.12599
1.04988
2.45146
1.01799
2.52631
1.15182
0.221457
1.20286
1.22944
0.894464
0.735303
0.581714
1.23162
0.503265
0.315691
0.645684
1.41687
0.790936
2.04344
0.431107
0.815275
0.758332
0.878677
1.57246
1.12819
0.61484
0.484994
1.82233
0.269105
0.860903
0.681468
0.694712
0.207614
0.651942
0.70554
1.23005
0.604893
0.984823
1.08146
3.08688
0.82376
0.269185
1.09469
1.12915
0.691849
0.310242
1.93976
0.54712
1.5119
0.960403
1.57886
2.624
1.51619
0.381112
1.16508
0.585081
1.65212
0.151522
1.34771
0.49138
0.737209
0.508582
0.530083
0.932614
0.886952
1.47583
1.81759
1.02206
0.175458
0.302816
1.1008
0.354064
0.59966
0.558907
0.1704
0.770955
1.62228
1.39893
1.46934
0.315475
0.711295
1.36167
2.04062
0.238327
0.379599
0.244462
1.08371
0.793347
0.599722
1.41683
0.448958
0.607389
1.57407
0.288438
1.32983
0.267492
0.4721
0.278601
0.6892
0.820551
1.24989
1.14494
1.141
0.189123
0.527603
0.319991
0.729438
0.261524
0.924858
0.638842
0.271941
0.872536
1.38877
1.30475
0.108441
0.184753
0.950973
1.11345
1.23171
1.77662
0.83659
1.2104
0.23095
0.0539362
0.67506
0.187682
0.754795
2.04474
1.76485
0.654279
0.685137
1.82623
0.274609
0.808606
1.44413
0.513701
0.370534
1.1959
0.34711
1.77429
0.887765
0.741194
0.855957
1.1765
0.899985
1.71284
0.556103
0.99049
0.855717
0.192143
1.36754
0.524343
0.697624
0.524381
0.741569
2.14019
1.76358
0.63394
0.83987
0.568848
0.314574
0.980232
0.839415
1.59697
0.523774
1.48659
0.920766
2.60754
0.177615
0.334935
0.774791
0.55567
0.962642
1.3161
1.24083
0.49004
0.579349
1.82546
1.14157
0.532244
2.08219
1.02566
1.28423
0.117476
0.740208
0.301619
0.46637
0.425094
0.419993
2.05667
1.77663
1.00373
0.459426
2.77829
0.663906
0.383251
1.44213
0.460045
1.53895
0.366544
0.786185
0.914519
0.878444
0.509054
0.268964
0.600784
0.658909
1.38551
0.426074
1.07884
0.858252
1.12398
1.23152
0.271871
0.818489
0.931324
1.48745
1.11662
0.69017
0.898262
0.970178
0.778527
0.360744
0.143771
0.758088
1.54034
1.32386
1.29456
1.41356
1.08594
0.255819
1.57988
2.23255
0.648853
0.838523
0.342442
1.47547
0.675456
2.10081
1.30533
1.21083
1.06023
0.873962
1.28388
0.607186
1.66777
0.628444
0.779811
0.365355
0.82538
0.132474
0.668496
2.44537
1.52064
0.433181
0.73823
0.54288
1.72315
1.2994
1.372
0.831024
0.296167
0.559286
0.340639
0.79793
0.74529
0.789855
0.581289
0.59269
1.42363
1.75711
1.30141
0.780714
1.47097
2.5926
0.596493
2.04644
0.593806
1.20161
1.86816
0.356359
2.48898
2.01951
1.17209
0.200097
1.85674
0.810446
1.4391
0.695985
0.843049
0.799485
0.827554
1.35133
1.30609
0.99913
1.11458
0.299075
0.318296
1.04034
0.313486
0.864621
0.585505
0.993223
1.31553
1.22747
1.56049
0.971686
2.176
0.810588
0.352095
0.873528
1.76316
1.31519
0.32347
1.98311
1.18429
2.56944
0.549275
1.62275
0.458408
1.05289
0.179175
0.915062
0.855801
1.1621
1.94246
0.523498
0.269049
0.935742
0.239455
0.728762
1.3441
1.10368
1.05897
1.05402
0.6258
1.02997
0.347795
1.30887
0.510706
0.759068
1.83236
0.715633
1.24778
0.768606
1.02143
0.355079
0.692509
2.86697
1.08507
0.610577
1.34127
1.27512
1.22877
1.70522
1.11911
1.04722
1.52913
0.954954
0.860549
0.942308
0.670151
1.29223
1.5698
1.58967
0.630039
1.74306
1.06494
0.371424
2.2026
0.21201
0.495111
0.946523
0.874605
0.648698
0.892251
1.14389
0.30546
1.58483
0.986474
1.60337
1.5126
1.65002
0.788441
0.275057
1.50762
0.626311
0.944914
1.67822
1.4781
0.465888
0.506516
0.428503
1.22306
0.752771
2.58104
1.00225
1.67928
0.597493
0.574583
0.700499
1.16676
1.67191
2.35867
0.575943
1.81392
0.599832
0.773884
1.34191
2.07115
0.237135
0.78254
0.799275
0.415324
0.293005
0.516059
1.43773
0.719039
1.52262
1.18649
1.08551
1.05244
0.856886
1.60907
0.420112
0.754112
1.00552
0.70021
1.34642
1.78058
1.04384
1.29751
0.879324
0.354441
1.13771
0.323844
1.37472
1.96313
1.26749
0.896532
1.11696
0.655402
0.779375
0.436819
0.35135
1.45415
2.66968
0.635922
0.671363
1.61356
1.31311
0.658229
1.39348
1.69999
0.809243
1.86312
0.436044
2.12664
1.17946
0.331315
0.867384
1.24013
0.386576
0.786912
3.35196
0.765911
1.13468
0.886347
0.727932
1.51621
1.38043
0.463827
0.159768
0.992012
0.217047
0.801921
1.5902
1.12465
0.599808
0.504412
0.180413
0.40555
0.389884
0.253616
1.88352
1.2837
0.309259
0.968245
0.313154
1.31565
0.539969
2.91313
0.804687
1.71401
0.77973
0.912032
1.31244
1.84259
2.18171
0.377155
1.20461
0.976549
0.7466
0.529244
0.706286
0.742423
0.902052
0.338442
0.619439
2.31374
0.980456
0.25134
1.63037
0.919093
0.763702
0.574906
0.211657
0.40975
0.814875
1.36539
1.64572
1.02088
0.619464
0.507065
1.58956
1.08248
0.710459
1.03219
1.93225
1.75799
0.473373
0.520898
0.712979
1.05079
0.811744
0.613668
1.50309
1.44637
0.966892
1.45179
0.471503
0.265869
0.350017
1.01214
2.05644
1.39761
0.628585
0.385654
0.823797
0.987312
0.317262
1.02299
0.977567
0.612248
1.38493
0.382158
0.836516
0.679016
1.07765
1.80583
0.416796
0.692964
0.901547
1.19044
0.524678
1.64295
1.97354
0.590133
0.619475
1.32751
0.730763
0.609929
0.65859
0.761097
0.706624
0.624911
0.748365
1.84241
1.45276
0.661357
1.28289
0.1551
1.0039
0.672983
1.45506
0.732548
0.986013
0.375047
1.21306
0.167159
1.60699
0.263087
0.71047
0.824326
1.63875
1.08081
0.887529
1.48952
0.946498
0.764649
1.01318
0.694298
0.913294
1.2533
0.383959
0.472758
0.301873
0.495258
0.419257
0.546443
0.772248
0.947788
0.750333
2.56006
1.74783
0.421787
1.20496
1.89498
2.11876
0.322796
1.39756
0.204694
0.305213
1.69478
0.445721
1.0124
1.6185
1.34593
0.496655
0.414895
1.63061
0.159858
1.34707
1.18257
0.671303
1.81636
0.473724
1.41391
0.572821
1.13902
1.88217
0.637681
1.05092
0.220835
1.03747
0.183569
1.55936
1.11206
0.47542
0.741296
0.52552
1.30956
1.14423
0.841166
0.200959
1.85213
0.548861
0.989645
1.32977
0.229634
0.735211
0.574083
0.673669
0.90271
1.39667
0.474109
0.0789137
0.464449
0.411024
1.66101
1.64059
0.385131
0.907031
0.82803
1.1795
0.578894
0.872886
1.14068
1.21258
0.511859
0.639094
0.627815
0.712533
2.09221
1.11607
1.7892
0.84249
1.28361
0.411374
1.64324
1.64413
0.354789
0.80941
0.708615
0.785492
1.11092
0.575586
0.868115
0.434928
2.03727
1.0472
1.27162
0.462758
1.52186
0.693121
1.17273
0.725079
0.701801
0.774582
1.50782
0.520585
1.69941
1.30338
0.540519
0.624038
0.90376
0.997885
0.655758
0.790275
1.42222
1.72523
0.975794
1.68163
1.44408
1.58302
0.831132
0.346031
0.974555
0.806873
0.230594
0.782521
0.133298
0.520372
2.47431
0.540692
1.07675
0.840959
0.297751
0.514196
1.34941
1.63736
0.167742
1.7343
0.895372
0.752598
2.32407
0.808929
0.670578
1.16204
1.12427
0.766938
0.473404
1.50051
1.19068
1.71909
0.18435
0.884451
1.0481
1.71406
2.76038
2.34239
0.596181
2.0643
0.600844
0.305279
0.818614
1.38046
2.35367
0.161915
0.530082
0.484954
0.315205
2.03269
1.46736
0.78044
0.395457
0.271878
0.445067
0.978191
0.650832
1.11215
1.00812
0.31143
1.07328
1.02832
1.29988
1.02193
2.36499
1.53417
0.606728
1.81991
1.68047
2.82553
0.900082
0.9761
1.09072
1.96099
0.418264
0.913227
0.722789
0.9167
1.31417
1.17043
0.810469
0.391468
3.1007
1.005
1.16218
0.506385
1.20169
0.655287
0.81632
0.437173
0.53374
1.66421
0.496908
1.38584
0.610551
1.09742
1.77715
0.531639
0.439082
1.20688
0.266662
0.233224
0.917784
2.02786
1.56691
0.198612
0.3147
1.10374
1.89585
1.40854
0.352548
0.87168
0.665324
0.199781
1.7691
0.949158
0.392184
0.843052
1.74774
1.59492
1.15115
0.305737
0.782358
0.706673
2.07892
0.781066
1.50484
1.01116
0.915019
0.362138
1.20529
1.45392
0.677314
0.964294
0.818035
0.979557
0.571143
2.63216
1.88732
1.1003
1.34133
0.886495
1.57579
0.40553
2.3106
1.42488
1.14326
1.93867
0.992237
1.2127
0.493686
1.36955
1.13006
1.65446
0.179965
0.454779
1.54847
0.706803
0.694004
0.731961
0.874534
1.10444
0.762717
0.874354
0.892852
0.666334
1.49468
1.32184
0.816304
0.975109
0.165368
1.11934
1.43091
2.16075
0.612777
0.266652
0.317165
0.353576
0.623659
2.01265
0.450141
0.277371
1.5022
0.204087
0.864562
0.418467
0.195067
0.891815
0.479776
0.559953
0.361705
1.93662
1.06842
0.989407
1.44755
1.3357
0.974316
0.797511
0.532041
1.12173
0.470628
0.645
1.80095
0.438779
0.156187
0.708409
1.08326
0.943484
1.01725
0.695852
0.869731
0.758592
1.20556
1.23183
1.85156
0.323773
1.49048
0.647598
0.611057
1.18966
0.311958
0.86784
0.467162
1.38285
0.617199
1.03884
1.29034
1.78273
0.766142
0.900781
0.834413
1.40146
1.20028
0.345938
0.381884
0.271894
0.121155
1.20114
0.38386
0.8661
0.91753
0.23355
0.853155
0.935065
0.605791
0.503698
0.952613
0.433573
1.25342
1.2686
2.92111
1.19651
0.607437
1.01334
0.321286
1.07898
0.678151
0.546929
0.539819
0.511239
0.428631
0.945937
0.472235
1.08672
0.558019
0.848127
1.64804
0.679582
1.05543
1.22267
0.782126
1.04102
1.48865
0.366771
0.216047
0.82744
1.15299
1.95968
0.793447
0.448551
0.25041
0.366312
1.60843
1.56893
0.615171
0.923008
0.845753
0.460767
0.390793
0.136201
0.806837
0.953228
1.33079
1.30449
1.37001
0.487966
0.901621
1.48229
1.71581
1.8427
0.682317
0.797593
1.86187
1.48098
0.727755
0.355703
0.542555
1.34115
0.613016
0.298034
0.22155
0.639025
0.328836
0.348564
0.388552
0.993404
0.971092
0.48144
0.545002
1.23883
0.406519
0.644556
0.740105
1.16567
1.49431
0.530817
0.352118
0.662782
1.56698
1.03287
0.369428
0.163207
1.10838
0.586061
1.33509
0.30387
1.42116
1.19626
0.454735
0.453464
0.795504
0.574719
1.88122
0.530759
1.22863
0.46142
2.11724
0.693592
1.19495
0.648457
0.439473
0.439911
0.916253
1.08472
1.0106
1.31106
1.04866
0.445193
0.374712
0.387343
1.13078
0.712863
1.12681
1.11878
0.548016
0.280519
2.03236
0.648439
1.18693
0.921429
1.58851
1.13683
1.08814
0.306262
0.412421
0.318751
0.509188
0.888044
0.589048
0.747337
0.30112
1.8212
0.666937
0.596629
0.427094
1.50589
0.651893
0.298575
0.64864
0.21288
1.49205
2.133
0.392847
1.33125
0.72681
0.870146
0.485589
1.24407
1.051
1.78973
0.378667
0.891994
0.638561
1.13714
1.84444
1.62132
0.748419
2.35216
1.06677
1.05337
1.9488
1.40098
2.74449
1.04434
0.471693
0.326436
0.813934
0.422128
1.80132
0.425021
1.91358
1.98133
0.792469
0.457731
0.569416
2.02758
0.191837
0.655483
2.2435
0.517128
1.09137
0.453543
1.63087
0.511499
0.662155
1.1239
0.592353
2.43793
2.18405
1.07525
1.5152
0.695474
0.891823
1.03929
0.754236
0.581057
0.964638
1.03796
1.38044
1.24603
1.41663
1.43819
0.605898
1.35454
0.89793
1.31052
0.648854
1.84259
0.795937
0.337467
0.744225
1.01084
0.899622
1.41223
0.804008
0.476544
0.716288
0.597533
1.18522
1.53139
1.30577
1.0814
0.634724
0.39745
0.482025
1.87414
2.37658
2.70254
1.88354
1.42393
0.634996
1.31372
0.552468
1.09214
1.33767
0.214379
1.93129
0.940912
0.689437
1.21129
1.38162
2.64083
1.20016
0.219737
1.05639
1.56367
0.200068
0.283975
1.21544
1.2833
0.846806
1.23458
1.185
1.37219
0.822293
1.65149
0.568039
0.342649
1.66611
0.0584113
0.807754
0.692921
0.801356
0.464006
0.842335
0.426578
0.879467
0.708857
0.57964
1.12809
2.14364
1.12929
0.378692
0.536078
1.24006
0.759491
0.309003
0.482063
1.14447
1.58044
0.742585
0.497425
0.397497
1.4244
0.847411
0.501855
0.613284
0.764345
0.272539
0.698619
1.36832
0.469605
1.06905
1.28015
1.62263
0.569198
1.56726
1.11025
1.40744
1.12269
0.961086
0.854603
0.643626
0.395211
1.44927
0.313955
0.724968
1.58888
1.06604
0.756612
1.61751
1.72617
1.85497
0.844522
2.479
1.63511
3.43899
1.37692
1.0554
0.499643
1.56217
0.674509
0.807635
0.769882
0.577042
0.434603
0.977995
0.424701
0.276476
0.287628
0.854721
1.53523
0.0260878
0.834371
1.44933
1.13352
2.44628
1.22482
0.775211
0.933591
1.65053
0.800048
1.08057
1.20109
1.68955
0.7607
1.68094
0.151726
0.266329
1.77872
1.40985
0.995038
0.98191
0.94342
0.313744
1.15877
0.567251
0.787911
0.852972
0.693245
0.578235
1.06947
1.1184
0.483242
0.516851
1.50525
0.447996
0.871996
0.622464
0.542092
1.13785
0.682634
0.529831
0.71319
1.22549
1.82675
1.44618
1.36613
1.09006
0.814354
1.04608
0.45577
1.4992
0.279214
0.213663
1.36844
1.29266
2.02504
1.72065
0.168026
2.07113
1.81869
1.2532
0.705317
1.36056
2.06691
0.46051
1.71661
2.26287
0.733534
1.13996
1.60148
1.51066
1.17389
1.66213
1.09037
0.835198
2.29764
0.738865
0.3942
0.44737
1.38136
2.58606
1.41777
1.87353
0.475886
0.642756
1.78261
1.28318
1.0489
1.02068
0.74237
0.924519
0.631803
1.07952
1.19646
1.64031
1.15297
0.662079
1.44051
0.632104
1.48096
0.38351
2.02829
1.04196
0.737924
0.628758
1.29304
0.779504
0.450896
0.55424
1.13843
0.509684
1.62673
1.79205
0.613183
0.433915
2.17095
2.32765
2.06009
1.77377
0.989732
0.764803
1.19584
0.995581
1.448
0.161514
0.368241
0.720527
0.816456
1.23348
2.0641
0.310459
0.36206
0.222768
0.685187
0.303458
1.88991
1.61175
1.49879
1.20836
0.576669
1.17541
0.434793
0.194983
1.41495
1.25699
0.883416
1.96268
1.71825
0.0732204
1.91319
0.37165
1.53716
1.24908
0.7428
1.43233
1.28849
0.199976
1.50179
0.483574
0.791318
1.65005
1.05831
0.288735
0.29705
1.46183
1.18038
0.908698
0.281554
0.565351
1.67542
0.820183
1.0639
0.738307
0.491963
0.551374
2.47344
0.629175
0.685408
0.346514
0.726499
1.18457
1.8837
1.60646
1.06776
0.683457
1.2142
0.6898
2.39885
1.17498
1.58357
0.700159
1.48634
0.841322
0.59733
0.798896
1.13361
1.05374
0.690898
0.796687
2.04378
1.20751
0.79928
2.66289
0.647972
0.846053
0.657942
0.996632
0.533678
2.23695
0.766842
0.619844
0.404737
0.841452
2.03863
0.9621
0.54442
1.23792
0.885988
1.16489
0.563804
0.201119
0.546404
0.521994
1.76744
1.06141
1.16504
1.47928
1.27556
0.438655
0.546083
1.02815
1.91127
0.844257
0.969612
1.33334
0.911282
0.565016
0.531892
1.9135
0.716326
1.36585
1.23156
2.08233
1.29106
0.660797
1.01309
0.272074
1.80723
0.158751
0.998215
0.630513
1.33224
1.32799
0.290605
0.490253
0.781334
0.326261
1.9272
0.707798
1.01935
1.27059
0.492337
1.79235
0.554829
2.0599
0.438347
0.82774
1.51443
1.15289
0.697534
2.06191
0.318909
0.730885
2.75203
0.28253
1.34173
1.07663
2.91686
1.39776
1.13535
1.59405
0.924458
1.94658
1.5509
0.693214
1.22873
0.925136
0.916745
1.1989
0.978992
1.44118
0.481209
1.75308
0.17989
0.317947
0.424262
2.13085
0.188137
0.985187
1.08955
0.247704
0.403734
0.687323
1.18222
1.43522
0.804689
0.569477
3.01148
1.01847
1.56162
0.633077
0.972281
1.84793
0.466034
0.199686
1.02574
0.18586
2.11315
0.643889
0.6442
0.51375
0.724496
1.20616
1.4414
0.662595
0.343799
1.58793
0.260399
0.652015
0.548059
1.19137
1.71094
2.82212
1.59813
1.54557
0.853656
1.51845
0.899261
0.344656
0.659638
1.59946
1.43535
0.103029
0.878321
0.93525
1.50672
0.4813
1.0061
0.938701
0.9908
0.612916
0.623036
1.08966
0.373528
0.780841
0.278025
0.915843
1.64434
0.810312
0.735784
1.40583
1.76971
0.637224
0.412164
0.28074
0.9696
0.470809
1.83402
1.31633
0.959649
1.60365
0.428721
2.09259
0.755531
1.02337
0.786798
0.965059
0.519053
1.10305
1.99612
1.0224
0.401252
0.858906
1.6338
1.9121
0.56319
0.719497
1.21765
0.419879
1.6438
1.70822
0.286088
2.08623
0.318485
1.26834
1.38496
0.963102
0.883526
0.684219
0.827721
0.47302
1.63659
0.55091
0.715171
0.193487
0.597832
0.597676
1.30035
1.11017
1.06086
0.977297
0.912467
0.71367
0.624308
2.08468
1.47423
0.612161
0.489725
0.841498
1.08427
0.825438
1.07859
0.796699
0.834588
0.629934
1.6304
1.04511
1.18403
1.50282
0.844136
0.588381
1.34304
0.452284
0.47788
0.951283
1.37268
0.878564
1.79703
0.282017
0.34596
1.88918
1.05513
0.71257
0.816223
0.564723
1.30307
0.353811
0.284146
0.730469
0.481655
2.49417
1.27899
1.09021
0.469842
1.19146
1.42857
1.08927
0.17874
0.793349
0.644666
0.902929
2.55451
0.628839
0.48915
0.962272
0.775061
0.243592
0.47796
1.95453
0.609656
1.12623
1.04588
1.14278
0.720508
1.32432
0.757655
1.12143
0.527655
0.483563
0.612584
1.72844
0.160737
1.01006
1.55736
1.23752
1.16458
0.511144
1.10283
0.82245
0.527808
1.12201
1.00301
1.51557
0.279163
0.385266
0.241723
0.859527
1.22495
1.24256
2.77159
0.383058
0.467426
0.645187
1.20686
0.775353
1.35232
0.727764
3.1684
1.94428
0.937232
0.367991
0.956565
0.929748
0.886989
0.600438
0.775118
0.69869
0.597723
1.20512
0.731164
2.31218
1.02226
0.925564
0.354363
0.315603
0.529111
0.295844
0.384476
1.18918
0.743462
2.40694
0.52029
0.500697
1.4192
1.29754
0.665966
1.81651
1.83383
2.07463
1.09505
0.845174
0.85067
1.7329
0.492157
1.08566
0.788548
1.38201
1.53597
1.0332
0.790308
2.03832
0.423886
0.883138
0.311855
0.836223
0.560071
1.53332
1.45831
0.879716
1.34427
1.01314
0.577757
0.455396
1.4865
1.08095
1.48746
1.32256
0.451207
1.19168
0.75355
0.408792
0.976774
0.653107
0.560291
0.764615
0.589948
2.40857
1.42488
1.84545
0.635861
2.54604
1.31995
0.870275
0.752212
0.993523
0.928917
1.71737
0.910408
0.450979
1.06853
0.943828
0.758611
1.63946
1.26194
1.95593
0.625217
0.569895
0.263615
0.234753
0.504267
2.37195
0.761054
0.883673
2.96144
0.936304
2.22463
0.35411
0.883655
1.03238
0.297128
0.589901
0.597444
0.497867
0.393436
0.855037
1.16151
1.46676
0.176388
0.348437
1.75438
1.23537
1.37675
0.585921
0.51792
0.717324
1.0648
1.25106
0.684144
1.66893
1.29385
0.810268
1.58564
1.67102
1.38005
0.250069
0.674384
1.04766
0.69922
1.29832
0.562692
0.807612
2.11595
0.477256
0.552402
2.51861
1.09444
0.357843
1.33862
1.1199
0.825575
0.194486
1.32286
0.813432
0.652341
0.645335
1.19822
0.523567
1.10139
0.517421
1.1493
1.0826
0.376576
1.69621
0.752949
0.973685
1.20967
0.536864
1.51488
0.811789
1.25081
0.323592
0.875103
1.06751
0.932763
0.156533
0.319637
0.494944
0.632898
0.205452
0.256439
0.799793
0.676157
1.17864
0.733249
1.91103
0.89856
0.432311
0.720754
0.906992
1.13348
0.754494
1.82727
1.28684
0.512348
0.769582
0.80352
0.596832
2.64893
0.917898
0.864256
1.33127
0.0997253
1.3167
0.97785
0.933822
0.771271
1.22278
1.04221
1.75881
0.762876
1.23878
0.74838
1.47633
1.54575
1.17257
0.816646
2.20343
0.062832
0.738134
0.423671
0.590269
0.593158
0.278704
1.34422
1.36493
0.746557
2.07884
0.403976
0.601367
1.5036
1.52078
0.828009
0.6137
0.904718
1.50025
0.794643
1.13349
1.95462
1.17941
1.14678
0.947252
0.757387
2.33192
0.924174
0.808695
0.984225
2.27071
0.528322
1.22582
0.373301
1.77488
0.387891
1.09967
2.26692
1.65738
0.997382
0.781866
0.77193
1.12332
1.67597
0.469051
1.02455
1.45255
1.7468
1.66435
0.541974
0.459334
0.916132
1.94068
1.22248
0.742173
0.392032
0.365842
1.1492
2.3046
0.406623
0.303255
0.600567
0.590725
0.57981
0.711221
0.638017
0.755309
0.960221
1.01108
0.888996
0.702734
1.15959
1.44185
0.800239
1.70343
1.43
0.565651
0.340222
0.582398
1.48695
2.78687
1.5948
1.76662
0.810075
0.455377
0.483391
1.07797
0.351313
1.34581
0.822496
2.56845
0.883216
0.530569
1.86905
0.912368
1.15119
1.38002
1.56608
1.35466
0.704087
1.30189
1.16629
0.609134
0.797434
0.349088
1.47399
0.595561
2.01555
0.811473
0.249424
1.21962
0.991128
1.53925
0.304525
2.26797
1.33064
0.770679
1.18645
0.953541
0.454382
1.40087
1.25958
0.733809
0.515002
1.74821
2.39188
0.77305
0.625942
1.76755
0.886643
1.43348
1.22393
0.149311
1.49894
0.516207
0.665383
2.16164
0.255748
0.32855
0.976859
0.578341
0.357883
0.749387
0.443886
0.737114
1.6691
0.241601
0.794842
1.61503
1.3991
0.897075
1.19808
1.80377
0.5887
0.847082
1.26492
0.636876
0.775849
1.98112
1.91054
1.26578
1.09737
0.848561
0.338526
0.227735
1.04164
0.647348
0.26009
0.293957
1.77779
0.395191
0.610888
0.593173
1.05619
0.361272
0.408529
1.41596
0.533906
0.532065
0.541001
0.694949
0.896014
1.26238
0.946189
0.767009
1.29023
0.70139
2.91051
0.145872
1.06853
0.781871
0.374504
0.413506
1.91032
1.68888
0.236794
0.856021
1.36146
0.519202
2.07346
0.495874
0.849847
0.88994
0.944649
2.43412
1.28841
0.864937
0.411189
0.429267
0.437504
0.434665
1.6159
0.49436
0.587915
2.13153
2.22347
0.701215
0.780933
1.02077
1.42544
0.482319
1.18659
0.861879
0.712393
1.91157
0.816957
1.86944
0.828477
0.40263
1.22365
1.15863
1.22057
0.861496
0.990329
0.9324
0.932468
1.242
0.855646
0.472424
1.12004
0.433616
1.01748
2.0097
0.556773
0.960205
0.44829
0.996159
1.32149
0.89153
1.29166
1.52001
0.236672
0.955335
0.362792
0.619888
1.17166
0.773874
1.77109
0.8282
0.49353
1.96477
0.76622
0.594075
0.331577
1.6134
1.36482
0.975636
2.23835
1.04798
0.380392
0.683137
1.23886
2.62459
0.578011
0.450307
0.697458
1.15507
1.97519
0.406258
0.675224
0.954354
1.6371
1.32513
0.42028
1.09227
0.817393
1.93413
0.931035
0.987779
0.280311
0.533862
1.1476
0.184728
0.928293
0.484182
0.22798
0.517938
0.602515
2.29748
0.529228
1.54597
0.971445
2.6686
0.905354
2.82474
0.488182
0.161997
0.992899
1.17024
0.62367
0.415049
0.270006
1.01653
0.447017
1.10118
0.912
0.182066
0.499945
0.751874
1.85768
1.04133
0.968232
0.857342
0.410284
0.306266
1.30019
0.779877
0.259429
1.70275
1.359
0.282158
0.262036
0.887015
0.478587
0.677459
2.07914
1.14103
0.8909
0.732577
1.19842
0.755862
2.99491
2.71655
2.20269
1.34675
0.482327
0.446834
0.320285
0.465495
0.750423
0.480348
0.874806
1.53694
0.315924
0.525929
2.58107
0.711206
1.82073
0.244215
1.43277
0.880211
1.42681
0.664918
0.732469
1.38722
0.48151
0.903259
1.07939
0.540201
1.26564
0.581136
1.73344
1.66467
0.78272
0.885385
0.574956
0.581699
0.438242
1.56148
0.372954
0.773409
1.78775
1.04762
0.188207
1.27035
0.469576
1.23467
0.527554
1.15033
0.388705
0.7215
0.923187
0.296174
0.726466
0.269863
1.16918
0.555686
0.509145
0.33919
0.20183
1.19729
0.71282
0.359897
0.598204
0.724801
0.842078
0.905417
0.655152
0.276099
0.699321
1.17985
1.72028
0.63636
0.659668
1.05385
0.523058
0.43467
2.31184
1.25629
0.924295
1.35185
0.547221
1.11821
0.885926
1.43851
0.63558
2.18451
0.389385
0.866128
0.910282
0.857946
1.25996
0.451856
0.568441
0.566886
0.362288
0.987025
0.303231
0.732092
0.568522
0.330535
1.10089
0.943224
1.14241
1.24088
0.890256
0.675309
0.19101
0.456339
0.871032
0.541376
0.674986
0.286724
1.46147
0.90753
0.821792
0.379723
0.987202
2.26047
0.859695
1.61711
1.26314
0.439384
0.969977
0.681286
0.338566
0.878403
0.267803
0.340135
0.719318
2.25018
0.60413
1.64371
0.980332
0.624501
1.34377
2.06318
0.554089
0.434445
0.561396
0.30355
0.982985
0.592033
0.383657
1.02336
0.980509
1.08381
1.19451
1.64426
0.364126
1.63894
0.776855
1.96496
0.736788
0.480863
2.58053
1.34212
0.392134
1.29331
0.204714
1.46657
0.839245
1.03482
0.629136
1.91294
1.30806
0.907907
0.806911
0.921574
0.63957
0.754165
0.394872
1.17059
1.99269
0.530745
1.33307
1.40599
1.70342
1.1886
1.46657
0.565725
0.411802
0.970671
0.37238
0.245971
1.13396
0.961419
1.16848
1.02372
1.80966
1.61963
1.54648
0.698701
1.0665
1.01414
1.48308
0.938694
1.37431
2.74402
2.46634
0.362055
1.6236
0.548658
1.45369
0.562994
2.23176
0.801926
1.86051
0.774716
1.33098
1.91855
0.987127
1.85193
0.383245
0.745009
0.620819
0.18521
1.48946
0.548309
1.59193
0.741266
1.11079
0.878378
0.949312
1.18358
0.300378
0.767418
0.867532
0.555168
1.00483
0.695802
0.846387
1.60232
0.862837
0.767513
0.0631418
0.810116
1.72142
1.07811
0.687565
0.398704
0.999583
1.83226
0.549704
0.909168
0.67881
0.731885
0.968033
2.57238
0.64328
0.244827
0.880429
1.27444
0.402103
1.66271
1.57706
0.586799
0.334311
1.05962
2.1003
0.828104
2.36178
0.557738
0.559674
0.847957
0.632693
1.62396
0.112051
0.38122
0.533207
1.61941
0.882656
0.911732
1.20352
0.0722738
0.849031
0.283712
0.598845
0.466858
1.86351
1.3033
2.19291
0.389279
2.53167
0.154078
3.51229
0.274688
0.316363
1.28487
1.27075
0.549111
1.25501
0.391629
1.89179
1.16847
0.985534
0.774523
0.524731
0.38556
0.94992
0.720003
1.57175
1.32206
0.422226
1.43612
0.702707
0.963459
0.497788
1.38463
0.590925
1.01382
0.84505
1.03144
1.03226
1.4291
1.13524
0.290656
1.15139
2.98182
0.680718
0.818916
1.64596
0.361309
1.33094
0.222293
0.927911
0.82716
1.01003
1.08611
1.24106
0.739297
0.725454
1.22594
1.1157
1.09466
0.456724
0.731488
0.536741
1.22624
0.612293
0.499532
0.969923
0.55605
0.645389
0.183207
0.375637
0.0572367
0.663755
2.05322
0.832339
0.706245
1.16204
0.817043
0.474354
0.470177
1.38308
1.16452
1.67711
2.01205
0.402006
0.979754
0.730534
1.73356
1.14494
0.772572
1.86361
1.28365
0.367028
0.0659959
0.583439
1.20994
0.38104
2.19752
2.17404
0.379118
0.605498
0.919784
4.06054
1.19937
0.658683
1.07287
1.4759
1.49368
0.611129
0.316065
1.15639
1.98938
0.584783
2.57944
0.437247
1.1433
0.205184
0.479184
0.893015
1.9361
0.623886
0.942883
1.05801
1.13726
1.26901
1.16421
0.76123
0.784177
0.816688
0.296861
0.405932
0.932156
0.371169
1.72513
0.865467
2.63568
0.81453
0.214983
1.09336
1.1151
1.62082
0.501715
1.31846
0.667263
0.375471
0.1453
0.951072
1.00845
1.36823
1.71394
0.652737
1.19111
1.84022
0.786194
1.88149
1.89272
0.993375
0.341982
0.453943
0.705166
3.41083
2.3422
2.83523
2.57745
0.99308
0.773473
1.19303
0.459653
1.22489
0.841373
1.82772
0.652211
1.54372
0.300668
0.959852
0.810404
0.95105
0.655896
0.192065
0.778494
0.671897
0.200815
1.26929
0.910051
1.56724
0.78719
1.45137
1.86638
1.19319
0.510937
1.58605
0.927031
0.299912
0.257281
2.1506
1.2297
2.01449
0.946413
1.13081
1.7136
1.44674
2.09279
0.278939
1.33834
0.832348
0.681726
3.05055
1.14742
0.417849
0.928362
1.09716
1.2886
0.24499
1.42048
0.70168
1.29111
0.983694
0.149333
0.97225
1.03934
1.12543
1.50277
1.34407
1.43034
1.11445
0.999141
0.674521
0.776201
1.05891
1.91547
0.697041
1.23224
0.921904
1.91615
2.27178
2.37785
0.591629
1.19905
1.89627
0.561435
1.8927
2.56112
0.757118
1.27223
0.736499
0.604113
0.269751
2.08747
1.12632
0.492497
1.51419
0.438893
0.470813
1.25389
0.241266
1.27894
0.0953475
0.532323
2.56637
1.30699
1.25544
0.490896
0.477561
0.677912
1.07388
1.27464
0.584813
2.69379
1.31856
1.32558
0.991255
0.544683
0.879426
0.652732
0.319837
1.55904
0.870011
0.704564
1.14951
1.2298
0.334647
1.27226
2.13615
0.563801
0.789043
1.2762
0.29909
0.313314
0.409518
2.04788
0.5882
1.05895
1.61135
0.335203
0.769797
1.35165
1.45488
1.40662
1.93262
1.19914
1.67338
1.79037
0.483514
1.05045
0.282903
0.769454
0.901461
0.743157
0.657828
0.944233
2.64389
0.791245
0.733123
0.535926
0.548045
1.7589
2.73788
0.68384
0.414575
1.54973
1.47781
1.06987
0.314239
0.39314
0.86922
1.43067
0.651422
0.717138
0.443298
2.12327
1.6765
0.40308
0.766525
0.60075
1.4976
1.22401
1.40412
1.15479
1.64755
0.69288
1.54614
1.37936
0.470557
2.65791
0.494409
0.783856
1.27188
0.777474
0.63435
2.08681
0.910239
1.03635
0.837358
1.38983
1.08853
1.97218
1.66561
0.214131
1.02338
2.20875
1.02467
1.02961
0.880225
0.213402
1.34249
1.03224
0.856357
0.179473
0.676249
0.723613
1.55795
1.12497
0.827714
0.401443
1.10336
1.09762
3.99026
0.934539
0.297422
2.10924
0.556545
0.750184
0.774241
0.80559
1.59758
0.581544
2.12823
0.404115
0.791807
2.33088
2.25164
0.389239
0.866143
1.15756
1.97494
1.21724
1.13317
0.439462
0.904154
1.04989
0.915877
0.880889
0.511571
0.581029
0.668549
0.566215
0.661968
0.984213
0.962812
0.807663
1.1436
0.948317
0.734222
0.875439
1.69626
0.538503
0.602331
0.275733
0.853158
0.161652
1.03928
0.389624
0.756677
1.02872
2.07765
1.49849
0.347374
1.46582
1.90868
1.43528
0.876763
0.382032
1.76961
0.63347
0.481997
1.09941
1.17281
1.26271
1.42265
1.23523
1.35548
1.13238
0.523853
0.220422
1.64606
1.06613
1.94558
0.142812
0.251678
0.506322
1.72461
1.49688
0.580765
0.813824
1.12493
1.35297
0.539873
0.471284
0.551652
1.53412
0.261696
1.51979
0.419613
1.12821
0.501579
0.538193
1.55203
0.804361
0.44703
1.56463
0.953269
1.46873
1.06886
1.02121
1.16925
0.907147
1.28033
0.50891
0.458215
1.01894
0.936754
1.5493
0.618784
2.51606
1.091
0.559013
0.600447
1.39147
0.502758
0.981397
1.60908
2.2097
0.526277
1.94485
0.645077
1.06513
0.621374
1.06246
0.487081
0.298107
1.18912
1.55756
0.476287
1.22944
1.15828
0.799577
0.968019
1.20942
1.39272
1.16607
0.639175
0.350523
1.79207
0.646886
0.838069
0.285176
1.42854
1.18827
1.42096
0.297405
0.496473
1.22066
1.56605
1.13236
1.93552
0.699918
1.44668
0.92619
0.437929
1.33725
0.573931
1.60929
0.630733
0.253527
0.548112
1.27153
0.791467
1.6699
0.40513
0.584127
0.85772
0.77972
0.843634
0.311679
0.240028
1.14489
0.663776
0.78338
0.596353
0.364701
1.49072
1.5168
1.67581
0.476449
0.667914
1.00511
1.32421
0.236517
0.711614
0.530216
1.04968
1.33975
0.844831
1.32167
2.31116
0.821947
0.488334
0.710172
0.748343
0.283278
1.42459
0.272431
0.701366
1.93047
0.248656
0.286865
1.55487
1.60204
1.40772
1.30718
0.894924
1.64852
1.71531
1.56651
0.337591
0.51218
1.69017
0.590761
0.155122
1.07012
1.57117
0.318296
0.618621
0.558007
1.46577
1.00879
2.10403
1.17446
0.279135
1.51013
0.756594
0.86849
1.12315
1.54848
2.36753
1.22607
3.58796
0.683908
0.587541
0.428421
0.9864
1.70153
0.868424
0.832524
0.498818
0.599045
0.216156
0.854155
0.715641
1.11105
0.127696
1.47379
2.36795
1.0982
0.528955
1.00282
0.821312
0.42337
2.68504
1.04111
0.925269
1.30449
0.734811
0.613995
1.50854
0.409354
0.460114
0.98002
0.773134
1.16438
0.671472
0.524084
0.866791
0.747104
1.20503
0.87501
1.10131
3.01815
1.32103
1.45538
0.840724
1.63251
1.27125
1.67319
0.735272
0.76037
1.2258
1.06889
1.27285
0.291834
0.978096
0.351626
0.93703
3.05646
1.46123
0.453675
1.4163
0.5073
2.95731
1.89751
1.52554
1.8322
1.80807
0.410381
0.965456
1.97103
0.910354
0.757844
1.44867
1.72599
0.761533
1.45773
0.838545
0.502027
1.00334
0.720249
0.57012
0.121479
1.02656
0.369432
0.384031
1.85341
1.04867
1.21642
0.8133
1.01658
0.98623
1.21875
2.08084
1.65779
0.377023
0.627806
0.584774
2.55126
0.679711
1.05984
1.41884
0.20266
0.593728
0.631235
0.88829
1.0597
1.40073
2.43298
1.06475
1.77944
0.913383
0.534314
0.771995
0.773951
0.681679
1.34748
1.60328
1.42826
0.195975
0.320448
0.432886
1.8087
0.854281
0.337126
0.667203
0.633695
0.464341
0.909484
2.08216
1.93857
1.72227
0.622785
0.711793
1.04778
0.673796
1.05066
0.528692
0.743588
0.887634
1.51034
1.31257
1.15707
1.01803
1.00482
0.382905
0.845756
0.637431
2.21776
1.23179
2.0379
1.20258
1.21894
1.15514
1.96203
1.08327
0.520272
0.507177
0.37464
0.799351
0.426546
0.586908
0.828611
0.8167
0.37375
0.745081
0.688297
2.30089
1.77022
0.847778
0.837675
2.04174
0.228794
0.500484
0.437662
0.626113
1.39649
0.542248
1.55272
0.750689
0.537715
0.702186
1.50174
1.50596
0.539473
0.637387
0.923294
0.583597
0.329492
0.612399
0.793779
2.40711
1.13788
0.612713
0.470451
0.446593
0.510575
1.02022
0.676022
1.60379
0.504553
1.10913
0.987076
0.483092
0.838282
0.630096
0.414991
1.78088
0.800323
1.2003
1.54885
0.508962
0.526188
0.744796
1.06257
1.08175
0.242035
2.40867
0.153915
1.17597
0.846591
2.04689
3.19118
0.467788
0.783705
1.02482
0.405883
0.813594
0.660867
0.887844
0.631557
1.12178
1.08584
2.1321
1.31912
1.44642
1.54743
0.958563
0.464562
0.664382
0.851604
1.29112
1.6152
1.24471
2.30924
0.937065
1.1399
0.96255
2.24928
0.701072
0.823453
1.16614
0.317084
1.78976
0.821865
1.162
1.10649
0.216744
1.16378
0.292035
1.11322
0.309706
0.840187
0.386371
0.697669
1.59189
0.662305
0.404237
0.487911
2.44337
0.652983
2.35861
1.49801
0.576036
1.12945
0.513806
1.18671
1.61137
1.5867
0.45122
2.5826
0.935962
0.354326
2.07027
1.70902
1.20346
0.881238
0.606018
0.987883
1.4012
0.2527
0.817485
1.08253
0.322157
0.287659
0.836669
0.364909
0.597338
1.58089
0.516539
0.327364
0.332367
1.86342
0.965299
0.949822
1.00424
0.278699
0.598171
0.451649
0.6034
1.7183
1.04487
0.685221
0.551448
0.248174
1.85555
1.01104
0.289157
0.702688
1.06172
0.665113
0.629674
1.21441
0.449456
1.26869
1.24429
0.769053
0.507628
0.817017
0.502517
0.216182
0.755781
1.18682
0.369672
1.74614
0.0286796
0.668626
0.580224
0.809409
0.668855
0.420437
0.328519
1.10092
0.461431
0.209043
0.257316
1.47209
1.1361
1.23529
0.532679
1.04182
2.41314
1.67793
1.87061
0.512655
1.40291
0.81732
1.45381
0.314228
0.414816
1.24649
0.379568
2.0591
0.365096
0.717932
0.282136
1.25155
0.517068
0.763985
0.427706
0.663259
2.11515
0.750894
1.99016
0.774761
0.276586
0.710304
2.03748
1.91528
0.789746
0.53371
3.91094
0.783736
0.907766
0.860066
1.18435
0.686576
0.212044
0.835592
1.31235
1.50859
1.62181
0.573652
0.68162
2.0939
0.423571
1.91387
0.994079
0.338046
1.78273
1.23176
0.371716
1.75069
1.91838
0.413855
1.41866
2.85073
0.369266
0.550974
0.271241
0.752633
0.34239
1.13472
2.25133
1.21348
0.517705
1.14399
1.24596
0.355299
0.484361
0.921247
0.216754
1.55016
1.09101
0.524635
0.407432
0.505598
0.293418
0.208673
2.68596
1.82076
0.920386
0.305864
0.368907
0.815013
0.0732526
1.12243
0.610474
0.452931
1.72968
0.984676
1.76226
0.987497
0.634805
1.26828
1.65063
0.722994
0.487839
1.41277
0.773205
0.639856
0.239986
1.61548
0.817069
0.86651
0.768511
0.295026
0.64617
2.35365
2.23607
1.25089
0.690229
2.05804
0.588179
0.531431
0.764244
0.558678
0.673747
1.67397
1.01231
0.932279
0.248496
1.33084
0.696104
1.64058
0.664161
0.493212
0.273796
2.13848
0.468977
1.29026
0.537731
0.511171
0.897904
0.633092
0.738715
0.581274
1.14998
0.902271
0.651956
3.28488
0.803488
0.185261
0.724714
1.31019
1.13921
1.06957
1.26639
2.3487
0.508976
1.6841
0.233791
1.79307
1.23497
0.597521
1.38766
0.559777
0.758773
1.1659
0.325989
0.932878
1.19125
1.91919
1.62629
0.627177
0.420875
0.957916
0.954977
0.616511
1.22666
1.1616
1.09613
0.586166
1.03956
1.20062
0.922363
1.63126
0.94631
1.39821
0.506198
0.579834
0.737507
2.16683
1.14175
0.995373
2.24734
1.65899
1.60593
2.30291
1.75499
0.517364
1.03087
1.44277
0.974401
0.313275
0.816194
1.1112
1.10485
0.638241
1.35789
1.42119
0.993666
0.529464
0.354821
0.783845
0.87566
1.16117
0.775653
1.51302
0.739797
0.375302
0.60428
1.64362
0.544285
1.24426
0.0699723
0.885441
0.300022
0.458305
0.999055
1.4084
1.94505
0.401859
1.83092
0.574343
0.333889
0.508508
2.17573
0.572596
1.87854
0.702164
2.14704
0.575479
0.367727
1.79183
0.752405
2.84683
2.36272
0.545595
1.02018
0.655231
3.35369
0.824805
2.38939
0.275817
0.316167
1.03742
0.752259
1.05355
0.779945
0.754927
0.288804
0.995161
1.69377
1.19602
0.958308
1.54581
0.833583
0.998308
0.434038
1.30432
0.59768
0.613897
0.847019
0.694608
0.677992
2.31815
1.12072
1.34644
1.10779
1.05483
1.90629
0.594317
0.426763
0.79754
0.43319
0.805029
1.62851
2.6239
0.399315
0.397215
0.758864
0.528369
0.635603
0.417395
1.24425
1.90775
0.457658
0.930483
1.11608
1.36722
0.275177
0.325441
0.8111
1.28057
0.373886
1.41652
1.20082
0.743555
1.54353
1.75545
0.651554
0.534153
0.691048
0.760204
0.39356
0.994013
1.88255
0.817296
0.660824
0.72937
1.26662
0.217971
1.51598
0.880508
1.43493
0.936533
0.840146
0.642584
0.601902
1.1745
0.525678
0.4576
0.347733
1.16334
0.542074
1.56225
0.86458
1.47964
0.455059
0.931165
1.75832
0.433247
0.125772
1.23121
0.829441
1.16024
1.22241
1.61308
0.886825
1.2697
1.03653
0.893197
0.124859
0.542369
1.61332
0.783018
0.690353
0.749054
0.365339
0.806012
0.267529
0.844901
0.694792
0.551253
1.16103
1.4536
0.452334
1.53814
1.23676
0.963826
0.761804
0.97612
0.421558
0.199618
1.14453
0.943468
0.918044
0.619984
0.424051
1.36102
0.610967
0.543824
0.799999
0.790769
0.58643
0.7296
2.44555
0.692303
0.221583
0.922738
0.804446
1.17733
0.888756
1.20582
1.15548
0.459524
0.851956
1.53183
0.694659
0.525375
0.884965
0.76322
0.720756
0.694464
0.499939
1.69149
1.01008
1.33213
1.52153
2.08903
0.556136
0.624255
1.1753
0.655802
1.0435
0.149755
0.489014
1.36928
1.43303
1.34238
0.461459
0.267959
0.305291
1.38344
0.519314
0.310604
1.67609
0.322442
0.415507
0.265384
0.56499
2.17837
0.395267
4.28602
2.10355
0.6658
0.960522
0.615775
0.796262
0.563065
1.19674
0.378411
0.440477
0.387049
0.663614
2.28733
2.29899
0.658543
0.181197
1.29837
0.318145
0.95794
2.02938
0.412962
0.906171
0.652543
0.638135
0.284075
0.420806
1.03917
1.20894
0.37718
0.529766
0.93597
1.38713
0.718192
1.5562
0.977489
0.764243
0.523021
1.31548
0.601935
1.23106
1.62972
0.15442
1.75242
1.67423
0.893717
0.60791
0.94686
0.835492
2.58973
0.184116
0.602737
0.412174
1.05193
1.50778
1.21057
1.41997
0.973141
0.480384
1.30711
0.175642
1.44694
1.77026
1.801
1.65024
0.388447
0.482312
1.90589
1.63011
1.47775
1.05743
0.766539
1.38944
0.580209
1.0913
0.723937
2.86547
0.823862
0.755813
0.402753
0.905844
0.278144
0.765318
0.296759
1.52459
0.422216
0.419528
0.503296
0.622585
0.199854
0.677674
0.366227
0.879736
0.950896
0.558283
0.433656
0.933253
0.695796
1.13713
0.712331
0.302544
1.06961
0.5348
1.37012
0.984288
0.562807
0.913412
1.47408
1.22747
0.596798
0.577536
0.810194
1.50568
3.06578
1.58934
2.7499
1.27645
1.23732
1.28901
0.524065
1.0357
0.726701
0.255288
1.4485
1.71141
0.838183
0.76481
2.6713
1.35187
2.25259
0.787147
1.53347
0.571631
0.465547
1.50561
0.113159
1.19222
1.64758
0.832584
0.387944
0.64658
0.104833
0.420708
1.44581
0.971197
0.38979
1.89001
0.439049
1.0726
0.741957
0.397817
0.322184
0.884214
0.58457
0.863172
0.680675
1.62846
0.303467
0.774647
1.20176
1.38512
0.3315
0.801273
1.04511
1.16619
1.26715
0.394242
2.36879
0.770319
0.736811
1.1024
0.196123
1.0354
1.41961
0.212752
0.352985
1.3501
1.26609
0.913967
0.947293
0.859329
1.38325
1.39343
0.470625
1.37072
0.313394
1.81269
1.29949
0.39871
1.89819
0.584123
1.02426
1.47786
2.27093
0.887371
2.33772
0.969219
1.25973
1.561
1.1357
2.12929
2.1027
0.931258
0.405862
2.07187
0.796476
0.396071
1.477
0.933519
1.01658
2.01978
0.605378
0.86875
1.2487
0.736194
2.12083
0.636793
2.32333
1.35904
0.15084
1.95677
0.927789
0.640163
0.710007
0.739398
0.873549
0.590462
0.376387
1.01217
1.30035
0.631087
1.41841
0.323134
2.38173
1.45618
0.350934
0.458305
0.71102
0.962118
1.46013
0.439126
0.521285
0.194373
0.646441
1.1926
0.809459
0.464862
0.17483
2.40334
0.232913
0.188328
1.33857
1.42294
1.1026
1.34097
1.28812
0.19667
1.25755
0.911709
1.16478
0.656865
1.75698
0.880394
2.35171
0.765671
0.313847
0.983641
1.02445
0.42535
0.763068
1.26573
0.664554
1.13815
0.878793
0.735282
0.703634
0.487697
0.544763
0.309439
0.536379
1.51905
1.18946
0.736162
0.255056
1.11258
0.500765
0.575927
0.66139
0.223932
1.26836
1.08884
0.794034
1.72124
0.450354
0.303146
0.753136
0.327517
0.94029
0.543055
0.451351
0.900693
0.679734
0.548958
1.15792
2.13749
1.14925
0.70545
0.298272
0.27764
0.865294
0.340974
1.56476
1.19109
1.26029
1.45207
1.62238
1.25117
0.586154
0.32792
1.69371
0.127102
1.00443
0.835217
0.466828
0.86243
0.474194
2.20672
1.12971
0.665405
0.962945
2.07187
0.226696
0.739265
0.201927
0.612093
0.67085
0.650349
0.89449
1.61509
0.569981
0.390077
1.53248
2.85841
0.971015
1.50767
0.368057
0.630988
0.996993
0.304674
1.72437
0.363003
0.43189
0.304213
0.490569
0.798904
1.75874
1.53407
0.747271
1.00401
1.10806
0.697333
0.913626
1.61942
1.67451
0.832204
0.94451
1.10318
1.84337
0.597107
2.91309
0.806546
0.629161
1.38271
1.28007
0.296792
0.507167
1.43106
0.830662
1.21632
1.82486
1.24404
1.13709
1.37897
0.757283
0.771435
0.591596
0.611428
0.572201
0.643095
0.676216
0.739166
0.336805
1.66355
0.407489
3.78749
1.83902
0.171112
0.80693
1.36205
0.259137
0.748861
0.335219
0.247205
0.692432
0.862231
1.87084
0.518164
1.20527
0.90103
0.638866
1.95249
1.80566
0.700185
0.462196
1.09216
0.424226
1.29649
2.01441
1.03222
0.771377
0.575817
2.31238
1.54013
0.642524
0.383238
0.981164
0.612833
1.33326
0.135296
0.482815
0.272305
1.86393
0.691992
0.897355
1.30308
1.18811
0.645126
1.08584
0.670344
1.26267
0.782644
1.10369
1.57843
0.47578
0.566747
0.920737
1.13141
0.755183
0.395566
1.3642
0.952274
1.0367
0.544942
0.944171
0.33593
0.961146
1.05191
1.21493
1.06694
0.324868
1.20968
0.54141
1.07442
0.595815
0.703734
0.146878
0.748766
0.486895
0.574216
0.316173
0.55957
0.815062
2.11932
0.391915
1.04878
1.12399
1.16231
0.937679
2.55598
0.542371
1.11214
1.09111
0.300768
0.451276
1.75994
0.429859
1.18015
0.612507
0.941659
0.43599
0.542476
1.21818
0.263013
0.598633
0.492456
0.238565
0.595001
1.15809
1.9144
0.458581
1.38358
0.625019
1.18715
1.5694
0.970715
1.2682
0.578815
0.701162
0.659582
0.720137
0.350647
0.761894
1.21263
1.40568
1.25965
0.627611
1.36225
0.860502
0.51297
0.549542
1.05245
1.16448
1.46871
0.995162
0.56728
1.96364
0.622378
1.03432
1.30464
1.50195
1.08932
0.334815
0.538229
0.573968
2.24789
1.52416
0.631639
1.27801
0.687005
0.835719
0.564953
0.997257
0.64143
0.776312
1.38295
2.01346
0.760893
2.36212
0.205211
0.61386
1.93285
0.38797
2.09597
0.320473
0.17278
0.911982
1.40631
0.355577
0.823428
0.53711
0.830939
0.682738
0.695229
0.139418
0.450122
1.66513
0.686539
1.26207
1.97227
0.126136
1.56489
1.68489
1.5018
0.829204
1.32078
1.73981
0.259045
0.860612
0.80487
1.20408
0.836983
1.44092
0.784903
1.24073
2.91675
0.468341
0.562331
0.515281
0.188043
2.02773
3.40124
1.14773
1.33187
0.860461
0.590944
0.843668
0.750643
1.37165
0.70651
0.959012
0.962138
0.210425
0.273354
0.178813
0.339141
1.51809
0.297672
0.547857
1.4516
1.26175
0.598144
1.14261
0.499314
0.344853
1.30839
1.52349
1.51583
1.24907
0.740203
1.62772
1.67257
0.879553
0.396446
0.350571
0.961593
1.06766
2.32755
0.925892
0.821854
1.24309
0.910311
0.272123
0.380084
1.71441
1.23151
1.13277
0.594408
0.91565
1.48507
0.109465
0.682554
0.626957
0.969289
1.66627
1.22043
2.45759
0.357845
1.10654
0.560653
1.16392
1.05928
0.858712
0.366364
0.730986
0.785299
1.6625
1.12599
0.819915
0.803095
0.293356
0.90996
1.33459
0.616325
0.309181
0.417257
0.560557
2.45886
0.468923
1.09653
1.40758
1.44437
0.570658
2.07151
0.664282
0.511613
1.38483
1.6294
0.434703
0.372803
1.5633
1.75694
1.27601
1.21541
0.663917
0.785049
0.699928
1.51675
0.900972
0.978831
0.51603
0.381332
0.630255
1.19486
0.170782
1.23706
2.40669
1.01359
1.06479
2.86539
1.15611
1.87379
0.537021
0.412087
1.73265
1.3355
1.42125
0.636122
1.48618
0.268322
1.30207
1.002
1.16628
1.72381
0.842441
1.25843
1.97813
1.26816
0.909421
0.733425
0.263873
0.667223
0.265496
1.58504
0.685728
1.5041
1.40025
0.847737
1.24419
1.4382
0.915263
1.22557
1.29705
1.20432
0.303867
1.58327
0.907597
0.794946
0.767792
0.788655
0.564469
1.22655
2.36978
0.506793
2.02409
0.793814
2.23988
0.395581
1.20645
0.701589
1.83797
0.946679
0.814392
0.801036
0.625844
0.362592
1.24581
0.947461
2.63849
0.870014
1.57529
0.527254
0.447838
0.502335
0.655853
0.566093
1.14353
1.91922
1.3974
1.00162
3.27438
1.06367
1.6784
1.02444
2.24996
1.29596
0.48393
0.746315
0.265497
0.684045
1.58065
0.40866
0.791704
0.705151
1.0918
1.74434
1.83256
1.01544
2.42798
0.512131
1.41261
0.40087
0.774012
1.69244
0.24681
0.619916
0.723913
1.18687
0.557225
1.0563
0.56785
0.213165
1.77141
0.557653
1.84845
0.24343
2.48468
1.15113
1.56576
0.415415
1.66187
0.768175
0.945489
0.26661
0.588281
0.30338
1.01041
1.17306
0.97494
2.24991
0.51844
1.29543
0.926169
1.27408
1.18101
1.29589
0.417554
2.26836
1.25933
1.11825
0.997179
0.344288
0.546473
0.831001
1.00094
1.7236
1.10587
1.17398
1.18863
1.49056
1.00429
1.9926
0.477086
0.619057
0.569687
1.2915
1.29503
0.463649
0.684743
0.553906
1.20329
2.615
0.544361
0.756806
0.679062
0.486249
0.643971
1.27926
0.66589
1.45351
0.910599
1.34056
0.164095
1.27941
0.259133
1.59607
0.345609
1.18493
0.308662
0.526914
0.47602
0.678832
1.28856
1.70982
1.18139
1.37004
0.679903
0.369466
0.831379
0.437854
1.14533
0.732641
1.6693
2.90632
0.661902
1.72109
0.557381
0.372326
0.521205
0.200288
0.842612
0.799259
0.42563
1.89881
2.03181
0.48282
1.19365
0.393738
1.74074
1.50683
1.4699
0.63252
0.455888
1.98704
0.463736
0.691368
0.321178
0.903312
0.291466
1.57592
0.56893
1.81928
0.662412
1.22165
1.43624
0.966042
1.17246
0.413212
1.17647
0.866175
0.920781
0.603529
1.87732
0.383588
0.589351
0.643294
0.696879
1.10506
0.86823
0.626434
0.785502
0.115952
3.31249
0.892538
0.734382
0.649964
2.13516
1.00969
0.67625
1.01364
0.26855
1.42845
0.709416
0.40325
1.61511
0.322871
0.662003
1.21536
0.47003
2.32359
0.140936
0.765062
0.518263
0.533956
3.24139
0.390306
1.93737
0.970579
0.818568
2.5849
0.789738
1.82714
0.876697
0.635364
2.07661
1.08392
0.351273
1.08506
0.381967
1.13885
0.958873
0.93531
1.25616
1.2768
0.641957
2.14984
0.898466
0.196607
0.876438
0.470195
1.41459
0.634784
1.58935
1.2599
1.0451
1.19913
0.442849
1.41353
0.625238
0.699283
0.260318
0.938331
0.989375
1.70045
1.34417
0.874781
0.384042
0.426033
0.763131
1.15897
0.204451
0.440001
1.02313
0.201799
0.627053
0.415661
0.251946
0.560987
0.533356
1.28654
0.5552
1.10375
1.78405
1.44258
0.799556
1.06238
0.849425
0.710053
1.06137
0.713937
1.4807
1.51681
2.08445
0.317206
0.226431
1.47594
2.21692
0.98646
0.744554
1.26734
0.50393
0.442
2.28795
0.856984
1.11938
0.658227
1.67639
0.526739
0.688507
0.895042
0.897304
1.68136
1.61283
0.750351
1.34242
0.948032
1.26816
0.132972
0.417794
1.52141
1.8117
1.21957
0.686805
1.36403
1.29781
1.11955
1.64163
1.07559
0.46807
0.871417
0.822521
0.392573
1.09305
1.30179
1.94002
1.84456
1.0828
2.01963
1.21688
1.62317
0.681061
0.58871
0.650573
1.24568
0.36841
0.133714
2.00282
2.29214
1.79922
1.3619
0.463391
0.207062
0.627561
0.40326
2.1925
0.64575
0.414417
0.594574
0.215223
1.6064
0.942225
1.21164
0.621379
1.39171
0.224453
0.748572
1.43072
0.679354
0.878948
0.551567
0.919271
0.597985
1.53498
1.56322
3.79103
0.345669
1.55191
0.302102
1.57227
2.41889
1.53272
1.63226
1.55874
0.627107
0.494937
0.597532
0.766086
0.506435
1.20211
1.02351
1.18295
1.94919
1.92188
0.523212
0.494561
0.54859
0.712244
1.39225
0.891496
0.312234
1.01658
0.544197
0.716177
0.367414
0.53284
0.942995
0.529845
1.4986
1.31099
2.00281
0.490387
0.663258
2.92816
1.27852
1.25752
1.67722
1.58831
0.504108
0.367722
1.40375
1.23305
1.13238
0.803368
1.02829
1.14284
1.13591
0.0859202
1.40534
0.78126
2.47935
0.609967
0.578185
0.491486
0.342965
0.718776
0.678585
0.907725
0.67629
0.913196
1.05199
1.25069
1.52133
1.0789
0.68834
1.81085
0.248732
1.07105
0.775856
0.403496
0.144298
1.171
1.18968
1.35674
1.74595
1.15672
0.654037
1.69862
0.163562
0.205948
1.05505
2.30893
2.36488
1.34225
1.37813
0.631176
2.54322
0.85161
1.06324
0.961538
1.01226
0.706055
0.705673
1.60821
1.65634
0.628366
0.95465
1.33882
0.725763
0.404281
1.43889
2.18899
0.389033
1.37695
0.772044
0.710008
0.909025
0.580619
0.432091
0.940357
0.179903
1.17224
1.11841
1.32527
0.646136
0.751412
1.00882
1.4274
0.507544
0.380121
0.950161
0.324054
0.778809
1.27535
1.28039
0.437849
0.984891
0.182943
0.48519
1.68954
0.183123
0.426172
0.938314
1.59668
1.48874
1.01303
0.460382
0.50099
0.549739
0.744151
1.2561
2.2383
0.277079
0.871223
0.403384
0.597198
0.421441
1.36373
1.94769
0.924507
0.571363
0.295737
0.7836
0.877496
1.12867
0.352843
2.61794
0.863467
1.13498
1.22115
1.3391
0.298972
0.410456
1.10661
0.244609
1.33582
0.909051
0.852026
1.8892
1.00935
1.44711
0.748451
0.319965
1.02237
0.8663
2.01026
0.351788
1.29274
0.83797
2.45059
0.74756
1.69091
1.65343
0.394169
0.432486
0.20615
1.23509
1.67504
1.30762
0.877822
1.18185
0.925826
1.08029
0.475019
2.65245
1.56862
1.86007
2.16616
0.182634
1.14795
0.782577
0.432011
2.0271
0.538042
0.0291405
0.822699
0.8513
1.7068
1.23864
0.202891
1.04282
0.749997
1.3072
1.42588
0.385207
0.431148
0.155102
0.251746
0.477363
0.917264
0.525485
1.3811
1.72735
2.51284
1.75212
1.50609
2.15224
0.135664
0.318041
2.0185
1.43044
2.30636
0.208387
1.6249
0.650526
0.357994
0.870649
0.463049
0.149053
1.24512
0.50624
0.485695
0.191689
1.34311
1.0794
0.820649
0.202542
1.6325
0.254371
0.902409
0.923623
0.566379
1.14274
0.370428
1.29723
1.16224
0.728724
1.28811
0.593988
0.428569
0.69074
0.530987
0.667916
0.619199
0.285503
0.559648
0.978914
1.25494
0.749631
0.924371
1.35603
0.868376
0.129268
0.820956
0.509315
1.25262
0.828151
0.508523
0.719801
0.886992
0.140972
0.671219
0.489407
1.63529
0.868217
1.40631
0.665196
1.11972
0.297424
1.45843
0.793958
0.555172
0.949735
1.98447
1.24513
1.28045
1.63457
0.486379
0.503907
1.58018
1.2046
0.682575
2.53286
2.34164
0.628578
1.25291
2.14216
1.40717
0.623934
0.253927
1.14516
0.643883
1.15307
0.745524
1.49704
0.946479
2.82749
0.843986
0.816247
0.277941
0.660525
1.51186
2.27273
0.755508
0.786297
0.245494
0.7016
0.881134
0.110262
1.52447
1.08853
0.45976
0.499942
0.616928
0.245637
1.06051
1.58399
0.785612
0.294172
0.631867
0.541541
2.61953
0.602968
0.67912
0.7834
0.503591
0.209793
1.30626
0.991636
1.02829
0.259281
1.26243
1.66091
0.919381
0.431089
0.654713
1.02893
0.859174
0.628742
0.317721
0.681661
0.907676
0.490254
0.732627
2.77768
1.20913
0.49825
1.34004
0.400352
0.480826
1.22869
0.514916
0.858739
0.187764
0.638388
0.857806
0.852265
1.65454
0.808822
2.31943
1.40815
0.928582
0.424079
0.663839
1.58836
0.521872
0.357367
0.880421
0.801215
0.949884
0.699807
1.26366
1.13347
0.485658
0.717875
0.872921
1.19246
0.822625
0.961125
0.921877
3.00346
1.46359
1.2983
0.813375
0.913656
3.12317
0.230195
0.308514
0.555718
0.930882
1.78773
1.56212
1.92375
1.73795
2.64428
1.27746
0.530261
0.704621
0.8454
0.698217
1.18643
0.634201
0.998842
0.132728
0.18935
0.864568
1.04168
1.61174
1.55468
1.78331
0.733937
1.3996
2.23429
1.28568
0.743745
1.11549
2.11672
0.830342
0.172399
0.919137
0.597373
1.19321
0.268562
1.53509
0.57697
0.439759
1.25662
1.12592
0.554823
1.03741
0.623391
1.16939
1.57939
0.585162
1.22583
1.43822
0.840272
1.78799
1.20975
0.61017
0.85324
1.30916
0.805289
1.91827
0.432342
0.411655
1.1059
0.555287
1.26472
2.20582
0.656868
1.80073
0.629893
1.4727
0.592184
1.39975
1.23645
0.901935
0.827814
0.484568
0.946316
0.493702
1.28488
0.810613
1.20673
1.41166
1.59566
0.45754
0.462167
1.03206
1.10917
1.0695
2.13192
1.33503
0.580849
0.952091
1.01655
0.37808
1.47874
0.953906
1.42784
0.855796
0.832413
0.200099
1.20075
0.242404
0.258446
1.47824
2.04647
1.12551
0.371901
0.756468
0.78203
0.337919
0.290929
0.76388
1.19605
1.16575
0.680453
0.425648
1.26196
0.895471
1.12162
2.18198
0.123411
0.73283
0.58026
1.20996
0.47946
1.4005
0.806025
1.8581
0.522969
1.36059
0.570072
0.270813
0.962038
0.773967
0.195694
1.24575
0.540894
0.476917
3.53769
0.682458
1.03484
0.796414
1.93504
0.305649
0.619441
1.24566
0.707194
0.927001
1.21159
1.55025
0.505192
1.6495
0.427526
2.16731
0.581723
1.08314
0.864879
0.16657
1.08213
1.08371
0.469749
0.535891
0.933173
1.1585
0.417246
1.45662
1.38107
0.648149
0.35447
0.235993
0.677794
0.787481
0.670103
0.391171
1.25192
0.723907
0.251732
0.353997
0.695613
2.482
0.516662
0.906546
1.24789
0.798877
1.41428
1.35583
2.02076
1.54024
0.240489
2.63751
0.795677
1.27069
1.79068
1.91036
0.901623
0.679301
0.978269
0.612065
1.26185
1.15765
0.478668
0.332281
0.738541
0.866587
0.999504
0.919531
1.438
0.549706
0.40208
0.44679
1.04625
0.272363
0.323978
3.0052
1.03691
0.29364
0.77109
0.692647
0.398268
0.951276
0.522401
0.960377
1.14354
0.58151
1.0236
0.809196
0.914131
0.50045
2.50123
1.42512
0.440679
0.156413
0.801663
1.28476
0.25371
0.544484
1.52993
0.706829
0.269701
1.77667
0.653006
1.82375
1.39744
0.527283
1.26544
0.797714
0.650087
1.53353
1.62503
0.877583
1.3674
1.43465
1.00846
0.425921
1.03428
0.355518
1.90712
2.4566
0.753329
0.871241
0.677702
0.571448
0.430506
0.68753
0.962311
0.974513
0.318404
2.10952
1.37231
1.75165
1.36036
0.932374
2.13105
1.48718
0.212479
1.66124
0.27127
0.549224
0.838309
0.415525
1.1111
1.89239
0.976655
1.57919
0.948047
0.800608
0.357268
1.05167
0.884405
1.20387
1.28953
3.3181
1.29865
0.872073
0.529721
0.696061
0.907536
1.18455
2.36553
0.778009
0.313463
1.4554
1.62034
1.75132
1.31425
0.727168
0.649468
2.78694
0.651418
0.848977
0.813766
0.680589
0.627338
1.11619
1.14117
1.93807
1.94646
1.11799
0.767871
0.706766
0.257573
0.712661
0.386631
1.13288
0.994607
1.52234
0.279005
0.658445
1.46321
0.465492
0.848043
0.623969
1.30212
0.896187
0.916759
0.6047
1.6847
1.03588
0.718488
1.18662
1.16821
0.676946
1.99157
0.712663
1.55558
0.8739
2.97324
0.714436
0.654962
0.749186
0.816346
1.61558
1.1822
0.63958
1.2873
0.462353
1.97004
0.99682
0.312202
0.264083
1.2675
2.30151
1.5789
1.34478
0.958232
1.44071
0.538103
0.497199
0.821783
1.13339
0.850631
0.746206
0.577239
0.662956
1.9578
0.404843
1.38676
0.386098
1.25669
0.466325
0.923075
0.396102
1.59699
0.536071
0.923558
0.832662
1.03768
1.91068
2.38403
0.696441
1.09414
0.256325
1.26222
0.680329
0.718344
0.540926
0.878298
0.815651
1.13859
0.354327
0.614171
2.04966
0.325671
0.959104
2.59381
0.426802
2.50257
0.937343
1.18362
2.2782
0.526878
2.04064
0.951985
0.465947
1.10119
0.982271
0.0846431
1.12471
1.42558
0.778165
1.10419
0.539694
1.30427
0.407738
1.54101
1.09027
0.584746
1.49636
3.20718
1.239
1.69868
1.51252
0.97094
0.639992
2.05233
0.464454
0.604685
0.860682
1.09403
0.468034
0.745657
0.480142
0.848119
0.749706
1.23384
3.21952
0.864544
0.676731
0.969078
1.28231
1.59266
0.777278
0.790272
1.50034
0.76504
1.21242
0.687204
0.774816
0.463333
0.926805
1.46011
1.58562
0.700204
1.39551
0.77296
2.40622
0.815587
1.08183
1.08051
0.723759
0.751863
2.23241
0.712045
1.3833
0.927641
2.71201
1.26875
0.214741
0.669725
0.995666
0.811111
1.60683
1.43373
1.07259
1.09885
2.20769
0.540853
0.506828
1.04203
1.8723
1.55049
0.661069
0.778157
0.863026
0.713597
1.47789
0.464745
1.77642
1.26356
1.53617
1.70162
1.15561
1.1541
1.00966
0.660529
1.75686
0.903546
0.839293
0.779087
1.18167
1.13167
0.254083
0.186195
0.34801
0.775041
1.64116
1.6071
0.891779
1.7213
0.48591
1.22775
0.787421
1.30067
0.45115
0.37872
1.19417
0.554008
0.919222
0.904401
1.03209
0.855792
2.34682
1.36897
0.864424
0.366234
1.59063
0.586667
0.664649
1.07302
1.05254
0.5091
0.429761
0.82372
1.13995
1.06437
1.31096
1.03066
0.206044
0.36554
0.47706
0.66912
1.95949
0.458092
0.635877
1.14185
0.446672
0.29796
0.474958
0.359408
0.91823
1.75379
0.50756
0.843174
1.93563
0.437398
0.960941
0.645618
2.22408
1.18677
1.56255
0.342179
1.65158
3.01155
0.717432
2.69999
1.39604
0.907831
1.38796
2.97818
0.804752
0.190044
0.748228
0.410578
0.402063
1.52737
1.06482
1.06765
1.66877
1.27789
0.78438
0.669603
0.430219
1.06014
0.655417
1.25533
0.404832
0.291438
1.79296
1.81952
0.556041
0.264736
1.53251
0.680076
1.03957
0.575034
0.312999
1.11528
1.26497
2.03439
2.6475
1.25488
1.90534
0.493519
1.34564
0.943657
0.859124
0.973773
1.32156
1.62413
0.456664
0.883885
0.242848
0.590357
0.561557
1.43854
0.860149
1.19703
1.18484
2.54134
0.722588
0.556039
0.64371
0.348712
1.39443
0.495388
0.844794
0.947261
0.836358
1.69893
0.194712
0.668848
2.13606
0.369533
0.531629
0.503495
1.33402
1.23949
0.560069
1.38933
0.289752
1.24371
0.858836
0.970076
1.74141
0.777467
0.614786
0.793034
0.608455
1.64473
0.411761
0.814306
2.14811
0.885528
0.70154
0.590971
2.22077
0.541156
0.677443
0.431587
0.390423
0.203011
0.785706
0.917565
0.715772
0.243002
1.0174
1.23833
1.09312
0.519483
0.669145
0.719312
0.98849
0.625824
0.925437
0.328873
0.504645
0.146649
1.08586
0.339602
0.342596
0.812649
0.464835
0.963334
1.19277
1.68536
1.35419
0.153798
0.643121
1.85811
0.767184
1.33248
0.406394
0.834313
0.436969
0.901793
0.528173
1.14673
1.28387
0.4969
0.503868
0.43114
2.00676
0.326907
0.685234
0.533844
1.06913
0.853514
1.45094
1.05569
0.918675
0.813822
0.601852
1.21806
1.41326
0.272062
2.69646
1.1921
0.795738
1.1146
1.30361
0.132993
1.95555
2.53836
2.14705
1.41475
1.52263
0.585096
0.307701
1.17427
0.129814
0.209426
1.53726
0.72632
1.1694
1.04762
0.547693
0.97836
0.113365
0.974349
0.659011
1.93363
0.36245
1.03654
0.477003
1.41065
2.06014
0.722175
0.656152
1.60406
1.16241
2.70472
0.554004
1.25522
2.35062
0.826083
0.797496
0.392124
0.280373
2.59226
0.406271
0.2746
1.3086
1.08086
1.10744
0.299218
0.510223
0.389691
1.44995
1.08828
0.455343
0.549316
0.803705
1.73426
1.42772
0.555642
0.754904
0.242085
0.514887
0.900348
0.782915
1.15443
1.18292
0.743569
0.0962226
0.759944
0.449313
1.23922
0.707929
2.52482
1.43109
1.52354
2.19584
0.707129
1.5485
0.0662249
1.29277
0.960943
1.84753
0.567109
0.527032
0.687862
2.0649
0.783633
0.83396
0.966192
0.315804
1.40503
0.644987
1.31581
1.6446
0.636702
1.19656
1.26753
1.19866
0.893507
1.71178
0.227122
0.782424
1.03531
0.914756
1.11027
1.49943
0.18987
1.01736
0.533653
1.32472
2.13104
1.75756
1.03473
1.95384
0.484933
0.431423
1.1543
1.48849
3.00542
1.29957
0.66418
0.209554
0.345462
0.705153
0.854985
1.92037
0.81965
0.225771
1.19507
1.30415
1.15425
1.29075
1.1469
0.191086
1.03374
0.616857
1.27838
1.371
0.568404
1.99667
0.199903
0.825833
0.639531
1.6495
0.45062
0.564364
0.57648
0.732351
0.877414
0.522035
0.845648
0.696455
0.296109
0.467354
1.28045
0.66495
1.14301
2.0224
0.534109
0.487299
1.21315
2.1826
0.348928
0.628672
1.51437
0.475572
0.451901
0.652452
0.930921
1.79311
1.2969
0.419378
0.661739
0.728929
0.804513
1.83336
1.15634
1.26672
1.73394
1.4743
1.31771
0.241858
0.968891
1.33012
1.99955
0.702996
0.853306
3.07432
1.30474
1.17107
0.921064
0.420397
1.87138
0.902529
2.24438
0.588817
0.436568
0.512075
0.573451
0.424453
0.26129
0.943987
0.585475
1.44661
0.736841
0.499445
0.685307
0.739383
0.403932
0.779593
1.4086
0.940394
1.26995
1.01419
0.74731
0.434206
1.30754
0.78253
0.9854
0.897997
1.66464
0.723452
0.935173
0.350545
1.04956
0.454874
1.80184
1.8179
0.638599
0.671777
1.44812
1.17937
0.995013
2.21879
0.902157
0.968379
1.10202
0.606381
1.21307
0.85461
0.773267
1.45473
0.386727
1.7005
2.30088
2.17904
0.451225
0.85171
0.353511
1.23623
2.26547
0.907367
0.485792
0.509156
0.377206
2.47702
0.572151
0.396218
1.44554
0.971277
2.08054
1.00789
0.684316
0.89226
0.158451
0.773928
0.660217
0.542289
1.21637
2.27998
1.82762
0.250618
0.6834
0.263624
0.190878
0.881674
1.26649
0.595983
1.07222
0.841463
0.762365
0.570589
0.692778
1.05824
0.92972
0.309678
0.529245
0.75609
0.157275
0.432891
0.37114
1.03762
0.416999
0.513354
0.457993
0.753475
1.17449
0.744314
0.492174
1.90144
1.10264
1.43796
0.883682
0.980649
0.242482
1.24139
0.977011
0.986306
0.952449
0.178442
2.13216
1.04943
0.78621
1.10229
2.73822
0.928092
0.415769
0.0676122
1.04083
0.807404
0.866002
0.74849
1.12322
1.50835
0.51148
0.973507
1.06739
1.91996
1.5183
0.939182
2.02481
0.906472
1.29755
0.86106
1.55202
0.3878
0.276398
0.36283
0.363805
0.53082
1.77768
0.633616
0.722812
0.930512
3.16454
1.04425
1.8035
0.5036
0.746705
0.415277
0.975798
1.50396
1.75711
1.29358
0.843788
1.26985
1.17978
0.429756
1.36652
0.972501
1.29657
1.45106
0.637059
0.217778
0.586912
1.4683
0.344453
3.27824
0.635599
1.74654
1.38352
0.227168
1.45988
0.387816
0.82121
1.86941
1.78896
0.174772
2.18775
0.777082
1.24694
2.51899
0.25849
0.726485
1.35542
0.456919
0.384341
0.751142
0.360685
1.61617
0.822579
0.878033
1.73818
2.09757
0.660606
0.422067
0.405818
1.34584
0.399785
1.04505
0.537186
0.276783
2.27883
1.5081
1.52898
0.858735
1.60061
0.394732
1.35185
1.10654
0.283571
0.938476
1.49076
1.10769
0.900428
0.84738
1.35179
0.44073
0.386149
1.60809
0.679999
0.613331
0.313878
0.661251
0.89719
0.544203
0.413036
2.17006
0.282996
0.590083
0.509793
0.680782
0.708784
2.52514
0.845643
2.43034
0.15381
1.00571
0.650008
0.578769
0.705191
0.730026
0.339559
0.440615
1.38139
0.647928
2.49211
0.30126
0.497809
0.813443
1.46698
0.500794
1.39298
0.796643
0.323186
1.33091
1.30414
0.608337
1.13733
0.580058
0.835237
1.11171
0.76505
0.732311
2.18714
0.444551
0.713612
0.272196
0.993541
0.506227
0.710929
0.915721
2.97867
1.18668
1.00403
0.9133
0.546274
1.11532
1.06379
1.77291
0.509131
1.53065
0.250271
1.51924
0.748779
1.50394
1.46172
0.934508
0.685668
1.05849
2.41246
0.638278
0.608186
0.511078
0.889748
0.529157
1.54689
0.490148
1.0793
0.494353
1.1473
0.36476
0.645413
0.553775
0.783819
1.24192
0.748616
0.709307
1.03686
0.529084
0.703095
1.58687
2.53328
0.47077
0.602453
1.04198
0.565895
0.449659
0.833507
0.19203
1.11479
0.701095
0.918971
0.667769
1.56559
1.50108
0.177906
1.29418
2.16711
0.214729
0.524356
0.786918
1.30801
0.610371
0.533466
0.495678
2.34815
0.63919
0.328527
1.19323
1.15156
1.16999
0.272369
0.729819
1.08033
2.7817
0.547344
1.84409
1.6117
0.657659
0.588423
1.47756
1.12753
0.708843
1.64695
0.51766
0.569473
0.244567
0.887863
1.17607
0.984512
1.55355
0.580092
0.541922
0.710149
0.868564
0.508632
0.928194
0.981848
0.507363
1.83414
1.29553
0.24901
0.595634
0.417921
0.317587
2.22368
0.577591
2.85925
0.5818
2.0343
0.615551
0.595907
0.345985
0.761424
1.41256
1.56502
0.609908
0.933089
1.15339
1.06985
0.773226
0.687158
0.814619
2.05988
0.588217
0.814563
0.468709
2.21283
0.83171
1.97778
1.30133
0.932333
0.625883
1.05382
1.07478
1.10082
0.402255
1.62938
0.581792
0.827771
0.302841
1.10457
0.855434
0.589227
0.63624
0.35651
2.30488
0.699601
0.64247
1.77922
0.426906
0.68923
1.35415
0.369392
1.90193
2.29926
0.523873
1.75454
0.696662
3.2245
0.90916
0.264336
1.35198
1.39082
1.04047
0.11253
0.464848
0.71985
1.19211
0.811943
0.641121
0.717224
0.895354
0.916179
1.69364
1.24192
1.52307
1.20352
0.692755
2.25591
0.404325
3.54863
0.617149
0.959835
0.23286
0.25707
0.897174
0.572064
0.748465
1.39681
0.218697
0.92832
1.34256
0.654803
1.77271
0.15826
0.582653
1.23789
0.33812
0.555004
0.939396
0.745849
0.874447
0.872414
0.595095
0.533262
0.766577
0.550176
0.668861
0.893514
2.04944
0.988145
0.945046
1.01138
0.923824
0.740466
0.852418
1.18793
1.92273
0.535694
0.672744
1.23928
0.938642
0.933169
1.70406
0.491986
1.96701
0.381838
1.84947
0.745895
0.560014
0.460787
1.08216
1.1063
0.360501
1.20528
1.253
1.13972
1.20999
0.808361
1.1075
0.441976
0.793659
2.31908
0.204321
0.713035
0.29947
1.76324
1.02594
1.27279
0.603083
1.56398
0.204093
0.907445
0.759879
0.993163
0.52624
1.53911
1.09389
0.986065
0.825362
1.55734
1.15231
1.25878
0.343865
0.761298
2.21601
2.18846
0.833718
3.24576
0.837808
1.16213
1.33215
2.37002
1.03712
0.692488
1.91557
1.11619
0.532117
0.95373
1.40386
1.75629
2.82218
0.938096
1.72099
0.995286
1.24157
0.79397
0.321023
0.729756
0.633442
3.04334
0.893806
0.327579
2.42433
0.65524
0.24468
0.38348
1.08591
0.611725
1.84552
1.11622
0.480922
0.313188
0.459453
0.397939
0.410246
0.851001
1.21761
1.58119
0.999975
0.693355
2.85262
1.57464
0.759496
0.909024
0.914306
0.477915
0.598661
1.44543
1.58156
0.723953
0.610784
0.592198
1.51046
0.566029
1.02656
1.70582
1.27245
0.56033
1.09822
0.719854
0.767254
0.69374
1.76777
2.09701
1.03652
0.226013
0.440143
0.615156
0.33316
1.37725
0.315068
0.596459
0.847755
1.35074
3.76738
1.02938
1.372
1.02818
0.160644
1.01608
0.49547
1.2925
0.522289
0.380335
0.388703
0.91735
3.87605
0.343812
1.10755
0.742947
1.24639
1.00542
0.549717
2.08283
0.910996
0.905066
0.690841
0.497654
0.412226
1.45393
0.929172
0.431745
1.1745
0.894528
0.692514
0.757138
0.789023
1.24536
1.09768
0.293251
1.10346
1.11134
0.699513
0.720837
1.28873
0.690236
0.478596
3.24438
2.75483
0.663099
0.170721
0.412028
1.35312
1.15271
1.36193
0.701961
0.895316
0.347433
2.01332
0.972165
1.39872
0.253886
0.901239
0.510299
1.78115
1.70027
3.251
0.621995
0.721569
1.27693
1.24416
0.945054
0.538209
0.860905
0.403284
1.04372
1.47924
1.66072
0.846183
1.2895
0.297344
0.679966
1.76305
0.273407
0.452855
0.855124
1.66403
1.92636
0.401451
0.913934
0.696157
0.542911
0.676219
0.94442
0.535179
0.551474
2.26371
1.29466
0.767753
0.533255
0.355695
0.448263
0.415748
2.14053
0.298788
0.551126
0.954304
0.927798
1.03015
1.56003
1.16491
1.18206
0.242283
0.281241
0.983874
1.52357
0.676583
1.49878
1.07905
1.1703
0.518677
1.54884
1.79601
1.34932
0.959648
0.698548
0.471383
0.963104
0.671474
0.722269
1.59875
1.61893
3.29586
1.0861
2.07088
0.734733
0.964647
0.758987
1.11114
0.891718
1.85418
2.16585
1.60058
0.310155
1.75166
1.09848
0.368009
1.20884
0.371697
1.33933
0.314357
0.426197
0.342186
1.23926
0.966912
0.667383
1.46956
1.07915
0.96142
0.42905
1.67821
0.848435
1.00822
0.489775
0.293603
0.694468
0.63701
0.893011
1.17884
1.95323
1.09475
0.26604
0.929554
0.420356
0.993693
0.463363
0.437623
0.673965
1.52408
0.174187
0.851694
0.47428
0.879224
2.67095
1.40837
0.701025
0.579297
1.72711
1.54912
0.539775
0.364921
0.131709
1.25093
1.38611
0.871995
0.580525
0.527289
1.09126
1.032
