1.44678
0.428848
1.25345
1.55663
0.880349
1.39555
1.30947
0.660195
0.674649
0.560403
1.37012
0.728724
1.17529
0.957052
0.93749
1.3276
1.91875
0.89083
1.12749
1.04643
1.29872
0.778949
1.94411
0.349348
0.585688
0.866861
0.310408
1.19501
1.1953
1.06757
1.44495
0.91176
0.885146
1.34477
1.73345
1.30255
0.857415
0.919644
1.12593
1.6642
1.14341
1.8537
0.384201
1.1428
1.28069
1.22573
1.09817
1.87706
1.77052
0.804355
0.76748
1.42226
0.740411
1.39464
0.797379
1.2266
0.675371
1.21186
0.76479
0.981537
0.391419
0.642993
0.520919
0.748577
2.42748
1.56263
0.653897
0.780464
1.11901
0.619233
0.9847
0.430175
0.397687
1.2378
0.902127
0.823275
0.725179
1.03697
1.3632
0.581198
1.22975
2.43281
0.92835
1.21919
1.39019
1.00584
1.74244
0.553926
0.732109
0.954788
0.481226
0.629415
0.251544
0.998976
0.868543
1.58582
2.60782
0.509358
0.663589
0.456155
1.18666
0.788591
1.12411
0.841545
0.893755
0.55775
0.899828
0.537734
0.821276
1.16803
0.910767
0.148882
1.20583
3.37784
1.48914
1.2712
0.657386
0.553305
1.16387
0.939838
1.65752
0.932409
1.03244
0.680698
0.204159
0.934369
1.36181
1.17961
0.683767
1.90709
1.52832
1.02581
1.32785
2.01323
1.00687
0.642424
0.961947
1.49259
1.19536
0.452187
0.490519
1.70805
1.49144
1.54211
1.03276
0.481151
0.743448
1.24167
1.28856
0.3425
1.58406
0.357964
0.617033
0.633985
2.17557
1.43749
1.53207
1.02016
1.61868
0.800693
1.41333
1.19804
1.3023
0.994954
0.61415
0.39708
0.832799
0.790316
0.418354
1.31343
1.6492
0.904604
1.40141
0.824956
1.44758
1.0214
0.744809
1.58283
0.910242
1.36844
0.887733
0.76874
0.974838
0.457064
0.672894
0.698588
1.19666
1.50916
0.949096
0.495713
1.52002
0.818863
0.896495
0.970441
1.32791
1.30316
1.31733
1.42569
0.666878
1.2698
1.29787
1.85724
1.61294
0.226992
0.735454
0.531658
1.53668
0.924341
0.241527
0.999623
0.627736
0.351924
1.1475
1.41177
0.780938
0.922055
0.48496
0.360105
1.46905
1.6943
1.03845
0.902417
1.21091
1.19281
1.63592
0.246659
2.75294
0.976469
1.688
0.900841
0.735123
2.01986
1.42858
0.259874
1.68078
1.19547
0.587629
0.992821
1.16245
0.751435
2.54364
0.441073
1.69244
0.751874
0.891099
0.963512
0.489075
1.34068
0.808054
0.718747
1.40417
0.758745
1.01974
1.28152
0.940424
1.23833
0.974574
1.53722
0.961489
0.473755
1.24532
0.864261
0.494626
0.606136
0.735686
2.01473
0.873349
0.849411
0.657215
0.954873
0.814693
1.21725
1.17808
1.79737
1.29504
1.00649
2.22337
1.01034
1.02363
1.40595
0.190197
0.827065
1.04766
0.741714
0.948298
0.940933
0.490221
0.83024
1.15961
1.49685
0.562199
0.968957
0.720611
1.02015
0.338871
1.13446
1.33879
1.33618
0.536481
0.789048
0.71508
0.803669
1.55898
1.51258
1.14888
0.981319
0.987859
0.498862
0.664515
1.23125
0.424807
1.13046
0.793261
0.78226
0.688273
1.96771
0.795342
0.705137
1.69232
1.74771
1.45773
1.39639
0.68633
1.25232
0.459883
0.53819
1.24182
0.497185
1.75915
0.353081
0.294573
1.7458
1.37384
0.606551
0.966364
2.13011
1.11073
1.74383
0.676846
1.20077
1.0814
0.560396
1.21129
0.922462
0.749792
1.33159
1.12539
0.660853
1.08285
1.03785
1.22264
0.83405
0.80248
1.07549
1.28194
0.961682
0.208121
0.283636
0.933146
0.882623
0.693827
1.3191
1.10834
0.527692
0.732856
1.15819
0.793701
0.205378
1.98416
0.599977
0.220708
1.29315
0.4925
0.329452
0.400236
1.50906
0.264778
0.409736
0.921476
0.936583
0.517883
0.841548
1.10568
0.851202
0.265576
0.592846
0.818124
0.499532
0.408333
1.32553
0.766291
0.481411
1.51996
0.863765
1.7432
0.743543
1.93998
1.21472
0.523019
0.645819
0.349775
1.02334
1.44016
0.795588
1.34437
0.612559
0.462102
0.259119
1.25604
1.1812
1.25022
0.626784
0.781908
0.751497
1.3615
1.83508
1.01016
0.48327
0.449882
0.148046
0.618084
0.956621
2.05056
0.127791
1.36639
0.640794
0.822417
1.67411
0.475611
0.838274
0.85182
1.5868
0.42709
1.05616
0.318852
0.446923
0.337269
1.10224
0.541467
1.50289
0.818519
1.80081
0.901198
0.506734
1.2475
1.65199
0.119579
0.488671
1.35813
1.81864
0.998763
1.1816
0.89691
1.44263
1.17858
0.567064
1.1866
1.28617
0.194586
1.34201
0.662995
0.454797
2.06777
3.20039
0.390706
1.18295
0.752991
0.813856
0.868176
2.14103
1.21662
0.352142
0.854373
0.548027
1.23106
1.39086
0.99854
1.50162
0.700603
1.38583
1.26682
0.50636
0.722479
1.62636
0.988629
1.04504
0.537392
1.21185
0.751297
1.52752
1.21231
1.11336
0.852745
0.256954
1.49813
0.422757
0.690821
0.543916
0.43531
1.09323
0.380567
1.52016
1.12273
0.968399
1.45892
0.385147
0.82595
0.963895
0.875417
0.337889
1.52117
0.74033
0.631173
1.13602
0.661405
1.48345
1.04542
1.60532
1.77288
1.09796
1.83573
1.63148
1.49542
0.727136
1.07234
1.2237
1.21969
2.02551
0.650798
1.15582
0.657029
1.13419
0.989375
0.458679
1.63468
0.870731
1.36697
0.903129
0.318486
1.0408
1.49469
1.42578
0.452697
1.17725
0.489524
1.57649
1.2308
1.46718
0.589935
0.796202
0.889919
0.408331
0.338001
0.417908
0.844076
1.1987
1.4166
0.969174
0.981924
0.946894
0.706047
0.677494
0.945649
1.87868
0.933175
1.56148
3.23746
0.806146
1.72245
0.850116
0.36416
0.334992
1.82924
0.979036
0.925589
0.928992
0.768208
1.62138
1.07871
0.761638
0.625217
1.45669
2.07931
1.3062
0.706354
0.853756
0.27331
0.652333
0.692665
1.08914
1.3474
1.48702
0.607013
0.402318
1.42511
1.1501
2.44285
1.37487
2.15016
1.41
0.687678
0.565742
0.883072
0.65919
1.66218
0.592002
0.911225
0.552865
0.281836
0.763928
0.420812
2.25395
0.642214
0.949694
0.738377
1.75071
1.41911
1.40349
0.80678
1.82861
0.859668
0.663614
0.736551
1.07194
1.13318
1.15013
0.845833
0.805379
1.59714
1.50837
0.733033
1.00038
1.63104
0.798599
0.545016
0.858969
0.931758
0.349608
0.936089
1.38046
1.26117
0.903407
0.474929
1.05136
0.458681
0.167194
1.99124
2.17065
0.367481
0.259555
0.653922
0.998841
1.02013
1.30567
1.97796
0.628201
0.917698
0.836493
1.4314
1.33531
0.501216
0.486864
1.17664
1.14878
1.01785
0.593666
0.842164
3.13007
1.43497
0.384118
2.29051
1.43711
1.04261
0.180089
0.953613
0.898791
0.469463
1.22841
0.696316
0.704476
1.00925
0.88525
0.989644
1.02557
1.89583
0.493597
1.04207
1.29376
0.802538
0.90759
0.791294
0.793354
0.868372
1.66733
1.02483
0.649975
0.905784
0.752767
0.6828
0.793525
1.68207
0.413354
1.70722
1.11752
0.5579
1.78704
0.557662
0.977993
0.872767
2.90221
0.512474
0.452587
0.669994
0.614325
1.19468
0.587884
0.647068
0.748865
1.24337
1.71749
1.57932
0.507896
2.20964
1.76949
0.738574
0.854633
0.598118
1.49968
0.877927
1.39437
0.57333
0.649379
1.03966
1.31276
1.03605
1.03191
0.549064
1.70116
0.852194
1.26517
0.934838
1.02945
0.389613
1.36548
1.92375
1.03685
0.453892
1.57183
1.38323
2.25907
0.408432
0.688781
1.72494
0.718898
0.908743
0.404526
0.226671
1.30586
1.2254
1.44013
0.692946
1.19293
0.691008
0.977615
1.29427
2.22959
0.589782
1.39107
1.51943
1.38741
0.596405
0.764663
0.385368
0.852616
0.644466
1.44175
0.569316
1.03145
0.704407
0.86944
1.22761
0.957189
1.02396
0.670901
0.347411
0.683019
1.14501
0.608902
0.791689
1.09315
0.385334
0.440684
1.76676
0.283832
1.11487
1.6935
1.66933
0.743948
0.312645
1.81819
1.31384
1.06581
1.37722
1.27596
0.575498
0.793049
1.08605
0.743039
0.925857
0.827596
0.522481
1.08895
0.657451
1.19268
0.761433
1.44833
0.730614
0.549255
0.747708
1.24549
0.304493
1.12212
0.643005
0.884526
1.38281
0.517818
0.29812
0.851382
0.266271
2.04457
1.32956
0.880876
0.500214
1.15522
1.34343
0.470771
1.28829
0.526913
1.74088
1.43082
0.736912
0.404748
1.67596
0.944906
0.612615
1.22706
1.27419
1.00882
1.63903
0.941962
0.922915
1.40167
0.920495
1.9339
1.11921
0.99227
1.02851
0.971365
0.708438
1.69531
0.183928
0.330164
1.43298
0.58502
0.227792
0.50252
0.566397
2.85239
0.817526
0.400556
1.06723
1.07601
1.70649
0.887569
0.823607
2.46877
1.23423
1.23092
0.914993
0.416923
0.191917
0.311407
0.726548
1.22881
1.0729
1.46526
1.16622
2.58369
1.36766
0.70027
0.53447
1.71274
0.867413
0.484881
1.31001
0.935257
2.32841
1.61584
1.64422
0.742777
1.75497
0.575379
0.95694
0.594502
0.954779
1.56434
1.59553
1.35018
0.48422
1.12152
1.05668
1.61899
0.62994
0.909998
1.74889
1.68389
0.382284
1.29849
1.53437
1.06381
1.57435
0.999065
1.11685
0.484852
0.875681
1.57782
0.913023
0.901109
0.771898
1.74913
1.12454
0.64829
1.02957
1.1767
0.965772
1.8088
1.7271
1.49287
1.11039
0.289741
0.372375
1.38295
0.560135
0.786731
0.602786
1.22679
1.07116
0.895714
0.854219
0.733234
1.49862
1.46387
0.559861
0.769598
0.704342
0.618099
1.34178
0.82899
0.484333
0.981424
0.920992
1.435
1.64026
1.10709
1.1349
0.925968
1.66134
1.04652
0.869521
0.811156
0.508246
0.535722
0.676768
0.639849
1.69611
0.365249
1.17811
0.953627
1.84962
1.44605
0.406755
0.740582
0.957269
0.847305
1.15739
2.18356
0.713069
1.25246
0.234613
1.1159
1.86971
1.01612
1.02253
2.26398
1.02967
0.731506
0.559756
0.749106
0.256002
0.323689
0.880074
1.10862
1.02737
0.856736
1.32804
1.19398
1.55952
0.516453
1.10547
0.867172
0.671949
0.788267
0.890526
0.661911
0.383718
1.017
1.27142
0.869063
0.677776
0.737224
1.64736
0.67843
0.684465
0.64579
1.32261
1.15754
0.79288
0.202279
0.646111
0.373582
0.866667
2.40994
0.918811
0.646571
1.77047
1.39937
0.626222
1.45665
0.90799
0.312055
1.11813
0.456026
1.27446
1.41857
0.188343
0.600642
1.57115
1.06894
1.05868
1.55817
0.762589
0.910136
0.833437
0.243982
0.404065
0.783405
1.29705
1.61205
0.699564
1.19867
1.20032
0.806049
0.646141
0.879189
1.83607
0.4455
0.536511
0.77612
1.44066
1.33109
0.93114
0.678109
1.66101
0.550815
1.89926
1.14949
0.616692
1.14448
1.20807
1.20916
0.815374
2.21155
0.29865
1.125
0.780561
0.852835
0.351589
0.63048
1.95413
0.518326
1.35964
2.27249
0.962113
0.849202
1.51397
1.39304
0.585161
0.634703
1.18569
1.45363
1.37463
1.03785
1.3347
2.90738
1.47233
0.578199
1.4227
1.49503
1.31318
0.524711
0.81063
0.460455
0.647772
1.15647
0.849282
1.12534
1.50681
0.598168
0.687646
2.413
1.08565
1.58275
0.8535
0.622506
2.37626
0.54948
0.683914
1.03682
0.139978
1.16489
1.09676
1.40084
0.692523
0.860265
0.914313
0.556497
1.04286
1.02255
0.651294
1.4403
0.617307
1.75058
0.744723
0.576878
0.848447
1.3076
0.733211
1.61046
0.836893
1.76897
1.07216
1.05836
0.841268
1.76651
0.400607
0.719457
0.189388
1.21774
1.48502
0.844911
0.775489
0.96694
1.31949
0.532523
0.550294
1.2061
0.233738
2.18995
0.845179
1.48253
0.390463
0.482682
0.784223
0.388712
0.542538
2.02492
0.380124
1.73439
0.287346
0.921248
1.34513
1.53893
2.33266
0.462964
0.663657
0.36226
0.55355
0.260418
1.20583
0.441248
1.19251
1.02091
2.62546
0.697114
0.685878
1.70242
0.871758
0.717497
0.446593
1.01783
0.81358
1.16515
1.83894
0.75675
0.378672
1.45168
1.11588
1.7835
0.235109
1.34007
0.966204
0.445055
0.956727
0.679218
1.19005
0.495153
0.881562
1.11613
0.780728
0.811624
1.2867
0.50357
3.18156
1.02695
1.38057
1.23331
0.608764
0.923079
0.725045
1.39546
1.39708
0.639934
0.687215
0.601628
0.918258
0.606405
2.03874
0.426282
1.42087
0.779025
0.774613
1.08038
0.920317
0.547381
0.976865
0.792317
0.51106
1.24583
0.360092
0.56307
0.699942
0.924093
1.31777
0.873343
1.08316
0.88398
0.757293
0.969164
0.707235
0.351715
1.9559
0.773163
1.14663
0.872863
1.01072
1.33237
0.822635
0.966626
0.374215
2.54826
1.32946
0.734185
0.610138
0.932973
1.54947
0.915066
0.353775
1.41133
0.76317
1.00418
0.762203
0.742319
1.06239
0.738577
1.64762
0.374069
0.933109
1.26184
1.55042
0.52906
0.439228
0.874535
1.48262
0.88498
1.37364
1.0847
0.935085
0.913793
1.24426
0.104452
0.550354
0.532344
1.26482
0.774633
0.820994
1.19234
1.36618
0.576575
0.942844
0.90122
1.89078
1.64084
0.631708
1.24253
0.553141
0.235154
1.17726
0.560517
0.511425
0.753254
0.233273
0.594128
1.12624
1.57974
2.00859
0.589994
1.49717
0.289622
1.31531
1.16465
1.74552
1.37188
1.15008
1.45242
0.769623
1.25477
0.817063
0.42847
1.08533
0.843688
1.2213
1.48995
1.9921
0.921859
0.882205
0.855679
1.07729
1.33785
0.427821
0.546332
1.78461
1.07894
0.484312
1.34768
0.805612
0.824363
1.02476
0.807316
1.78816
0.339908
1.16527
0.764945
0.087659
0.708758
1.21817
1.27872
1.31619
0.555414
0.97787
1.54994
0.863375
2.15264
1.62891
0.514572
1.13465
1.9912
2.66804
0.734359
0.956701
0.900277
1.71154
0.481377
2.04628
1.57526
1.41337
1.29086
0.681612
0.568115
1.07512
0.964108
0.674732
0.918807
0.279895
1.7502
1.89884
0.791805
1.45136
0.899636
1.24278
2.29896
0.671615
1.10638
0.509262
0.367701
1.15847
2.76024
1.62454
1.46029
0.850819
1.26461
0.52264
2.67834
2.3995
1.19604
0.845252
0.881606
0.724202
2.52213
0.93329
1.15828
1.75511
1.19564
0.928892
0.46029
1.06561
0.7507
0.975067
0.416378
0.314241
0.959544
1.98813
1.14499
0.31584
1.57979
1.63743
1.31238
1.05712
0.863328
0.694029
1.38535
1.03738
0.336079
0.836169
0.628626
0.474862
1.22248
1.00957
0.3271
0.285971
0.754084
0.39622
0.483712
0.764248
1.95567
1.11891
1.01068
1.72983
1.94733
1.32193
2.0954
1.1831
0.790346
1.89662
0.258397
1.34388
0.850201
1.83683
0.98598
1.17591
0.764545
0.879568
0.962708
0.65056
1.12896
0.899363
0.997089
0.694959
0.231712
1.48657
0.71215
1.04426
2.04078
0.848213
0.674508
1.42834
2.04834
0.948478
0.625265
0.869037
0.486061
0.915759
0.479873
0.527645
0.520039
0.386714
2.19963
0.534705
1.5086
1.52574
1.61282
0.709059
1.61921
1.13189
0.404202
0.973136
0.646161
0.904145
1.15567
0.697353
1.06081
0.622431
0.569516
2.49177
1.40246
1.60528
0.722329
0.932221
0.867544
0.570699
0.729541
1.66283
0.97829
1.19757
0.647745
0.789085
1.08269
1.21353
0.675726
0.666873
0.548561
0.440489
0.846573
1.35422
1.10571
0.495791
0.580979
0.656935
0.309319
0.62263
0.844311
0.495197
1.1747
0.395034
1.51626
0.599946
0.928498
1.32474
0.87045
1.56009
0.694091
0.406827
0.72394
1.67161
0.978734
1.08788
0.676469
0.472313
1.38281
1.45417
1.1612
0.701757
0.455377
0.919619
0.969805
1.24817
1.0532
0.817381
3.16225
1.21901
0.860488
0.942417
0.314582
0.512507
0.472091
2.86201
0.926216
1.81798
1.09251
0.509308
0.600264
0.858495
0.638736
0.833712
0.490697
0.954748
0.547226
0.548073
1.8777
0.312698
1.66095
0.670905
1.1413
0.407535
1.37356
1.07845
0.616438
0.936737
1.35251
0.598969
1.09613
1.08408
0.765456
0.712223
0.838319
1.43002
0.97492
0.426379
1.47594
1.26133
1.08244
0.347378
1.0236
1.90734
0.362974
2.04542
1.17649
0.346572
2.06852
0.498993
0.700827
1.05093
0.437733
0.076771
1.37486
1.44212
0.679315
0.891365
0.816732
0.925476
1.9872
1.21202
0.56942
1.12804
0.975413
1.4116
0.483205
1.80756
0.225702
2.19528
0.261875
1.70372
1.02043
0.294557
0.650308
0.33804
1.44056
0.36336
0.328797
1.62046
0.339627
0.854205
0.229911
1.48506
0.425173
1.88169
0.540203
1.28981
0.455936
0.374316
0.509089
1.02337
0.692743
0.24997
0.617381
1.81228
1.56616
0.182408
0.724645
2.05383
0.859795
1.22679
0.831862
0.745145
1.16319
0.62929
1.0862
1.21251
1.37782
0.39801
0.422321
1.55549
0.288109
0.661228
1.99415
0.662424
1.15575
0.347135
1.38528
0.793967
0.908011
1.25599
1.61421
0.495275
0.503448
2.09888
2.09738
0.485898
0.741225
0.920626
0.779804
0.181331
1.15473
1.85261
0.733383
1.0402
0.560383
1.01867
0.64036
0.824363
2.03458
0.798956
0.676465
1.18114
0.763958
0.728662
0.516044
0.951386
1.84873
2.62728
0.73201
0.448003
0.611273
0.59895
0.501163
1.66048
1.30411
0.905378
1.082
0.548362
0.878518
0.567229
1.30841
0.670299
0.945912
1.39294
1.10125
0.789247
1.39751
0.754397
0.628681
0.77585
1.00957
1.22102
1.32895
1.21772
0.573592
0.7961
0.894594
0.783352
0.598166
0.988531
0.65104
1.12964
0.430632
1.39726
0.333308
0.536032
1.11842
1.10229
0.589859
1.00395
0.814471
0.674329
1.91829
0.873233
0.567096
0.614061
1.65294
2.02312
0.712033
0.646898
0.978013
1.24921
1.31868
0.324585
1.67572
0.982518
1.04397
0.311996
0.288628
0.413854
0.967162
0.376396
1.11141
0.171526
1.12766
1.46803
0.970213
1.09889
1.11781
0.66936
1.5371
0.276537
1.86558
0.940907
0.920761
0.942435
0.304788
0.311651
0.64819
2.31065
1.36223
0.406543
1.40862
0.656571
2.91352
0.811052
0.499098
1.77685
0.37416
0.947226
2.05545
2.54381
0.329264
1.13994
0.88651
0.550539
0.902183
1.37212
0.840167
1.37504
0.595964
0.423351
0.753952
0.765425
2.21718
0.667676
0.834308
1.48486
0.81162
0.618485
2.04425
0.552745
0.407925
0.720457
0.597201
1.55527
2.08189
0.444235
1.10728
0.581634
0.910984
0.290066
1.56759
1.29765
1.04395
0.83397
1.00081
1.66497
0.714416
0.795096
0.49827
1.85574
0.802331
0.501727
0.871954
1.09039
1.78639
1.63478
0.517179
1.16736
1.20106
1.78541
0.775252
1.05453
0.646821
0.596277
0.565464
0.909261
0.485157
1.74714
1.75285
0.485397
0.810364
0.867201
1.37408
0.689059
1.15963
0.811974
1.17439
0.65625
1.88929
0.935006
1.44519
1.44498
0.810106
0.898419
0.494656
1.06816
1.48029
0.444625
0.210369
0.98647
2.09517
0.44393
1.87751
0.590601
1.33554
0.859617
2.14667
0.540508
0.713507
0.532318
1.72829
0.847608
1.48441
0.662137
0.64557
1.51639
1.11449
0.966929
0.642551
1.64521
1.16088
0.894885
0.422465
1.20899
0.945819
1.30055
0.91725
1.3747
0.636406
1.16209
0.64554
1.13559
1.72155
0.885772
0.562998
0.850927
1.08684
1.0663
1.92358
0.678516
0.527651
0.568094
0.339988
1.88666
0.869599
0.850745
1.33189
0.844649
1.08428
0.646461
1.29434
1.1574
0.550342
0.517794
0.681006
1.63429
0.957919
0.681025
0.731148
0.913049
1.4471
0.680362
0.23662
1.81477
1.07851
0.726418
1.94964
0.915655
0.158271
1.65807
1.36422
0.399679
0.934576
0.874656
0.880761
1.04136
0.818742
2.03376
0.555913
1.54237
1.34918
1.0241
0.523464
1.82714
2.73142
1.17931
0.905941
1.92674
0.885425
0.689693
1.2093
0.406422
1.30747
0.296377
0.990767
0.773143
0.630801
1.51005
1.58318
0.84577
1.75434
0.654462
0.972519
1.64283
0.775818
1.43308
0.713365
0.906759
0.981951
0.326599
0.711019
0.449092
1.15233
1.38978
0.566761
1.36764
0.451956
1.16773
1.72137
0.480788
1.41393
0.531577
1.69732
0.946202
0.882684
1.04123
2.40313
0.124887
0.292186
1.07668
1.53975
1.4503
0.700345
1.45302
0.800603
1.41989
0.336341
1.30828
0.555623
1.00428
1.47586
0.149291
0.968179
0.716632
0.772714
0.995882
0.716877
0.597708
0.580368
1.01928
1.28068
0.63635
0.883737
0.456898
0.735809
0.575765
0.699274
0.6736
0.917091
1.023
1.29847
2.02945
1.15779
0.62258
0.963395
0.282827
1.3043
1.68424
0.908731
1.02648
0.651488
0.590371
1.43616
0.570826
1.2803
1.0501
0.816195
0.676203
0.255436
1.37613
0.718675
1.89356
0.726195
1.48081
0.853357
2.1116
0.277013
0.712156
0.726493
1.44011
1.04974
1.24661
0.657697
0.983869
0.996699
0.970897
1.41572
1.01304
0.3457
0.532295
1.66529
1.53256
0.442627
1.5395
0.907777
0.363853
0.633775
1.60295
1.36546
0.891055
1.42876
1.39613
1.1275
2.50564
1.26194
0.729884
0.360342
0.70615
0.507601
0.411018
0.602228
1.30341
2.76415
1.59234
0.301496
1.60304
0.361093
1.32617
1.0143
1.70264
1.13445
0.225958
0.958992
0.642722
0.45497
0.63382
1.12011
0.404177
1.73418
0.839413
1.38128
1.00359
2.53389
1.82162
0.190365
0.646772
1.66067
1.01557
1.37298
0.538885
0.361636
0.912123
0.361764
1.17078
0.617295
0.928036
1.00979
0.557302
1.00649
1.25511
0.542132
0.413516
0.436133
1.03191
1.01659
0.482373
2.24919
0.490433
1.89526
1.33342
0.701945
0.437834
0.826178
1.60687
1.16044
1.30379
0.977886
0.953745
1.23846
1.37342
0.64145
0.577055
2.23265
1.90606
0.841381
1.68934
0.371451
1.32621
1.1615
1.26985
1.50986
1.15578
1.6036
0.945261
1.53021
0.327542
1.38956
1.02599
0.820779
1.90171
1.59717
0.448929
1.00591
0.953338
0.698393
1.37186
2.08098
1.48095
0.746703
1.77476
1.31545
2.17466
0.30444
1.80355
1.5911
1.64988
2.52077
1.48713
0.406575
0.975464
0.201875
0.532798
1.24125
0.764278
0.474948
1.46003
1.51569
1.36686
0.922241
0.729293
1.05818
1.51892
0.681994
1.19537
1.9261
1.55944
0.631946
0.768038
0.726085
1.24396
1.13854
1.85218
1.37616
1.48667
1.00282
1.57376
3.30673
1.33685
1.94237
0.704636
0.365575
1.61847
1.24701
1.06473
1.14113
0.610603
0.665287
1.47535
1.551
0.908481
1.32839
1.08438
0.784292
1.11124
0.605892
1.38175
0.913206
1.2154
2.08294
0.689375
1.05561
1.84892
1.20224
1.34128
0.729186
0.741974
0.818912
1.41416
1.49153
1.98707
1.91016
1.40038
1.42158
0.686588
0.654109
0.655284
1.12193
1.4598
0.426863
0.293115
1.67924
2.23117
0.818594
0.67214
0.614679
0.83395
0.564889
0.690894
0.885811
0.795681
1.13745
0.12757
1.86701
0.770432
1.14139
1.3147
0.853568
0.375369
0.197927
1.3057
1.20941
2.1319
1.01642
0.338975
2.08487
0.870004
0.595374
1.06079
0.885486
0.623807
0.581947
0.468723
0.261113
0.303756
0.76264
1.44703
0.313767
1.19252
0.300119
1.08007
0.924371
1.6661
0.537903
0.405621
1.1373
0.172826
0.845544
1.04707
2.12084
0.520227
0.599751
0.87954
2.46334
0.699545
0.686912
0.969243
1.48896
0.597657
0.536895
1.16933
2.3571
1.21693
0.76952
0.428263
1.41664
0.523888
0.371653
1.73613
0.76349
0.973055
1.39075
0.955236
1.90414
1.01782
1.6125
2.14797
0.490854
1.13224
1.38807
0.91741
0.720977
1.6433
1.22778
1.64929
1.04318
1.47514
1.06735
0.471409
0.384915
1.105
0.78433
1.98879
0.678767
0.85911
0.973038
1.15144
2.51471
0.943466
0.879092
1.57616
0.215259
1.16076
0.866552
0.957185
1.04186
0.585545
1.69761
1.01064
1.10648
0.937889
0.472643
1.86535
0.97165
0.754349
1.03733
1.27519
0.39413
1.37835
1.07511
0.349716
0.353418
1.10937
0.811093
0.813022
1.05322
0.329253
0.710818
1.16026
1.56247
1.08177
0.442246
1.10698
0.496963
0.803374
0.57905
0.472602
1.23448
2.15724
0.894189
1.0629
0.353619
1.54385
1.81376
0.978201
2.1246
1.12468
0.855381
1.71689
0.870138
0.726955
1.45715
1.18485
0.481702
0.496756
0.643086
1.47001
1.05663
1.04918
0.766792
1.09186
0.667562
1.17212
1.3968
1.12134
0.330716
0.865733
0.623345
1.46328
1.33215
1.21663
0.743847
0.597325
0.55443
0.768229
0.874151
0.348633
1.15202
1.53762
0.885224
1.52751
2.25605
0.476801
0.488259
2.04669
0.549068
0.296179
2.19828
0.559474
0.711185
1.5315
2.6657
0.787713
1.13287
1.30075
0.651013
0.52664
1.1814
0.814165
0.344257
0.81005
0.657547
0.79594
1.48951
2.69861
1.17274
0.441187
0.339122
0.290897
0.656244
0.815969
1.00358
0.691245
0.624742
1.2796
0.405956
1.18687
0.55334
0.884533
1.19068
1.77224
0.704808
0.98592
0.68256
0.769625
1.07443
0.836822
0.440163
2.50814
0.669376
0.531582
0.304627
0.605246
1.21678
1.02815
0.244696
1.25306
1.08581
1.08987
1.82419
1.22692
1.04608
0.109734
0.782348
0.209182
1.11581
1.59084
0.694754
1.65511
1.7423
1.05004
1.33413
0.366214
2.06226
2.06585
0.578682
1.39799
0.710689
0.726597
0.81402
0.441401
0.49219
0.77581
0.924921
0.974754
1.65303
0.545561
1.69613
0.235701
1.50439
2.10428
1.26993
0.85354
1.64276
1.38525
0.56559
1.4178
0.635575
1.10009
0.721652
0.506892
1.5921
0.614269
0.579169
1.69329
0.777413
0.844562
1.11307
0.99168
0.608867
1.04864
0.591741
1.26133
0.732121
0.644985
0.675708
0.460944
0.484056
0.895578
1.65888
0.778257
0.725592
0.884252
0.210445
0.785426
0.891002
0.41425
0.876384
1.22535
0.868299
0.391947
0.576462
1.23047
0.663773
1.37855
0.923422
0.438815
0.745404
0.889962
0.520958
0.49339
0.860602
0.587867
1.36137
0.490153
0.702576
0.263824
1.2982
1.15091
1.67265
0.384763
1.01589
1.05819
1.28279
1.5291
0.488816
0.470789
1.40423
0.858235
1.26635
0.884577
1.5407
0.697901
1.64793
0.609115
0.610518
0.526826
0.79241
0.553913
0.41054
1.32895
0.681388
1.32478
0.913232
1.37767
0.819293
0.803078
1.90707
2.01304
1.38301
0.626117
1.69591
0.791096
0.907145
0.927654
0.648041
1.65191
0.578013
1.44564
0.592712
0.424508
1.991
0.344647
1.34472
0.37676
1.20768
0.582935
0.924799
0.786242
1.84022
0.659999
1.02815
0.512642
1.51854
0.739806
0.587328
0.907268
0.405188
1.75668
0.507945
1.2008
0.723714
0.905306
0.907963
1.32531
0.651276
1.51676
0.791133
0.70177
0.929246
0.921917
1.64272
0.724911
0.942439
0.622994
0.488292
0.841188
0.932914
1.75153
0.48238
0.928438
2.65224
1.14256
1.45106
1.11067
1.13729
0.857455
0.795999
1.08274
0.218335
0.76241
0.518652
2.9735
1.44324
0.207741
0.937138
1.17124
0.487121
0.54601
0.402437
1.27663
1.2285
1.3296
0.810403
0.440138
1.07721
0.494506
0.579757
0.556019
0.33718
1.61605
1.10003
0.743145
1.44221
0.433112
0.704932
1.18058
1.43681
0.589003
1.26608
0.60586
0.467805
0.729255
1.82905
1.35331
0.635199
0.334202
1.09153
0.759685
0.940646
1.02076
0.49666
1.38098
1.93947
0.737609
1.96575
0.808973
0.813032
0.556532
0.821639
1.03797
1.2875
0.417213
1.25257
0.745957
0.835045
0.886593
1.17966
1.25434
1.22994
1.16247
0.463141
0.680887
0.725161
0.669503
0.767391
1.05428
0.671557
1.01824
0.609673
1.97662
1.45451
0.336601
0.395323
0.448813
1.08831
0.707042
0.56057
0.531142
1.15052
1.0166
0.766774
0.707546
0.607274
1.42795
0.720725
1.66867
0.919761
1.05513
0.810411
1.37934
0.226732
1.27026
0.853346
0.634652
0.87917
1.25694
1.31376
0.632591
0.867658
0.934902
0.504994
0.451266
2.15278
0.635016
0.309198
0.414467
0.373903
1.56943
0.672917
0.6686
1.321
1.10454
1.10771
1.37708
0.641776
0.972459
1.06568
1.64795
1.07724
1.32287
1.60498
0.926237
0.742114
0.65004
0.710656
1.79143
1.3163
0.684713
0.466022
0.544458
0.666068
0.675017
1.64766
1.16702
1.11475
0.944484
0.810107
0.545163
0.5283
1.40542
0.271022
0.409395
0.528279
1.57671
1.26095
0.812668
0.695335
0.262448
1.45902
1.78427
1.77573
1.13214
0.767119
1.33939
1.4894
0.673071
0.576321
1.61342
0.78423
1.15908
0.73188
1.51676
1.23852
0.857019
1.41382
1.06356
2.15518
0.836812
0.48439
1.34539
1.86292
0.328813
0.733324
1.3908
0.936665
1.26944
0.336919
0.277564
1.36524
0.596935
0.240897
0.913966
0.82221
0.928562
1.38483
1.48499
0.179977
0.881512
0.691999
0.986816
0.40131
0.930631
0.439198
1.90824
1.00325
1.00699
1.23202
0.645099
1.08167
0.991491
0.78044
0.812683
0.935998
0.45639
1.53572
0.571115
1.42434
1.24686
1.06166
0.408546
0.805734
0.729716
0.590949
0.8325
0.467495
1.06773
1.09497
1.44836
0.5129
0.760772
0.820804
0.99231
0.880961
0.866097
1.31159
0.817641
0.30327
0.862442
1.86891
0.510795
1.01426
0.394601
0.227714
2.14985
1.16083
1.3015
0.939129
0.933626
1.57662
0.804376
1.73878
1.69156
0.727444
0.437391
0.109858
1.53711
0.676359
3.4162
1.62277
0.866271
0.570564
0.92461
0.872624
0.720789
1.65643
2.04068
0.330831
0.410461
1.36081
0.918389
0.711264
0.83216
0.648372
0.471295
1.27109
0.598251
0.895225
0.79763
1.69619
0.684327
0.828986
1.15802
1.30342
0.927629
0.742076
1.41183
1.30986
1.40387
0.486331
0.717642
1.34459
1.56641
1.05147
2.06609
1.41339
0.356019
0.208506
0.429402
1.73322
0.71512
0.313602
1.35529
1.07433
1.20966
1.40368
0.823518
1.26719
1.70599
0.942384
0.969018
0.620432
0.723906
0.877896
0.55374
2.38673
2.71826
1.32231
0.931019
0.291797
0.789442
1.9632
0.971629
0.745554
0.953268
1.09067
1.23094
1.08219
1.08852
0.497191
2.03746
1.08579
0.658093
0.844564
0.435725
1.45539
1.11048
1.17781
1.07398
0.59947
1.17755
2.32299
0.389317
0.670301
1.23788
0.544183
1.12196
1.36792
1.88582
0.547498
0.753022
0.340848
0.75999
0.561596
1.62215
0.786341
1.47275
0.961158
0.668406
1.08679
0.289447
0.762218
0.711277
1.2665
1.7352
0.899947
0.812453
0.443529
1.74514
1.05314
1.24423
1.60511
0.923213
1.56057
0.683212
0.795139
1.33302
0.79191
1.276
0.563013
0.830112
1.0274
1.54732
1.02722
0.361877
1.62589
0.636265
0.709004
0.90295
1.02961
1.17132
0.792618
1.49151
2.07968
1.51076
0.740473
0.63702
0.789075
0.479047
0.947937
1.30477
1.07012
0.311001
0.989281
1.39981
1.01332
1.94937
0.845594
1.03863
0.514333
0.382118
1.43851
0.668977
2.23068
1.43682
0.609886
0.819324
0.911612
0.540011
0.539962
0.920415
0.447192
1.66347
0.559281
1.03213
0.533101
1.0064
0.940326
1.32462
1.03007
0.606993
0.599988
0.963218
0.865098
1.2899
0.551202
1.25276
0.630218
1.40689
0.940493
1.06038
1.89583
1.15643
0.930783
0.73325
0.857473
0.831348
1.40819
0.0790162
0.46272
1.09271
1.86372
0.804415
1.52374
1.08268
0.849528
0.713375
0.775477
2.27424
1.17392
0.936189
0.57257
1.19927
1.93868
0.349938
2.18543
0.796222
1.08293
0.299564
0.74746
0.480978
0.461211
1.48168
2.25907
1.0045
0.943112
0.544578
0.977677
0.863043
0.455171
0.652801
0.87212
0.737888
1.04905
0.402072
0.948595
1.10231
1.72934
0.990137
1.66569
1.16272
0.566501
0.65814
1.03728
1.159
1.3768
1.09129
1.09831
1.2714
0.904592
1.04626
0.930698
0.56279
0.875579
1.32133
0.448141
1.3602
0.264139
0.556012
0.842148
0.373426
0.0857183
2.75338
1.08141
1.10047
1.91322
0.895221
0.463305
0.35495
0.97063
0.962024
1.61847
0.367379
0.598626
0.791098
0.871758
1.17222
1.53586
0.817567
0.865391
0.862694
1.74581
0.983077
0.719333
0.589421
0.659777
0.487711
0.406341
0.821632
1.38472
1.69638
0.863471
1.39972
0.188761
0.291225
0.308353
0.351936
0.80504
1.0704
1.27859
0.451167
0.490604
1.35635
1.00088
0.24457
1.78917
0.538086
0.937094
0.866491
0.684495
0.793436
0.96936
0.543635
1.50215
0.730836
0.614034
0.670672
1.25324
0.32739
0.94751
1.64339
1.2697
0.926692
1.15786
0.758299
0.984514
0.794375
0.399013
0.325685
1.17248
1.54167
0.351166
0.477832
1.20242
0.81987
1.53868
0.785302
0.484488
0.873808
1.20316
0.822627
0.42227
0.757582
1.2128
0.534564
0.831745
0.519979
0.86136
0.986754
0.13653
1.9107
0.630472
1.99697
0.466511
0.566239
1.31215
0.845845
0.8513
0.861854
1.48043
1.83536
0.186988
1.72296
1.67657
0.607595
0.875141
1.15603
0.620344
0.584157
1.5036
1.15266
1.59426
1.11796
0.954925
1.17704
0.403008
1.27927
1.24223
0.706021
1.30807
1.02531
0.609214
1.15587
0.770887
0.623999
0.298838
2.52619
1.29023
1.56474
0.797229
0.294221
1.03178
0.890086
2.17338
0.719439
1.42784
0.529618
0.914714
0.334782
1.15816
0.66729
0.608504
1.16303
1.93082
0.386133
1.9909
1.06252
0.818044
1.82235
0.678124
0.664638
1.2299
0.607128
0.332943
0.976293
0.951692
0.921359
1.95767
1.35798
0.554608
0.412711
0.738633
0.191855
0.828828
1.33695
0.525203
0.217205
1.54979
0.465035
0.805472
0.520575
1.05026
1.66967
0.394294
0.625045
0.506532
1.07158
1.79926
0.424856
1.67536
1.13563
1.26241
1.15565
1.49499
0.602795
0.168925
0.738333
0.796025
0.355074
0.684106
0.696679
1.31556
1.64221
1.44625
0.640606
2.51998
0.406757
0.30536
0.468341
0.621752
1.4978
0.794151
1.11066
1.08194
0.833159
1.25378
0.916945
0.623205
0.773605
2.70149
1.01017
0.387314
1.0411
0.390937
1.4521
0.418254
1.21731
0.512385
2.8296
1.51309
0.320557
0.917433
1.0904
0.657565
0.192677
0.871636
0.989548
1.19534
1.37895
1.07085
1.3666
0.649688
1.23407
1.02731
1.23873
0.459739
0.748218
0.940817
1.33719
1.16707
0.240153
0.621369
0.566885
1.11858
0.970308
0.715509
0.630177
0.863882
0.887554
0.896271
0.56278
0.643527
1.31465
0.850835
0.82019
1.09805
1.21507
0.426235
1.43175
0.449971
1.88352
1.67407
0.616771
0.687678
0.755683
0.901313
1.27585
1.38288
1.10948
1.16742
1.23169
0.630354
1.76451
1.00667
0.96734
0.822433
0.701888
1.50114
0.44218
0.541841
1.5961
1.08466
1.10851
0.708157
1.44544
1.11115
1.69939
0.868841
0.818034
0.450476
0.49142
0.507891
0.810866
0.950417
0.213501
0.637421
0.695835
1.42597
0.595025
2.04627
0.708217
1.00301
0.926874
1.63085
1.49425
0.810597
1.23215
0.882823
0.916523
1.66762
1.17349
0.711073
0.66988
1.17852
0.45089
1.16063
0.898362
1.74672
1.93618
0.516248
1.31178
0.651784
0.561109
0.71883
1.69901
1.29868
1.73995
0.761643
1.17196
0.563214
1.26767
1.48915
1.36728
0.931719
1.19152
0.97813
1.56129
0.522496
0.71993
1.50992
0.625361
0.993222
0.932442
0.967479
0.456771
0.466896
0.801262
0.575386
1.25094
2.10534
0.858623
1.81418
0.410225
0.664428
1.02225
1.48798
0.645855
1.69342
0.314197
0.631196
0.773935
0.390178
0.94558
0.560931
1.15988
1.10014
1.00561
0.658163
0.92135
0.310101
1.31692
0.797847
1.03185
0.157695
0.616143
0.466831
0.464679
0.856074
2.26574
1.74128
0.639184
1.30462
0.648633
1.08468
0.308392
0.22755
1.16879
2.02402
0.949041
0.928397
1.90262
0.722629
0.813644
1.39299
0.760692
0.979066
1.29006
1.31558
1.39324
0.855296
0.780424
2.15364
1.16445
2.10072
1.20632
1.43123
1.37547
0.456678
0.902033
1.25759
0.723616
0.762431
0.253227
1.71241
1.68785
1.33123
1.0565
1.3031
0.525775
0.370899
1.73326
1.81137
0.997949
0.948417
0.41245
3.19833
1.46896
0.258338
0.610135
0.736731
1.77009
0.978966
0.426623
0.840682
1.64207
1.01493
1.61614
0.87367
1.4867
0.480819
2.06063
0.692764
0.92214
0.925578
1.58446
1.07491
2.06388
0.421389
0.773742
1.32339
1.27995
0.729205
0.977354
0.967911
1.16
1.52205
0.953784
1.0448
0.684378
0.888892
0.978937
1.47292
1.11726
0.650892
1.33766
1.31317
1.51763
0.47509
2.23815
0.872021
0.466884
0.604237
2.19541
0.597649
0.926139
0.639281
0.728278
1.50141
0.941606
1.31151
0.331992
0.860939
1.87652
0.523221
1.11018
1.11474
1.03582
1.03892
0.751851
1.48039
0.878083
0.712151
0.717047
0.390336
1.22077
0.636117
0.611518
1.74817
0.841527
2.15115
1.33018
1.54101
0.517504
0.790648
0.815799
1.50072
0.844028
0.352055
1.23845
1.48504
0.729789
1.04335
1.18971
1.71273
0.376681
2.61082
1.48135
1.35669
0.847936
1.16269
1.87278
1.15562
1.05114
3.16056
2.68941
1.39232
1.78111
1.022
1.7718
0.673778
0.720671
1.14343
0.952447
0.830538
1.40559
1.27153
1.19578
0.661387
0.534412
0.4558
0.8299
0.807104
1.5548
0.859875
1.07036
0.6758
0.33474
1.13588
0.755112
1.01048
2.53955
1.25851
1.26432
1.35878
0.662619
0.726455
2.16183
0.584968
1.19567
1.32033
0.650825
0.581887
0.818167
1.06246
0.935496
0.603112
0.527785
0.569723
1.19771
0.437457
0.699491
1.79571
0.527755
1.03319
0.187474
0.342197
1.10277
0.963658
1.57449
0.532164
0.29843
1.73697
1.30274
0.562594
1.50314
0.913151
0.610389
1.27132
0.681676
0.918479
1.25765
0.307962
0.860522
0.872677
0.474646
0.907964
0.959968
0.863709
0.555065
0.804682
1.38658
0.677233
1.96344
0.68797
1.77059
0.598654
0.523402
0.667351
0.803337
1.30926
0.723184
0.8901
0.71064
2.16934
1.60362
1.56403
1.67925
0.523643
0.935512
0.587304
1.23834
1.55265
1.42464
0.35059
1.11255
0.507315
0.50137
0.646223
0.901699
1.02454
0.87856
0.824056
0.409777
1.1639
1.08006
1.89434
0.388195
2.49878
0.404526
1.56004
0.548184
0.466435
1.12119
1.06506
1.7325
0.949735
1.26544
0.567074
0.657586
1.68556
0.8159
1.46032
1.86408
0.932679
0.222835
1.59784
0.480731
1.1076
0.823178
0.245198
0.832869
0.58069
1.31447
0.829527
1.21283
0.886397
0.613531
0.533615
0.910558
0.589563
0.593657
2.07547
0.714376
1.42339
1.56836
1.67636
1.01652
1.10639
0.869419
1.27966
0.953918
1.42582
0.713854
0.403724
1.02333
0.738092
1.28929
1.0624
1.33586
2.76178
1.78477
2.18094
1.08448
1.21431
1.81579
1.41951
0.453026
1.28931
0.939918
1.0847
1.14768
1.33149
2.29062
1.27569
0.67012
0.912746
0.377952
1.98862
1.43296
1.11715
0.781778
1.14935
0.666987
1.03746
1.35706
0.621567
1.00768
1.27336
0.979367
2.2276
0.33432
0.921196
1.06575
0.587346
0.6406
2.42586
0.670296
1.3928
1.21873
1.10596
1.72293
0.802221
0.239685
1.13046
0.89589
0.710569
0.949032
1.87036
0.656719
0.934446
0.950835
0.870427
1.08851
0.4559
0.395901
0.868308
0.910267
0.487958
1.61208
0.878764
2.01582
0.176936
0.609207
1.20034
0.14254
0.886694
2.03316
2.26245
1.76892
0.412318
1.57896
0.720061
1.35075
1.2104
0.857215
0.258199
0.67316
0.656799
0.487232
1.81126
1.33342
0.835217
2.13637
1.00027
1.33484
0.98954
0.269548
0.267153
0.641414
0.574826
1.15084
0.510399
1.77011
0.647024
2.16228
0.395732
1.54167
2.96864
1.15342
0.920139
0.58142
1.29411
0.924224
0.379415
0.565835
0.563384
0.82755
0.858325
2.07491
0.879691
0.524132
0.501132
1.69507
1.01889
0.34052
1.35194
1.90481
1.18659
0.601086
0.696555
0.512976
0.886074
1.11357
1.44117
0.330393
1.39731
0.719672
0.878933
0.942539
0.368975
0.262934
0.853638
1.03463
0.286971
1.28833
0.536559
0.591968
2.30446
0.433796
0.62733
0.709209
1.07005
0.460494
1.5383
0.842958
0.760715
0.60261
0.998802
0.260871
0.964186
1.41707
0.448585
2.03589
0.383937
1.55008
0.393776
2.31012
1.06619
1.06334
1.28343
0.72017
0.63686
0.559356
1.07813
1.55931
0.605244
1.05136
0.431269
1.892
1.61427
0.679194
1.02841
0.778344
0.744218
1.19038
0.657756
1.28922
1.00756
0.413074
0.767516
0.50018
0.959229
2.20777
0.737584
0.392397
1.32094
1.32201
0.560122
1.13814
1.0254
0.607974
1.36146
0.711676
2.01124
0.498744
1.54419
1.3937
0.722809
0.723948
0.255026
0.457467
1.5176
0.979089
0.522716
0.945179
1.72742
0.744663
1.38368
0.316096
1.74146
1.06768
1.80738
0.775474
0.937165
1.40697
1.84249
0.240067
1.67906
1.40352
1.84759
1.25919
0.359239
0.674979
0.414423
1.6238
1.37281
0.406
0.522549
0.139897
3.4465
1.19333
0.625434
0.708168
1.14276
0.781549
1.29717
0.882927
0.651616
0.68922
1.5918
0.351082
0.70769
0.667498
0.682185
0.965373
1.41527
0.491861
0.222157
0.852354
0.692179
1.19193
0.682416
1.54584
0.411136
1.13304
1.07122
0.781298
0.951294
0.74817
1.06937
1.27525
0.376854
0.304276
0.786654
1.62112
1.93666
0.440835
1.50331
0.424251
1.12244
1.66224
1.58167
0.903853
1.91521
0.702264
1.88798
0.591301
1.25705
0.578813
0.833323
2.05937
0.428917
1.15084
0.372514
0.767589
0.683268
1.68247
0.338852
1.40301
1.25262
0.810164
0.622514
1.00609
1.56957
2.7484
0.630949
1.14094
0.716235
1.02244
0.771396
0.461631
1.54685
0.373591
0.734749
0.382126
0.989712
0.959894
1.29107
1.42303
0.688974
1.1836
1.04255
0.716544
0.607125
1.55272
0.938846
1.03922
0.385228
0.171401
1.63041
1.86821
0.765069
1.26925
1.35171
1.20826
1.00997
0.783081
0.987774
1.30215
0.426372
0.616265
1.24756
1.60407
1.61976
1.35885
1.08742
0.751572
0.917418
0.927743
1.35084
0.382282
0.952794
1.46117
1.19957
0.568841
0.753757
1.20685
1.52333
0.709372
0.655414
0.345328
0.712362
1.6406
1.81308
1.84525
0.336637
0.919612
0.761773
2.43465
0.268138
1.67515
0.495226
0.248557
0.870027
0.75773
2.11472
0.603567
0.951424
1.23311
0.542152
0.976445
0.144938
0.470366
1.12874
0.868361
2.31221
0.92074
1.07597
1.17093
0.920779
0.558612
0.900784
0.604794
1.35825
0.465082
1.05536
0.4494
0.381758
1.11065
0.355653
0.858091
0.227753
0.831282
0.742351
0.602175
0.806579
0.793064
0.439066
1.07459
0.458729
0.882873
1.54489
0.763696
0.565274
0.42941
0.776852
1.0959
1.16439
1.16228
2.40176
1.17844
1.03624
0.659032
1.73227
0.781214
0.524731
1.41628
0.840741
0.660019
0.397679
1.19822
0.941875
0.954891
2.13277
1.01806
2.3543
0.803503
2.47037
0.861197
1.52933
0.433585
1.56513
2.05079
1.00594
0.694482
1.90944
1.15431
1.24593
1.43238
0.884367
1.54254
0.595729
1.36432
0.678623
1.60351
1.74658
0.772007
0.761781
0.569456
1.23903
0.518745
0.505177
1.7681
1.86656
1.36771
0.879063
0.568918
0.768865
1.35415
1.0758
0.87597
0.743291
2.10433
1.80358
0.816783
1.80451
1.393
0.2531
0.952321
0.465381
0.609509
0.220361
1.59432
1.39871
2.8358
0.904709
1.03656
0.798262
0.659837
0.882071
1.09071
1.07276
1.13321
0.553701
1.97579
1.004
0.240286
0.955965
1.49418
1.37178
1.7418
0.429138
0.742055
0.410856
0.971086
0.851715
1.84558
0.58672
1.00978
1.50715
1.14714
2.28766
0.954507
0.269991
0.580778
1.09282
1.21309
0.508186
1.10078
1.15163
0.680886
0.968939
0.827636
1.07174
1.72494
0.491196
0.686044
0.955715
0.669913
0.248091
0.320414
1.12549
0.457389
1.23201
0.463102
0.429473
0.727022
0.77469
0.388361
1.41482
0.859614
1.00125
0.75804
0.503257
1.01287
0.998877
1.15265
0.557847
1.03516
1.43045
0.638085
0.919486
1.38759
0.759729
0.377175
0.975885
1.1356
2.44582
1.14421
0.82679
1.59881
2.80182
0.993725
1.69847
1.39389
0.861249
1.73899
0.973812
0.894312
0.922647
1.21146
0.898282
0.787239
0.873578
1.00835
1.25538
0.84648
0.736609
0.968193
1.35566
1.75018
1.3333
0.984091
2.49097
2.14081
1.27155
1.08628
1.71508
0.954181
0.680728
1.18008
0.640482
0.79922
1.35496
0.244922
0.828595
0.869347
0.228549
1.0269
0.868647
1.36459
0.952609
0.762208
0.295814
0.685418
0.310764
1.2695
1.02408
0.225972
0.767609
0.737293
0.443631
1.75244
1.00126
2.0469
0.374892
0.658761
1.05161
0.951896
0.132978
0.68425
1.41238
0.83092
0.842815
1.37116
1.27238
2.02445
1.02361
1.69472
0.502202
0.566738
1.64143
0.767041
0.779204
1.88533
0.35757
0.38245
0.964848
1.61674
0.952628
0.382815
1.00049
1.36301
1.47514
0.585311
0.799998
1.95215
1.87112
0.47968
0.918289
1.05091
0.67723
0.64826
0.95234
1.59728
0.359067
1.44917
1.26588
0.770781
1.02192
0.252813
0.335912
0.707322
1.54231
1.21483
0.930067
0.494653
0.529493
1.8777
1.44087
0.824657
2.20353
0.573687
2.14486
0.734762
1.97292
0.461488
1.0168
1.06914
3.44528
1.62476
0.71259
1.28761
1.37666
1.24243
0.745608
0.562597
0.460189
1.29426
1.06419
1.19086
0.760686
0.630247
0.5114
1.32785
0.580051
0.816126
1.32474
1.15523
2.02588
0.871648
0.513575
0.734388
0.807305
1.12778
0.486208
1.44175
1.39839
0.758978
0.364077
1.56495
0.458029
2.13296
0.82469
0.831613
1.77249
0.749627
1.25142
1.14006
2.00626
1.29104
0.740124
1.21735
1.26319
0.800526
0.664158
0.486283
0.374385
0.756807
2.48781
0.934111
0.682976
0.457621
1.35883
0.84981
0.410102
0.835504
0.414771
0.856108
1.42587
0.299586
1.09771
0.872788
1.0607
1.06459
0.809999
1.09737
0.956129
1.15647
0.597437
1.37322
0.981019
1.07562
1.63746
0.552049
1.12726
0.928952
0.476833
0.655531
1.6331
0.309505
1.41531
0.197845
0.449886
1.403
1.52106
0.509395
0.72651
1.79693
1.10929
2.27409
0.421617
1.07648
0.324518
0.986092
0.740028
1.58929
1.10556
2.30562
1.72136
1.20587
0.740595
0.930317
1.14502
1.05106
0.783787
3.21094
1.67138
0.821388
1.27632
0.887241
1.06682
0.842811
0.437872
0.702491
0.904821
0.709325
0.656904
0.507964
1.46564
0.632974
0.522631
0.930632
0.47544
0.832114
0.298913
1.41922
1.44219
0.985542
0.639453
1.63335
1.04046
0.690299
0.767553
1.08757
1.65573
0.423532
1.00264
0.339512
1.36029
1.36286
0.640254
1.3818
0.893769
2.54897
0.810693
1.08059
0.649208
2.01498
0.498029
1.26694
0.518194
1.25443
1.16941
0.728829
2.56642
0.622435
0.656818
0.241847
0.306341
0.723862
1.70045
0.29
2.71851
0.33838
0.938093
1.78269
1.90749
1.72961
1.61684
1.71055
0.994683
0.49316
0.892634
0.340176
0.693533
0.428183
0.924625
0.99904
0.787127
0.666444
0.929023
0.253655
0.987259
0.260215
0.576241
1.76541
1.11148
0.902519
1.06691
1.07401
0.613448
0.153283
0.866925
1.43625
1.07358
0.564912
0.943762
1.60669
1.36528
2.08543
0.840044
1.18357
0.766132
0.6701
0.950876
0.455079
1.76262
1.03294
0.575754
1.13306
0.436652
2.20183
0.921363
0.70568
2.07299
1.71223
1.37145
0.48845
1.64085
1.78596
0.568072
1.0725
1.04129
1.39095
1.18458
1.19457
1.4598
1.03529
0.299518
0.674618
0.263723
0.671077
1.25433
0.990275
0.594329
1.2162
1.86442
0.521858
1.44785
2.29985
0.783013
0.953246
2.0568
2.07593
0.419118
0.530668
1.52097
0.384156
2.74427
1.10884
1.80607
0.944683
1.52657
2.73747
1.55377
0.848042
0.567387
0.424291
0.890469
1.10368
0.170334
1.16049
1.27056
0.930819
0.701428
2.41183
1.1717
0.326101
2.06421
1.68758
0.670312
1.40057
0.911745
0.459044
1.19345
0.890833
0.937964
1.09486
0.65123
0.809218
1.94734
0.81597
1.16808
1.46489
1.3663
0.582657
0.477572
1.22494
0.513045
2.38385
1.3728
0.337322
1.14271
0.826168
1.6525
1.41942
1.08388
1.22607
2.77549
0.693113
1.16558
0.689004
1.08237
1.1482
0.531409
1.31924
0.730302
0.255598
0.604739
1.27651
0.689006
1.52827
0.931062
1.12698
0.773522
0.469762
0.279709
0.257493
0.780248
1.34064
1.55117
1.19879
1.04246
1.50737
1.25686
0.370947
0.87695
1.02398
0.403801
0.884157
0.744676
0.715287
1.4832
0.918954
2.50828
1.55084
0.677095
0.71071
0.741941
1.03106
0.609138
1.39148
0.424491
1.13874
1.07717
0.799194
2.17389
0.797815
0.292232
0.743491
0.824397
0.277487
0.734247
0.875237
0.49823
0.914523
1.06584
0.814013
0.861491
0.181715
1.58325
0.655341
0.795434
0.428345
1.21307
0.313743
0.722499
2.06148
0.156205
1.49199
2.34807
0.436768
0.49815
1.09085
0.794004
0.558982
0.909686
1.69197
0.943763
0.34286
1.03134
0.479186
1.18562
0.707356
0.487899
1.00398
1.06739
2.36833
1.31501
0.99341
0.476684
2.01547
2.35244
1.87419
0.761861
2.09563
0.294428
1.02459
1.7286
0.417391
0.684792
0.817493
0.39796
0.606623
0.790708
1.62278
1.00697
0.552181
1.65875
2.07356
1.0329
2.21631
0.575708
1.75825
1.43994
1.79763
0.814512
1.67861
0.454975
1.1654
0.172075
0.192514
0.490183
0.133794
0.870804
0.729798
1.47523
0.588069
1.2304
1.17371
1.195
0.979835
0.82403
1.16784
2.10171
1.18682
0.863491
1.26732
0.381571
1.13896
1.33512
0.596512
0.76167
0.385113
0.509422
0.422609
0.778721
0.504297
0.778334
1.6123
0.535538
0.762648
1.79143
1.0833
0.835387
0.609286
0.358525
1.59567
0.943841
1.30885
1.10289
1.74908
1.30968
0.936686
0.857698
1.46253
0.765113
1.34558
1.63279
0.893771
0.908933
0.591748
0.891781
1.47756
0.914188
0.491846
0.756464
1.44625
0.631662
0.668221
1.02931
1.08815
0.658251
1.63816
0.765952
0.560368
1.6796
0.548819
0.943732
0.609188
0.663188
0.517132
0.987438
0.709755
0.965909
1.10624
1.89638
3.35745
1.22019
2.62435
0.963987
1.49642
0.652858
1.19149
0.385245
0.27972
1.11009
0.760975
0.777395
1.31106
1.44367
1.45616
1.0025
1.02233
0.626575
0.628731
0.879131
1.77941
0.499377
0.563606
0.49111
1.30956
1.19622
0.727429
2.41986
0.570911
1.22893
0.531543
0.462518
1.38215
1.02336
0.681976
1.04777
0.916395
1.2271
1.76905
0.845242
0.974519
1.29924
1.50706
0.650399
2.1692
0.97605
1.48864
0.679184
0.586468
0.720602
1.07179
1.48057
0.908358
1.00944
0.824351
1.04763
0.518498
1.19044
0.586886
1.20364
0.672239
0.491442
0.627437
1.96993
1.18499
1.61686
0.848267
1.40149
0.540668
1.01746
1.497
1.04718
0.80485
0.765479
0.673187
0.643745
0.675804
0.502794
0.921881
2.42147
0.606707
1.41124
1.16302
1.05864
1.77499
0.672592
0.707344
0.707071
1.37603
1.08489
1.42658
1.0714
0.704438
1.77492
1.02682
0.518699
1.09828
1.05124
1.17766
0.505411
1.50181
0.824921
1.35619
0.424269
1.23345
0.102063
0.841873
0.860881
0.877136
1.14272
0.951412
0.87736
1.04677
2.11208
1.1269
0.621427
0.691834
1.25583
1.13551
1.11704
0.418792
0.777165
0.610269
1.47835
0.50433
0.818993
0.510609
1.81477
1.21007
1.84446
0.332842
1.17402
0.688167
1.2748
0.59293
1.21403
0.589491
0.804455
0.443949
0.800529
0.596903
0.243953
0.640986
0.954771
0.726573
1.1807
0.929444
0.917979
0.767086
1.30568
0.651571
1.15121
0.970286
1.59362
3.66785
0.655733
0.207869
0.755944
0.24922
0.936882
0.360579
1.11312
0.977727
1.55538
1.14139
0.995931
0.70841
0.764875
0.8037
1.56682
0.44199
0.93257
0.979306
0.977132
1.01437
1.86613
1.48902
0.69481
0.970222
0.490766
0.793124
0.395809
1.33834
0.913493
0.68408
0.795067
1.23054
0.904983
1.01207
0.266279
0.90644
0.691862
0.607097
1.23789
1.02096
1.4368
1.00861
1.28712
0.36453
0.850346
1.43037
0.619955
1.41394
0.6798
1.09904
1.75874
1.27671
1.31666
0.794842
0.415316
1.561
2.09345
1.26338
1.1721
0.77765
0.860257
0.883435
1.12898
1.14972
0.81774
0.914332
1.16931
1.20877
0.771695
0.764958
1.13439
0.822333
2.06165
0.739197
0.93221
0.684611
1.17429
0.404339
0.473413
1.24672
0.776923
0.583958
0.615886
0.882306
1.56708
0.96453
0.548626
0.569457
1.67245
1.21413
2.38289
0.800304
0.463516
0.411208
0.640367
0.512405
0.280985
1.00614
1.16157
1.34326
0.631064
1.35535
0.544153
1.0689
1.81029
2.00323
2.5822
0.839705
2.57276
0.737414
0.361973
0.979396
1.11812
0.8329
0.697395
1.32657
0.360377
1.04983
1.66699
0.969
1.65619
1.33677
0.905839
1.81674
0.723354
1.14779
0.699379
1.04157
0.524459
0.599628
1.6367
0.487259
1.20244
0.444604
0.429031
1.26721
2.13925
0.175497
0.74725
1.50877
2.20221
1.73114
2.48923
0.733586
0.681238
0.966692
0.501711
0.799662
0.597438
0.990662
1.09398
1.32547
0.449594
1.68827
1.42636
1.07391
0.485115
1.42709
1.03637
1.22798
1.17949
0.826264
1.02041
0.939275
1.74181
0.510602
0.680004
1.09372
0.328845
1.08351
1.0197
2.1643
0.287096
0.315355
1.18699
1.81769
0.485592
0.829018
1.16396
1.34673
2.13612
1.13005
1.1142
0.461758
0.741667
1.30168
2.44503
0.989253
1.57625
1.00863
1.32099
1.68515
1.26091
0.637556
0.57853
0.576651
1.54161
0.679673
0.800577
0.902009
1.92424
1.04374
1.76594
2.42719
1.13547
0.774161
3.0947
1.05434
1.17437
1.27058
1.27309
0.410227
0.888853
0.93632
1.08833
1.22376
0.517801
1.23816
0.649596
0.789976
1.61137
0.84002
0.593354
0.907014
0.837225
0.601547
0.942432
2.08357
0.728247
0.493
1.13332
1.21987
0.589907
1.45378
1.70271
0.982088
0.913633
0.930901
0.567179
0.847526
1.00221
1.67385
1.00624
1.18359
1.13652
1.82088
0.803786
2.24459
1.02465
1.0029
1.76356
1.64451
0.768122
1.58337
0.887913
0.973944
1.57984
0.636278
1.25801
0.814242
0.566539
1.23043
1.44188
1.0535
0.425494
0.997144
0.52128
1.24334
0.428343
1.01393
0.630596
0.95839
1.8262
1.03213
1.2561
1.09063
1.63347
1.21126
0.577117
0.853669
1.20065
0.855997
1.65095
1.55531
0.346739
0.735804
1.36624
1.74865
0.738579
0.900804
1.13698
0.566259
1.24947
0.66895
1.03775
0.629206
0.721085
1.17489
1.51406
1.59507
1.11307
1.30539
0.328042
1.78114
1.0951
1.73894
0.869267
0.782539
0.140099
1.21351
0.63857
1.55883
0.360351
1.83059
0.401263
0.520953
0.923968
1.34197
1.52818
1.10251
0.461378
0.688922
1.02775
1.1922
0.836783
3.03137
0.424946
0.802939
0.718554
0.264678
1.01438
0.855792
1.07588
1.75569
1.0931
0.297641
1.69386
1.24718
1.37118
1.00116
2.22832
0.515342
1.46201
0.793883
1.38877
1.29729
0.66308
0.722942
0.539163
0.746365
0.984754
1.07635
0.777985
1.07619
1.30461
0.533373
1.07466
0.772907
0.433557
0.754578
0.927993
0.324886
1.64456
0.656894
2.09379
1.01336
1.01683
0.511642
1.17983
1.55725
1.91011
0.792569
2.1653
1.56427
0.484236
2.23037
1.8068
1.07601
2.37886
1.11053
0.379245
1.41722
0.627968
0.676155
1.72963
1.6877
0.972596
1.03788
1.29281
0.628445
0.293051
0.75182
0.774555
0.353878
0.632156
1.62401
1.23493
3.4
0.526119
0.523351
1.44124
1.15477
1.56376
0.334198
0.351484
1.58153
1.42162
0.337562
1.07706
1.2299
0.607492
0.712614
0.805871
0.829012
1.10448
0.893764
0.594701
0.667224
0.810028
0.665898
1.87704
1.33196
0.555721
0.62642
0.451064
0.543426
0.416252
1.30536
2.04357
1.14819
0.361207
0.687029
0.7268
0.475998
1.17664
1.18254
0.573417
0.786495
0.442147
0.570401
0.378458
1.45428
0.74741
1.17325
1.04613
1.16874
2.3733
0.922864
1.88059
0.652676
0.566093
0.957702
1.27785
1.74031
1.30759
0.430395
1.02447
1.704
0.569142
0.315472
1.02288
1.61969
0.382515
1.21166
1.00993
1.31256
0.285262
1.39085
0.896442
1.68943
0.343592
1.13531
0.54835
0.80556
0.516663
0.766994
1.20166
1.61507
0.929017
0.885513
1.19797
0.953736
1.26582
1.42603
0.973093
1.09144
0.828337
1.00765
0.344571
0.501777
0.611528
1.37727
0.746292
0.357101
0.686399
0.775571
0.417192
0.838111
1.3
0.780536
0.322759
0.819186
0.625737
0.594605
0.657579
0.794166
1.96196
0.388216
0.343327
1.04212
0.453518
0.753602
0.40917
0.499176
0.770415
0.92265
0.783998
0.567577
0.538744
0.491034
1.09419
0.992202
1.40013
0.951568
1.05922
1.10092
0.580868
0.617802
1.43031
0.681083
0.990613
0.925424
1.22369
0.96404
1.27871
1.59265
1.65268
0.22671
0.25613
1.02027
0.91576
1.21528
0.693313
1.74832
0.546376
0.495161
0.894761
0.883854
0.962663
1.77543
1.13316
1.20012
0.893269
0.837399
1.79813
0.913685
0.978849
1.02394
0.611707
1.10601
0.784047
1.09598
0.852742
0.702245
0.433269
1.07675
1.22863
0.316686
1.20653
1.79951
0.762179
0.583698
1.10128
0.698466
0.938636
2.16055
0.964456
0.631792
1.56555
1.18902
0.636038
0.714801
1.25644
1.85378
1.01835
1.41539
0.38135
1.42743
0.370901
0.76021
0.781988
0.693004
1.49929
1.50305
0.51545
1.34857
0.716807
1.27495
0.769372
1.58456
1.01568
1.51519
0.487642
1.44329
0.469145
0.45964
1.30201
0.743536
0.748803
1.41164
0.969134
0.837618
2.21199
0.631931
0.832315
0.860264
1.63255
0.648197
0.706714
1.82004
1.31374
0.620633
0.704608
1.85826
1.24083
1.42866
0.644973
1.65553
1.41388
2.08637
1.44619
0.698113
0.573067
1.0787
0.845485
0.481763
0.378944
0.71898
0.979426
2.35031
0.910323
1.45516
1.13218
1.29403
0.920025
0.787216
0.876894
0.180998
0.807194
0.814498
0.492028
0.30402
1.99114
1.31744
1.12689
1.12426
0.962093
0.634714
1.24132
1.35036
0.692802
0.804554
0.727137
0.735298
0.445715
0.687006
1.34654
1.33934
0.508542
0.336006
1.04069
1.505
1.40021
2.40795
1.81598
0.610797
0.691889
0.671651
1.30256
0.571799
0.926568
0.846124
0.94118
2.19493
0.48704
1.892
1.09502
0.866228
1.22663
1.63616
1.43076
0.502788
0.655449
0.638015
0.791598
0.574944
1.12118
0.8399
0.8945
1.66276
0.680279
1.09611
0.418595
1.27637
0.593628
0.665157
0.891083
1.1155
1.0158
0.932429
0.9321
0.695934
0.629091
1.99948
1.8951
0.606623
1.49543
0.675978
1.32714
1.05234
1.31524
0.34515
0.408163
2.55609
2.61108
1.29212
0.941113
0.212783
0.531189
1.65859
0.92842
1.25992
1.72654
1.29104
1.27824
1.48226
0.850447
0.549425
0.596465
1.03345
0.621682
0.793931
0.244749
0.912268
0.767062
1.08183
1.23826
0.434153
1.27464
0.561513
0.492068
1.47663
1.20587
0.754917
0.722633
1.29942
0.440639
0.831896
1.72832
0.715825
0.936377
1.4584
0.567113
0.827705
1.46319
0.467194
0.955833
0.718433
1.02093
0.844776
0.865781
0.911683
0.853711
0.487248
1.54621
0.845305
0.807492
0.585999
1.84318
0.469123
1.08022
1.14611
0.764798
1.63844
0.554316
0.57268
0.837782
0.505362
0.658386
0.627195
1.00163
1.35691
1.64347
0.620971
0.853431
1.81776
0.611966
0.290012
1.55646
1.97727
0.804788
0.905504
1.56454
1.04316
0.448382
1.4929
2.19631
1.32564
0.525119
0.577014
0.586516
2.06614
1.58512
0.84713
0.682634
1.30347
0.79658
0.761667
2.57819
0.873875
0.825916
3.10132
0.721497
0.948235
0.801546
0.45671
0.583732
1.73307
1.37145
0.655686
1.13163
0.835672
0.861788
0.53475
0.947951
0.64679
0.849728
1.08177
0.621534
1.28688
1.9155
1.14064
1.40977
0.413872
0.839851
1.45091
0.327632
1.53742
2.38469
0.899345
0.762481
0.869162
0.359718
1.07977
1.15904
1.41623
1.11548
0.964831
0.318417
0.859615
0.730944
0.734636
1.94979
1.09844
1.44229
0.869116
1.1781
1.27747
0.808183
0.526031
0.714461
1.4937
1.85141
1.31553
1.53905
0.686541
1.46007
0.266079
0.649713
2.0975
0.586435
0.917744
1.37974
0.543255
0.561609
1.75504
0.433567
0.372846
0.993689
1.17655
0.561171
0.746981
1.18951
1.33565
0.781468
1.23509
0.619701
0.511755
1.04575
0.669062
1.44393
0.841941
0.80703
0.911089
0.860087
1.12034
0.578663
1.42064
0.811461
0.964197
1.03476
0.952488
0.69033
0.630628
1.17529
1.09598
0.606843
2.71051
0.818462
1.13203
0.184629
0.668524
0.968117
1.04242
0.556367
0.437667
0.957733
0.906338
0.944625
0.973756
1.05326
1.90409
0.342696
0.789363
1.27471
0.852087
1.01782
1.81892
2.63256
0.996754
1.47915
0.458773
1.20575
1.32223
2.07403
1.85588
1.26291
1.20769
0.463409
0.543817
0.411809
2.27288
0.948425
1.49119
0.509861
0.491222
0.85117
0.616505
1.45255
2.21543
0.594302
0.927026
0.966261
0.276378
1.11288
1.06572
0.787325
0.63348
0.977869
1.1569
0.829823
1.3053
1.34851
0.905178
0.635086
1.29183
0.382513
0.343947
0.965837
0.932522
0.943963
0.366001
1.85645
0.483028
0.713078
0.800158
2.76304
1.33009
1.50382
0.596114
0.992211
0.707358
0.489289
0.645547
0.72253
0.783301
1.31133
0.714754
1.709
0.717925
0.19883
0.681899
0.696084
0.712206
1.40584
0.776772
1.19128
1.14673
0.841769
1.86936
0.595084
0.972568
0.794916
1.13047
1.88546
0.541656
1.10674
1.34901
0.267866
0.648193
0.446713
1.18675
1.04429
1.15817
0.541278
0.634695
0.848386
1.46912
1.21048
3.15135
1.3735
0.756935
0.906811
0.754595
1.08515
1.02416
0.640099
0.785643
1.87107
0.464785
1.41266
0.611794
0.957878
1.61063
0.578608
0.640637
1.25623
0.974853
0.875897
0.722053
0.820216
0.749535
0.774624
1.90356
1.4613
0.694996
0.870843
0.533472
1.19675
1.1397
1.19571
1.54718
1.05623
0.698531
1.47591
2.19753
0.324917
2.33418
1.63686
1.6956
0.472974
1.67167
0.647345
0.81729
1.28098
2.01704
0.598089
1.35487
0.562193
0.851131
1.59491
0.954371
0.861363
0.845402
1.4436
1.93223
1.09084
1.11986
0.681403
1.21608
0.468819
0.932935
1.10088
0.491981
2.19365
1.50551
0.26259
1.05453
1.38619
0.819661
1.55786
0.791325
0.548811
1.14672
0.680804
0.757455
0.457766
1.32768
0.768991
1.12159
0.961148
0.736269
0.642255
1.09515
0.643831
0.611237
0.94857
0.676055
0.849184
0.35048
1.00576
0.655803
0.730701
1.77395
1.26575
0.813523
0.427817
0.84903
0.67001
1.0543
1.83644
0.612656
0.817835
0.564414
2.89837
1.11762
0.643042
0.988536
0.669519
0.512367
0.362482
1.30022
2.32668
0.573574
0.930398
1.42376
0.784888
1.0324
1.17908
1.74951
1.0974
0.52586
0.697939
0.781336
1.91006
0.483674
0.643713
0.728775
1.75371
0.959768
1.04183
0.599405
0.93809
0.787415
0.522067
1.17081
0.599335
0.973796
0.590736
1.74535
0.894893
0.57248
2.61348
2.27797
0.915304
0.323867
1.75282
1.02535
0.542116
1.45773
1.43071
1.11313
0.740842
1.01857
0.526327
0.98986
1.4665
1.87078
0.601278
0.896878
1.07133
0.278383
1.48226
0.883182
1.10877
0.730866
0.822628
1.90081
1.08056
0.491653
0.546887
0.460715
1.32435
1.09076
1.1902
0.792613
0.528347
0.204588
1.25175
1.01086
0.83362
0.509025
0.950079
1.07261
0.636679
2.66151
0.922241
1.08916
0.673312
0.799236
0.861019
1.04806
0.56087
1.71607
0.861848
1.13731
0.963334
1.49867
1.17511
0.960395
0.974335
0.855468
0.414509
0.74206
0.661309
0.446015
1.71848
0.974313
0.911912
1.33166
1.84287
0.753447
2.71867
1.13161
0.708621
0.458342
1.06546
0.684664
1.19761
0.663528
1.14341
0.887495
0.626367
0.702459
0.686385
0.822558
1.14669
0.875465
0.724241
1.00305
1.42404
0.982892
0.574209
0.243433
0.806485
0.292235
1.87704
0.61921
1.46966
0.530048
1.28699
0.539841
1.47028
1.41216
1.06904
1.05859
0.614234
0.417173
0.445893
0.236745
0.975696
1.00491
1.24305
0.77611
1.44139
0.321999
0.992167
0.622024
1.06878
1.85079
0.918561
1.23556
1.02527
0.526291
0.471054
1.06297
0.31845
1.54149
0.702681
0.806426
1.10923
0.862045
1.49028
0.4837
2.47721
1.17581
1.14425
0.460054
0.484458
1.94367
0.711992
0.594463
0.417982
0.306223
0.602065
0.992549
1.88785
1.5592
1.20295
1.98911
1.26001
0.936974
1.08409
1.91595
0.465887
0.791664
0.922519
0.342096
1.28356
0.32057
0.84149
1.03175
1.20681
1.11865
0.934097
1.22429
1.09921
1.11806
0.93607
0.421484
0.261055
2.28065
1.26085
0.848699
0.551359
0.893206
1.6387
1.09857
0.977448
0.697698
1.27933
1.6824
2.67584
0.594027
0.913293
0.442989
0.684243
0.467176
1.14029
2.08084
1.76594
1.00553
1.07425
0.613122
0.487086
0.453262
0.792576
0.877525
0.479803
1.84356
0.883118
0.522359
1.47104
1.36318
0.635648
0.407606
0.230289
0.491693
0.724104
0.25453
1.00281
0.989447
0.434504
1.25641
1.13077
0.894642
1.04604
0.90112
0.40239
1.43327
1.44922
0.561947
0.893848
0.99298
0.631747
1.83062
0.446003
1.58648
0.359003
0.979174
1.36431
1.07849
2.19029
1.17193
1.0459
1.85534
1.69865
0.887116
1.62786
1.34684
0.994846
1.47451
0.734762
0.721626
0.843099
0.956423
1.41143
0.737546
0.965205
1.10208
2.16627
0.487262
0.524692
1.01748
0.69466
0.263668
0.478593
2.05033
0.91098
0.666184
1.10684
1.33185
1.39849
0.865424
0.582218
0.548437
0.929963
0.705582
0.454428
1.30152
1.36839
1.29429
1.68251
0.969817
0.588144
1.15789
0.411298
0.757989
1.95453
0.80092
0.919881
1.0416
0.685941
0.357056
0.164226
0.77946
1.34206
0.797849
0.548474
0.497554
0.798569
0.724209
1.19163
1.54499
1.54276
1.80502
1.9237
0.917857
0.379848
1.25373
0.555189
0.766314
0.804776
0.840364
0.649544
0.972344
1.35788
0.882091
0.982143
1.18283
0.543517
1.28
1.47711
0.992552
1.70446
0.938809
1.32022
2.02026
1.06164
0.574388
0.57824
1.28305
1.52932
1.41388
1.46953
1.0773
0.221993
2.255
1.05891
0.554789
1.70875
0.758274
0.742199
0.807175
1.07126
1.27207
0.432367
0.861198
2.61119
1.03189
1.17917
0.683924
0.49278
1.33508
0.813552
0.676428
1.38254
0.435459
1.27863
0.480022
0.796756
0.827944
0.919841
1.44286
2.65884
1.28022
0.597409
0.521839
2.10863
0.886178
0.688058
0.589394
0.696255
0.641834
0.630433
1.1179
0.496607
1.05696
1.51008
0.829104
1.23332
1.11936
0.956085
0.336866
0.921478
0.726246
0.530642
1.63632
0.883705
0.792713
2.08589
0.664962
0.522734
1.38465
0.689906
1.20976
2.36195
0.318713
1.27056
0.715032
0.9702
0.968645
0.661527
0.867645
0.529206
0.450106
0.892441
0.246099
1.02586
1.32457
0.365044
1.40857
0.58212
1.38485
1.23419
0.537536
0.779113
0.269458
0.552431
1.03732
1.18238
0.747517
1.37005
0.931023
1.02315
1.01564
0.773275
1.27429
0.927171
0.886304
0.610532
0.318648
0.988411
0.932219
1.37041
0.989025
0.22918
0.321636
0.84861
0.924276
0.992892
0.599476
0.992772
0.775095
1.50693
1.86641
1.26828
0.83556
0.812106
1.13878
1.47556
0.739187
1.57402
0.774768
1.49492
1.52213
1.19893
1.12463
0.398005
0.642121
0.850342
0.750214
0.466653
0.928012
0.803001
0.796155
1.50329
0.898007
0.86291
0.648556
1.02466
0.525276
1.48631
2.47315
1.08481
1.80501
1.32852
0.957534
1.52506
0.997995
1.39129
1.08408
0.863615
1.54617
0.569475
1.16987
0.786325
0.889563
0.69219
1.31737
0.910193
1.27179
0.568681
0.235713
2.30842
2.12585
0.867866
0.588407
0.66881
1.88577
1.41486
0.802829
0.856727
1.18509
1.55804
1.68746
0.441922
0.474496
0.767708
1.42213
0.68276
0.532756
0.685378
0.962139
1.05805
0.395215
0.622543
0.952811
1.18913
1.72528
0.963967
0.490296
1.45499
0.900491
0.576784
1.26388
0.31042
0.721332
1.02406
0.809865
1.3165
2.10759
0.571708
1.26855
0.644554
0.430912
1.10841
2.09104
0.905648
0.773513
1.03248
1.15783
0.476081
0.887798
0.515728
1.76183
0.620091
1.18736
1.10028
2.13829
0.650227
0.974929
0.662398
1.44002
1.56545
1.95219
0.730205
1.69551
1.24641
0.283645
1.23185
0.932339
1.7698
1.20956
1.03019
0.915613
0.938983
1.20951
0.413003
0.954837
1.81103
1.24595
1.31683
0.299006
0.500414
0.967898
1.21657
0.552606
0.361057
0.63287
1.11381
0.620757
0.337
1.25322
1.61215
0.45097
1.0381
1.71293
1.07278
0.794288
0.867913
1.17965
0.235451
1.77332
0.887763
0.903739
1.73319
2.21084
2.30801
2.14806
0.686112
1.00427
1.57281
0.827342
1.23767
1.26018
1.29497
0.290247
0.532366
0.831802
2.20561
1.49376
1.19589
1.45735
0.958966
0.591492
1.91965
0.984232
0.178074
0.459384
0.569212
0.766112
0.572419
1.08417
0.454488
0.519097
1.65728
0.613264
1.66558
1.01155
2.76839
0.920034
1.38215
0.575367
0.538103
0.677795
1.49955
0.431193
0.516456
0.94732
0.871643
0.830703
0.848784
0.480673
0.790322
1.5331
1.91044
0.603233
1.42969
0.722722
0.656775
0.650765
0.679436
1.72481
1.06975
0.890111
0.90658
2.28197
1.21406
1.96875
0.968788
0.171871
1.42049
0.906599
1.08777
0.732927
1.89028
0.578713
1.73119
0.962103
1.72552
0.390462
1.14218
0.39949
1.44514
0.17209
1.52073
0.635025
0.718194
1.58142
1.4463
1.19381
1.24698
0.604195
1.64849
0.476549
1.00643
0.795224
0.991939
1.85483
0.928382
0.961927
2.6882
1.03946
0.712131
1.81386
0.80419
1.26593
1.17402
1.26937
0.787356
1.28117
1.11452
0.452991
0.97066
1.3449
0.885649
0.915302
0.765455
0.779082
2.36508
0.439096
0.926035
1.18756
0.244435
2.11495
0.759284
0.690342
1.04091
0.589303
0.306865
0.929551
2.27422
1.63466
1.48161
0.823149
1.21962
0.880809
1.16026
1.19299
1.17661
0.429216
1.06116
0.169835
0.512233
0.27687
0.646114
0.322121
0.524921
1.44361
0.781856
1.21174
2.02485
1.18379
1.40178
0.490526
1.6765
1.19845
0.826273
0.530316
0.430997
1.01987
1.24497
0.432628
1.32433
1.07872
0.815455
0.972196
0.562383
1.13948
1.47345
0.825153
0.206957
2.16547
0.802291
0.396755
1.01998
0.895019
1.0225
1.18788
1.11509
1.94199
1.01282
1.3365
0.891323
1.506
1.1882
1.75212
0.909491
0.855051
1.19661
1.63709
1.52036
1.10939
0.989347
0.697912
1.61247
0.896899
1.09261
0.898197
1.59494
1.75571
2.64611
0.692295
0.914651
1.56907
1.58437
0.561345
1.75866
1.10391
0.356295
1.34199
1.87396
1.08792
0.47016
0.857634
0.897667
2.47801
1.85781
0.742096
1.01835
0.573153
0.592473
0.884526
0.943881
0.362902
1.27412
2.53973
1.44052
0.450211
0.733395
1.27273
1.1705
1.20506
0.470612
1.47649
0.336262
1.07428
1.01107
0.767787
1.36699
0.528001
1.7593
1.02525
1.16216
0.853177
1.34658
1.89642
0.230303
1.81623
0.606764
0.845841
0.849854
0.903227
2.14966
0.630044
0.983196
1.81495
0.548748
2.19103
1.17217
1.30866
0.61747
0.283621
0.806574
1.10034
0.46118
0.704114
1.17672
0.806007
0.866845
0.789358
1.14935
1.06834
1.12985
1.4982
1.40694
1.33983
0.923589
2.24487
1.1497
1.09941
0.503759
0.632106
1.39406
0.49323
0.623316
1.32908
1.29047
1.11237
1.68012
0.32917
1.34532
0.588197
1.48008
1.00507
1.41996
0.635019
1.5865
1.00719
0.500013
1.38078
0.739155
1.04358
0.881128
0.509253
1.09274
0.402178
1.05398
0.701154
2.61953
0.969135
0.475573
1.28221
0.852504
0.643273
1.22162
1.26479
2.17807
0.730071
3.24962
0.336651
0.777112
0.760956
1.90597
2.43243
0.35474
1.07904
0.945623
2.09497
1.99581
1.33396
1.56525
1.40691
2.0855
0.912791
1.52017
0.496187
1.19506
1.45507
1.40104
1.76619
0.645061
1.31438
1.6452
1.14189
1.70966
0.89621
1.95308
0.663474
1.37527
0.784966
0.959352
0.516158
1.34665
0.854216
0.683398
0.388678
0.52744
0.803002
1.05618
1.10875
1.50319
0.652318
1.15501
1.78877
0.760397
1.38062
1.19625
1.36434
0.837555
1.51069
0.346505
0.525534
1.47605
1.69101
1.37101
1.1229
1.0375
0.922824
2.22616
0.751873
0.702175
1.46485
0.753842
1.43694
1.06941
0.774983
1.84597
2.18961
1.12237
0.881949
0.323542
0.73535
1.65053
0.584965
1.40447
1.09014
0.473587
1.19915
1.01496
0.985478
1.03179
0.615891
0.58175
0.775788
1.22501
0.83679
1.36198
1.59453
0.840339
0.895226
1.57076
1.41636
1.27377
0.218586
0.938041
0.295106
1.20845
1.02026
1.1861
0.491911
0.54234
0.631989
0.74556
0.354172
0.363229
0.564935
1.1
0.59846
1.99073
0.465212
0.619012
1.11805
0.751906
0.112777
0.977681
0.636329
0.657917
0.391459
0.216259
0.910928
0.731032
0.96665
0.890943
0.361053
0.564813
0.218337
0.489284
1.17626
1.00104
0.829349
0.828957
1.54942
0.681298
0.834397
1.69574
0.963667
1.10588
1.07151
0.760584
0.840109
1.41458
0.566088
1.93109
1.35723
1.5941
1.21475
0.904993
1.1743
0.891856
2.35788
1.47499
0.777726
0.595247
0.67927
0.263438
1.61385
0.710401
0.599725
1.47918
1.03937
1.04299
1.32704
1.68253
0.793443
0.303966
0.756218
0.638189
0.777788
0.397845
0.660757
0.493827
2.81428
1.05534
1.0273
1.52342
0.311791
0.585271
1.13315
1.38271
0.377753
0.838436
0.818848
1.13236
1.59167
0.899373
0.599457
0.757976
0.537804
0.413154
1.38598
0.785321
1.70784
1.14752
0.480362
1.18917
0.386393
0.577838
1.37345
1.01296
0.469603
0.429488
0.485834
2.06039
0.742073
0.717827
0.359914
0.593481
0.965026
0.879226
0.287344
0.537349
0.959706
0.960562
1.53624
0.461
0.695587
0.681338
0.683444
0.440491
0.570743
1.15881
1.2049
0.832037
1.0543
0.558946
2.05833
0.45921
1.02338
0.479499
0.814176
1.87379
0.731496
1.01504
1.28544
0.970096
1.62214
1.64429
0.93033
0.726314
0.645194
0.409634
0.253204
0.218632
0.74006
1.10295
1.11632
0.930494
1.42374
0.680752
0.950716
1.07633
0.573987
1.64712
2.47028
0.474923
0.964343
1.28034
0.81133
0.732833
1.60929
0.686188
0.703361
1.01831
0.909245
1.09267
1.3237
0.607427
0.371079
0.724089
1.58245
0.968376
0.630614
0.438885
0.985435
0.657982
1.40639
1.01603
0.894076
1.80302
2.20572
1.18845
0.927961
0.560865
0.906685
0.610218
1.1963
0.265818
0.731152
1.32419
0.492334
0.624496
0.705829
0.349913
0.774637
0.830033
0.889675
1.34223
0.631656
0.369881
0.344389
0.945778
1.07696
1.20666
0.939251
2.63853
2.36892
0.834342
0.81455
0.748869
0.802041
0.457594
1.00912
0.798706
1.09633
0.229158
1.36412
1.14257
1.74502
1.62504
1.59225
0.822548
0.804079
0.790661
1.0211
1.66382
0.731167
2.46755
0.435493
0.793084
0.784036
1.18609
0.940606
0.805163
1.15907
1.1185
0.291881
0.970074
0.553311
1.7679
1.13751
0.480141
0.332189
0.705218
1.16487
0.918897
0.824409
0.329124
0.907091
0.688509
0.428843
1.94259
0.465692
1.22593
1.75774
0.611228
1.00143
1.75878
0.645115
0.575972
0.640721
0.701361
1.37702
0.583684
0.561821
0.339809
0.566718
0.655538
0.633002
1.39275
0.346653
1.09239
1.6183
1.17965
1.07829
0.958189
2.45082
0.816185
0.489041
1.30006
0.780728
1.29139
0.664336
0.643151
0.438978
1.19216
2.65825
0.530179
1.08428
1.89449
0.710056
0.453761
1.48343
0.699219
1.61522
0.582746
1.29391
0.597766
0.419807
0.90302
1.16952
1.13824
0.483745
1.27026
0.71163
0.232296
1.70722
0.804013
1.03376
0.712592
0.669965
1.57944
0.979437
0.831291
0.56981
1.10135
0.475482
1.13552
1.03063
0.525078
0.316608
1.38261
0.887917
0.657346
1.88354
2.13994
1.38092
0.924303
1.46159
2.58988
1.70319
0.760383
1.0715
1.98347
1.19133
1.40901
1.36042
0.696777
0.438122
0.448012
0.783229
2.4489
0.672306
0.742787
0.821131
0.719232
0.837155
0.637524
1.18116
0.817714
0.725557
1.35888
1.06825
1.07527
1.63712
0.846215
2.08614
0.408316
1.88642
0.578214
1.50114
0.959634
4.05821
0.830077
0.388678
1.14798
0.559932
0.225168
1.74135
0.504841
0.549065
1.01044
1.14585
0.795518
0.793949
3.30176
1.10352
0.49865
1.45642
1.23864
1.11404
1.88954
0.494698
1.60567
1.29234
0.870747
0.560214
1.38454
0.868462
0.871435
0.970331
1.17815
0.842357
1.36784
0.529357
1.71255
1.70882
1.55614
0.141083
1.86228
0.45939
1.08049
0.736727
1.04431
1.73292
0.870838
0.390512
1.18069
0.833175
0.924865
0.598688
1.04176
2.43068
0.670272
0.68184
0.218506
0.88576
1.08478
0.79574
0.628087
2.64156
2.08964
1.07957
1.82865
1.58774
1.16774
1.02153
1.25982
1.2718
1.12798
1.10151
0.718798
0.836818
1.60242
0.639769
1.02505
0.795501
0.738577
1.3975
0.688451
1.6072
0.841201
1.68329
0.650833
0.293839
0.314037
0.69069
0.3286
1.2304
0.57822
0.888309
0.978725
1.15091
1.34674
1.16515
0.858079
1.01787
1.05228
1.09924
1.13207
0.854923
2.01108
0.989972
1.37188
0.593144
1.00778
1.19932
1.159
1.23396
0.722012
0.81522
1.21307
0.746768
1.3349
1.13938
1.30207
1.09598
2.24794
0.640847
0.690901
0.551019
1.02151
1.08655
0.552151
1.35535
1.36499
0.511047
1.83453
0.739525
0.424232
0.604716
1.00131
0.359808
0.659891
0.860318
1.87078
2.07411
1.24427
0.702482
1.62857
0.970446
0.553887
0.51936
0.942284
0.928071
0.634329
1.51536
1.04624
0.876653
0.67375
0.909857
0.361456
1.66083
2.17434
0.915339
0.460309
0.227563
1.22177
0.923784
1.14085
1.77147
2.14063
0.921374
1.16512
1.15808
0.808277
0.551519
0.822826
1.03443
0.832972
1.11089
1.3977
0.575554
0.852691
0.851034
0.843513
0.904952
1.29169
1.77434
0.760231
1.04461
2.43875
0.7353
1.43899
0.698951
1.97013
0.797332
0.80866
1.35774
1.98512
0.840524
0.964081
0.696355
0.384445
0.676021
0.341111
0.380642
1.26554
0.289986
1.38766
0.887318
1.23571
0.828121
1.02317
0.296713
0.71105
0.822195
1.47366
1.38651
0.97768
0.962032
1.09601
0.699829
0.989814
1.17773
1.45538
0.666147
0.928883
1.27439
1.18897
0.688816
0.844254
0.816231
1.87696
0.44459
0.563564
0.28853
1.2522
0.701621
1.16387
0.607542
1.10837
0.993955
1.15918
0.963562
0.971314
1.6735
2.05834
1.04031
1.11487
1.07027
1.0808
0.344502
0.638961
2.1131
1.11216
1.14474
1.18432
1.85609
2.30472
1.19649
0.549708
1.81913
1.06326
0.280832
0.76046
1.13915
0.998109
0.661183
2.55072
0.756701
1.52263
1.1295
0.825935
0.975421
0.659776
0.560631
1.12818
1.60612
1.81615
1.05077
0.805508
0.674181
0.902471
0.434376
0.873407
0.794273
0.606379
0.997861
0.71905
1.37687
0.683793
0.837675
1.80636
1.78397
1.92203
1.00187
0.775609
0.640486
0.174153
0.954218
0.999266
0.95967
1.68256
0.691985
0.70699
0.845337
0.803231
1.39699
0.845264
2.16631
1.6165
0.545921
0.755068
0.776546
0.990222
0.635993
2.00417
0.388315
0.326793
0.694831
1.07736
0.637744
0.428853
2.42084
0.700736
0.859518
1.14941
1.25096
1.15601
1.58808
0.387547
1.48841
0.876205
1.12306
0.745922
0.842572
0.995109
0.4946
0.857958
1.06446
0.769198
0.979862
1.47134
1.46318
2.00949
0.999954
0.701435
0.662627
1.0033
1.32118
1.78912
0.735374
0.909177
1.33358
2.46181
0.477604
0.892804
1.52347
0.353768
0.549073
1.22207
0.861277
0.46776
1.2448
1.19701
0.468138
1.86242
1.45213
0.517726
0.478461
0.485786
0.428216
0.705796
0.761472
0.539898
0.601057
0.584183
1.21376
0.472987
0.58069
1.67567
0.806957
0.938623
1.82911
1.01561
1.30502
0.594949
1.64611
2.02374
2.33765
1.70315
0.73977
1.1596
0.216388
2.01792
1.53718
0.590826
1.09584
0.461779
2.9205
0.890905
0.661781
0.821833
0.610302
1.076
0.534205
0.990285
1.46392
0.966306
1.07385
0.50368
1.08465
0.852046
0.564947
1.42766
1.21334
0.45704
1.10645
1.46257
1.40697
1.14843
0.933629
0.514027
1.4314
0.312122
0.574465
1.08074
0.227952
1.29035
0.646042
0.848992
0.855042
0.596062
1.03716
0.159505
0.40421
1.00977
0.822506
0.614576
1.67893
1.39933
1.21524
0.921083
0.573399
1.30285
0.363776
0.847113
0.719114
0.937439
0.60296
0.388938
1.15643
2.59275
1.11808
1.32607
0.676784
0.466068
0.919606
1.0234
1.47676
1.35771
0.650305
1.1128
1.24457
0.835838
1.25686
0.496399
0.711424
1.62237
0.813639
0.567032
0.574432
1.34153
0.605741
1.27653
1.65704
0.462862
0.219722
1.1037
0.456924
0.839254
1.31699
0.738355
1.12706
1.49211
0.441692
0.742689
1.22097
1.20074
1.44821
0.939531
0.525814
1.32298
1.07407
0.875699
0.941425
1.63899
1.38759
0.462172
0.603181
2.74158
1.25552
1.22274
0.217509
0.895969
0.176231
0.884856
0.47391
1.38983
0.947344
0.475216
2.1398
0.726023
1.67297
0.753818
1.21284
1.68103
0.611666
0.752137
0.542118
0.884267
1.90607
1.19497
0.761057
0.588971
1.71274
0.456778
1.18429
0.749561
0.344728
0.457064
0.61601
1.11741
0.933205
0.792359
0.593782
1.1567
0.513503
0.636857
1.01926
1.49279
1.87068
0.824031
0.294201
1.17062
0.552311
0.528129
1.66925
1.4664
1.67871
1.33777
0.655001
1.59661
0.666873
0.871347
0.907708
2.40312
1.07124
0.835537
1.08834
0.856702
1.55036
0.2996
1.4862
1.83444
0.81153
0.654044
0.320587
0.83774
1.16573
0.593021
0.886401
1.3365
0.14594
1.29101
1.28369
0.769245
1.95347
0.878407
0.638813
0.669189
1.34875
0.316651
1.4612
0.355205
2.26259
0.80419
0.659645
1.06265
1.01308
1.38592
2.91126
1.13478
1.62395
0.948717
1.14366
0.965047
0.735348
1.05765
0.675447
0.391235
0.397516
0.934275
0.491139
0.37077
1.45194
1.00411
0.259208
1.26119
0.864803
0.818516
1.29132
0.789458
0.500611
1.36465
1.06277
0.787823
1.12742
1.55249
0.940641
0.698275
0.376842
0.787486
0.732225
0.654157
0.588582
0.433185
1.21701
1.05986
0.602719
1.02923
1.34337
1.07075
0.782008
1.88706
0.998619
0.774588
1.67226
0.346716
1.74985
1.07038
1.24361
0.83204
0.735208
1.0496
1.65482
1.75226
0.425223
1.17093
0.84253
0.316285
0.464096
0.901617
0.868793
0.565963
0.774453
0.434373
0.596992
1.01257
1.42772
0.375975
1.0245
0.855385
0.435972
0.576594
0.912085
0.706465
0.640519
1.47885
2.02587
0.441845
0.583803
0.415437
1.59903
1.51958
1.19135
1.37201
0.630451
0.7301
0.324269
0.394606
1.39761
1.08517
0.779003
0.170341
1.79341
1.27689
1.4255
1.37973
1.48092
1.10531
1.61115
1.24019
0.731731
0.428515
0.939797
0.384432
0.973591
0.731472
2.66673
1.58442
1.92416
0.630133
0.643234
1.48007
1.08419
0.474504
1.68332
1.68385
1.29162
1.15739
0.35219
2.41014
0.975492
0.945982
0.434783
0.948516
0.115441
1.08942
0.974087
0.444516
0.77448
1.09077
1.19091
0.506128
1.02492
0.733611
0.839819
0.608092
0.547782
0.79935
1.76446
1.37947
1.24341
1.20141
1.04899
1.32928
1.50841
0.883697
0.422483
1.03267
0.391592
0.808218
0.812679
0.612359
0.707902
0.709035
0.577549
0.596782
1.02375
0.861286
0.968834
1.16377
1.01531
1.24424
0.488051
1.66779
0.736261
1.67987
1.0077
0.727507
0.199969
0.73607
1.1448
1.03599
1.92917
1.25546
1.44804
0.404156
1.14115
0.447482
0.902201
0.70192
0.840568
1.17281
0.675732
1.02629
0.460594
1.43224
1.41387
0.59917
0.588491
0.859321
0.56577
0.890015
0.981814
0.426928
0.887354
0.752526
0.600664
2.89094
0.859877
0.827339
0.47928
1.1571
0.966182
0.873923
0.257147
1.07434
0.354561
0.936207
0.712751
0.549872
0.839963
1.03185
1.26586
1.70813
0.87099
0.870765
0.301668
0.742936
0.780013
0.860313
2.40895
1.18536
1.30218
0.700468
1.19638
1.62586
1.22323
1.07894
1.06496
0.76106
0.333966
0.779083
1.3168
0.669544
0.215336
2.19103
0.390997
1.00691
0.364197
0.724703
0.621219
0.764525
0.92471
1.02152
0.618104
1.1242
0.774916
1.32503
1.44783
0.727434
0.768744
0.513525
0.509678
0.510556
0.442119
1.12603
1.76422
0.980291
1.49751
1.68828
0.915575
0.669186
0.490471
1.0168
1.02518
0.732238
0.509977
0.775561
0.327307
0.634211
0.823716
0.772606
0.306293
0.839997
0.994525
1.8935
0.342078
0.989689
0.702816
0.381219
1.50481
1.04324
2.23323
2.53846
0.786461
1.11197
0.902182
1.30538
1.3739
2.168
0.658742
1.03636
0.85993
0.482959
2.00061
1.08743
1.23871
1.26553
1.40368
0.956172
0.776307
1.04489
1.11148
0.85147
0.713185
0.826865
1.11884
1.11993
0.531176
1.21405
0.817414
0.260564
1.86506
1.024
0.677822
0.246247
1.17308
0.600774
0.84788
1.21502
0.352138
0.77702
1.38637
0.419696
0.686496
0.179251
1.46914
1.61265
1.48971
0.545349
0.458971
0.9065
0.74045
0.891501
0.76329
1.14665
0.748014
0.238381
1.038
0.523652
0.320055
0.386506
1.473
0.955185
0.503851
1.31469
0.454997
1.00134
1.61927
0.525479
2.26534
1.32694
0.386611
0.544405
0.816845
0.954156
0.922753
0.772925
1.47142
0.889457
1.52806
1.02316
1.22678
1.79347
1.23638
0.828047
0.62515
0.7717
1.97949
0.573983
1.25396
1.75643
0.585284
0.370205
0.647364
0.540154
0.822845
1.04295
1.40226
1.70502
0.574872
1.29145
0.921927
0.676971
0.559521
1.39721
2.00116
0.530222
0.306663
1.18408
0.965467
0.897483
0.490168
0.723386
0.590976
0.946294
0.576761
2.6592
1.08821
0.873774
0.338613
0.554497
1.18253
1.80005
0.193314
0.687935
0.936468
1.36407
0.410814
1.33363
0.624916
1.65297
0.884461
1.05126
0.645476
0.494787
0.557366
1.53063
0.631219
1.33999
0.722635
0.342606
2.32135
0.578158
0.667347
1.65865
1.99286
0.347214
0.346686
1.23932
1.11217
0.505549
0.765252
0.743798
2.01516
0.525777
1.30948
0.650047
1.15607
0.876498
0.486283
0.96221
2.93701
1.32356
0.45321
0.630118
0.556029
0.30219
1.43281
0.841737
0.43312
0.740551
1.2673
0.900348
1.39848
1.89109
0.615423
0.809453
0.808111
0.277937
0.48606
0.685096
0.410555
0.337402
1.55238
0.732896
1.63291
1.63418
1.18854
1.23066
1.397
0.861813
1.44403
0.646732
1.19205
0.867728
1.08319
0.980208
0.933859
1.28709
1.63074
0.75327
0.82959
1.26848
3.24619
0.533715
1.83263
1.93669
2.90575
0.838343
1.2928
1.79057
0.973909
0.626137
0.571566
0.776906
1.44425
0.505526
1.2499
2.2134
2.78814
2.26176
0.826837
1.07653
2.54241
0.670275
1.18426
1.18683
0.69797
1.34385
0.707316
1.91887
1.05601
0.352863
0.522194
0.671811
0.61282
0.707345
0.904169
1.27867
0.514162
0.368564
1.04432
1.51317
1.9884
1.47436
0.887079
0.551367
1.22351
1.03998
1.27912
0.938343
1.61493
1.25912
0.372237
0.718819
0.414714
0.591933
1.37803
0.507471
1.24035
0.678987
0.755487
0.210842
0.767105
0.442658
1.00548
0.431933
0.755735
0.822888
0.351812
1.17984
2.02106
1.00615
1.39416
2.01143
1.63923
0.386843
1.32986
0.874652
0.413589
1.14617
1.23121
1.32892
0.997156
1.14229
0.544853
1.12758
1.10192
0.131071
1.05729
1.12206
1.8792
0.992464
0.39775
1.06064
0.754477
0.953619
0.829094
0.70412
0.461944
0.772966
0.445506
1.25322
1.35805
1.16426
1.56772
0.901504
1.13574
1.65532
0.770869
0.715828
0.503256
2.87103
0.322592
2.28167
1.3585
0.685072
1.04339
1.2223
1.19881
2.80686
1.1146
1.17789
0.258126
0.698803
0.988058
1.10131
1.46735
0.499077
0.671784
0.440435
0.831578
1.58547
1.58717
0.656615
0.992463
0.266697
0.868226
1.09455
2.07363
1.6631
1.0114
1.35438
0.81375
0.833245
1.56088
1.49832
0.684847
0.658429
0.967647
0.46081
0.796847
0.602115
0.368153
0.751449
0.411579
1.24
0.478447
0.562211
0.774333
1.51044
0.47482
0.684142
0.901433
0.560833
1.7916
1.15193
2.29005
1.28274
1.16881
1.1567
0.155092
1.07221
1.30197
0.456588
1.08146
0.496314
0.0721589
0.262754
0.77452
2.19687
1.35945
0.886851
1.40941
1.52239
1.45212
0.465421
0.706245
2.42971
1.04515
1.41125
0.783787
0.78268
0.938937
1.17649
0.441646
0.829446
1.76068
0.797175
0.199194
1.2202
0.407398
1.78358
0.484117
1.14634
1.43616
0.719706
0.519659
0.207946
1.26244
0.970088
0.63822
0.548202
0.598865
1.41388
1.93921
0.606937
1.18417
0.775092
0.606659
1.64365
1.22466
0.729595
1.62355
1.4786
1.17018
0.390784
0.70053
0.515786
1.51598
0.554652
0.756966
1.31685
0.604621
0.434157
0.318719
1.16541
0.790798
0.6422
0.988705
1.47993
1.19127
0.63101
0.738061
0.389834
1.04087
1.81973
0.566142
1.93125
1.75869
1.57758
1.25568
0.716329
0.495364
1.41827
0.939541
1.05289
0.972533
0.398543
0.453209
0.363642
1.50194
1.38335
1.45236
1.98486
1.14036
0.54038
0.717163
1.02812
0.971294
1.69405
0.857663
0.655816
0.28661
1.25841
0.753469
2.4462
0.605143
0.661331
1.06045
0.945243
1.09142
2.23696
0.491518
0.297932
0.574018
1.18317
0.961208
0.520831
1.57184
2.27336
1.35175
0.707058
0.734091
0.568128
0.246334
0.808309
0.862478
1.08083
0.920926
1.14707
0.226864
0.574435
1.86493
1.05374
0.737965
0.224904
1.15689
1.24395
0.793344
1.41571
0.726215
1.48886
0.421538
1.16739
0.65932
1.04011
1.55647
1.29478
0.698531
1.32395
0.385157
0.737734
1.32793
1.6624
2.13316
0.917602
0.390941
1.26846
1.32527
0.552772
1.2757
2.00084
0.532396
0.961901
1.76688
2.54708
1.66294
0.739305
0.431543
0.321317
0.531665
1.01912
0.780296
1.66647
1.18177
1.11062
0.681232
0.80232
1.51746
0.604565
0.366328
1.0165
0.486415
0.981589
0.964108
0.813489
1.76148
0.817176
1.51436
1.03363
1.6617
0.565365
0.764793
1.33005
1.07711
1.21684
0.940659
0.807562
0.250968
1.1938
1.56008
0.820539
0.441138
0.633378
1.51953
0.417064
1.25794
1.35787
1.25538
0.779028
0.679358
1.67556
0.927604
0.802369
1.28273
0.239224
1.71393
1.1419
1.04944
0.852424
1.2936
0.453449
0.524865
0.609254
0.678296
0.659948
0.538718
2.05108
0.745377
1.34079
1.47798
0.841363
1.96231
1.04654
0.432541
0.437591
1.69501
0.625802
0.699365
1.51393
0.740501
0.944003
0.607307
0.932534
1.2982
0.864737
0.995087
0.806009
0.879058
0.575046
1.01879
0.419337
1.08823
0.737303
1.00447
1.14054
0.877647
0.702748
0.580886
1.27307
0.440378
0.433662
0.509959
1.64727
0.500406
0.366347
0.680985
1.27099
1.20947
1.53007
0.923568
1.16073
0.485543
0.365277
0.562873
1.06614
2.09724
0.854572
1.18739
0.914477
1.06251
0.901487
1.06816
1.00485
0.502061
1.02673
1.67519
0.53645
0.646383
0.894371
1.31374
1.48032
1.03018
0.541753
0.51481
0.591475
1.48651
0.968994
2.03871
0.752934
0.351337
1.07901
0.792801
0.136498
0.601158
0.999233
1.72699
0.824558
1.97254
2.08866
0.786838
1.52388
2.18796
2.27845
0.823792
1.5747
1.63826
0.88228
1.40835
0.963761
1.19156
1.08566
0.611778
1.78059
1.02895
0.834997
1.08284
0.910393
1.01142
0.650824
0.723264
0.81824
0.565712
0.259404
0.853186
0.628228
0.652066
0.37671
1.19453
1.26469
1.70876
1.77636
0.60141
0.877392
0.776755
0.314956
0.414144
0.513098
0.875061
1.28114
2.50774
0.887031
0.335323
0.661856
1.8114
0.288444
0.651912
2.00784
1.03937
0.546001
0.852872
1.68622
1.36159
1.1346
0.687564
0.552651
1.45661
0.664212
1.75276
0.906117
1.23453
1.29393
0.985841
0.205871
1.29548
1.95413
0.438803
0.364953
1.03468
1.82899
2.18824
1.15319
0.555304
0.554875
1.13774
0.897014
1.46781
0.630518
0.838363
1.18175
0.996898
0.427091
0.652636
1.17375
0.500791
1.53465
0.695085
0.599888
0.41932
0.903807
0.559318
0.91938
0.778221
1.35336
1.63424
0.957315
0.446299
0.997279
0.624936
0.280849
0.43412
1.03307
1.45336
1.30632
0.495903
0.467228
0.627523
1.40885
1.91304
0.710664
0.846461
0.647656
0.814586
0.736284
0.687846
0.963516
0.91427
0.338908
1.33566
0.589061
1.63089
0.195184
0.402181
0.56222
1.8188
1.17591
1.68274
1.33956
0.693419
1.74341
1.09127
1.0237
1.73538
1.139
2.11309
0.594475
0.470857
0.551687
0.699215
0.465313
0.280134
2.04687
1.35711
0.553835
1.19032
2.21708
0.627858
0.686829
0.72558
0.664801
0.680008
0.59253
2.01514
0.852079
1.51607
0.928968
0.837609
1.23903
0.923376
0.772104
0.56193
0.615456
0.889462
0.663906
0.583053
0.673568
0.803841
0.459238
0.752146
1.25902
1.81916
0.50535
0.721685
1.25968
1.43388
1.12305
0.743622
1.1975
1.13515
1.2466
1.00444
0.509559
2.33591
1.08741
0.332623
1.42605
0.869334
1.10785
0.897905
0.78187
0.597573
0.573335
1.70049
1.21374
0.513718
0.726038
0.530746
0.704979
0.393918
1.01895
2.2237
1.38341
1.37363
0.837872
0.993351
0.946973
0.632416
0.580375
1.21685
1.27026
1.75131
0.443009
0.881829
0.743624
0.755243
0.151474
1.15809
1.33529
0.676274
0.435092
1.67939
2.99189
0.815757
2.0692
1.11759
0.237022
0.381841
1.42908
0.987208
0.54456
1.45232
1.44088
0.993414
0.993211
0.594386
0.666235
2.1124
0.870621
0.864573
0.485227
1.26934
1.39464
0.566159
1.25181
0.687718
1.09719
1.57816
1.03048
1.56696
1.74625
1.49607
0.854901
0.891362
0.344825
1.69327
1.11489
1.0599
0.996089
0.785019
1.14555
0.388043
1.44906
0.781598
0.456751
0.322177
1.28297
0.602037
1.30501
0.610179
2.50174
0.967144
1.13884
0.651467
1.31815
1.05661
0.263982
0.55523
1.21317
1.59183
1.13804
0.43497
1.09547
1.51576
0.849622
1.22124
1.93137
0.807754
1.83227
1.27039
1.37049
0.132983
1.28813
0.468241
1.20135
0.670538
1.92654
0.676197
0.721675
0.655095
1.18262
0.779854
1.0977
1.25818
1.56701
1.12557
2.19062
0.704826
1.11368
0.77761
0.463499
1.97569
1.37813
0.921993
0.919243
0.59755
1.76193
1.39842
0.553332
0.40138
0.487122
0.897998
0.730059
0.620036
0.688705
0.86027
0.419786
0.737174
0.567661
1.75252
0.792049
0.644979
0.811384
0.936785
2.20109
1.72159
1.46269
0.704369
0.181924
0.538225
0.395204
1.48383
0.780626
1.46791
1.2964
0.832107
0.872742
0.454014
0.504228
0.713496
0.705642
0.693738
1.2552
0.523476
0.654047
1.19843
1.57409
0.29886
1.88921
0.562187
0.557606
0.601968
2.74514
1.20455
0.838144
1.00016
1.42993
1.65344
1.38952
1.45725
0.855887
0.297689
0.545196
1.17431
1.0304
1.459
0.830848
0.334945
1.53542
0.815022
0.581685
1.29963
0.908093
1.94633
0.646418
0.650952
0.492969
1.42712
0.950898
0.244223
1.95678
0.693654
0.920306
1.06209
1.49311
1.29235
1.92601
0.831738
0.799547
0.41611
0.51124
0.973996
0.846167
0.508043
1.26
0.636776
0.406067
0.662655
1.28829
1.98663
0.616783
0.894189
1.10344
0.913603
1.39411
1.49019
0.902693
1.0457
0.825061
1.09946
1.9595
1.42048
0.934925
1.16021
1.69469
1.07455
0.494784
1.20012
0.694928
0.760696
0.466557
1.60084
0.676457
0.655038
1.11802
1.0908
0.722776
0.746003
1.41945
1.46792
2.13898
1.16213
1.93934
0.602594
0.999302
1.04988
0.841734
1.24433
1.14567
0.349095
1.75973
1.53712
0.861883
0.953542
1.82825
1.4437
0.567045
1.4533
1.05079
2.57544
2.49294
0.408731
1.09523
0.963945
0.950733
0.933739
1.30133
1.85931
0.392184
1.99294
0.837101
0.983417
0.998245
0.0936859
0.365569
1.22125
2.2419
1.36248
1.38607
0.915745
1.48059
0.156061
1.31769
1.82013
1.62805
0.408493
0.986979
0.213713
1.02906
0.89085
0.810527
1.21919
1.60255
0.77788
1.37864
1.3859
1.07125
1.40786
0.942936
2.55831
0.267814
1.84
0.332461
0.4019
0.821953
1.28742
0.785711
1.62943
0.361133
0.296363
0.70053
1.12841
0.714214
0.526266
0.742762
0.41242
1.76626
0.629221
0.550916
1.05717
0.481306
1.71679
1.47059
0.308232
0.689826
1.56071
1.22825
0.877127
0.661884
1.39356
0.943681
0.758418
0.245837
0.998382
0.478212
0.710109
0.750157
0.985519
1.69271
2.48827
0.272356
0.342304
0.764264
1.21376
1.87091
0.81176
0.750063
0.889132
0.797473
1.08444
0.459436
0.546396
1.15315
0.350709
1.55496
0.669936
1.25507
0.904906
0.879052
0.829411
1.01274
0.761143
0.489395
1.18917
1.11137
0.633121
0.59043
1.57921
1.39944
0.742521
0.398727
0.345457
0.903188
0.616609
1.61859
0.448639
0.998873
1.89812
0.960654
0.629081
1.64412
1.06157
0.555312
2.10957
1.04901
0.359451
0.975685
0.724171
2.26614
1.12263
0.253467
0.751143
1.42717
1.28436
1.18579
1.57512
1.26191
0.857245
0.744341
0.781748
0.607755
0.837503
1.28585
0.999379
2.86129
0.756858
0.69135
1.48372
0.438379
0.651937
1.18788
0.828356
1.04196
0.357083
0.859937
1.52694
0.889093
1.13649
0.967451
0.691668
0.218517
0.527944
0.715742
0.324487
1.56535
1.83282
2.1595
0.557866
2.22717
1.06134
0.409242
0.688307
0.568984
1.29229
0.773287
0.534471
0.935519
0.652856
1.53214
0.808366
1.59985
0.533212
1.27763
1.0977
1.24743
0.447821
1.89809
0.516582
2.01501
1.06487
1.36628
0.376543
0.816362
0.743835
1.58205
1.51615
2.84168
0.637632
0.770661
1.57766
0.358056
0.713785
1.08149
0.222727
1.09676
0.465021
0.530567
1.17252
0.520704
0.651829
0.676852
0.948691
0.506867
1.78644
0.456093
1.23657
1.26274
0.90772
0.76853
0.639254
0.739974
1.15913
0.267399
0.774805
0.495213
0.538709
1.30311
0.793589
1.13792
0.906144
1.85257
0.849962
0.955551
1.02584
1.29041
0.347679
1.04672
1.07763
1.04956
1.71678
0.276098
0.43259
0.30213
1.57733
0.957306
1.6211
0.989917
0.231871
0.566228
