0.856488
0.300447
1.45048
1.30828
0.984219
1.53242
1.87441
0.302807
1.43855
1.56157
2.89593
0.181789
0.373691
1.62651
0.759089
0.933587
0.329281
0.84141
1.70289
0.110953
1.28338
0.0855777
0.906418
0.859819
0.568225
0.131651
2.02332
1.0072
1.74606
2.20023
0.534623
0.329286
0.359515
0.378257
0.770773
0.792062
1.03142
0.926704
0.806112
0.723845
1.04587
0.11675
0.424469
0.148103
0.642365
0.420666
3.85224
1.21591
0.269173
0.395131
1.39776
1.1098
0.566033
1.71576
1.70927
1.64078
0.699669
0.818117
0.298803
1.66268
0.876328
0.679939
0.252449
0.123112
0.716562
1.07061
0.544859
0.561743
0.301582
1.79442
0.936979
0.340238
0.581088
0.586731
1.50223
1.12584
0.538869
0.37189
1.15516
1.41548
0.662868
0.391071
0.675785
0.218134
1.22375
1.58534
0.549275
0.814117
0.650017
1.64793
1.18029
0.228129
1.88257
1.95002
1.11753
0.943959
0.675722
0.264055
1.40095
0.755526
0.371906
1.82248
0.829584
0.362248
0.719088
0.589985
1.97118
0.492939
0.717467
0.46119
1.0128
1.46937
0.609716
1.09779
1.42109
1.08356
0.0424396
0.175739
0.645277
3.05665
0.82964
1.90902
1.57564
0.861412
0.748955
1.70319
0.591018
0.728719
0.276826
2.61901
0.427682
1.81823
2.06156
1.0101
0.239962
0.600984
1.43225
1.19774
0.378166
0.83725
0.584603
0.855469
0.52693
1.10327
0.112932
0.804671
0.37252
1.4571
0.158112
1.64173
0.603875
0.447615
1.132
0.584049
0.50309
0.619985
0.552773
0.533615
0.496454
1.13927
0.275441
0.338288
1.11052
0.864047
1.01754
0.780155
1.41388
0.929673
0.964299
0.24368
0.108768
1.07292
0.604558
0.183717
0.839188
0.589705
0.618729
3.44914
0.540539
1.15957
2.19722
0.7565
0.569282
0.301176
0.11995
1.59295
0.366582
0.345843
1.61545
0.459893
0.70124
1.39297
0.813579
0.361884
0.798749
1.01918
1.32376
0.395812
1.52474
1.5905
1.47717
0.998674
1.13318
0.856564
1.43315
1.07697
0.456584
1.24508
0.469476
0.254474
4.67412
1.08256
1.42163
1.32219
1.78989
1.10041
0.459569
0.37086
0.125433
0.0681604
0.037684
0.677284
2.45856
0.528164
1.77815
0.883093
0.166137
1.50147
2.52598
2.21829
0.588279
0.456508
1.76744
0.304734
0.297704
1.11286
0.647776
1.01244
0.442269
1.3964
0.550104
0.164159
1.01185
0.725361
0.585211
1.54293
0.0667013
0.612301
1.92419
0.344305
0.377855
2.48316
0.946917
1.36708
0.771644
0.512346
1.99605
0.0988275
1.99408
1.19251
0.022784
0.657807
2.56983
1.3941
0.250708
0.611775
0.773631
1.41243
1.46632
0.852033
0.909335
1.31786
0.0985554
3.23613
0.744071
0.687978
0.416125
0.781341
0.283731
1.31899
0.853109
0.918983
0.35744
2.2434
0.786932
1.09619
1.63359
1.83788
1.52923
1.46859
0.767562
0.713944
1.29022
0.425807
0.299645
1.23347
0.484044
0.385139
1.43794
0.776923
1.59311
0.151547
0.193084
1.86751
1.76125
1.37662
1.57699
0.0765794
0.266107
1.36528
0.705465
0.668744
1.64919
0.851174
0.104357
0.727116
0.722061
0.796253
1.61952
0.816091
0.167363
1.11189
0.76761
0.783316
0.457553
1.07907
0.622999
1.28127
0.579141
0.719109
0.400007
1.71938
0.255643
0.372386
0.0573515
0.2145
0.380405
0.340375
1.06056
0.797616
0.676629
1.00405
1.27598
0.70635
0.791417
0.156132
0.615879
0.335943
0.256124
0.276117
1.36133
1.69227
0.278751
2.8497
0.927471
2.43812
0.721949
0.206274
0.881018
0.917351
0.808069
1.90738
1.98408
2.74052
1.2369
0.898708
0.39217
3.23951
1.16223
1.5913
2.04407
0.160489
0.532674
3.38176
1.25276
0.459838
2.07763
0.557941
0.536747
0.934167
1.29921
1.60097
0.260452
0.155522
0.530173
1.60926
1.57999
0.673316
2.3898
0.808488
0.239321
0.240072
0.708897
0.326821
0.360825
0.378886
2.41764
1.25968
2.501
0.671217
0.25597
1.06003
0.429569
0.316661
0.736053
1.08881
2.31905
0.713422
0.0983474
1.63171
1.57543
1.63351
1.80462
0.113654
0.916906
0.227693
1.08066
0.292511
0.289917
1.93102
0.0997557
1.29595
0.393372
0.510711
0.712449
0.764489
1.05505
0.440837
1.23222
0.511295
0.165667
1.78001
0.328047
0.87715
0.382401
2.38377
0.578143
0.63817
1.58223
0.0683614
0.395639
0.884323
0.690041
0.725687
0.40306
0.424242
1.0619
0.235071
1.47578
1.67186
0.383709
1.44604
0.493732
0.586203
2.25703
0.543783
0.972938
1.0064
2.86199
1.01566
0.469516
0.960936
0.721817
0.408715
0.873231
0.434031
0.959863
0.935753
0.329359
1.1648
0.303738
1.13297
0.793532
1.24526
0.378483
0.466812
3.48503
0.733569
1.88352
1.06019
0.162855
0.927397
2.58367
1.35559
1.46392
1.23418
0.67498
1.51818
0.433559
1.16376
0.787671
1.85551
0.875795
0.499002
1.00317
1.75837
0.87775
1.18492
0.807231
0.781864
3.19663
0.902211
1.65091
0.483695
1.076
0.992031
0.20866
0.358121
1.59813
0.212407
1.34632
1.32553
0.873195
0.681563
0.997135
1.14188
0.76542
0.216226
0.945779
1.06718
0.762327
0.204372
1.12036
1.3576
0.670244
0.562511
1.47752
0.0440874
0.444592
1.30216
0.422117
1.23475
1.8884
0.839589
1.37309
0.945822
0.66826
0.402739
2.51042
0.363716
0.241077
0.200109
1.77024
1.32406
1.5081
0.981539
1.21872
0.571253
1.16896
1.00823
2.06542
0.564177
0.726776
0.862533
1.39383
0.142258
0.671192
0.413372
0.349349
0.532427
3.48379
1.0306
0.302909
0.633078
1.2693
1.24071
0.617193
0.945319
0.614603
1.89642
0.230409
0.353732
0.477835
1.89452
1.04429
0.267502
0.677327
2.41876
0.547532
0.710263
2.30974
4.04634
0.773286
1.77559
2.27134
1.61385
0.497371
0.321392
0.174789
1.03317
0.0633028
1.30913
0.434185
0.884376
0.718575
0.332135
1.35672
0.167494
1.50067
0.720819
1.16289
1.20248
0.614942
0.694803
0.813941
1.00023
0.797022
0.526673
1.31672
1.60055
0.157081
0.384233
0.466527
1.15302
0.89109
1.08098
0.119728
0.95968
0.532555
3.5556
0.952069
0.200276
0.503208
0.517169
0.337581
1.08968
0.592588
0.0855406
0.466457
0.631906
0.108689
1.42986
1.43706
0.464947
0.93363
0.831507
0.329602
0.446107
1.10149
0.533997
0.939612
0.466245
0.615272
0.914008
0.756543
0.825346
0.085042
0.881175
0.37803
1.12765
0.316441
0.853206
0.685605
1.44591
2.82341
0.63713
0.889097
0.992476
0.167366
0.727626
0.842067
0.119282
0.423579
0.80478
2.35539
0.0955434
0.668872
1.9705
0.324533
0.904059
0.700864
0.404395
0.874383
0.337173
1.88571
0.363276
0.371742
1.96032
2.04279
0.890533
0.643228
0.0793155
1.11864
1.41764
1.48315
0.743556
0.842272
1.01531
1.01653
0.190382
0.905213
2.43004
1.77549
1.12776
0.69225
0.368785
0.61952
0.733018
2.08613
1.41501
0.86379
3.35008
0.182922
1.27532
2.05706
0.409655
0.447544
0.720869
0.0593653
0.701908
1.84701
0.704777
0.945223
1.41298
1.00494
0.189766
2.27017
1.38704
0.736102
0.44162
1.76519
1.09077
1.62889
0.913725
0.877801
1.22798
0.5241
0.494943
0.859783
0.864653
0.883376
0.975433
0.163833
2.3831
0.954385
3.42887
1.20265
0.141381
1.21586
0.654427
1.9487
1.25587
0.0606842
1.61744
0.568767
0.834253
1.98599
0.364876
0.880247
1.44153
0.981574
0.551213
1.18617
0.104515
0.389661
0.637699
0.938467
3.2423
0.251576
2.41863
0.739017
0.73651
2.02233
1.06063
0.984408
0.447196
2.52461
2.16948
1.33266
0.78783
1.03827
0.885302
1.58192
1.0478
1.36503
0.981994
0.542075
0.449365
1.01423
0.272196
0.515054
0.16528
1.00809
0.779134
0.560456
0.216244
1.00757
2.00544
1.40018
1.13696
0.135666
1.64373
2.10104
1.85548
1.11047
0.967461
0.235937
0.410083
1.31779
0.247087
2.54379
0.942635
0.851099
0.287835
2.21341
1.47959
0.737903
1.90718
1.06474
0.0980906
0.179709
0.582498
1.26137
2.18506
0.531942
2.30246
0.555044
1.79071
0.511882
1.60625
0.726052
2.61636
2.21298
0.384885
0.743265
1.91853
0.841099
1.26999
0.706713
1.15336
0.225872
0.413095
1.45234
0.581352
0.627779
0.527195
0.451088
0.396987
2.59924
0.562594
0.897833
0.510124
1.015
0.426581
0.749997
0.795038
0.224781
0.316962
1.68892
2.46078
0.524425
1.63807
1.25618
2.36184
1.52685
0.858426
1.75109
1.8322
0.665948
1.28572
1.22483
0.491813
0.475829
2.42932
0.777623
2.64099
0.239328
3.32319
0.937364
1.86368
1.16063
1.52201
0.540382
1.91196
2.25974
1.65692
0.728773
1.19485
1.72712
0.303777
2.58554
0.710046
0.678654
0.9241
0.724736
0.268384
0.465332
0.916256
0.671435
1.61357
1.7152
0.897065
0.617301
0.11991
0.0491733
1.17876
0.315215
2.54884
0.673926
1.09269
2.52298
0.902781
2.68221
0.310189
0.665919
0.728094
2.97795
0.408523
1.36486
0.327899
0.672433
1.04376
1.15871
0.301963
1.33242
0.810069
1.64029
0.105998
0.728099
0.630272
0.36082
0.584604
2.52803
0.527071
0.967791
0.805918
0.79165
1.82652
0.148524
1.09319
0.224836
1.0346
2.20178
0.566775
1.36324
1.62098
2.13567
0.0497146
1.14714
0.552478
1.02296
1.18129
1.37558
0.651594
0.921491
0.635107
1.53481
1.10463
0.641174
1.48612
1.26301
0.534075
0.0935579
1.65182
0.760963
0.68759
1.38787
1.22115
1.5843
1.07098
1.47461
0.221336
1.58609
1.98929
1.86501
0.599527
0.460505
0.628593
0.567559
1.72207
0.968412
0.260723
1.09375
3.11776
0.647858
1.02119
0.877405
0.836002
0.0869887
2.87615
2.00493
1.07357
0.9913
1.44893
0.388743
0.305809
0.184249
1.46858
0.361877
0.129521
0.915811
1.4469
0.655669
1.22648
0.265956
1.04024
0.883445
0.391842
0.425427
0.544556
2.2567
0.988046
0.353799
0.763615
0.976258
0.537591
0.213322
0.350649
1.21258
0.926537
1.23888
1.22374
0.832164
0.516545
0.475958
2.66346
0.921638
1.68863
1.48394
0.152341
0.688028
1.27527
1.10266
1.03856
0.577498
0.0723311
0.0777452
1.70446
1.83832
0.953854
0.824705
1.62744
0.357613
0.162121
1.95031
0.650405
2.26463
0.515876
0.480915
0.603075
1.62756
0.45591
2.06183
1.27373
1.03174
0.248902
0.75794
0.654011
1.64374
0.718213
1.03032
2.05013
0.558334
0.0259001
2.00993
0.443014
0.614274
1.68009
1.01347
0.222344
0.291916
0.176504
1.29299
0.733173
0.367093
0.0180903
0.527707
0.447522
0.776879
2.66302
0.998528
0.482219
1.77984
0.158801
1.76167
0.518044
1.28519
1.85727
0.495391
1.90565
0.521926
1.27464
0.713136
2.37145
0.810102
0.515032
1.18474
0.59676
2.07842
2.28832
0.317118
1.9097
0.275504
0.284384
1.15894
0.9386
0.0138382
0.476223
1.68434
1.48376
0.368207
0.703965
0.758367
1.07324
0.400997
0.728451
0.28789
0.894341
0.933313
1.56531
0.57019
1.11139
0.905687
0.682695
0.238296
0.679357
0.0803904
0.36413
0.756367
0.755486
1.72422
0.661597
0.817369
0.980352
1.58187
0.875336
0.638673
2.13568
0.253143
1.41107
1.15049
0.73602
0.33558
0.299074
0.313572
0.758215
0.410456
0.494045
0.243949
1.29913
1.06449
0.148655
0.141162
0.493062
0.736511
4.08495
0.618158
1.09613
0.0932645
1.99208
0.223658
0.528323
2.21772
0.523328
0.0783526
0.815338
0.587063
0.606555
0.658716
3.62912
1.77319
0.678736
0.157249
0.748624
1.03702
0.827756
0.726118
1.21396
0.512937
3.76129
0.558992
0.65905
2.72949
0.378347
0.881206
0.771937
3.22241
1.11613
0.493045
0.90319
1.21812
1.03495
1.70141
2.3193
2.63951
1.38283
0.118453
2.54085
1.26734
0.456479
0.268663
0.478174
1.1337
1.22137
1.28574
1.30193
0.506306
0.883308
1.25467
0.750418
0.351722
1.29092
0.602787
0.600224
0.665878
1.2539
1.28032
0.582913
3.06185
2.13089
0.450874
0.301889
1.64076
2.39228
0.518985
0.819712
0.623681
0.735075
0.1513
0.588132
1.43787
0.927139
1.21502
1.98982
2.62537
0.870125
0.390482
0.489071
3.99947
1.53441
0.462781
1.48903
1.47648
0.156412
0.958303
0.961988
1.54709
1.42202
0.243465
1.76808
2.59082
0.714854
0.84679
0.32768
2.92355
2.6239
0.610329
0.849423
0.614171
0.405907
0.509566
1.09552
0.535549
0.191604
1.06758
1.45957
0.154112
1.88619
0.0996233
0.248014
3.18521
2.10132
2.82384
0.397764
1.15772
0.740484
0.577687
1.17348
1.5225
1.61942
0.912122
1.37738
2.24558
1.04524
0.935846
0.27609
0.249204
0.258086
1.28748
1.69545
0.43097
2.88249
0.601024
0.602252
1.59911
0.796318
1.70885
1.49567
0.816465
0.615733
0.645872
0.93661
0.176746
1.17606
1.48728
1.38847
0.967997
0.467244
0.731988
0.412564
1.38774
1.1321
1.09941
2.10987
1.37933
0.812068
0.175024
1.17914
0.645411
0.430835
1.04801
1.4393
0.633024
0.0512615
1.34121
0.439668
1.17558
0.702389
0.794258
0.48829
0.870633
0.37998
1.96557
0.672792
0.549735
1.57677
0.769761
0.745529
0.107441
0.106196
1.78113
0.0674936
1.54888
0.684263
0.175392
0.815087
0.790866
2.69254
0.554589
1.37318
2.82841
1.19001
1.99641
1.09332
0.402552
0.732792
0.771059
0.368798
0.887903
0.566776
0.0334972
2.0697
0.346225
0.846073
0.843681
0.959814
1.0436
0.45885
1.54719
1.98125
0.426226
0.265533
0.769435
0.210169
1.23056
1.62524
0.372248
2.00681
0.932731
2.48266
0.844739
0.389138
0.663544
2.37766
2.10966
0.612558
1.02935
0.512929
1.60229
0.789816
0.932445
2.62082
0.69291
0.501461
0.686502
0.28643
0.968457
0.703135
0.819566
0.436758
1.77469
0.259636
0.885787
0.430775
0.403136
0.344072
1.06147
1.05659
0.965938
0.180375
1.07297
0.904258
0.498165
0.783322
0.709294
0.798621
0.493778
0.530966
2.23459
0.529309
0.361127
0.425679
0.791585
0.261241
0.325211
0.362728
0.417478
0.873321
0.641371
2.11163
0.204893
0.722459
3.6266
1.0986
0.80615
0.432643
1.1756
0.18925
0.851683
1.23047
1.3115
0.872415
0.442357
0.996041
1.75753
0.483435
0.299571
0.769528
1.26938
1.80032
2.20575
1.99072
0.838793
2.46375
0.798137
1.03834
0.754985
2.34063
0.688489
1.45743
2.03101
0.642378
2.06022
1.53355
1.07102
0.781341
0.372542
1.37912
0.894411
2.02582
0.95538
0.545473
0.339783
0.707852
0.196189
0.438051
1.00693
0.660327
0.823976
0.902983
0.447914
1.31148
0.599693
0.827672
0.144962
0.609002
0.566044
0.553061
0.522879
0.162594
0.363264
2.10407
0.548919
1.55229
0.214528
0.747474
0.730735
1.1398
1.1259
2.00651
1.03605
1.63625
0.577037
1.00067
2.13858
0.985491
0.534295
1.1419
1.29577
0.0605777
0.82011
2.53875
0.521845
0.464999
1.01796
1.18177
0.594011
0.957786
0.833639
1.29512
0.267803
1.78576
0.958523
0.589369
1.5883
0.375495
0.781131
0.722339
0.93145
0.398772
0.365508
0.630818
1.10111
0.504108
1.46904
0.0130634
1.22896
0.577725
0.284501
2.65007
0.696984
2.39384
2.06619
0.936168
0.395546
0.345591
0.476107
1.22762
0.271309
2.60711
1.17311
0.462603
1.02438
0.580833
0.524012
0.872539
1.33155
1.3826
1.18417
0.821064
0.402491
2.17982
0.840727
1.62824
1.20463
0.37633
0.643517
0.989013
1.72389
0.302951
0.87853
0.253906
0.911862
1.82719
0.225858
2.03678
0.647218
1.97957
1.12255
1.97567
1.45175
0.576575
0.464039
0.450174
0.341393
0.165806
2.875
0.825498
3.40018
0.698885
0.141138
0.499993
0.467952
1.25261
0.457341
0.71292
0.825369
0.547086
0.307566
1.65526
0.938216
0.140952
1.2562
1.22793
0.327915
0.913194
2.66278
2.25492
1.00915
1.01516
2.34721
0.835305
0.222819
0.259623
0.491849
0.834942
0.656684
1.26008
0.262002
0.212712
1.9859
0.816416
2.1591
0.230848
0.773355
1.54385
1.27239
0.764505
0.424273
0.223919
0.900178
0.415282
1.24077
0.601614
1.15044
1.07641
0.550783
0.363179
1.70329
0.460328
1.94105
0.30119
0.19547
0.605887
0.971936
0.915173
0.265584
2.64946
0.64232
0.305054
0.656041
0.454908
0.154322
1.70278
0.54146
3.22557
1.53045
0.114479
1.09843
2.236
0.138263
0.733457
0.680961
0.957733
0.957891
0.452855
0.665255
2.09686
0.1836
0.276841
0.48571
2.21541
1.09277
0.816407
2.06491
0.389393
0.279797
1.29356
0.614937
0.943734
1.48875
0.934334
1.42763
0.1949
1.2404
0.510418
0.199184
0.536893
2.30619
0.274989
1.33701
2.0412
0.196616
0.452253
0.38654
0.706404
1.68867
1.83681
1.1266
0.531436
0.579741
0.619616
0.406574
2.14182
1.03948
1.16693
2.10428
0.654367
1.4752
0.782197
0.424775
0.479233
0.522371
2.12102
3.40352
1.94026
0.830682
0.96726
0.667979
2.58059
0.465754
0.508858
0.611948
1.85647
0.698748
1.14125
0.579754
0.909684
1.45708
1.00028
1.15686
0.549753
0.85024
1.00704
0.724272
1.0075
0.272855
1.38551
0.458331
0.929007
0.322066
1.00572
0.925773
0.430939
0.718304
1.64797
0.675908
0.534487
1.52944
1.09002
0.904473
1.0301
0.164518
0.856914
0.409388
0.543639
0.782753
0.279173
0.624837
0.338917
1.49827
0.429004
2.93179
0.15261
0.0265221
0.3288
0.373378
0.523922
1.31224
0.911365
0.995124
1.12539
1.64533
0.46072
0.136612
0.910856
3.22339
0.416515
0.422069
0.126006
0.19356
0.435509
1.97542
1.45604
1.38488
1.56991
1.4404
1.21703
1.51945
0.541909
2.32231
0.505606
0.489196
2.322
0.630399
0.40412
1.16359
2.20971
0.309474
0.074599
0.513467
2.96846
1.30384
0.487802
1.10287
0.0343487
0.417568
0.390767
1.13544
1.31219
0.206474
0.526572
1.58784
0.804297
0.247561
0.829762
0.866359
0.515411
0.754676
1.18956
0.026593
1.95517
0.979025
1.13919
1.33387
0.800065
1.80035
1.595
1.49536
1.47155
0.799526
1.30001
0.415442
1.26677
0.536739
1.66319
1.06179
1.42255
0.789136
0.76153
1.18758
2.43366
0.216941
0.415078
0.765772
0.635396
1.01836
2.02007
2.40103
0.396012
0.295211
0.326375
0.689511
2.46164
0.725746
0.643182
0.281578
1.36112
1.37802
1.7783
0.523233
0.993516
0.552619
0.614457
0.518852
0.544447
0.689577
1.53188
1.4261
1.62486
0.699358
0.38658
0.245357
1.2134
0.187564
1.02561
2.09982
0.879735
0.165707
1.37223
0.241271
0.279962
0.475927
0.152643
0.186189
0.714482
0.283255
0.35025
1.79634
3.57706
0.240192
2.0728
1.67325
0.0674313
1.26255
1.20728
1.26128
1.89484
1.24635
0.436088
0.348263
1.49899
1.08422
0.107899
1.90845
0.935034
0.485708
0.0882176
2.09938
1.4334
3.26678
2.68516
0.548839
0.592298
0.957771
1.50298
0.712428
3.87046
0.923623
3.44154
0.633686
0.883483
0.643161
3.80294
1.06261
0.853514
0.68207
1.01899
1.73967
1.32508
0.857465
1.10906
1.39256
0.365844
0.45146
0.224997
1.69379
0.56988
0.416741
2.11668
0.654179
3.49777
0.393659
0.360755
2.4709
2.45368
0.682274
2.39419
0.713289
1.93441
0.344376
1.15999
1.83146
1.09883
0.775571
0.993349
0.724565
1.16941
0.749666
0.629159
0.762207
1.12237
0.788084
1.94675
1.72416
0.434785
0.440656
0.842805
0.405158
3.10599
0.273943
3.97308
2.52505
0.533481
2.52788
0.528261
2.9497
0.922925
0.0858927
0.276162
1.24634
1.23901
1.3802
0.637293
2.02797
0.169138
0.520122
0.945688
1.84773
0.542026
2.30495
0.32377
0.865489
0.118279
0.0968644
1.321
0.390597
0.519778
1.22189
0.609768
0.73873
0.531942
1.09973
1.06621
1.57662
0.358373
1.18986
0.812369
1.05906
1.22435
1.00331
0.553658
1.34778
1.5284
0.547507
0.26927
2.9015
2.17464
1.48347
0.670176
1.98027
2.40815
0.469792
0.155969
1.36868
3.52747
0.515178
1.61199
1.04062
0.675615
1.16042
1.6539
0.710535
0.690211
1.65693
2.04434
0.188264
1.00745
2.11569
1.9862
0.615641
0.334011
0.795318
0.598368
1.12053
1.87691
0.319805
0.56919
1.18434
1.62746
2.592
0.79952
0.852659
2.35404
1.65611
2.67179
0.261465
1.34681
0.846137
0.436579
1.01697
1.36492
0.661239
2.88466
0.765766
1.4912
2.50778
1.16764
0.1733
0.288898
0.24851
0.253525
0.890637
3.05605
1.26668
0.0847124
0.256387
1.618
1.00442
0.171178
2.15664
1.17449
1.04201
1.46292
0.268804
0.279551
0.417428
0.162654
0.574875
0.219858
1.16883
1.33782
1.63855
0.921532
0.78117
2.58072
0.32532
1.52292
2.25848
0.634198
0.723406
0.925229
0.716964
0.51281
1.34337
1.95104
0.219366
0.871457
3.12053
0.911476
0.699714
1.06681
1.49942
0.349273
0.946622
0.538139
0.0722206
2.42552
0.915175
1.79821
1.40047
0.201673
1.10926
2.26695
1.49611
1.005
0.632893
0.952454
0.192047
1.33856
1.29997
1.73178
0.448005
0.0990151
0.457361
0.791302
0.870805
0.896181
2.11209
0.403788
0.428527
0.254263
1.71981
0.58587
1.24412
0.67622
0.792611
1.6786
1.30614
0.57503
0.189015
0.274312
0.260813
1.7707
1.68583
1.05784
1.00618
3.20974
0.873102
1.90044
0.759206
0.648755
0.0521802
1.21761
0.966556
1.31783
0.454571
0.613531
1.10584
0.935353
0.167307
1.05777
0.479666
0.550897
1.1653
1.18434
0.115145
0.779817
1.00948
0.830232
0.64064
0.748291
1.43127
2.16976
1.49884
0.219915
0.644083
1.94697
0.694999
0.799322
1.58148
0.248163
0.324476
2.60679
0.409823
0.534887
0.656683
1.16458
0.542725
0.199518
1.94506
0.227798
0.340429
1.61308
0.538385
0.271663
1.76093
0.6781
0.88162
1.46893
0.434715
0.410524
2.04589
0.42535
2.20968
1.42299
0.616635
0.9086
1.14079
0.215936
2.70167
0.753557
1.75795
0.222256
1.50971
0.67846
0.297544
1.23208
1.38587
2.93601
1.12467
1.19855
0.318926
1.17174
1.00211
0.173262
0.953794
1.08256
1.57761
2.5762
4.15454
2.20691
0.951817
0.223538
0.434683
0.821636
0.576709
0.866878
0.830327
1.02314
1.24392
1.13867
0.951447
0.448356
0.816674
0.467582
0.889158
0.369912
0.351718
0.815975
0.206233
0.740568
0.522151
2.37375
0.139266
0.951414
0.295214
1.11506
0.311171
2.00527
0.804532
0.276903
2.29144
0.88298
0.740622
0.565993
0.354458
1.34296
0.26417
1.07303
0.912984
0.341995
0.566191
1.29081
0.879515
0.841385
0.527697
0.201467
0.401576
0.31164
0.652344
2.31779
2.53227
1.58826
1.06243
1.50671
0.156738
2.38649
0.659954
0.940309
0.314358
2.49539
0.886348
1.85338
1.26874
2.68285
1.82007
1.07022
1.65247
0.328609
0.516711
0.461031
0.87599
1.28854
1.15283
0.111355
0.975182
2.2321
1.26254
0.171064
3.81605
1.45995
1.68983
1.19481
1.44462
4.51079
0.585907
1.32767
0.235367
0.685727
0.501257
0.315152
0.348388
1.97816
0.190264
0.290757
1.16772
1.68779
0.350851
1.31315
0.512021
0.391396
0.0762644
0.540997
0.445903
1.88962
0.288394
0.332028
0.924353
0.600751
1.03507
0.445823
2.3109
1.21807
0.55108
0.932199
0.316823
0.290948
0.57257
1.56044
0.940827
1.60055
0.161751
0.179484
1.66532
0.807079
0.480069
0.161136
0.774583
1.69696
0.245724
0.529949
0.128292
0.15834
1.49724
1.15793
0.811283
0.852927
0.107471
2.42023
0.223849
1.18669
1.58223
3.10002
1.61173
1.18672
1.97229
0.488598
0.568778
0.494383
0.609632
0.57055
1.05214
0.928524
0.38854
1.01668
0.632699
0.686787
1.3939
0.601007
1.08604
0.517002
1.78179
0.607455
1.92695
0.796681
0.599249
1.13324
2.38221
0.994011
0.970983
1.54658
0.862171
1.0504
1.17051
2.12505
0.547493
0.865635
1.65641
1.86259
0.16003
0.367672
1.29936
0.215382
0.930049
1.17044
0.703023
0.19402
0.291927
1.95892
1.45086
0.412136
0.790595
1.45957
1.84359
1.12828
1.96784
1.07843
1.23098
1.30058
1.00552
0.897416
1.00796
0.755476
0.827929
2.13848
0.345869
0.873112
0.1803
1.73377
1.74589
0.764597
0.869293
1.53985
1.39321
0.936883
0.934872
1.53761
0.933647
1.62921
0.595547
0.761259
0.33398
0.616351
1.32555
0.523416
0.216831
0.343495
1.42161
2.34415
0.528269
0.45353
0.833736
0.44271
0.855857
0.341438
2.72943
2.90118
0.437238
0.946636
2.49408
2.09778
0.410073
0.538431
1.05774
1.62253
1.02263
2.16925
0.128042
0.790628
1.65981
0.152299
0.289466
1.01805
1.17634
0.808405
1.46241
1.00467
1.07205
0.0731072
0.720657
1.38437
2.10293
0.764814
0.856921
2.42322
2.20426
0.474858
0.678603
2.46169
1.8213
1.26721
0.437861
2.87448
0.815612
1.39812
0.299458
1.48357
0.82627
0.18765
1.63634
0.676302
1.33121
1.00017
0.679082
0.297248
0.310795
0.2006
0.639858
0.36062
1.1882
0.64113
1.01023
0.583485
0.655278
1.49428
0.566174
1.71971
3.07049
2.26485
1.39149
0.897569
2.8263
0.675216
0.586438
0.490629
0.722581
1.42637
1.08141
0.788716
2.34309
0.78226
1.77553
1.37038
0.736701
1.18057
0.13324
0.360308
0.428796
1.00572
0.472233
1.11071
1.36056
0.942172
0.254985
0.435765
0.764914
1.75088
1.06004
0.671896
0.447323
0.435532
0.491091
0.35957
0.532593
1.75371
1.22884
1.08559
0.952756
0.3664
1.06651
4.678
1.1614
0.536331
0.647398
0.364339
0.540893
0.60986
0.717366
0.484304
0.329061
0.934074
1.18507
0.423129
1.32748
0.431465
0.495722
1.68832
0.063811
0.323644
1.53323
0.861797
3.079
0.52859
0.860181
1.1974
0.315228
0.794725
0.669436
2.00827
0.23628
1.06875
1.98669
0.387656
0.721333
0.255794
0.700598
0.63049
0.922717
0.760135
0.128069
0.399108
1.89776
1.89881
0.92222
0.885751
0.673608
1.67357
0.89403
0.272121
0.254908
1.18294
1.33706
0.798758
1.16797
0.649014
0.721039
1.56421
1.92529
0.723314
1.6234
0.145444
1.69968
0.316139
2.41025
1.02226
1.31767
1.63259
0.166082
0.479988
0.308414
0.557073
0.629539
0.879964
1.06434
0.414465
0.191962
1.09531
0.254133
0.0986709
0.367468
1.13782
0.949705
0.865655
0.129336
0.909643
1.24271
0.105232
0.603376
1.13896
0.290976
0.47091
0.186365
1.38042
0.217036
0.284568
1.75699
0.230579
0.64839
1.48736
0.744271
2.37005
0.416838
0.54777
0.183295
1.43112
0.629173
0.787929
1.40035
0.886282
1.52054
0.736917
0.784419
3.23977
0.309997
1.00367
1.98106
0.998333
0.360556
0.0927418
0.171197
0.375504
0.952887
1.16253
0.969671
0.682857
0.563079
0.937911
0.554199
0.054902
0.966734
0.305538
0.3114
0.28352
2.56011
0.719641
1.58637
0.891618
0.437993
0.857748
0.79016
0.419273
0.25684
0.231887
0.574205
0.554364
0.225118
0.522196
0.740022
1.28086
1.89955
1.73117
3.07849
0.677428
0.596802
3.50652
0.442947
1.68974
2.40604
0.619206
1.74851
1.31252
1.80485
1.40345
0.558495
1.10921
0.346702
2.61629
0.840148
1.50351
0.028241
1.7552
0.234924
0.898305
0.587846
0.255526
0.729781
1.1527
0.0712891
1.50053
1.40088
1.85618
2.13054
0.851296
0.651497
0.909847
0.841338
0.325275
1.36276
0.979876
1.07991
0.376738
1.11817
0.453694
0.952065
0.895002
0.0446117
1.5488
0.108435
0.22638
1.52746
0.275736
1.15947
0.774017
1.09864
0.791367
1.34894
0.557474
1.18723
1.84092
1.06144
0.444726
0.4286
1.83207
0.865792
0.189698
1.08114
1.15511
1.28811
1.12526
0.559414
1.14435
0.650845
0.590089
1.29425
0.696195
0.393003
1.48837
0.301534
1.37553
0.227893
0.356954
0.513374
0.871537
0.558439
0.713286
1.6998
0.429006
2.22905
1.11068
0.152844
3.64644
2.39341
0.494581
1.01904
0.60165
0.841765
2.36785
0.350293
0.513136
0.570248
0.40666
1.4807
2.32619
0.565382
0.902431
1.87559
0.697689
0.537684
1.39252
1.65816
0.705578
0.628256
0.594658
0.235915
2.55611
0.197585
0.580206
0.556838
1.03195
1.27704
1.34133
0.681781
1.28541
1.38571
1.88773
0.950113
2.02499
1.2879
1.44025
0.408107
0.568727
1.31047
2.95874
0.582927
1.25091
0.591777
1.00997
1.43629
0.24882
0.892872
1.8722
0.33255
1.45115
0.170143
0.807624
0.752507
0.324411
0.675963
0.750647
0.771372
3.13974
0.295327
1.70166
1.19531
0.37253
1.58903
0.316193
0.375178
0.186075
0.643051
1.36206
2.17343
0.60265
0.899655
0.739437
0.25498
0.794366
0.83459
0.601201
0.787381
0.560543
0.517513
0.128138
0.468889
0.166217
0.713185
1.28043
1.21158
0.730565
0.379545
0.577645
1.94294
0.2536
0.981105
1.55725
0.363431
0.73441
0.9927
0.824677
0.657411
0.963536
0.967843
1.25141
2.35935
0.805056
0.220668
0.8794
0.389988
1.66208
0.830424
1.15146
0.165894
0.679695
1.58591
1.19539
0.39945
1.11782
1.64091
1.0368
0.300745
1.00179
3.68534
2.46606
0.439515
0.429875
2.75929
1.14073
0.991013
0.412767
1.52068
0.62135
2.25929
0.44541
2.25232
0.683485
0.865316
1.89894
1.21995
3.6448
0.75627
1.09277
0.321113
0.863915
0.978872
0.902422
1.27837
0.430951
0.721673
0.182806
0.7216
1.23081
3.36114
0.742483
1.61351
0.0362812
0.272944
1.68115
0.946215
0.617927
0.775308
1.31195
0.64217
0.884593
0.14545
0.798742
1.1561
1.02144
0.582384
1.14746
0.947735
0.172732
2.15053
0.994524
0.744316
1.53301
0.806481
0.929911
0.815108
1.71446
1.55181
1.5622
1.01439
2.13816
0.808255
0.389522
1.80372
1.26343
1.08725
1.21329
0.308038
0.173635
1.42922
0.348476
0.126311
0.789212
1.132
0.346976
1.81784
0.574568
3.23392
0.648135
0.301182
0.38469
1.56275
0.653322
1.18819
0.883567
0.691895
0.632699
2.24824
0.18781
1.09612
1.21308
1.1882
1.78412
0.19651
1.81399
0.447165
1.46998
0.88635
0.415579
1.87884
0.199217
0.652158
1.29228
0.665144
1.18983
0.21424
0.995092
0.124583
1.65818
0.959287
0.984192
1.19384
3.20492
1.45265
1.57109
1.18911
3.65773
0.927725
1.15812
0.377395
0.160563
0.314996
1.37654
0.468207
0.517867
1.27939
1.84731
1.28306
0.94302
1.18889
2.05441
2.98437
0.147648
1.82269
1.09345
1.07767
0.510733
0.478179
1.02494
0.58271
0.87084
0.394648
0.584768
0.563656
0.91988
0.693732
0.806851
0.302524
0.498173
1.20843
0.748369
1.26945
1.44379
0.245369
0.333179
1.12555
0.897324
0.423124
0.35473
1.46682
1.53844
0.0749617
0.66518
3.24682
1.04281
2.68875
0.131348
0.321673
1.36153
1.86595
1.13119
0.894636
0.76853
0.410465
0.315443
1.80826
0.232803
0.831832
0.520457
0.92225
0.0615782
1.82127
0.56271
0.870707
0.845732
1.12245
0.371483
0.545758
0.638064
0.130241
0.691347
0.304126
0.992002
0.689882
1.10594
0.455109
1.82937
0.0456104
0.686229
0.184938
0.338043
1.81989
1.907
1.28666
1.36525
1.32316
0.503396
1.08775
0.778804
0.361061
0.425797
0.967856
2.72819
1.85042
1.22994
0.282458
0.295068
3.75054
0.435784
1.51271
0.746387
0.253513
0.245861
0.996511
1.20018
0.455882
0.377352
0.55364
1.96855
1.20774
0.318227
0.806266
0.151066
1.33027
2.65961
0.827216
0.676863
2.35496
0.5522
1.04391
1.77192
0.842268
0.593448
0.978066
0.860952
3.30181
1.34881
3.27038
0.196264
0.256822
0.780172
1.10083
1.13461
2.39353
0.595697
1.00824
0.754021
0.641266
0.679308
1.56809
3.21062
0.544286
0.550625
0.456216
1.21321
0.213161
0.64027
0.287168
0.396738
0.477565
0.275314
1.62503
1.05887
0.161854
0.266728
0.251034
0.723167
0.949843
0.566915
0.567394
1.71877
2.10612
2.34009
0.56073
0.873762
0.320816
1.63355
0.908126
1.66931
2.27742
0.708144
1.00002
0.602964
0.45623
1.19774
0.967872
0.669303
0.477583
1.45383
0.542181
1.44302
1.25545
0.45551
0.349807
1.37676
0.600194
0.39229
1.50857
0.534768
1.40285
0.775089
1.56352
0.411696
0.51996
1.43384
1.54604
0.996081
1.03273
0.718399
0.792119
0.918661
0.401141
0.436759
0.693986
0.626212
0.90397
0.910492
0.978024
0.646199
1.47562
2.29099
2.00301
1.6431
2.20064
0.461988
0.469332
1.19453
0.0205089
1.21943
0.543711
2.80576
1.82699
1.34972
0.210557
1.54887
1.05317
1.46141
1.23049
1.56876
0.885404
0.409025
1.81413
1.99377
0.612482
1.51701
0.80704
0.765887
0.525732
1.13922
1.424
0.696639
1.81423
1.24004
0.841013
1.56849
0.723937
0.86953
0.0570562
1.00443
0.39234
2.21537
1.65247
2.02663
2.5014
1.12665
0.149628
0.270894
0.434145
2.00699
0.865439
2.79914
0.713658
1.07415
0.334793
0.732265
0.0724774
1.82001
0.763764
0.239727
0.349574
0.543115
0.595681
0.717192
1.28121
1.78287
1.49022
1.22956
0.945094
0.927203
1.33155
0.86296
0.617319
0.977078
1.1148
0.588038
1.64651
1.19844
0.869093
1.07275
1.06873
0.27889
1.40964
0.487593
0.516222
0.810387
0.824698
0.958403
1.92962
0.372996
0.373421
2.26283
0.745854
1.88855
3.2436
0.325111
0.196296
0.124231
0.896025
0.546698
0.409292
1.54126
1.97782
0.874993
0.801221
1.10092
0.0646356
0.750275
1.67199
1.37058
0.196473
0.372702
1.78637
0.677647
1.11137
1.303
0.550861
2.01501
0.786623
1.28643
1.32267
2.88886
0.259204
1.2835
2.55629
0.648393
0.417942
1.45488
0.700508
1.43878
1.41649
0.61531
0.686262
0.309416
1.05292
0.194702
0.881471
1.15004
1.44704
0.889472
0.303408
0.371953
0.527885
1.13967
1.07613
0.44132
2.92342
0.488108
0.913889
1.42135
2.2278
1.07253
2.63061
1.78487
0.623055
0.925444
0.41816
0.962792
0.826594
2.40498
0.610613
2.48125
3.17423
1.49955
1.07195
1.63028
1.68811
0.646693
1.62008
1.24802
1.43253
1.03286
0.034259
0.639391
1.37251
0.228383
0.390965
1.02342
0.727229
1.0916
1.15811
1.25824
1.46937
0.411689
0.803299
0.454977
0.884317
0.192428
1.65317
0.345867
1.23866
1.80067
1.35513
1.07615
0.428113
0.145146
0.156546
1.71778
0.395874
1.2535
0.430985
2.35281
0.298312
0.72648
0.637455
1.11132
2.87497
0.429305
0.555185
0.792183
0.236045
1.32189
1.04494
2.05044
1.12266
0.446039
2.03431
0.874453
1.05202
1.21514
0.454091
1.38315
1.17144
1.07454
0.0918919
0.669876
1.00081
2.05595
1.3291
0.665228
1.21141
0.511444
0.503402
1.02582
0.193168
0.678178
1.55464
1.13339
1.8747
0.905271
0.522633
0.126934
1.08478
0.186564
1.49881
1.21559
3.39525
0.326189
0.14149
1.63016
1.06845
1.67817
1.08016
0.686894
3.03852
0.94068
0.852444
0.333688
0.878528
1.5941
0.110093
0.77277
0.62573
2.31749
3.77269
0.444379
0.582447
1.1586
0.325056
0.724859
0.611122
4.03784
0.399607
0.980586
0.168163
0.910956
1.2083
0.168736
0.112798
0.644387
0.923237
0.807723
5.04746
1.54785
0.280293
0.533489
0.691818
1.0167
1.65462
1.26513
2.20814
0.662692
0.80206
0.516504
0.365429
1.08065
0.45035
0.149652
0.659387
1.74466
1.84213
1.10397
1.36123
1.43936
0.336887
0.894866
0.527622
1.02712
0.591242
1.25532
1.78519
0.423529
2.3036
1.07
3.64443
2.39042
0.323456
1.71874
0.700687
0.457624
1.79884
0.303087
1.60526
0.534539
0.386067
0.433495
0.967087
1.55865
2.52626
2.07344
0.569294
1.20078
1.53088
2.20376
0.150845
0.817241
1.99363
1.77563
1.49883
0.290297
1.59707
0.274468
0.0449035
0.536443
0.723506
1.74659
2.46653
1.07706
2.51913
0.315018
0.293583
0.531034
1.43
0.878298
1.52318
0.65517
0.384967
0.28076
0.739609
1.65161
1.29884
1.24666
0.481322
0.867358
0.318686
1.0861
1.23035
0.972536
1.58756
0.377566
0.821196
1.48896
0.98094
1.27248
0.896109
0.171336
0.610869
0.787103
0.408819
0.466023
0.544783
2.64282
2.35028
1.94872
0.703122
0.272418
0.416545
0.636525
0.813081
0.342201
2.15653
0.144042
1.26966
1.81566
1.40306
0.158909
0.0890436
1.20822
0.347965
1.67157
0.449122
0.697874
0.356403
0.775874
0.600636
0.497956
1.27265
0.678594
0.347418
1.16248
0.311429
0.335377
1.29241
0.821129
0.341579
1.57
0.96897
1.00319
1.1728
0.267451
0.198143
0.675325
0.671389
0.143349
1.6068
0.572261
0.706307
0.571514
1.17775
1.29344
2.02002
0.765069
2.95224
0.883124
0.0950053
0.353444
0.877193
0.784333
1.95532
0.19542
0.606398
2.46599
1.43096
0.160178
0.967616
0.367716
0.534084
0.291625
0.202048
0.495341
0.398223
1.28527
0.62843
0.88621
0.389588
2.11983
1.41374
0.80127
0.859526
1.45243
0.523472
0.12665
0.48507
0.924758
1.05587
1.38771
0.909603
0.452397
0.738486
1.82364
0.832173
1.24509
1.47308
0.985469
0.636659
0.518828
0.594965
0.322529
1.75719
1.33447
0.341825
0.902539
0.356122
2.86651
0.414663
2.22211
2.6175
0.662787
1.14331
1.5795
2.20726
0.610098
0.432302
0.897738
0.751547
0.883477
0.502842
0.220858
1.25237
0.863394
0.767983
4.09379
1.80084
2.03626
0.482148
0.139701
0.905374
0.40743
0.559916
0.0800517
0.992242
1.25685
0.366279
1.07206
0.454995
0.206918
1.1142
4.80455
0.235688
2.56673
0.846164
0.206631
0.873547
2.15329
0.973342
0.369433
0.808479
1.21364
1.06932
0.817008
1.92819
0.417264
1.77133
2.60733
0.286235
0.225982
0.810531
2.74664
0.230826
0.331716
0.685286
1.64495
0.951293
0.155619
0.398492
1.38433
1.60626
1.32624
0.534915
0.924233
2.16927
0.698804
1.79234
0.455183
0.822463
0.952648
1.49806
0.748437
0.136124
0.29971
1.37558
1.15084
2.91396
1.09132
0.179433
0.672436
0.680404
1.35241
0.123075
0.272846
0.26563
0.121409
0.611085
0.485754
1.93142
1.51589
3.11109
1.0606
0.641657
0.334149
1.0322
0.971291
0.819833
0.727962
0.242948
0.681694
1.74782
1.71143
0.41786
2.0489
1.36169
3.8716
0.657391
0.597759
1.21924
0.398307
0.228381
0.559867
0.591743
0.377155
0.372934
0.383693
1.58613
0.860202
0.896777
0.836784
0.347706
2.6615
0.402996
2.1525
1.78587
0.112383
1.48342
0.896355
1.15354
0.733512
0.252495
0.178317
0.970397
1.26911
1.69897
0.175123
1.32665
0.46946
0.946551
0.615822
1.90179
3.01337
0.63338
0.131878
1.52727
0.506846
0.597244
0.461672
0.255141
1.76791
0.205886
0.565608
0.50891
2.85251
1.32352
0.167595
1.43782
0.419507
3.54753
0.687725
0.448284
1.17406
0.0596546
1.51991
1.16224
0.583368
1.16569
0.345973
0.441671
0.696778
0.0621793
2.32551
0.445262
0.795259
0.905302
0.274955
0.246412
0.0951462
0.39433
0.442351
0.603144
0.547662
0.9999
0.420178
0.180302
0.433511
0.501458
0.833482
1.48373
1.10764
2.38206
0.429283
0.275
0.405551
1.25497
0.870999
1.12448
0.288982
0.853264
0.991922
2.29893
1.41101
0.0829013
1.29515
2.18175
0.966736
1.50136
1.74154
1.26178
0.593919
0.588151
1.29514
1.13961
0.635807
1.24815
0.65724
0.418034
2.29888
3.15389
2.72402
0.392529
1.48567
0.539818
1.47039
0.547245
0.35682
0.361911
1.86759
0.691
0.222231
1.37236
0.84297
0.636499
0.0917081
0.771886
0.634426
2.75407
0.319756
0.526887
3.09206
0.747418
0.724583
0.875664
0.652827
2.62685
0.706555
1.31564
0.8729
0.203619
0.321965
0.736502
1.16254
0.715931
0.532073
1.61788
0.0827488
1.62883
0.555089
0.392948
0.796528
1.74297
0.356429
1.218
1.26669
0.692671
1.69909
0.232693
0.356981
0.59162
1.83643
1.23444
0.474795
0.283959
0.996933
0.586679
0.694415
0.783442
0.495531
0.948987
1.16169
2.44235
0.43325
0.371264
1.05416
0.997399
1.74859
0.30445
0.690379
0.322176
1.77523
0.767534
1.67324
0.683344
0.604979
0.940619
0.441119
1.75817
0.108634
0.811838
0.723942
2.05089
1.75728
0.956278
0.289968
0.572268
1.83407
0.632934
0.934299
0.673122
0.864918
1.08031
0.328167
0.461778
0.318092
0.232981
1.39226
1.24412
1.98008
0.647045
0.571625
2.20947
2.18365
0.770435
2.75711
0.425193
0.555707
1.46078
0.688433
0.864221
0.275089
1.16642
0.20018
0.338033
1.56997
2.57878
0.709022
1.21067
0.290826
2.39429
1.73966
0.193707
1.31434
0.95405
0.619124
0.743705
1.93818
1.13871
0.193482
0.969137
0.341448
0.290424
0.784404
3.66606
0.50077
0.320747
1.35034
0.562687
0.109337
2.05125
1.33397
0.304614
1.25121
1.30639
0.378162
0.656479
1.21206
1.73141
1.15436
1.12899
0.823831
0.297864
0.448519
3.26428
2.57003
0.0347521
1.25318
1.44833
1.56753
2.22079
1.41061
0.706505
0.250182
0.63304
0.208961
1.2666
0.535426
1.12996
0.497102
1.14085
0.946277
1.58153
1.42965
0.908224
1.13465
0.690931
0.863748
1.14376
2.4945
3.78469
0.510221
0.67054
0.595123
1.40176
0.516166
0.708874
2.72157
1.26856
0.12459
0.299788
0.321789
0.743399
1.04651
1.0049
0.605939
0.838775
0.87025
0.653226
0.192641
1.14571
1.12296
0.444867
0.643286
0.759822
0.218736
2.68011
0.38083
0.668218
1.12216
0.205465
0.633662
0.628303
1.87182
0.145435
1.20732
0.601211
1.13561
0.4411
0.160645
1.61176
0.121948
0.988195
0.914972
0.114492
1.83681
0.472059
0.628282
0.627207
2.26182
1.1991
0.464332
0.621194
0.645024
0.56203
1.79086
0.674698
0.129266
0.50161
0.176352
2.30989
1.54926
3.46471
1.6643
2.12835
0.354327
1.04509
0.198788
1.76743
0.256498
2.55811
0.508761
1.62823
0.467801
0.393106
2.52774
2.33055
0.700432
0.83576
0.610673
1.2955
0.32755
1.65631
0.988301
0.435394
0.863664
0.550787
0.873761
0.623745
0.641517
1.05211
0.980088
0.426923
0.350269
1.02137
0.430987
1.32171
0.424153
1.15407
0.342666
1.32576
1.14877
1.7564
0.574915
1.35288
0.792573
0.781657
0.281903
2.17836
0.577348
0.898466
0.288437
1.46491
1.37102
1.40846
0.586565
0.260729
0.282741
1.34919
0.782086
4.10026
0.568594
1.3834
1.69887
0.209729
0.600316
0.946388
0.881455
0.291542
0.446802
1.18453
1.6452
2.69076
0.505029
0.0844114
3.24348
2.71761
0.471067
0.300729
0.456301
0.0521229
0.370397
0.424044
3.07345
0.0404706
0.992244
0.573455
1.35561
1.90993
0.633567
0.685271
1.08348
1.2247
0.692156
0.728505
0.0838929
2.02508
0.455167
0.889651
1.08125
2.06821
0.871823
0.882469
0.603094
1.28156
0.466341
1.06879
1.42117
0.466966
0.459597
1.55883
0.544038
0.932235
0.409377
0.426222
0.972016
0.314264
0.991591
4.60056
1.77253
0.433783
1.92436
1.46878
1.91823
0.472478
1.4774
0.813233
0.83018
1.61904
0.468631
0.823531
1.13276
0.248729
1.45195
0.988447
2.49398
0.295812
1.1861
1.10025
0.42137
0.970818
1.20407
0.443901
1.50783
0.257808
1.40454
1.1147
1.38304
1.10692
1.09274
2.54363
1.31819
0.469853
1.59086
0.569005
0.546164
0.994673
0.230519
0.575958
1.10998
0.584995
1.02172
0.638353
0.939215
1.44013
0.492049
0.985722
1.50536
1.58041
0.614805
0.738195
0.0618146
1.38225
1.38614
0.773967
0.869204
0.39415
1.41277
3.09026
2.33293
1.82984
0.824808
0.392171
1.45526
0.463986
0.534745
1.46443
0.439413
1.36804
0.539091
0.282919
0.949934
0.368057
0.338396
0.215129
0.974694
0.662118
1.92868
1.38857
1.95447
1.10646
0.917606
1.86354
0.509302
0.606973
1.15584
1.53396
0.400107
0.265478
0.252872
0.695624
0.431091
1.30526
1.44178
1.13686
4.25385
0.585142
0.457761
1.13217
0.535535
0.649546
2.06378
1.23569
1.26055
0.762415
1.60098
1.72779
0.981102
2.80548
1.64853
0.528083
1.03599
1.05077
0.30345
1.10384
1.50634
1.25527
1.32921
2.23019
2.39542
0.420381
2.91698
0.160379
0.622144
3.3523
0.0760839
3.16311
1.64281
0.860143
0.676424
0.61762
2.62852
0.217069
0.186491
0.309789
1.15696
1.197
0.249663
1.94342
0.922096
1.34408
0.910814
0.634808
0.774727
0.612571
0.769401
0.269868
1.19675
1.76327
1.27099
1.5854
0.443284
0.145663
0.840556
0.436097
0.300571
0.929222
4.01466
1.39844
0.18815
0.771339
0.161076
0.881826
0.615859
1.05123
1.0216
1.94434
0.676043
0.415808
0.391275
0.99601
0.100898
0.347294
0.314821
1.6652
0.665829
0.214023
0.655912
0.500364
0.734632
0.160582
3.64216
2.24245
1.5745
1.19699
0.708179
2.22046
1.49502
1.88494
0.904951
1.32135
1.13705
1.04422
0.954077
0.115038
0.250963
0.776992
1.02475
0.317404
2.06313
1.63818
0.856139
1.3533
0.506425
1.1366
2.32226
0.563446
1.16794
0.136386
0.399932
4.18956
2.18032
0.639273
0.703973
0.78794
0.209834
0.323627
0.486708
0.866211
1.74016
0.367534
1.36975
0.816681
0.732655
0.25096
1.17681
0.43283
0.374336
0.610353
0.683461
1.06098
0.930801
0.591997
0.531081
1.49264
0.287388
1.63776
0.452017
0.243071
0.193902
0.176697
1.469
1.23614
1.10164
1.41746
1.36341
1.13654
2.26718
1.03387
0.27423
1.26231
0.833747
1.00608
1.06826
0.396821
1.99099
2.50444
1.65841
0.457586
1.85231
2.65731
2.51154
0.403323
0.402622
0.714516
1.4546
0.268442
1.32288
1.54016
1.75608
1.31139
2.42285
1.04388
0.546761
0.184452
0.32845
1.15348
1.20485
1.55249
1.56351
1.99362
0.0916796
1.01525
1.83232
0.185484
0.628194
1.22821
1.88684
0.797694
1.16151
1.75434
0.727372
0.502212
0.368265
0.4357
0.631374
1.14628
2.04211
0.631489
0.908628
0.520171
0.246199
0.0815546
0.783022
0.375409
0.986992
1.58595
0.887445
2.16962
1.7033
1.38192
1.30633
2.00441
2.95504
0.395998
2.4557
0.495526
2.95344
1.03878
0.695794
0.614725
0.434753
1.14512
0.629212
0.769082
0.198909
0.621719
0.089863
0.624475
0.809968
1.04476
1.59805
0.24457
1.9221
0.955382
3.05201
1.94821
0.246563
0.704271
0.713515
1.38636
1.06319
1.36906
1.98232
1.75861
3.44547
1.87058
1.0717
1.5526
1.33649
0.330551
0.888042
0.470362
2.48321
1.65991
1.02705
1.25117
0.657702
0.917338
0.875178
1.60417
1.3449
0.840479
0.472485
1.08672
0.423166
1.0696
1.10016
0.55328
0.26355
0.44198
1.14117
0.181842
0.528675
0.798089
1.69399
2.27347
0.705712
0.35326
2.35069
0.289821
0.190381
0.301918
2.3233
0.923268
0.837632
0.296162
0.752557
2.91707
1.5537
0.961518
0.550602
0.501366
0.543844
1.74246
0.675161
0.582593
1.26895
1.72443
0.439668
0.566991
0.433193
1.36119
1.27822
0.838657
1.15077
1.43712
0.921306
1.62114
2.59493
2.88589
1.39868
0.314329
0.364199
0.390676
0.366466
1.22176
0.197032
0.336299
2.10007
0.829469
0.384584
2.23966
0.646724
0.919163
0.811726
0.419708
1.02322
0.356463
0.149381
1.19361
1.39104
0.789636
0.284476
1.25687
3.40693
1.79568
1.44458
1.55005
1.55616
1.78342
0.841433
1.78105
0.406886
0.921302
1.73905
0.791417
0.724093
0.221066
2.23622
0.681911
3.25091
0.47918
0.74685
0.825011
1.67255
2.29293
2.19849
2.65489
1.99513
0.779264
0.883092
0.204399
0.130124
0.526192
1.10758
0.444448
0.219262
0.605872
0.786675
0.114316
1.11326
1.43478
0.220982
0.720452
0.972472
0.551885
0.119515
0.788179
1.47204
1.11667
1.09393
0.413468
0.953863
1.23581
0.473425
0.559512
0.239048
3.20401
1.57501
0.335323
0.803208
1.18413
0.865805
0.6185
0.238233
0.0440735
1.55675
0.340459
1.57861
1.52017
0.79282
0.266484
3.56598
2.23498
0.668279
3.68071
0.985749
1.07956
0.981896
1.5044
0.86949
0.509666
3.51819
1.92296
0.51173
0.299615
0.672904
0.604157
0.447215
0.968159
1.12386
1.86614
4.41948
1.47361
1.69109
0.733268
1.38729
2.59052
0.493721
0.262758
2.35488
0.694845
0.471169
1.26346
0.708915
1.68703
0.704015
0.734195
0.821092
0.352573
0.381903
0.361577
0.962164
2.26356
3.13931
0.233645
0.873441
0.961403
0.0812728
0.77714
0.741124
0.387448
0.978222
0.387236
1.02003
0.734408
1.12136
0.522451
1.54129
0.705783
1.0401
0.774619
0.326613
2.09922
0.684331
0.288514
0.924085
0.938872
1.46461
0.0364542
0.258162
1.75503
1.60781
1.29796
0.454668
0.609851
0.355701
0.809437
0.228847
0.242632
0.511228
1.9132
1.44427
0.839785
0.125746
1.72623
1.40175
1.31968
0.445962
0.199043
0.467443
0.647057
0.43655
1.24442
1.04062
1.60051
0.231027
0.87177
0.578708
1.0859
0.421947
0.256521
1.23792
0.938814
1.39987
1.44787
0.524435
0.978846
2.08254
0.402207
0.562425
2.07036
0.364059
1.44443
0.819104
0.372832
0.576665
0.218227
3.59995
0.753815
0.298625
1.46099
1.22216
1.85425
0.262924
0.376346
2.13445
2.23839
0.198665
1.00802
1.1068
2.25967
0.403202
5.53901
0.526181
0.757742
1.89541
2.3561
0.946239
0.665851
0.650304
0.270509
0.623618
0.341202
0.691964
2.34382
1.11286
1.23133
1.77123
1.78003
0.249841
0.738245
2.09572
1.91302
0.829725
0.609898
0.587377
0.612476
0.854375
2.11327
0.593206
0.769243
0.396191
0.772772
0.36478
0.416647
1.57054
0.597497
0.200867
0.850959
0.733478
0.717429
0.672032
0.651773
0.328651
1.36305
0.83672
0.547415
2.63965
0.780767
0.878512
1.71063
0.266114
0.899061
0.415057
1.97473
0.68178
1.31817
1.72229
0.429808
0.860726
0.954393
1.6017
3.6556
0.154866
0.427833
0.185374
1.9513
0.582434
0.530618
1.12385
0.346514
2.4842
0.790117
0.749726
1.2455
1.98415
1.43236
0.218795
0.1686
0.267671
1.19501
1.23881
1.59995
1.41678
1.15673
1.89875
2.00906
2.21055
0.85399
0.441931
1.42007
1.32693
0.382303
0.957176
2.69995
0.38781
0.175402
1.32046
0.80198
0.853155
0.81541
0.294535
1.92576
3.09051
0.572563
1.55809
0.628536
1.38716
0.888867
1.43306
1.04852
0.738225
1.37777
1.28681
0.810885
0.803515
0.907433
1.36453
3.37
1.5672
0.582388
2.48817
0.928004
0.677006
0.0397325
0.706339
1.45293
2.41682
0.29228
0.542802
2.12574
0.3123
0.93848
1.29575
1.10102
1.32474
0.309007
2.52177
0.566429
1.0766
2.03779
0.569211
2.09457
1.05742
0.536606
0.152052
1.18226
0.863315
1.89263
0.415289
0.486073
1.73364
1.07386
2.50102
0.687654
0.135908
0.846733
1.3476
0.993402
2.22586
1.45679
0.333407
1.75027
0.940853
0.813974
0.613003
1.32122
1.316
0.329893
0.816977
1.71864
0.762874
0.635101
0.243073
0.9134
0.433605
0.681546
0.790164
0.0740597
0.11776
1.06793
2.09944
0.594013
0.901831
3.2609
1.30967
0.541516
0.596337
0.495961
0.604089
1.29175
0.283621
1.96027
0.593766
1.91949
1.00535
0.672855
0.865264
0.990382
3.50024
0.569876
1.66171
0.9413
0.947951
1.36502
0.942833
0.681466
0.970361
0.765935
0.816119
0.812466
0.68448
1.08706
1.59654
1.04244
1.28564
0.456645
1.58504
0.735307
0.676398
2.1129
0.723759
1.36089
0.241543
0.708788
0.926826
0.472459
1.4488
0.634126
0.505046
1.71066
1.5975
0.237647
1.37741
0.316206
0.179997
1.64721
0.308543
1.05456
1.35753
0.228041
1.09872
0.486971
0.388234
1.00341
2.24177
1.37157
0.360869
0.0382285
0.810587
0.699388
0.870755
1.20374
0.577625
0.455031
0.44646
0.968333
0.819138
0.346561
1.44148
0.558618
1.23988
1.32285
1.89087
0.534605
1.03302
1.03341
1.3023
0.907481
1.76211
0.250306
1.09683
0.818202
1.10892
1.61542
0.38271
0.156805
1.41396
1.90655
2.16215
0.87951
0.2538
0.735163
1.11365
0.492921
1.28849
2.91692
0.255772
0.262759
1.03866
0.571175
1.76221
0.029537
1.30589
0.911583
3.64233
2.85496
2.29173
1.93394
1.35394
3.79925
0.880633
0.184363
2.21251
0.518437
0.331538
1.01455
2.0261
0.541331
0.335595
0.491648
1.01996
0.956218
2.06743
0.680649
1.92982
2.34194
0.245525
1.35907
0.985967
1.06693
0.167096
0.889199
3.4003
0.283839
1.72874
0.963272
0.559434
0.167523
0.538081
0.11962
0.300661
0.336459
1.42641
0.850938
0.480535
0.26625
1.34071
0.184843
0.73849
1.78467
1.02796
0.733392
1.25082
1.0272
2.00739
1.0206
1.22442
1.2225
0.428646
2.60043
0.790454
1.1581
1.93791
1.35457
0.662329
0.0580525
1.22601
1.08512
0.131622
0.246254
0.42254
3.4292
1.70624
1.20949
1.66087
0.654441
1.39911
0.131723
0.905126
0.319224
0.239363
1.58876
0.339189
0.366017
0.51471
0.659283
0.994886
2.51704
1.93177
2.56139
0.909915
0.819995
0.645063
1.64112
0.151836
1.50958
2.14832
1.62784
0.665269
1.48915
2.17538
0.896495
1.9023
0.92945
0.839636
0.392195
1.12731
1.3631
1.92677
1.9563
0.302315
0.355042
0.0745737
0.487489
0.671612
0.779243
0.0755365
1.07572
0.897403
1.9034
0.60132
0.3763
1.03871
0.551373
0.672352
1.40615
1.57106
0.721863
0.63839
1.62849
0.352457
1.32176
1.25679
1.4657
1.5999
0.824195
0.816495
0.910633
0.550261
2.72485
0.685113
0.688759
1.70116
0.390374
0.616198
0.791126
0.369127
1.73748
0.114774
0.606822
0.350977
0.279532
0.271747
1.10761
0.0833253
0.843672
0.606331
1.03171
0.603273
0.394767
1.16262
1.39117
1.60299
0.888655
0.508819
1.16966
1.49155
0.965269
1.12129
1.5189
0.324976
0.326882
1.77254
0.636986
0.844229
1.28415
0.643922
1.34063
0.465895
2.5795
0.61039
1.03412
0.482975
0.570403
0.25367
0.369369
0.924681
0.780818
0.541794
3.15735
0.556563
0.978496
1.46328
1.8057
0.499752
1.17243
0.479069
1.00707
0.480257
0.396915
0.787922
0.527236
0.31016
2.48016
1.139
0.640275
2.32547
0.502474
0.920901
2.06399
0.709504
0.69902
1.16314
2.34798
0.10607
1.3459
1.38565
0.882127
1.76339
0.42214
1.06375
1.39615
0.988094
0.456195
0.0564627
0.208854
0.992564
1.11892
1.42822
1.97249
1.0794
1.92254
2.24068
0.707441
1.05383
1.22095
0.5915
0.732874
0.340001
0.316873
0.35368
0.845811
1.05775
0.108963
0.817569
0.0630006
1.44282
0.952404
4.75319
1.60472
0.201629
1.62922
1.35131
1.32223
0.832964
2.00946
0.526303
1.40576
0.0417087
0.101097
0.692057
0.69726
1.67518
1.26179
0.303263
0.243295
2.85534
0.306678
1.43598
1.54655
0.174117
2.25498
1.50095
0.593598
0.830048
0.995224
0.446951
0.575845
1.05819
0.794108
0.600153
1.63388
1.97756
0.337614
1.28215
0.899355
0.697852
0.137607
0.428032
1.35446
1.82709
1.12696
0.74862
0.625339
1.17022
0.257643
0.535505
1.31368
0.0796709
0.284894
0.958837
1.27884
0.827501
1.24086
0.827104
0.633018
0.758145
0.281872
1.22911
0.110656
0.521862
0.538861
0.409449
0.700918
0.692535
4.26599
1.22297
1.20791
0.228532
0.123148
1.84006
1.88796
1.02415
0.903151
0.41398
0.35174
0.417947
1.31931
1.64303
0.611061
1.68695
0.41229
0.397587
0.226158
1.02338
0.402311
0.217025
1.29477
0.187444
0.688589
0.372401
3.85388
2.41323
0.0519639
1.40199
0.407121
0.177254
0.490101
3.23421
0.443415
0.579906
0.985944
0.300426
1.17196
0.341643
0.740269
0.873139
1.09906
2.86201
0.588588
0.45774
0.94302
0.881474
0.290619
0.0924313
0.731175
0.543169
0.266822
1.71862
1.19513
1.82772
1.18017
1.87135
1.21821
0.244793
0.408808
1.53809
1.0518
0.157261
1.08818
0.317262
0.214277
1.0362
0.675318
3.1848
3.62007
0.136787
0.964768
0.111956
2.40681
1.43522
0.572509
1.03716
0.526619
0.634994
0.351808
0.865058
1.93241
0.449714
0.0958788
1.24968
0.382928
1.07555
2.26107
0.220332
0.176075
0.296381
0.468165
2.21608
0.93873
0.474138
0.222089
0.287498
0.758421
0.908422
1.19943
0.677048
0.536933
3.09034
1.25385
0.700847
3.35197
0.560014
0.791854
0.639493
0.27187
1.4251
1.47383
1.15592
0.355503
0.459449
0.672778
2.52334
1.47885
0.0623903
1.3595
0.636661
1.31115
0.459616
1.86889
2.0071
1.12294
0.721337
0.854018
0.929327
0.594525
1.55587
2.29797
0.195607
0.657753
0.85742
1.27051
2.54517
0.179529
0.638183
1.70974
1.46492
0.0845331
0.286256
1.05313
0.80482
0.381472
0.476265
0.894506
1.50646
0.349984
1.20412
1.25631
0.272868
0.954754
2.08244
0.643317
1.03538
0.677086
1.23471
0.875484
0.837015
1.39336
2.02599
0.313216
1.25948
0.603588
0.669461
1.48018
1.32356
1.20762
1.12822
2.77469
1.33358
0.561986
1.33006
0.554824
1.46789
0.888677
0.13055
0.158815
0.294446
0.846901
1.45214
0.375312
2.10833
0.241149
1.44153
0.607886
0.439973
1.16501
1.08675
1.08614
0.315464
0.259334
0.838562
0.927172
0.891586
3.8118
0.364812
1.29713
1.21584
0.170523
4.10225
0.600164
1.00208
0.321064
0.484795
0.361546
0.40932
0.45709
0.411297
0.719113
0.429268
1.67055
1.37985
0.816257
3.60051
1.51354
0.764869
1.15062
0.232543
0.819049
1.16486
0.578521
1.00446
0.87508
1.88775
0.573899
0.536939
0.719703
1.33056
1.16142
1.30981
1.31194
0.857046
0.934313
0.132117
0.69665
0.999066
2.01207
0.587835
0.384303
0.939071
0.986803
0.911804
0.984883
0.32897
0.317782
0.84527
0.238178
0.825685
2.7038
0.294398
1.0507
0.649336
2.72548
0.607091
1.06713
0.479984
0.32561
0.361818
1.70878
0.854709
0.537095
0.504087
0.579749
0.990113
1.32574
0.400371
0.253153
1.39867
1.27048
0.463633
1.37811
1.27862
0.117497
0.19556
0.582894
0.848158
1.15318
0.759983
0.27213
1.21182
0.0635579
1.51659
1.49249
1.21847
0.801401
0.793207
0.54656
0.186774
0.659326
0.860801
1.17431
0.53532
1.02169
0.217922
0.22835
1.41642
0.24362
0.60028
0.738683
0.812206
0.748556
0.331206
1.0273
0.496399
0.394689
1.01741
0.505805
0.524728
0.727734
0.785533
0.799912
0.208302
1.06777
0.467234
0.65601
1.02893
0.848924
2.56552
0.915306
0.456368
1.53751
0.590447
1.26495
1.48968
0.234384
1.49649
0.135036
0.365778
0.615137
1.55658
0.229231
0.336027
1.71221
0.264584
1.27083
1.26563
0.190531
1.55046
1.36155
2.14579
0.758985
2.55564
0.638811
0.61981
1.36378
1.12143
0.608569
1.36692
0.699954
0.272679
0.95511
0.632368
0.816108
2.75925
0.881724
1.15457
0.378408
0.0885226
2.15411
0.346027
0.336625
0.152366
2.4544
0.178559
0.550846
0.919097
2.08481
1.11077
0.836104
1.48332
0.922097
1.62259
0.771551
2.24837
0.0506822
0.381701
0.106639
0.330739
1.48708
0.446237
3.08923
1.52778
1.07326
1.58534
0.812387
1.14819
0.981294
0.72109
0.372435
3.23086
0.952929
2.26689
1.23088
0.950814
1.25278
1.14887
1.83475
0.195059
1.79667
0.256135
1.28995
1.36023
3.75838
0.44156
1.77387
0.822017
0.361729
0.212445
0.625833
1.22839
1.10478
0.77355
0.320736
1.00352
0.289329
0.404669
1.24784
1.06488
0.868587
1.00643
0.0707783
0.628555
1.00621
0.490025
0.579788
0.443254
0.565127
1.09619
0.332979
1.23656
2.707
0.382928
2.32739
0.316439
0.868927
0.318384
0.952868
0.650608
0.475827
0.985022
0.305418
0.111392
1.80262
0.798811
0.281267
0.45081
0.903788
1.52395
0.427668
0.382608
1.46122
0.335253
1.04757
2.68822
0.910497
0.590965
0.288197
0.673891
0.936706
2.0398
0.749132
1.72496
0.816177
1.81325
0.719722
0.419781
1.69849
0.667723
0.287779
0.434195
1.28901
1.65456
0.0838487
0.938099
0.842689
0.574371
2.13247
0.177134
0.322227
0.956899
1.92785
1.81915
2.16068
0.467717
0.961519
1.41715
0.385366
1.0696
0.832304
0.529704
1.9568
0.0807748
2.11762
1.19548
2.70227
2.06994
0.0660687
1.83008
0.562557
0.88969
1.64988
0.413209
0.305647
0.806898
0.292834
0.0866951
1.70006
0.477216
1.29862
0.956537
0.754066
0.790111
0.900184
1.13073
2.47001
1.43234
0.720844
0.475619
0.793304
1.46049
0.300743
0.302939
0.381382
2.33379
0.781938
1.22387
0.830138
1.63811
1.1595
0.617793
0.901673
0.91144
0.98644
1.24752
0.0952575
0.212038
1.13578
0.492966
0.294532
0.0670566
0.950572
0.611954
0.797048
0.456266
2.01445
2.98687
2.61986
0.866221
1.09189
0.319083
1.41894
2.67026
0.583279
0.815258
2.61012
1.2609
0.235011
0.619257
0.981049
0.382149
1.28753
0.80474
0.459196
0.75746
0.112602
0.645469
0.125708
0.681966
0.657216
1.80086
0.349847
0.40652
0.724656
0.979405
1.37131
0.717471
0.896176
0.851643
1.10511
0.484749
0.649332
0.635774
0.35059
0.973209
1.48696
1.38216
2.31741
1.42426
3.83496
1.5456
1.25527
0.501803
0.406358
0.275139
0.116429
0.440759
2.09186
0.985688
1.45687
1.96276
0.252699
0.656078
1.42635
0.471396
0.646201
0.180214
0.454515
0.992646
0.294964
0.412134
0.182441
0.537739
0.370505
0.873919
0.077822
0.581664
0.519096
0.648566
2.12821
0.352611
0.617294
0.78312
0.708157
0.435378
1.76361
0.308543
0.884587
0.658651
2.03407
0.352169
2.15592
1.17442
0.62932
0.920489
0.478966
0.507743
0.854368
1.17462
1.59341
1.29534
0.614876
0.713197
0.607399
2.43371
0.11622
1.00589
2.44105
1.01826
0.717902
0.872148
2.06037
1.14942
0.773268
0.94097
2.15928
0.240065
1.04385
0.0467095
0.848145
0.170984
0.574391
0.126713
0.264786
2.40233
0.454631
1.11846
1.5715
1.24695
0.917448
2.72528
0.307452
0.809203
1.52976
1.73878
0.710368
0.824293
1.20622
1.49739
0.503811
0.384065
0.574003
1.65386
0.148256
0.669764
1.44035
0.560525
4.30364
0.229722
0.0818117
0.985191
0.439535
1.18614
0.426339
1.6807
0.6331
0.382346
0.0904507
0.555411
1.45719
1.81421
0.647332
0.520325
1.19323
1.15272
0.452202
0.938619
0.421876
0.221348
0.276201
1.23882
0.82829
0.458359
1.52025
0.213832
1.97306
0.250071
1.23078
1.37312
0.183225
0.751588
0.0747875
2.6427
0.898147
0.898482
0.629756
0.585791
1.27254
1.12251
1.72137
0.275982
2.83339
0.590806
0.341976
0.372283
0.295196
1.96712
0.607231
0.63241
0.128741
0.265642
1.51928
1.36596
1.58885
0.45714
1.47372
0.274705
0.517456
0.281124
1.19983
0.469374
0.48484
0.408506
1.04457
0.925175
0.633978
2.36699
0.372784
0.127217
0.308127
2.15485
1.85788
1.19719
2.13819
0.753569
1.17036
2.09598
1.70619
0.797224
0.366617
0.890145
0.817002
0.0865469
0.981425
0.775774
0.962701
0.500969
0.838522
2.36377
1.39882
1.59334
0.307634
0.920601
1.23704
1.26459
1.07404
0.928111
0.419897
0.296799
0.826869
2.22266
0.0244308
1.0363
2.08555
1.09648
0.348401
1.41652
0.606955
0.218449
0.461755
1.64878
1.98221
1.47692
0.299049
0.69852
0.971508
1.86623
0.693816
0.866495
1.38189
2.02491
0.24716
0.103296
0.687896
1.35498
0.707038
1.74296
1.73206
1.53223
0.703273
1.52646
0.795971
0.778266
0.456509
1.5883
1.73963
0.491672
2.45527
2.76988
0.14465
2.1958
0.864844
0.685793
0.945315
2.61393
0.949311
1.91015
1.34027
0.416807
1.61072
0.241301
0.637578
2.36442
0.558216
1.63354
0.666055
2.46314
1.64374
2.12846
0.287636
0.75745
0.701129
0.781569
1.37259
0.828972
1.13443
2.3194
0.842155
1.09781
0.561155
0.309252
0.925978
0.427655
0.538592
0.911582
1.14237
0.534
0.433256
1.11231
0.0870198
1.69405
0.304748
2.43852
0.184565
1.87922
1.55265
0.295576
1.03707
1.21632
1.33241
0.738475
0.282834
0.164786
1.36872
0.180228
0.608843
0.360196
0.609999
0.815388
0.434547
0.666752
1.04688
0.231473
0.730331
0.978768
0.503327
0.532147
0.227137
0.897257
0.595168
0.63321
0.63214
0.629368
0.679633
0.468673
1.3835
0.739173
0.494664
1.78742
1.02745
0.304264
0.471215
1.05857
0.232585
1.00497
1.36839
1.64489
2.25641
0.64509
2.37544
0.327014
0.394174
1.03906
0.881212
2.25023
0.553443
0.670396
0.395724
0.5177
0.636626
0.749383
0.8442
0.486089
0.299597
0.332491
0.70116
0.818859
0.258669
0.185813
1.60342
0.13404
0.822652
3.16145
1.68985
1.24137
1.06319
1.5167
0.872258
2.09274
0.576058
0.378788
3.3357
0.955087
0.348493
0.322259
1.35591
0.489669
1.33644
1.52829
1.85898
0.523636
1.8065
1.1742
0.781809
1.63555
0.544923
1.17972
0.230931
0.743579
2.36301
0.765241
1.79805
0.12462
1.0118
0.202922
0.96153
1.35903
1.07268
1.94295
0.509572
2.05489
0.636122
0.325871
0.925649
0.670147
1.11095
0.438341
0.642856
0.957492
0.598596
1.38287
1.66969
0.91592
1.68848
0.618747
0.946763
1.40483
1.37055
0.400989
1.01236
0.757087
1.53944
0.102021
2.41634
1.22257
0.356839
1.98924
0.942084
0.846096
0.325036
0.0454149
1.86089
0.299801
0.81076
2.30476
1.06073
0.244829
0.918971
1.02973
2.46433
0.730312
0.36867
0.523122
1.68183
1.66813
1.52163
1.36455
0.36481
1.92196
1.8159
1.66215
0.551065
1.05827
1.45398
1.7176
0.474025
1.08964
1.11599
0.471931
1.03816
1.26665
2.05621
0.166656
0.714329
0.834017
2.59841
1.0005
0.833351
3.01215
1.76355
0.58302
1.87069
0.481885
0.849954
1.22952
1.15899
0.884128
0.865151
0.854891
2.5276
0.863076
2.69032
1.00862
1.71251
1.19829
1.2518
0.416112
0.713133
0.800255
0.11606
0.330666
0.846516
1.66505
2.10225
1.20669
0.315798
0.335558
2.23055
0.475616
1.28484
0.477777
0.239745
0.358758
1.64864
0.878565
1.21909
0.110418
1.17685
0.919337
0.197432
1.22609
0.661761
0.882063
0.148128
0.615501
1.31568
2.96075
1.12919
1.27267
0.343643
0.668072
1.7256
1.53277
0.513302
0.930126
0.580876
1.52821
0.821403
2.25671
1.38184
0.497173
1.60575
1.77568
0.757382
1.71523
0.106393
0.322951
0.360362
0.600625
0.246157
0.94034
0.136287
1.1772
1.4036
1.80685
1.97565
1.95777
1.17423
0.7894
1.08261
1.74287
1.34515
0.545547
0.454344
0.655476
0.800067
1.71739
0.507025
0.411519
1.46736
1.2744
3.4719
1.25359
3.03651
0.588925
1.65912
0.709884
0.534194
0.320433
0.61138
0.804661
1.29825
0.600712
0.2837
1.26491
0.526437
0.720456
1.53536
1.10188
0.439224
0.280255
0.118754
1.66456
0.56868
1.13739
0.934518
1.41705
0.607637
0.285425
0.186641
1.09397
0.354772
1.23005
0.590648
0.118852
0.247
0.380239
2.01047
0.19333
1.24346
0.504652
1.61125
0.667117
1.15455
1.12011
0.736654
0.679399
0.44041
1.61523
0.857176
2.1336
0.725978
0.484056
0.130811
1.10387
0.25929
2.57613
0.83056
1.34697
1.57181
0.798146
0.742561
0.640393
1.07857
0.35718
0.340004
0.194066
0.567148
0.314988
0.518844
2.23888
1.08573
0.655543
3.01451
0.252787
3.01082
1.70163
2.32468
2.23625
0.381328
0.973481
0.219075
0.351383
0.758118
1.7991
0.129077
0.898018
0.699116
0.606754
0.300586
0.514361
0.622412
0.636115
0.369541
1.39529
2.06763
1.04034
0.496528
0.551272
1.35047
0.667658
2.39813
1.28226
0.224639
0.694134
0.368045
0.264524
2.04422
0.0529994
1.30823
1.18097
0.469497
2.40491
1.73552
0.343874
0.579958
2.04544
2.65635
1.29549
0.151171
1.60045
1.10151
0.182657
0.10598
0.85358
0.701916
2.00489
1.00118
0.427273
1.76473
0.15352
1.10182
1.12693
0.403558
0.531188
0.189174
2.10017
0.725112
0.485281
0.288567
1.7266
0.562735
0.459689
0.513082
0.136548
2.86739
0.930441
1.07427
0.0905151
0.460323
1.14492
0.572418
0.949996
0.483633
0.536206
1.36905
0.145697
1.01713
0.000484892
0.625858
0.181042
0.361508
0.314915
1.68671
1.29683
0.649033
0.643601
0.985931
0.871734
2.80677
0.644026
0.85974
0.676446
0.359743
0.524465
0.61513
0.85492
0.0809232
0.592854
0.337264
0.469327
0.296445
1.15039
0.594666
1.17956
0.444946
0.359011
0.71953
0.178022
0.2338
1.18845
0.327455
0.221133
0.470832
0.569686
0.484881
0.0287565
1.03444
0.666639
0.854258
1.66885
1.09903
0.370073
0.678563
0.383657
1.22181
0.265497
1.04955
0.37055
0.372041
0.760583
0.933727
0.358723
0.833842
1.16424
0.147967
0.648565
0.134618
1.10945
2.14005
1.10009
0.368797
0.276851
0.963675
0.970861
1.12983
0.50113
0.639566
1.81822
1.30002
2.44043
0.598971
0.975046
0.403174
0.0451928
1.0365
1.18251
2.19683
1.21466
0.99523
1.05942
0.65123
0.404601
0.470972
0.360836
0.64128
1.42715
2.23937
1.67942
0.545903
0.857057
0.0881548
1.07111
2.5611
1.77351
0.551312
1.15382
0.615921
0.403686
1.19576
1.73589
0.291487
0.703482
1.50358
1.25878
1.40212
0.127155
2.59599
3.34019
0.222217
0.667963
0.543846
1.1306
1.02625
0.551544
0.841094
0.640662
0.504438
0.576394
0.517975
0.190807
1.04294
3.23777
0.111921
0.963071
0.225406
0.827319
0.548814
0.450868
0.807296
1.79281
1.02836
0.189319
1.44325
0.194319
1.09571
1.32673
2.28392
0.280978
0.821647
1.66398
1.7001
0.896256
1.41503
0.135267
0.783983
1.43933
0.694027
0.102001
1.91794
1.24293
2.18745
2.59883
0.600664
0.0340387
1.86858
3.19189
0.158893
0.891621
0.427521
1.59034
0.671752
0.998256
2.48427
0.869612
3.60487
0.571754
0.45815
0.51585
2.17876
1.88706
1.04894
0.965141
0.413792
0.571033
1.04109
0.854705
1.22914
0.625722
0.139788
0.851316
1.07254
0.9025
0.368596
0.716985
1.24333
1.79753
1.38133
1.28889
0.465788
1.63164
1.61074
0.352721
0.406536
0.70196
1.44076
1.00322
0.140163
1.21954
0.639573
0.45325
2.84281
1.73708
0.771178
0.874826
0.73506
0.8861
0.323181
2.65092
0.849463
0.266078
1.02159
0.846625
0.8102
1.10742
1.11512
0.708724
0.696428
0.517359
3.46642
0.234439
0.58954
0.372238
1.13278
0.552341
0.648922
0.791211
0.746589
1.14355
0.645245
0.683824
0.456571
0.813099
0.802269
0.193476
0.684143
1.02993
0.701796
0.542713
0.356496
0.674167
0.457791
0.152503
0.812509
1.2358
1.21436
1.16589
0.808401
0.855779
0.0675696
0.178549
0.51288
1.21536
2.71995
0.132282
0.583219
0.535885
1.61059
1.33532
0.771283
0.703136
1.84918
0.173776
0.668754
1.44489
0.267675
0.77504
2.2753
4.48258
0.552085
2.06284
0.978112
1.8231
1.80135
0.552632
2.74298
0.697404
0.536188
0.740898
0.564132
0.718942
0.182111
0.128407
1.31012
0.640268
0.220904
0.815103
1.0197
0.757646
1.57343
1.79685
1.84437
0.863132
2.14327
0.306719
0.92065
2.23055
1.38999
0.253594
0.790862
0.473563
0.0701126
0.31423
0.477339
2.51344
0.69768
2.23872
0.909517
2.0192
1.17357
0.657578
1.04809
0.63324
0.803483
0.137906
0.261025
0.515881
0.389831
0.562418
1.2631
0.150428
0.451775
1.11435
1.75363
1.44455
1.17929
3.34805
0.179716
1.1769
1.63041
1.14142
0.721025
1.5913
1.12116
1.50429
0.2538
0.423094
1.16851
0.398524
0.846462
1.73493
1.68568
1.05885
2.27004
1.23815
3.48789
0.0761674
1.00029
1.94185
0.212545
1.31724
0.755643
1.21815
0.219158
0.576846
1.31175
0.54468
0.450815
1.88416
0.396976
0.597974
0.803017
2.82276
0.740403
0.507428
2.66967
1.69554
2.01983
0.193526
0.519365
0.58079
0.813285
0.272138
0.245404
1.99464
0.620043
1.04048
0.550119
0.16717
0.963894
0.183445
1.97668
0.55646
1.72251
0.875496
2.21491
0.524575
1.03166
0.183142
1.14986
1.22177
1.30913
1.7742
1.44352
1.86826
0.3502
0.818457
1.04346
0.634203
0.0980463
0.647403
0.20492
0.231621
1.40501
0.815203
1.30544
1.56973
0.513015
0.295007
0.519091
1.01881
0.777328
0.59456
0.979218
0.806354
1.80364
1.50992
1.6705
0.544783
1.78683
0.620128
0.623519
1.44119
0.66582
1.26356
0.883031
0.464401
0.496542
1.12688
0.247934
1.71404
1.96628
0.355953
1.60631
0.580397
0.216331
1.77101
0.301184
0.134939
1.08204
1.86516
1.29213
1.3056
0.160006
1.05551
1.52032
2.10198
0.367061
2.74338
1.19953
1.33695
0.359969
2.49202
0.49065
0.605851
1.12357
0.0803708
0.666906
0.07956
1.00694
0.963301
0.543778
2.1685
1.16979
0.658133
2.27951
0.149094
0.506277
1.76341
1.3575
1.08322
1.00152
0.86284
0.992209
0.3406
0.158316
1.03222
0.273204
1.65203
1.10358
1.81318
1.29172
0.457592
1.10669
1.0875
1.19489
1.41501
0.426594
1.51626
0.195875
0.729431
1.53937
0.694039
1.26091
2.03632
0.729179
1.01782
1.86058
0.470498
0.157877
0.911156
2.2042
0.620181
0.373315
1.91085
1.31605
1.55042
0.66923
1.40625
0.811988
2.62921
1.03681
0.454341
1.30031
2.23335
1.91456
0.80105
1.15073
2.97605
0.818269
1.67106
1.82272
1.47798
0.605862
1.53288
2.01176
0.193039
1.4257
0.62091
0.586497
1.61405
0.439881
0.238972
0.618193
0.0940611
0.684087
0.301133
0.436357
0.435334
2.12031
1.83935
0.682916
1.01435
1.11825
0.546256
0.460718
0.55498
0.483398
0.89352
2.91572
0.160965
0.256838
0.440858
0.530192
1.09006
1.44965
1.36943
1.67463
0.521567
1.31282
0.477839
3.47861
0.152529
0.705317
0.499865
2.57521
0.228676
2.49585
3.87938
0.915797
1.34066
0.97576
0.565306
0.998463
1.15308
0.459626
0.772818
0.461348
0.158095
0.713872
1.10925
0.613642
1.15444
1.09039
0.890569
0.385148
0.660214
1.30626
0.263194
0.484299
2.07018
0.656722
0.454454
1.10965
1.00215
0.609918
1.13221
0.596626
0.990202
0.270829
0.0645866
0.651822
0.609009
2.23045
0.292793
0.983875
1.09399
0.715953
2.09083
0.831271
0.692887
1.88326
1.36887
0.513348
1.0079
0.888549
0.729172
0.496853
0.979354
1.22197
0.981982
0.409381
0.722613
1.39635
0.627049
1.87504
0.515773
1.06506
0.815752
0.418668
0.225979
0.649829
0.189965
1.76916
1.01817
0.196695
0.814911
1.28451
0.622679
0.818983
0.261993
1.30154
0.21519
0.18143
1.17658
0.849713
1.64518
0.447577
2.0633
1.44713
0.433006
1.61933
1.20523
0.65979
2.59162
0.273389
0.930884
1.80029
1.2998
2.88383
0.13244
1.23621
1.23439
0.789352
3.12316
1.32805
0.332386
0.672132
0.66811
1.44002
0.207486
1.14135
0.422152
0.180737
0.325078
0.144035
0.373367
2.45234
3.15464
2.46067
0.650032
2.5349
1.9088
0.607305
0.43453
0.409863
0.741035
0.429588
1.10706
0.0874032
0.733143
0.791943
0.46593
0.672262
0.950248
0.270392
0.494916
0.653143
0.411968
0.536253
0.453094
1.2897
0.659121
4.10257
1.30772
2.50298
1.12859
0.599679
0.416546
1.49918
1.11176
1.21321
1.37395
0.571596
3.02003
0.442291
1.65606
0.47969
0.236725
0.133781
0.81992
2.04629
0.887261
0.610923
0.25398
2.63165
1.18955
0.351019
1.54714
0.153581
0.993239
0.964494
1.29568
1.2161
1.0355
2.28934
1.60125
1.33551
0.811346
1.5901
0.294341
0.782123
0.504526
0.241383
1.6167
0.616515
1.05335
0.600817
0.212465
0.419066
0.43417
0.173199
2.55389
0.609511
0.986408
0.311872
1.93666
2.77224
1.60462
1.15658
2.15304
0.36689
1.30173
1.94619
0.471943
0.387468
0.624477
1.27598
0.845227
1.38533
1.00053
2.41961
0.653811
0.998468
0.953709
0.59367
0.708848
0.910108
0.274253
3.63215
0.605653
1.43851
0.865397
0.621146
0.884351
0.803509
0.345439
0.294009
0.298896
0.423398
0.649033
1.20386
1.1268
0.867545
0.921654
1.14776
0.947319
0.135804
0.433991
3.75962
0.864851
2.26367
0.601275
0.346839
1.0786
1.40161
0.255715
0.510517
0.416617
1.59403
0.299126
0.523738
2.0279
1.13296
1.61217
0.563146
0.443575
1.2517
0.979379
1.37371
1.08572
0.647027
1.67721
0.489538
0.897059
0.710328
1.16275
2.02597
0.866158
2.08048
0.405157
1.72927
0.322687
1.08369
2.14403
0.634499
0.728151
2.83562
0.628482
0.255544
0.103475
0.461043
0.534625
1.06972
1.97154
0.141468
0.500292
0.956765
1.68481
0.0717836
1.41631
0.341469
0.597286
0.697529
2.0441
0.631294
0.47797
0.66468
1.1761
0.472997
0.440804
0.591399
2.31824
0.479439
0.155758
1.07254
1.11765
2.46197
2.08308
0.557922
1.11819
0.971099
0.528233
0.198038
1.10971
0.44308
1.4532
2.28852
0.0935922
1.32208
0.381012
0.945308
0.665361
1.11162
1.0903
0.989991
1.4589
0.666619
0.650758
1.07832
0.606345
0.768041
1.07952
0.232899
0.857861
0.185472
0.266112
2.25327
2.08119
1.21883
2.70895
2.1003
1.19937
0.610083
0.60438
1.80048
0.939569
1.70047
0.753885
0.954097
0.583119
0.487501
1.05672
1.98076
0.662336
1.64727
0.508249
0.558323
1.15667
0.337524
1.45246
1.40683
0.429818
1.03143
0.661717
2.45063
2.02084
0.163285
1.63018
1.31897
0.970791
0.649004
0.251471
0.898925
0.271576
1.02747
0.891701
0.925392
4.60372
0.349617
1.32537
0.477722
1.77099
0.824257
1.81556
1.39674
1.00811
1.05183
1.4507
0.571699
1.52308
2.1222
0.366665
1.48505
0.300362
1.02717
0.250517
0.915117
0.0550663
2.5449
1.47466
0.946539
1.78923
2.43186
1.13608
0.350777
0.369818
0.822775
1.0215
1.42682
0.846243
0.560484
0.111557
1.24786
0.347741
3.57192
0.333382
0.700139
2.0534
1.35476
1.77943
0.641845
0.295728
1.03883
2.83276
1.28824
1.90497
0.247547
0.499073
0.634875
0.618777
0.291316
1.17962
0.333012
0.161721
0.371896
0.757826
1.76023
1.08957
1.39454
0.461456
1.45031
1.2271
0.33796
2.30954
0.35642
0.510242
1.01133
0.673212
0.802313
0.743007
1.35443
0.667141
1.14417
1.86105
0.955563
1.2238
2.19638
0.901706
0.0165943
0.44425
0.711355
0.418302
0.716441
2.56242
1.20857
0.92696
0.510916
1.18007
0.535426
0.906898
0.619162
1.12988
1.32671
1.76119
0.0848086
0.238715
2.45383
1.47923
0.589023
0.928069
2.41505
0.603279
0.733049
0.514771
0.89774
1.72985
2.34236
0.664825
1.15795
1.42349
1.15564
2.09157
2.24184
0.603908
0.573388
0.65034
0.821523
0.438702
1.55575
0.409791
0.313973
0.7956
1.21197
3.25348
1.17441
1.25469
1.40428
0.739185
0.234707
2.2828
0.237833
0.464553
1.5286
0.398263
0.77612
0.710284
0.190171
0.227533
0.305187
0.522408
1.06711
1.02429
0.830865
0.765924
0.526482
1.50899
0.442718
1.27299
1.80114
1.65466
0.373994
1.82888
1.2861
1.08895
0.754562
0.118536
1.6365
2.52337
0.410967
1.06688
1.18808
1.29253
0.319365
0.805202
0.267486
1.24048
0.656091
2.69715
1.06248
0.989907
0.211097
0.106121
1.2142
1.35683
1.28159
0.953897
0.565824
2.3424
0.0984288
2.08802
2.27884
2.06441
0.347616
0.43195
0.714079
0.4385
0.969693
0.960188
0.576278
0.595925
1.39735
0.796358
0.666115
0.214816
0.88696
0.875235
1.88165
3.2417
0.839543
1.23118
0.827843
0.369964
1.2561
1.21524
1.18939
0.760817
1.05033
0.404656
0.453652
1.29452
1.81448
0.121149
0.9783
1.34295
0.371412
0.859916
0.948417
1.43869
0.678322
2.11715
0.317884
2.16056
0.290222
0.464318
0.519246
0.0985439
0.982252
0.16886
0.667409
0.195913
0.578831
1.4513
0.890505
0.527897
0.302921
1.11337
0.420974
0.610202
0.454654
0.655708
1.74498
2.80166
0.556106
0.0625762
0.826399
0.553108
0.645333
1.283
0.224816
0.612639
0.30201
0.441444
0.736097
0.55553
0.875526
0.951999
0.432388
3.99454
0.537322
1.58756
0.390871
1.22177
0.164754
0.56374
0.974372
1.00325
0.447047
0.916119
1.42309
0.504339
2.198
0.779929
2.22331
0.461456
0.865453
0.728967
0.393642
0.96862
1.18428
0.394556
1.78948
2.93583
0.0444911
0.594804
0.514129
0.828003
1.81479
0.689866
0.644946
0.278898
0.768804
0.79874
2.69038
0.740227
1.41896
0.430369
0.266274
0.972184
1.83796
1.74533
0.906078
0.707842
1.05346
0.569115
0.623288
0.875439
0.280534
1.33187
0.911703
0.992863
0.755813
0.841968
0.461391
0.166901
0.884227
0.530685
1.1577
1.05051
0.171479
1.1115
1.02468
2.3961
2.29252
2.72469
1.21286
0.431355
1.53501
0.732257
1.69837
0.202647
1.94811
1.17267
0.887994
0.620956
1.57287
1.19844
1.19795
0.900835
1.05861
1.08146
2.15346
0.506093
0.388127
0.994503
0.150794
0.30928
0.227223
0.742945
0.652612
1.21805
1.13692
0.984021
1.28767
1.10342
0.735595
1.17227
2.04441
1.32644
0.538675
0.766396
0.705457
0.20893
1.00638
2.4278
0.950154
0.38569
0.504276
0.569609
1.10284
3.11827
1.20472
0.328998
0.935655
1.01546
1.77785
0.399517
0.593429
1.54763
1.49479
0.269951
1.27021
0.987188
0.763238
0.551961
1.13189
0.174716
0.383036
0.366975
0.335445
0.0654998
0.811093
1.27682
1.42411
0.684404
1.04241
0.692689
1.16955
0.351673
1.16694
0.0559375
2.42254
1.97207
2.08872
0.0263524
0.0718664
2.06129
0.691786
0.367883
1.27154
0.163838
0.536362
0.254046
0.240648
0.411174
0.710325
0.797281
0.488426
0.546167
0.931562
0.485534
0.411904
0.373628
1.50404
0.841073
0.560588
0.7728
0.887706
0.767456
0.373308
0.679128
0.1834
2.25475
0.705423
1.01405
1.05312
2.98761
0.652349
0.0736775
1.70247
0.535189
0.939248
0.456356
0.718709
0.672953
1.31582
0.109667
0.677628
0.750369
2.71783
0.236224
3.79354
0.475606
1.26756
1.02805
3.95901
0.882741
0.616739
0.719234
3.5918
1.20341
1.84321
0.165457
0.513095
0.314423
0.678602
1.72611
0.822846
0.77315
0.691504
0.706312
0.073516
0.841385
0.340698
0.992702
2.94512
0.287961
0.280532
0.589443
0.32539
1.95323
0.981472
1.43205
2.33758
1.06488
0.301646
0.985128
0.93065
1.9402
0.314424
0.473802
0.0829158
2.60614
0.669168
0.107724
0.722848
2.61054
0.969219
2.76877
0.246251
0.659718
0.761847
1.24983
1.69459
0.749797
1.14896
1.15199
0.618807
3.7268
0.63772
1.27451
1.17834
1.31882
1.29664
1.52097
0.183748
1.44287
1.04264
0.499892
0.860328
0.350646
2.49292
1.801
1.68597
0.858375
0.241525
1.10914
1.43945
1.70479
0.675054
1.94516
0.613377
0.784705
1.71359
0.556954
0.272531
0.740355
1.40374
1.36814
0.285799
0.886466
1.71571
2.7478
1.42516
0.824174
0.227376
0.812727
2.10888
0.855828
1.14969
0.015487
0.367918
0.740036
0.227571
1.14389
0.653222
1.87609
0.820159
0.59325
0.776191
0.19151
1.14043
0.321407
0.356188
1.25425
0.902398
0.415871
1.52787
0.287153
2.11705
2.60006
1.1878
1.09619
0.456447
0.576773
1.72618
1.13498
1.88335
1.3219
0.563241
0.619865
1.71217
0.725972
1.07233
1.16299
0.8032
0.585789
1.41634
1.38526
1.87388
0.471142
1.45044
0.454634
0.0982157
0.725306
0.404125
1.74891
0.425346
1.54747
0.791882
2.6127
1.54518
2.51589
0.272313
0.212637
1.02806
0.76557
0.195957
1.02386
0.514431
0.898164
1.14202
1.98645
0.182831
1.60547
0.664177
1.63106
0.780404
2.28501
0.812831
1.22242
2.08807
0.501661
0.18777
0.814479
0.522549
0.164248
1.44069
1.05342
2.06964
0.340406
0.437311
0.0988786
1.018
0.202971
0.919386
0.222698
1.05031
0.347095
1.24623
0.260798
0.991729
1.53227
0.844341
0.399576
2.49041
1.95539
0.439953
0.519178
2.69495
0.895646
0.876896
0.343515
1.46609
0.531562
1.77566
0.99146
1.37506
0.442393
1.14418
0.496909
0.0778925
0.58578
0.99894
1.2905
0.688079
0.446957
0.655646
0.885978
0.743022
0.670401
0.0563154
1.64764
0.0472328
0.50512
0.247173
0.240082
1.56687
0.91916
1.2091
1.21641
0.805441
1.01142
1.86679
0.565035
3.32697
3.13115
0.645273
2.15206
1.22206
1.53351
0.64024
1.21996
0.990095
0.603548
1.69665
0.311035
0.995441
1.28706
0.343256
0.753953
0.179106
2.1593
1.20749
0.20515
1.39516
0.961615
0.0666645
0.403908
2.55923
1.56763
0.547308
0.730031
1.5068
0.225712
0.33587
0.298226
1.43786
0.587075
0.411441
0.319604
0.328485
0.603545
2.81729
0.5327
0.45448
1.04976
2.33888
0.179915
0.349381
0.634869
0.974603
1.17976
2.04031
0.408011
0.579815
0.924655
1.99654
0.380991
0.513739
1.79174
0.291367
0.804352
0.588445
3.8663
0.815496
1.6558
1.03769
0.470047
0.540003
0.755831
0.772841
0.166316
0.326073
0.865758
1.36693
0.89607
0.978381
1.95492
0.249106
1.09207
0.502071
0.621686
0.574541
0.728832
0.301873
0.843957
0.181039
0.386149
1.86183
0.0926564
0.458985
1.50458
1.07901
0.824433
0.603086
0.708096
0.500326
1.82816
0.609289
0.655369
0.938233
1.47421
1.06221
0.391494
0.947695
0.650525
0.443398
0.72941
0.456545
1.54199
1.49626
1.09493
0.665007
0.372443
0.24509
0.844904
0.957904
1.16364
1.00771
0.928523
0.362115
0.464355
0.90796
0.40218
1.10933
0.663987
0.273445
1.69568
1.25294
0.809709
0.701727
1.4177
0.642275
0.869868
0.361515
0.117397
0.929335
0.164625
0.330518
0.787581
0.683102
1.28851
2.03438
0.521458
0.118353
1.64273
0.203285
0.824456
0.513986
0.919488
0.291192
2.50772
0.638678
0.483464
1.32562
2.17641
0.647827
2.83743
0.470409
0.322845
0.821015
1.27915
0.381061
0.968888
0.539217
0.767641
1.1865
0.630426
0.190749
0.336911
0.237103
1.5106
1.26895
0.720503
1.36403
3.31821
0.46166
0.975023
0.204198
1.18993
0.26763
0.837568
0.665842
0.710644
0.674862
0.481385
0.163475
1.14471
0.367016
0.721754
2.60276
0.315145
0.495507
1.22022
0.503654
0.841527
2.71219
0.471304
1.49333
0.46799
1.67944
1.59655
0.484082
1.6315
0.194477
0.416038
1.98905
0.970705
1.28881
0.796958
0.0611523
0.404002
2.35036
1.23856
0.791107
0.745534
0.548151
1.41565
0.684126
0.759139
1.19685
0.477413
0.413193
0.728396
0.931114
0.963203
0.681332
0.423793
0.498017
2.08642
0.380522
2.80372
1.59612
1.12145
1.343
2.28468
1.20776
0.9616
2.5346
0.0469765
0.950761
0.748709
0.709015
1.5182
0.444732
2.98849
0.668159
2.03326
1.56118
2.22355
2.44488
0.775785
1.00804
0.0427397
0.202314
1.112
1.98814
0.348577
1.82574
0.204261
1.68176
1.12862
0.796893
0.103747
0.204512
1.46259
0.666633
1.33494
0.824477
0.265763
0.749772
2.49936
0.572657
1.06343
1.53109
0.273287
1.96122
0.600436
0.274164
1.98679
1.71315
0.749744
1.6831
0.415649
1.74197
0.0847278
0.842807
0.642263
0.480816
3.39019
0.0708306
0.493888
2.19503
1.11573
0.354791
1.36061
0.383803
0.524054
0.614696
0.15564
1.1703
1.28743
0.392648
1.1722
0.858763
0.104687
0.552619
0.314053
0.241328
0.446851
2.25612
1.20216
0.288665
1.27439
0.309603
2.06738
0.986044
0.693008
1.52048
1.18941
1.01701
0.561665
0.626764
0.645589
1.26351
0.25694
1.36498
0.952079
2.28154
1.37725
0.0703609
0.951271
2.14122
1.34256
0.947909
1.26937
2.16089
0.303792
0.35812
0.101608
0.822146
0.533345
0.157718
0.64898
3.98022
2.02981
1.80599
0.717788
0.78868
0.177599
1.60672
0.505448
0.447347
2.67865
0.674656
0.890402
0.847669
0.343317
0.497367
0.452863
1.00813
0.0896205
0.0644618
1.97043
1.53319
0.170914
0.51056
1.6329
1.95308
0.698468
0.254932
1.13865
0.0281681
1.09078
2.53827
2.50306
0.254111
1.19352
0.57221
0.791295
0.262948
0.196927
3.14733
0.467682
1.62827
2.64191
0.723499
1.42411
0.794336
0.469031
0.912812
0.484667
0.0517936
0.60677
0.461527
0.494662
0.472951
0.365768
1.12609
0.491729
1.66488
1.46399
0.376776
0.45873
0.084813
1.71891
0.504699
1.15025
3.04983
0.528108
0.633377
1.757
0.324391
0.776759
0.428101
0.41164
0.425705
3.08803
2.67978
1.2365
1.13413
1.18932
0.450138
1.18761
0.700637
0.925439
0.299997
0.44195
1.43463
0.970905
0.939846
0.990987
1.64787
0.771633
1.86873
0.494357
0.492511
0.76267
0.849152
1.09279
0.465272
0.532552
1.03121
0.172958
0.565952
1.97973
0.895277
1.27842
1.10904
1.80357
1.8703
2.44017
1.71714
0.932221
2.47367
0.727045
0.547425
0.314179
0.368236
0.878135
1.11612
1.35957
0.625257
3.0501
1.7984
0.968513
1.42603
0.858517
0.713029
1.46741
0.535972
0.316177
0.473657
5.24017
0.326883
0.194882
0.301926
0.0993005
0.192707
0.778217
0.59313
0.548572
0.492283
1.43482
0.782778
0.768372
0.877641
1.3828
0.274716
1.4272
0.759549
0.593126
1.74146
0.727803
1.68299
2.04802
1.41957
0.331172
1.25985
1.28557
0.227517
2.33315
0.261565
0.464553
1.98386
2.05206
0.350313
0.422835
1.33882
1.4243
0.701931
0.377509
0.173491
0.745747
0.257508
2.71846
0.852249
0.90534
0.18939
0.67424
0.588215
1.70116
1.80794
1.26046
1.92952
0.481153
0.619088
1.02119
0.142021
0.299037
1.20588
0.220744
0.691482
0.325909
1.15662
0.744102
1.94086
1.77687
0.897377
0.266526
0.0846781
0.588072
2.67568
0.323784
0.763302
0.496177
0.542536
0.338535
0.794108
2.33328
0.46839
1.0366
0.524102
1.54406
0.331907
0.64115
1.86952
0.74138
0.610413
0.335719
1.33514
0.553019
1.40421
0.504044
0.666612
0.303404
0.200158
0.636927
2.00032
1.80986
0.331422
0.207528
0.274153
1.63552
1.37434
0.569427
0.253707
2.93857
0.19212
1.29487
0.451797
0.168549
0.702819
1.34877
0.114504
0.629998
0.346781
1.20634
2.99258
1.38084
1.08524
0.831661
0.0482327
0.133403
0.778958
0.670434
0.339204
1.35344
0.259378
1.32793
0.346869
1.10606
1.48091
1.36743
1.81341
0.547414
0.661853
1.21291
0.410892
1.4204
0.907921
0.511984
1.323
0.600459
0.981162
1.01434
0.711869
1.92466
0.814187
0.785321
0.504851
1.69906
0.703605
1.0788
1.07117
0.932054
0.694173
0.889584
0.834095
0.661203
0.613236
0.380311
0.66396
0.388681
1.4833
0.628976
0.710384
3.03773
0.832749
1.30289
1.40807
2.21554
4.13747
1.7263
1.35268
0.0908928
0.448544
0.857018
0.488188
0.712664
1.358
0.306083
0.115269
1.04007
0.748805
2.42791
0.721221
1.37138
0.726649
0.500381
0.20722
0.674305
0.742581
2.00856
0.862121
1.03891
0.44851
2.63266
1.36838
0.0328047
1.21708
0.432216
1.3817
0.775195
1.51545
1.48269
0.933086
1.05622
0.583622
0.979251
2.60248
0.879418
0.311855
0.932446
2.85785
1.61583
1.02382
0.648246
2.64385
1.105
0.277454
0.62924
1.41271
0.235033
2.44189
1.16332
0.243902
0.861604
0.39197
1.43793
0.2957
0.346445
0.580864
0.952429
0.559415
0.244686
1.96305
1.74988
0.716346
0.362801
0.646229
0.445991
0.465411
0.307337
0.969926
1.61911
0.323065
1.11504
1.43905
0.194965
0.832837
0.863547
1.41284
0.585095
0.345084
1.50151
1.80517
0.783104
0.456311
0.712801
2.6654
1.31044
0.479149
1.80577
0.708408
0.307176
0.334215
0.245302
2.28212
0.229363
0.926898
0.514041
0.622488
0.838452
1.73211
1.62204
0.46694
0.45672
0.472097
0.0428209
0.863099
2.35107
1.91874
2.0494
2.32557
1.18113
1.32961
1.08387
3.28845
0.348558
0.561124
0.338583
1.29534
1.3559
1.47536
1.24187
1.30342
1.97355
1.1557
1.42379
0.866761
3.91484
0.169384
0.734441
0.205182
1.12731
0.506436
1.54584
0.369111
0.447506
0.947871
1.23991
1.31741
0.0728759
0.820455
1.97783
1.32658
1.33295
2.49313
0.0344075
0.207232
2.27748
0.400831
0.514413
1.92469
0.562602
0.865189
0.748582
1.03031
0.39623
2.6274
1.29279
1.13371
0.308924
1.06386
1.39116
0.133548
1.3084
1.09074
0.373429
0.917444
0.99896
0.17877
2.40333
0.535678
0.456101
0.119574
0.701633
0.534307
0.739127
1.55677
3.08976
0.846243
0.535685
0.738181
1.5563
1.09173
1.3549
1.14285
0.884999
1.64925
0.536273
1.3185
0.243294
0.954017
0.111596
0.782416
0.825139
0.973337
0.934775
0.46479
0.718121
0.519016
0.181799
1.74788
0.332908
0.799878
0.333168
1.17351
0.280873
1.05594
1.06391
0.839174
0.832749
1.57484
2.01413
2.22659
1.699
1.57584
2.67484
0.557982
2.57955
0.98774
0.694303
1.31576
1.4075
2.31735
1.06379
0.991541
1.39526
0.916133
0.646688
0.255046
1.78212
1.8259
0.788716
0.237183
0.465317
0.787579
0.308546
0.908621
1.45057
0.406285
0.545304
0.190505
1.07665
0.418024
1.11264
0.259876
0.8288
0.960739
0.699787
0.604177
0.278495
1.82624
0.500244
0.432609
0.747689
0.371465
0.576321
2.03613
0.807461
1.6946
0.26028
1.10616
0.659747
1.97992
0.504549
0.947636
0.500702
0.329627
0.488734
0.323088
0.441374
2.25712
1.14981
0.996617
0.688263
0.428561
0.565078
0.310804
1.83703
0.709014
1.55459
1.1916
0.395178
0.530398
0.345574
1.06237
1.32322
1.10019
1.68021
0.940149
0.651214
0.768102
0.959016
1.89309
0.905621
0.276242
0.0781152
0.889453
2.10524
1.39275
0.185247
1.67456
0.341548
0.577187
0.420063
2.3837
1.30218
3.4712
0.057067
3.85105
0.69101
1.35158
2.83515
2.154
0.431177
1.12837
1.05663
0.85223
1.20746
1.22985
0.850155
1.78825
0.514221
0.402837
1.66281
1.93553
0.651427
1.3457
0.552657
1.19344
0.906589
1.82407
1.55969
1.08003
0.520796
0.957751
0.852448
1.48044
0.124926
1.75084
0.483074
1.03347
0.695006
1.88771
0.509594
1.16988
0.246705
0.872504
0.425567
1.23412
0.393764
0.224127
0.50527
0.710431
0.540373
0.444839
1.42687
0.36248
3.52088
1.0174
1.47091
0.587977
1.09248
0.180422
0.342689
0.905667
0.814915
0.854973
0.851523
0.412799
1.19618
0.303666
1.6693
2.07449
1.1595
1.75835
2.76076
0.682905
0.307687
0.761026
0.771915
0.764272
1.38925
0.416591
1.42938
0.895598
0.858564
0.999472
0.584718
0.376337
0.407774
0.925902
0.939405
1.19012
0.479353
1.52471
0.126808
3.35919
1.45242
0.496261
4.73023
1.89068
1.41843
0.295802
0.920074
0.131712
0.562114
0.253782
2.06305
1.25312
0.302089
0.683446
1.48665
1.42594
1.45659
0.878346
0.24492
2.31193
0.60089
1.33415
1.67124
0.566538
2.21503
0.458021
1.58167
0.941037
0.0481712
1.11193
0.195258
1.78445
0.234356
0.271733
0.15108
0.511136
0.310021
1.28504
1.02376
0.67279
1.22603
1.77102
0.63313
0.212379
0.450701
1.44119
0.131708
1.88984
1.371
0.313481
0.862067
1.53882
0.526243
1.7532
0.592793
0.325486
1.67643
0.202173
0.946138
1.09664
0.251466
1.41465
4.05878
0.645672
0.432379
1.77906
2.43924
0.883819
0.894187
1.19951
0.400101
0.326473
3.19826
0.39846
1.2282
0.985065
0.266671
1.60846
1.01572
0.596207
0.853434
1.72994
0.9248
0.503263
1.74543
1.01243
1.55271
0.449241
2.15092
0.385763
0.891997
1.76973
0.841854
1.2255
2.07152
1.00458
1.1795
1.04768
0.404025
2.16596
0.697587
0.244536
1.28082
2.37057
0.644369
1.09334
0.0875587
1.4636
0.760962
3.32492
0.964146
0.102171
0.910731
0.811536
0.138858
0.372552
0.299299
0.694158
2.08449
0.166314
0.483361
0.249689
1.1508
0.77826
1.4339
1.2859
0.920392
2.79512
0.440927
1.5261
0.707759
0.160229
0.45351
0.716934
0.610426
0.922987
0.265748
0.646829
0.800689
0.0616713
0.389431
0.50249
0.672464
0.524989
0.636128
1.49825
0.587074
1.11656
0.681713
0.455592
0.955555
1.37777
1.70763
0.158473
0.8524
0.839893
0.284596
0.309628
1.93465
0.742108
1.88175
1.30505
1.05829
2.10314
0.766543
0.419376
1.58525
0.892731
3.22791
0.629775
0.0284653
0.830822
1.77025
1.40171
0.417227
0.74432
1.73285
0.856797
0.558066
0.572921
0.217691
0.456601
0.650368
0.75535
0.324354
1.32531
3.00758
0.401841
0.970222
1.01473
1.00761
1.08193
1.16298
1.57457
0.564471
1.56503
0.498762
1.66323
0.79367
2.55899
1.10376
0.222602
0.247382
3.3572
1.29348
0.386544
1.11569
1.13108
1.01273
0.953321
1.01949
0.360909
0.196741
2.16234
0.166598
0.869178
0.359832
0.389334
0.424738
1.83782
0.569596
0.35526
0.606663
0.447001
0.391347
1.31846
0.340436
0.930417
0.228668
0.4251
1.23397
0.277062
1.09004
0.608699
0.82481
0.91319
1.07754
1.15869
3.18939
0.199019
0.239018
0.0481233
1.09088
2.14124
0.139616
1.34131
0.969302
0.728337
0.985901
0.606845
1.1536
0.658237
2.08876
0.256541
0.120074
0.652274
0.362816
2.2364
0.44861
0.399232
0.479643
0.398085
0.814703
0.865288
0.155749
0.491888
1.00766
0.858722
1.11196
1.23011
1.20817
1.92992
1.25576
1.37229
0.0724229
0.0478057
1.13466
0.502422
2.24645
1.40106
0.486095
2.16597
1.78561
0.587631
0.927324
0.467731
0.361249
0.520846
1.94751
1.11968
2.40585
1.42544
2.3518
1.31941
0.61219
1.15732
1.93318
0.248521
0.349862
1.05006
0.492514
0.659326
1.15795
0.788688
0.876665
0.205402
0.27351
1.35132
0.644129
0.394827
0.291625
2.14965
0.338438
2.59244
0.042118
0.971527
0.529946
0.476853
1.212
0.919338
1.54772
1.28866
1.61367
2.7827
1.6203
0.639697
0.502319
0.638059
0.790589
0.823351
3.04111
0.293535
1.10891
1.3036
1.59514
1.11236
1.37438
1.20761
0.922247
0.104613
1.49566
1.23167
0.821699
3.04039
0.719397
1.33399
1.01382
0.494178
1.33381
1.3326
0.675808
1.04998
1.9109
0.440879
1.06508
0.422042
0.895537
0.837514
0.836867
0.289684
0.0193893
0.14419
0.255907
1.20119
1.62005
2.67027
0.906479
1.54067
1.44833
3.47967
1.66234
0.378336
0.355823
1.10991
2.39199
1.01765
0.312036
2.34081
0.887999
1.57149
0.862267
0.249518
1.95244
1.11863
1.66313
0.226698
1.48794
0.673999
0.897335
0.341344
1.08479
0.422796
3.42946
0.478972
0.493243
0.499673
0.704871
0.696775
0.439819
2.193
0.0858537
0.555319
0.443787
0.946674
0.442731
1.37687
1.89329
2.22262
2.05303
2.78749
0.074014
0.0458792
0.365213
1.39464
1.07402
0.720383
0.999189
1.12117
2.78032
1.07168
1.09304
2.22763
2.69454
0.730852
0.309879
1.25249
0.379658
0.430644
0.958822
0.728831
0.622154
1.69976
0.964196
1.11969
1.55857
1.28082
0.577805
0.716286
1.17327
0.85993
0.91833
2.20459
1.8022
0.943642
1.10503
0.488021
1.78226
1.48169
1.30826
1.61359
0.297165
0.304088
0.0970326
0.34603
0.362411
0.79334
0.921598
0.910074
0.563708
1.19359
1.96929
0.789711
1.25443
0.252923
0.799172
0.67619
1.70971
0.575211
0.454833
1.83474
1.43037
