2.36683
-0.527257
-0.404264
0.100982
0.304478
-0.319646
-0.659629
-2.69936
-3.39276
15.0718
0.251352
0.0931042
-0.120282
-0.921923
-3.32186
-0.800429
-1.58014
1.20333
1.64354
-2.82179
1.32617
4.41502
-31.8301
-11.0739
1.06974
-0.28234
0.674982
0.0359878
-2.14915
-0.23087
-2.05514
10.0234
0.0614242
-57.6058
-1.54849
0.834553
8.21834
0.803098
-3.02252
1.94791
-0.253708
-4.51772
0.507954
-12.4783
12.8699
-1.58408
-1.26415
0.0448448
-0.731899
-1.34654
0.0759051
-1.74465
-0.429769
-1.01001
-0.200473
0.486508
0.58128
0.76672
0.487718
-1.02612
1.49642
1.13314
-2.6481
0.767868
-0.134477
3.2465
-0.104982
0.310828
0.383297
-4.65727
-0.483411
-1.96781
3.75836
-1.6566
0.202337
-2.17502
0.374112
0.173404
0.774993
0.426856
-0.158865
-0.884292
-1.16958
-4.601
-1.55095
-2.26523
-0.308193
0.519477
-0.128181
-0.582382
0.759175
1.07471
3.11108
18.7641
-1.82872
0.875656
-0.425632
-1.4791
2.85945
-0.880541
-0.304609
-0.838305
0.882292
1.3075
0.298889
-0.813903
1.14149
19.0331
0.599256
0.14822
0.808352
5.47251
0.811318
0.235457
-2.35568
1.95327
-5.01064
39.4119
-0.58971
0.394175
-0.171297
-1.13703
0.418607
1.28441
-0.0809545
-0.940282
-9.66469
-3.06534
0.470925
0.599145
1.99196
-0.207102
-21.0283
-0.588738
0.897404
-0.359048
2.23211
0.293805
1.3655
0.0205898
0.670579
-0.564251
-1.19543
2.26649
-0.417182
-1.87414
-0.892667
-0.428183
0.30106
0.178311
10.2699
-1.58954
-1.37957
0.303983
54.7197
0.731195
0.379925
-0.454819
-1.47867
0.428472
25.1217
0.509947
0.307344
0.395759
0.195915
-0.515203
3.46182
-3.41705
2.4496
0.644267
1.38803
-0.197461
-4.13505
-0.570951
-1.20854
-5.27815
0.560111
0.174136
1.95757
4.53743
5.98863
-2.29225
1.23168
3.15393
-2.21658
2.21045
-3.05278
-0.992192
0.262259
1.74504
-0.75526
0.180297
0.289605
-1.36446
0.456342
-5.71166
-1.29507
1.4752
0.277543
5.30172
-0.245686
2.50282
-1.54361
2.03203
-1.00356
0.249289
0.709726
0.36175
0.000117214
-0.0360303
3.09144
-0.499572
0.210975
-3.12933
-3.89575
-1.71211
1.65589
-0.932735
1.8845
-0.53434
0.48671
1.05728
-0.11974
-0.110863
0.187257
4.55104
-0.293554
-0.823915
-7.43261
2.30167
1.36772
-3.44685
-0.126761
-0.100578
1.02971
14.6393
-1.26101
8.40691
0.302649
-1.6089
-0.479526
-1.31993
4.75156
0.955195
-1.36608
-1.03157
0.785624
-0.328902
-0.338951
-2.61293
0.341175
-0.536047
-5.99032
-0.426419
1.53861
1.68312
-0.588182
-1.53408
3.1987
-2.69582
-0.107754
-1.45614
-0.38979
-0.0886086
-7.25483
0.478574
-0.692631
0.913168
0.0170734
-4.26742
-0.0959999
-0.262989
0.867605
-0.428291
0.543961
0.580278
-0.0489316
-1.18597
-1.28617
0.936577
-4.22277
0.748989
-0.858805
-1.86786
1.16566
-1.24334
0.904912
-1.49301
-0.637695
9.55662
-0.650432
0.126403
2.55114
-7.92573
-0.113286
4.65052
1.18724
9.06199
0.798224
1.06401
-0.660249
-0.518709
-1.15153
158.113
1.11741
-1318.36
0.311234
-0.0516542
-0.938209
-13.8786
-0.326774
-2.4088
-0.58724
-0.199367
1.03692
2.47665
1.49594
-1.7993
-0.244567
0.409835
-1.10998
1.72065
1.62095
-4.35005
-0.428783
4.73295
-7.45574
2.44281
-0.304498
-2.9802
3.1637
-0.948939
-4.05678
-1.06157
-14.6081
0.274238
0.924851
0.342825
0.215895
-0.424597
-0.251014
0.350067
1.11231
-0.659994
-0.529174
1.15249
0.0485075
-2.06343
-39.7285
-1.16274
0.240094
-0.0387136
-0.323322
-0.523308
0.491305
-1.91518
-0.0725782
0.0239883
2.82522
0.957591
4.71413
4.08668
0.117857
-1.58635
0.78597
-11.3613
0.477731
0.349559
-0.93916
1.42292
1.30669
0.866499
0.960284
1.81031
4.67936
-0.895844
-1.37768
1.29221
1.35003
-0.310499
-44.0631
0.991482
-0.782646
-0.118699
1.78085
1.62781
-323.912
2.23083
-1.82978
-0.28205
0.68869
-11.1726
-0.515334
-0.799554
-0.632964
0.285197
-0.790369
0.992132
-0.502433
80.1759
-0.524623
0.765155
-0.483403
-2.1124
0.182106
-1.7078
2.40013
0.961665
-0.841824
-5.53937
0.339901
0.396488
1.36688
-3.14156
-2.06231
0.423491
-0.507258
1.13658
-2.55526
-0.843154
0.952221
-4.91238
-0.0764618
-0.151174
-0.565358
0.860708
-0.448555
0.909288
-0.112685
0.120015
0.0893362
0.908863
-0.835271
-0.417133
0.0420928
-10.904
0.622145
-0.0812111
1.02253
0.0969513
-0.02723
1.52298
-7.12473
0.750147
-6.17594
0.639995
0.389408
1.7443
-0.643725
-1.83894
-0.0223913
2.64813
-0.211898
-0.220117
2.13701
-0.9463
-0.938449
0.235194
0.605649
0.342508
-0.931548
0.168142
-0.0174021
43.374
0.768351
-2.57131
-3.1914
-1.58774
-0.703588
-17.9012
0.470648
-0.492109
1.01617
-3.36242
-1.55432
-4.51344
-0.740083
1.29371
0.813888
-2.59731
-1.08084
0.604797
0.553483
-9.60577
-1.99476
0.926087
-1.20612
0.852431
-0.186105
-5.57322
0.144083
-0.736642
-27.9766
-1.4939
-2.94197
-5.72753
1.97301
-0.139618
0.646593
-48.3988
20.6821
3.80165
-0.078964
-32.0305
36.9329
0.644475
-1.42647
0.168589
1.83688
-0.439457
3.95703
-0.912966
0.191535
-0.565122
1.90021
-0.21065
0.394477
-0.346399
0.399241
-0.306393
74.5314
-0.211822
1.44953
-0.514362
-1.83744
-0.252364
0.189216
4.49357
1.93702
0.74876
0.576446
-1.02631
-1.1926
-0.142363
-0.599865
2.74524
-25.1959
2.76256
-0.573677
4.92651
1.79292
-1.89811
0.552239
-1.05717
-0.405931
0.482053
-21.7629
0.200283
0.874993
-1.25157
0.738963
8.20004
17.7507
-0.406231
5.59291
-2.90373
-0.4254
0.417333
1.62061
-0.23337
0.727203
0.0796604
8.34379
2.93597
2.28204
-6.78875
0.720528
-0.606463
-0.092265
-3.27629
-9.35886
-6.08234
1.45475
0.70294
27.5471
-6.22766
0.0325596
-1.97319
-2.32691
-0.413144
-0.66015
-0.0317599
0.375052
2.61553
17.3528
0.655599
0.907677
0.78981
-0.874552
-0.765673
1.02534
0.375569
1.40819
18.618
-0.15164
-0.105958
-3.87672
-1.99517
0.180769
-0.420034
-1.23991
5.45086
-3.26812
-0.751913
-0.997801
0.319187
-0.49384
2.7939
0.398405
-1.36945
0.946386
1.143
0.509591
-19.2095
2.88379
-0.570086
-1.52596
4.27868
-52.3258
2.03337
-0.41651
0.911538
-0.543492
0.404616
9.84425
1.63192
-0.187644
1.30685
0.0149046
4.60942
6.72338
-1.59203
-2.00709
-0.757555
0.667971
-20.2411
-0.711407
0.235398
-1.52187
-1.12391
4.13841
-1.24163
-4.45334
-1.68273
0.260554
-0.974098
0.526733
0.59855
-16.5144
0.447437
-1.03759
-2.06482
8.94098
0.0657922
0.440786
-2.01705
1.14987
0.981564
-0.846155
2.09485
-1.07627
1.61802
-7.15163
0.573636
2.46421
11.3153
0.0101091
1.43863
0.717039
0.404287
-38.2815
2.00181
0.137289
-0.491103
-0.0746043
0.509717
0.885108
-4.35157
-0.822866
-5.92138
-6.96277
-3.04392
7.36842
-0.826373
-3.46341
2.63122
-1.40143
0.485488
0.303022
-0.843137
0.603009
-0.275783
1.13203
-6.36251
-6.38926
-1.27767
-4.75558
1.30769
-4.07438
1.62958
-3.93478
2.32482
2.0516
-0.569583
-0.434939
-1.16822
2.09541
0.996744
-6.13105
-2.64019
0.0777849
1.07865
-0.498243
-0.993276
2.6599
-0.943374
-2.63683
0.204043
-1.50551
-3.22449
-1.19674
4.68473
-8.90326
0.137353
-1.3986
0.421035
0.265849
0.460317
0.533276
8.22245
0.297358
11.1887
-0.112865
0.968631
0.656828
1.1998
0.37427
0.496395
6.61701
-2.66108
0.818265
-0.583
1.49313
-0.795017
3.3529
-1.64891
2.7054
-1.3442
-0.467892
-13.9215
-1.35104
2.99337
0.729961
-0.205816
4.02225
-0.780492
0.183333
-0.0154312
0.561889
6.86111
0.46537
-0.7905
0.337951
12.6427
0.285012
2.00778
-0.565285
5.35637
-4.22354
4.22085
6.53968
0.37882
-2.30587
1.97309
0.499347
-0.340693
-4.07435
5.29874
-0.261534
1.1766
0.735892
0.894435
-3.56742
-0.668843
1.31227
1.84759
0.173211
-0.21728
1.96772
2.36294
-3.42218
0.0951483
-1.44237
-0.658841
-0.442978
0.736764
-3.31959
19.049
-2.15017
-2.9411
3.67552
9.61677
0.469594
0.984557
-4.65199
-0.0692876
-0.0396467
0.736488
-0.211885
-0.808557
0.123876
6.74422
0.314981
-6.69056
0.995419
0.192075
0.289373
1.11821
0.24995
-2.39039
0.888951
0.384479
-0.410305
-0.192367
0.163257
-3.5887
-10.36
0.92026
-4.64798
-2.64016
3.82378
0.0334242
-4.02749
0.734527
-2.53794
1.51073
-0.326214
-9.00892
-0.525239
-0.131861
0.0157676
-1.05842
0.39556
-1.42523
0.567878
2.44927
0.0217069
3.3045
0.873094
0.501158
-0.183363
-0.0931121
290.611
-0.977814
-1.59507
0.553447
18.8526
0.67157
0.508507
0.733598
2.33789
0.651433
-0.443462
0.646728
-0.618112
0.201421
-0.0442254
0.569309
-3.83036
-1.66756
0.414864
-0.533371
0.657796
0.937709
0.476754
1.43317
1.46946
-0.921445
-1.16424
0.430326
0.215307
2.28871
1.46074
-0.249359
-11.4244
-9.6766
-4.72081
-0.974842
-0.598479
-0.256394
0.494874
1.03601
-0.217477
-0.638051
0.180721
0.105036
-3.74397
-0.323529
-0.552397
-0.576943
-6.58321
-5.84788
0.0148875
0.507563
-1.15452
0.399655
-1.24404
1.3052
-0.497104
1.87384
-0.797961
-17.8229
1.14964
-5.77287
1.4276
-1.73301
-1.40827
-0.348296
-0.14354
-0.128164
-0.269569
1.65188
-0.307716
1.81093
-0.00579917
-0.78977
-13.242
-8.15584
0.750038
-0.890628
-0.331798
1.12971
-0.282986
0.99706
-1.09313
-0.76684
-0.10937
4.43725
1.4379
2.0686
5.03151
-1.6424
8.03193
5.58925
-1.13535
-0.502936
0.0400011
1.28876
-3.31336
-0.594253
0.389838
0.258733
4.14625
-0.0659303
0.492347
-1.1698
-12.7624
-3.21958
-0.544003
0.170411
0.198171
-23.3596
0.616717
-3.10406
-4.4256
-1.72128
-4.08393
2.09458
1.06718
1.88565
-3.22418
-0.333761
0.578418
-0.0315415
-0.296852
-0.54831
0.200154
-44.9593
-36.4899
0.361725
0.695828
0.277712
-21.9058
-1.61305
1.72118
-36.2407
-0.0820529
-4.58322
-0.836095
0.256408
-0.461001
-0.148646
-4.93741
-0.232421
-0.831977
-1.63296
1.18289
-0.229762
14.4018
16.3424
0.319666
2.13987
-0.0528768
-1.01645
-0.201175
1.37169
0.312989
-58.4336
-0.721739
-0.342484
0.429897
-0.0547216
-1.49616
1.87996
1.86259
13855.3
2.91583
-2.1286
3.199
-0.777551
3.48407
-0.0670984
0.00289887
13.7965
-1.09563
3.0024
16.0695
-4.30968
-0.0775395
-0.204088
-1.28964
2.25373
0.16969
-0.972842
-2.1698
-1.0726
-0.758417
-0.843628
0.105996
-6.78
-0.177027
-0.156905
0.24018
1.26234
0.394846
0.532938
-0.460577
-1.20447
-4.87766
-327.22
-0.0102023
-0.351209
2.4819
-0.197498
-0.0435669
1.39267
-0.564229
1.45213
-0.61038
-0.217134
3.3791
-0.581751
1.07427
-7.33586
0.616318
-1.37858
-2.36068
1.16186
1.3861
-0.251975
-1.31885
-0.885942
0.0634501
-0.949761
0.390886
1.11296
-0.491222
1.11132
1.02917
1.58758
-2.40341
-18.6088
2.61234
-1.23661
-0.604687
-3.00426
-1.9471
0.264904
1.12616
-1.891
0.507495
0.48804
0.235176
0.316667
-12.4011
-3.28364
-3.31394
-0.0890617
-1.74501
-1.23218
3.46416
-0.332228
0.169621
-0.295039
0.727829
2.00986
0.556722
1.56906
1.24496
0.195061
6.63167
0.543841
2.21291
-4.57641
1.70282
-5.82859
0.776536
-0.363978
0.257978
0.0579525
0.29398
68.029
1.39111
-2.12007
0.115779
-0.800898
0.522329
1.41683
0.0450248
-1.67266
0.107109
0.0763361
-0.407732
2.03325
0.473522
0.807498
2.53115
-0.662222
0.510447
2.05508
-0.0262722
0.622939
-270.683
1.65697
0.607489
0.152804
-6.5013
7.40092
10.4012
-0.226522
-0.0799467
-0.642809
0.653212
-1.83911
2.78195
7.41041
0.134477
0.938127
-1.36133
0.642525
-1.42999
-0.179202
4.51473
1.04476
-0.0816546
-0.216846
-0.451649
-0.919163
0.52865
-0.220296
-0.207723
-0.639042
-4.11996
1.37054
1.15963
0.808428
1.37108
3.21085
-1.85318
0.790286
-0.066417
11.1426
0.335344
-4.53044
1.5666
-0.203725
0.160871
-1.98608
-1.39446
0.421095
0.209618
-0.014551
-0.0398255
0.469796
-0.288751
-0.921668
0.555743
-0.768414
-0.57946
1.33157
1.55773
-10.7367
0.42431
-0.000232132
1.28231
0.474355
0.529472
-4.33681
1.46234
13.2325
1.71452
2.58745
-11.5841
-0.383668
4.46441
1.50112
-1.35466
0.379737
-2.90539
0.0608304
-3.58354
-0.247446
-1.17356
-0.0577203
0.279907
-4.10849
-0.0460603
-0.536476
0.0330921
0.0683628
-2.85048
0.931627
-0.475598
-0.742224
-0.930897
0.610115
0.509038
-0.43465
-3.36205
1.32343
1.64366
-7.5326
1.13834
-0.0122688
0.554896
-0.314291
-1.09528
-0.595115
-2.67257
0.82758
3.86997
-2.47613
0.747236
-10.5532
4.93184
-2.79961
-1.66805
1.3907
-0.351953
-5.5048
-3.81443
-0.608656
0.62311
2.0913
0.205956
0.420671
-1.56584
2.11723
-0.820721
1.08169
0.820448
0.181397
-0.324348
0.546456
-1.24359
2.61337
-1.39828
4.99888
-0.703451
1.09916
-1.5249
2.59149
1.03037
4.98849
-2.48263
-1.78388
-0.156067
0.212667
0.353833
0.177857
51.3414
0.784722
-2.00809
-4.45043
-4.89876
-2.39662
2.3835
-0.69155
0.127573
-1.81829
1.51316
-1.52948
0.0230233
-0.515452
-0.11174
0.0772343
-3.98091
0.51134
0.209063
4.67871
3.46824
-1.47024
1.5867
-6.94558
0.859312
0.868543
1.18471
0.721876
-1.55007
0.364214
-1.08849
1.75263
-1.95837
-0.41395
-0.134609
1.03218
-2.03674
0.266965
-0.082769
-1.37003
-2.92478
1.38343
-1.08222
-0.265866
-0.636707
2.11881
1.745
-0.459854
2.25084
1.45094
2.89906
-1.33891
17.425
-1.12568
0.734364
-0.325644
-4.29647
0.636174
-1.21841
0.545959
-0.776985
1.08766
-0.313728
0.634515
-0.675787
-5.08781
-3.24362
-4.61893
0.978376
-3.88499
-1.02217
-1.02502
0.514591
2.4223
0.245882
-0.31074
-1.23762
2.85001
0.82694
-1.2003
1.73755
-1.87831
0.458354
-0.391873
-13.555
-0.521169
0.753858
18.648
-0.0650706
1.42064
-0.848711
0.236516
0.996094
-0.803322
1.40345
-0.0109343
-1.43313
-0.552806
0.571455
-8.44592
-0.181768
2.72787
-2.12951
0.123994
-1.24166
-0.652271
1.78642
0.658029
0.707605
-3.31515
-19.3508
1.05542
2.40764
-0.474853
-1.17769
0.605164
-0.76277
-0.628048
-0.00522506
-0.529409
0.656454
3.43145
1.75559
0.0411765
2.15293
0.102226
-0.0998039
0.51329
-1.93339
0.891787
-0.0757424
-7.00317
-129.851
-0.589207
-4.38005
1.65374
0.313469
0.339556
0.544401
5.09627
-0.23344
-1.27484
51.5923
207.61
2.66714
0.164002
0.311853
1.07849
-0.163402
1.82659
-0.236811
0.615729
-0.794924
-1.88152
5.7108
-12.3082
0.923098
-0.483747
-1.25905
2.2965
0.153752
-6.69718
-2.58824
-17.9758
0.385041
-0.506471
0.353836
0.435756
-2.08463
-1.03544
3.36018
37.3704
0.0546781
0.54768
-0.820871
-6.54782
-1.58101
-0.68041
0.44699
0.574421
1.12317
-0.702405
2.08281
-6.92807
0.558472
-1.91688
1.79604
1.39239
-1.59517
-2.67357
55.3942
3.12427
-3.24384
2.7602
-0.574862
-0.711419
-4.11006
-0.740619
-0.00428857
-0.0409637
-1.42929
2.63794
0.287332
-12.6018
0.530785
0.733113
6.42165
-0.329568
-1.19042
-2.70362
0.711549
-0.394251
-0.696049
0.307965
2.21122
0.87235
0.788132
-7.8469
-10.51
0.397717
0.770508
2.41637
-1.04178
-2.10196
-0.715664
-0.818514
-1.10201
-1.03752
1.26474
0.0859825
1.21703
0.0640418
-0.250981
-0.252477
0.154917
62.8463
1.82737
1.30529
0.978232
0.281744
2.48121
1.67879
-3.53694
1.13264
0.692247
-1.66015
0.495281
1.0103
23.6957
5.6903
-2.31608
2.9735
-0.589589
-1.65051
-0.582666
-2.29152
-0.527905
5.10698
2.12987
-0.699911
-0.237
6.36116
-0.823344
-0.730177
-0.0656148
0.0419805
3.25375
-2.39731
45.7071
-0.749451
5.453
18.1295
2.82244
-1.25635
1.35183
0.0254093
2.87779
18.02
-1.04417
0.905562
-0.546401
0.5558
1.33164
-0.301574
-2.00622
-4.86421
0.451634
1.40752
-2.57725
25.0585
0.660151
-1.51928
15.2983
-0.606985
0.341438
-0.334344
9.82773
0.34197
0.867471
3.04845
-1.92436
3.20556
-5.63334
-0.499166
-1.96308
0.620828
1.71729
0.60071
-1.03136
0.944904
1.19812
6.13174
-0.341435
2.18808
0.958714
0.637175
0.250012
0.8924
-4.40853
-5.16583
0.120414
-0.545449
-0.00520882
-0.775907
-2.82416
-0.18894
-0.182864
0.406535
-3.47417
0.454116
0.345681
0.907916
1.88795
-0.194059
0.386864
2.2527
0.380576
0.360503
2.09541
-0.137868
0.532813
-0.405538
-2.20073
-0.891816
-11.0483
-0.457653
0.299254
-0.283774
2.08492
37.3726
-3.26063
-2.14711
-0.026043
0.885819
1.58542
1.65579
-0.965342
0.214039
0.991839
-1.03828
4.43494
0.602217
3.32228
0.232292
-0.191448
0.802412
-0.243282
-0.690176
-3.30535
-0.227506
-0.434331
0.124378
3.63844
-0.378211
52.7411
1.61073
-3.92937
5.0398
-1.30805
0.0188032
8.39288
-0.321231
266.376
-2.95492
-0.0695956
0.429455
-0.0822079
-0.368968
1.41469
1.04881
-0.340474
9.03295
1.20669
3.34483
-0.0279496
-1.36006
3.55322
10.0643
0.437915
0.687256
-0.508417
1.11847
1.67412
0.107687
0.249349
-4.51004
0.0706078
9.13047
-0.188434
0.208118
-3.08882
-0.0636251
-0.171808
2.21645
0.151308
1.36267
-1.07418
-0.411349
0.0975755
-0.294825
0.584244
1.07638
-1.0864
-0.163951
8.5044
-0.347985
1.94903
4.37001
-0.373989
16.856
2.62299
4.58939
0.477716
0.848411
1.38548
-22.0815
-55.4095
-3.77208
0.222578
0.501989
-0.517175
2.16535
-2.17523
-2.64451
1.12912
0.557968
-1.35635
-0.63781
1.53907
1.61546
-2.68998
-0.812656
4.70054
-0.178707
-1.00176
0.523214
0.856745
1.42082
1.28718
27.6615
0.456081
19.7508
0.265282
0.251932
-0.248703
0.393459
-0.0272133
-0.524002
1.95262
-1.38585
1.76003
0.799509
-3.34218
0.0444154
0.0874721
-1.56671
1.12559
-13.5206
0.727479
1.50657
3.64177
0.681793
1.07729
2.34173
0.920721
1.13283
0.146595
-0.484235
-12.0485
0.458966
1.20339
0.649557
-0.534684
-0.225469
2.64541
0.557265
-2.26668
-0.447081
-0.309039
-0.0437168
1.17504
0.467408
0.0942294
-1.22565
1.12573
6.91264
8.97226
1.52962
-3.06564
-0.0609591
-2.17666
0.486224
3.29672
153.26
2.24601
-1.41931
0.20249
-0.193954
2.9235
-23.5136
1.97221
0.57553
-2.14869
1.69944
-2.45167
0.442301
3.9301
-0.385047
-2.52961
2.40482
-0.39509
-0.399705
-7.9943
-8.39124
0.437627
-0.93321
-1.20591
0.41212
1.50755
-0.330675
-0.821002
-0.99281
-0.148363
-0.185629
33.6117
-0.0235089
-5.68576
-0.814322
0.0287164
0.585714
0.479072
-22.4129
-0.741263
1.28221
0.774209
7.35168
1.79087
2.79077
-0.69204
-0.701342
1.85219
0.00246331
1.05527
0.0419055
-0.460213
0.682547
-0.0844726
-0.314673
0.081608
0.645845
0.454524
0.990322
0.867816
-5.02837
-0.950738
-1.46534
25.0344
2.96472
-0.0238063
-0.933449
-0.550551
0.271959
-0.0335731
2.84023
0.223506
-0.0266336
-0.230204
0.362086
-0.565822
2.85512
-13.6564
1.35512
-0.620638
1.39007
-2.64869
0.201702
0.523575
0.129664
-0.112315
0.323508
-0.365382
29.6808
-86.2203
3.35168
2.86106
0.566545
0.703208
-0.599226
-1.29639
0.215375
0.140132
5.79082
-0.586563
0.689547
-14.5642
-0.68736
0.187828
-0.946587
-1.71879
0.835229
-0.73849
-11.958
6.94562
-0.0436083
4.34776
-0.277415
1.31345
3.78306
4.29475
5.38765
-0.73399
0.282641
17.2411
-1.29316
1.08884
10.891
4.05514
2.19043
0.732277
0.820001
0.92058
-0.978598
-1.75843
-0.880184
-0.156841
-0.505916
0.80507
-0.793471
-3.19654
-1.25086
-1.992
3.68407
0.2101
0.621238
1.20758
0.245613
1.26772
0.813189
-0.571772
1.50996
0.39208
11.8642
-0.844912
0.0756834
-0.181545
-0.555609
0.14582
-0.815449
-1.31414
-1.00184
-0.517963
0.617445
-2.44939
0.793159
0.456133
0.106446
0.591573
-0.357874
6.27124
-0.0975583
99.9334
2.61907
-0.188304
2.04396
0.650451
0.175017
-2.09393
0.0782232
-1.65893
3.20414
1.52411
2.09824
-0.121778
-1.70885
-0.0459902
-0.983849
-0.869539
-0.126461
3.09085
-1.55451
0.355719
0.115922
1.22958
1.27877
0.0676476
12.7832
0.00189975
4.08443
-0.802262
1.26406
0.702995
2.25877
-1.02592
2.37343
0.183227
1.12096
-1.15135
0.0131784
-0.348547
0.0448352
-3.49282
-9.24849
-2.46886
-0.0774529
0.100121
8.2471
-0.698094
2.04385
0.418966
-9.64358
-0.782018
-0.272075
-0.431008
0.755099
0.591864
0.0525769
-0.528249
3.59156
5.33772
-4.63887
-7.4637
-3.32244
-1.48372
0.146325
0.998525
-2.62347
-0.483532
8.50683
0.620195
12.2834
0.422973
-1.06603
9.28213
0.303079
3.52108
-0.395683
0.393525
1.1394
1.38873
-1.31403
1.83172
-0.518074
2.29189
1.43683
-1.96944
0.957207
0.642114
-0.545767
0.261233
0.626335
-1.18489
0.14367
1.20432
0.666946
-1.91118
-0.512601
9.49156
1.10128
-0.894862
2.90214
0.264876
-1.11215
0.966086
0.357192
-3.12122
-1.86676
0.709709
0.941069
-0.786141
-0.3824
9.20884
-0.3643
83.3775
0.93198
0.200519
3.05338
-2.28778
-0.503837
5.52992
-0.574893
-1.361
0.345113
0.442008
17.0257
0.767876
-2.17063
-0.27751
0.314326
-10.8772
-2.02224
-0.0970471
0.225942
-2.79553
2.39972
-1.52912
-0.440607
0.407775
-0.2259
-3.78942
-0.393423
10.3853
-0.677759
-0.557708
-0.0560319
-9.45729
1.49507
3.06945
-2.08351
0.613319
-0.843711
1.56601
-0.167911
-2.04814
6.03894
-0.433436
-0.0249441
0.285635
3.0211
0.343494
-2.87963
-0.527036
0.422852
0.285416
-0.428179
0.665195
1.04681
1.91832
0.605494
-0.885361
-0.214306
-1.81973
-0.478183
-82.2662
24.074
-3.07048
0.956196
1.84377
-1.42808
-1.59537
-3.30905
-0.418335
-6.88774
-0.380388
-0.156587
1.22915
0.454041
-0.650194
-1.38789
-0.207322
-0.176999
-1.76595
-0.983556
0.730667
-0.924819
-0.125762
0.642393
-0.51322
-0.439518
-0.821959
-16.0256
0.0920029
-0.486988
13.0976
-4.59099
1.95623
0.548959
1.93291
11.5418
0.0704132
-0.0151942
-2.5288
-2.44157
0.174299
4.33344
-3.72071
-1.23985
-7.15005
0.624903
1.10171
1.29184
-0.222375
1.22287
-2.73379
-0.470834
-0.571264
6.02215
-2.77441
0.998016
0.262431
-2.1752
0.588506
-0.387951
-0.550517
0.661382
-0.773986
-0.633446
-0.853418
0.71557
1.81866
0.0159936
-0.512832
-12.3794
1.31057
-0.915619
-0.384491
-0.464504
-3.0085
-2.26492
0.225128
-1.17331
-0.648705
-288.475
-0.555743
0.953529
0.590068
0.800012
-0.320839
-0.286359
0.295731
-0.246761
-0.0826368
17.28
0.183791
-2.76781
1.52656
-0.848968
-4.2244
0.585191
-1.60776
12.8521
-0.416497
3.91428
0.472064
1.46298
-0.624777
-3.94984
0.449752
-0.126378
-0.128581
-0.0539938
0.43683
1.99108
1.64426
-2.07836
0.918847
-0.543144
0.662392
47.7812
0.119729
0.558545
-0.961713
0.645715
1.38031
0.278705
2.84209
1.10753
-0.974994
-0.780335
1.2499
-0.2549
-31.9058
1.02632
-2.33976
0.0657032
0.295726
1.67198
-0.964002
-0.901771
-0.583994
0.0181019
0.251263
2.03916
-0.0540804
-0.926542
-0.404966
-0.326403
10.6036
-8.23726
3.15635
-0.133048
2.64535
-0.562468
195.394
-0.343513
0.148578
-0.588144
-4.07937
-0.338067
0.380058
-0.696925
0.952318
-0.143031
-14.8614
0.477116
0.793473
-0.358666
1.02062
-2.6487
0.51779
0.788769
0.656712
0.558587
2.348
-1.05651
0.111567
11.627
16.1716
4.6414
1.44977
-14.4809
-2.31938
1.22036
-0.559763
0.865009
-0.149269
4.77276
1.5808
-16.7823
0.644721
-7.78763
-1.27881
99.4839
-8.65812
0.0772145
-0.2916
-0.110894
0.00627809
-0.485423
-0.189374
0.609555
-0.817979
-0.227229
0.597914
-1.96077
-0.031245
1.87167
-4.88647
-1.19197
2.40951
-4.4987
-0.243601
1.86555
-0.282957
-12.0072
1.19148
4.21593
-13.5127
0.0533524
-1.15269
5.00457
-4.2392
0.39102
-3.96792
9.02848
-0.194877
-0.670246
-0.253019
2.97566
-0.110928
-8.40862
-1.85571
-0.128077
5.07057
3.40763
4.05439
0.516234
-2.08131
0.555298
1.35293
-0.661165
0.349699
-0.270119
-1.64016
-1.46799
-1.16408
-0.148753
0.508689
-1.62745
22.5958
-0.0561687
0.157119
0.296385
-0.171011
0.829853
-1.71139
24.3052
-0.96122
-1.18713
-0.515021
1.56206
-0.237425
0.050324
0.361251
-0.0836166
-0.16537
0.670161
0.0605561
-14.3989
0.965762
0.3554
-0.243814
0.0253019
0.655288
0.320173
1.50903
-0.135828
-0.109826
-0.48958
-1.54046
0.349535
1.12873
0.297563
0.789489
-3.22558
-0.498435
-2.18195
-1.34329
2.83367
-0.866373
1.57568
-4.50609
5.52306
-0.286059
0.444315
11.8105
2.98982
0.077016
5.77341
-5.37788
-2.35982
-3.10555
-27.9863
-1.74098
-0.967146
-0.88182
-4.64647
12.0867
0.271255
-8.79671
-5.72647
2.11628
-4.4749
0.505603
-1.5828
2.39039
-2.38169
0.781097
-0.556079
1.89172
0.877579
-22.6011
-0.111946
5.91489
-0.405336
0.835773
-19.9601
2.25393
-2.60438
-0.430506
7.82115
0.250424
1.09589
0.0195868
-1.59038
-1.34737
0.351565
0.0132476
-0.792596
-0.449211
2.73152
-0.417556
-1.19955
-1.97235
-2.75168
-0.348753
-2.234
0.368912
-0.0980286
10.0796
-0.0220632
6.54475
4.05606
-0.334615
0.233993
-4.11294
-7.81028
0.562904
0.0145808
-0.680569
-3.16178
-0.785136
-0.159985
1.91852
-0.254767
-0.268913
1.96865
0.406354
-0.836145
-0.788407
-2.33803
-4.94929
0.130993
3.19494
1.43774
0.445354
-1.59817
3.8787
0.888339
3.0084
0.114503
-0.657004
-1.5822
-3.74737
-0.151862
-2.07514
-2.21422
2.33338
0.7498
-1.25477
0.585436
0.871374
0.623776
0.346078
-0.0498191
-1.29487
2.65348
0.857332
0.351056
2.39174
-2.1073
-0.443257
-0.0494087
-0.0718621
0.418827
-0.171647
0.010998
-4.54752
0.525687
-1.1656
-1.97487
-0.186419
3.23422
0.859889
-0.496182
-0.669811
-0.470144
-2.7895
-0.117706
0.76946
-1.45945
3.34937
1.1598
-1.13764
0.0901413
-3.20424
0.833631
10.8419
0.9293
2.11401
2.08956
-6.9561
-1.87141
-0.51716
6.13121
-0.0395062
-2.23709
-0.0756336
1.47533
-0.328876
2.81866
2.54731
0.369543
0.381483
-0.194331
0.371267
51.1747
0.420219
0.253154
-1.24738
1.61868
-0.516054
0.240622
-1.21579
0.515281
0.414415
5.1116
0.306898
-2.84857
-0.918389
7.4293
-0.187239
0.549507
0.665272
-0.199354
-0.120586
-1.1774
0.125806
-0.034314
3.5124
-1.37545
-0.475798
0.235798
0.235086
-0.0462131
-0.568744
-0.898341
-0.368956
1.33817
-2.76588
1.14195
-25.587
0.867558
-0.896549
1.71953
3.7449
0.725527
9.78041
2.14075
-0.231964
-1.43668
0.807961
0.842798
0.650328
0.170035
-0.179505
1.36088
-0.76285
6.20616
0.0868681
-1.50907
1.0741
1.84909
-0.099898
2.87955
-16.3479
1.38531
-2.19427
0.552451
-0.972383
-0.0772548
1.06412
0.969956
3.82661
1.31388
-0.91589
-0.29978
3.20683
-6.21899
2.05997
6.83919
1.47818
9.40684
2.4043
-32.2636
0.684052
-1.34185
0.770252
2.02437
-21.3727
-14.3282
-2.77574
-0.115028
1.55209
0.358077
-1.13558
1.08144
-0.491396
-0.175856
0.462828
2.21621
-0.661156
-1.9759
-22.7856
1.06269
0.190511
-0.359452
0.605155
0.655496
0.723413
1.43738
-1.65522
-0.784156
-0.733095
-0.444846
-2.31677
0.411862
-0.536607
5.15256
0.25939
1.06204
-305.339
-0.890746
0.0845575
-1.31949
372.703
-5.41464
-0.282008
-1.1949
-6.56534
-0.328564
-1.15225
-1.62971
0.236719
1.7441
4.41423
-12.0642
0.668085
2.19718
-5.4425
2.11187
3.38108
-1.22176
-0.0374739
0.538058
0.416831
0.420377
0.359581
-1.1189
1.18957
-0.00748458
-0.300366
2.93006
9.02361
0.0987353
-0.278455
-1.50567
1.05784
0.136801
1.11052
-1.0463
-0.0534635
1.56727
-0.045559
-1.03569
-0.449062
-1.28707
0.331347
0.68685
-0.888413
0.318807
-0.638846
0.469415
-0.136034
5.83764
-0.59949
1.52299
-0.844057
-2.10015
-1.16394
-0.10478
-0.11903
-2.12521
-1.45958
-0.0937684
0.476553
-4.28007
-3.41713
-26.6552
-1.91444
2.48583
2.10452
0.0633364
0.880098
-3.03012
-0.128562
0.272485
2.51996
9.82528
-0.272833
-14.0453
1.58583
1.19211
0.174847
-2.60811
-2.44135
-0.945984
-0.49569
0.469607
0.436808
9.35732
-1.36457
1.23712
0.279978
23.7559
53.4164
4.48927
0.400984
-0.771042
-4.86617
0.758073
-16.0073
0.050109
1.41341
0.737581
0.00250326
-0.307261
-0.915801
1.39644
-0.444123
6.36389
0.117907
32.3346
5.51254
-0.939403
-1.16492
28.5566
-7.60856
0.111789
-1.45654
24.7618
2.8895
-0.325398
0.67688
-0.672953
0.696384
-4.71545
0.0562944
-1.08276
-0.491774
-0.375941
-4.02551
33.0896
0.504119
0.145866
-0.0312629
1.35556
11.2036
-0.105531
-5.84776
8.10119
0.259384
-1.97777
3.93811
0.214711
0.141241
-0.0722893
3.68196
-0.678109
0.258213
-0.0758212
-5.08782
-0.174715
-1.70279
0.432669
-1.58764
1.55417
-0.663284
31.2249
-0.276986
0.238497
-0.348192
-0.75245
-57.2177
0.228221
1.83665
-0.147683
0.815871
-0.366869
1.11609
0.311101
-4.3569
0.697796
-4.25503
-3.10061
0.326139
-0.769839
2.35313
0.237553
-0.384997
-38.9677
-3.11502
-1.63542
-0.261078
0.635671
-6.12969
1.16136
-0.309639
-0.232425
0.737502
1.22375
-0.489738
0.89364
2.40589
-1.84906
1.24448
-7.46916
-1.20046
-1.28846
-9.7476
0.485728
0.241293
0.439011
2.43059
6.96599
-3.73395
0.19847
0.945938
-0.496927
-1.44291
-3.9599
-0.150763
-0.675609
-6.19036
0.296277
-2.7578
5.64995
-0.0213587
-9.79956
-10.7905
1.04947
0.969893
0.261808
3.18934
0.350017
0.0377998
-0.828409
0.796618
0.0145077
0.0612049
1.26477
0.730915
-1.14919
1.55727
-0.221484
0.16036
-0.231708
-1.59775
-0.0702188
1.1016
0.0626296
2.16869
-3.55425
0.796014
0.7802
-6.91175
-0.826847
-1.16908
0.0229118
3.42628
-2.22
1.0814
1.5644
-3.26457
-0.490688
0.23801
-0.413756
-1.33864
9.45976
-2.1559
1.82882
1.01339
-0.31126
29.3718
0.434725
-0.28974
0.702242
-37.4452
0.272686
0.193057
-8.85141
-1.23187
6.79505
0.485761
1.08478
0.693967
-42.4109
0.850634
4.77397
-0.753819
-0.648887
2.02876
-1.72371
-0.0101242
-0.282181
-0.357083
-5.47039
-0.650535
-0.0107217
3.34367
1.07381
0.702048
2.18554
0.381489
-3.83827
0.103716
0.661415
-1.19482
-2.13817
2.05667
1.30874
0.206703
0.212565
-1.1387
0.249555
0.372164
0.58907
1.40623
0.895197
-12.3096
-2.78333
2.41264
0.387925
-1.47695
1.5345
-3.67992
-0.372373
2.28809
11.3811
3.27709
-1.35696
0.413592
-0.349846
2.52992
0.364873
-0.215586
0.668255
-1.06526
8.86335
1.10268
1.09282
-0.357025
0.444494
-0.499747
-1.70924
-12.3887
2.31335
1.08526
-8.34661
0.41136
0.458783
1012.81
-0.388384
-0.406658
2.59941
-0.405229
-1.67942
0.111307
-0.0536737
2.82731
0.626077
4.66315
1.71932
0.31579
0.191123
0.709974
-1.31434
1.34244
5.56902
-0.853572
-0.752551
-51.6255
-2.44866
0.141771
0.0701433
2.50706
-0.38586
-0.481516
-6.4326
0.416315
0.527921
-8.36592
0.891491
-2.88556
1.42826
-1.89772
205.113
-0.268304
-0.84476
-2.21692
-0.533267
1.92086
-2.28618
-0.377161
-0.540209
-0.139854
1.07641
-0.151437
0.033128
0.133577
0.24557
0.647511
0.310657
-0.577806
7.39623
-2.54352
0.504233
-0.559915
-0.474332
-0.321179
0.998476
-1.69538
0.385195
-1.27846
0.974424
3.34229
1.27887
-27.6018
-1.04936
-0.396139
-3.81945
0.647272
-0.815825
-1.34619
0.633025
1.41765
-0.52057
1.25803
0.430918
0.860344
0.588532
-2.08685
-1.36917
1.12421
0.680388
0.942441
0.538268
1.72959
1.74185
-10.9313
-37.0346
3.48584
-2.25143
0.440141
0.396331
-3.34181
2.10888
-0.329277
-0.735292
0.152953
0.439697
-0.141946
-1.79698
-1.9363
0.38309
-2.69247
-0.314572
0.160547
0.69099
2.19299
1.32063
0.42084
-0.263526
1.40263
4.46401
-0.882153
-0.274819
-2.82961
0.136345
-8.37221
62.6091
-27.4173
-0.866107
0.465962
-2.56655
-0.211015
3.07393
0.648942
2.74418
11.1484
1.12103
1.31752
-0.914182
3.6575
0.528305
-0.0259951
-0.0526124
-0.664424
-0.00105039
1.14093
-15.9
0.913418
-3.74214
1.58212
4.41482
-0.255286
0.425754
-6.2429
-0.150453
3.13912
-0.471056
-1.11184
0.022504
1.14996
1.27971
0.508543
-2.34489
-1.32413
-1.6118
0.0119523
-1.09428
-1.01112
-3.38778
-0.480567
-0.535609
1.04018
0.688947
4.10669
0.0264901
2.26876
0.977352
-1.32555
-0.917711
1.64263
-0.440274
-0.0288768
0.609247
-0.0394965
2.26299
2.10366
0.528772
-0.555463
0.199628
1.58536
0.732739
-2.77775
0.325582
0.80329
1.75816
-0.803318
0.514851
1.68713
-4.48114
-0.70603
44.9528
4.66018
2.33254
1.31177
0.19168
-0.541279
-1.41657
7.67581
-0.467771
1.38913
0.929228
1.81182
1.47005
1.42355
0.51832
-0.0250549
-1.1117
-0.502533
-0.461398
1.02376
-40.7386
-20.2555
12.7736
0.213098
69.136
0.683747
-1.02178
-2.25053
0.195954
0.193862
0.866851
3.10815
-0.117274
0.071445
-0.247645
-2.49076
0.648067
0.853641
-1.96788
0.917169
0.384704
-9.52082
-0.110876
0.675943
4.72685
2.56611
-0.0868029
-0.164356
-0.00159646
0.610683
0.088184
0.959582
-3.01088
-0.225885
3.59719
-1.78535
4.73798
-0.702335
-0.7584
4.20897
-5.21762
1.68855
-0.907132
0.171483
0.017034
7.92476
-0.240395
0.501119
0.274985
-4.56577
-2.42909
-2.33934
0.829409
7.87971
-0.023401
-6.11695
0.736761
0.0680387
-0.27144
-1.70219
0.589039
4.03977
1.19058
9.78984
0.694418
0.180389
0.0739924
6.01881
-0.48459
-0.614829
0.554298
0.517275
14.5649
206.128
-3.81601
-0.582758
-0.443429
-1.20733
-1.33875
1.39698
-1.66176
0.17286
0.639056
-0.479586
0.162545
-2.61829
0.207056
0.858199
0.319798
-1.41081
-0.582956
-1.27674
0.271426
-3.55268
-0.0227742
0.36215
1.0489
1.1272
-0.762436
0.418403
1.21298
46.4469
-1.40636
8.8442
0.161468
-2.2867
0.228455
0.342593
0.112574
6.91642
0.970974
0.753213
0.656142
-0.150901
-0.753051
-1.22079
-0.800152
-0.112035
-0.788007
1.21512
-1.96501
-0.643602
1.50859
0.0345736
0.447523
16.5148
0.429015
-3.46882
-1.95949
-0.790964
-4.88636
-0.102021
16.161
0.460179
0.855583
5.18867
-2.03908
-5.18253
-10.1713
-0.0497149
0.112466
-0.240404
18.8784
0.230036
2.87172
0.594473
-2.37406
-1.43856
-0.620204
-0.292116
-0.00253486
-0.612773
0.551557
3.10828
-0.204705
-2.23227
0.250264
0.308204
0.117941
1.33223
0.78934
102.323
5.89496
1.317
2.63286
-0.288418
-0.628666
0.502329
-1.17611
-0.418112
0.0306517
-0.665597
0.927553
0.637927
0.553763
2.74068
0.134225
-0.370718
1.37814
0.655794
-7.59367
-10.1168
0.542623
1.66399
-0.760697
0.35578
3.93495
-0.0199856
0.425929
-0.203616
-0.587021
18.6718
-1.25061
0.436377
-2.01356
0.454891
-0.578268
-2.88676
-0.869824
-2.66355
-1.30406
1.98137
-1.44317
27.2615
-5.67866
0.367566
0.177517
1.96076
-0.820551
0.750743
-9.42455
-0.853429
0.417151
-0.805817
2.11279
7.50728
0.380272
11.1943
1.6208
0.397535
-0.0466958
-0.406093
0.516843
-0.175564
-0.432519
0.184745
0.121724
-0.517796
-1.35459
0.0425367
0.306155
-10.0496
-3.97276
-11.4803
1.50511
-2.391
-1.20162
-0.569546
-2.43932
0.297628
-0.32684
-0.123099
0.360453
-1.41329
0.171434
0.976212
-4.12237
3.06116
10.9444
-0.0831301
0.279058
-7.2317
-3.13689
2.01804
-0.606811
1.24478
1.02156
0.360772
1.63376
0.653348
-0.221717
-2.05474
-2.8084
-0.726326
1.32753
-0.946538
0.268097
-0.196569
-4.53851
0.411433
1.80651
-0.72623
-0.128241
0.527498
0.267912
-3.67635
-0.219909
0.953975
-1.89231
2.56473
4.76617
-2.05295
-0.0628266
-0.569587
0.464565
2.44304
-0.594595
77.2772
-0.258212
0.508489
11.3885
-10.6359
0.864425
-0.0288377
111.816
-4.17286
4.93009
0.411672
0.201458
-0.570423
-4.19549
-1.1439
1.20962
6.64705
-0.0134984
1.15077
-0.585943
-0.772702
-0.411897
0.738881
-0.458521
0.997272
-1.01992
-0.650845
-1.64126
-2.2729
0.206566
0.699195
5.92885
-2.27075
-0.223562
0.751446
-0.141657
-0.23296
-7.35918
0.419841
1.65229
-0.50528
1.73575
1.96124
-0.192478
-0.0419003
5.70451
2.22417
-2.51054
-0.167646
0.759026
0.984643
24.0672
1.96613
2.27291
5.51281
4.82537
1.95137
-0.133914
5.05679
-7.09567
0.107751
-0.0445457
0.523641
4.35984
19.2053
0.227662
-0.617198
0.700445
-7.69374
1.65424
-3.87812
-11.9488
0.221833
0.0785405
-2.05819
-0.0800094
-1.44116
0.63695
-0.311777
-7.28795
0.167797
-0.862416
1.43231
-2.27696
-0.914833
-7.14144
-0.433143
1.58774
0.373284
-0.186288
0.205725
0.817123
-1.56308
-3.62546
-0.690042
0.0622128
-1.34628
-5.49452
-0.267418
1.23859
-22.4246
-0.419655
-2.86976
-2.1941
-0.655344
-1.46505
1.4477
3.3995
-2.18126
-1.06033
-1.90459
0.079542
-1.45159
-0.240172
3.27034
-0.219564
0.290079
-0.391147
0.661852
-0.22297
0.6604
-0.00357353
-1.91944
-3.30231
0.00944667
0.454119
3.11905
1.53376
-0.79241
1.6476
-0.612574
-0.851638
-0.890777
-0.759169
0.0444581
-0.616793
1.52817
-15.008
-3.51977
0.165629
0.222018
0.8446
1.14854
-1.73429
-1.53363
-4.52821
2.9905
-0.451319
-2.92044
-2.2908
-2.93745
-28.691
0.963606
-0.651246
-21.1596
-3.43178
1.63251
-1.15306
1.87495
-2.72691
0.0833746
-0.984422
0.967476
0.681966
-0.950485
-3.01193
10.135
1.27721
3.34069
2.24566
0.848872
0.233669
-0.616516
-1.46567
-0.339482
-8.07887
0.413531
7.66013
1916.61
0.867322
0.653324
7.72616
-1.70363
1.62784
-3.62626
3.02357
-0.564952
-0.260507
-2.33285
3.27984
-0.578703
1.90435
-11.7261
0.51077
65.2539
-0.39678
-1.33479
2.53982
-0.149773
2.50758
-1.84373
3.67931
-0.177849
-0.326055
-1.15682
0.564142
-0.417098
0.287075
0.301047
-2.95656
2.06484
-0.729316
-0.807764
65.3887
-0.337543
1.53852
1.08243
-2.85811
0.723443
3.44103
2.28102
1.23148
-0.780809
0.483285
-1.01818
0.236277
1.42899
0.0395417
-0.239233
-0.129947
7.09009
-0.302447
3.68926
-1.66016
0.593269
-0.183734
-0.951757
-7.47787
-0.500969
-2.01221
2.85549
-0.481945
0.776288
5.22524
0.044325
4.81309
-1.43602
-0.792272
-1.54945
-0.724542
-0.73688
12.8777
-0.944402
-2.06882
-6.07134
-0.722277
1.00337
1.75213
-0.34314
0.305738
-1.086
-1.74586
-0.288533
-1.0109
-0.0154475
-0.510551
13.9851
0.0479551
-0.605735
0.986139
-0.372135
-0.324215
-2.40271
0.498932
2.75043
-0.374924
0.482597
15.3951
-1.6524
1.91276
-98.9433
0.438036
-88.5338
-0.411391
-1.46598
-18.261
-0.866419
-0.0619649
0.690199
-0.498438
0.895156
-0.10612
1.90219
-0.61798
0.900908
-0.220152
1.63146
-0.473399
-1.72693
-0.0300403
4.24223
0.445835
7.64539
-7.60109
0.486936
-1.33384
1.17458
-7.47528
0.443955
-1.85873
1.92626
2.24661
0.31747
-1.18137
-0.774753
-0.727865
2.12048
0.329001
0.716867
2.59884
-3.14057
0.562304
-2.39086
1.05355
4.84698
0.384959
-1.41922
0.541508
-4.48503
-0.0759351
-0.416417
0.122137
3.48964
-0.184471
0.78379
-1.1347
2.11376
0.0905663
-41.8336
-2.70682
-9.36693
0.818752
2.37891
0.356165
6.6476
2.09898
5.7628
4.67225
-0.181314
0.450076
0.797114
0.0795919
0.249096
-0.652243
0.330684
-0.406321
0.0550783
-0.0404252
0.802878
-2.77993
-0.165456
1.5404
0.814653
0.953832
-5.4696
0.436445
-1.0735
-1.00727
-1.0921
-0.868914
0.275932
5.86748
2.60475
-3.80838
-0.959901
-0.102737
2.25221
5.91178
-0.452154
-0.678664
-0.762081
9.54427
-1.5243
3.56603
3.49584
0.28396
1.30704
0.705843
0.231209
-1.24622
20.8393
-0.840066
3.14334
-2.24333
0.218773
-1.9197
-7.36207
-0.482997
0.763262
5.08714
-1.31369
0.653667
1.09083
0.478227
9.41924
0.27732
-1.2433
-0.485035
0.60636
-0.478288
0.326255
3.54838
-0.803979
-4.14762
-1.17488
2.41876
19.2485
7.97699
2.52755
0.137665
-1.98281
5.9834
-1.53453
0.332471
10.4656
5.41423
-1.17223
4.34033
-1.06783
-0.174259
-0.0919312
0.292562
-0.535484
-0.452019
2.86421
-0.547678
2.46572
-0.461454
-0.861018
-0.870288
-0.788017
0.715355
0.222581
-0.447815
0.148068
756.03
0.706196
-0.24012
0.113598
1.52516
1.89427
2.1414
-0.577713
1.77707
1.29557
0.243366
-3.34603
-1.7572
1.78769
0.95839
1.55778
4.77032
3.59089
-1.81913
-0.516226
-21.4151
-1.92192
1.00699
-10.2803
0.786917
53.0796
-3.75492
1.0428
0.138193
0.871355
0.967899
-0.329075
10.2119
-20.4804
0.128863
-0.318162
-0.06135
-0.576978
3.7304
-0.189054
0.0388339
-0.97015
-0.529449
0.558879
-0.422672
0.0313567
16.1845
0.265759
-0.6479
2.13596
2.00902
-4.87446
1.17507
0.564745
0.166655
7.77452
-1.65116
2.80004
-2.80894
-2.01231
0.278816
0.289837
3.45723
2.22137
-4.50321
1.10767
-16.0472
3.71592
-0.744281
8.00796
-0.964058
0.348969
-0.338662
-0.0111674
0.474407
1.51017
4.17607
-0.734373
3.12027
-0.819677
-0.513975
0.176127
1.11864
7.92114
1.66163
-0.0379308
-0.935749
0.459139
-0.701504
1.35083
9.20281
0.723722
-2.06629
-0.440143
-2.50579
-0.114821
-4.06431
-0.814287
2.36933
0.733037
-1.59075
-0.350621
-2.95271
0.60127
8.22752
1.61196
-0.24819
-2.20965
3.28839
-2.0689
0.211168
-0.271008
0.473152
3.02071
2.38489
-2.38964
1.7486
-1.49528
-29.5046
0.870601
2.18317
-0.580486
-1.18422
-1.48671
0.738289
0.277513
2.72548
-108.227
-3.06467
-0.283515
1.5808
-2.83451
-14.0624
-4.53903
4.81087
10.7582
0.289701
5.38461
-1.9744
1.17541
0.877024
0.255361
0.136551
-0.402338
3.43385
0.275175
-2.83387
-0.398774
0.122211
2.14579
-0.679169
-3.42505
-1.46828
13.2496
0.867477
1.05508
0.155356
1.2834
0.133278
-0.0475879
0.103199
2.53455
2.14776
-0.418803
4.87898
0.472408
0.186936
0.428343
-2.7237
0.106817
-0.497696
-0.28088
-1.33085
-1.64753
-2.44028
2.28933
1.60853
-0.31512
4.26058
-1.11642
-1.57997
0.412331
4.57342
0.567946
4.1924
-11.1855
1.18848
-3.30096
0.206443
-0.413401
0.663102
0.944872
-2.30034
-0.932319
6.04441
-0.247812
-1.4147
-1.17886
0.694497
0.546397
-1.22577
-1.16122
0.234219
0.590621
0.106042
0.539095
-0.103578
4.40994
-43.9949
-3.68483
-0.109444
-0.104391
0.155754
5.65176
1.5408
-0.266135
-0.0747089
0.965178
0.283322
-0.580083
-0.714406
0.226356
0.217715
4.32433
2.40154
6.09874
2.41192
-1.36722
-0.834769
0.1025
-0.802431
17.5666
-0.834121
-3.04784
4.00559
31.4159
0.45344
-0.811772
-0.79824
-4.19815
0.58773
1.11425
1.11304
5.42314
-0.23162
3.07494
-4.05076
3.44868
-2.06324
-1.54051
-0.928257
-0.271798
13.0569
5.32803
1.03492
0.729744
6.5027
-0.583828
-0.879617
-0.130819
-0.529114
0.778374
1.41464
1.00266
-0.983411
0.0653402
-20.5962
-1.91307
1.16629
-1.50264
0.236837
0.635982
-13.025
0.168626
2.51907
-6.00971
-5.26186
-1.12834
2.00693
0.0176517
-0.932403
1.25908
0.455622
1.0161
3.48454
-1.23526
0.419641
-23.338
0.130912
-3.60226
0.387397
-0.974976
0.871689
1.84511
4.04071
5.62736
-0.0448958
-1.045
-0.797186
-0.549198
-18.5856
0.951694
-1.49826
0.0356221
0.921051
-0.425659
-1.49543
-1.21903
-0.345884
0.27931
-2.19907
-0.542609
9.02939
-1.04839
3.53179
-2.86879
0.297912
-2.59667
-5.39757
-2.86063
25.0093
-1.49212
0.36898
1.7432
0.26378
-0.655595
0.00653767
0.609951
-2.38425
4.74825
-2.1369
0.8132
-0.350883
-1.14167
12.578
8.02116
2.26377
-6.27746
2.58807
2.2856
0.254535
-4.19576
-0.735639
3.92739
-7.10826
-1.29019
-0.535434
-40.4215
1.60256
0.87509
0.422536
-0.93408
-2.51903
-4.20948
10.1745
-0.983516
4.51679
6.34254
0.209398
1.34123
-0.294729
-0.156296
-2.46784
2.99818
2.1244
-0.5056
-0.0178785
-0.650538
3.0522
0.110717
0.929703
-2.36288
-0.702094
0.455833
-0.217318
0.327485
0.11429
-3.44545
-0.0877319
1.25499
0.525079
3.45287
2.9029
-0.368746
-0.265129
-0.0481554
0.984104
-0.437719
0.343735
-2.3515
-12.7026
-5.0503
0.324203
-0.791989
7.58094
2.09733
1.61949
1.71505
-0.137243
0.868308
0.694098
0.548136
-1.78907
0.273835
-4.35419
0.123233
2.79332
1.26562
13.6111
3.87496
1.33427
3.97468
1.57197
-0.537634
-0.991751
8.7242
-0.38705
6.14749
-0.677879
-7.55327
-0.937978
-0.993839
0.0233693
-2.18865
2.98628
1.17152
0.250091
1.41889
2.17281
-11.0595
-1.60488
-0.781316
0.826387
-0.1352
0.714348
-0.101346
1.01681
-0.511428
1.58713
35.3118
0.647431
4.95279
0.324392
-0.388422
0.153532
-0.673959
0.443625
-0.252389
-1.32775
0.111354
0.953788
0.916552
0.297643
0.116322
-3.19227
4.69022
2.3731
-0.973831
0.83371
1.44326
-5.56808
-8.42212
-1.03411
-0.485893
2.66604
0.567411
15.697
-47.4748
-5.43526
-1.60437
-1.90714
1.42863
-3.91231
0.449028
-1.357
-0.988486
1.64284
0.595594
0.670245
2.97054
0.841223
-16.7418
0.131311
3.21276
0.488971
1.33242
0.822328
0.488927
6.04131
-0.308916
-0.395055
-0.413758
-1.3703
0.733266
6.47805
0.29039
-0.821524
-2.65091
-1.1811
-0.0939413
0.636775
-0.0586459
15.6337
-1.34624
1.06686
0.961883
-1.39073
0.147901
45.0489
-0.984393
-4.0708
1.65884
0.645588
0.628597
0.811642
0.663038
-2.37706
-0.547464
-1.09343
0.00544843
1.23619
7.08177
-0.384961
0.191514
0.519044
0.54733
0.039089
-1.4686
-0.733722
0.139736
-1.77349
0.772109
0.353782
-0.190063
-1.59328
0.248869
0.295081
0.803229
4.93959
0.907283
2.55091
0.121304
-3.3768
1.5816
1.66646
-4.89211
58.5688
-0.298221
2.02588
-6.37925
4.78076
-0.128731
0.199934
0.539975
0.820901
0.212613
-2.44137
1.30285
1.37327
0.17616
1.69167
-0.146516
0.749307
0.817858
4.44049
-0.315885
1.14025
-0.133865
0.281322
0.108434
0.127832
-3.94148
-1.2055
0.140133
3.69942
-1.23621
-4.09222
-0.503379
-7.77684
-0.0550324
0.440602
0.351499
6.36481
1.38946
-8.33889
-0.967652
-0.306109
-1.72519
1.55783
-3.14667
-1.75664
-1.65661
0.652192
0.158651
-6.69722
3.93888
-4.67868
-0.287286
-1.87684
-8.73296
0.128738
0.44753
0.435426
-1.5293
0.628869
0.806378
-2.46053
-0.473617
0.850645
-35.2268
1.56836
1.10358
-0.0236602
-108.085
-1.26064
-4.45791
-0.223157
-2.089
-0.666697
-9.3086
3.44188
1.49711
1.75195
1.23318
-0.343685
0.569639
1.48591
-0.432401
-6.10697
-0.627293
-0.690713
0.0476825
1.00286
-0.994679
1.43902
0.414484
-0.194592
1.00371
-3.63662
-0.124055
1.12037
0.845424
-0.681139
-0.507546
-1.06929
2.72178
5.06726
0.851066
-0.166385
-2.2207
1.6663
3.94085
0.0714192
0.110087
-0.0298614
-0.751751
-0.797369
-2.17457
0.106586
0.156367
0.230154
-0.245591
-0.0987909
1.71653
1.49968
-0.00660211
3.07706
2.63898
-0.706419
2.91286
-1.02424
-1.00585
-2.15555
3.79889
7.04659
-0.419462
1.81631
-1.90163
-4.21534
-0.739939
-0.495998
11.1734
-5.65657
-0.63393
2.29116
0.611208
-2.12141
4.71736
0.599797
-1.57751
0.395612
-0.651071
0.485378
0.728625
0.234525
-0.481399
-12.028
1.38075
1.1985
-0.578027
-0.17802
2.99565
0.10938
-2.88645
-0.0302569
-0.487259
-2.51492
-5.07374
-1.07937
1.38725
63.5593
-2.36087
0.755897
0.434752
0.486807
-0.243968
5.15224
-9.48976
0.402469
-0.656198
0.320119
-10.9584
1.32877
-3.93973
0.815697
-4.47545
-1.56052
-0.0139251
-2.6059
0.197173
1.06806
0.0121926
1.22895
-3.06705
-0.3459
-5.29474
-2.06527
4.33799
-13.3892
3.36074
-1.24283
-0.277402
-2.71442
-1.66924
-4.83677
-1.08124
1.55949
1.56642
5.3398
2.44476
0.692627
-0.455281
3.53354
-0.337025
-0.268724
-1.57846
0.483988
0.0635924
-0.918093
-40.4576
0.39852
13.3566
-0.387946
-0.115906
-0.309213
0.676495
-0.215054
-2.35595
-0.0655034
183.885
-15.3369
-2.76625
0.815183
-1.35599
37.0972
0.996183
4.56714
0.568018
-2.02979
-1.78746
1.1082
-5.51603
-18.105
-58.4913
-0.334741
-0.145184
0.130437
-9.477
-0.264955
0.699854
-1.22369
-0.139524
0.924863
0.35655
1.21368
0.976766
0.515054
-0.486712
-0.031155
2.95491
0.235768
-6.77301
0.0372743
4.3077
2.01979
-1.71727
1.93078
2.9882
1.21984
2.66424
-1.62669
-2.15667
1.39284
-0.601299
0.769531
-3.83527
2.21852
-0.22332
1.17369
-1.02398
-1.72917
-0.0296407
14.4924
1.07356
-0.0621924
-5.46789
1.83778
-1.51227
-0.216628
0.266677
-0.259643
-1.68811
-8.44927
-0.683243
0.701227
-0.0395964
0.270807
-0.786731
-0.193945
0.911782
1.80124
-0.548697
-0.666912
0.46123
4.36258
-4.13324
0.723345
-9.55685
-2.20151
0.271516
102.15
-0.50884
-1.74102
2.07551
6.85493
1.43373
9.23482
0.308359
225.194
-1.06868
-21.1468
-0.499313
0.408316
-3.4734
-1.01727
-1.38698
-0.474659
-6.82955
-1.84482
17.5577
-0.415082
1.2493
1.34862
-5.64601
0.0140507
1.5377
-0.627695
0.226261
2.02913
10.2592
2.30123
-0.482203
2.66759
-0.351949
0.315955
-0.292959
-0.890689
-0.333473
-0.879129
0.849382
1.29797
1.11745
-0.763728
-0.400896
0.243652
4.3227
-0.310101
-0.621284
1.83319
-2.43609
0.184382
1.01959
-0.200277
2.42215
2.43678
-0.505932
-1.5165
0.336836
-4.56043
-1.02619
-0.0520532
-1.14793
25.6672
2.87826
0.900887
-0.242292
-0.818734
-0.0708661
3.45476
0.0320138
1.27932
2.09903
3.21523
-0.958599
0.647159
-2.11375
0.3039
-0.627869
-3.67613
0.574653
-8.19919
0.843414
-1.23026
0.608244
-1.11861
-0.309488
-0.707274
-8.24116
1.7685
0.975515
2.27041
-0.954165
2.3693
5.01606
-2.39403
0.868251
-0.152506
-0.85044
-0.549377
0.659801
-20.7358
-0.419786
9.63642
-0.415015
-3.12445
-0.313662
1.41295
-4.99444
-2.29311
-19.3199
-0.0743769
0.453025
0.65389
1.58961
1.90321
0.57564
-0.541147
-1.21634
2.61225
-0.123387
-0.631539
-0.413404
-1.83208
0.225918
-0.306042
-0.317811
3.10397
-1.00802
-0.580646
-1.3947
0.141228
4.43191
-1.63396
1.20128
0.228908
1.40027
1.09133
7.36832
-4.26054
-0.688829
-5.05781
0.309738
-8.78439
-0.129152
1.66112
0.0557591
2.07866
-0.617255
0.332843
-8.90396
-2.71873
1.05795
0.20991
-0.539822
3.87938
0.975572
0.808249
-8.06398
-0.784032
0.186001
11.776
3.37998
0.660697
-1.36571
0.266764
2.1203
1.59869
-0.378861
1.48998
-1.28543
1.23049
1.29212
-0.9125
-0.362069
-0.816434
-0.790645
7.76196
-0.32232
-1.45362
1.63148
0.648728
0.29863
0.522684
3.2825
-3.8717
-0.035932
0.0393093
-0.530571
-0.200269
-0.171185
-1.14933
-0.0311092
1.82625
-0.366609
-0.204449
0.282947
-1.40934
-0.17743
52.8266
9.07349
136.478
0.0877887
-0.0312803
0.525667
-0.233211
-0.631823
-0.393067
-0.608131
-0.168977
-0.306171
-3.04781
-0.546673
0.454188
-36.5047
-0.448136
1.76749
-0.808021
25.2729
-61.4849
-1.89315
0.691403
-4.35126
1.3784
2.84319
0.609294
4.54574
1.58989
0.332164
0.607005
-1.85306
0.526149
-21.5078
-6.68076
0.0223293
-0.0942579
-1.18524
-1.64329
-10.0612
-36.0912
4.46368
-0.790513
-3.16572
3.00195
0.179687
3.41516
-2.1154
1.01957
0.256991
3.71288
-0.0154289
-0.131214
0.824875
10.8227
-2.30457
1.05764
-0.641129
1.78927
4.34534
-4.64486
-0.918276
11.8836
-1.14775
1.25639
-1.41834
-0.820867
0.524246
5.515
-0.222482
1.89763
-0.693861
15.549
0.983309
2.46461
-0.881809
0.473331
0.142122
-0.223569
1.44271
3.0666
-1.74626
0.582204
0.000236515
-0.503217
-0.0890237
2.22179
-0.942897
-1.4079
-0.320611
-0.542141
4.51585
0.243274
-1.55587
-0.537683
0.138217
0.714936
-13.8613
-2.8345
1.5753
-0.122911
-0.21655
-1.47279
2.16219
1.71665
2.0957
-1.83277
-2.29168
0.0683718
-7.85159
1.38545
-0.92583
0.155548
0.932788
0.496911
0.177098
-2.7629
-3.15005
-0.0867202
0.244704
0.445927
0.0838979
4.88557
-2.36537
29.6542
-0.577691
-0.774994
-2.17195
5.44387
-1.84942
-10.6808
-0.605411
0.244806
-1.71175
0.696729
0.13713
-0.112048
-0.115006
-3.43181
0.318683
0.845417
11.5957
1.19063
-1.49405
-1.53273
-0.891521
-0.394131
0.279225
0.342167
0.818632
-4.85767
0.84782
-0.0811098
-1.6342
4.63177
21.391
-2.26658
1.98674
1.88269
-0.66185
0.0362005
-1.51582
-0.351988
0.786813
-0.568159
-0.502085
-0.0672932
-1.95957
4.3969
-0.316165
-0.762997
-0.425104
-3.80028
-1.00431
0.401269
31.9705
-7.22249
2.07809
2.18497
-16.3318
1.14974
4.21719
2.32169
0.288471
4.17712
0.0385461
-1.64187
-0.34087
2.33022
-4.27221
5.49474
1.76452
-1.86968
-0.257978
0.375072
0.469854
7.32256
0.210808
-2.04091
4.63305
-1.95514
108.415
-0.899204
-1.56143
-0.0134562
-0.953023
111.742
-0.0183334
0.25037
-0.0474246
1.41838
-1.02334
-0.437223
-0.107127
-1.46011
0.0629565
-0.456612
-1.90204
-4.17468
-22.4543
4.79906
-0.587573
-3.69793
2.14421
-0.0214407
2.76467
1.41174
0.196292
0.153028
19.5455
-0.932964
-1.77706
0.601936
0.984878
1.25665
0.720019
0.405147
-0.447214
7.16288
-2.00512
2.47028
3.59983
-9.29843
0.019363
3.64343
1.25228
0.418751
3.12759
0.550122
-0.283768
0.406834
0.773036
-1.55366
0.100521
0.43739
-1.49243
6.2507
0.884249
-0.63794
-5.11084
-0.312782
-0.333578
-1.74088
3.32087
7.68994
12.2212
1.29401
-0.296884
-17.3229
3.33753
3.63984
0.908019
-3.78216
2.23049
-0.323032
0.00338368
1.17758
-0.231275
0.544565
0.0604513
0.259775
-0.830743
0.465265
-1.19686
-4.2609
-0.621941
1.01997
0.483902
-0.853873
-4.13058
2.39357
0.00724368
-8.51585
-113.766
0.385919
1.01427
7.90443
-1.15622
7.7025
1.39886
4.46239
-3.99331
2.76587
0.443671
-0.17597
1.87455
0.947273
2.40423
0.451213
-2.0927
0.840267
-2.00649
-0.178106
0.967448
-2.20929
-0.93809
-0.643863
-2.53785
-1.37954
1.22339
-5.33474
-0.598583
-0.145599
6.67993
2.76852
-0.615568
-0.0623284
-0.181241
0.778646
-69.7092
-0.863506
-0.80775
-2.19276
-0.669965
-2.23801
-0.618808
-0.652151
4.9855
0.472687
-1.85421
0.87911
-0.179568
1.3809
-4.00939
-1.48017
-0.165645
2.15336
-7.09429
-11.6094
-1.18615
6.31782
-1.71274
-0.519302
0.187704
-0.755235
-0.187574
-0.576067
0.507537
-0.763484
0.45723
-0.130567
-0.829317
-13.882
0.0884464
-0.290565
-0.357242
0.60443
-0.316475
0.126989
-0.741931
-1.50328
-0.509742
-0.985294
-2.79885
0.86058
0.124755
-0.137275
-0.174447
-0.0383013
-4.47055
4.07371
2.11401
5.89486
0.120991
1.55902
-1.6475
9.22538
1.60704
-0.576226
-1.01565
-0.997188
0.000359163
-2.55322
-8.61802
1.15652
9.14434
0.692401
1.15691
1.43854
-0.382521
-0.491095
0.178339
-33.8333
-1.3023
-1.91572
-1.02508
-1.12872
5.73971
-8.92483
0.2813
33.1174
-0.925869
1.1478
-1.59744
2.04791
-2.06594
-0.123739
1.92653
1.90331
-1.01616
0.00547252
0.33832
17.1734
0.479475
0.0330448
0.858249
5.14585
3.198
1.33705
-0.565551
6.20121
-2.67662
1.83453
0.0740357
0.138911
-0.922112
-22.4411
-1.03547
-4.4008
0.363246
0.125353
2.46163
-0.333992
0.182905
1.40543
4.06751
1.29557
-0.403011
-0.81437
-0.361414
-0.70586
-0.152217
1.57258
-6.98153
0.0766874
-0.569894
-1.15102
0.0698055
0.197378
-1.59705
-1.12781
-0.194415
2.02324
1.06917
-2.98649
1.01829
-0.0472034
0.478285
1.52661
26.6511
2.08753
-1.28615
-0.134669
0.910395
30.4038
0.415835
0.43521
1.07345
-0.566145
-4.32178
0.11072
-4.81142
-1.89266
5.8876
-0.42684
-0.23215
-4.80044
0.900407
-1.80343
0.0240391
0.698902
0.0490601
-0.616298
23.3965
-0.559184
-0.948871
-13.9804
0.566389
7.58031
2.23209
3.00118
0.953997
-10.1742
-29.5564
1.77903
-0.347611
-16.0348
-1.55083
3.1622
-4.16925
1.5067
1.28305
2.25513
1.86482
0.186806
-0.419866
-6.75557
0.118724
0.158854
-0.291738
-0.625597
-0.0376866
2.85863
-4.17708
-1.14478
-0.499992
-13.2467
1.64294
-0.555732
0.215479
-0.578468
-0.154834
0.208643
-2.31259
0.477726
0.380096
-0.47055
-0.273375
0.618649
0.534472
1.15961
2.78668
-0.738897
0.979737
-0.251148
3.39762
-1.11893
-1.28121
-0.882061
-18.4121
0.3493
2.33766
-1.57471
1.55665
2.13583
-1.96044
15.854
-1.61791
0.773813
-63.9581
0.874291
8.33153
5.10477
-1.53579
2.42294
1.10168
-1.47174
-0.46805
0.0743615
0.43963
0.6074
1.73135
-0.430627
0.159794
-17.3904
-0.838385
-0.894971
-0.677557
-2.11466
0.338071
-0.149376
-4.35143
-1.38237
0.169952
2.59084
1.26844
0.0378515
-0.536514
1.06442
-0.720395
-0.381628
-4.0273
0.605847
-0.23551
-0.30436
-1.47137
5.19917
0.557665
-0.116956
0.474146
0.88864
0.187323
-0.469112
-1.87107
-0.02509
5.59685
2.1165
-2.36657
0.0749242
0.513342
-1.63413
1.89279
5.37725
4.01184
-6.51744
-0.544484
-0.611672
6.40814
-1.62431
2.20497
1.84476
-0.358839
-4.41814
-0.712932
0.350401
-0.108063
-0.328602
-0.199114
-2.51866
0.556158
4.71487
-0.238776
-2.41211
2.64988
2.25484
0.385747
-0.33733
-0.904157
0.783136
0.842009
-3.95061
-5.83596
1.77649
-0.375429
2.77605
1.64762
2.09582
3.71339
0.266316
3.15199
0.971542
-0.263497
0.621809
2.78671
-0.357824
2.16178
-0.919271
0.725419
-0.694071
0.644845
29.6319
-6.71378
0.347837
-25.3812
-2.06934
-0.140631
-1.40185
-0.919364
-0.803416
-0.444219
2.02786
2.45321
3.87843
0.180254
-0.302704
-2.1652
1.82428
7.6805
-0.624684
-20.1099
-0.147935
-0.0402348
19.3141
8.30226
-0.343
2.61061
-1.60526
-0.423791
-5.4633
-0.10462
5.57629
-0.670627
-6.70259
0.342456
1.06718
0.682407
0.132451
0.437135
-2.3686
3.2112
-2.75336
-0.314102
2.4234
-1.45114
-0.26558
-24.0326
-0.168782
2.37566
2.94374
0.255967
-0.368686
-0.0910371
-0.550573
-1.50819
3.50381
0.704607
-1.51527
0.628316
0.372272
-0.287577
0.941491
1.17162
0.749414
-0.0957586
0.112876
0.395425
1.0834
0.222197
-1.3089
-6.37784
-0.332492
-2.80634
0.51299
2.4854
-0.0268573
0.0225049
-0.246963
-0.476758
-0.000985811
-1.08574
0.687499
0.805562
0.253481
-1.94855
-20.0575
-0.198873
2.31305
-1.41713
-0.416923
-1.19293
0.0953736
-7.33613
-0.196891
-1.74154
0.303888
0.587311
-2.26381
0.118745
1.77991
1.14501
14.2299
-14.5274
-2.9149
-2.65963
1.53648
1.18778
2.09274
1.13397
2.11887
0.123662
0.350108
0.0192367
-2.88729
-0.696119
3.55971
9.78157
11.7893
-5.60424
-0.506661
0.181175
4.94821
0.0133237
0.590867
0.467771
-0.568405
-0.0299319
-0.51879
-0.042199
-0.827172
-2.3686
6.12641
-0.941983
-1.03512
-1.70116
-0.455525
-13.2426
-1.73835
0.196158
-0.381287
1.00393
-1.09287
0.415645
2.93346
-4.02835
1.42371
2.88505
-0.594158
0.871352
-0.0394157
-1.58796
0.781669
24.914
-1.33811
-0.969251
11.2185
-0.577607
-1.03265
-0.247101
0.0593359
-0.62164
0.75406
-1.00583
-1.65763
9.34043
2.21669
0.835224
0.339899
-1.91956
0.202969
0.26253
-2.33751
-1.34882
0.195294
-0.078716
0.066957
8.50309
1.26431
-1.70662
2.56148
-2.78029
-2.49953
-2.03676
-0.755328
-1.36457
-5.07115
0.453826
-6.15437
-0.730605
-0.639091
-1.94888
1.4018
12.002
-0.674434
-0.29931
0.523438
0.212507
1.36359
0.521502
-0.208373
5.49088
0.741777
-1.35813
-1.32172
-0.4469
0.222668
0.734292
6.18962
0.675159
6.37328
-1.21461
0.201466
0.327999
1.18884
-0.200294
0.00280771
1.13533
0.0653523
0.271456
-1.4423
0.232282
0.914781
-1.8568
1.29745
2.31549
-0.720389
0.0609914
1.02469
-2.81348
-0.307905
-0.109876
-1.58643
0.129761
-1.0292
0.895245
-0.0694682
0.224395
0.518162
-0.907296
-0.123613
-0.775381
-0.885272
1.60489
-2.9342
1.45811
0.081524
-0.282292
-1.92469
-0.432668
-0.593256
2.10041
0.0321059
-0.640365
0.311279
0.607841
-0.694732
3.45931
0.885144
-0.307079
-0.450284
-0.612111
1.01678
-2.03324
-4.57599
-0.628583
-0.15152
-1.1826
0.907524
-2.57111
-1.30251
0.535047
-6.50047
2.22676
2.67413
-0.565388
-0.278556
2.23669
-0.133409
1.70204
6.64917
-0.466499
-0.192023
1.72508
0.0651405
1.55111
-0.947099
1.56275
0.22999
1.2856
4.1476
0.607354
70.8326
-0.58882
1.01655
-2.00131
10.2851
-0.994853
-0.892557
0.275855
-0.431405
-0.122612
1.36186
-0.18149
-14.2492
-0.246867
63.7898
1.19553
0.889414
0.0727256
-2.76987
2.77174
-0.484144
0.0471436
4.70052
2.84873
3.41739
1.09549
-2.85253
-0.788646
0.915273
-2.06455
-0.73749
0.243327
121.688
-0.371517
-1.09718
-1.00179
0.523459
-1.86324
-6.96876
1.13989
2.23221
0.471213
-0.162677
1.78649
12.7515
5.92692
0.156435
-5.74376
-0.388404
-0.482964
0.289448
0.0748882
-4.41356
1.93786
-1.6325
3.71134
10.3978
-0.836151
72.179
-0.725589
-4.42701
0.893838
0.837852
6.98921
0.227328
0.740161
-0.828895
-1.50122
-1.03387
-1.18734
-0.177309
-28.5716
0.394602
1.16236
2.18986
1.57746
0.562613
0.376384
-0.10816
-0.469689
1.2678
-3.21805
0.997604
-9.42945
-1.93701
0.841163
-0.0153205
-1.00546
7.73707
4.5018
1.59988
0.205187
0.645994
-0.140328
0.939828
0.769871
-10.1649
2.30529
2.98145
-0.188778
-0.721212
-0.68031
-0.0644002
1.02078
-0.0361789
-0.25536
-2.06761
-0.192736
-0.0678739
-3.6087
0.475932
-0.837354
0.0199892
1.14016
-0.25506
0.376937
-1.69918
1.30091
-0.783196
3.77299
-1.91993
0.179862
-0.728026
-1.1432
1.49178
2.61507
-2.89901
-0.385257
-0.179844
0.060309
-2.30904
1.2153
4.64066
-0.192115
0.803989
-0.398361
-1.20238
-9.27006
-0.138408
0.51425
1.22767
-0.13793
-1.01793
-0.0826246
5.84099
-3.6013
-0.220742
0.454699
-10.1696
-0.428919
1.21187
-4.44517
-0.331757
-12.6244
-0.703558
0.828884
-5.44362
0.0939956
-1.0506
-1.14332
1.63768
-0.184269
-0.758296
0.968399
1.3382
0.0436259
-2.4398
-0.154346
2.25351
0.503836
-1.17232
-0.132967
-1.91879
0.0201566
-0.233218
-0.0478111
1.10363
-0.396463
0.109322
1.68097
-1.136
4.6157
12.564
-1.34787
5.91326
1.25182
-10.7614
0.060894
-4.19679
-0.632511
-0.00101454
-64.6681
-0.105616
1.33285
-9.66329
-0.581266
-0.221107
2.4924
-0.165533
-0.126346
1.92834
0.613247
-1.44248
-0.183807
-66.3661
1.24752
-3.31793
-4.94859
0.479306
-0.340434
-0.365931
0.132837
-0.515771
-0.233335
-2.03961
0.372301
3.74303
0.548224
-1.8798
-0.548256
0.373615
0.478218
-0.461386
5.82758
114.486
0.574028
-0.811043
0.670621
4.00181
0.511847
-1.50733
-0.659889
0.0866659
-0.728169
6.65836
-0.672593
-2.53211
1.2966
-0.719272
0.347565
1.74338
-2.23075
-18.3916
-0.507341
17.2552
0.703902
0.0764877
-229.346
-2.25639
0.534731
10.4524
-2.24819
-7.8639
-0.564387
0.541285
0.485343
0.505971
0.392384
1.12754
-0.434703
-3.19109
-1.8186
-0.214606
-3.25394
-0.473287
0.585159
-1.10883
-1.34122
-51.5853
0.354084
1.46311
-48.6349
3.29164
1.26685
0.67771
-4.75987
-0.875911
0.510347
-0.979175
-0.582015
-0.63748
-3.71204
0.0613279
9.28273
-0.721189
-7.83487
1.67723
-0.880253
-0.0882559
-0.705184
-1.92274
0.538779
0.387551
-0.8178
0.483475
0.422261
-0.857435
-2.75426
14.8762
-3.63602
0.114635
-1.50266
1.30956
-1.71141
-6.1969
-0.754218
-1.39583
-0.343847
-12.6461
-1.79806
-4.48924
-0.301991
-0.0962138
-0.0711241
-3.86053
2.31676
2.10549
7.97751
8.79231
-1.25731
1.49972
-1.41703
-96.4315
1.11156
-0.0377619
-3.14508
-0.108799
-12.7665
-10.4631
-4.49137
1.55416
2.21635
-0.0828556
0.944506
38.0545
0.233102
-0.176138
-3.85681
-0.609417
0.387479
-0.416969
-0.324605
10.6686
-6.5878
-2.3818
-6.74649
1.52562
-0.0675885
-4.91102
-3.543
2.72139
3.13765
-42.6233
-0.769759
0.593116
4.706
-1.89882
-2.11531
0.248349
0.103015
-0.879357
-1.14796
0.321748
-6.25897
-0.90581
-0.288868
0.462773
0.261598
-0.271686
-4.92849
-2.28716
-1.94922
-1.7638
1.77
-0.00524103
4.00127
0.240883
0.0255719
21.5004
-0.799198
-0.954547
-1.85934
2.2086
0.188884
10.7169
-0.65722
1.02642
-1.47909
2.02111
-1.64801
-0.990007
-0.582109
-0.882869
-0.969789
-141.036
-0.0810578
1.90044
-0.201847
0.476387
5.19501
-5.45545
-8.1312
-1.06649
-9.192
-0.265653
-0.0443827
-0.798459
22.428
-0.380456
0.878503
-0.074737
229.597
-0.734614
-7.55572
0.0370603
1.94073
0.793666
2.79775
7.30369
-1.39849
-0.190817
-2.26574
-0.942492
2.28793
-5.27248
0.83762
0.030114
0.258083
3.68235
-0.283246
0.315811
0.990488
-0.486216
1.92538
-9.25562
-5.18027
-9.5296
0.871149
3.40692
-0.392606
-0.756399
-0.860814
0.285941
-0.374083
-1.17734
-1.02244
-1.03533
-0.0346853
1.81166
-58.1815
-0.708827
0.843151
0.729049
1.37089
-2.20738
-0.281897
1.77961
9.17059
-6.03176
-0.382045
-2.28509
0.925775
-0.300447
2.39146
-0.0500897
-0.787667
-2.06939
-67.1171
1.33835
3.00892
0.707452
-0.126347
-0.208922
-1.17154
0.164408
-0.715764
-0.739659
1.93805
-0.456538
-1.13966
-0.0885813
-1.50874
-3.4048
0.653677
7.80076
-5.4108
11.2437
-0.717633
0.549881
-1.01589
0.868366
-3.7717
0.969692
-4.73667
7.62356
0.147019
0.716107
-0.168259
3.95953
-1.48121
1.03985
-2.11056
0.570751
-5.23873
-10.9481
-0.376392
0.588423
0.892742
-3.60398
3.70171
-1.08529
-1.05346
-3.75157
3.79984
0.225485
23.3066
-2.37364
25.2038
-0.632512
-0.684308
1.89737
-0.332828
2.52578
0.240374
-0.190748
-0.370834
3.28001
-17.2562
-2.47224
-7.70344
-0.666572
-0.98534
3.828
-1.64422
-0.632146
25.0861
12.5489
-4.23423
7.07312
0.671989
-0.301731
3.02694
5.65409
2.09218
-0.568238
0.419874
0.410336
5.1272
1.16621
-0.0363555
1.25968
-3.85274
-11.4164
-2.76457
0.759533
0.556796
1.27503
-0.114617
-0.574132
1.8941
-0.122818
13.4488
1.48788
2.12697
0.898401
-0.00110219
-1.26597
1.99922
0.318669
-2.83314
0.682984
-5.6037
0.470165
0.861372
-0.643982
-1.11689
3.67802
-1.81553
-0.967215
1.25666
1.90938
-0.626147
-28.1296
-0.911989
0.437957
-1.45113
-2.02229
0.163357
0.39128
0.404767
0.20186
-0.629302
0.352576
-4.3362
-0.348014
-0.635128
0.379981
0.325754
-1.08144
1.69025
0.221304
-5.49099
1.56922
0.667625
0.34117
0.965744
0.258285
0.133013
-11.6329
-1.08115
-33.5939
1.67136
-2.55442
-0.109277
-447.215
1.84504
-3.8058
7.00263
2.63477
-0.0738869
1.51266
1.37579
-1.26031
11.2618
-1.9414
-0.481387
-0.800146
-16.36
0.110052
0.83733
-0.922233
0.34009
0.408568
-3.33178
0.649815
3.06007
64.7864
-3.48638
-0.437374
0.0917802
-0.208079
0.457338
1.58591
-0.382872
0.317126
-0.28334
-10.9193
-0.388993
0.651895
-0.0720159
2.78126
0.394528
1.52736
9.00168
0.54565
-0.666209
-0.0988675
1.58699
-0.642453
3.41855
-3.37958
2.82259
0.460183
1.28082
1.98472
-1.2742
-4.27869
-0.795637
0.353893
0.0416039
-0.675465
0.954888
-1.60396
-0.171073
0.321156
-0.645819
-4.5754
-0.402537
1.15498
1.6829
-1.88474
5.3311
0.490954
0.569935
0.19557
-0.323603
-1.26107
1.06189
4.51402
0.777323
0.349446
3.09887
0.535301
0.361934
0.484788
1.24194
-0.105517
131.001
8.1165
-0.917595
4.44553
-2.91674
-3.64206
-123.399
1.91843
0.725936
-4.94665
0.587217
-0.382448
-0.630032
0.2337
-8.6947
-0.141969
-6.96331
-8.93737
-622.579
-1.86886
-10.3259
0.272009
1.12222
33.1532
0.00424839
-0.084578
1.78262
4.46051
3.3108
-0.836081
2.17379
0.228101
-2.61424
-0.206837
-23.0197
-2.09538
7.36577
-3.09
-0.482018
-3.19519
-1.11482
0.0565981
2.39137
-0.0810008
-0.214293
0.87233
-2.64175
0.631571
-1.6104
-0.194371
-1.48563
-1.23702
-0.282739
-5.41406
6.86754
-0.723194
0.321656
0.303454
3.34111
2.76436
2.79333
-0.0143611
-1.58984
-3.49632
-6.63555
8.40887
-0.0914173
-0.167454
0.00836066
2.79264
0.325866
0.240113
0.735584
0.941838
1.48968
0.0119088
-3.56442
0.294123
-1.17029
-128.036
0.797661
-2.82857
0.233565
0.410406
0.0496572
-1.98422
0.84211
-0.517445
13.1165
-0.329584
1.03549
-0.266257
-0.430332
0.0820392
0.218565
-0.926511
-0.233816
-3.99734
0.39986
-19.3564
4.30434
0.276911
0.905799
0.0956816
-3.68576
-0.0957389
-1.48024
0.379019
-0.573898
0.120916
-1.38052
-4.1507
-25.7358
0.427186
-11.0889
19.4717
-1.7815
-1.11449
-0.0779753
-0.705441
1.67691
-2.53831
-0.753576
0.151011
2.68591
0.436477
0.503512
-1.43925
-0.341074
2.59384
-1.45802
1.24796
0.0628318
0.079953
1.99157
-0.699485
3.06608
-3.05552
-5.78156
-0.92894
-6.32719
-0.844771
-1.20547
-0.0263007
1.17153
3.23815
-0.30859
0.844708
0.755213
-5.73289
-0.224897
3.07869
-2.01292
-2.40052
0.543148
0.964329
0.897043
0.887185
0.470725
0.828702
5.10285
-0.323451
22.345
-6.70423
1.03775
0.963987
-1.49904
-0.536357
-4.48465
0.397906
-1.46267
0.161632
-1.46942
-1.61049
-1.23056
0.447462
0.230095
-1.00736
2.05881
0.17963
0.851317
-0.709249
-4.88702
0.209759
6.08845
-0.826024
0.187772
1.7578
0.0531924
-0.655132
0.334202
0.749863
2.98091
-0.0824029
-96.0989
0.200513
0.513456
-1.03901
-0.154054
0.277123
-0.147814
-0.497089
0.259251
-0.731846
-2.5632
-0.69729
-1.12556
-1.10999
7.17818
1.18199
-6.28296
0.430252
-0.968693
3.68979
-0.360638
-0.403322
-2.16344
-16.0235
-1.69815
-0.780581
10.6105
-0.0751554
-2.12474
-7.55694
1.13933
-4.53426
0.332251
-0.621057
3.05812
0.500734
1.64496
1.01927
-0.10068
0.550845
-2.50842
-0.346417
0.438331
-0.564994
-0.01979
-0.264584
3.06613
18.9241
-0.0359264
-0.679144
1.99392
9.30077
2.27623
-2.3273
0.516704
0.533885
0.610412
-0.888818
1.95869
-1.90584
0.378671
-3.23586
-1.04651
-1.24095
0.0232698
0.713334
-0.452238
0.50562
6.34704
-9.18994
-0.117505
-14.2468
0.145059
-0.582116
0.0982549
-0.793863
-12.6851
0.558656
-0.511422
0.477662
6.66339
-0.320659
-3.36861
-1.41129
-2.84485
255.447
10.7113
-0.283378
0.158274
13.9039
-1.46613
-6.80926
-0.402409
0.372771
-3.51896
-1.27201
0.40355
8.28268
-2.24142
-1.15407
2.91494
1.07429
0.529019
8.76108
-0.171887
0.877168
-1.53482
-2.78726
2.15997
-1.82928
-1.85744
1.02447
2.01479
0.325796
7.8837
-4.53446
-0.880124
0.674291
-0.195404
-0.590393
-0.254575
1.8522
-0.507535
-0.467409
-3.07498
0.935501
-0.862533
-3.71557
0.784396
-0.894034
-0.278015
7.08124
-1.21823
5.60872
-0.161424
34.7446
-7.96257
-1.7079
-12.86
18.78
0.194256
-0.235979
1.23784
-0.502364
-0.396648
2.23562
-0.408384
8.71042
7.33687
1.07869
2.27747
-1.77631
2.06685
1.47833
-0.210967
1.68618
-5.21988
1.20039
0.0583604
-47.0289
3.61285
0.956494
0.361889
-10.398
0.298819
-0.910858
0.370271
-5.57918
-0.69788
0.438773
-2.31481
0.627642
1.60231
-0.412297
-9.01036
0.0655743
0.0199936
-0.447521
0.480711
-2.64169
1.94524
-0.968424
-2.63633
-0.105474
-1.23786
0.230277
15.1121
1.07356
0.505688
1.01678
1.42981
1.86368
-0.30589
0.969079
0.196548
1.30529
0.189912
-0.122631
0.658402
-0.472596
0.2761
0.718227
-3.37126
0.376779
-0.073834
21.6664
-9.67277
0.617051
22.5593
0.605925
-1.41968
-0.454802
0.498795
-0.124993
-0.271351
2.69967
0.770315
0.444833
1.81294
-1.7724
-1.40401
0.608111
-1.01808
-0.630532
1.1077
-0.609522
6.03013
2.97182
0.740063
-1.46935
0.532116
-2.31766
-0.843523
1.70842
4.7329
-0.997045
-2.71364
0.471126
2.74746
-0.819927
2.00861
1.04759
0.60033
-1.47823
-2.32597
-0.531484
-1.22843
-0.243036
0.509308
0.252197
-0.147677
-0.513021
-0.272669
4.43367
-4.45003
2.49326
1.56109
-0.294891
-0.413759
-1.62766
0.9181
-2.69535
1.81215
-3.54401
0.1418
-10.4336
-0.605469
0.270493
-0.527012
0.969937
0.60539
-0.354179
0.451485
-2.35962
-1.23416
0.683511
-0.143161
0.212756
-1.3351
0.0606355
0.124413
2.4924
-0.475527
-1.94865
-0.512249
8.03779
-0.875419
-9.6114
0.556802
1.43457
1.5866
0.217572
0.456378
-0.458063
-1.07043
4.48177
0.88076
0.729019
-0.523571
-0.153248
-1.60913
2.12467
1.30312
-1.59204
2.00048
3.34164
-15.2557
-0.147799
0.252871
4.47503
-1.57073
-0.280477
-0.392684
-2.7629
-0.166089
0.248919
-0.586207
-1.1393
-0.22992
0.289752
2.35119
0.142953
-0.679239
1.52565
4.89991
0.149135
-0.402385
-2.07427
-0.374067
1.63025
1.04595
0.460644
9.19691
0.542985
-6.83802
7.14966
-0.204118
-0.209882
-1.21685
0.304204
0.315472
-1.62552
0.665609
-1.44956
-0.352607
0.143522
0.77578
0.070226
8.42681
-0.537904
0.0360893
-3.1692
1.41407
1.49964
-4.17817
0.692479
-0.392475
3.17463
2.20052
4.45098
0.733974
-2.35923
1.98091
-1.06752
10.2374
-24.0729
-0.126117
5.26626
-1.50297
-0.293726
4.0081
-0.460272
1.32359
0.535147
-4.9844
-0.0612721
-1.45873
-0.402563
0.016741
-0.22131
3.58399
1.62669
1.65565
-0.863861
-0.997936
1.27854
-0.277455
2.13724
-2.29725
-1.68772
-0.09605
4.04181
0.0662536
-0.98663
0.705544
-0.106419
0.923372
0.666652
-0.398667
-0.266728
0.673857
0.502558
0.574551
0.730324
-0.679384
-3.24569
-0.841354
-0.00784397
-0.0932889
2.59439
-0.562032
0.720442
-2.02947
-22.2257
-0.806141
1.55576
1.55313
0.574456
0.280688
-3.2055
-0.0646024
-5.80932
11.6286
16.3848
1.20392
0.89468
-1.89772
4.33984
0.759948
0.355691
-1.39978
-0.372254
3.61063
2.90258
-1.017
1.29428
0.26598
-10.0051
-0.300734
-6.40988
-0.465354
-0.551548
0.752298
0.229624
-1.6042
1.32165
1.60958
-0.29107
0.261105
-0.868141
2.71481
0.353739
-0.785742
-0.439484
-5.59212
8.5683
-1.36605
-0.358327
1.17818
5.96408
0.748132
-0.0603541
0.349282
-0.0651484
-0.894247
1.44518
-1.45551
25.2637
0.228293
-0.229947
-0.518133
0.335557
-0.233402
-0.712405
-0.267539
-1.032
-0.716738
0.427603
0.278907
-2.42641
-0.337333
1.28825
-7.52406
-1.16907
1.44392
1.7855
0.469015
1.52365
-0.683529
-0.226883
3.23256
-1.29839
0.639913
-1.05862
0.713009
2.66586
-11.1336
-1.61459
-0.403891
1.34108
-0.637934
-1.9571
0.18538
4.2583
1.27441
0.126079
-0.757402
1.6865
-0.213632
4.09476
1.02739
3.32299
-1.80571
0.562406
0.453185
2.02287
1.63157
-0.174892
-2.38408
-0.600012
-72.3592
1.35637
13.4405
-1.61962
0.272619
-3.47067
-24.7204
-0.155279
-0.681248
3.29583
-0.319921
0.54224
-5.47062
-0.0583883
0.944309
-0.424787
3.17652
0.408681
7.85973
0.131159
2.72762
-0.791004
-0.263847
0.0691812
-0.702999
-5.99705
-2.39876
-0.39084
0.374742
1.6244
-0.98673
1.27874
0.483599
-2.01039
3.76565
-0.865014
0.071521
0.418818
-2.7375
-0.380503
1.12748
3.40663
7.95336
1.04783
-0.321585
2.78822
-0.349292
-1.44223
-0.524899
0.251686
-0.0925625
0.350659
1.49867
-0.39902
-2.4191
-7.72147
-0.266626
0.393165
-5.10114
3.38551
0.134936
0.441758
-2.00711
5.60341
-0.466829
0.431436
-0.478152
-3.5843
1.38728
-0.487665
0.224802
-3.45418
-0.261936
10.7407
2.40954
0.142532
-15.8468
41.8045
-2.05167
-0.0166392
-0.751198
11.765
0.878888
0.245974
-0.0483162
0.100718
-2.66977
-0.764141
2.9655
2.25526
-8.58316
-1.4444
-0.925052
0.38998
-21.1901
-0.376349
-0.520165
-0.163989
-2.4745
-1.49857
0.535942
1.49317
1.35182
0.377626
-0.871186
-0.639541
0.420988
-1.34542
1.19497
4.14815
-2.74823
-0.622746
1.57439
0.836569
-0.407065
1.8429
-0.12435
0.221674
-31.0785
-0.101921
-1.16631
-2.70489
-25.8208
6.02219
0.139629
0.0987933
-0.579328
6.77832
0.452804
-0.641089
1.89724
1.64846
1.67062
2.55124
-0.256155
1.85594
-1.0405
-0.454716
4.64725
1.16553
9.8722
-0.741621
0.437054
0.653049
0.202944
-76.0859
0.115523
-1.4964
-1.0488
0.0461333
0.626972
-0.434341
6.5992
-0.146582
0.165063
-5.56578
-1.21537
0.828187
-4.1226
0.39854
0.420431
-1.7966
4.27406
-11.1876
1.39119
-60.6491
-0.890776
2.85353
1.86934
-0.160624
-0.153459
0.134997
8.60391
-1.52087
0.613607
0.537238
0.295715
-0.812311
0.667618
5.28726
-0.789641
-0.385304
-1.16665
-3.17035
0.435455
1.55421
-0.289623
2.10216
0.0154291
5.86101
-0.164304
3.29335
0.0382491
-3.50453
-0.366809
-1.48307
0.913162
-0.0201839
0.671224
2.54951
-0.177935
-0.226564
-0.0477114
0.017201
-0.586831
-0.442785
2.5107
9.24782
-8.37778
-0.843102
-0.177422
-0.0393435
-0.107156
-50.3123
0.25358
-2.61865
1.64449
-1.19853
-1.65323
-0.60959
-3.137
-1.39886
1.31943
-0.395133
-0.348189
-1.44877
-1.79492
-4.31959
-0.346844
-6.79564
-0.0371639
0.238008
-0.0612421
0.632549
-6.22176
-0.472939
-0.335614
1.48118
-0.571243
-1.04601
-1.08951
0.48612
-1.44171
-0.517545
0.305637
2.01987
-1.30823
0.185376
-0.329844
-0.549798
-1.32417
-4.84904
-2.21314
-1.28827
-2.39988
-5.05807
-1.55842
10.1605
2.41429
-17.6388
63.1972
-7.81672
-0.287373
-1.43999
0.235633
-1.15208
0.4641
0.453564
-0.401102
-1.32434
-1.72988
0.134673
-0.507558
-0.306514
0.242817
17.6481
-0.824765
0.650906
0.413149
-0.0864119
-0.517365
0.815275
0.305109
0.365949
1.15609
11.9411
-3.51259
2.15143
5.60869
1.11464
-1.71543
-3.78765
-6.87225
4.47735
0.498654
0.652487
-3.59019
-0.508363
2.82429
-0.48248
1.82083
0.62744
1.54156
-1.10576
-0.72359
1.60371
-1.24968
0.462072
1.07811
-0.101663
-0.481038
0.372694
-16.0352
-0.170933
-0.762271
-18.2806
0.322071
-1.65496
-0.190794
-0.538767
2.99517
0.401839
-3.84039
-0.370823
-3.22243
-9.52933
-0.55934
-0.681879
-2.23078
-0.407085
-0.403886
-1.02578
0.302032
0.684402
-0.153235
10.0888
1.40801
0.212531
0.341724
-0.203437
-0.42684
0.665942
1.38103
10.823
-1.49456
0.34677
1.85521
14.6719
-0.978497
2.33784
-17.2132
-3.05826
0.67742
0.607414
2.71577
0.602624
-0.502632
-0.507519
-0.813576
1.0964
-0.305604
7.16145
-5.64265
0.231928
1.51938
-0.683063
0.701693
-0.929339
0.053752
-0.363916
0.380757
-1.04048
-0.430604
0.471742
-1.94397
1.6255
0.386138
0.659604
10.1323
-0.968875
0.112644
0.105072
0.882874
-0.202154
-0.294902
-1.88949
0.232721
-2.09161
-0.402835
-0.0875966
-0.180333
-0.122727
-51.922
0.749218
-2.12179
0.654678
-1.26987
0.432786
-0.567118
-0.580523
1.94569
0.188416
0.0416516
-0.926049
-0.420505
-0.52154
6.99316
-0.60191
-3.7894
-3.43915
0.641961
-0.908721
-1.84556
-0.339439
2.1114
0.421488
3.30156
1.19309
14.4953
-1.6781
0.453222
0.408868
-369.152
-0.545765
-0.751836
1.16058
-0.36489
1.52647
-0.377032
1.65668
-1.27723
0.249255
1.20394
0.0984222
0.782372
4.38254
0.421075
-0.209132
-3.08899
-0.907932
-0.910794
-0.0989871
-54.4146
0.351497
-0.330995
-0.248575
0.612028
0.839138
0.768734
4.07913
-74.3643
-0.5322
-0.181442
-0.268392
0.824198
-2.37034
1.27935
0.319554
2.82427
4.03933
0.59027
-2.13296
-0.65214
-1.23846
1.01848
-0.643299
1.86471
5.73324
4.4409
-1.4262
-1.60233
-8.70561
-2.17355
1.98847
-0.0447285
0.916442
0.435738
-0.232777
-14.9174
-64.088
0.100546
-1.51821
-48.5919
-0.301781
1.68066
0.794482
0.86862
0.891394
-7.61964
0.600483
0.0895253
-0.480958
0.624422
1.27358
0.0915776
0.470493
3.45036
-2.22426
-0.036282
-7.51868
0.579927
1.8476
0.479924
-0.0656161
-11.9521
2.19662
-3.05868
-1.28518
-0.308324
-3.56811
3.91718
5.69654
0.459356
-0.0666679
1.75589
2.7183
0.877369
-9.54041
-3.40225
-5.24006
1.48343
0.490916
-1.46011
59.9116
-0.740571
0.21246
0.231207
-0.499545
2.98193
4.50077
0.306043
0.878371
0.776911
-1.58434
2.70009
2.89485
-0.614014
-1.57423
1.57893
-1.03359
-2.09201
0.173214
-2.57387
1.58297
-0.462194
-0.623728
3.61623
119.783
0.982531
1.45213
-0.691026
0.0268628
-11.6931
-1.98541
-0.0232462
-0.415521
0.111971
-2.44368
-0.489267
-19.0979
0.122369
0.708492
-1.6545
1.24189
8.76719
0.79713
0.0508491
0.598675
-2.57332
-0.985122
-0.73116
43.0654
3.84505
-1.33808
0.52015
0.657232
-0.83394
0.400477
1.18195
0.562066
2.27461
0.135246
0.224285
-9.02601
2.19829
0.857037
-0.646064
1.16614
-1.22631
-0.425371
-0.334632
-0.166306
-0.035832
-4.17426
0.598987
-3.44905
0.274623
1.71699
5.69221
-1.10554
-0.159838
-0.23
0.873867
0.721507
0.990765
-0.894696
2.31653
1.28363
-0.527324
-0.391098
-3.46732
-0.0295491
4.79503
-0.128752
-0.546225
2.28113
1.51382
0.90829
-0.727487
0.39365
-0.157948
-0.915506
1.66479
0.557339
0.648553
0.808591
-14.4421
12.6859
0.729907
0.512053
-0.452613
0.0513913
-1.51659
1.1243
-0.154778
-0.138884
-3.53706
2.87288
-0.700244
-0.851235
7.66035
-4.31896
2.38976
-2.41674
-1.34222
-0.995212
2.05087
1.25652
-0.185141
0.136053
0.166593
0.96082
-0.564252
5.54089
0.183888
3.23508
-61.59
0.539718
0.308399
-0.638797
-1.49495
0.12879
1.78617
1.06489
-1.49483
0.297087
6.61223
-6.68692
3.23979
-0.682989
0.352768
3.88994
-0.315895
-1.79309
5.84799
-0.0960622
2.95774
1.15366
-1.35252
1.08729
0.141254
10.8478
1.10417
0.0837565
-1.10758
-1.05663
-0.124748
0.736218
0.126276
-1.09379
-0.426364
11.1962
0.695754
-0.278761
-0.364102
-1.01383
1.45887
0.416891
-0.718434
0.539139
7.184
0.581136
0.638337
-0.341027
-5.10237
-0.506122
-1.91749
-0.951556
4.07035
-1.46401
-0.258654
-2.87153
-1.07765
-1.48534
1.32704
7.54121
-1.93617
5.49666
0.628294
-4.97991
0.35274
-1.5866
0.597519
1.83129
0.178137
0.431957
-0.88215
1.23233
0.685007
0.387923
0.169867
0.79473
-2.33508
0.277432
4.44959
1.37655
-1.37757
-1.43025
0.329421
0.297373
-1.176
-1.35554
1.04714
8.46391
0.882419
1.07018
0.284113
-0.483945
0.439177
0.24837
5.21379
0.725858
-0.0732536
-0.368967
4.24616
-0.570184
-2.67813
0.563008
-0.953103
0.89381
1.00847
-4.00777
-2.37686
0.932331
4.49204
4.94957
-0.0742404
-0.460803
-11.6092
-2.71532
-1.12058
-0.839716
4.43346
0.25988
-0.265964
-1.61416
-8.20295
-0.33588
-29.8894
-5.73421
-1.77187
1.38449
0.0149225
0.178866
0.25183
-2.73198
1.41576
-0.183449
1.84046
0.0769021
-0.0347112
0.534473
-0.974776
1.27641
-0.340119
-0.302475
-1.57878
3.19622
0.322451
17.4406
1.17314
2.92771
0.349729
0.322927
0.428424
0.725376
-0.568447
-0.119944
3.8572
-0.200125
0.998913
0.156242
0.321147
-2.39697
0.212675
0.344071
-0.293198
-1.73378
0.211963
-1.03849
-0.398096
1.00678
-4.66299
-0.719769
-4.64832
1.44117
-0.8876
1.85852
1.10495
0.578878
-0.0262133
7.07837
-0.15011
-1.77743
2.81461
-5.99551
1.01064
-2.81211
-0.771238
-3.13055
1.60103
-0.242396
-0.220182
-0.938274
-0.0876229
-0.14092
-2.12201
-0.332709
0.665175
-0.202188
-0.0224066
1.31727
-1.58413
464.689
1.37146
0.543259
1.13792
0.0755947
24.0805
0.841519
-1.57402
3.17225
0.00325858
1.02493
0.15079
0.880436
0.152861
0.753958
-0.261703
0.537898
-0.316704
-1.02465
-0.993214
2.21746
10.2616
-0.254131
-26.0901
-0.789238
-0.101041
0.666269
-0.159197
2.49365
0.544378
0.402327
0.100481
1.35574
-0.739946
-0.232357
-2.48924
-0.18807
1.60465
5.69085
-7.8773
4.69892
-0.0941363
2.00023
-0.961272
-1.00791
0.996375
-0.731611
2.06011
0.5703
5.51216
-1.77213
0.163297
0.0219655
3.08569
0.14192
30.0658
-6.83175
1.15165
20.8314
0.666066
-1.79909
0.46372
0.114113
-1.92975
-1.77101
-0.469048
-0.508311
0.460951
0.369885
0.26472
34.7776
6.25732
-2.30265
-0.868934
-0.842462
-1.758
0.870671
-1.3242
0.666437
0.214571
1.31611
0.913871
6.63685
1.01569
10.6146
-5.76432
0.257255
-0.82176
-0.469893
-2.14959
1.47689
-2.87568
-0.590594
-0.692959
-7.94745
-2.87182
-0.607247
12.8708
-23.1108
0.822145
-0.470348
6.30584
-0.0086057
3.04363
0.674668
1.29905
-4.54632
-1.48725
0.610861
0.24137
-1.3698
-4.77489
4.30184
0.173242
-0.198986
2.37828
-0.027071
1.46673
-1.17971
-9.42188
-1.56978
-0.529307
-2.20075
-0.544204
-1.26476
0.824165
0.353743
-24.3744
105.095
-13.8506
-0.269314
14.5967
-0.982405
2.20607
-1.23793
-1.71654
1.40801
0.794294
0.0262921
-1.86655
9.24565
1.82968
0.177687
0.6311
0.36364
1.4363
1.05115
0.896357
-0.669646
1.05082
-2.14971
1.15717
-1.10073
-0.93318
-0.201226
-0.853801
2.92754
-1.40005
-0.982686
2.03989
0.822811
-0.227396
0.380552
0.472901
2.13052
2.28733
0.0271186
2.17132
-0.85045
1.40027
0.142718
-6.78311
-0.399309
-0.301807
-0.216486
-0.429621
1.11152
3.45633
-0.170813
1.2643
2.54678
0.228125
-0.440813
-0.596799
0.0387563
3.05417
-0.442356
2.56618
1.48658
-0.0330893
0.220307
5.54276
-0.492473
-1.8252
-0.130689
0.130497
-0.325592
-2.88036
-0.300408
-7.19231
0.976756
2.45673
-5.63441
-1.54657
1.05876
-0.446178
-2.02319
-0.420476
-0.394162
-0.26015
-0.0733706
0.211976
5.11606
6.05984
-0.940585
-1.68023
3.33927
-4.3542
8.95702
1.15376
-2.90037
2.37047
-1.97175
0.00532807
0.767374
3.44823
-2.02756
0.513394
0.980319
0.349506
3.22105
64.168
-1.05104
5.62302
-0.230039
6.18051
0.144995
-1.4088
0.466198
-0.630767
-0.180726
-0.986155
-1.97077
4.8044
0.0644224
-0.182563
0.733468
-0.7071
0.833971
-1.10497
2.77743
-3.79124
-30.3434
0.49749
-1.73588
0.202977
-9.94896
0.785272
4.01606
-12.4265
0.577284
-27.2684
0.06498
6.89449
1.2464
0.535086
1.24448
-1.45752
-15.4575
-0.394229
0.279125
-1.79376
-0.962287
-1.34466
3.12983
-2.32472
-0.674135
0.455415
-0.971345
-4.78562
-0.437576
0.697393
-1.32295
0.380429
28.7263
-1.35478
-0.277951
-1.42548
0.0641232
0.291451
0.904814
-2.01319
0.203663
0.811279
0.806899
-5.13328
-188.84
1.2426
-5.93344
-13.405
0.890016
-1.27386
-1.11734
1.7445
-0.280357
-0.938914
-18.6809
-0.178236
-4.37952
-1.395
-2.65608
-0.710486
-0.045097
-3.55839
0.830264
0.100427
0.309689
-0.654321
3.0631
0.125861
14.615
7.32524
-0.249182
-2.33089
-0.668326
-0.558109
-0.324608
0.119883
6.87746
-1.01752
2.83457
0.900951
-0.0766198
-1.09219
0.789214
0.190046
-1.20199
-0.572681
0.241473
0.0701337
-2.1173
0.33332
-0.0173589
-0.95978
0.903589
0.313887
-4.37662
3.69739
0.648708
-2.2586
-1.17259
-4.38655
4.66848
-17.109
1.82478
1.71367
-11.4327
0.940958
0.186328
0.0860857
2.00112
-1.38559
-2.39068
3.22602
-0.374995
0.0269523
-12.3421
-1.86691
0.368131
-0.730436
-6.69014
1.18148
0.946847
-1.27859
0.884335
0.162954
1.3012
0.555442
2.29626
2.4809
-0.814756
1.47495
0.822042
-0.0237267
4.26939
15.9418
1.37013
-0.390406
0.577767
1.0412
0.269976
0.927382
0.676611
-0.292806
-1.18875
0.231162
-3.96315
0.855151
-1.98833
8.74003
-0.178136
-2.58228
-0.766296
0.295491
-6.94752
4.87004
1.03837
-6.09346
-0.359901
26.2135
1.12571
-0.27492
0.26443
-0.674653
0.231508
-0.499968
0.0586532
-0.273401
-6.80371
-0.668675
1.32894
-1.65704
-0.675882
-1.40869
-0.31235
5.81269
1.59889
-48.1831
-3.95624
-2.85032
-0.978025
-0.941148
-8.59274
-0.757052
-3.83262
-0.640377
-5.37046
-0.670301
1.30132
0.402724
-0.351402
-4.5006
1.60259
-6.41367
-0.315421
2.13291
-1.91094
15.0323
0.111919
0.110935
-5.95344
0.0634456
-0.321143
0.0764397
0.871957
1.15085
1.90515
17.6311
0.768377
0.0360358
-3.25852
-0.0528397
0.340746
0.784275
-0.734641
-0.309487
-1.09592
0.843789
-0.47767
-1.21144
-1.47689
-2.17783
-9.14965
0.667482
-59.6649
2.02056
0.719225
0.0709974
-2.28186
-3.8256
-1.65834
0.988163
-0.0814494
0.0803269
6.14525
-0.943778
1.34124
-1.13881
8.41148
-0.636351
-0.146285
-7.3523
0.811343
0.705479
0.437692
-0.0210004
0.0656966
-2.21648
-4.43943
2.13337
0.212883
-0.30983
1.39471
-0.955098
-0.215755
-1.056
-5.82723
1.58557
0.0411585
0.909903
-0.0979479
-1.15638
2.06329
-4.47848
0.439696
-0.183248
-1.54897
14.786
0.41485
0.300306
0.0808487
0.341993
-0.257949
-1.3398
-0.665675
0.847823
186.4
-0.336411
-0.87319
-1.03532
-0.0417787
-0.338595
0.336713
-0.14141
1.13442
-0.797831
0.358505
0.717598
0.529684
0.2645
0.552273
0.123905
0.357749
-2.09047
-1.3313
4.07383
-0.53617
2.15899
9.78394
-2.5558
0.380906
0.362222
-0.256519
-1.34796
0.342275
11.4067
-2.97653
0.981608
-2.55981
2.29611
-0.507056
1.32748
-2.40798
-1.32457
-0.992875
-2.16074
1.45742
0.248684
-0.402122
-0.423059
-90.4422
-30.2793
0.0906149
-0.291257
-0.366251
-0.263848
-0.0762447
-0.648611
4.90406
0.636373
-0.331294
0.871436
-24.241
-22.4354
-3.97286
-1.86335
-3.7019
0.884637
-3.35401
0.537595
-2.92294
2.83425
-1.38779
-1.61607
-24.9361
1.83762
-46.6422
0.221082
29.6749
1.76269
0.403261
7.99754
1.4737
-0.346647
-1.82332
-0.203577
-2.4765
2.58442
-8.03593
-0.0522405
0.98663
-3.44548
1.82739
0.84637
-1.24197
-5.62417
0.336668
-1.61361
-2.12257
2.70502
2.09071
0.995491
0.128471
-1.05592
-0.156195
2.17605
0.532046
-0.701189
0.355285
0.119783
-2.67384
-1.25602
-0.645599
-3.54737
-0.854719
-0.313614
-0.945891
3.83413
4.01398
2.26561
1.13892
2.84667
0.491514
0.434708
2.79509
-0.83132
0.927537
-4.55574
2.9443
-16.8012
-0.0650332
0.514882
-2.91048
-0.133493
0.796476
-4.54011
-0.842594
-8.62769
3.38134
6.9477
-3.26822
0.348197
1.7694
-2.2918
-1.00608
2.58617
-1.23063
-4.52596
0.840709
-1.87241
0.455356
-0.139729
-5.07361
-0.550614
-2.16857
-1.1884
-0.080149
0.192047
1.45375
2.97196
-0.517449
-1.06912
1.47324
-0.32071
3.0844
-4.42413
-63.7017
-1.23684
1.08799
-0.826813
-0.161085
-0.42182
-0.50688
1.94772
2.62137
-0.346054
0.953591
1.96248
-0.524903
-0.977674
306.416
-0.584058
-3.73079
0.319366
-0.532166
-4.21002
-0.196022
-0.176302
-55.5482
-0.0379714
-0.364233
0.2602
-0.267879
0.0551092
-0.393882
0.730686
-7.06328
4.3181
-0.264867
-0.158556
-1.41268
-0.716323
0.745398
0.286843
0.347162
-0.122251
0.995753
-2.87295
-4.51235
1.77901
1.74749
1.24068
-3.61136
-0.202084
0.144762
-0.0610736
-0.345878
-0.118005
3.25082
0.797436
-6.3892
0.325233
-0.602704
0.341893
-1.11862
23.2463
-32.0995
0.395596
-0.241735
1.62564
-1.10095
-0.722137
0.146903
-1.03126
6.52735
2.75048
1.08891
-1.64637
1.99894
0.727493
0.0732699
0.456278
1.73402
-0.41634
-2.00146
-0.0782722
0.439674
2.79209
-0.355438
4.99485
-1.0285
-0.425463
0.576404
-2.45708
2.70655
0.608575
-6.07051
-1.1646
-0.182884
-0.802973
-4.16498
18.4459
-0.121698
-1.57952
-193.991
-0.608511
-0.985174
-6.94927
1.38353
-3.43886
-0.859237
-5.06609
9.28975
-4.86408
-0.287744
-0.355065
0.489533
-1.49446
1.65954
2.00908
-0.43724
0.379109
0.135237
0.46357
0.254511
1.39108
-1.03169
0.543994
5.99714
2.20338
-2.47607
2.48578
-0.0953054
-0.0525157
-7.93952
-0.0436377
-0.612049
24.3697
-0.374614
0.965463
1.77393
-1.19352
-1.77027
2.68813
2.35635
0.482274
0.836468
-2.71602
-0.994957
-0.051637
1.23152
-0.127426
-0.817139
5.57608
0.429678
0.10859
0.0932778
0.213895
0.0974644
-0.641624
-9.6056
0.552152
-0.98005
0.567833
5.782
-0.666164
0.328099
5.59227
1.42634
-2.12129
-2.99984
0.0114362
-1.8122
2.32822
-0.221462
5.5616
1.19666
0.389987
-0.80131
2.75314
1.74692
0.231099
-8.32058
-0.477275
1.29743
-0.0228288
-0.527327
0.0253875
1.11731
0.0617896
2.48312
1.57533
1.58501
1.21535
0.693697
-1.39625
0.987754
1.49485
0.203529
0.124179
1.87405
1.80436
1.33861
-1.70009
0.0733145
-1.00312
0.106611
2.19828
-0.49521
8.00234
1.91995
1.98822
5.48087
0.634318
-0.138364
-0.935616
0.768371
-1.74654
0.10443
-0.439323
1.6508
-3.41514
-1.33374
-1.37499
1.87966
-0.893968
0.249783
-1.13511
-27.2307
-1.40908
-0.454979
-0.493801
0.097907
-3.49518
0.926516
0.00414105
0.328264
-0.922391
0.159663
10.2476
-0.606526
2.36452
5.57791
-2.08994
-1.08236
-2.13188
-1.26913
20.5863
-0.457761
-0.0418278
1.00641
-2.15624
0.767101
-4.2608
0.472521
2.01798
-0.335998
-3.05589
1.43923
3.05317
-3.49305
-0.384173
0.502643
-3.98468
-0.99292
0.162736
-16.6491
-3.66929
0.00956035
12.3595
2.10939
2.47398
-0.440923
-5.04652
0.545607
-3.88255
1.97316
3.33719
-0.895895
1.18986
2.6693
0.386858
-0.274891
-0.139049
16.2982
-0.228612
-0.181893
2.0573
0.00363801
0.403828
13.7522
0.917166
-1.72174
1.5201
-1.08354
-11.8121
-1.10462
0.42512
2.93344
1.41391
0.000670773
0.803751
0.00526481
-0.176046
1.50825
0.275413
1.26413
-0.810443
-0.402729
-0.772298
-0.567515
-4.26739
-0.353076
0.0297312
0.573639
0.136797
1.49521
-0.781772
1.12042
3.54096
-0.499949
4.17776
-0.505622
-9.22048
-0.28769
3.26957
-2.74574
0.321608
1.92759
3.47426
1.57901
-2.98294
4.20871
-6.44068
-1.0782
-2.65241
-1.13164
-0.152235
0.755865
-0.377589
-1.85151
0.39821
-2.34693
3.6377
1.70697
-1.90942
0.648586
0.917283
-0.287047
5.64773
-0.333801
-0.0714155
-3.38137
-0.902045
0.014622
-42.0385
0.82057
0.0662565
-0.206498
-1.50109
0.405525
-0.600312
3.57317
2.19399
0.252396
0.664324
-2.11507
1.47742
4.68432
-0.585617
0.914942
-31.266
-4.39633
0.0766065
-8.14556
-0.55123
-2.51196
-31.0614
-1.21914
-0.168787
0.0810143
-0.124344
1.6458
1.21889
-4.82108
-0.733964
0.927818
-0.516559
-2.90012
17.1681
-0.37202
0.0018831
-0.421057
2.71081
-0.0629481
-0.11676
-3.34211
1.33064
-0.680603
1.47935
0.628883
-22.7321
-3.43843
38.0313
0.289785
1.96379
-0.421829
3.56628
15.0471
1.759
0.744629
-2.08489
-1.13938
-0.386433
1.57724
0.590638
0.157219
0.237348
-55.9107
0.635559
-3.40351
-0.081939
0.507761
-3.07605
-1.00823
-0.747574
0.939059
-6.75667
1.93982
0.122758
-0.81593
-0.672186
0.40477
1.93691
0.151819
1.15241
-7.48588
-1.67181
-33.5705
-1.15387
-38.1039
4.42214
-28.6607
0.646587
3.11279
0.992606
1.40027
1.32149
0.00268691
0.0726172
-1.87929
-1.18982
0.970019
0.442167
50.604
8.84868
-0.678097
0.760948
1.11718
0.84028
0.0665722
0.0340737
3.94744
-5.7828
-1.21941
0.831553
-1.2347
-0.429705
-0.746734
-1.5228
-6.65959
-0.28064
0.365616
0.398941
-2.35238
0.400389
-2.10237
-3.87732
-0.701039
0.189461
0.792756
0.770487
-0.0665025
-1.4386
0.164935
-12.2378
-0.7519
0.320011
0.737508
-3.37153
8.38149
16.0094
0.217035
2.17676
0.465181
-2.89465
-2.72519
1.38573
-143.399
1.64363
0.485554
-0.74586
2.45632
2.05911
-0.155141
0.781398
-0.398263
0.70592
0.622266
1.7028
1.88551
1.47241
1.45458
1.54665
-0.593597
-0.0867874
0.758482
0.666813
0.127526
-1.54291
0.562513
-1.75418
-1.5002
-4.11495
3.32851
9.10559
2.71235
0.512543
2.53246
2.64565
0.797607
2.93352
0.0695435
1.64487
0.820633
0.0820177
6.60334
1.93082
-0.837022
0.138724
-10.5725
-1.734
-0.481115
0.0100661
-0.182038
1.08928
2.56669
0.346511
-1.96352
0.344079
0.180758
0.383889
-1.73476
0.192259
1.67783
-0.27819
-2.06284
-1.01749
0.935672
-2.12254
0.541624
-6.04559
-4.61031
-1.97456
0.257884
1.38258
1.09312
0.256246
0.172429
-1.64983
1.15032
0.505797
2.56445
4.25566
-6.93993
2.04003
3.80698
-1.12927
0.812061
2.7186
0.76998
-3.01154
0.369738
1.17552
-14.7158
-0.724317
-1.34072
2.81002
17.1378
-2.78144
5.76285
0.915043
-0.925633
-0.585613
-0.1182
-0.902777
11.6737
0.0197743
5.61499
-5.30398
0.0872126
-1.13423
-0.502283
-0.207531
-2.45673
1.71059
0.559902
-0.667176
2.17874
0.698824
11.3525
16.6813
2.68866
-0.891193
1.918
0.0109223
1.22556
4.54678
0.102073
0.410125
0.428955
3.22862
0.13634
3.20319
39.631
-8.2261
0.955198
2.8468
0.985299
-4.33109
2.81891
-1.81969
-0.796919
0.152615
0.0720506
-0.486656
-1.74082
-1.16078
0.288056
-1.60166
-2.34627
2.7909
-0.272627
1.27772
-1.59469
6.52271
0.00716762
-18.4518
-0.305093
-0.384229
-2.24617
0.866059
0.959151
-0.636818
-0.283705
-1.21669
0.682809
2.17912
4.91902
-1.96391
-1.00331
-1.13848
3.40585
-0.961494
-0.396698
-0.76878
-0.121657
0.16139
-1.64192
4.28722
0.690044
-0.795539
-2.43773
0.288392
-0.0122526
1.06667
0.0776122
-0.863647
-0.278042
-0.38162
-7.3215
-56.2489
-3.28873
7.62165
0.679361
0.549025
2.60335
1.77137
0.34161
0.885559
-11.6053
0.809482
-0.289554
-0.702639
-0.293393
-1.54203
0.932206
0.145955
-0.142272
0.365998
-4.5346
-5.19325
-0.0701168
-3.28567
-0.502811
89.7599
-0.916007
1.61112
2.3384
0.479274
4.18231
3.06802
3.29433
-2.36001
1.35585
4.46324
-0.482679
0.816571
0.581754
1.59337
0.145778
-0.046903
-6.28985
2.26408
0.358852
1.02513
-2.59287
2.22525
0.271607
-1.0387
56.7295
0.0200892
-3.09947
-0.797722
-1.03624
-0.514038
2.22588
1.48365
-0.319156
0.186345
-7.0548
-0.912723
0.243214
1.47438
-0.203888
-0.769506
0.822125
0.126201
0.84539
-0.626386
-2.09449
-1.00987
-0.320612
-0.694323
3.08175
-2.7278
-0.825327
-0.400243
-0.454764
-0.449651
1.01284
-4.94931
1.14426
-0.954106
0.0333511
1.42993
-30.407
-8.0637
26.3549
0.219828
-0.987422
0.571163
-2.71731
0.618943
-9.93614
-2.17609
0.714266
-1.58082
-1.48742
1.27608
0.608117
2.11523
-0.291537
0.371646
0.18886
4.0051
-0.0436674
0.447678
-4.66223
-0.350064
0.00969368
-0.575817
-9.98576
-17.5333
18.8338
1.99275
1.22787
-1.4723
-1.79172
0.603419
0.76111
-1.60846
0.400268
0.0901668
0.250354
-1.98155
-6.93907
0.638607
2.09695
13.7874
-2.686
-0.585808
0.0967816
0.841548
0.52521
-0.169041
-2.93658
-0.0984968
0.0811134
2.72562
-0.734417
0.454687
0.433592
8.56955
-6.70779
0.594539
0.38602
-0.83212
1.43007
-3.23268
-6.69663
-5.83359
7.72502
4.47933
-7.05994
-0.878309
-0.40985
-1.77938
0.481776
-1.77256
0.224641
0.207301
-8.08234
-1.11936
-40.19
0.839879
-0.629793
-0.73235
-1.4
-0.620012
0.545492
1.43588
0.501579
5.64234
-0.963856
-0.72018
-2.51573
6.24802
-1.56453
-1.30544
-3.63418
0.631229
-4.61351
-1.56616
-0.900156
-4.87559
-0.888878
-0.354702
-1.00331
0.499991
-0.376027
0.184485
-0.132738
1.04905
0.63911
-0.7546
0.608353
-120.192
0.472244
1.20323
0.109374
-0.0533629
0.515269
-0.419467
178.981
62.2825
0.184568
-5.22419
0.512987
-0.129169
-2.64874
0.010691
1.04277
-0.161084
-0.0088584
1.37431
-2.91386
-2.46666
1.5287
3.21431
0.319315
-1.27942
-0.192441
4.54078
-1.49303
-0.843319
1.59937
1.27315
-0.486082
-2.0086
-0.461083
0.667304
-0.723845
1.10216
-0.452377
0.531437
-1.21794
-0.22229
0.578834
-0.0907117
-0.188399
-0.0851469
-0.466006
3.18038
0.94915
-1.38478
-1.87856
-0.29963
-7.51239
-0.348966
4.42535
-2.19428
-2.51739
0.495966
-4.54674
-6.59815
2.58655
0.30908
0.104192
-1.12463
-1.9187
0.241246
3.82057
0.197402
-0.707142
2.57061
0.480087
-0.501518
0.127445
0.0922645
0.138034
1.45682
-1.29874
-2.23971
0.499645
0.869392
-0.313503
0.692862
1.46784
0.877543
2.84062
3.04599
26.874
-0.966569
-1.55361
1.14964
-3.20351
2.37603
-0.649206
-0.363025
2.5944
-2.96101
12.6668
0.855412
-0.483668
54.5481
0.479015
5.47353
-0.125289
-0.767793
0.127339
-0.822693
-11.5911
-0.00726072
-0.812675
-1.46052
-3.26187
2.40735
-1.83548
5.3787
-0.658192
0.742126
-0.0338494
-0.870558
-0.537582
2.37597
0.174915
-0.286925
1.05751
-0.390264
-0.501604
-0.182483
2.61545
0.489893
1.85564
0.693895
2.52796
-2.24444
-0.88338
1.16019
10.1543
0.505757
1.12398
0.718693
0.440582
-5.49054
1.37492
0.307047
4.45897
0.236851
1.61349
-1.54763
-1.07931
0.472467
-1.11457
-1.162
1.12993
1.59005
-24.0472
-0.407525
2.54648
-0.345233
-0.190293
-4.58987
-1.20029
15.7155
0.215913
-2.95003
5.36545
0.134549
-1.3674
0.318267
1.15349
1.69272
-0.742902
1.18447
-1.06671
0.178505
0.104777
0.304743
3.37013
0.427279
-2.93039
1.53337
-1.49113
0.501699
0.454474
0.404948
-2.06534
-2.05399
-0.596255
-0.224944
2.50192
2.43902
-0.0626682
0.758183
-2.2368
0.894417
1.13457
2.69677
-0.92397
1.13475
0.130821
