-0.0506801
-0.249333
62.0924
-1.46124
0.811921
0.147778
4.76713
-0.480749
-1.31327
-0.363695
-0.561167
-1.51039
-80.5688
0.471228
-3.56279
0.854239
-8.23188
0.493588
-4.55985
0.81114
-13.321
-2.27476
36.6701
1.76242
1.63345
-11.0347
-0.243836
0.524984
0.647132
-3.02655
2.0658
313.436
0.378018
2.32106
5.88977
-0.391264
-0.99084
-0.0069449
3.37227
0.442646
-3.08504
15.8786
-0.103847
0.447903
-3.43115
0.321902
-7.57311
-0.244337
-0.482737
-1.05239
0.162261
-0.416721
-0.155504
-1.77849
-1.29876
-10.4512
-0.230491
3.8322
1.29504
0.676441
-4.74295
1.62869
0.612018
-0.721057
-1.23415
-0.00483406
-17.1746
-1.0601
-0.932053
-0.235144
0.623001
-4.62294
-1.1859
0.111737
-0.808684
0.250454
-1.58976
1.22213
-3.84392
-0.143979
-2.48115
-0.517447
-0.471057
-0.653513
2.64064
-0.900615
-3.22786
-1.43049
-0.396415
0.765508
3.35246
-0.608815
0.287994
-0.380967
0.174367
0.291648
-3.63396
-3.49326
55.2606
-1.39514
0.311536
0.349762
1.3827
0.673464
1.86111
-0.561285
0.563412
3.74607
2.23352
-5.30558
2.92895
-0.110295
-0.958267
0.896183
3.42197
-42.5827
-0.172365
-0.262252
2.54271
6.2073
-1.31797
0.0550834
1.55955
0.251163
-3.10173
0.484604
2.10967
-0.753745
-0.158736
0.851897
-5.51969
1.10377
4.39797
0.22736
-0.468623
-0.895661
-2.30045
-2.19366
2.01384
-1.42807
-0.365349
-0.215808
-1.23556
-0.113253
3.17668
0.268761
-2.65256
2.62138
-0.0215075
-0.440549
6.19591
-0.932577
-0.624073
-15.8131
1.27062
-2.03344
4.50308
-2.15396
2.75457
-2.95816
1.4533
-1.27261
0.60191
-2.18174
0.66556
0.594016
1.09863
-0.737381
-0.516997
-0.0381315
0.663542
-1.40178
-1.78353
0.787382
-0.507787
0.0408632
0.558123
-2.75168
-2.59658
1.3455
0.419955
-197.281
-0.698013
68.5088
-0.733039
0.504341
-1.39195
-1.35443
-0.270643
0.10372
-0.733116
1.14341
0.609099
1.08836
1.26506
-0.289457
-2.03393
-0.109607
0.433949
1.81404
0.139147
-2.26596
-0.0930491
-0.382961
-3.06191
0.365645
0.724248
1.11094
1.24239
2.19258
-1.78787
11.6041
-0.286711
-1.0662
0.0869571
-1.84649
0.153279
-1.27597
0.670118
7.98086
3.08194
-3.28598
6.18938
-2.2278
0.237376
1.1672
0.531653
17.7365
-0.966997
-0.788611
1.20078
-4.99154
0.807893
-2.13007
0.170513
3.75577
-0.0555726
1.1098
0.505519
-0.206274
-4.61715
-2.68556
0.723299
17.7347
-16.2346
-2.01351
-3.32176
-0.619337
2.49516
-0.681854
5.24766
-2.2224
-0.842576
50.6035
-1.02177
-0.229868
-0.0509648
-1.58572
0.826935
0.483723
-0.141756
3.71927
51.5611
5.12093
1.00137
1.53575
-0.236757
0.0997956
0.50751
3.26158
-10.4033
5.39249
-2.3975
1.22823
1.06152
2.89447
-2.21867
-2.06237
-3.07923
0.00545711
5.62984
4.08094
-9.70282
-2.55091
3.5184
5.74121
0.907427
1.14431
-1.71197
-0.740783
1.86867
0.426943
0.45564
1.22312
-0.448395
-2.66201
0.350124
-0.327337
5.12524
0.79863
-2.11057
-0.94515
0.214743
0.654303
1.23332
-0.32274
-0.36935
0.562206
1.46205
-1.0858
-0.287298
-0.752045
-0.897739
1.40355
1.32049
1.82853
0.860266
10.3485
0.215773
1.94139
-0.290606
14.5232
-0.373483
-0.454734
11.4199
1.83153
0.0754946
1.47965
2.37921
-10.2593
2.079
-1.40433
-0.583433
2.12171
0.425759
0.0695676
-16.8339
-0.483688
9.24534
-0.366737
0.80867
32.5277
2.17844
-0.457523
0.447139
-0.707765
-67.1722
-1.31431
5.36505
-1.0235
-0.00583437
21.9222
0.733892
0.888901
4.64207
18.3861
52.4143
2.41483
-1.44936
0.301775
-1.75795
-0.97144
37.4796
-0.0226952
0.231697
-0.996254
1.17343
1.00735
3.95405
-0.783887
-1.75545
8.90633
3.96901
-0.0503479
0.669946
-6.97944
3.67296
-0.358707
1.32766
-90.2881
1.95804
0.973075
-1.29957
-2.49401
1.08349
-1.00103
-0.340185
1.49879
-0.638351
118.601
-2.11067
-0.186768
-0.194092
0.355677
0.137613
-0.0615494
0.548862
-0.628765
0.351796
0.176403
3.20102
6.09964
-1.73535
-0.123408
-232.023
-0.640159
-0.378481
-7.09992
0.995684
12.8256
-0.373544
-1.01607
-8.00972
1.43022
0.556558
1.29227
0.23606
-0.853067
-5.0703
0.698727
5.04394
-0.940468
-4.4586
0.816686
1.01162
1.18383
0.84047
1.80506
-54.312
0.585259
-0.625849
2.12879
-0.601631
0.419761
-0.907217
-5.98443
-0.361474
-0.436113
0.450667
-2.40605
1.04553
-1.9946
-0.318103
2.68223
-0.741898
-0.191729
-3.90375
-2.02082
-0.737937
-0.395062
0.101651
-3.18167
20.0713
0.400026
2.23016
-0.339502
2.17553
0.823121
-1.08778
1.05137
-2.0239
1.47734
-0.503408
-1.91006
-4.41915
-0.284987
-1.69018
0.873987
-0.656064
0.450149
-0.527968
-1.09986
3.01307
0.361463
-46.9974
0.225114
-1.87853
-0.387632
0.378019
2.85361
-0.103303
3.61524
-1.63944
-1.54402
-3.17488
-0.380928
0.654194
-0.145637
2.12273
0.0311505
-0.200939
0.506233
-0.914134
-3.68269
-1.22831
-0.419542
18.4201
-2.18992
-0.141653
2.59111
6.68753
-0.991247
10.6997
1.99042
-6.06517
0.301254
0.32759
0.39562
1.01341
-1.40244
-2.40328
-5.88038
0.694567
-10.5885
-0.761359
-1.29286
1.15401
-0.663324
-0.268662
-1.95614
-1.01669
-7.57952
105.639
-0.297634
2.90629
1.53362
-7.95881
0.210523
-0.631677
2.56967
-0.452871
0.669056
99.8896
0.304971
-1.0491
0.753646
28.2322
-0.0417898
0.61411
0.213562
9.0029
-0.820481
0.78802
2.80696
-0.326681
0.505668
1.16331
-2.21809
1.02574
0.710961
-0.365893
-0.344365
1.11599
-7.22689
0.160664
7.64662
-0.736346
0.48652
-1.43879
-0.956594
1.12212
-1.70351
-0.746629
0.15542
0.753146
0.277868
0.0948639
-0.873548
-9.28496
19.1342
0.0566361
-0.358952
1.82428
-0.92357
3.93225
-0.612623
-0.118938
0.149464
-0.366352
0.53755
0.981792
-2.21788
1.20348
-0.143471
0.262403
-0.739143
-1.26702
-1.70391
-1.32609
-1.95535
0.402919
-0.0718831
-3.22981
-6.01855
-2.53459
-2.55653
-15.6596
3.04717
0.163136
-1.31934
69.2993
-10.2613
0.557087
-5.32483
-1.00967
-0.714028
-3.52513
0.110329
3.63834
-1.47573
-0.296064
1.03252
1.92689
0.257221
-4.81445
-1.82594
0.0562109
-0.928101
-0.124214
-0.381492
-1.28378
-1.57403
-34.023
0.6829
-22.3618
-0.294585
-1.16648
1.24861
3.1754
15.0146
-0.0294282
0.164226
-1.08067
-0.568305
-1.03036
-1.27379
-0.0519748
-15.3285
1.20106
0.584278
20.9741
-4.45985
-0.369261
-178.226
0.0705011
0.00624379
0.690627
-0.121288
1.843
-0.31085
-9.97732
2.42958
-0.594161
1.00804
-1.03923
0.906643
-1.23715
-1.24313
0.978017
0.419306
0.44207
15.3567
0.10847
0.145277
1.72262
-1.1488
5.27244
0.535792
2.76966
-0.0494456
0.124285
2.72263
-7.227
-1.9875
0.534434
0.921678
-0.810789
-0.333387
-0.594146
-23.4667
-0.0260625
0.287859
-1.57677
0.978995
-0.0271334
-0.349358
3.74294
0.209758
0.550691
-0.162646
-3.66791
0.412738
1.80932
4.65274
3.61295
-4.96583
0.935731
0.182427
0.681042
3.11001
-9.78887
-0.711311
1.08801
0.202128
-0.812439
-5.53089
-0.744002
-2.38605
-0.252103
0.261451
3.60451
86.4916
-0.695151
-4.12129
0.572236
2.7208
-1.2514
-0.215448
-0.730999
-0.294725
0.179469
73.8032
-0.340247
0.434268
2.27236
0.217853
1.23999
3.67465
1.31558
-1.6462
3.12432
1.34225
4.88963
-0.395912
1.8226
0.563888
-0.344538
0.655804
1.24569
0.153519
-0.482935
1.17168
0.680044
0.756838
2.55667
1.05679
-11.7515
-1.60118
1.49687
-0.309581
1.82734
-3.37377
0.777771
32.5917
-0.899216
-0.508657
-0.745539
0.707703
-0.225055
-0.346553
2.53778
1.70825
0.764342
-0.14425
-1.91496
0.193539
-0.162199
-0.234431
-1.29546
-1.13566
-0.650865
0.928714
-0.524082
-1.77866
-0.892476
1.01314
-0.591009
28.4983
10.4276
0.996972
-1.30818
1.669
0.885509
-0.963649
-1.24249
48.0249
-2.71796
-2.02175
38.7377
2.98359
-1.53924
0.464352
-1.392
2.74422
0.515541
16.861
-79.479
1.31352
0.656155
2.89549
1.9028
-0.624311
-0.658967
0.768485
-226.425
-3.95525
1.15419
8.36955
-1.32544
0.191659
-5.54035
-1.26387
-1.72853
2.4978
-0.355305
1.6295
-0.436147
186.963
-1.90086
-30.774
-0.235424
-0.637917
0.658418
72.4526
0.625632
-0.307186
-0.979175
17.8969
-38.1753
-0.0392362
0.31146
-6.21579
20.2424
0.68977
-2.15771
0.500111
0.268783
-0.190496
0.45229
-1.84196
0.526182
0.253118
-0.939812
77.1096
6.26928
2.88763
0.386477
-0.0928929
-0.130538
-2.58509
-1.18798
0.115752
4.59516
0.311569
0.311488
-0.0449558
0.514487
-0.450708
-1.29072
-0.0412311
0.543292
-0.737201
-0.339323
-0.302841
15.7196
-1.37808
-1.18909
-1.25027
1.81785
-3.10079
1.84212
1.00666
-0.252639
0.613904
-0.314105
-0.412573
-0.00665048
-0.715273
-1.20117
0.334983
1.10131
0.232403
0.618324
1.72122
0.121629
10.3233
-1.61315
3.22575
-0.191846
0.0422685
-2.46675
2.19007
1.07147
1.38991
1.27524
-0.891698
0.0559563
1.29908
1.52084
-0.0873967
0.799651
-0.443749
-1.65565
-0.358593
4.827
0.219575
-1.76143
1.29162
0.948344
1.43707
-5.89117
6.56328
0.44158
-0.166872
0.102747
0.793451
-65.155
0.812731
1.07938
-0.0577369
-0.489367
-0.424409
6.47091
0.109643
-1.08215
37.2252
-1.0824
3.29396
0.38361
-0.394542
0.698107
-0.350314
-1.9147
1.07988
-0.893952
-0.685834
19.7944
0.719744
-1.17418
0.397387
-3.32345
-0.294544
-3.23164
-0.996046
-0.808611
-23.5514
0.145846
0.932173
-0.205666
0.870774
0.423604
-1.34225
2.49436
-1.32299
3.07472
-0.0784217
-1.55755
-1.38748
0.85755
-4.71205
0.635566
0.402397
-1.47291
1.42371
-0.514428
-0.573533
-19.9731
-0.0996232
-0.71517
0.0217421
-2.06432
4.09046
-0.192471
-1.17176
-2.51124
1.68908
2.92776
0.162887
-0.691706
-0.0468886
1.38143
-0.784782
1.20003
-0.968543
0.271481
5.57325
-6.75658
0.336464
0.130053
0.209792
-1.32819
1.19558
-1.01459
0.534549
0.0512455
4.20643
-3.07147
-45.0974
-0.417839
2.62478
1.20082
0.346469
-1.47654
-0.769126
-2.31206
-0.844158
-2.5846
-1.12581
-0.487156
0.219344
1.25091
-0.089011
0.109291
0.709654
0.123199
0.648327
4.9102
-1.34367
-2.4022
0.773979
-1.21631
-3.04625
2.02514
3.82625
1.97445
-0.27988
0.330326
-1.36756
1.13828
-7.69039
2.21888
1.36379
-0.0299241
0.331723
-1.45182
-0.475567
0.445551
0.681053
1.91486
-5.62895
-1.07653
-197.356
-1.69857
-0.00748918
-0.403397
-0.150768
-2.48787
0.0218275
-4.16422
1.90292
-0.208481
1.11011
-3.79311
0.0283868
0.0431287
-0.0963512
0.445881
2.1531
2.33569
-0.491985
0.573058
1.80973
-0.269849
5.39846
-0.405928
1.05666
-1.87413
0.374797
0.0273725
0.348245
1.37714
0.634882
0.793735
2.31991
-2.56705
-0.958959
0.801011
-0.0917836
-1.11851
9.35171
0.985395
-1.53721
-0.313136
-0.204982
0.509953
4.66416
1.46105
-0.933118
0.0650072
0.366101
-0.509103
51.6677
-0.413197
-0.912991
0.0187528
-7.72047
3.67883
1.37768
-0.852212
14.4693
0.304542
-0.0113447
1.37553
0.680152
-0.296526
0.750551
-2.36855
-2.02184
0.199566
-0.0835228
-2.77868
1.46311
-5.25656
1.10689
6.74919
5.13398
0.11907
0.0927481
-9.7521
-1.45406
-1.90015
8.77392
-0.789932
-1.99397
-0.178233
0.00892392
1.26235
26.9745
-0.107809
-1.10712
-0.187986
8.25847
-2.80447
-6.65126
-3.57467
-0.29094
-0.679701
-0.745539
-0.79654
-0.902934
-27.1581
-0.151789
-7.29487
7.65402
1.59925
-0.0783295
0.85464
-0.268153
1.47332
0.395272
0.0796869
1.33457
-0.00741835
-0.141751
1.34396
0.288069
0.0676042
-0.861206
4.91564
-0.159496
-0.129681
16.0399
-0.462995
-1.76488
2.64977
0.604284
-0.0702194
-0.467212
2.48535
1.36691
-2.10436
1.07046
0.504627
263.075
0.920494
1.06346
-1.91933
-0.175447
0.0656823
-0.0409142
2.88933
-0.886293
0.148311
3.5436
-0.540505
-0.130771
-0.54548
-1.05306
-3.68902
-0.718104
0.728283
-0.0485186
0.487643
-8.01623
-0.327045
201.182
145.891
8.61044
-4.65238
-0.223659
0.719504
6.89371
6.32553
4.39079
0.306586
-2.66745
-0.319542
0.720286
-0.217305
-2.6202
1.54112
0.243558
9.73497
0.356676
-0.727254
-1.0386
-2.44287
1.27263
1.91473
0.0657648
-3.87749
-1.33901
-58.9678
-17.2193
-10.5305
0.460817
-0.0662441
-0.0849252
-0.00186096
0.55562
1.0523
0.292289
0.760342
8.57297
-0.132725
0.391915
-0.232105
-5.96617
7.17862
-0.832649
-0.318222
0.175421
-1.46834
-5.77891
-1.20946
-1.72157
1.78696
-0.136413
-0.270494
-0.216737
-0.147557
0.561145
-12.8696
-2.05065
0.844016
-2.47054
-5.62526
12.8223
0.618455
1.43619
-0.705565
2.71288
-2.30676
-1.11632
0.249929
-1.30448
-1.89984
12.8323
-3.18605
-1.05334
15.1535
-0.700331
1.12394
4.78446
-7.92826
-0.412793
-1.92457
1.7925
-1.31774
-0.0220367
128.611
-1.19892
-3.11279
-0.462309
-0.267442
0.237454
2.45698
-0.356773
-0.156838
-0.618159
-1.92836
-0.734497
1.01714
-0.916771
-1.29687
1.31723
-32.5615
1.82946
-0.174192
0.479404
1.1132
6.41937
-1.72544
-0.440159
0.105656
-8.68006
-24.6148
0.933148
15.9732
16.6911
5.28232
6.22037
-8.12776
3.13179
0.0637222
95.2394
0.145502
0.970896
0.824417
-3.96139
21.063
0.248894
0.0825818
-8.82893
-0.465996
-0.178916
-1.04822
-0.24439
0.916702
-5.38797
1.50055
-11.9844
-1.18007
-0.801982
0.38888
-12.0641
1.09607
-0.994367
3.48347
-0.243226
2.27364
-0.565809
-0.156449
-1.81576
-1.07885
-43.8968
3.09068
61.3856
-0.585359
0.462049
0.00418129
-0.689988
-2.06535
0.56039
0.489707
1.07941
-0.368138
0.217331
0.195795
-1.1241
-0.0474508
0.0188914
0.669082
1.0349
-1.33473
-0.382828
-3.35834
-0.1926
-0.550876
1.68978
1.1667
-3.16391
-0.0546475
-14.453
-0.0938233
0.714037
0.239747
39.8832
-19.7205
-0.12713
-0.0908533
2.09063
-0.473199
1.02397
-1.31107
0.859688
-2.46806
-0.778608
-58.878
-0.44499
0.654499
-5.41498
0.154089
-3.4258
3.03997
0.396902
-0.0416946
-5.28406
-1.00952
0.0454503
0.716572
1.55762
-0.800268
-1.44354
-1.87387
0.438153
2.033
-2.38726
-5.06248
-0.649405
-1.00094
-1.9144
1.68757
-0.179878
1.42131
-0.351051
-0.43527
-0.129225
0.357721
0.0454358
3.49755
0.208829
2.05657
-114.881
-0.636776
-2.80731
-0.822778
-0.63413
0.283819
0.623644
-1.34671
0.326195
-1.46927
4.87735
6.90333
1.05061
-8.68131
2.45595
-1.13325
-1.53218
3.29083
-1.40716
0.232683
0.00191052
-1.74826
-0.132668
0.403315
1.2795
8.10692
-103.162
1.2343
0.812132
-0.666476
8.96619
0.305508
-0.0338815
0.142791
6.86944
-1.58754
0.0709937
-0.298087
4.61679
-0.933064
0.0396141
-0.283848
0.709876
-0.800544
-0.0666592
-0.570873
-0.951121
-0.455378
1.21507
-0.831173
-1.53463
1.02477
0.403618
10.0153
-9.15921
-0.735896
0.62066
1.52275
15.4736
-38.1762
-0.156151
-0.925843
1.69108
-3.46207
-3.44209
1.17886
1.21469
7.24148
-1.23652
-2.19613
2.76281
-0.142527
4.90872
1.3662
-1.15041
-1.10369
-0.276771
-3.33791
1.98989
-8.86051
-0.124161
-1.31597
-1.87129
2.2448
1.36489
-0.379139
11.1288
-1.07516
6.00646
-1.98355
-3.81268
0.466263
0.603277
-0.172206
-1.21013
0.00782525
1.33283
-0.337967
-0.119141
-1.14679
1.24173
-0.150584
1.05496
-2.43689
-1.67222
-7.93433
0.0426962
0.580006
-2.12409
-0.272019
0.606456
-0.0396728
2.68767
32.1845
-0.0234296
1.05011
-0.0858915
-0.489478
-0.526273
3.8064
1.05163
-2.03878
0.220943
-4.70979
60.9457
-4.4859
-0.495963
0.203164
-1.3117
-0.806487
-0.346157
0.117944
0.0431729
-4.26741
-0.701584
-0.619497
-0.278365
0.834264
-1.37099
-1.49477
0.137978
-1.50444
0.502974
-0.931933
-0.0214266
1.13849
1.39024
3.6575
-1.16789
-1.24985
-0.516858
-1.5039
1.11227
0.384643
-0.899656
1.14138
-0.396096
2.00261
-0.269003
-0.440649
0.0680919
-5.63746
-0.180327
-34.3338
10.9834
1.53585
3.28002
-0.595567
1.12615
0.493251
2.13672
1.18662
-12.4672
-0.110626
9.72658
1.46787
2.09881
12.8595
-1.35002
1.98706
0.27183
-0.200236
0.736947
0.212799
0.583013
0.686107
-7.3857
-0.893317
5.44718
-0.173278
0.845253
-23.3666
2.17145
4.05568
-13.0775
0.144174
-0.790832
-0.955565
-1.65938
11.4826
0.47975
-0.0107805
-27.5153
5.74909
-0.803299
0.638435
1.00667
-1.10017
1.90552
2.36529
0.236168
0.434731
-1.97071
0.139807
0.481181
4.51587
-2.04203
-13.2535
0.652793
3.45939
-0.769334
-0.277698
1.35935
-1.04659
-0.526683
-0.309491
-7.26201
0.6459
0.205825
-7.84059
-2.34824
-56.6437
12.8826
1.18749
0.692972
-0.591748
-0.223425
5.77261
11.5965
0.46148
2.55261
-1.42171
-10.2406
1.06302
0.22515
1.67828
0.0732996
-0.50216
-0.885934
1.67533
-1.07866
2.82992
0.0500047
0.698905
0.259608
7.44791
0.374114
-0.499962
0.329302
0.329344
-0.601057
1.26679
0.0343033
0.0610415
8.86406
-13.8115
-1.57346
0.653535
-0.508629
1.7729
34.5031
-0.109177
1.35584
1.08534
1.62305
1.02162
-7.98503
19.7304
0.0356686
5.28969
1.56121
2.51537
-0.19751
-1.51754
-0.225501
0.761175
0.137257
-19.7356
-7.21961
-1.14163
-0.33032
1.63288
-4.73698
3.4482
-0.401361
1.33446
0.747996
-0.878408
1.47117
0.550427
-1.02317
4.4595
-43.7502
-3.43496
1.89889
-0.0346767
0.741963
-3.90518
-1.57867
0.783901
0.16242
5.49659
0.0794721
-0.362204
-7.25882
0.615801
-1.78741
0.695666
-0.506678
1.33562
0.0672062
0.809161
-0.0251339
-0.359644
-1.96736
-0.318085
-0.230085
-4.83276
-1.66283
-0.622448
1.17148
1.8038
-0.143176
1.13508
1.06574
-0.0282236
-2.38049
-58.1382
-7.79945
0.147598
-0.0510669
0.927122
-1.13943
0.0082924
-0.654913
0.145692
-1.63488
1.58042
8.98398
5.96236
-9.0372
-0.0274521
-5.58856
-1.98168
2.68076
0.0665152
-0.647948
-1.0793
1.51276
-1.71947
8.02997
-17.324
-0.000410219
0.47396
-3.78788
148.565
-0.170296
-3.74079
-1.65683
1.26474
47.6407
1.38039
-0.29361
1.28265
1.70205
0.0732246
-2.31939
5.17756
0.985935
-0.0354592
0.64991
7.64346
6.07441
-8.74433
0.523465
-1.8578
0.680134
-0.334102
-15.0756
-1.71933
-0.68869
2.53508
-0.940546
0.861185
-8.56842
-0.0230317
-0.427266
-0.0999375
-1.31711
-2.32525
0.677726
3.08607
0.527332
-0.132412
-2.07702
1.36869
13.3866
2.35988
0.721237
-3.07623
10.3297
-0.0483284
-0.504301
14.912
0.487868
-1.13343
-0.86058
1.42139
1.8772
5.23513
0.0199542
-0.21759
-1.9858
-0.604669
-7.00923
-15.2792
0.092477
2.0093
-0.355257
-3.83186
0.359626
0.601824
4.72723
1.53071
-2.11615
-0.328002
-3.72215
-0.0291997
5.99202
0.0798912
-0.020017
0.209217
-1.06803
0.262467
0.864821
19.0598
0.220646
0.219124
0.659194
-1.15839
-1.36702
0.142666
0.123795
0.574687
0.364781
4.95043
-3.82937
6.48578
-4.26399
-1.7498
-2.71232
-21.2322
-0.884441
-8.76461
-0.286701
26.8126
1.47014
-0.315104
2.20314
2.27595
0.456686
-22.96
1.22077
66.8688
6.28829
-1.21714
0.0159854
-2.80458
-0.836487
-0.435229
1.19321
14.9509
0.021655
0.104993
2.42061
-1.01065
-1.67048
-1.47431
1.89396
-7.60184
-0.507229
1.95528
3.2722
35.7588
0.329672
-0.473577
-3.02817
1.5308
19.7951
0.276684
3.51348
0.245443
0.846011
-0.164381
-0.283958
2.38823
-0.457181
-0.418703
-11.9609
-1.36719
-0.845201
-0.659146
-2.90512
3.30069
-9.2418
9.78191
2.05445
1.52057
1.70214
0.406274
2.10127
-54.1823
6.65724
0.398564
0.360239
1.7208
0.0594391
3.50511
-0.120565
-0.470897
7.16368
-0.489796
-0.0415308
-1.2726
0.0907697
0.0439283
0.694754
-0.620287
0.662771
-0.119901
0.272462
1.01994
-0.303834
-2.31527
-0.287311
-1.68773
2.01326
-1.53718
0.0137628
-3.45571
0.483229
-1.0229
-0.2996
0.772969
-2.70128
0.495065
-0.128598
-1.43929
0.0489505
-1.3362
0.173733
0.33608
-18.35
-1.06951
-3.66396
-1.34127
0.11399
0.428474
-0.124292
-0.637923
1.87104
-1.09795
-0.617542
12.9891
-1.57759
0.440646
-1.0312
0.690722
-0.172112
0.809661
6.45992
-1.93188
2.82229
0.516212
0.946597
-1.5789
-1.04548
-0.146206
-1.59605
2.94089
-15.644
4.79508
0.0187392
-0.0825216
-1.53454
-0.313937
0.190239
-0.701744
1.55183
1.64895
-0.32042
-1.8703
-0.095054
-1.85922
0.273915
2.31807
2.97427
-4.05692
-1.15777
-122.609
21.2808
-0.642135
-0.444821
-0.568
-18.255
-0.918221
0.163558
-2.23458
1.04748
0.0918796
0.195724
0.885243
0.765433
-9.41928
10.3515
1.26033
1.26706
0.155325
0.791711
1.05806
0.494354
-16.4878
-3.18668
-0.153321
-0.678126
6.10898
1.97902
-1.37773
0.9997
0.501889
1.35356
0.57401
0.985089
-1.18224
1.10337
-1.90967
0.474837
1.59844
-1.31221
-0.615022
14.5516
-1.151
-1.15057
2.90043
29.164
1.53256
2.83698
-0.350799
-0.179133
-0.260431
-0.502182
-0.259782
0.219714
0.88445
1.02703
0.218745
8.91881
1.36909
0.31687
0.78313
-0.286607
4.0784
0.249117
0.395729
-0.74437
-0.775913
0.583431
1.19817
-8.85742
1.28128
-0.188116
0.825042
1.77365
1.09411
0.328424
30.239
0.551499
2.79323
-4.06964
0.143655
-4.25688
0.194257
-0.985445
-0.0981017
-0.0791572
-0.156631
-21.0767
0.51039
4.09133
1.41678
0.269059
-8.47233
3.35317
1.31239
-0.103827
-0.279879
1.02509
-0.920065
-0.812808
0.264238
3.73776
-1.28215
-0.894081
2.13462
3.09489
-5.20169
-1.08003
4.12272
-0.120293
0.323539
-2.67395
0.0467098
-1.00012
0.291307
0.030713
0.922526
-0.796879
-0.119134
-2.5861
0.223067
-0.281473
0.00181285
37.9903
-5.8375
0.550299
-0.393091
-0.558286
1.45276
8.56211
-0.613539
-1.32828
0.327163
-0.266475
0.463258
2.49002
2.97993
-2.4008
-0.180697
0.340825
-0.427986
-0.80425
0.120923
-0.288259
2.36351
-0.356047
3.33023
-0.246004
0.512272
1.69907
-1.78312
0.356165
-0.893281
1.9566
0.949987
2.07374
-0.481908
-0.0852573
57.9495
2.02336
0.10743
1.15698
0.0124975
-0.222835
1.32195
-0.599342
1.53389
1.25815
0.55319
-0.711131
1.81088
0.346277
-2.04815
-0.185218
-0.599009
-0.339557
-0.245232
-0.835216
-1.02512
2.26487
0.449143
-1.18911
-4.86546
2.88165
-1.1094
-0.868579
-0.378849
-8.44331
-0.0543975
0.162652
0.2099
0.34363
0.0766313
-0.710701
1.02623
0.714532
0.431224
-18.9616
-0.671982
0.463421
0.609524
-0.609613
0.509807
-0.419907
0.138579
-9.08679
-0.629177
0.443185
-1.5387
9.68577
-0.938494
3.31931
0.30658
-0.740714
1.02458
3.88341
0.689228
-11.5338
-2.03483
-1.72943
0.446519
-0.128228
-16.0223
-0.93382
0.566122
3.00918
-1.71709
0.914482
-2.44338
-0.131732
30.7316
5.03775
-0.266279
-7.46451
-3.14789
-0.271667
-0.552732
-1.18635
-0.393274
3.29758
0.225267
-0.503079
0.861581
0.0502772
1.4631
-0.0696068
0.0358758
-0.320662
8.1403
-2.17393
0.156977
-4.65713
0.0317819
-0.865576
0.114917
-1.40834
-0.0102622
2.97632
-6.21513
12.9831
-1.10855
-0.259961
0.128521
0.507292
-16.4276
5.14823
-1.24075
-0.0699425
-310.821
-4.67592
18.7385
-2.4323
-1.15884
0.772645
0.0235612
3.60361
1.561
3.63073
-3.71853
-0.452562
-0.0523221
-0.508803
3.11886
-0.360662
0.57138
0.551702
-0.155962
0.116365
-0.394695
-0.000675973
1.39353
17.3661
0.175283
-1.37139
0.151327
1.55443
-0.914358
0.19884
0.0653811
-3.68457
-14.4531
-1.08976
0.299548
2.56862
0.616063
0.259651
0.702446
-2.91088
-7.20358
-3.42682
0.039416
1.51468
2.34953
1.61767
-2.16354
1.46518
78.9532
-0.0581089
-0.535759
-3.29351
4.38314
1.05081
-85.4455
2.01918
-5.03861
-0.184581
2.29462
1.50312
-6.1329
-1.24834
3.0561
0.678004
1.20252
3.76929
15.7848
-21.3399
-6.67852
-0.183904
2.3385
0.475757
-3.75355
-0.132101
6.36854
-0.144698
1.75224
-0.186958
-1.01534
-0.261705
-4.23957
1.728
0.0827474
1.16872
1.25827
-0.0711616
0.247053
-0.751756
-1.56751
0.290007
-1.29843
0.00891065
-0.25059
14.2294
-0.418917
-0.00792242
0.78768
0.205085
-0.506598
-2.85347
-0.586136
-0.559526
1.61952
1.06685
4.97991
-74.9478
0.368738
-0.270438
-0.492853
-5.41754
4.34338
-1.31007
1.47579
-1.21862
-0.112456
-9.58921
-0.479841
0.366977
-5.15064
2.01657
-0.72764
-5.4632
-1.39602
-0.823157
-14.5777
-0.447725
-0.371713
0.443021
0.196428
-7.40289
0.178726
1.35502
-0.155279
-0.352525
0.0461525
0.134778
0.556186
1.12484
0.0937722
-0.439807
2.65047
-0.427656
-2.72651
-0.265102
1.31789
3.9225
-0.516472
1.59047
3.00098
1.03501
-8.27813
-0.841568
-2.49396
-0.697203
-0.537269
1.25878
-27.8499
-0.370744
0.543312
0.846077
-3.13113
0.0471515
-2.02079
0.596992
-0.0325432
-15.7761
0.529621
1.38948
2.23465
4.4846
-0.0846443
-8.17663
-15.7612
0.204072
-1.31804
1.18727
-6.99703
-0.686089
-0.117611
-6.80308
0.934532
1.2358
-0.559256
-0.164791
0.66686
-0.297847
2.78682
-0.485147
3.51754
0.0178608
0.0681553
-0.526347
1.22282
-0.464603
1.88214
1.59429
-1.65035
-0.149377
0.375613
-0.661022
3.05786
1.45689
0.34991
0.507671
-0.283486
3.35024
-1.72172
0.776833
-0.998743
0.653342
-0.357265
0.136583
-1.86609
-0.355609
-0.0774556
0.62009
-2.68558
1.30489
1.73
6.34395
1.28591
0.159321
0.100337
3.12952
-5.9584
0.871717
-5.46528
-0.78316
1.20567
0.181568
-2.21866
-1.01723
-9.31373
-7.74724
4.23832
-0.659934
-10.688
1.83538
-2.19263
-0.116285
-0.252947
-0.309271
2.73136
-0.729415
-0.436023
-0.606752
-2.26921
-1.61605
-4.83802
1.33881
0.755675
-0.541961
2.71239
-0.248038
0.377119
-0.286496
2.3501
2.1422
-0.562765
-1.53104
0.079913
-0.131881
-0.174613
-0.73455
-0.696353
0.488492
-0.629914
0.151399
0.651263
-16.1941
7.36856
-2.25975
-0.331816
11.3741
-1.29021
0.0118414
-0.635824
1.50409
-0.643125
2.17167
1.38398
1.03001
-0.419916
1.31894
17.649
0.123748
2.66024
-1.7911
-1.34036
1.22757
2.48288
0.422245
1.41765
-2.23611
12.0427
1.39391
0.217384
-4.64517
-1.27962
-0.675852
0.971479
-2.35296
-1.05648
-3.98648
0.658951
-1.58524
-0.584033
-9.90867
1.55958
-0.898633
-0.541465
2.82063
2.40253
-1.16715
-0.0497055
0.541954
0.608795
-5.24501
-0.467594
-0.466694
-1.37111
2.89929
1.7557
-7.35954
1.00732
0.505625
0.0698223
-3.74718
-1.44562
-0.399791
1.44596
-0.0788184
0.0157612
0.0474516
15.1191
1.35266
-0.431175
-8.47342
-0.167697
-0.432355
0.323073
-0.508124
2.76425
-1.96138
-0.576726
-0.420171
-0.278334
0.120085
-17.3279
0.690233
0.591769
-1.78416
1.73424
0.836493
1.07353
3.09815
2.26684
-6.6358
3.18286
1.05945
-0.647628
1.52137
-1.87859
-0.77641
-0.539344
-1.03911
1.37759
-3.04248
-1.93837
-0.481813
-0.713738
-3.11354
-0.737152
1.51772
-0.147698
1.53739
-2.94724
-0.0309768
-81.1113
1.39466
-1.54509
2.56436
-0.582173
0.0154433
9.5242
-0.304873
-1.0538
-1.3704
0.436711
0.0967105
1.53927
2.21702
-0.400997
3.96974
1.31224
0.60638
2.77851
1.98156
-0.740335
-0.201547
-0.651035
8.65505
-1.19079
-0.485612
0.585375
-4.77259
0.951344
-0.388989
-0.794161
0.425612
-1.72783
5.27798
0.286417
0.815427
-1.66492
-56.5527
-0.658742
0.41779
0.734088
1.22552
5.34672
4.96731
-0.215505
-0.718225
-0.198629
0.688479
-0.0450751
1.45303
1.75752
3.089
1.91407
-1.54856
0.760529
0.705102
0.0547414
-3.42851
-0.580753
7.88231
-3.53482
0.207147
1.35469
0.170884
-1.45557
10.3204
-1.6194
-0.283973
0.186192
-0.295608
-0.279239
0.111515
0.619963
4.33298
-2.02205
0.52559
-0.00706205
-0.0622635
0.790337
0.809331
0.397894
-1.71811
-1.0513
-0.344897
2.55562
-0.539365
-4.13561
-5.28515
1.00902
-0.671853
-0.434551
1.71657
5.63355
-1.16821
4.40457
-0.267686
-0.0574002
0.0393178
-1.00302
-7.9668
-0.497161
-13.5283
-5.43236
-0.373885
1.95455
-0.0554395
-2.55839
0.787745
-0.86562
-16.1987
0.053039
1.98454
-1.10561
0.250101
-0.169529
2.38744
0.0240205
0.904052
0.196207
-4.87193
1.45732
-0.862096
-9.38319
0.58141
-0.0555763
-0.197518
0.12419
0.0428216
0.52875
-0.971202
-25.12
0.912515
-0.244813
-11.9126
0.715553
-1.31555
-18.5247
-0.34643
2.07483
-0.776674
0.476552
-0.0165871
-54.0238
0.480264
-0.4272
-0.0806399
-1.08747
-0.499925
0.301131
-3.99988
-0.484999
-1.96697
-1.06683
0.46628
-1.73403
-0.240081
-1.31304
-0.559303
9.33331
-0.679817
0.173221
-5.25564
-4.45456
-188.101
-3.7577
-0.54066
-0.0461661
-3.03758
-0.192596
0.841654
1.52794
0.136548
0.128148
-0.402749
-0.000478828
0.660836
0.36742
14.4864
-0.0565241
-1.23997
0.235922
-0.58193
-0.080835
-1.26321
0.445278
-0.0649832
-0.646166
0.214756
0.894666
-0.638725
2.68861
0.233645
2.34755
-0.448425
0.290349
-4.39993
0.850428
-0.524204
0.234784
-0.19394
-3.82244
2.29363
-3.98909
-0.343125
0.564631
0.257647
-2.40357
1.32441
2.53164
-27.8661
-0.601063
-0.581506
22.7347
1.53253
-0.901165
-1.60119
0.27387
-15.77
2.31105
-0.528885
1.83614
-0.517176
-2.10581
-3.25928
9.14623
0.488576
0.893276
-3.84429
5.20695
7.76223
0.347102
-0.412218
-1.74889
-0.214721
-240.034
0.961709
1.70369
-0.705784
0.0809317
-2.89277
-9.52985
-0.0995968
-0.688404
0.826006
2.13241
-55.0983
105.004
18.9711
-0.181118
-0.336703
-1.922
21.4484
0.254358
147.054
1.15124
-0.274419
-0.761684
0.159851
1.92226
0.666284
-0.512128
1.46482
-0.310293
0.30394
-0.644663
2.30139
-3.31288
-1.68081
0.0427502
2.98663
-0.638699
-1.53426
-0.0716215
-1.36398
-2.76673
1.15008
1.85916
0.487792
-6.03464
-1.77822
0.848627
-0.692005
0.801596
3.38066
-0.143182
-0.308416
-0.338347
1.42782
-0.772426
-0.0554952
0.511503
-1.053
-1.14236
0.827587
-0.44057
0.758936
-1.9199
0.467772
-2.61739
2.17543
-0.586999
0.259171
0.510817
1.48608
-0.12531
-0.285935
0.392166
0.387334
-0.0369037
0.213521
-0.212074
0.427797
0.0259237
-0.170697
-0.00544502
-0.198325
-0.685196
-5.14067
3.15593
-1.48479
-0.139606
-2.06903
-8.74344
-0.120169
-24.0019
1.80644
-1.50571
-0.613517
-1.64585
-5.2598
-1.69021
5.61734
-1.95647
-0.523846
0.266418
1.27103
4.48001
-0.104694
0.817806
-4.01868
-0.833144
0.10445
-5.42058
-20.6324
-3.60556
-0.520357
-0.346847
1.13904
16.1868
1.72444
2.04137
-18.4615
0.300237
-1.24251
0.253831
-0.909882
-2.11046
0.958423
-1.8597
-1.40871
0.612797
0.890942
-0.529493
8.89153
0.595658
1.4034
-0.176978
-1.01527
0.537913
1.12885
-0.390236
4.09675
1.87077
0.60544
0.572875
1.32133
0.655822
2.69137
-0.267964
0.0665266
-1.86328
-1.43167
-0.970337
0.452944
0.171135
0.174527
-3.83191
0.982679
1.29558
0.304151
-6.17376
-3.72519
1.95644
-0.103317
-0.0324536
1.98345
0.547976
1.86592
0.711457
-3.02851
1.92416
0.659311
-0.656421
-1.63387
-1.2179
-0.473654
0.913554
0.0683616
-0.377199
-0.130724
4.83338
36.6333
-0.827002
0.841194
-1.57583
-0.431951
5.07666
-1.981
0.727099
-1.19704
1.63383
3.02035
0.476083
-0.175683
92.0031
1.37216
2.76311
-0.368984
1.17345
-3.54695
-6.24344
0.219039
-1.39478
1.13518
0.849232
-0.622287
-1.40208
-0.0323503
-0.342985
1.18322
-3.90501
0.319039
-0.089935
1.09831
1.27698
0.944321
43.3988
-4.13652
0.96058
-2.73978
-0.148118
-0.497381
0.562386
-2.09436
-0.851946
0.50996
-0.704908
-1.84963
-0.517646
-0.0394702
-0.706611
1.04948
-0.998708
5.51652
1.06066
0.0884637
-1.03073
-1.27499
1.56627
2.63601
0.596234
0.801291
0.548006
0.27237
4.26888
-2.25121
0.388845
-0.699129
2.87373
0.103577
0.882668
-0.597949
-5.89914
-10.5327
-2.4289
1.20377
-0.4912
0.746664
-0.59714
0.574147
0.742956
0.178595
-0.339521
2.91021
1.61135
1.88237
-0.179413
1.00179
0.731604
-2.4472
-0.135562
4.31944
1.73075
0.815962
-1.68325
1.37833
-0.00541369
-1.98001
-0.3158
-0.236732
0.362769
-0.78385
-0.390432
0.781499
-2.88152
-0.634694
-0.208637
-12.0681
1.57762
0.310714
0.364009
-1.12063
1.63029
0.531182
1.3924
-2.24426
-7.02716
0.631417
-0.366132
-0.862722
0.99891
-0.696986
0.120181
0.835963
1.17168
0.0758642
6.415
-4.44384
-48.0809
-4.26345
1.7471
1.9022
-2.27593
2.16088
0.571097
0.191416
3.52429
1.38953
0.720661
-1.1513
-0.778284
-0.680051
3.96342
69.2204
-1.16627
-0.920461
3.26026
-2.25546
-24.482
-9.90617
1.21784
1.11527
-0.206015
0.428048
-1.09176
1.03785
60.4647
-1.85443
-0.577952
-0.00950581
1.47964
-2.58084
1.14612
-0.577244
-3.28277
0.76515
1.69239
-1.23224
-0.712575
-2.36586
0.313111
0.126658
-6.43884
0.238861
0.356464
0.45286
1.03609
0.346266
-0.387742
2.62749
1.47789
22.1167
-0.553027
-1.88971
0.80049
-0.341691
-0.329857
1.62701
1.25905
-0.0866962
-2.55953
-0.793601
8.5174
-17.3632
0.566114
0.553584
-1.62717
0.964459
0.235027
-0.76484
-0.655412
-0.618707
0.191226
-0.167592
0.657081
-1.34161
-0.0585546
0.215188
-16.8656
0.311913
-0.149065
3.28819
2.07887
2.91918
3.52402
2.47353
-4.95429
0.900884
2.28401
0.575232
-6.9963
-0.537484
-0.868946
-0.135779
-0.451319
1.2081
0.320195
-0.796949
-2.26666
-7.82777
-0.0979533
0.976524
0.412055
2.08306
22.9504
0.411363
1.29802
0.109834
1.04593
1.00433
0.0372159
-1.29295
-1.46207
-1.21194
-0.390698
1.01463
-7.00651
-0.807249
0.805915
1.74291
-5.70686
-0.1069
0.671355
0.822786
1.61986
0.506388
1.39832
0.0205716
0.596172
-0.642586
0.614668
0.0165521
-0.0742519
0.596082
0.776189
0.837132
0.35466
-1.19395
-2.15623
4.33661
0.919138
-0.581365
0.0761317
1.07642
0.746423
1.37185
-0.428591
0.0364036
0.343413
4.21237
0.648756
-2.25478
-17.4826
6.79094
-0.0635765
-2.94924
2.82464
0.480846
1.07835
-3.51502
-5.29379
-2.51896
13.5354
0.253035
0.567817
-2.59321
1.46096
0.0797987
0.919682
1.43508
-1.08283
0.707815
-2.40978
0.307798
-5.58917
-0.424506
-0.207051
-0.41055
-0.860859
-0.925254
0.104728
0.84451
1.6476
-2.03706
-0.509849
2.49849
0.556774
-0.116288
-4.93531
0.199361
0.156388
-1.40271
0.198382
0.246524
-2.85942
-0.322543
0.485628
0.574787
0.371578
-0.179953
0.233388
0.951118
3.22377
-1.15138
1.20992
0.033726
1.75738
0.235813
2.11705
0.191185
-0.0221052
-1.26814
5.18211
-0.823059
0.179142
2.36725
1.10328
-1.78494
-1.36689
3.53677
1.39695
-4.12002
-2.28041
1.47923
0.668597
-73.9057
3.48276
-1.09225
1.2005
0.0956605
1.42457
0.56309
2.49826
-0.312778
-1.79223
-1.65326
2.13153
0.14482
-1.05478
0.766836
-0.729494
0.830444
-15.2244
-2.92771
0.420568
-0.160603
1.53462
-2.40792
0.654396
0.471654
0.0177664
0.333694
0.124109
-0.703036
1.69331
3.66919
0.610754
1.5247
1.75121
5.07097
-0.74051
2.26106
0.293723
1.13023
-0.199532
-2.21363
0.153254
0.947962
-0.264741
-1.19888
-1.27573
-0.406348
0.048484
-2.36569
2.43674
-1.77638
-0.148321
0.883234
3.45618
4.62903
0.0739214
0.317292
0.575563
1.27703
1.07811
-2.71685
1.4789
0.85995
0.682386
2.74249
-0.682617
-6.70229
0.193101
6.09499
0.346963
2.31605
0.260404
-2.26094
-0.247743
1.50759
-1.66425
-1.10849
0.671352
-1.19177
1.40574
3.18033
-0.945024
4.1115
-0.858994
-0.459062
-14.4464
0.0484291
0.812023
-1.0132
-0.116568
-0.6937
-0.0770921
-2.2187
-4.361
2.50763
-0.907569
0.714157
2.22023
6.56074
3.09414
1.78701
1.39549
-21.2528
-1.464
-0.26129
0.0915689
-0.23003
1.06668
0.230695
-1.17497
-0.193107
17.639
0.408958
2.95329
-0.329964
0.950264
-0.0399851
-0.0873841
0.517928
0.613057
0.642148
-0.79905
0.734869
0.248591
0.28802
-0.341529
1.08751
-50.9901
-1.28622
2.78272
-0.635374
-8.78619
4.57712
-1.16406
-0.862677
-0.197098
0.937764
-0.710074
0.0755665
0.44657
1.24011
0.812
0.370547
0.877672
1.65034
0.747978
3.1707
-0.184752
0.731151
0.587752
0.120303
0.374168
0.527696
-0.655825
-0.168063
-0.140193
2.59138
-0.922438
0.783332
-0.47636
-3.37053
-3.33382
-1.16236
-0.064234
-2.74425
-4.88073
0.737242
-0.0474781
0.547929
-26.2381
-6.74817
-9.3825
-1.78752
1.24043
-3.67002
-0.280666
5.65839
29.5685
1.87762
-25.7289
-0.196105
-0.140291
5.066
0.738707
-0.108581
-2.17423
4.73297
-0.615343
0.543752
-0.399807
-1.68433
-0.629639
11.181
0.344791
-0.175261
18.7749
2.05497
1.01287
-2.07993
0.771902
4.95727
46.3454
-0.00323184
2.89792
-0.460944
-0.184518
-0.160471
-1.807
-0.100869
-4.08318
-0.349179
0.208767
-2.4205
1.1784
0.177506
1.63968
1.40178
-0.763902
-0.236089
-0.191272
-3.50772
-1.01238
1.63517
-0.778079
-1.44698
3.85864
-1.69407
-2.15849
-0.644144
0.567209
-0.827209
1.21606
0.0416252
0.341181
-26.1459
1.23392
0.44173
15.6292
-0.242809
0.0221857
-2.59094
1.09822
0.816664
0.21114
1.38332
-1.11168
-0.493598
0.515703
0.00145236
9.40598
0.187244
0.63789
2.35594
0.113874
-3.07826
-5.37625
48.9227
2.46394
-0.0341405
-0.138021
2.4851
3.1489
-1.55538
-9.61361
-1.6826
-0.631393
-1.365
3.38361
0.0413142
0.956473
-4.56849
0.363262
-0.708648
-6.95494
1.13494
0.373633
0.470706
-0.630624
-0.398924
2.37155
-1.53096
-2.94242
2.54803
-6.86082
-0.990371
-1.05032
-0.0184688
-18.5596
-0.549405
-11.9241
-0.570076
2.58376
-1.38871
4.37738
1.08484
6.3794
0.496307
-0.946292
-0.78929
-1.48114
-0.0427978
-0.811909
-0.204401
-0.574804
1.01902
1.79011
0.0332415
4.23062
0.179439
0.836393
-0.589149
-0.68094
-1.06174
-0.574226
0.205655
4.23132
-8.20211
138.39
-0.0099026
-3.35352
-0.170729
-0.613416
0.471465
0.248035
-2.95522
-2.60605
-1.1551
-1.47988
-0.96277
-0.956812
-0.514857
-1.19167
-1.01303
-8.81367
-5.27782
7.24054
1.43631
2.56113
5.39975
-2.53011
1.5224
0.571543
1.73693
1.24671
1.05474
-0.476197
0.256904
3.77004
1.87001
3.06527
0.385903
1.03161
-0.268211
1.14356
-0.854541
-2.08993
-0.881362
0.302027
-7.25424
4.37011
-5.04681
-0.20925
-0.710821
-0.331168
0.671893
1.75298
-0.420793
3.42217
0.88138
-5.17887
0.208811
-1.81913
-0.527956
-0.128059
0.324116
-0.144746
0.848861
-0.0389758
0.456899
0.00161883
0.132218
3.3029
-20.1866
0.185413
1.43164
13.912
1.05231
1.99246
-0.0653998
1.46608
-1.76793
0.76144
-15.9191
-0.728414
-0.0601194
-2.07049
-0.0582591
3.91403
-0.234983
0.196066
0.209891
0.181732
-0.597801
-0.103446
-0.0923365
-4.05453
-1.7268
0.281683
-0.332912
85.2517
2.53913
0.454528
0.0184851
-12.7455
0.961073
0.212255
-0.367151
0.271034
-0.104452
21.8254
0.991662
1.32913
0.441199
-0.13382
1.5825
-6.32029
1.20052
-0.434924
0.999027
-1.67679
-0.693168
1.06677
31.0885
-2.57231
0.621625
0.282565
1.87077
0.541706
-0.344159
-0.175274
2.75069
-0.352309
0.760483
1.36048
0.85052
-2.79226
-0.164869
-1.37997
-0.523698
0.0899206
1.41798
-0.233644
-0.493166
-1.85203
-0.954636
-5.47842
-0.817582
0.756257
1.00509
0.956858
-0.00390133
-0.845988
0.572925
-2.35533
1.21134
-0.383434
-0.260433
20.8519
-1.4219
-0.472377
-2.16357
0.572278
-1.43911
0.475564
-1.73488
0.233964
-0.441264
0.328696
-0.341174
1.08601
-0.901175
0.343631
-54.8249
1.49507
-2.48522
2.101
0.103998
1.52652
0.0914185
-2.99853
-151.446
-0.0256844
1.6637
0.172439
-0.248033
0.301076
-0.163298
0.0383392
0.352966
44.0742
1.53922
1.20324
0.979666
-0.424634
-1.14116
-0.0216614
-4.52651
-1.37941
1.05913
-0.379181
-0.873761
0.30483
-1.72356
1.79823
0.229022
-0.16607
-0.540729
-3.12828
0.613446
-0.826454
0.318492
-3.68296
-44.1922
-3.3424
0.549998
-0.565821
0.0721245
0.138007
0.583664
0.709826
12.9935
-0.0789551
0.74266
-1.29558
-54.4962
5.49046
-1.23304
69.9277
-1.00082
-2.53495
0.753134
0.199688
-2.80344
-0.766861
0.234321
-2.99946
12.4816
-0.58029
-0.448909
0.0536553
-1.50206
0.222709
11.4976
-0.161218
-3.37249
3.4849
-2.93291
0.691191
4.22
-0.126362
3.72568
-0.398263
2.87484
0.449319
4.4881
-1.89179
-0.370251
0.838119
0.581698
6.03763
-63.0459
-0.63253
1.73249
3.77768
0.235546
-0.173973
1.79795
-1.39241
0.0281157
-0.00367794
0.646295
-5.79217
-0.956954
0.733151
-0.205278
0.833489
-1.51262
-0.73621
-0.237888
1.75438
4.00629
3.87925
2.18375
-4.48456
-0.435002
17.8339
-1.31678
3.34953
-0.275817
-0.929816
27.7342
2.16117
-0.0775854
-0.147243
1.90583
0.658319
2.29561
0.934417
-1.83062
-0.180841
0.827779
0.58042
0.364079
0.0775746
0.235964
0.990444
1.10045
0.0663556
-1.547
-3.41043
-1.51818
-1.50769
0.620225
0.400854
-1.53832
-0.21851
0.908277
2.2194
-18.0392
2.49248
-0.444573
0.0671486
-0.119051
-1.35312
-0.169105
-0.236655
-1.02984
2.76284
-5.71234
-2.00404
-13.792
-0.603163
-0.420462
0.341054
0.64446
-0.097629
-0.624797
-2.28189
3.28643
0.102293
0.0783414
-0.237919
-3.81819
0.0281104
1.31066
0.368507
0.172346
-0.617529
1.20834
-0.396426
-1.11667
-1.17046
4.02153
-5.43932
0.0613163
2.10223
5.83236
0.690673
-1.61302
-0.860771
0.477066
1.76257
-0.220806
0.22692
-0.631527
-0.599374
0.152504
3.01891
-16.3092
-27.5805
0.317425
0.864466
0.968967
1.13246
14.6774
0.419532
1.26437
-0.254242
0.161759
1.51459
1.46562
0.480052
-2.24936
-0.865121
-0.983996
-0.390123
-0.0645942
-0.242861
1.70598
1.31263
1.64384
6.374
-5.69344
0.519491
-0.158374
1.22903
4.21704
2.10948
6.57812
-1.20514
-4.56067
-0.393298
-1.18977
1.79733
1.02799
-6.8632
-0.536441
-1.33005
-1.17459
3.24855
-1.53453
2.65286
-0.82044
0.744319
-0.656174
-7.27982
-1.13469
4.01288
1.62956
0.253703
0.0819789
-0.0345237
0.193271
-0.432054
-0.350203
5.5905
7.78562
0.0737168
-3.23516
-0.672204
-44.9536
0.0629202
0.933577
1.01738
-1.06957
-0.38085
0.296558
0.271157
1.75046
-3.5181
0.862161
0.28767
-0.519071
2.55669
-0.543894
-30.6772
-5.97162
3.67937
-0.00539209
5.94081
0.999377
0.439764
-0.127531
1.036
-0.97016
1.84806
0.936804
-2.56162
-1.13348
-0.859
-1.50473
2.77008
-1.01817
-2.13198
1.70375
-1.41397
0.752018
-0.386913
3.23905
-3.36318
-0.0682355
-28.851
0.611321
-3.53164
10.5418
-1.1834
3.26888
1.83212
-0.671264
1.74034
-0.424681
0.878248
-0.12753
-1.42607
3.33693
-6.35713
0.182152
-1.34542
2.62536
0.205472
0.302865
3.36248
0.411026
0.376966
-0.409521
1.7857
0.0042793
-0.0209365
0.403769
0.249382
-1.14014
0.490195
-0.424964
-1.81255
0.705818
-5.18168
2.23888
-0.262349
1.24055
0.752496
19.8859
1.28389
0.247157
0.114785
-17.9353
1.07337
-5.57361
0.527032
-4.51234
-1.22304
-0.746805
-0.460067
-0.298654
0.211911
0.393137
1.20439
-1.03646
-2.50677
4.73727
1.35627
-0.200863
1.16906
1.72524
-0.309893
-4.52709
0.208826
-0.249105
3.08978
-0.432599
-278.188
-7.69561
-0.708173
-0.189708
0.471747
0.313052
0.39788
-10.2005
10.0993
1.07654
0.694402
-0.41765
1.43164
4.04577
-0.380106
-1.48531
-1.86541
1.39899
1.05016
-1.1214
0.949554
2.1435
-0.391733
30.329
3.45004
1.58488
0.685943
1.15661
-1.39663
-4.32988
-0.385415
-0.237615
0.20837
-15.3582
0.0636278
2.93759
-0.407319
0.0119846
-4.05145
-0.441412
-4.88196
-0.908163
-0.635374
2.1269
-19.5019
-0.612789
-1.34216
1.11848
5.78745
8.3237
-0.909626
0.408645
14.5347
1.85691
1.47668
-3.60201
-0.257747
1.86681
-0.39594
-3.43814
1.85607
1.66843
0.188639
1.73261
-1.54296
2.9144
4.94575
4.0502
-0.0170987
4.02975
-1.28176
-0.259933
-3.30488
-0.0349465
0.70507
1.21341
-3.2537
-0.760657
1.22922
2.28265
-0.782854
0.597478
-2.57666
-4.53504
-0.0766734
-0.4141
-0.264973
-0.508096
1.83324
1.25711
0.498615
-0.382128
1.54107
-0.0131884
1.13555
-1.62685
3.72211
1.13119
0.0463393
-1.26054
-0.478586
0.602313
-3.07768
0.337916
-1.6871
0.48669
0.737897
-8.60125
0.584139
-0.197147
-1.29656
-0.631435
1.29488
0.168221
-2.44688
-1.97479
0.506938
4.65576
-0.0188436
-4.09602
2.03462
-0.0944388
5.72637
-1.1481
2.07211
4.28902
0.0818503
-51.1613
0.675876
-1.14153
0.909846
4.00313
6.80042
0.867454
-4.45934
-0.785586
0.0717542
1.51098
-5.2565
-1.89607
0.0650651
21.8084
0.86793
-4.92296
-3.96285
-0.0888957
0.150344
-1.1974
-1.10408
-7.08889
-2.14058
1.06434
0.461824
0.639749
0.577864
17.4471
2.1431
0.469701
227.877
0.864751
-1.39006
-0.205849
3.91017
0.345925
2.11383
-0.279349
0.796483
1.43407
-2.95346
-1.02801
0.594001
-0.0751508
0.525424
-1.60074
-0.249216
1.03685
-3.77792
-0.737912
2.60581
-0.71795
0.437508
3.16698
-0.439411
-1.27697
-0.142569
-0.444448
0.790559
-0.586366
-0.392186
-1.56947
-17.5
-2.59545
-0.265792
0.577372
0.414371
-0.118526
4.75206
-0.539049
1.00126
0.452794
0.136235
0.124229
0.390347
1.04794
-1.49386
-8.83584
9.30192
29.8469
1.07392
0.292354
0.118421
-0.540523
-8.4787
0.638591
0.243049
-7.10223
-0.161691
-1.07784
1.32073
0.105537
-0.719431
0.998802
-3.19563
-0.0972495
0.0642066
0.35483
0.235546
-0.714495
-0.739038
-0.198531
1.28605
9.07013
-9.00771
-0.179947
0.612492
0.461618
2.24863
0.283234
0.698986
-0.912109
0.911095
-1.09304
24.698
-0.931206
2.04915
-0.476059
23.5671
1.32222
0.846528
-0.495098
22.7195
2.32841
0.853282
-0.669847
3.6828
0.595955
1.72875
-0.788463
0.310218
0.620784
0.464881
0.58585
-20.2297
0.9755
-0.114728
-13.8668
-1.70286
74.2311
0.0206615
0.62098
-0.29476
-1.83998
-0.316481
1.38826
1.13197
-0.245479
1.9054
-2.13283
0.983731
-7.08258
3.84396
-0.644717
0.339775
-0.374332
-0.470869
-3.24886
-8.56052
4.76926
0.313637
-8.08102
-0.821103
-32.5626
-0.732886
6.20708
1.11053
-4.53499
-0.753481
-0.472906
2.11957
1.64537
5.06521
-0.278997
-10.8607
0.777972
1.84795
-23.7705
-1.78458
8.08659
1.52105
1.73073
2.27823
0.891119
-1.9456
1.00253
-0.295819
1.21591
5.02484
0.116668
-0.878275
-0.876689
0.0121171
-0.366417
0.504855
0.0582671
-0.352134
-0.465796
0.206448
1.29774
-1.98197
0.432754
0.0850856
0.0867144
-0.491258
-0.44903
1.80501
-2.53938
0.0297866
-2.00981
-4.30716
1.9196
-0.646645
-11.5891
0.265735
0.451483
-5.48659
0.486769
0.912638
0.144952
0.203361
2.99737
-2.0166
-0.63643
-0.635738
2.5222
0.363146
3.43018
-0.197252
4.71439
-0.78844
-15.9907
-0.174142
1.67922
0.240101
-0.632303
-0.657737
-0.654947
-0.802659
-1.54955
-10.7209
16.6554
0.396132
-2.95011
0.702592
-3.1581
0.913592
-0.0727633
-0.0301591
-1.24797
1.77736
-1.2168
0.472842
-17.3917
-1.10499
-0.112089
0.236775
-0.231547
0.0734577
0.522743
0.21519
0.769635
0.00654785
-0.317165
14.7736
-2.19902
1.92984
-0.468028
-0.465828
0.4938
-2.9591
0.644799
-0.0717752
-3.80898
1.39045
-5.10233
-1.43175
-106.175
4.41268
-0.658797
0.612872
0.804228
0.384333
-0.869124
0.789411
-2.32557
-0.496953
-0.398845
-0.0833875
0.0816082
0.406167
1.58606
-2.04441
0.584078
-4.8036
3.17387
0.160716
-1.46464
0.149249
-0.564736
0.563899
2.10651
2.93592
-0.646233
-1.26107
-6.68466
-0.647513
0.0867363
1.05452
10.6184
-0.456562
-15.9698
1.81141
-0.0341984
-0.668928
-1.07612
0.912217
7.97051
0.76377
0.359805
1.95446
-5.87993
-1.01181
0.121879
0.323152
-0.146335
0.00820928
-0.693864
0.872554
-0.485985
0.111973
0.805886
1.08909
-1.35978
-1.13789
0.276479
-0.71398
-1.16059
-0.414991
-3.47425
0.101868
0.785324
0.995614
1.60821
-1.28647
1.60644
0.560903
1.21716
-0.321868
0.320816
-1.81354
2.65088
3.33875
-0.215538
-7.60073
0.783603
-0.796842
-0.432197
-1.11008
-5.39121
-0.359205
-2.13926
1.95357
-1.09188
0.39674
-1.25566
0.645416
-1.35711
-0.328402
1.4143
0.422974
-4.63787
-0.168216
2.78281
-0.288362
-0.150759
-2.34363
0.303364
-0.755273
0.598351
-0.7202
2.56349
0.56552
2.28833
-4.10841
6.48276
-0.0244117
3.33629
2.8701
-4.56335
0.245004
0.608668
0.819787
0.673043
0.733678
-1.25303
-0.14517
-14.9249
-1.2055
0.271859
3.36655
-1.0097
-0.318122
2.71813
0.965312
0.311613
-0.191181
-22.5349
1.27106
1.49726
-0.744285
-1.29782
6.40341
-0.524189
0.0352335
0.107389
25.4347
0.51259
-0.420412
0.178821
3.50989
-9.26514
1.70936
1.18633
-0.145742
-0.406168
0.807741
-6.18994
4.35222
-0.284167
-0.547512
1.59595
0.335048
-0.648473
-0.748191
1.20937
0.48003
1.17677
-0.0530711
5.20495
-0.651574
-3.33886
-5.19448
-0.241689
1.80349
3.33705
-2.45203
-0.275285
1.89294
-0.705986
-7.55909
-0.485863
-0.339748
-2.18126
-3.16826
1.95489
5.10317
2.3984
0.764311
0.218225
0.932789
5.2039
0.308864
0.891895
0.718895
0.0642312
0.349059
0.375443
0.325249
2.38303
-0.799637
4.08364
0.142504
0.46956
-6.28378
-0.0851768
0.560802
-0.799034
-4.85209
0.987379
3.38108
-5.29179
-1.7675
2.92237
-1.04519
0.0284534
-0.755822
1.14423
-0.33337
-1.42485
2.04664
-0.557702
-0.294336
-0.431459
-0.057745
-0.885996
-12.7273
0.338086
0.267924
-0.0723779
0.412704
-2.66063
-0.327083
-0.386067
-0.0989957
1.39901
-0.0950893
0.605638
-0.384054
20.2798
-0.867735
-0.427158
0.0986504
0.416422
0.395525
-9.86487
-1.62703
-3.33451
-0.475846
0.185374
-0.994136
-0.253698
-0.509929
-0.125778
0.0823448
1.11044
1.15308
-1.6166
0.744958
10.3864
-0.183519
-1.42135
-9.44614
-0.121246
-0.873002
0.429602
0.968206
-1.00041
-0.717811
16.1869
0.109491
-0.418732
3.62965
5.06345
1.375
1.65701
-0.591509
420.758
-2.00818
0.224586
0.649223
0.897988
0.852306
-2.6842
-1.10392
0.432434
0.925757
1.27745
-1.86249
-9.92919
-0.513223
2.12119
-1.47298
-15.3444
7.57664
1.5631
0.68876
359.614
-0.840867
0.0764097
-1.38427
9.81517
0.739334
-0.539611
-0.403422
-0.982968
0.459863
-0.794431
-1.4575
0.130712
-0.569196
-0.549673
1.62247
-0.00745006
-0.365717
-0.469315
22.9881
-0.0727252
0.130093
0.285463
-0.558185
2.19593
0.00196132
0.568471
-1.29301
-0.177063
-1.14044
13.3972
3.52354
-0.605455
-0.387927
-0.233633
1.76922
5.47203
1.83599
-0.475738
22.3239
4.13126
-0.213051
1.02816
-0.598726
0.289036
-0.00279504
2.89275
0.667832
0.183028
0.342237
-1.41694
-0.585087
-2.5691
-0.0407143
-0.368102
0.85741
0.3679
0.309369
-0.184709
-1.14233
0.0413437
-0.526955
0.221766
-0.364073
-0.621576
9.69892
-1.54665
-0.5389
-0.195295
-2.27926
102.301
0.74506
18.048
1.22223
0.565426
-1.4595
2.397
-1.83441
2.14197
0.363433
0.159165
-4.91005
-1.21646
-6.20953
3.77234
3.80932
-9.27845
-0.198658
0.368701
0.739341
0.934364
5.55354
-0.447691
-16.9687
0.415147
-1.65662
-6.90222
-6.24293
0.435983
0.597359
0.393068
-0.476487
3.18932
-0.562674
25.4507
2.62193
-0.453232
-0.125107
-0.830214
1.07085
-0.540299
5.3788
-1.22732
-1.48853
-2.10496
1.31296
1.56259
-0.319978
-0.755411
-1.17986
3.45343
-0.141106
1.47127
-4.70511
-1.04969
-0.409407
0.519679
1.1231
8.66726
-2.41655
-3.77532
-0.85478
-0.800327
0.852842
-1.11312
1.78592
-0.520615
1.8458
3.49326
0.0326279
3.74404
0.353196
-0.368141
-0.949918
-1.46682
0.07897
-0.0554506
2.99189
-17.0105
-0.39788
0.291947
-1.37994
-0.814821
-3.27288
-52.9903
-0.513873
0.0334553
-1.6382
-0.0789726
-3.59558
-0.757428
0.983206
0.374086
-0.886646
0.521715
0.103813
-1.83725
4.52792
0.219413
-1.6498
0.17737
-0.540359
0.0935994
0.335172
0.100523
-0.863684
-1.77934
-0.60094
2.71885
-0.512697
-0.7214
-15.182
-0.5328
-2.10637
-1.5753
-1.91325
-2.99466
-0.218334
0.322926
-0.407932
17.0497
0.833954
2.73547
1.94774
2.29147
1.32076
-0.345941
2.7037
-3.59766
67.6467
-1.55687
5.52157
-0.0221556
0.797984
-1.10296
-2.42484
1.52463
1.59753
-0.732708
1.15496
0.0049322
-0.485226
0.882381
-1.1063
-4.864
3.41611
1.81937
0.458451
-1.54548
-1.02848
-1.34511
1.41094
-2.60017
7.30873
-5.06012
-0.0638181
0.152744
0.645265
120.072
3.14248
-3.60424
2.33586
1.40858
164.326
0.838461
-1.55703
-2.86372
-3.56656
-0.126545
1.52388
-0.737392
0.595483
-0.697311
-1.44114
-0.850932
2.26574
-0.719953
-0.364475
1.38556
-0.312515
0.177329
1.15468
0.239536
-7.34413
-0.849051
-0.362281
0.128757
0.213281
0.681642
0.22501
-0.617235
0.489997
-5.76774
0.907728
1.88277
1.108
0.500846
-3.92915
1.25161
0.150572
1.14619
-0.00611357
2.25148
-0.255458
-0.051338
2.23615
9.53156
0.708619
-0.934375
-0.110622
-2.42829
1.63984
11.8444
0.0213531
-0.389688
0.0608536
3.3753
-3.36757
1.04643
1.44165
4.72323
7.04056
0.531267
-3.56239
1.97631
-0.468711
-0.494952
-0.76192
-1.96081
-1.22634
0.492216
-0.265396
0.274253
-0.500676
1.81137
-19.4795
-0.0453839
0.880916
6.27733
0.120479
3.4989
0.235534
-2.3296
12.5649
-0.732458
1.5718
-0.848478
0.23112
1.0747
-1.83209
2.09802
0.55388
-1.55289
1.44575
-0.713088
-1.54645
-0.199289
0.734824
-0.213774
-1.13315
-29.2612
-0.568723
1.03301
0.648442
0.100203
0.0276574
-0.878879
-1.47442
-1.09541
-8.31337
4.10958
0.243951
5.09849
-2.03542
0.677048
-0.508894
-1.91555
-0.768068
-0.315491
-0.0575701
0.440195
0.323889
-0.1288
-3.26115
-2.21299
-5.02619
0.549412
-0.38297
0.319235
4.41337
-0.0693434
-0.635299
0.883171
6.01971
4.37838
0.211581
-2.49444
1.16178
0.114154
-1.86223
-4.58433
0.431705
0.758388
-2.84527
1.75266
-0.436678
0.41244
0.0498269
-0.955374
-3.02002
0.0896101
1.90117
2.84137
-0.0725079
2.10258
-0.272173
-0.868836
1.29267
2.23019
281.15
0.360052
-6.49801
-0.36409
5.43204
-1.5974
8.75005
-4.53096
-2.68737
-0.72504
-0.349353
0.472606
0.359108
-0.599697
-1.28225
-0.20458
-0.223708
0.773084
0.630237
3.28525
-2.13757
-0.0447213
0.961756
0.504786
-1.11883
0.796622
-2.86515
0.391477
-170.814
-89.5762
-0.0182022
0.220268
0.294635
-0.375553
0.339441
-1.29855
-0.838674
-0.409277
0.495474
-0.198855
2.55621
-3.91729
-1.05418
7.92968
0.456179
-2.28859
-80.2389
-0.914219
-2.17483
0.579202
4.11608
0.804037
1.60336
10.7724
0.935565
23.8727
-2.12514
-0.254246
-1.18693
-1.2097
1.26077
2.97525
-2.56521
0.000371801
-7.59427
-3.93043
0.832547
-0.973015
-3.13201
-0.439534
73.3424
-0.13777
-5.79529
-3.68682
-0.295342
0.500611
-0.124888
-3.91234
0.324145
-0.200798
-1.14361
-0.781469
0.915604
-0.223702
1.30126
-0.102626
2.93902
2.4107
-1.68386
-0.170226
1.17854
3.1904
-37.4119
1.10281
0.484708
-1.38205
0.135766
3.53767
29.8434
0.337349
-8.07006
0.27413
1.00838
1.45738
-3.06646
0.267619
0.111235
-16.5508
0.246104
-0.779616
-1.11957
15.5316
-11.6029
-0.0940692
-11.0625
-4.69273
-0.973067
0.80669
0.0320321
-0.938823
4.6189
-22.4467
1.54447
-6.41146
-10.131
-0.377891
0.20697
-0.477999
4.53584
-3.52925
-5.99974
-2.18342
-0.0945631
0.377165
0.318188
-0.442988
0.625596
-1.28419
0.0874295
-0.68455
0.00665894
0.618098
2.35237
-0.29742
-3.51608
0.0950853
0.50488
0.445965
0.244448
20.187
0.291923
-2.40436
2.80282
0.910381
1.25854
-1.04417
-6.04248
0.563456
2.20068
-0.0845272
-0.111621
4.84762
-4.02838
-0.828623
2.84909
-0.489342
0.615865
0.746852
-0.58916
2.13277
-21.1107
0.347122
0.283719
1.77734
-8.41057
-0.305027
-0.830638
-4.08678
-0.00311667
18.4991
1.11552
1.40698
-3.39447
0.571164
0.545186
0.211388
13.6385
-1.84784
-0.291871
0.268811
1.26546
-2.34003
1.82497
-0.441301
0.0633096
-0.0505371
1.5469
0.347242
0.871348
-0.216445
-1.51564
0.3491
0.979334
7.04701
2.78812
-0.431666
-2.30545
-0.469718
-2.81393
3.32985
-26.1
-0.497505
-0.181297
-0.948454
-24.1776
1.91504
-1.89128
26.6364
11.8383
0.711122
0.38515
-0.942362
-2.2861
0.120615
-0.215049
-0.413425
-1.95415
1.94594
0.0490418
0.478879
-125.279
-2.09002
-11.9489
-5.63044
0.322146
6.54523
-0.0339734
-1.34045
0.688667
-2.5902
2.07369
3.29936
0.446108
-0.444545
-0.333284
-3.23368
-3.25791
-0.627844
0.300604
-0.672014
-5.49888
0.66412
-0.101424
0.959613
0.829842
-0.718556
-0.129558
0.493052
1.45743
-7.8804
0.877939
29.0088
-2.68498
1.01931
-7.7921
-2.49552
-0.554979
2.79174
-0.984511
-2.21431
-1.26978
-0.772181
-0.40306
0.758738
0.264176
17.6159
0.188417
-1.40638
0.893481
-18.06
-0.79824
-0.859187
-2.81737
-0.902539
0.759764
0.461259
0.947969
-0.762693
1.68773
0.459708
-0.079575
0.713207
0.637583
1.11217
-0.608538
6.13489
0.100284
21.1275
15.8291
-0.318048
0.62602
-0.436424
14.4719
0.0218563
4.16125
0.0906061
0.12286
0.470579
-2.00937
1.98439
3.15693
4.07542
2.31242
1.20178
14.0697
0.206191
-0.417401
-0.288406
-6.41017
2.17521
0.521692
0.023767
1.34068
-2.03749
-0.532291
-1.95092
-2.84474
-0.264089
0.890392
38.6125
0.523997
0.771096
1.87533
0.343162
-4.60624
-0.211138
2.01103
2.45661
0.802259
3.35572
-1.25086
0.374946
0.16982
0.957377
-0.769791
-1.21071
2.48869
0.199401
-0.987221
-6.53147
-2.89845
0.253719
0.084429
26.1869
0.373236
-0.658412
-0.183306
-4.70738
0.0575746
-1.30504
-0.763667
0.428032
13.4127
0.165076
-0.588969
0.215137
0.726158
-0.148704
3.19736
2.69284
-1.61961
-0.147687
0.876164
-0.129325
-5.3974
-27.7951
-0.246716
0.817586
-0.185831
-0.264398
2.51441
-0.516992
-179.443
-0.198895
-0.853873
2.0992
-0.075142
169.485
1.4445
-17.1786
1.75342
-0.794197
-0.0931399
0.00150608
1.14475
0.0295102
1.20946
-1.74448
-1.24446
-0.33472
-6.73853
1.00653
-0.694622
-4.27282
-1.18686
-0.677513
1.91867
-0.745758
-0.666579
4.03505
-0.77168
-1.20065
3.99304
0.6421
0.059109
0.0825811
-2.14945
-0.216202
1.11357
-7.47201
0.285284
-0.5181
0.101855
-0.367122
0.0910009
-0.832915
-2.16618
-1.24647
-0.383811
-1.55822
-1.15407
1.02437
-1.21303
-1.32052
1.57274
0.411809
2.65793
2.01645
0.850564
-0.60525
2.86887
-2.81625
-5.05611
7.49435
-1.80037
-0.285335
1.78156
0.594807
4.25159
-4.89201
-0.593007
-2.29153
-0.9115
-0.679081
0.965532
-2.42091
-0.0975706
-0.716381
-1.76944
1.95966
0.346641
-0.247114
-0.137024
-0.607945
-0.697052
7.31569
3.88802
-0.20975
-1.59388
27.9631
-0.0234866
0.603702
0.0843928
0.180352
-0.20952
-0.693502
16.4749
-0.889746
1.84876
1.97078
0.100918
6.32894
-1.06769
-0.122568
4.32777
-0.181255
-1.25995
-1.69033
-0.474645
5.09918
0.660825
1.50115
-1.56434
-0.702486
-0.33771
-0.31213
-0.703358
-0.86881
-2.6623
2.8017
-0.133633
0.502676
3.29101
-3.64611
10.6994
2.88228
-0.330019
-0.136517
-4.92291
-0.532368
-1.58981
-0.521106
-0.259927
-1.6312
1.05433
12.3259
-4.64995
0.15701
1.40828
0.331051
1.41838
0.381085
-0.10793
2.89365
0.0405664
0.0519073
-2.08269
0.33071
2.82977
1.20646
0.982303
0.2772
-4.7346
0.57433
0.901354
3.29923
0.295947
-2.59148
10.619
-0.00962178
-0.220782
0.248576
1.59596
-0.120867
-0.00905593
-0.27722
-118.913
-1.81015
0.845453
1.17363
2.3429
-0.0297271
6.33787
-0.0832051
0.0220088
-9.76952
1.73827
0.00397627
1.48632
0.0789133
-0.416182
2.04437
4.53986
-12.5446
34.9944
2.75438
64.7905
-0.446035
-0.237846
0.582623
-3.55319
-9.48635
-0.328944
-0.310705
-0.466788
-0.59652
1.58824
0.714213
0.0520387
0.477452
2.73463
-0.279986
-1.88339
-2.19628
-0.492531
0.834198
-0.25793
0.328034
0.147565
-0.707205
-4.68588
25.9772
0.233657
-0.356202
1.44267
31.1538
-0.503526
-6.30649
5.11741
-5.28746
-0.458631
0.0022722
-1.07825
-0.541505
-13.087
-0.943209
0.44432
0.757583
3.54517
-4.08046
0.316263
-1.05483
2.67778
-0.56778
0.0460546
-1.05995
-0.267541
0.148782
2.61681
-5.33029
0.955496
-4.19659
0.285849
-0.646883
-0.909169
1.20514
2.81579
0.0590792
-1.22796
-0.73314
0.33526
-0.640415
1.69928
-3.44834
-2.64168
-1.40324
0.0216159
0.126854
-1.26878
0.88159
0.151866
1.67126
-0.231845
0.158823
-6.79688
0.441891
0.54202
0.377266
1.36925
-3.1577
-0.329492
-1.41705
0.425356
0.142885
4.1408
-4.06334
1.89497
-0.107716
1.30678
1.68497
1.56551
-0.131458
-0.777035
1.81035
0.904571
-2.84385
-0.706981
-0.861905
0.198306
7.1274
-8.11628
0.0597232
0.831182
0.187647
-0.255187
0.938631
-0.058026
-4.26749
-0.414428
0.779262
0.581085
-13.8439
-2.92331
1.41276
-0.0455071
-0.388746
-2.0863
-4.23043
-1.11385
0.937015
-0.26996
1.20119
1.07404
-0.862422
-0.380516
-0.0361293
0.765674
-4.61429
-4.76831
3.19207
1.28288
-0.682994
-1.89052
-0.171878
23.8065
0.116602
2.76531
-0.804913
5.56815
1.14356
5.36064
-1.02387
3.7634
-1.56029
2.93023
0.56393
-1.43018
0.573142
-0.700266
0.0373202
0.839561
-1.32098
-1.06387
-1.27256
-0.624147
-4.08192
23.7486
5.4216
11.9436
0.202848
0.0369367
-19.6682
0.100156
7.66386
-0.114286
-13.8399
-13.2825
-239.798
4.78618
-0.106111
1.68497
0.578248
1.13496
5.50781
-6.84856
-1.22446
-3.06152
0.347005
2.45451
-5.80102
-1.47711
-0.748458
-0.618955
0.0872685
-1.78051
2.59702
-42.2652
25.1191
-6.91284
-0.440213
0.563549
-1.79701
1.39795
-0.0761469
0.769012
-0.461522
-2.47959
0.71786
0.251492
-0.0324403
-3.96068
-1.93139
-0.8214
1.73097
-4.06136
0.73453
0.506974
-0.485423
-1.08721
2.59405
1.24397
0.125525
-1.00148
-0.24374
-3.60544
-0.262115
-4.63612
-1.01093
-0.23864
0.0055355
-0.994459
7.92434
-1.51345
1.99434
-1.01135
0.48045
0.900175
-0.474984
-3.81616
-0.897604
2.87583
-1.25479
0.365527
1.72978
-5.03625
0.695107
-1.58898
-0.510836
-0.471561
-0.524102
4.81429
-1.31984
0.0317458
0.334505
1.87058
6.74864
-0.492159
0.697093
-36.5097
-1.73277
-2.51345
0.0448405
1.11031
-0.771558
0.325995
-0.264937
1.77759
-0.639181
-4.0693
-0.956511
0.573775
1.27792
-0.999823
-0.200179
0.184743
0.530092
-24.3061
-0.225595
-0.857112
1.58655
0.594254
-83.0827
0.37761
-0.984066
-0.266062
-0.697384
-4.32384
-0.507671
-1.44734
-0.261519
-1.18859
0.451423
-5.06649
0.434937
-2.60887
0.322056
153.169
0.809472
-0.885851
-1.18269
4.29494
0.216868
0.957066
-0.586214
0.888813
-0.10122
0.461324
2.89332
-0.891726
-0.116726
-1.98615
-1.02297
-1.74892
0.987638
-0.105158
2.05639
-0.492895
0.731038
1.12376
-1.35391
0.25914
420.965
-1.88944
-1.43724
0.890363
-2.81261
2.78622
0.854015
0.54921
-86.0475
21.1666
1.44559
-0.0896159
-0.654147
0.294344
0.729894
-1.61528
1.19949
0.316886
-4.35155
-4.79389
2.57384
-3.16225
4.31201
0.646786
1.56235
0.00487664
-0.159993
-2.02375
1.59238
0.66146
0.954022
-0.453003
0.525193
1.00342
-1.25709
-1.34848
1.72806
-0.818823
-2.09215
-0.703975
-36.3701
-2.70142
4.63158
-0.113491
2.95079
-0.126705
0.151012
-0.287948
-0.674496
1.32459
-1.40451
2.08553
4.61061
-14.1769
1.76856
0.522293
12.3645
4.39939
-2.7053
-0.104847
0.0514665
0.430791
0.616771
-4.11089
-0.340103
0.795545
-4.82995
0.59767
0.0424318
1.55794
0.325577
-61.5771
-0.049559
-1.01585
0.506284
1.11238
-0.418749
-1.11266
-47.5376
-5.55126
-0.42549
0.225814
0.701414
-24.3962
0.229123
-0.607612
-0.449043
-0.0452884
0.561066
1.16364
-4.36735
2.68682
0.422486
4.91706
-0.401703
-0.922011
1.6839
0.277838
1.07586
-2.91713
-1.36482
-3.85656
0.726947
-0.226506
1.79281
0.213711
-1.27024
0.518669
5.47511
-1.10774
0.520242
-1.06177
-0.935987
-2.21409
0.0630329
3.79263
0.971594
-0.220396
1.61213
0.0297995
1.08235
-0.293439
-0.928652
-1.58977
-1.31525
-0.0591916
14.0923
0.784916
-0.029346
-12.1331
-2.51697
1.49752
2.67157
-2.20724
-1.62173
-1.02594
-0.547108
3.30208
-0.445116
-0.343318
1.46241
-3.52139
-1.88275
0.155512
1.05174
-1.49365
0.282342
-3.12295
1.16596
-0.0461893
2.23793
0.359867
2.62834
-2.70005
-1.59353
0.360639
-1.40225
-0.950277
1.30741
45.4534
-2.3449
-0.638683
-2.23515
-1.99424
-13.2552
-0.0162968
4.99324
-49.8507
-0.565141
0.535782
0.987782
2.61047
1.9656
0.268432
-0.419316
0.44679
-1.4745
0.115844
-5.04252
3.49473
0.786062
1.91762
-0.975925
-0.03945
1.83974
1.61685
-0.0717144
0.342092
-1.55644
-1.81807
0.00515617
3.11991
-0.68542
1.15743
-0.532825
-1.0285
-2.56491
-0.139944
-0.844742
1.92443
-0.402496
3.6433
0.84441
0.390515
-0.493901
0.857788
0.257518
0.428605
2.42591
2.10381
-0.166446
-5.43953
0.108484
-0.664515
3.32205
31.2862
-2.23729
0.885678
-169.874
0.515285
-1.96938
-1.85879
-0.0669865
2.11075
0.0175697
-0.0829216
1.99706
0.744616
0.591513
0.292996
4.96064
2.51127
3.4199
-25.8668
-0.591286
1.87124
-1.27808
17.9318
-15.2188
2.31508
-0.452713
-4.35861
5.97033
6.34772
-0.593129
0.562081
-0.229805
0.210488
-0.523987
1.41883
-0.622896
7.65476
1.59316
0.600807
1.1463
0.199205
-0.406447
-0.147228
-3.27498
0.371025
-1.1365
-0.131897
0.469018
20.0203
-1.85145
-1.4503
-4.60046
-0.36012
-2.23313
0.219151
1.28787
0.6439
0.390461
2.96301
1.97856
-1.60355
-29.7024
1.55206
-0.994157
-1.33434
-2.02804
-0.194147
1.15604
-2.0254
-0.359717
1.55247
-2.28595
17.6289
0.414289
0.371913
-0.0210242
-1.54544
0.378412
-0.686437
3.30855
-6.94498
-0.713445
2.74844
-0.393199
-0.69414
-0.427816
2.92383
2.75182
0.748502
3.93818
-0.519892
-0.255954
-2.4047
1.55384
-0.236752
-2.427
-0.0771936
3.2711
-0.456825
-2.41697
0.361462
-2.15609
-0.994364
-1.55024
-0.44133
0.71639
-1.66341
1.37828
0.278556
0.422105
2.68372
-3.81735
0.129406
-0.497175
0.2923
1.6388
2.97906
-0.434348
1.279
13.647
-0.145691
0.256044
-3.531
0.871606
-2.55148
-0.750621
4.11189
5.29447
1.47941
-0.358819
-4.37956
57.0695
-0.557987
0.655965
-3.50698
0.743392
-2.21169
-2.89435
-0.899344
7.1265
1.04833
-0.478827
-0.627647
1.08876
2.97461
-3.89305
0.111597
0.296889
9.90853
0.476869
-0.187846
-11.9543
-0.217645
13.6572
-0.915263
-0.922638
2.43744
-0.374152
0.379937
0.0880563
0.888113
1.0603
3.8014
-1.04685
0.967363
-0.545707
-1.73207
-0.528793
0.511166
1.40675
-0.743359
1.21036
0.558081
2.43407
0.825376
0.407274
-1.5366
0.42371
-0.463459
-0.658985
1.69967
-0.78393
-0.54165
-0.896475
1.21924
-0.164394
0.466429
0.449964
2.09676
0.451119
-5.55688
-0.166655
-0.236484
0.242749
-2.35918
-1.2231
0.172759
1.05199
-0.422737
4.33136
0.163452
0.960893
-1.45073
-28.4184
-2.11958
2.55724
-1.39505
2.3362
-0.433262
-0.102687
1.00671
19.4098
1.93225
-0.114932
-0.853464
0.403402
-1.52268
-1.79389
-2.09926
-2.31842
-4.14227
50.7348
-0.280122
0.32715
-0.80966
-0.460016
-0.0251362
0.637696
0.850285
-0.284845
7.15852
0.000747058
-6.61202
-4.35191
1.85688
-0.947505
-22.9499
-1.16239
-1.46233
5.81074
-1.16757
0.0159584
-1.74283
-15.8269
-0.850924
-1.32894
-10.1025
-0.964943
2.64581
-2.43195
-1.41517
3.39342
0.806731
1.14991
-0.779979
-13.2584
-1.76815
-0.0703343
0.979022
-1.67247
-1.81024
-1.44716
1.85446
2.04521
-12.535
0.362501
-0.648418
-1.04483
0.156671
0.607916
0.917653
0.397186
0.88745
0.487182
1.18055
-0.446394
30.3146
0.198745
0.0204832
-1.54039
0.444438
1.65994
3.90275
-1.22908
0.287264
-0.715088
0.753527
13.4051
0.932504
0.297968
20.8358
-4.00082
-0.30489
-4.94459
-0.632208
0.120308
-0.0658293
2.2899
1.09691
2.22592
-1.23524
0.652832
-1.04873
-0.137587
0.191982
1.79545
3.14244
-1.40338
0.546103
2.5833
0.510948
-2.90894
-0.231878
-0.390174
5.52773
115.274
0.586093
-2.11176
3.79776
-0.340823
28.9834
0.960031
0.203272
2.29499
-0.375737
-0.718263
2.59979
21.7306
-0.138246
-10.5467
-2.02938
-0.652148
-0.148099
0.948782
0.783062
-6.14218
0.12232
1.92259
-16.0305
4.2591
-0.866594
-1.57292
-2.55184
-6.88147
-0.474368
-0.618801
2.04906
0.553001
0.99064
0.699369
-0.653645
-1.97814
-0.539762
-0.179551
0.142274
-0.189295
134.885
1.48397
0.675034
0.819151
-8.1966
-0.0436477
48.1072
0.489112
-0.577962
0.8359
-0.751055
0.0750574
-2.08415
0.476381
1.77259
-1.28987
1.00879
-3.51734
-1.19021
-0.28203
-0.158176
-0.837854
0.0121238
1.24793
0.465126
-4.90861
0.0250642
-1.09411
-0.541819
-0.592848
0.488158
0.065795
-1.86004
-0.545077
-0.305132
0.384029
-0.0886517
26.2262
0.643945
-1.59086
-3.34812
-4.05647
7.04512
0.0698626
-22.8139
0.662567
-0.221404
-11.7012
0.492677
1.53985
-5.1905
-2.42137
0.766012
-6.76371
0.0792499
-1.8143
3.21525
-4.71594
-1.42843
-0.352097
-8.20282
-0.799944
-0.836685
-0.607784
1.67027
2.71295
-5.50568
0.094977
-1.13887
1.22564
12.031
0.00906755
-1.16627
-1.87905
-1.24546
0.586731
0.110014
-0.045073
0.533432
-0.0454123
18.6875
5.30856
-0.366559
0.808302
0.206133
-0.039844
-1.52469
-0.428101
-4.35795
12.5617
1.29223
-0.612645
6.89341
-1.32228
1.51195
-0.502217
-0.951629
-4.91908
-5.5079
0.762918
-0.498448
0.976905
-0.0370025
23.4977
-0.365135
-0.234466
1.40658
-3.648
-11.3739
0.308445
2.15222
1.35592
0.0536064
0.135574
10.0577
0.347838
1.30989
0.279793
0.0876413
-6.22245
3.41603
-1.54129
-2.07594
9.0132
3.06536
-0.559511
-0.408817
1.82631
0.570244
-10.5257
-0.650085
-3.66084
0.634247
0.0478692
-0.606573
-0.66646
-0.356887
-0.292167
-2.81982
-0.0783524
1.83683
-0.21937
0.415468
-1.31255
1.08198
0.557953
0.267923
-0.52296
-0.301902
3.85886
-0.24604
-4.11007
0.176505
4.00251
-0.44602
0.300522
-0.174203
0.496155
-0.252296
-1.3814
0.655923
-0.301623
0.120835
-1.77779
0.57665
0.0539757
0.78858
-0.921556
-2.01368
0.854028
-0.537714
7.44206
-0.506734
1.01316
-0.523491
26.1931
-5.94949
-0.960326
-0.0305732
-0.614225
-0.0353231
0.0977796
-0.339108
9.81226
3.75498
-0.911441
-0.496995
0.704118
-0.490133
-4.62407
-3.64504
0.541322
0.509071
0.119448
0.231479
5.79356
1.56942
-0.250303
-45.4323
6.0103
0.634867
-3.95999
0.558137
2.95494
9.66585
-16.4898
0.779
-9.62379
0.499764
0.318913
-0.533615
0.992409
0.786524
436.103
0.0503311
0.0481633
-1.05733
-5.69905
2.70253
1.37769
0.267585
0.283387
-3.29552
-1.06907
0.527646
16.1914
0.128489
24.041
-0.935972
0.305482
16.4407
-0.592413
1.9895
-1.48936
11.7407
0.590209
-0.367154
-0.162798
-0.811292
0.317209
-1.41889
-0.968058
-0.974625
-8.60685
-1.19484
-7.07193
-0.304904
2.27919
-2.03984
-4.46681
-0.910999
-5.82503
1.1033
7.58936
-2.59225
-0.197557
-0.514128
-1.62003
0.660055
2.17049
0.679413
3.76965
-0.857579
-6.91301
8.54931
-0.23131
0.515741
-1.96798
-0.295703
0.791325
-1.7088
1.06782
1.99733
1.61867
1.11879
-0.047618
3.07233
1.54245
-0.803385
-0.711759
0.785859
-0.177011
1.09538
-32.6281
-2.29705
-0.556927
1.43656
0.211349
-0.519779
3.77257
-74.695
-0.0499116
2.13414
0.0516113
0.646038
0.638804
-0.311848
0.874844
0.994992
1.69937
-1.39791
9.2481
3.50357
0.383794
-3.8377
0.39463
0.10025
5.91266
-0.508745
0.00792243
-1.01603
-1.89652
-0.624466
-8.78975
-2.43935
-0.193894
0.0992711
-1.30642
2.37652
1.87311
-1.1934
2.4862
-1.51683
-3.45553
-0.4894
0.9175
0.0673824
-7.33201
0.36657
0.801584
0.395535
-0.250077
-5.37452
0.100899
-22.4278
0.251355
0.087705
0.60729
-1.47668
2.43292
0.814064
0.0350295
0.182725
-0.354612
2.82982
-0.0842287
0.645288
-0.256909
1.96642
-0.416392
1.49714
-1.08866
-1.88069
1.93995
-1.28536
6.44334
4.47749
0.702973
-2.56163
0.316622
3.27597
-0.843279
0.0391171
-0.364839
0.323498
0.316495
3.15269
0.655732
0.837742
9.28066
-30.8384
-7.63157
0.114419
-0.831305
1.7983
7.38935
0.54783
289.748
1.52504
0.199825
0.185697
-1.4175
-1.22507
1.03072
-0.608425
-3.84409
2.19601
-2.2131
1.58318
11.925
1.03397
-0.422247
0.0304563
-1.08888
-8.12744
1.11717
34.3488
1.24387
1.02529
-5.37586
-7.80775
-0.838319
0.482437
2.49362
-2.98858
-3.34767
-2.23987
0.10475
0.404879
-1.75253
0.23628
0.210788
-1.71111
10.0283
0.995436
1.81993
-1.51262
-0.429875
0.0322787
0.278952
0.437582
-1.56803
-0.780669
-3.58298
1.00678
0.961571
-0.622152
-0.141608
1.96664
6.77177
-0.750679
7.62886
-0.0955812
0.398173
-3.7534
-0.297599
-0.989493
0.290076
1.43491
0.162697
-8.26909
-161.565
-0.00092645
5.37589
1.79217
-5.7054
-2.84048
-1.74441
0.150514
-0.011989
-8.71575
2.35014
0.616081
-8.96509
-2.56878
-1.77425
327.651
19.8015
-0.986447
-2.66343
1.1389
-0.837033
-2.04134
0.172437
0.0288156
16.8826
0.888613
0.150691
-3.37175
-0.628111
2.893
2.90903
-0.157825
-5.2034
0.223368
-0.317716
396.749
-2.2129
-0.572648
-18.4173
-0.841215
-1.02322
1.20871
-0.49625
2.39208
0.0903283
-0.213741
1.68943
0.487104
2.82684
0.7479
0.163973
1.12857
40.5571
-4.74093
0.189205
-1.71418
-1.61298
-1.67155
-0.337578
-0.249729
2.68908
-0.698935
-4.02442
-0.371604
-1.99951
0.99118
1.13789
4.28521
0.883976
0.349375
0.300147
-1.88907
-5.29312
-2.41967
-3.35095
0.0643105
2.71514
-6.09732
0.0796308
2.77817
13.4375
-0.1386
-0.32057
0.297046
-3.44523
2.20268
-10.7466
-0.520953
4.02066
-0.441551
-0.782572
1.09826
-0.629422
-0.47374
-7.23167
2.79798
0.560554
0.657417
-0.487372
0.314548
0.191051
-2.88419
1.53311
-1.05238
0.388747
1.32541
-0.203559
0.943977
-0.631599
-0.296589
0.610971
-1.20087
1.68158
-1.78338
0.143362
1.08507
-3.00985
0.343318
1.26494
-5.8087
-0.980899
-0.812442
-0.839803
-0.0534066
-0.559973
1.61213
-0.6696
0.970903
1.46166
3.44799
0.718592
4.87069
-0.117696
-3.65617
0.326826
-4.43004
-4.68671
3.69749
5.95051
0.659981
0.43858
-0.549609
0.725047
-0.981585
5.03063
0.236749
-0.603278
-1.93222
-1.90498
-0.506133
3.91091
-0.246744
1.83798
2.79261
17.8609
0.703928
-1.05042
-0.345225
1.07366
1.97445
-0.984342
2.38173
19.2651
0.0657712
2.00469
12.8043
-7.89312
-1.97808
0.767745
-1.15107
0.751096
-1.01473
-0.716759
0.972642
-1.55458
-0.366859
-7.11326
2.04651
0.584059
-6.52817
1.57472
-2.34161
-0.468889
0.497088
-5.85832
1.31837
-1.57911
0.813908
-0.493798
10.3423
0.0437969
-4.97286
1.78482
0.282345
0.870891
-6.48202
-0.0959883
0.470142
0.634655
-2.94976
-2.83601
4.76685
-0.820638
0.226362
2.39958
0.227011
0.143281
-9.43493
1.37363
0.638296
-0.0606891
-0.593677
8.58054
-0.576678
-15.3123
-6.95865
-0.764472
3.99041
0.84479
-0.0637144
-0.664294
-4.74501
0.443879
0.17548
-1.96202
1.20152
-0.230001
-3.63352
2.29258
1.85213
3.82845
-4.75466
-0.324982
-0.41102
-1.23183
-0.168937
1.43442
0.648843
29.9179
-0.134436
-5.24735
-0.321909
0.709042
-0.599379
-2.0337
-0.255352
7.60548
4.52493
0.228701
-0.885475
-3.61051
-1.91292
-4.47454
-2.78149
2.32119
0.318395
-1.23926
0.191516
-0.619998
1.32504
4.00864
0.579948
0.977504
-34.8965
0.389997
-4.20091
0.979855
0.436283
0.668464
1.18297
-1.49873
0.094236
-1.23991
-4.32169
2.37937
-0.629552
0.490028
-14.5932
3.63281
-5.98454
0.0650493
3.4262
-1.75579
0.164179
-0.285051
0.152316
-4.16292
1.78766
-0.337798
-0.395212
-26.471
3.04496
-5.12326
-0.208223
0.0861334
0.220742
32.4232
-0.793843
-0.200398
1.92386
3.71593
6.28329
-0.78492
-4.55552
-2.57709
-0.852569
0.539013
5.78948
3.20853
0.727508
4.38912
0.755998
-1.28193
0.794225
1.97091
-3.57772
-0.988176
-2.70634
2.62545
1.3062
-3.85515
-0.206362
-2.90393
-0.103898
0.854124
-0.69169
-0.340428
0.543402
-0.0405796
-1.82863
0.198597
-0.625633
-0.181445
-0.723822
0.518106
0.0902558
-0.0670919
-0.265161
-1.48011
2.41756
0.424579
-1.53649
-0.668608
2.71641
-0.313883
-0.0810477
-5.81868
-0.222814
0.411925
-0.269755
1.24397
1.09367
-0.822918
-1.54922
1.23097
0.0658834
13.4536
1.5157
2.57488
0.553152
0.0655164
-1.524
0.462152
0.0470071
-0.930173
1.913
-1.55049
3.91407
-0.851986
-4.25793
-2.75478
1.65596
2.96255
-3.45306
1.6848
4.11955
0.648344
-0.714523
-0.248028
0.4137
8.87187
10.4815
-0.437199
1.59345
1.71791
0.291373
-0.770977
-7.208
0.271176
-7.1336
-1.62278
-0.533175
1.48195
0.0438093
-0.230468
0.945804
11.4191
-0.666919
3.2892
-4.29504
2.95093
-0.0448731
0.0466505
0.695909
0.83573
0.0126565
5.40652
0.0946676
26.5417
2.34814
3.91174
2.60508
0.47554
-0.194517
0.473852
-3.75706
-0.91583
-1.53655
-0.416656
2.60192
-0.017368
-4.66182
-0.102225
-0.549725
-0.235293
0.338464
-1.40242
2.57371
0.663528
-0.727292
2.70826
-0.567251
-0.750015
1.75055
-1.97623
1.11306
-0.0498108
8.29833
0.0974585
0.926401
1.64306
13.4221
-0.538991
-6.80065
-0.752282
-64.2784
0.941743
-1.31668
-0.0670203
-0.178458
0.600671
6.16179
-8.73183
-1.71071
-0.0657629
0.590734
1.11872
2.4291
3.59472
-6.03951
-0.93001
-0.0168351
-2.26329
0.0587547
-0.306592
-0.338661
-0.86408
0.108637
-0.498978
2.12352
-0.504089
-0.537274
0.629791
-4.14166
-2.36606
-0.213478
-0.347903
-1.04592
-1.79669
1.25628
0.917916
-0.415222
0.750061
0.362819
5.60941
-0.496558
-9.91494
-0.0206509
1.46224
-7.47873
0.399516
0.964911
60.4502
2.28748
-1.55997
0.648346
0.752647
15.8414
-1.42487
-2.2668
2.36872
-0.221922
-1.58098
-0.729177
2.47002
-0.810044
4.47649
-0.569025
2.03953
0.372741
-0.978338
0.490381
-0.903471
0.498365
8.86566
0.0114255
-0.995954
2.52924
-0.97667
-1.09205
11.564
-2.87736
0.451664
33.9903
-0.895378
-0.549639
-0.633689
0.632586
1.68845
2.90096
0.0437013
-0.552038
3.98107
-1.54387
1.73302
-4.25955
1.70524
-1.15066
0.756421
0.318322
0.0403198
-0.370277
-2.09491
1.56354
-1.36272
0.239882
0.500648
1.72798
3.06407
-2.33568
0.199413
1.11894
1.92479
0.474889
-0.348853
-0.139188
0.133074
32.2645
4.5619
2.77891
0.0646007
2.32953
-19.8899
-0.460805
1.93868
1.98332
-1.03922
1.39161
0.189365
-0.767063
-28.7881
-0.412803
-1.28041
0.553449
-1.65981
-0.101665
0.573756
1.47323
1.44383
2.06205
-2.87675
0.382418
-2.44602
-0.0427713
-2.06078
0.744286
-1.76165
6.19773
-0.948134
-2.07719
0.168114
18.025
-7.97546
0.308699
1.0534
2.10992
1.80332
0.586685
0.803965
1.6131
-0.076935
32.6176
-0.647573
0.35894
-5.77692
-22.7205
0.439939
1.48016
-1.06048
2.13188
-0.604797
0.946128
1.07007
-0.629404
2.25228
-1.22411
0.816974
-0.615256
4.81024
-0.028823
-25.5134
0.104436
1.8836
0.393718
0.675525
-0.643269
3.81534
-3.20398
0.161344
-0.260793
1.56399
-0.415598
-0.526407
-0.916785
2.61129
-0.249973
-8.50654
-3.11747
3.30748
-0.31974
-0.36162
0.11312
3.22766
1.92282
-0.0598976
1.00787
-16.093
1.39284
-0.757236
0.0377918
-7.99576
0.168028
0.604653
6.94413
-1.00611
14.7639
0.715434
0.283888
12.2351
-0.909237
-0.801408
-0.489861
-7.02284
-1.7144
-6.83222
-1.01137
-1.63449
-1.01348
-0.22922
0.525314
0.532424
-0.0121696
-0.816068
5.58083
0.335074
115.186
-1.32803
-29.3458
-1.44225
-2.22231
-0.0768639
-0.704479
-0.614682
-0.125986
17.8809
-0.218071
3.77755
-0.0296512
0.861027
0.0366804
-9.35046
2.05151
1.14165
0.200727
1.20276
-4.72354
-1.35153
0.420028
1.02998
0.214021
2.76108
1.58618
0.769643
4.26716
-0.491055
-0.576129
0.4447
20.9052
3.45859
1.1143
0.512308
-1.6197
0.445199
27.4617
1.03879
0.379834
14.0479
3.54953
-0.147048
54.3181
-0.046618
-0.930772
-1.99014
-0.252757
0.733777
1.03512
-9.64758
-0.4582
-0.462545
-273.825
-22.8924
-0.31208
1.21738
0.231705
3.25396
-10.7028
0.35881
-0.31736
-21.866
-0.488045
0.501874
-2.8496
-3.94895
0.210193
0.30319
0.285571
0.448636
0.0478
4.64329
0.655361
-0.73691
0.504121
0.791732
-3.86589
2.88016
0.492189
-4.22643
-0.339483
0.707729
-21.4958
-0.67537
-0.80827
-3.92549
0.731196
-0.563712
-3.12237
-1.00214
-4.05092
5.14738
-0.334424
2.66019
0.27885
-0.0280086
0.157095
-0.514202
-1.04389
-0.60189
-0.534222
-0.388365
-0.250857
-25.0657
-2.44261
0.844131
-3.31364
-17.3002
-4.80774
1.24405
-0.211323
8.61218
-4.58591
-2.82383
0.313266
-2.5529
0.155654
3.56856
4.03975
9.04459
-1.18676
-3.08704
0.988117
0.227494
1.63629
-7.28647
4.90083
0.682003
0.608158
-0.812505
0.910277
-1.46887
0.340455
1.36922
-0.240716
5.87398
-12.3298
-0.0795477
2.32276
-1.18943
3.2324
0.528704
0.886586
0.334084
-0.154752
-1.10013
0.861682
3.34094
2.38036
0.615192
0.0962544
0.678146
-6.23259
1.9802
-1.09935
0.277973
-0.536332
-4.69672
-0.279244
-1.18611
-0.248825
0.65583
-5.91902
-0.748867
0.137957
-1.69496
2.30164
-4.64489
0.68195
-0.636262
0.357452
-193.343
-0.95632
-1.91828
1.07402
0.108034
-0.0601381
4.03232
-0.600387
16.8997
1.98551
-1.48218
-1.50837
0.0582458
1.85355
-3.38149
0.791272
-0.260785
1.92279
-0.0126047
-1.5533
-6.40577
-0.414721
0.725084
1.15297
-0.0281623
-2.99036
-5.2789
0.234744
-0.473588
4.47554
-0.350298
-0.0974926
0.532058
-0.363746
10.8308
0.502643
-3.21621
2.62143
-0.729144
-0.924861
7.05996
-0.25265
-3.02625
-0.149807
2.1834
-0.993502
-6.56389
-0.268409
0.498908
-0.177872
0.539385
2.03971
-4.80107
0.306442
0.736217
0.103984
-1.62149
0.603599
-0.533768
1.27768
0.754697
0.238577
-0.518545
0.072924
0.323677
0.688859
-9.22748
-0.120917
-0.484262
-65.5161
-0.0731632
0.2719
0.202738
4.80077
0.760227
-0.1009
0.34403
1.29252
1.1273
0.23321
0.910603
-171.263
-6.6649
-3.54303
-0.800249
0.771813
-2.30802
-3.5257
-37.1043
1.50006
1.93133
2.37583
-0.52509
2.69419
-0.268351
0.35535
-2.01818
-12.9711
5.25422
-3.84414
-1.70928
-0.0714146
0.565525
-0.081141
-1.26031
0.766147
0.359967
0.444836
-2.26513
-3.10327
-8.34754
-2.73893
-1.49384
0.211977
1.11241
-0.143037
-8.15082
-519.732
-0.290479
3.24891
-1.25566
0.088458
0.335055
-0.248275
-3.77734
-0.217174
-0.804363
-2.08433
-5.02504
2.60413
-0.141215
0.638405
0.724087
1.46173
0.00786984
0.176732
-0.0339615
0.490077
0.864174
9.07234
0.225423
0.42101
-0.0678139
-0.755783
5.56448
-0.177739
-0.0880285
1.03738
5.95811
-0.34586
-6.92551
-1.09122
-0.147233
0.103275
-13.5594
-0.871732
-0.942561
-2.29281
0.442261
1.23989
0.453681
7.41047
-1.39331
-0.449259
0.0908269
2.53036
0.0760447
15.1498
1.05102
-1.14054
-0.907381
8.11994
1.13816
0.149207
-0.841122
-0.775364
1.38066
2.29654
-2.04693
-5.3571
-2.02061
-2.25563
-10.9765
-1.28015
0.851907
-5.34629
-0.265988
1.14374
0.667601
-0.0585304
-0.5362
0.475281
60.5205
0.542795
1.40685
-4.75758
-0.807296
2.79714
-1.21089
-0.236536
-1.43801
-0.748488
-0.425309
-1.01221
-5.81973
-0.0471808
5.2303
-1.40638
-8.62276
-2.19144
-2.81493
0.713589
2.25286
2.57693
-4.8686
-0.527331
-1.85976
2.48441
-16.8478
0.481577
3.00745
-1.35443
0.0535362
-0.543192
-0.0432438
0.902586
-1.54685
-0.282068
19.8196
-1.80859
2.32308
1.02365
3.50384
0.0792628
-0.146092
2.2624
-3.77832
-0.44684
0.62271
-1.12577
-1.93804
-1.34342
2.80108
1.33419
-0.502612
0.927732
0.089218
-1.16774
-8.53621
-0.453535
-0.550103
0.435882
-0.15796
-0.385747
0.777234
1.16233
-0.942318
-105.443
1.82123
14.1248
-0.435511
0.590174
-1.00966
0.885458
-0.40146
-5.42252
0.663818
-8.03502
-1.39201
-0.899206
28.9494
-1.28127
-0.183745
0.89741
-1.6932
1.25609
1.3441
-0.715637
1.09925
-0.228639
-0.828687
-0.338677
-0.543718
-3.02199
0.810039
-0.737398
-0.0963594
0.459791
2.56752
1.49915
-0.22144
-1.57145
2.06952
4.5391
-2.57665
2.84414
1.14273
0.31676
-0.455803
-0.758302
-1.623
0.0714305
3.25332
0.577719
0.660982
-2.12651
-0.208738
2.63041
-0.748301
1.5993
1.65244
0.4655
24.2992
-0.594974
0.799557
-7.71677
3.37781
-0.646498
-0.0679531
-0.857561
-7.16929
21.0667
-0.374509
-0.311264
24.3004
9.91252
0.0246108
-0.867302
-0.979619
-79.2229
-4.22681
-0.0460383
4.86858
1.43136
-0.733548
0.990659
-2.03626
0.267288
-0.555689
-0.527717
0.502043
0.938657
-2.92335
0.803742
-6.04772
1.30755
1.24872
1.15661
-1.8371
0.0761765
0.368663
-5.01943
3.11019
0.174048
-1.70642
0.706556
-0.471117
-0.209073
0.541667
-2.03015
0.289144
0.13492
2.36692
-0.419218
-0.140953
1.18547
-1.62183
2.60143
-0.13372
-0.551699
-0.444622
0.137953
-0.39893
-0.586048
0.914449
-1.28656
0.415957
34.7272
-0.224939
4.00553
0.669196
0.276016
2.6819
4.69282
-1.83954
2.13556
-3.24695
1.29484
-0.015581
-0.624502
-0.221048
0.47004
1.59462
0.46398
0.542517
1.22883
0.859773
2.42706
-0.961922
-1.06845
0.11401
-0.146094
0.152361
-0.239691
-0.270602
0.499318
-0.546932
4.43337
1.40265
-4.88943
-1.19664
-3.32762
-1.36694
-1.94514
1.92109
-0.307524
-3.36504
0.977715
-0.116526
-0.380232
0.964169
1.8891
-1.34342
-1.24093
-0.908634
3.26191
5.70159
3.11428
2.31132
-0.378544
-0.633126
-3.2856
1.12091
14.3987
0.808549
-0.150332
-1.23504
-1.02319
-1.17657
2.74046
-6.33737
-1.21381
6.13708
-0.0190171
-1.58511
0.214702
0.17864
1.46075
0.33092
5.82919
-2.143
2.66157
1.33305
1.30791
-1.22484
-1.22172
-65.5685
2.48553
-5.84536
1.47615
-0.181778
-0.120292
-1.63594
2.92402
1.11941
-0.175696
0.709103
-13.4855
-0.446369
-0.160176
-8.55625
-2.42621
1.5382
0.538681
1.05932
-0.21132
-0.0340529
-1.67889
-3.12059
0.737988
0.216897
-0.270754
-0.170642
1.19955
1.53234
-0.230843
-2.32687
-1.24034
0.517338
3.05869
-181.519
-1.5425
0.383509
-1.05996
0.185368
1.54611
0.316778
1.12107
-0.40175
2.36572
-0.651644
-22.8806
-0.296665
1.18039
1.54578
0.198671
32.9451
1.43698
-1.097
-3.8822
1.82211
-2.93639
1.20218
3.8308
-1.17305
1.15134
0.0552273
4.59789
-1.47961
-1.54155
0.598866
0.699654
-2.35323
-1.06253
-2.28227
8.78517
-0.548072
-1.6754
-1.01118
-0.874287
-0.918978
1.87268
0.0529888
-0.0393087
-0.030704
0.844392
-68.7695
-2.11335
0.70824
0.985575
-0.534743
-0.276962
-1.33438
1.35966
-1.91158
-1.09859
2.55815
-1.44656
3.18335
0.23661
-1.74671
-0.838865
-1.66782
-22.271
23.8987
-0.47653
-0.894986
0.440208
4.20791
-1.12968
-1.80115
-5.28169
-3.76396
0.961853
5.86461
2.74572
-0.410047
-0.339378
-0.322892
1.24225
42.1563
0.202826
1.89352
1.77385
0.890759
-1.36586
-0.427847
1.70078
1.38858
-1.29662
-0.0395722
0.260449
-0.134803
-0.356141
-1.83344
-0.108852
2.75523
-2.23121
1.41068
-0.177161
-10.7478
0.762597
-0.020331
-0.546577
-3.54071
0.793058
-1.87349
1.28981
0.811882
0.610313
-4.7084
-0.390817
-0.749419
0.3674
-5.22047
0.618401
1.7712
5.60593
0.495429
0.547953
2.56278
2.0947
0.270443
0.633464
4.46484
0.359919
0.0785368
0.227708
0.0912262
0.812527
-0.99659
0.793124
1.12587
0.497166
-0.289949
0.0346036
-0.598636
1.06114
0.875966
-0.873901
56.7167
-2.92762
-0.954975
-0.546931
0.501148
-0.347332
1.1312
0.451722
-2.53558
-1.12928
0.694024
-6.43843
37.1205
-3.16752
0.017211
0.322406
1.82118
0.560345
0.798871
8.67211
-6.95642
-1.77111
1.93893
1.65978
-6.08343
0.246747
-1.08165
0.0585962
-0.0747945
2.20286
-7.42375
1.00925
0.251137
-0.0251496
0.333273
0.206998
2.50628
1.12912
1.67115
-0.0669192
0.0451495
-0.0938078
0.432766
0.990391
17.6448
0.575344
3.27332
163.059
1.40301
-13.8189
-0.188913
5.1834
0.2261
3.71564
1.58548
9.18058
1.02368
-8.73363
8.39851
84.1984
-3.20752
0.467994
2.62847
1.05034
1.34301
2.20092
-1.01102
0.0311788
-0.0657786
-0.327315
-2.7284
-0.792202
13.3752
1.99176
7.86674
-14.3428
0.0450316
-0.535987
-0.898906
4.89572
0.0551854
2.02354
-3.12732
-0.60896
1.167
5.13198
0.102059
-0.422271
1.24513
-0.0687974
-0.155067
0.290112
-0.539541
-7.30722
-0.49276
0.201259
0.416082
0.418786
-1.20332
2.14355
2.31109
-4.85352
0.618524
-0.426446
-1.13046
10.2494
23.8803
-1.98585
2.76819
0.111498
-6.85922
-0.27025
3.07334
-2.06786
1.50319
6.68717
0.157352
0.923984
-0.512678
-0.36534
53.769
0.616936
-0.663612
0.681345
0.874845
-48.5569
-1.24895
-1.41316
-2.65032
4.57266
4.82452
-1.91191
4.1829
-1.42627
1.07133
1.02954
-0.0161893
0.281129
0.448847
-2.12402
-0.365954
1.90621
0.0179061
0.0223487
-1.30489
-36.1064
-0.695744
-0.775275
4.81312
0.1543
-0.494542
1.24705
0.37234
0.978985
-0.423634
-1.68553
-0.292713
0.360512
-2.2102
-1.02642
-4.06026
-1.89977
15.1074
0.629175
-0.211666
-2.22374
-2.47407
0.697918
-2.41933
1.69122
-3.89144
0.140024
0.342053
-0.660923
0.0929385
-3.6555
-0.531321
-1.35553
1.26569
0.529879
0.97247
-0.173945
1.9457
-4.3899
0.00554353
-4.93571
0.0621327
-0.879635
-0.87624
-1.12768
-0.145839
3.37465
-45.6576
0.915478
43.2555
0.907994
0.395981
0.808425
0.762049
-8.30465
-0.85968
0.666123
0.138854
0.71119
14.1332
-0.0249375
-0.247684
1.83411
2.36495
-6.99643
-2.20353
1.23451
1.04858
0.212286
-0.941195
-2.49265
0.752703
3.49067
-0.339495
-0.437911
-0.263842
-0.667055
-43.3677
0.682873
1.86465
0.70379
4.55239
-0.357889
6.12815
1.90237
0.11531
-1.05708
-0.122576
0.0990015
0.977847
-0.40265
-0.0127498
-2.57705
4.3032
-1.16434
0.411404
0.218581
-9.12654
0.274255
2.04643
-1.27482
-0.615449
-0.410817
-2.63492
0.205554
1.32223
-0.564674
3.94405
-1.60803
-1.40728
-2.0324
1.24399
1.18421
-1.64951
3.74352
-5.55607
3.98676
-0.949009
0.144437
0.6566
12.3394
-1.19287
2.41957
-0.297507
-1.58538
0.207529
0.975676
-0.0839999
-0.517174
-1.18602
2.70542
0.276556
-3.97806
-1.65138
1.57137
-0.488806
-1.11581
7.39774
-10.4164
0.553799
1.22707
0.886339
-1.77934
-4.54081
-0.193938
-2.87331
-0.252006
-3.05845
-0.568333
0.141675
-0.453963
-2.78362
1.35696
-27.653
0.419807
-9.98993
-0.667901
2.26139
-27.2488
0.397195
1.63211
0.0344001
0.542763
1.48249
-4.86181
0.534957
12.1872
0.800206
-2.98167
-0.307114
-0.573142
0.231801
-12.5564
-0.270535
-109.002
38.3627
-1.04356
-0.995907
-0.864373
2.97833
1.254
0.406761
15.4542
0.057935
-1.4748
-0.821616
0.181364
-0.00454832
-0.531216
-1.0768
2.80384
-0.646075
-1.42207
-4.45317
11.5645
-0.266501
-1.50197
2.11157
-5.62843
-3.0601
0.130834
0.407354
-6.75364
-15.9247
-1.08104
6.79556
0.042554
-0.512405
2.80249
-0.840569
-0.428663
-0.603976
0.78747
-0.219358
0.225996
1.83826
0.374679
1.58526
0.550453
-2.67942
-0.254417
97.2417
6.45488
-1.08438
2.15679
-0.504333
-1.45412
-1.40933
-2.11159
0.071169
5.29744
2.34546
-1.35233
3.7215
0.377942
0.455984
2.05751
0.891403
-4.45414
-9.52107
-0.624935
2.53187
-28.7695
12.0001
0.529672
0.295688
1.23578
0.998516
-0.151107
-2.52577
-3.68281
2.08828
-0.685869
0.0424322
-1.02506
-1.59396
-1.90717
4.34331
-0.303253
-1.73553
14.5893
-0.163519
1.2663
0.457963
0.72868
0.218711
0.638586
0.774184
-0.538598
6.13822
-0.538553
-8527.59
1.08972
-0.385168
-1.42074
-1.05636
-15.0369
1.37352
-1.02523
-4.98509
-0.0916156
-1.31206
-0.251468
-6.83047
-0.860521
-0.771875
-6.74447
0.738703
-0.0792729
-0.150006
-3.02707
-0.0333794
-0.312507
66.5516
7.98044
0.273517
0.497595
-1.71151
0.556013
-2.75848
-0.287691
-2.06846
0.368689
2.2076
2.54716
0.615777
-0.354178
0.40802
-2.36973
2.713
0.38569
16.0192
-12.8029
-4.78102
0.00730517
-1.97233
0.914329
-11.1645
-0.493324
1.27206
41.335
-0.810048
-0.210796
-2.60114
-7.93928
2.87282
3.25635
1.8521
-0.545834
0.75107
0.853911
1.08687
0.0497451
-0.987128
4.77425
-0.0515139
-0.315787
4.68219
14.4941
1.82361
-1.52505
-0.196129
-6.58718
1.95067
-4.0976
0.357178
-0.848604
1.97901
46.7092
0.938448
1.21425
4.71475
-8.10886
3.37342
-0.0395211
1.85586
1.76986
5.38681
-0.800553
0.113961
0.295734
2.96396
-0.480584
-0.744129
-0.378165
0.419237
1.52871
-4.73628
1.01739
-0.41733
1.55776
-0.800394
-0.046362
0.55612
-1.65541
-3.28952
-2.45332
0.216144
-1.05605
-0.249692
-1.56954
0.920335
-2.47765
0.160389
0.457504
-0.581473
2.01058
1.61475
-8.13634
-37.3607
-1.73297
-0.333466
-0.643799
-0.304713
1.31112
0.0284403
0.0315319
-1.61641
-6.5511
2.20654
0.176418
0.159524
0.452453
10.7495
38.9473
-0.49857
-1.45633
0.761914
0.399147
1.02018
0.727197
-0.00886562
0.410089
190.452
-1.37816
-0.498428
0.312627
-0.663857
-4.89854
0.170386
-2.61636
-0.921335
0.0865748
1.5448
-0.497368
-0.0431259
2.44036
-0.302213
2.28398
-1.82825
1.39688
-3.27832
0.0772376
0.0124336
-1.36485
0.235225
-1.82379
-2.93229
0.295017
0.618997
-2.8605
-2.38505
0.186217
-0.510931
-0.307151
-0.684854
-2.9472
-0.499521
0.489892
0.831493
3.47338
1.90316
1.06114
-0.562127
0.97054
0.628695
0.325798
-3.06501
0.503316
-1.21314
-1.88649
-1.14898
0.511688
0.107751
6.59012
0.265202
-1.13454
4.24535
-3.88399
0.836933
-4.74132
-1.11749
-2.54549
-1.30152
-8.26615
4.54718
-1.19975
0.880988
0.69462
-54.8027
-0.00404849
-1.24349
-1.33057
45.1066
1.0658
-2.60181
-1.05425
1.64052
-0.202868
-2.14674
1.18033
-2.28671
1.57588
-0.695593
-0.869802
-0.376662
0.927483
-1.23393
0.128634
1.41724
6.3955
-1.49706
-2.00273
16.7242
3.51346
-0.766486
0.01095
0.408318
2.29085
-1.52875
-19.3992
1.71298
-1.57048
-0.832348
0.278245
2.32771
2.62383
1.03775
-0.696358
-1.59778
-0.590764
1.3398
3.717
-0.527907
5.06743
0.997294
-5.8095
2.305
-1.4081
-0.558917
-0.15794
0.943352
16.3938
0.736997
1.98544
3.7724
-0.329037
2.17106
0.175691
-19.2531
0.560942
0.174154
-0.381786
-2.19962
-1.25314
0.580983
-0.868693
0.636384
-4.71691
-2.06575
-0.166918
-1.08736
0.799963
1.21213
-0.202918
-0.193128
-29.9873
1.36981
-0.415231
-1.22184
-2.81155
-3.11218
0.809462
20.3658
-0.20407
18.9117
-0.77075
0.993177
2.89894
-1.41415
-0.268746
2.67238
0.737828
-0.507605
6.16432
-3.82142
-0.657197
-0.0570881
-8.47462
1.48109
3.91988
2.39486
0.526841
3.09785
1.19082
-0.00111658
-7.90984
0.371076
-0.446754
-1.31777
-0.925586
-0.659932
-2.91076
0.226859
-1.70874
-0.87023
6.8649
-0.665738
0.939713
-0.894227
-1.98038
3.70184
1.18641
-8.99835
0.755823
-1.7741
4.13528
-0.219369
1.04176
-0.00875489
-0.333769
0.7216
1.27005
0.296194
0.417187
-4.49294
-1.4504
-14.8438
1.79236
-0.281381
-0.994151
-1.5769
1.8782
30.1784
0.843712
-2.49373
1.94036
-0.696344
-0.157285
8.02332
0.554551
0.382937
-0.0100213
-1.76356
-0.253785
1.35235
5.31613
-1.07281
1.25994
-0.408251
-1.83371
31.0516
-0.926283
-0.497247
1.25603
-0.649077
-1.8106
6.4175
0.406182
1.15883
-46.4715
-1.89021
-1.42525
0.693959
5.35584
10.8255
4.70239
-2.62147
-0.341446
0.326729
0.577194
11.7745
-2.57757
0.486886
-0.163887
0.198165
-3.56613
-0.797467
0.588023
-3.25079
0.878085
0.40479
-8.82548
0.153769
3.25504
0.952315
0.402912
4.90753
-4.43204
-1.63684
0.294389
0.861909
-1.18185
-0.361502
0.195027
2.26959
-0.672231
-0.794463
-1.97866
2.01553
1.23452
1.34032
1.8902
1.04557
-0.192435
-0.437274
0.771544
-2.73106
-0.199235
2.44267
-0.381287
-0.407207
-6.60641
-1.22419
-1.52935
2.32905
0.791785
0.236112
-0.456807
-3.83583
-0.396642
1.77749
-0.740844
0.33932
1.20031
0.37448
1.43334
-2.33773
0.04823
13.3074
-5.14739
1.08233
-0.789448
-26.8697
-8.37446
-1.97819
5.18859
3.51591
-1.41408
0.963637
-1.42839
-0.0593191
1.95841
-0.987807
0.393904
-3.69388
-0.287117
-0.599085
-125.734
0.72639
-1.99201
2.19428
1.66136
-5.22333
0.897974
-1.38293
-0.73055
1.91395
0.391701
-0.938145
3.29455
-2.30315
-0.0215242
-0.0551843
-2.20103
-0.00286988
3.21373
-2.09159
-0.329177
0.207366
-0.361726
-2.92079
-0.930068
2.46911
-7.09905
0.540854
-0.740196
0.918111
-5.85247
0.454347
-0.211301
7.08018
-0.140302
3.02297
-0.998878
-0.552798
2.30723
1.87617
-1.31282
0.711909
0.0589692
-2.54784
0.936653
-0.00953636
1.27922
-1.70521
0.473695
1.42532
0.831685
-0.131094
-0.421122
-1.02417
2.82571
-1.69034
0.281533
2.3367
-0.388496
-0.193807
-0.581733
0.991952
-1.8949
2.39326
1.35901
0.346789
-1.19466
0.223846
-3.57795
-5.60918
0.174103
-2.21641
-1.35504
-0.904983
-0.382891
0.342786
7.62307
2.13539
4.13225
51.8033
29.9096
-3.22341
-3.0124
-0.524125
2.46992
1.70946
0.27897
-1.82764
-2.57286
1.00357
-0.00734517
0.50353
-1.41351
2.14734
-1.19402
-1.78623
-15.4202
0.87424
-5.80361
-0.544121
-0.657045
-0.0645077
0.983461
4.07352
0.813861
-0.11123
67.1433
-0.185832
-0.865384
-110.775
0.39979
-1.22531
12.77
-3.01682
-0.795971
1.19403
-0.0312163
0.231153
-4.54247
-1.27818
-9.27375
-0.415615
-2.2492
1.60694
-1.14476
-0.301619
1.20533
0.27334
0.211493
0.0690448
0.729516
-2.26717
0.185602
0.957621
3.24379
4.74254
-1.09249
-1.55842
-1.22043
-0.56106
2.25811
-0.221418
1.19343
1.09637
-0.369932
0.0925012
-0.13797
0.929944
-1.09013
49.8481
0.730709
0.583132
0.231473
0.233361
-1.73547
0.830683
4.0702
1.26021
1.73988
0.489403
-0.2693
0.629266
-0.0402737
4.61365
1.79242
-0.67058
2.09964
0.899561
0.690469
0.528034
-0.493333
-0.0957011
0.709082
-1.27653
-3.84755
-0.119604
0.731678
2.16386
-6.11647
-3.0001
-1.01378
0.772191
-6.59536
-1.32912
0.0260765
-19.5312
-3.31501
-0.253096
-23.8804
6.10127
-2.62337
-0.245285
1.34441
0.624582
-0.953785
-4.99141
-0.769279
-4.44622
-0.785005
0.911688
0.316671
888.431
0.01164
-4.58055
0.256957
0.567827
0.981127
-0.508879
-0.704671
-0.208444
1.00608
-0.794868
0.46531
1.55143
-0.374517
-0.526282
-0.0703711
-14.3099
0.480762
-0.699721
-0.398504
-0.975814
-0.0966556
0.201486
14.3298
-0.0744095
0.505356
-2.64039
-0.473488
-0.310414
0.498881
-0.863001
-0.446345
0.031843
-0.100003
10.8535
1.44977
9.84999
-1.85874
0.559922
1.07071
3.76607
1.67354
2.31794
62.3791
-1.01831
0.694974
-14.832
-0.291337
1.00643
-0.964737
136.302
31.2175
-0.180104
-1.29782
-100.18
0.799367
0.0428551
-1.87773
-1.1969
-0.284291
1.99377
1.28218
2.43846
-0.00685143
-0.546309
-9.54279
-0.775114
-0.193154
12.3477
1.42288
-0.357872
1.34598
1.48358
-2.84956
-0.820747
0.093646
0.953137
6.80506
-0.822983
7.19575
1.39204
-0.845758
6.98748
3.15983
3.46715
0.0231356
1.77836
0.432915
-2.96779
2.78472
1.15834
8.34336
0.0213696
0.261862
2.41359
0.0424352
1.29207
0.1403
1.23167
-1.58072
-0.423782
0.940919
1.04301
-7.42344
0.375835
1.28411
1.51343
-3.77569
1.65744
-1.57363
-0.439476
0.48538
1.32822
0.742175
-0.487931
-1.13161
-4.04038
0.274356
-4.38557
0.932747
-0.395258
-0.081671
16.7719
1.96044
-0.0552004
0.651347
0.357219
1.24661
-0.0640698
-1.7423
2.66774
-0.0508481
-1.73296
3.00804
-4.75619
0.138128
1.45351
2.64874
0.195295
370.074
-0.114265
13.5401
-5.39655
-0.173884
0.332123
-6.76974
0.269971
3.34806
0.922165
1.88359
4.423
-1.67318
-2.90911
1.24131
-0.0544304
-0.687217
0.397292
-18.9312
-3.35269
-6.50778
-1.88243
3.12129
-1.9463
0.811811
1.26318
-1.2612
3.33904
-1.15129
-0.724609
