-1.63663
-3.03724
-0.240703
-14.227
-1.58345
1.5316
12.5285
0.201782
0.633758
10.6626
0.386764
1.49075
0.180788
-1.24095
-0.981818
-0.309675
0.698892
-0.359839
-0.0186978
-6.87631
1.14061
2.8044
1.04142
-2.46855
0.216558
-1.10877
-11.5091
-2.30643
2.2963
-0.424652
1.20556
-0.719146
0.0222131
-1.18128
2.10067
0.33075
0.11922
-0.594968
0.320078
-0.990657
-1.29984
12.8012
0.0191139
-0.646978
-0.870602
10.7625
-0.056162
0.426025
-3.1803
1.10967
-0.120615
1.01735
-2.69457
30.8235
0.179908
-0.1573
-19.6757
10.4424
2.33452
1.82696
8.50487
-0.0890475
0.604793
0.119735
-0.618945
1.31147
-0.520604
-0.708181
-52.7101
0.112767
2.70815
15.3259
-68.0029
1.61695
1.70121
-0.0176403
0.374134
-0.189212
-0.0835432
-0.436567
2.08312
0.282113
-0.916192
-0.816464
-1.03486
-1.07869
0.167749
7.27628
0.0477037
0.329516
-2.20244
7.33842
-0.014734
-0.08602
5.7718
-2.98635
-1.11426
-2.79039
-8.29168
0.22041
1.53083
2.48931
0.66621
-2.78915
6.14426
0.384839
-0.172878
-0.508057
1.80995
1.44673
-19.543
2.34468
6.18279
-0.841193
-0.340664
1.58708
-0.936416
0.45094
3.50766
-9.70713
-0.381986
-1.61206
-0.232387
1.97824
-0.0632609
3.38008
1.61166
0.827205
0.269485
-2.08249
-0.893681
0.950638
1.11678
-1.63438
11.2255
-0.2892
1.90187
3.16299
-0.1626
0.709684
-3.93016
-0.390499
-0.202211
-0.977966
-1.68962
-61.0112
-4.95053
3.33328
0.685921
0.000636531
0.50721
0.556313
0.698035
-1.18838
-0.439378
-0.790826
-1.48785
-15.1329
1.46108
-5.26075
0.264718
-5.72016
0.341035
-0.120823
-21.5457
-0.635328
2.42806
-15.8434
-4.7899
-0.309491
-1.23403
0.29355
0.428081
-1.70253
-0.37223
3.09341
1.55759
-0.167767
0.413305
-0.345694
-1.76555
0.94412
0.180359
-0.0180542
1.53868
-0.145438
0.148502
-5.52383
-0.286036
-1.02792
-0.430911
8.46356
-0.650859
-2.35874
-1.98491
0.758538
-0.148363
-0.531796
-0.608356
0.977489
-0.0567324
-1.19174
1.02045
-89.8422
0.549964
-3.29207
0.00202814
5.23184
-0.35435
-6.28896
-1.86053
-2.81019
-6.41012
0.696938
-2.24403
2.41076
1.6304
27.9782
0.618129
-0.515063
-0.468994
0.662484
0.0207147
-0.890044
-1.32528
2.45552
0.0458168
3.21777
-1.21995
4.52022
0.689819
9.77413
-1.05619
-56.3663
-3.04423
9.51577
-0.489053
0.642642
-0.174601
-0.128931
-0.243739
-2.61141
1.21354
-0.135645
5.98394
-1.48283
39.3289
-0.910521
-3.50742
-0.104689
-4.74635
-0.129891
-0.806945
1.67795
5.03736
-2.28283
-0.188631
-1.27866
0.691679
0.54928
1.67199
-0.273181
0.0183872
-0.827219
-13.2301
0.153564
-0.63384
-1.43176
-0.315216
-0.972349
0.00827716
-0.659957
-0.816221
3.06669
-16.0984
2.33126
-0.772254
-1.24056
2.92276
0.0814281
5.63272
1.31589
-3.91844
-0.618931
0.583733
1.72202
0.321461
0.76453
3.10686
0.466279
2.71289
0.196901
-1.42231
3.43189
1.79006
1.37373
0.822482
-1.05798
1.38793
-0.320678
15.6047
0.338584
-1.07498
-7.34516
0.490107
-0.0163803
0.244744
2.58918
0.491694
3.36813
0.507935
3.15891
0.366551
2.10181
-0.247412
0.327057
-1.04724
-3.53599
4.03235
0.596878
-0.128042
0.448581
-0.511879
1.87752
0.245416
2.90667
0.533813
-0.000920035
-1.98836
0.510114
-4.13684
1.86711
-0.174095
25.5033
2.27578
5.97943
1.6499
-0.102406
-2.32503
-0.626813
-1.55026
-0.303995
0.849188
-0.554644
1.97422
0.28548
30.9532
0.53601
-0.779375
1.28935
-3.82996
-1.55497
0.675397
3.37623
-0.274357
-3.17424
0.828791
-2.24486
1.77139
-1.24231
-0.880126
-1.57201
-0.597671
6.91837
-1.15748
0.512737
3.48557
1.60135
-6.87341
0.75626
-0.17279
-0.131427
0.580813
4.4082
0.167054
0.868949
0.366653
0.0399447
2.02321
0.634601
0.253193
6.98354
8.51476
-16.6538
-0.905473
0.509965
-0.202987
-5.74062
0.592168
1.27662
1.04207
-1.4327
-1.27797
-0.845314
0.818692
-1.35153
-1.07193
-0.214361
0.0681557
0.868056
2.44445
0.610585
-2.06071
1.77788
2.06357
-3.76956
0.580186
-1.53164
0.126206
-0.107967
0.113318
-1.2088
-0.197247
2.80321
0.372922
0.11412
-0.13502
0.0671245
-0.52237
-0.177871
-0.943653
-0.453739
-0.54812
0.647044
-0.785821
2.1341
0.553643
-7.99914
0.558182
0.151156
0.00890583
-0.371592
-0.117525
-0.875146
0.3203
0.95381
-24.4136
-0.534235
-0.000363794
-1.50819
4.86799
1.30926
0.0404977
-0.762549
0.409816
0.393832
-0.333226
-0.408655
0.519072
-7.8838
-4.11987
0.861758
-2.21211
-0.462873
0.133506
-1.99152
-3.77412
-1.59437
-0.923598
0.958366
0.0939782
-0.165035
1.88856
-0.163081
-0.0558628
0.948516
-2.86651
1.36258
-0.384726
-2.14655
-1.74021
0.0307475
1.11401
-0.0189456
0.21477
2.96871
-0.847034
-0.0701737
2.21751
-200.365
0.990599
0.215375
-0.933017
5.33205
1.66871
0.287507
0.080779
7.61848
1.22358
0.51399
2.11386
-231.315
1.02346
-0.480367
1.97356
1.13045
-6.21483
17.2538
3.18107
-0.200022
0.45199
-0.707774
9.66033
-0.607565
1.67185
-0.0734566
5.23985
0.901661
-0.601468
0.960134
0.880176
0.346172
0.325452
-0.0795855
0.533247
-2.23399
-0.0905518
1.08958
2.07847
-2.43795
1.25089
0.0276843
0.452827
0.53767
-1.48072
-0.194106
-0.858758
1.27077
-0.954146
1.1431
0.801758
0.714195
-1.086
-0.334869
0.218292
-0.509563
0.201436
4.21378
1.63593
-1.14965
7.0466
-1.88819
4.20801
2.2059
1.34292
1.38906
2.62509
-1.85583
-0.661965
4.90874
-0.370107
-1.00731
3.22573
10.8057
-3.80477
2.33659
0.0838691
0.541173
-0.673436
-4.09242
3.26077
0.855179
3.6127
0.322432
-2.88966
0.602476
0.578988
-1.84548
0.552321
-1.00408
0.31999
0.231673
0.400235
-1.6611
-64.3179
-0.803026
2.4575
-0.211029
0.867696
1.01732
0.449957
0.70022
-10.2836
-1.95869
3.35861
-6.4099
0.453113
-0.131862
-0.527977
1.00777
232.832
1.14949
-0.227085
0.873184
20.4237
-0.661433
-3.81092
2.54185
19.0855
-1.15105
3.65698
-0.304642
-0.912043
-72.8591
0.327346
-3.0767
2.65627
-1.75514
2.63508
0.636401
13.7528
2.37692
0.491385
0.817311
-0.237079
5.2057
-0.180222
-0.603161
1.30839
-0.631291
-0.0608286
2.36757
0.0634208
-6.71461
-0.0821109
0.745251
-4.09552
-0.0709587
-0.139073
0.868116
-1.06377
1.13943
0.171543
-3.13631
-3.55471
-0.994604
0.502365
0.290001
-0.511253
0.955314
2.6414
-1.47279
-0.266694
0.161343
-1.05424
-37.1628
0.385405
1.06189
3.0575
1.27198
-1.30628
-1.1773
-1.89685
0.254343
-0.29246
0.143967
-0.757891
0.340042
0.652997
3.13678
0.315463
-0.066386
-1.91232
0.148284
0.622162
-0.922003
-0.0849268
-0.957947
-0.345117
0.195363
-0.457176
4.11953
2.31076
-1.03045
0.12013
0.780731
-0.1054
0.0985118
-0.419122
-0.589119
-0.68
1.13733
2.36762
-1.71217
0.53264
0.596025
0.153179
1.85342
-1.3236
0.0769316
-0.638121
-0.519489
-3.87804
0.362179
1.95315
3.60174
-0.551518
-9.85034
0.653604
0.477804
0.497659
-0.02915
-0.606186
-1.06132
-1.73609
1.00766
0.779587
-0.785362
-1.76849
0.942549
-1.88751
0.118601
-2.10703
21.1174
1.17189
-0.367164
1.59538
-0.338457
-1.50085
0.49994
0.0195853
0.430981
0.143096
33.9614
-1.36257
-0.113425
-0.267228
-4.96209
-4.53132
-0.180974
4.99538
1.7059
-0.064095
-1.72433
-0.566542
-1.0751
-1.12112
1.56678
-1.05846
10.8616
-1.29093
-0.0447165
-4.03792
-0.437071
-9.59416
-0.973719
0.52654
0.091207
0.363864
3.94097
-0.521674
2.37116
-1.03031
7.06077
0.203077
-1.45236
0.891582
-8.60446
-0.81144
0.68042
-0.468549
-0.125557
-12.9447
0.481577
3.19809
-2.03464
-0.904541
0.373608
-2.06408
1.97854
-0.437467
-13.1153
0.250499
-0.684867
0.315663
2.20447
-1.1308
-4.47613
-0.238745
0.475641
1.40193
1.0925
0.431845
-0.478903
0.62714
0.96247
2.93219
0.255799
0.431724
2.2634
5.54334
-1.88739
0.330544
-0.655615
-0.12228
0.453921
0.294809
0.0501505
1.03775
-0.091355
0.217613
25.7051
-0.63781
-6.49039
-1.33339
0.32396
2.14664
-1.70251
0.846932
0.756486
0.984086
1.97714
-0.939309
1.03662
-1.81766
-1.52522
1.58816
4.54661
-0.299587
0.106494
0.126471
-0.511031
-1.10025
0.44285
1.19297
1.12733
1.915
-0.152065
2.04586
0.52896
7.34279
-1.83821
-0.844475
-3.59362
-4.24108
-29.1322
-2.28239
399.917
-3.20752
21.2038
-9.18745
-0.309274
0.340398
-0.416241
-0.217882
5.1344
0.384498
-25.246
-3.94604
-0.859194
-0.356861
13.7052
3.39387
7.68978
1.13055
-0.886806
0.057177
-1.49659
-0.410456
-1.45599
-3.43588
0.2094
327.036
-0.0420396
3.74472
-0.986604
-0.913883
5.45187
1.17912
3.25066
1.63168
8.00524
-2.34713
210.495
-1.36311
-0.346381
0.557232
-0.10184
-0.764546
-1.57286
-1.13477
-2.2694
-1.66424
0.61175
-1.21146
-0.0193536
-0.185673
1.77768
-0.141999
-0.0485737
-2.14624
1.33018
-0.413814
-0.714394
-2.11451
-6.22546
-3.22369
-9.2493
0.511604
1.22185
24.9184
2.54945
-0.11947
-1.97159
-0.0650626
-1.4848
-1.06906
2.98587
4.35491
2.31383
-0.716522
-3.5462
0.320912
6.8924
2.40598
-1.90135
1.0073
-0.615003
1.46828
0.269369
1.49261
-2.51676
6.39417
0.275064
2.10897
-0.209019
-1.04302
0.0590501
-0.0452281
-0.116059
-1.17959
0.281804
1.72449
-0.821202
4.88959
-2.37125
-0.607687
2.39076
-2.22683
1.35519
-0.322011
0.302258
1.15213
0.335176
1.03116
-1.37934
-1.38696
-43.5168
-0.565219
0.361391
-0.109343
-0.589969
-2.81255
-1.23371
-0.520256
-0.0846111
-2.54584
0.428795
-5.64046
0.830441
-6.20972
-1.74054
2.08566
-0.0167603
-0.662116
2.08719
0.0485276
-0.154195
0.558123
1.19317
0.0173107
1.44262
-2.16282
21.1886
-0.721748
1.07663
-1.18832
2.52439
1.52971
-0.63408
4.0984
-0.606163
0.668297
-1.1568
0.259937
0.427639
-0.358859
0.256603
0.472039
-3.73916
0.274335
0.0791902
-2.5364
0.85538
-3.57387
2.77079
1.01588
0.00795618
-4.34169
-0.272752
-0.324662
-0.591637
-2.07955
1.69582
0.687883
-0.0203266
0.788283
-4.88206
1.84941
0.65992
-0.0305636
15.681
-5.58754
-3.65682
-1.87156
-17.7266
0.119797
-6.71953
0.578501
-0.985697
0.574107
0.157819
-1.59538
0.231841
-1.63722
1.01613
0.835913
3.82132
1.58282
-2.27451
1.68663
2.18148
1.346
11.0655
0.921871
-0.0750188
-0.0857105
-2.05185
-1.22009
-3.01782
4.02322
1.57434
0.340009
-3.7864
-9.59709
0.863301
26.8039
0.17049
0.4481
1.95022
-1.28479
-0.222824
3.10726
0.481276
9.74838
-0.831332
-2.00527
2.60802
0.885295
5.90352
-194.27
-0.140913
0.608046
0.247267
-0.0903022
-4.04503
-1.83272
-0.77458
0.932161
2.80332
-2.43888
-0.750858
-20.4733
-2.70429
-17.259
-0.680963
-0.116209
-1.00472
0.361979
-2.25084
-2.65138
-0.107395
-0.542528
-0.579629
0.900873
0.543466
-0.354474
1.72742
-0.178433
-0.181346
-1.6106
3.03625
-0.0879611
4.21761
-4.50669
1.84817
-0.520803
-1.02326
-2.87644
-0.405328
18.8633
-0.239616
-0.226249
0.028082
6.4092
2.27391
0.0013288
0.341469
-0.465635
0.214983
-2.41659
-0.227713
-0.568073
0.0335031
0.192701
-0.555982
-0.583925
-0.179999
-0.203127
-11.7353
0.674037
-0.296286
-0.63831
8.4246
0.71266
-0.958509
-2.6111
-1.32714
3.43206
0.465113
-0.572033
0.701038
-0.38187
-1.3032
-1.78488
0.327731
-1.7139
8.9395
1.648
0.509563
0.261401
-1.23223
1.06886
0.182432
0.589589
-1.17368
-1.19784
0.544077
1.40155
3.04917
-13.441
-0.56147
0.853984
-1.12366
-1.52333
3.25194
1.27297
-0.0370282
-0.242178
-9.78966
-1.17931
-0.0775319
1.0697
3.97044
-2.36517
-0.524378
-0.727339
1.19637
-3.24887
0.928047
-14.1074
0.74895
-1.3043
-1.51464
-3.67846
5.24759
-0.897609
4.97146
0.264558
-9.22764
10.5343
0.057829
0.514278
-7.459
-0.0116285
1.33169
0.017371
-0.730886
2.42468
4.15631
0.704692
-436.001
0.284276
-15.6415
-182.584
-3.05171
-9.96802
2.85402
0.285386
6.46396
-4.4305
-0.539463
-0.415767
-1.02909
21.0611
-1.28674
0.639188
0.269019
-0.331482
-0.0607082
0.585034
-4.60261
-41.5193
0.754052
-0.562484
1.55439
-3.29817
-23.0098
-5.52938
0.0409451
-0.373202
1.36095
-1.94964
-0.337827
1.86511
1.26706
-0.624318
0.173128
0.0668038
-1.73722
-0.61716
-0.935738
3.82984
2.09612
-2.76634
0.939565
1.41755
0.733978
5.09732
-0.709827
0.342957
0.63174
0.673812
-4.88788
-8.0108
2.02566
7.05204
0.522759
-0.931389
0.45607
-0.380197
-2.30299
-11.1502
1.91797
0.283328
0.555529
-0.171833
-0.226816
0.904772
4.27368
0.479177
-0.0232664
1.81465
-1.45029
-1.27011
1.56241
-5.19121
0.393882
-2.90067
0.412926
-0.497376
-4.92551
9.83557
-27.4929
-1.655
-0.0852544
2.43397
0.495706
0.377278
1.8244
-1.76009
2.34607
-0.20173
-0.849148
-0.301142
-0.555505
0.399192
-1.90139
-2.5273
1.82295
0.327749
0.0763271
-0.404301
-6.52525
-0.157663
0.747464
-0.474717
-0.585236
0.180396
-0.903513
-0.0159027
0.622452
-0.0357618
5.69828
2.56029
-0.531209
0.0685427
8.12637
0.343844
1.28483
2.30597
2.72871
2.21667
49.7874
1.09934
-1.70948
0.160482
-1.29621
0.409388
-0.845784
-1.17104
1636.82
-0.809145
-4.24895
-0.258505
-5.57322
-0.230819
0.364914
-0.297197
0.470342
-0.293552
1.43753
0.753648
-2.04868
-5.65316
2.44284
-0.223471
0.293061
3.77468
0.756257
-1.42668
0.932984
-0.784988
7.75941
0.284074
0.265078
-7.37444
-0.545427
5.63018
0.127122
0.201133
3.345
1.051
-0.670357
-0.186075
-0.630127
-0.822217
1.71121
0.514556
0.420429
1.97455
0.402386
-0.185588
-24.0638
0.0808488
-1.31106
-3.27727
-10.8655
1.22792
12.2408
0.324204
1.07733
-12.0548
-1.26846
1.69405
1.54961
-0.706055
-0.145725
95.0298
-0.198868
-0.57211
1.35638
-2.07588
-2.92498
-3.56088
-6.80403
0.00421532
-0.324778
-2.73832
-0.351225
-0.488484
0.135641
0.845684
2.45268
-12.9236
-14.5937
-0.376471
-0.604682
-3.75664
-0.52719
0.0232815
1.09833
-0.0898267
-4.44583
-0.702938
0.683056
-4.35898
-0.427112
-0.984075
3.01801
0.71735
-0.754226
-1.47024
-2.23473
-0.267845
22.176
-1.92197
0.083699
-1.00382
-0.0841153
-0.039907
20.5055
-2.12647
1.40379
0.603904
-1.24994
2.8448
-0.425728
0.207076
0.218324
4.57124
0.807609
2.18815
-1.60647
1.1797
-0.331323
-0.00715155
1.742
-0.318265
-1.33435
4.75686
-9.08117
-0.3848
-0.538176
0.979354
-1.5255
0.679102
0.574106
1.24384
-0.643156
-0.430477
1.1114
-10.0855
0.1136
-0.102997
-2.19512
0.496063
0.699739
-0.266967
-1.94553
-3.89268
-0.901712
-0.722985
-3.60646
-1.94174
-1.01238
-105.001
1.23214
0.813674
2.56745
0.532178
0.922972
-0.861457
-1.89803
-130.767
0.653332
-3.43121
0.563488
2.14602
2.07246
0.114841
0.614801
-0.525575
-0.727728
0.00929803
0.897268
0.25914
0.00155355
0.15664
-2.50189
5.14608
1.95594
-0.826861
1.05095
0.780695
0.0912865
-0.849249
0.48492
0.56088
6.99676
-1.32372
0.171188
2.24183
1.0526
-5.11529
-0.0120277
4.86379
1.85571
1.26426
-0.458993
0.408476
-0.744671
0.146291
2.85829
-1.34102
-3.16909
-0.202057
1.00235
-0.386038
0.759111
0.347893
-0.257876
-2.8767
0.802622
-6.46697
0.259376
1.66308
8.61102
-0.645075
-3.22284
6.15659
0.4413
0.984785
0.48711
1.71493
-0.992396
-0.556011
-0.674888
1.38279
-0.561037
-1.16185
-1.9182
5.52367
0.629265
-1.86963
-1.56089
0.261053
0.109789
-0.149708
-0.901703
0.236381
-0.0912013
-0.847453
-1.44974
-0.176734
-9.90926
7.14911
1.03434
3.39877
0.714892
-5.57507
-3.2854
0.933485
2.22803
2.53211
-0.575762
-0.0954847
-2.1237
-0.492247
-0.414763
-0.517826
-0.598077
-2.3682
0.236077
0.46984
0.0836666
-0.357401
-1.70764
0.623012
9.03451
-0.765555
-5.27342
0.941433
-0.619642
-0.221723
1.60994
-4.24398
0.641153
0.592131
-0.417817
-0.202283
1.18797
-0.536895
0.880681
1.11446
0.934426
-0.854465
4.8316
5.52792
0.89802
-0.686084
0.137186
7.67371
-59.8444
-0.811244
2.89002
0.0101937
2.82885
8.52792
1.36103
-0.0181045
0.94736
-0.607609
0.425434
0.567872
-0.723352
0.587106
-5.91661
0.342893
-0.253369
0.0473408
1.66892
2.56338
-0.0560282
-2.35906
0.484964
-0.0345389
0.650366
-0.458542
0.146377
-22.2261
4.35557
-646.34
-2.27529
0.998751
0.182699
0.641577
2.67102
-0.227086
0.12729
-0.796628
1.05288
4.13933
0.534249
0.638407
2.30567
-0.353723
1.27736
0.908823
1.57956
-2.23213
1.47844
4.07055
5.13778
3.01113
2.11185
0.369848
6.59465
2.53988
-8.45813
2.47983
0.899034
-27.7367
-0.352435
-3.19939
-1.25136
0.63
-24.1562
-2.90498
-0.326171
0.32752
-0.0734823
-3.93166
-0.0508435
2.26715
-0.745485
-5.00663
-0.797886
-0.494864
-1.52665
-0.404122
3.53674
0.684335
-1.78909
-1.01383
2.9236
0.58421
2.55849
-0.950932
-0.781265
-0.682233
1.1327
0.346631
0.903636
2.39374
-0.24254
0.0962629
-0.707919
55.9763
2.91193
1.19915
-3.76145
-11.9201
-0.313013
1.98077
1.25113
-0.94141
0.0823967
-0.136303
9.10901
-1.21147
1.97148
-4.19986
-4.35177
-0.43351
-2.51987
0.378568
0.410942
-0.5617
-0.156631
-6.80054
0.856306
-1.13695
0.0596393
-1.32081
0.187532
1.12791
-0.790899
-0.462329
-1.05354
0.37439
0.965906
1.25083
-0.958498
335.785
1.03169
-0.24377
-0.80295
-0.151041
-1.61289
2.09366
0.504089
7.45949
-2.09136
1.36696
2.43133
0.118426
0.79306
-0.936314
-1.28004
1.65932
2.5878
-0.687267
0.316992
0.446847
-1.25035
1.11148
-0.292068
1.19562
0.189734
2.10516
-1.97009
1.73721
0.449806
-0.228677
2.83786
0.420038
1.20585
-0.328696
-0.340444
-0.733553
-0.259088
5.76407
0.768295
0.101508
0.281625
-0.911571
-3.67273
1.82425
-0.0212657
-21.0168
-0.165565
-0.438377
0.206675
0.158603
0.24589
3.06287
1.56704
-0.227709
0.624892
-2.0054
-0.617928
0.674122
0.746189
0.60927
-1.2066
1.05369
1.30387
-0.565804
0.348241
-0.250515
-1.75623
1.27095
-0.030115
11.9758
-27.3281
0.106607
0.522011
-9.79217
-0.683074
0.885012
-2.73771
0.828355
-1.04364
8.28608
3.85876
6.05175
-0.804183
0.959023
-0.582979
-0.737914
-0.948455
1.09423
0.956868
0.625582
0.00796092
-0.788852
1.20158
-0.617406
0.27133
0.434
1.91186
-0.745974
1.89146
2.58047
1.39444
-0.155687
-0.117615
6.65083
-0.126521
0.305895
1.57772
25.5457
2.29711
2.05859
0.877676
-0.810245
3.18238
3.46921
-1.97689
-0.598394
5.75853
0.56522
0.326453
1.65897
-4.23961
-0.647216
1.99234
-0.704164
0.292058
0.0411806
-0.875522
-0.198371
2.29006
-0.195262
-0.122731
-0.661586
2.00976
-3.9204
-0.773834
0.543286
-11.1437
0.119113
-0.097092
-1.60566
-0.0805121
1.71079
0.577746
-0.384078
-0.997418
-3.24267
0.439131
-0.915212
0.445111
-0.638208
-4.08551
-1.81661
0.183674
-2.75094
-0.210162
7.40327
-0.0312445
0.426601
-0.888737
-0.15131
-0.210375
-0.229363
1.38376
0.551838
-5.27258
3.62848
-0.0561907
4.12583
0.43811
0.792694
2.47981
-0.927376
3.00362
0.236363
-2.71378
8.40834
-0.0159413
11.9009
-1.69526
1.47543
-1.50216
1.20906
-2.00171
-3.6652
-1.05793
0.236793
-1.73467
-2.11735
0.680606
10.8703
0.745401
-1.84011
-0.35255
0.962695
0.228926
-1.02374
0.843169
0.129684
-1.23966
16.5852
2.72609
0.892229
0.85844
1.97054
-1.33104
1.13355
-0.242744
1.64641
-0.803305
0.437248
0.608721
-0.654114
1.79624
0.202905
2.21084
-3.075
1.02835
0.563827
-0.385415
-0.824788
1.41789
0.209834
0.855346
-0.152769
-1.57932
-1.10773
0.194478
0.196211
-0.414372
2.0522
-1.68935
-23.6202
-0.791244
-1.071
-0.749047
0.875607
0.651584
0.401057
-2.11389
1.06214
-0.457224
0.605185
0.619467
1.21769
-0.905412
0.485512
0.326913
1.90076
-0.315009
24.5862
0.199997
-0.613582
-26.8798
0.40123
-0.919685
2.42395
1.63631
1.76053
-1.15828
-1.83383
-0.155671
1.40148
-0.342783
-0.22049
-1.22798
-1.76689
3.02998
0.3138
-1.77972
-0.0954956
-28.4814
0.953918
0.708628
-3.38741
0.697577
-0.687655
0.0378654
18.357
-5.82747
4.19198
-0.574312
-1.13275
-1.5812
-1.21614
-0.337488
-0.731581
-2.05554
-0.608936
-0.0575873
-1.77397
-0.890429
-0.990647
-4.4864
-0.841023
-3.27889
0.223821
1.86109
-2.50991
1.16887
0.05536
0.986157
-2.30407
0.344255
1.30584
0.540287
-0.480407
-2.85058
0.693773
1.88052
-0.399285
-0.947806
0.738304
1.25105
-0.0425149
4.0751
0.0202922
-1.41637
-1.51024
4.69086
1.26863
-0.993838
-0.021672
0.057117
-0.145723
0.575616
-3.70396
0.566175
2.98084
-30.8874
1.9335
-1.44045
5.87211
0.984646
-4.386
-1.27073
-1.3302
1.51227
1.05242
-1.97167
-1.62714
-2.41448
0.914654
-0.126549
1.1923
51.2068
14.9074
10.9061
0.127024
0.486885
-5.8441
5.37654
0.413644
0.0696117
-0.353979
0.145777
0.0623745
-1.29597
0.320755
-0.256612
0.448991
-0.375079
-2.72958
0.381576
1.29426
-4.65446
3.42047
0.0173331
0.208323
6.12012
0.103019
11.7727
-0.484164
-2.99144
1.08118
-0.396063
-1.88538
-1.32368
-1.7276
-0.265713
-0.501901
0.921265
1.55507
-1.62678
-5.64774
0.202139
0.448386
0.340474
-0.934735
1.25615
-0.0707546
-1.5455
-3.05278
0.278096
0.709276
1.70269
0.40858
0.634324
-0.136916
-3.52676
-3.20606
1.28522
4.33489
0.138537
0.66463
-1.63266
0.00920954
-0.519971
-0.751669
0.468606
-2.89774
2.85832
-3.90155
6.6349
-0.34669
-0.765913
-0.301187
0.594213
-1.47903
0.688337
0.363913
-0.711843
5.12344
-2.1867
-2.13403
-1.50371
12.1759
-0.522736
-0.823752
-1.79807
0.202653
-0.163668
-4.36503
0.773149
2.59618
-2.83139
2.69942
0.301362
-0.873689
-3.04057
-21.5303
-0.825316
-1.24693
-0.0388617
1.04633
-41.425
-0.57333
-0.554212
-2.23414
-0.713048
-2.61793
-0.784582
-0.184435
-4.10518
1.76309
0.0880793
-2.4633
0.25218
-1.07742
-2.69901
-1.29784
-0.117341
-0.512585
-0.602258
0.0603561
3.28537
0.666
-3.10552
-0.770455
-0.173049
3.39643
-0.128473
2.72547
2.79661
0.596178
-0.276886
2.39264
0.771961
-3.81166
-2.75405
-0.558722
0.716486
29.3223
0.00369654
1.19871
0.405692
0.649426
-1.31849
0.698623
-0.902093
0.293954
-1.44712
-3.43011
0.0687376
-0.657678
9.87008
1.93038
1.62062
-76.1286
0.935419
2.27045
1.99507
2.53118
-0.736783
-4.68036
-1.45049
-2.36119
20.4443
-1.62101
0.734352
0.0883209
-0.0372857
1.77327
0.231724
-0.216891
0.561348
-2.04785
9.10518
0.0605235
0.653193
-0.597206
-1.34391
-4.01274
0.249082
0.0480312
-0.35686
5.68927
-0.348791
-0.387947
0.751791
-0.857342
0.558712
0.51747
-1.538
-1.46072
-0.697315
0.533393
-0.298142
-36.523
-1.18618
-3.97412
0.874879
0.229426
1.10919
-0.267264
15.0307
8.4234
-1.3457
0.816551
0.104993
1.35026
17.4917
-0.59353
2.87958
-1.98503
-15.1829
4.92351
-0.626292
-0.492263
0.133699
0.301024
0.849997
-3.74714
-7.07398
0.357625
-1.18539
8.141
-7.47803
-0.700761
1.51102
-1.14844
1.06694
-0.483485
0.471373
0.264756
45.057
1.00566
-0.480776
1.75829
5.88592
-67.6025
2.52566
-2.02013
-1.4504
-1.9574
1.3819
6.06374
3.00058
-0.0501405
0.773479
-0.339712
4.90236
447.131
-6.3725
9.8032
-1.52082
-1.97635
-1.206
-0.117278
-0.0474037
0.355279
-4.48781
-1.84899
-5.92794
4.91055
4.92499
-0.842034
2.20356
-0.715503
2.17858
0.950893
-0.105076
1.25575
-1.13598
1.46681
-2.06993
-6.3688
0.721159
-2.54614
2.69229
-0.0655524
0.343623
0.98735
4.0085
-0.383011
-3.50294
12.1085
-4.44088
0.940861
2.31546
-2.38219
0.148237
1.20318
0.846162
-1.0875
0.111839
0.931129
-0.343668
-0.4331
-0.188146
-6.4102
-0.24164
-4.92493
-1.08882
1.47475
-0.348234
-0.0719162
0.0420468
1.49249
-0.379092
0.480441
0.432795
4.11104
-1.08441
-0.0419173
3.43058
0.0613622
1.29452
-4.67822
0.0195236
-0.374858
-1.14577
-10.5246
-0.977516
-1.44476
1.46994
-0.605723
-1.43713
-0.616453
1.26488
0.430206
-0.486487
-0.16694
0.064315
-7.94188
-5.54722
-2.94785
-0.539737
-0.019548
-0.501252
-0.738451
0.211914
-1.16153
-11.7088
-1.90502
7.57998
0.953984
-1.59142
0.124287
1.82391
0.411691
2.36013
1.6958
0.516483
-0.340341
-0.672806
8.20389
-1.79076
-0.414971
3.09392
1.27367
1.02783
2.26564
1.9804
0.393163
-1.79509
-0.477978
0.172384
-1.81237
-0.784057
0.846989
0.402658
-10.5426
2.13639
0.0766958
0.259064
0.212341
0.542098
-0.42426
0.676378
-4.22624
0.605933
1.05895
-2.60512
-0.096035
1.09131
0.257856
1.40446
-0.237287
-1.35848
0.941019
-0.249988
-1.0033
-1.40888
91.7698
1.06501
-1.79347
1.32977
-1.11137
-0.321568
-0.306091
-1.8988
1.28499
-1.59033
-0.825758
0.1614
-2.55135
-0.4394
0.867598
-0.987438
1.39956
0.150037
3.31959
0.31538
-0.537405
-5.46549
2.74836
2.63387
-0.618572
-0.123069
-0.11481
-0.0163026
-1.91171
-0.78287
1.01889
0.0643229
-5.18789
-2.04336
1.66989
-0.3402
0.434153
0.264964
5.12864
1.28854
-0.942808
2.36613
-0.934069
0.0978638
-1.33036
-1662.79
10.1362
2.65324
7.36124
27.7896
-47.8885
39.8273
-1.61557
0.367194
0.401043
-0.00653559
0.882712
0.0905747
0.804136
2.02382
0.432849
3.75266
-2.87137
-0.42391
0.433046
-0.238305
-1.17314
0.479549
3.34363
-0.191947
6.52428
0.633508
4.98365
0.704651
0.36022
0.30871
1.78319
0.759097
1.36357
-3.81997
0.085785
-1.79655
8.30562
-0.502036
0.31022
-1.17724
1.81696
2.16438
-0.292614
-2.56707
-0.407463
-1.01678
10.5546
-1.47687
1.17684
-0.269524
6.94168
-0.972426
-0.579262
0.121883
-0.218001
0.371247
4.78047
6.16528
2.16154
3.76402
-2.41011
1.50766
-1.08574
-11.6884
-0.00229337
1.22848
-0.0891568
1.27763
-0.386088
1.35992
1.41043
-0.801244
-0.627532
-13.6433
6.09778
-1.50768
-0.180765
-4.93774
1.78645
2.12408
27.2268
0.733688
-0.397491
2.2095
-0.419136
1.41921
0.675798
-2.75647
6.01669
-0.687926
0.550438
-2.45242
-0.0311458
-0.594867
12.6772
13.3271
-6.58851
2.24548
-0.0564058
-0.57721
1.16402
2.06525
-0.86326
-5.6951
-1.59658
0.00457604
0.253453
-8.8698
-2.72569
1.88378
5.48603
-0.035906
0.951643
2.49011
-0.186192
-0.123356
-0.0623362
-1.62109
11.6471
-0.163773
3.22999
-2.51295
-0.485076
0.263792
-5.25321
-0.133594
-0.64866
1.11015
0.537587
-9.23193
0.166897
0.684693
-0.453457
-2.33002
-0.507628
-32.2686
6.94804
1.16642
0.0986239
-0.264084
6.08324
0.72391
-2.21831
-0.414044
-257.449
1.36629
0.73494
-0.151369
3.8849
0.240733
1.57145
10.3324
-1.07352
1.35576
1.30628
3.59527
-0.0359754
-1.16045
0.0435263
-21.4299
2.04553
0.919208
-0.394613
-2.66844
2.81635
-2.81154
-3.59443
-0.151259
-1.09892
0.300962
0.534145
6.69728
1.57804
1.30314
1.55913
0.0999858
-0.250319
-2.4803
1.11829
0.255233
3.71721
-0.357079
-2.23786
-6.6692
0.761106
4.29648
0.204702
0.452466
-0.914865
2.79025
-0.178245
0.46737
0.379696
0.0770363
-1.20413
0.112759
1.07402
-0.21883
-0.98165
102.234
0.390412
0.402636
0.0685443
9.5034
-0.620635
-6.0015
-1.8086
-1.34104
-0.0102034
-0.432753
-0.0382045
-1.05786
-1.44513
0.383634
0.560335
-5.60651
-1.07394
2.8862
1.56758
-0.378177
-0.297957
0.175268
0.0054624
3.77503
-0.115342
-0.0332415
-1.44591
0.358535
0.529494
7.38853
1.19723
-0.0959167
0.205817
-0.599067
-3.47521
-4.92155
-2.319
5.19377
0.244537
-1.48183
-0.0315993
-2.21868
7.53172
-4.45493
3.62472
2.78207
-1.94178
1.61765
-0.360524
-0.632346
0.525766
-1.64428
-3.24947
-0.0897057
-1.85883
-0.547611
1.14603
18.0123
-1.24148
-0.547537
-1.02812
0.095319
-0.146219
-0.0361493
-0.52264
1.49386
-0.0987481
7.66749
-1.64746
0.280049
1.2767
0.0930739
-0.479741
0.546657
-0.352254
2.12731
-1.11463
-9.53104
0.95235
-1.38966
-0.228854
-0.817888
-0.0648004
1.761
-3.91081
-1.0959
3.25663
1.07134
-1.36328
-0.988227
0.31839
1.83401
-0.266942
-0.311723
-1.344
0.341165
0.374762
-3.76963
0.619463
6.15325
0.774141
5.31131
-0.4349
5.98272
0.489298
-1.10639
-0.458617
-1.80201
-0.116031
12.6139
0.183552
0.463092
4.74229
-0.729081
0.260842
-0.909401
-1.55855
1.08689
0.389193
-1.19119
-1.02747
0.416917
-1.39967
2.77319
-6.11399
1.21352
-1.72402
-4.48419
-0.448575
0.600723
0.0512521
4.49056
-0.595815
0.0224138
-2.5677
2.27002
12.7366
0.373661
1.61585
0.0685655
0.259224
-0.591953
0.634686
4.4045
-0.982795
-2.12085
-7.47138
2.3829
2.90204
-1.12111
0.337824
0.025202
0.122224
-5.37293
-0.512124
0.259411
-2.31377
-7.92158
-0.141852
13.8224
1.62732
0.113114
0.48805
1.91609
0.0401211
0.0814277
-0.21767
0.650773
-0.768541
0.913678
-7.35069
0.45653
-0.670804
-0.432915
0.00996414
-1.80056
-0.356068
11.7089
1.81969
-5.48766
4.99547
0.777443
-1.80014
-0.0111986
-1.3501
-4.73482
-0.543857
-1.89326
0.116426
-0.631451
-7.86551
-1.26542
-0.130635
1.73853
1.38778
2.50057
0.258077
-0.462765
0.89787
0.422342
-3.16486
0.816354
-0.0417851
-1.45756
0.0915552
-12.5607
-0.562919
0.497674
-3.33065
-1.12396
-0.270085
3.58138
2.70657
-0.150386
-0.833964
0.741827
0.161219
0.596377
1.09508
0.0454869
0.386309
10.7417
0.197159
0.714323
-5.1181
1.15064
12.6949
-0.40893
4.17787
0.00718871
0.0232222
0.499191
-1.67946
-0.833601
0.547736
-0.571861
-0.34562
3.73267
-0.911918
1.22167
2.25364
1.25849
1.41481
-0.926048
0.999388
-1.19263
0.579136
-0.362288
-1.93146
4.42431
1.75406
-0.140675
1.91905
-1.45595
1.62807
-8.88099
-0.960059
0.332651
-0.474599
2.31706
-2.23114
0.403961
-0.544623
-4.66013
-0.636724
0.110824
0.244864
-6.49931
1.01925
-0.363879
-3.25502
0.288989
0.0231394
-3.45021
2.47898
-12.2479
11.4828
0.964746
2.79168
0.15548
-0.0822186
-0.915604
0.478367
-0.476756
-0.48391
-3.53259
-1.50739
1.17803
-1.29567
-6.08151
0.751895
-3.06903
4.41992
-12.1613
-0.952232
-0.0845973
-44.7442
-0.206156
-0.603683
-19.424
-51.8337
-1.13836
-5.7692
-0.0725656
2.4136
-2.096
-1.27361
-1.43696
-3.21516
2.08016
-0.519567
1.08348
2.43996
1.38305
-1.28013
0.0162247
-1.66165
0.277057
2.99271
1.31035
0.983965
-3.98869
0.25856
0.330136
3.76456
0.917582
9.39786
-0.562245
0.574668
-1.4338
-0.000767061
0.355765
0.018241
0.463166
-5.9
-89.5437
0.401558
-0.119874
0.382607
1.25833
17.023
1.03794
-5.56985
3.00548
-20.3005
-3.4786
1.42776
-2.31649
1.76566
3.97195
-0.100652
-7.58675
-0.0855233
1.2458
-0.886652
3.1995
0.0292522
-0.431249
2.16086
10.2819
0.734478
4.34326
-2.98041
-1.16036
-3.18254
0.413529
-0.133529
22.7829
-0.864153
-0.154142
4.67865
2.22554
0.906984
-0.931276
-0.31555
-0.278647
0.278487
0.363458
8.37974
-0.0273456
-2.06207
1.69153
-3.03158
-0.207602
4.26677
0.456111
5.49047
-1.10786
1.93496
0.0241243
-63.8391
0.060847
-3.51105
4.61598
-0.391252
-0.114424
-0.766475
-0.281178
6.39883
-7.06397
-0.702466
-7.71183
-34.3784
-4.52423
1.455
0.251461
-1.4232
-0.0795098
2.38711
-0.714223
0.518626
-0.496797
4.56845
-1.0606
0.956616
-1.13528
0.164469
4.85305
2.31506
0.117599
-1.18503
0.805809
-0.127856
-23.968
9.06443
0.349757
-0.615621
3.91527
0.966311
0.125403
-1.32174
1.00892
1.14362
0.498496
-2.58373
-5.45614
1.6767
-2.22839
-6.07249
1.36795
0.838845
-2.70676
0.323105
-2.52569
-0.451775
2.22356
-0.930233
-0.635666
-2.24716
-0.42153
1.58228
0.728171
-0.498873
1.03055
-0.806212
-0.304234
-0.495121
-1.69571
-0.221038
-0.217365
-14.9819
0.256665
-2.08013
1.1016
1.062
0.0105263
12.0117
-6.50544
0.259983
-0.235476
1.81573
2.6097
2.51432
-2.33743
-0.177673
-0.334083
5.86437
2.31282
0.0913297
-0.432099
0.524184
-0.167404
-1.37596
0.00147854
1.76997
2.18224
2.21282
7.25223
1.86658
-0.393015
0.136654
14.4717
-1.22615
0.645086
-0.32762
-8.03892
-1.74901
3.15806
-1.42744
2.54062
-0.6497
58.1642
1.17329
-0.507496
-0.546802
0.563049
-0.132929
6.8399
1.89204
5.66831
-0.116114
6.16582
0.738604
-2.0347
-2.26374
-0.603011
-3.77085
1.05529
-2.76334
-0.59701
-0.43992
2.04851
6.09031
1.66264
5.58423
4.64951
-0.0819939
0.138742
10.8859
-2.33861
-1.30197
0.272408
30.1946
-0.105145
-0.409071
1.62045
-0.344864
-6.74004
-14.3877
2.09335
-2.58566
125.385
-0.108986
-1.19486
6.03503
0.122705
0.256021
-25.1701
-1.69917
-0.234482
-0.983185
-2.00075
-0.988091
1.36241
-3.6402
-1.43173
9.26925
-5.88285
0.40575
-1.07763
0.118077
0.283635
0.0954079
1.32185
-0.994195
2.26722
0.437416
-0.226237
1.07597
0.0581418
-12.5542
-0.796897
-0.188542
3.96059
-9.1484
-2.26349
1.5515
-1.90668
-0.707589
3.04346
-0.519064
-2.6119
-2.48446
1.08364
-1.26405
-7.6698
-0.560911
-0.616567
-0.468327
3.67034
-0.399309
-0.586696
-45.6602
-0.508463
0.516674
0.789433
0.79365
0.852046
-0.335139
-1.73395
-15.7218
0.402427
1.28595
0.387723
2.92354
0.478884
-0.601319
0.560752
-20.0542
0.808647
0.237283
29.9558
1.0657
-0.370294
6.32713
11.4156
0.289015
-2.73375
-2.54886
-1.61987
-0.599804
-1.83228
-1.19798
-1.6597
10.9302
-2.22854
-23.6571
-1.09039
1.08077
-0.134995
29.5093
84.6162
1.86087
6.27024
1.37256
0.0509088
-163.934
-0.761896
-3.96567
1.28631
-4.64175
4.96574
-0.640519
4.68339
-0.543607
-8.66151
1.09555
-0.820852
0.319653
0.0147186
0.0866068
0.939713
0.949741
-0.671521
0.249113
0.0309138
-1.49609
0.992835
1.15226
2.87498
-23.3995
-3.1054
-1.09973
-0.471114
-1.94638
-1.40015
0.736596
5.30822
-6.15307
-0.261764
0.267846
-0.70255
-3.1109
-0.728775
2.23428
-0.700312
-0.720393
0.202532
1.6721
-1.84794
-0.415688
-0.320021
-0.0527856
-0.214558
-1.47694
-1.83594
0.013261
-0.765832
-1.08274
0.361137
3.2208
1.7241
-0.0194843
-1.01088
1.03082
1.57113
3.67965
0.668501
11.716
-9.23972
40.2299
0.299785
-3.56502
1.82404
-0.67578
-1.45484
-0.736482
-0.499813
0.0426657
6.88236
13.0423
-0.0790103
-1.7471
-1.55148
1.92403
97.6725
0.828038
-0.961206
-0.311648
-0.121
2.32798
-0.706338
2.33816
0.5731
-0.5655
-5.38086
0.966167
-133.574
-0.103816
-47.5287
0.537925
3.88281
1.48403
-1.23469
-0.199588
0.121155
1.66538
0.138129
-1.37599
-0.927584
-0.317099
-3.55045
2.46685
-0.898128
65.7629
0.196871
4.71759
-1.89625
0.249869
0.0302868
-9.68978
-0.166226
-1.40989
0.349385
-0.608449
-0.306778
-2.60754
-0.777846
1.97156
-166.801
-0.799256
-10.1443
6.54359
1.07451
0.579438
-0.840726
0.293804
0.0898874
2.05173
2.10195
-2.35433
0.862579
-8.17319
-5.25097
0.112244
0.88352
-4.05159
5.75716
-0.704411
0.721121
0.971522
-0.0796937
-3.6362
5.95483
12.1287
0.457859
-1.70954
-2.37986
0.745944
1.1232
-0.0536144
0.620109
-4.15154
1.98146
-0.11806
1.10054
2.51859
32.811
-4.80976
2.89135
0.473361
-13.2748
-0.803767
0.330338
5.14202
-10.1422
1.59143
-1.72018
3.6077
-27.1146
0.130901
-0.0774
-0.144458
-3.64602
-1.01564
0.402639
2.1677
0.169685
-0.825203
-1.21831
-0.0219304
2.60734
1.39016
0.986643
-1.68547
1.71342
-2.61023
0.27029
-1.5298
-1.19702
2.20031
-0.107363
-1.60582
-4.3875
4.04982
-0.935403
0.662013
1.43023
1.06623
0.620166
-0.660703
0.621307
-1.0084
1.43604
-0.329253
2.56768
0.819087
0.435021
-0.0320987
-3.35152
0.0936005
0.815367
-3.07731
2.49847
0.921256
0.576448
2.1009
0.302788
0.295016
0.551774
1.543
-0.30408
-0.293237
14.7723
80.3228
-4.73647
0.176988
0.551293
-1.01857
164.513
18.5566
1.10141
-0.204353
-3.7891
-0.492472
-0.960807
-6.08821
3.91085
-1.11435
-44.6547
0.949602
-0.275856
-0.374326
-0.454737
7.26787
1.48463
-0.318751
-1.72077
-1.38855
-2.70314
-3.5649
4.02007
-0.82225
0.109016
-2.80842
0.117679
-0.0675244
-0.902572
0.985267
0.49462
0.22911
-0.813909
-0.779521
-0.476565
1.25252
2.37504
1.71306
-1.37637
3.69376
-0.181286
-2.41847
7.23728
0.385913
-0.157867
-2.7827
-0.597124
3.41732
-4.64097
0.450625
-0.552874
0.856847
0.132623
0.03018
3.89964
-0.726407
-2.17244
2.92754
0.457441
0.286896
1.2638
-0.0798885
-5.91075
1.83219
0.322432
2.72542
0.567665
4.89869
-1.56183
0.810714
-0.64733
-3.35874
10.6663
-6.41584
-0.026157
-0.184804
-0.946018
-0.669511
0.299661
0.728609
-3.78786
-2.22461
0.467113
-0.0198469
-1.11198
-0.801792
-1.30208
-1.09869
0.580526
-0.173111
-0.120179
0.288047
2.70254
0.886404
-0.0575452
2.2707
0.93145
-3.25818
-1.70054
-12.5823
-0.49234
-0.273081
-0.675435
0.0533427
1.5423
0.768806
-2.13658
0.559508
2.07722
1.97968
-6.25206
-0.374534
1.38291
-0.87081
0.395726
-5.19833
-3.60043
0.162116
-0.415773
-0.84264
-0.174658
-1.7623
0.530073
0.309975
-1.74755
3.31634
-4.27267
0.939531
2.21421
-0.039245
0.56642
-1.04504
0.499066
-10.5398
-1.13241
-0.0321893
-1.303
-0.395741
0.360341
-0.21437
6.68096
-0.189596
0.478058
0.668354
0.48462
1.66796
0.342656
-0.292449
-1.48691
0.373111
2.72464
-46.6416
-1.0793
0.146999
0.585777
1.12938
0.102962
-0.122282
-3.77559
-1.14837
-0.900026
0.24685
0.838165
-0.784823
-0.909535
0.884303
-0.127792
4.54333
-6.47994
5.71829
0.286257
-0.191294
-0.171576
-0.312352
1.06135
0.471583
-0.734655
-0.715273
-0.160988
-0.577618
-0.100498
-0.365732
-10.0002
-0.710112
-0.760669
-0.818114
0.68962
1.25513
0.0613522
1.46101
0.548767
1.88815
-1.2805
-1.01945
0.709514
-0.0797275
-2.40657
-5.18452
-0.71773
-0.359919
0.0710655
0.0787642
0.501266
-10.0756
-0.807366
13.2148
0.280551
-0.436258
-0.58213
-2.27854
3.70819
0.406903
6.84825
1.26633
1.30575
1.75398
-0.412851
-3.06259
-0.157579
0.209869
-4.91994
1.13316
-0.629357
0.43918
0.767496
-2.13852
-0.217827
1.52723
0.123279
0.919574
-0.0471254
-0.814561
3.10883
-1.11527
-23.7164
-4.89784
2.44323
2.40967
0.882272
4.47377
0.200853
-2.48819
1.4408
-8.4662
-1.4953
-1.45285
-18.6185
-0.159531
1.31432
0.137852
0.951381
-2.62098
1.15755
2.3598
0.798232
3.21781
1.489
0.0258897
2.63453
-4.26458
-1.10818
0.610466
0.608354
-1.83391
3.52096
1.77486
-0.308795
-2.82365
-0.509103
2.82072
0.249584
-2.08894
23.7463
-1.79701
-81.9727
9.01646
-8.46905
0.245585
-0.355428
0.851013
-5.11055
2.40833
-1.62827
-5.61161
-0.837155
-0.455667
-0.930419
1.14941
0.334457
1.39463
0.744659
-0.96227
-3.44672
0.776155
-0.384006
-1.12393
0.683162
2.8301
-1.42301
0.154953
1.28193
-2.83816
-2.24364
-0.584029
-2.38426
-1.38016
-2.71316
-4.88944
-1.46238
-73.7931
-1.73564
2.61859
-1.12641
0.61784
-1.004
1.36064
0.0932178
-4.72972
0.0969304
-0.0149492
-0.0206482
-47.383
1.71399
-0.860638
1.21236
0.272248
-1.53738
0.106212
-0.87236
-0.29046
-1.34852
-0.479819
-3.37732
3.38879
-0.581412
0.236514
12.2716
-3.7403
-0.297767
-0.402866
1.51381
5.47963
-0.503007
0.161517
-4.51567
-1.96252
-0.642458
-0.803042
-0.176961
-0.331697
-1.55043
-53.1879
4.58411
0.915417
1.11052
1.17647
1.4215
-4.59298
-0.212739
-0.210388
-3.59709
1.12464
0.68881
-0.236537
0.321738
-0.491486
-5.71918
-0.0965869
-2.45723
-0.572088
-0.212246
1.03923
-10.6902
-1.22962
0.296328
0.0928679
1.9857
1.78637
-0.0694837
-7.60271
0.206277
-4.92705
-2.23862
-64.6964
-0.5032
0.123285
-2.10969
0.606396
0.0967516
-0.848773
0.0666413
5.8054
1.04685
0.795992
-9.67649
0.495948
-0.556157
0.559395
-1.99281
0.473038
0.701161
1.1554
-0.389412
-1.90336
0.934383
-0.873984
1.79556
-0.0123907
0.20338
-2.31666
-0.891085
-0.520845
-3.70688
0.152824
1.0314
-2.93894
-2.02208
0.591009
-0.049092
-0.696972
-5.51147
-0.779815
-155.45
-0.649125
0.687745
1.60281
-1.1657
-0.19588
1.59807
-0.911178
-0.300556
-0.100458
0.332663
0.413362
0.954729
-1.44014
3.61887
-19.1336
-0.656923
-1.12931
0.31661
2.45119
-8.4124
-0.994459
1.53746
-1.42456
1.56873
4.38446
-2.5711
1.65694
0.0360847
-2.26559
-1.47654
0.0395027
-0.781891
-0.795631
-0.242423
-0.00959516
-1.05924
0.419161
-0.451744
-0.637172
-0.102917
0.278102
-1.60728
1.62437
0.335124
1.35898
16.045
1.58339
4.69137
1.01594
-4.28402
-2.73377
0.422575
0.735618
0.159662
0.0927925
-0.523708
-9.15334
-0.16149
-8.58185
0.890287
0.684273
-2.50548
-0.255804
-0.294393
1.21046
-2.93807
0.300833
-1.90367
-0.0174097
-0.390065
0.16105
21.1935
4.87437
0.19532
1.91134
-0.226212
0.984716
-0.336753
0.383626
1.56416
-1.30059
0.936514
0.212594
1.1033
0.55578
-3.47652
0.0985657
1.40767
-0.332186
-0.348308
-2.62375
-1.86676
-0.53639
0.440868
-0.217438
3.68267
-0.960834
-2.58346
1.18306
-1.5341
-1.27567
0.276971
21.9779
19.45
-3.41765
-32.5253
0.0304645
-0.0245162
-4.62884
1.00259
-0.00232517
0.385687
0.478923
0.482111
-0.457099
3.91438
-3.0523
-1.247
0.429336
-0.713426
-0.119041
-1.1608
-0.64157
0.952486
0.184637
-0.685473
-2.0004
-0.511989
-0.195796
-1.44637
0.309147
-1.60752
0.978945
0.765136
-1.59265
2.07497
-2.47031
0.475651
-0.884267
-0.452492
0.195379
-10.1047
-0.138309
-0.191032
-4.19839
0.919511
-0.247987
1.3282
0.252107
-0.746929
0.0877607
-0.17025
-2.84333
0.385216
-8.80172
-0.350632
0.0941936
-1.05068
-0.138248
0.217358
0.323314
2.97553
0.624011
0.16912
0.284609
1.95815
8.23357
-0.0589784
-0.890898
-2.17406
-12.4479
0.168868
0.00430761
-1.6452
-0.660661
-4.02044
0.0129399
-1.0153
0.352736
-1.04162
0.208123
-2.69655
0.583539
0.563408
-1.63253
-3.84257
-0.220122
0.217879
-0.265107
-0.67296
9.17445
-0.315185
-1.12936
-2.00143
-1.31745
-0.142755
3.11914
5.74616
-0.722505
5.60369
-0.354653
-0.908289
1.75121
1.90969
-0.192607
1.4396
-0.686717
0.76823
0.1312
0.201944
0.747803
-2.70385
0.511926
-7.97301
1.36837
1.00496
0.0403825
0.863995
5.89925
0.592092
-0.259647
-0.549494
2.38932
0.90278
1.04115
-17.8774
-3.09633
-0.577839
2.05963
-1.07518
2.098
0.802175
-2.41629
-8.41082
2.8136
0.621588
-1.38462
1.39772
-1.57515
0.956258
0.603852
-0.789548
-3.81211
-0.321572
-1.54069
-0.22811
0.738796
0.968683
-0.0667448
0.0373273
0.462565
-0.879854
-0.0953697
0.0430102
-4.28458
1.37589
-0.463526
-1.56706
4.29702
-506.097
0.764063
-0.265184
-2.83438
-0.42952
2.0904
1.02271
-0.872677
0.223553
-0.613209
1.54775
-5.82841
1.00711
25.371
0.42908
0.167007
-1.09603
-0.559237
-0.368081
0.531007
-4.30171
0.330552
0.1022
-2.30448
-0.908077
-1.75771
0.538189
-0.0401522
0.669045
5.93402
4.02537
0.434833
1.23418
32.2301
-1.39632
-2.25473
0.285915
-0.70824
2.3301
-0.715209
3.21353
-0.861498
-2.24559
-5.06439
-0.0682304
1.74395
-0.313412
0.638273
-0.2923
-1.25619
5.74179
0.835309
11.1576
-0.222658
-1.31803
0.528868
-0.0875188
1.86693
0.619107
-98.8494
-0.499384
0.477731
-3.93429
0.0898169
-1.27873
230.156
0.366202
4.78843
2.72822
-0.00123993
7.22956
-35.6862
-1.46922
-0.215918
-1.41552
-1.06983
0.732498
0.205352
-0.196684
0.597564
-18.4319
0.0161047
-2.44109
-0.433987
0.0213576
1.2053
-0.440765
-1.9403
-0.795722
0.974789
-1.47147
-0.252842
2.5815
-0.727469
-0.256249
0.317901
0.853788
0.551299
-0.232492
-4.5201
1.58863
0.114058
0.815039
-4.71947
-2.53816
0.528694
-9.08884
-0.165676
0.0282977
27.2445
-1.63247
0.44857
0.204338
0.852141
-4.76794
0.551077
3.33244
-0.571059
4.83017
0.800489
-0.721638
-0.164771
2.94924
-8.39841
0.681361
-0.250859
-0.256374
-1.83663
0.936198
-0.233262
2.0582
0.987158
-0.0161636
-0.302098
-10.9157
-2.79581
-1.57994
-0.325224
-0.0420419
-0.022985
-6.93293
-0.71491
-2.02666
-1.41938
2.35921
0.339334
0.402505
-0.376635
-0.253545
-0.441697
10.183
5.50659
1.23507
1.02051
-11.216
0.549747
3.16754
-1.11697
0.00773571
4.71091
-0.695922
-0.674259
-0.551608
2.73113
-4.21019
-0.908416
0.123199
-1.15182
-1.85592
-0.7219
-1.37943
-2.08743
-0.0409206
160.27
1.01485
0.0612924
-1.61296
1.71288
0.242282
0.117412
0.330059
9.62164
0.567225
-1.42772
0.493579
1.75457
0.257183
-4.25476
2.31474
-0.712871
0.264608
-2.31886
-0.422654
-0.426685
-0.315711
-1.86516
-0.661355
0.157094
2.31973
-0.206387
-0.0253127
-3.16325
-0.706981
-0.3244
3.38963
-5.90018
-0.660772
0.267304
3.0525
-1.57684
-0.950993
-4.39441
0.521363
-0.778874
-0.376691
0.758601
0.175922
-3.52949
12.5634
5.96943
0.135123
-0.411271
3.67959
0.65394
1.61449
-0.705968
-0.791207
0.235549
1.89733
-0.733653
1.45858
0.0859902
0.496896
7.1796
-0.45773
0.114898
0.239049
-0.63975
0.841469
-0.675415
-0.590181
-1.63824
-6.26489
-1.97007
-3.32149
0.0711644
0.176007
0.911956
-0.71848
2.39766
4.66088
0.359904
-1.56072
-1.48946
-0.935331
-0.201377
1.52505
0.157734
-0.122612
-10.8015
0.0399555
0.264863
2.08337
-2.41243
-5.55896
-109.987
0.853039
-0.883665
-2.00232
-0.115572
0.58074
-0.435917
0.969851
4.67699
0.441856
0.657405
-0.0804352
1.20467
-0.505835
0.809514
0.566848
1.31239
0.625361
-9.00663
-274.9
6.22822
0.224988
-7.73752
2.35032
0.458256
-1.45981
-45.941
0.476855
-0.8167
10.5472
-2.27165
0.0362889
0.321609
0.107231
2.20137
-0.422745
-0.0882723
0.466687
-0.538136
0.557031
0.108661
0.417334
-0.784672
-60.1567
-0.873849
0.201643
-0.25588
-0.843584
0.614837
-0.816271
-2.78827
-0.454187
-1.6041
-16.9555
0.408481
0.895913
0.321315
2.49469
-0.479919
-0.886255
0.033338
-0.0139258
-1.01693
-10.956
4.86728
-5.96157
-0.15925
4.08573
-0.604011
0.871691
2.68479
19.6121
-2.7179
0.172572
0.0258241
-0.0628195
0.436828
-101.952
1.08458
-2.10004
0.756629
-0.163672
0.730565
-0.053675
0.99538
3.20078
-0.0107892
-1.85935
-3.91963
0.0184551
-2.68989
-1.69778
4.32496
-0.576451
0.319352
-2.95426
3.96021
-2.53064
-1.67926
-0.142784
-2.1683
-1.05226
-1.97043
-3.75598
11.3799
-0.427273
0.976712
-0.923222
0.242984
21.2282
1.96199
1.43472
-0.415495
5.08486
-3.80365
-0.580406
0.616654
2.62688
3.86419
-35.9738
5.20032
2.5919
5.01032
-1.38877
-1.45175
4.16856
-0.223613
2.80661
-1.36551
-0.195676
18.9283
1.74327
-0.0138457
0.376197
-0.501744
-0.311144
1.17169
1.67795
-1.00408
4.55124
0.0685742
15.0278
-1.90966
0.372619
-0.827362
-0.373363
-1.33462
0.691315
0.0162461
-2.8082
0.457233
-0.0906822
-0.257695
-12.2379
1.61113
-3.44639
-1.68222
-1.4799
-0.038995
2.0323
-0.350561
3.50532
-1.24958
-0.261288
-0.488265
-0.525898
1.69668
-0.862756
-0.901652
2.69746
-1.90673
0.981234
0.501724
6.78686
-2.49259
-0.76814
1.93395
1.76156
-1.93661
0.48808
0.255497
-6.65596
-48.0801
-19.8331
-1.73607
1.07262
-0.883391
-39.5834
3.69253
-0.400761
5.53291
-0.927419
0.194813
0.989959
-0.32488
-0.594593
-2.18025
-1.37928
-0.0653872
1.66526
-5.6727
-0.26483
-1.54689
-0.0322354
-0.173705
-0.269336
-1.9917
-0.573998
-0.162373
1.4319
-0.803471
0.525978
-0.261529
-0.952662
-0.144945
3.6765
-7.48387
-1.14231
-0.455484
-0.642273
-0.136004
2.01196
1.78774
11.1962
0.414186
1.19787
0.885126
0.909602
-1.92813
1.40909
49.2993
0.170175
-1.08804
-1.80361
0.608308
1.45309
-22.8124
0.03403
0.48591
-1.38442
-1.31458
0.103122
0.626313
0.987434
2.3936
-16.8882
-0.160907
-4.96208
0.571917
-0.415956
11.1248
-0.265563
-9.88402
-7.53341
0.667518
-3.21737
-1.04932
0.424803
-1.48599
0.896276
0.845746
3.20212
-0.220242
-1.40049
0.154847
1.15123
-1.01218
-5.72794
-0.985647
-0.0338031
-0.29348
-0.503862
-0.316851
0.45104
1.6129
1.58032
-0.730597
-0.777141
-0.825184
-0.50827
-1.43922
-3.07775
0.485506
0.872495
-3.73726
1.14854
-27.9483
95.0828
2.90213
-0.321223
-1.52584
-0.557307
0.755104
-3.33725
-1.99992
0.0177502
0.753394
41.5848
-1.55858
-0.287227
-0.171059
-0.108008
-553.314
-0.68283
-0.391946
1.1783
-5.72833
6.49493
12.0834
1.43208
0.311593
-0.0725921
-3.29264
0.745333
-0.0932418
81.4237
3.77424
1.58103
-0.459604
-4.17539
0.848787
-0.69641
1.66239
1.0043
-0.240685
-1.13656
2.16368
-1.50764
-0.301242
0.573363
-0.806224
2.03682
-5.92553
0.156578
-0.758291
0.636708
2.647
0.273769
-1.77726
-2.35638
-0.914187
0.283995
1.66113
-0.872293
0.0346827
-1.13895
0.21053
-1.8262
2.15343
14.7894
0.0424204
-1.05593
1.06046
1.22314
-0.341281
-27.638
0.414465
6.5637
0.139291
3.02822
6.56591
1.32294
2.39038
-0.405233
0.0984885
-16.5967
0.761536
0.0505674
-0.51243
-4.69608
0.494948
-1.74681
-2.84902
-1.36459
1.4847
-6.84397
-5.60376
1.54945
-20.0537
-1.72912
-1.0846
-0.516314
-0.314301
-2.11998
-0.361408
1.58958
0.804297
-2.59387
-1.89726
-0.00451929
0.69919
-2.49968
0.342654
-1.03711
-0.277124
0.280147
0.307647
12.1929
-0.0911219
4.96189
0.24864
1.15281
-13.6599
1.90305
-3.14541
-0.477171
-0.687957
0.562601
0.361391
0.799121
-1.05666
-0.64604
-0.0403738
-0.0140767
-2.70434
1.77278
0.966324
0.373014
0.256876
0.292434
2.64432
0.0708969
1.72774
3.57948
1.3267
-0.867655
3.16491
3487.98
24.0474
-7.23939
0.137872
2.08357
0.168334
-0.409744
0.644151
0.559799
-4.57827
0.141435
0.341693
0.899877
-10.1035
1.25919
0.792741
9.5933
-2.34086
13.0574
-0.630938
2.00347
-0.812509
0.955923
0.852522
-0.772461
1.5274
0.994595
8.61798
-4.33405
-0.345922
-2.41984
-1.58757
0.740905
-0.00629879
1.2618
0.917901
-0.0543712
0.759374
0.376357
1.58871
3.26023
-0.0403134
-3.02764
-0.0791511
-7.68279
-2.18043
-0.161046
0.620161
-14.6565
0.71917
4.21656
0.824484
-5.47418
-1.56771
0.111982
-0.245995
11.3341
-1.65742
1.2097
-0.240535
-1.11326
0.538541
1.30688
1.11794
0.815379
1.45477
0.0652212
0.827418
-2.03428
-1.45654
-0.438747
-1.28934
0.878739
-1.21817
-0.198292
0.407041
-0.395732
-3.03319
-3.76753
0.406769
1.1466
0.420067
-4.82408
-0.593354
-0.794106
0.65287
0.168938
-0.349092
-5.02461
0.86905
0.856821
-0.252255
1.43769
0.102611
0.656108
-2.7793
0.255139
-63.6616
0.306561
-1.61037
-0.0506857
0.840999
4.47471
-0.245994
-4.31358
2.64185
-0.471943
0.648971
-2.60438
-0.0881645
-0.963403
2.03902
0.550368
-2.3705
-0.580113
-0.486317
0.356379
-5.41476
-0.105316
-1.94029
-18.1462
-1.40479
2.39774
1.02945
-0.263936
-2.16636
-3.72611
0.650168
0.00834536
-0.15378
1.25255
3.76963
-6.4352
-7.06756
1.73538
-1.03025
5.17507
0.0366466
0.891372
-2.25285
-0.0427161
0.396333
0.85384
-3.06319
-0.171683
0.640062
-1.54455
0.135655
0.381852
-3.24848
0.0229218
1.24265
10.5448
-1.37362
-2.43943
0.970218
-0.355305
-0.258061
-1.6062
-0.583871
0.170701
1.90872
2.00655
-0.308974
0.459542
6.90714
0.825961
0.676359
-4.59168
1.13505
-0.994808
0.357021
1.83913
-4.34397
-81.2278
0.689765
-0.0855978
-1.8273
-0.68486
0.361542
-0.195425
-0.662149
1.13414
0.562056
2.226
0.439468
0.961183
-0.580773
-2.08827
-2.60398
-7.02791
-1.09515
0.167733
42.7967
-24.2304
2.6983
1.11431
4.41297
-3.31523
101.383
-0.0316995
4.59011
3.19566
0.701969
-0.0799678
-0.0351851
-0.942586
2.82519
3.24583
4.94676
0.0595441
1.95585
0.239673
-6.65085
-0.872758
-16.8107
0.412826
2.91162
-0.736069
-0.0400244
-6.12013
5.27736
-0.363125
-2.50461
0.913317
8.41943
0.254269
1.04942
-12.9639
7.91176
1.57313
1.09167
-0.981056
-2.28572
-0.380616
-6.44979
1.33226
-0.63845
-0.628109
0.0120146
-0.48828
0.0800497
2.88375
-36.7567
0.0407577
0.0307468
1.25061
-1.25841
-0.445767
-0.597557
1.92158
-0.368391
4.81831
0.828556
-0.937074
-0.0914645
-0.657919
2.67147
-8.82366
0.259881
1.11633
5.38863
0.164669
0.982051
-2.98626
1.03235
-2.92964
-1.25099
-0.382569
-0.437703
3.57522
0.043036
-1.17057
-1.63364
-0.0339053
-0.722054
0.733647
0.779844
2.04956
0.961447
-0.644564
1.83481
-0.663159
1.83761
0.966861
0.587387
0.013277
-7.23058
-7.02528
54.7177
0.065299
125.572
-0.510364
-0.36756
0.0447701
0.537927
-0.114619
0.536815
2.44724
-0.418645
0.0588246
5.66512
56.2381
-0.24108
12.6609
0.0255951
1.20012
0.00564074
-321.097
-0.00553293
0.365897
41.9647
-0.642901
-1.37163
-4.33754
0.343817
-3.04852
-7.34116
-1.69978
-0.105968
-0.479963
0.194107
0.017078
-0.94167
0.121833
0.326578
0.997345
2.86874
17.1389
-6.28821
-20.7227
0.201676
8.74765
-4.57485
-1.30905
-0.0855101
-2.00588
-0.526314
-0.255007
-4.32899
-1.04395
-0.939725
-1.39148
-0.208825
1.23435
0.730956
10.4186
-10.9773
-0.993213
-1.71667
0.210441
0.142986
5.23401
1.26507
0.832404
-0.0518774
-0.982475
-0.822124
0.395534
2.07266
7.74643
-0.405523
15.767
-0.587475
-0.323204
-0.367794
2.06313
0.0774704
-21.3663
0.649979
-2.31731
1.09145
-0.204783
-0.555645
213.414
-0.252455
0.271327
6.49777
0.0177703
-0.59069
-2.12669
2.20925
1.76265
-2.49295
-2.49853
0.771334
-0.214977
1.85088
-0.123349
0.0788126
-0.279256
3.59529
1.20076
-0.79534
0.904522
0.539497
0.554352
1.68994
6.70387
1.25914
-3.30625
0.323135
1.23423
6.5147
0.51616
0.447393
-0.241488
1.30931
-2.35357
2.76184
-1.18364
-2.69806
-0.359104
40.8934
-9.36701
-0.386839
0.263708
0.710264
0.394903
-1.44442
-11.5625
1.60941
-3.63153
-0.27812
-0.100415
-0.104402
0.772446
1.36174
-0.529765
-0.200193
-13.64
-5.08507
1.05058
1.50595
-0.516299
-4.84269
0.094296
0.888708
0.120121
-1.40217
2.24891
-2.32962
-1.7223
0.0657136
0.461796
-0.032005
1.06698
0.839488
-0.112622
0.13966
0.825671
0.531373
-5.75346
-2.32533
-0.946579
-1.07209
-1.17447
-1.40385
-0.992617
-1.07128
-1.00596
0.714118
0.508832
-1.85835
0.42331
-0.181123
0.128493
-1.2679
-1.44619
-7.64491
0.549227
-0.194215
2.21814
3.65296
-0.273298
2.01129
1.773
0.929736
1.31756
0.455823
6.3687
-0.601284
-0.957304
0.708073
0.12073
0.913012
-1.39605
0.428426
2.15606
-1.08955
-1.09743
-0.289993
1.70502
-1.80844
2.2582
3.2346
-0.681798
-0.215227
-1.52421
-1.06702
-0.970052
0.156708
-0.63766
0.88013
-0.66328
-2.46113
1.99315
2.61702
-1.31485
0.450329
-1.66611
19.2364
-12.751
1.82826
1.94149
0.304877
0.318443
1.63485
-5.23037
5.07789
-2.63683
2.56652
-0.46388
-0.573931
-0.0753125
0.449837
1.54857
2.11053
-2.0713
-2.03442
-0.804815
0.122542
1.70116
0.472595
-2.79803
0.910539
1.54326
7.12251
0.64969
0.160143
0.798085
-6.11221
-5.03111
-1.87571
1.75822
-12.4142
1.66395
-1.62835
0.982918
-0.268268
17.527
-0.81044
2.20493
0.169425
2.4601
10.0804
0.667809
-1.37672
-0.361269
4.65614
-0.794518
-6.94599
-4.20171
3.53356
1.95981
1.10308
-1.0761
-3.91071
-1.6451
0.869001
0.73784
1.85257
1.40055
-0.807204
3.71401
0.73531
-0.337086
-0.481489
0.171925
0.108389
-0.225137
36.0822
-1.1381
-2.0111
-1.26366
-3.0802
1.0254
4.44539
-1.7801
2.62762
-0.15597
-5.86685
0.792561
0.814412
0.739159
5.82291
0.678822
0.115073
-0.105029
-0.530416
-0.525673
1.89808
-1.62788
0.00830001
0.806976
-3.70634
-0.393322
-0.0375561
-1.90644
3.15773
0.322358
1.80596
-2.78817
17.3771
0.113478
0.214567
-20.9841
-1.97067
0.155664
0.140368
-8.77072
0.987946
0.199567
0.707747
0.936254
2.50432
0.809652
-3.61483
-1.916
24.5061
-0.496433
-0.337319
1.96819
-1.47376
-2.01901
-0.751274
-5.39195
-0.369315
2.61556
7.38403
-19.8423
1.46038
-4.1918
1.21334
0.502577
9.21682
-2.91568
0.402567
-3.79924
-0.374608
-3.29741
-1.5852
-0.892236
-2.34967
-0.00344596
4.01711
2.17804
-0.169219
0.472651
0.895484
-0.824607
-1.08585
24.7564
0.490417
6.93688
6.5647
-0.00254189
-1.10785
-0.289425
-1.1455
0.982587
0.586501
-0.0593823
-1.40795
-0.198794
-0.542252
1.22684
4.85836
0.0889471
0.891191
0.253137
2.46356
0.314185
0.479643
-2.81569
-2.87178
-2.39883
0.248278
-3.54517
-0.779002
-1.67901
-0.777365
1.5492
1.44273
-0.531495
-0.0587819
0.753302
-0.140372
-0.358037
1.93918
-2.72971
-0.698716
-2.51297
-1.45961
0.885445
-2.72265
0.158193
0.311674
1.97894
5.83698
0.179274
0.360259
-6.30007
-0.192057
-0.654126
-0.239006
-0.161213
1.39643
4.14216
-0.455674
-0.329485
-0.429324
2.61353
-0.734814
0.978163
0.134034
-0.657085
-9.67328
0.969843
-35.1312
17.0784
2.13636
-4.98147
-1.19603
1.7201
-0.726957
0.744085
3.09385
-2.80463
-1.14767
-1.24269
1.80093
1.64075
-0.731751
1.23469
0.422075
0.614666
-0.646248
1.86082
-28.0189
1.82996
0.432326
-0.273406
0.252913
-0.339826
1.69441
8.62164
-0.424814
0.681122
0.344187
0.472145
2.03427
-1.04325
-1.10668
-1.14214
2.58933
-0.265271
-5.44475
1.3345
-1.36422
-1.35979
-2.2202
-1.67902
-0.145954
0.157604
-24.1743
-7.85108
-0.365382
0.982031
13.3036
-0.670646
-0.430173
-4.38557
-0.156689
2.033
1.51791
1.51868
-3.42268
-6.82544
0.897647
-0.311513
-0.681902
0.791318
0.76929
0.0578112
1.79308
-1.12451
0.399721
-36.8036
-1.43483
1.89522
-1.39332
0.624325
0.313969
1.18835
-0.165921
0.700402
0.00850164
-0.581983
0.879147
-0.528049
1.01246
0.12539
1.10097
0.168337
-0.73384
-1.09723
-0.222175
0.98669
-0.273728
0.894825
-10.2529
-0.510091
0.306789
1.97768
-1.54334
2.65633
6.13823
1.50787
91.2651
0.484107
0.18163
0.164112
-9.08181
0.600864
-0.606103
-0.221081
1.07498
0.238686
-0.221038
-0.312579
-0.0646961
-0.348475
0.355354
4.93981
3.10547
100.184
-1.33966
-0.0857624
0.406806
-0.570256
-68.9942
1.15984
-0.65834
-0.0317258
-8.40079
0.565392
-1.35152
1.61035
2.12775
2.00416
0.440659
-0.190172
0.28891
-2.50058
-2.80453
-4.62818
5.15317
-5.4162
-0.708574
0.0330291
0.467797
24.3768
8.90019
-2.89562
-7.57492
2.39202
1.78574
0.970145
1.26515
-1.2206
-0.405254
-0.324948
-0.0464114
-0.942873
4.7241
0.551927
0.981804
-0.310904
3.02107
-0.937899
3.67791
-2.02789
2.10081
1.00015
-0.3081
-0.587606
-0.420921
-0.787354
-2.32271
0.112414
0.311395
-2.19163
1.08863
-0.731734
-2.3872
-0.231789
0.922905
-0.821827
1.66337
1.91613
6.97905
-0.583074
0.220698
-0.951039
0.300176
0.440514
0.0889139
-1.33642
-1.58035
-0.196756
2.4103
0.063091
-7.54347
0.527301
0.523868
-64.4135
0.884632
-38.6078
0.0179509
0.738793
26.3443
0.249184
-0.495013
-0.15441
0.942472
8.29295
3.39347
0.618677
-0.221306
0.81287
0.64312
0.981746
-0.0617877
-2.03254
-0.193876
25.308
0.34471
3.14426
-1.71367
2.40258
-0.0952111
-13.4449
0.377393
0.165964
-0.684484
-0.209253
5.08284
0.376768
-0.853999
-2.2837
0.348772
-1.31243
6.12244
2.73291
-2.29589
-0.0679042
12.081
-2.64564
0.611929
-0.601372
-3.46651
-10.8226
-0.604253
-5.51642
-0.601888
-1.17962
-0.915748
-0.487481
1.48107
1.00487
-1.44202
1.85747
0.653752
-1.42679
-0.190735
-0.58262
2.55382
0.145597
0.384249
-0.376251
-0.160006
37.7979
0.123523
-0.537138
1.38614
-0.517738
0.543736
1.03769
-1.02299
-1.5772
-2.26489
-2.71148
-0.360286
-3.34473
-1.13466
1.96138
-0.499648
0.558883
-1.99945
-0.97096
2.06054
-0.23011
1.35837
-2.79319
7.07457
-0.287203
0.22264
44.069
55.7623
1.2619
-0.530746
0.91063
0.572858
-0.11439
1.89821
-193.145
-1.10594
-30.8274
-3.99766
0.414062
-0.0891391
-0.914545
-0.921245
10.1589
-5.02634
-0.567998
3.20921
1.03566
9.43794
0.478556
0.690171
0.840789
0.36124
0.487983
-3.21111
-0.361845
-0.0351658
0.0553176
1.85741
1.08705
1.70356
-0.344386
0.0552658
-0.585595
15.9587
-6.51739
-0.452187
-1.45516
-0.220239
-0.78002
0.431054
-0.287614
-0.356359
-0.365649
-0.547155
0.480263
-1.28674
0.841858
-0.320815
-11.9084
2.2642
-1.8904
0.990679
-2.7115
-0.565776
-0.946808
6.7759
1.74029
1.40727
-0.658312
-5.36328
-1.35375
-1.38378
0.917114
-0.368178
1.29765
2.03067
-7.53446
4.00162
25.3951
-2.99552
-2.56557
3.6856
1.12442
1.1628
-3.8357
-0.537425
2.2929
-0.0502803
4.4347
-0.081226
0.535263
0.116117
-0.694257
-0.876198
-2.11056
0.128071
0.600064
0.468271
-6.6612
0.574997
-0.346626
-1.24296
0.828135
0.547849
4.26302
0.524681
0.0654589
-1.4676
-11.6138
3.68483
0.405721
4.51864
5.87681
1.1987
-4.23579
0.352281
0.127959
-0.240124
-22.4045
0.323287
-0.192937
-2.04589
1.8537
-1.31895
0.201592
-0.651202
-2.3428
-0.41695
0.321472
1.40415
-1.53645
-0.619852
1.80862
0.168374
3.25944
1.69809
0.0356376
-0.892639
8.4866
-0.423055
24.9954
-1.40198
1.72286
-4.76797
-0.861001
-1.02177
1.23746
0.962346
-0.290178
-3.66734
22.4897
-0.559824
0.553675
26.7638
-8.98828
-0.266999
-1.50306
-1.6495
-1.73854
2.14838
3.77774
3.90387
0.643013
21.4825
3.60747
1.27246
-0.349677
-0.182748
4.99819
-0.126876
0.161667
-0.513934
3.92378
0.660352
0.827599
-2.50788
-0.712326
-16.8614
24.18
-1.15778
-2.958
0.689963
-0.757801
13.4878
-2.1441
-1.9115
10.0144
-2.32405
-10.4619
-0.514263
0.160204
-0.678471
542.641
-0.733063
-1.04674
-62.6627
-1.72713
4.98862
0.25472
-0.850919
-1.38996
-1.17678
0.130126
-0.18994
0.993103
5.14529
-3.32275
-0.944611
-6.11181
-0.874599
0.157575
-1.20674
-13.447
0.806316
-1.53493
0.463713
-1.89138
1.52506
0.365606
-3.13207
1.02594
-0.831669
-0.215885
0.169021
1.47004
-3.84518
1.06374
-0.113053
-1.03134
0.830425
0.0842766
1.16477
-12.726
-5.15616
-2.44182
0.86156
0.330786
0.921104
1.42126
-0.924421
-0.294833
-0.0856102
-4.66272
-0.071546
0.634848
-0.217423
3.22084
0.633978
0.674662
1.42178
-1.46286
2.85927
-0.70294
0.0525473
0.200368
1.11341
0.267672
-0.321543
4.558
-4.23472
0.42623
3.3281
-0.278424
-1.84246
-0.122915
-1.88536
-0.332326
0.244992
-0.367123
-0.28196
2.18497
-1.60548
0.566061
-5.95913
3.20415
-1.02038
-1.13977
1.45917
-0.622403
-1.12493
-2.37986
-0.147921
-0.0329343
-0.362399
-0.411016
0.0620634
-142.943
-0.517235
0.608847
-0.908065
0.230757
1.24649
-0.409737
-6.14956
0.350526
0.531819
0.421956
-0.525562
-0.239019
-0.826363
0.704805
-0.506767
0.105407
1.28674
-0.247496
4.93439
0.728127
-0.646659
-1.60313
-0.963403
-0.438271
1.61338
0.539523
0.226489
-2.07505
-0.0448382
2.41374
9.05489
-0.291285
0.649655
-0.621102
2.20979
-2.09372
0.320688
1.62272
-2.44451
-1.7372
-20.1018
0.96436
-1.0186
-4.24021
-0.344794
0.156649
-5.93229
2.10544
0.400387
2.87964
-0.252053
-3.01971
-0.739561
1.06862
-1.1446
-1.64926
0.227934
-1.15824
1.22083
-0.474437
-4.1681
0.0722476
0.540176
4.10781
2.31919
-0.527556
-28.153
0.044967
0.765364
0.358034
-1.34716
-4.42836
-0.534091
-1.27948
0.329683
-2.23723
-1.96264
0.17632
-0.548686
1.59671
7.30571
0.810547
-5.29472
-0.0754081
-0.337015
1.72528
0.178174
-145.831
0.464035
0.730683
-408.418
2.6422
-0.273309
-0.112479
-7.41816
-0.958924
-10.9053
-5.10048
-0.483189
428.259
0.800687
1.28528
0.276958
-0.298814
0.96487
0.716051
-7.10574
1.35632
-3.44252
4.42323
0.663003
4.78027
-6.40679
2.92808
-0.0511532
0.0548385
-0.139919
0.255158
-0.524751
0.56082
-2.14737
-0.158804
-0.142606
4.86294
-0.733716
-0.28565
-0.758112
1.55521
-4.37397
0.466715
1.23892
-0.0763517
-0.193123
-0.798276
-1.07521
0.744535
0.0945571
0.761922
-5.46918
1.66576
-1.40829
-0.130482
0.0701913
0.465996
-0.235603
-4.93508
-0.502475
14.4342
0.378069
-0.639644
-0.538897
-0.640838
-0.686729
-1.0467
1.17066
0.513419
-0.5825
-1.32233
0.358562
-2.11431
0.762028
-23.4439
0.82045
0.0510266
-1.37341
0.0942979
3.82441
-0.435408
-31.6094
0.46617
0.156567
0.670463
-1.59474
0.969941
1.96257
0.428911
-1.14182
3.47749
1.71417
-0.544146
2.12697
0.0904494
0.949761
-0.952627
1.53683
0.547744
0.880695
0.481723
1.45447
-0.162415
-0.738939
-1.30214
10.5891
-0.592263
-2.19508
0.300946
-2.06625
-0.696918
1.84123
-0.723726
-1.47483
-0.0456026
-2.35458
-4.2269
0.292296
0.413263
0.732369
-0.355413
-0.574603
-2.87872
13.55
-1.52864
3.23994
-0.16575
3.3893
0.973122
0.699353
-0.330937
-0.988046
-1.725
-0.357267
-0.353551
1.09756
0.0417215
1.51184
3.44759
-2.07598
4.82764
-4.57696
-1.12148
4.01523
-0.902489
-0.00174656
-0.129176
0.644325
-0.816826
17.8451
-2.04003
1.41543
1.99415
1.02097
0.29785
1.31934
0.12764
42.1784
3.14092
0.573308
1.51818
2.29193
-0.21611
-0.957489
0.281947
2.80439
1.63695
-2.19052
3.66493
-2.82247
-1.09125
-0.598179
0.319477
1.27594
-0.507849
-1.08305
-2.58743
2.02018
6.40439
-3.09218
-0.106295
-1.1706
6.11463
-0.711542
-0.623604
-1.34468
-0.0298294
0.18486
-1.2686
-1.694
-0.320197
-0.745711
-0.889331
0.457387
0.812107
-3.79073
-1.33984
-14.4273
-0.347969
3.00017
-2.86773
0.326559
-0.342111
0.751298
3.83789
0.807262
4.14375
-12.3339
-0.424914
0.515237
-0.148751
-0.26017
2.85134
0.145081
-2.81464
-1.79442
-0.755013
1.63581
-0.396036
10.9541
-1.59036
-12.0616
-0.402302
-0.0168661
4.17098
-0.192587
5.00771
2.13879
0.226026
-1.30506
0.317443
-2.51319
2.44067
6.01726
0.934486
1.16442
-14.0906
4.07023
-0.847831
20.9917
0.451112
-5.4221
1.81068
-2.30228
2.16141
-0.813514
1.17808
2.4498
-0.59178
0.730519
-3.17919
-0.446032
1.80717
3.91325
-0.971152
4.44991
2.89676
-0.538366
1.39104
-0.0993129
0.298237
-0.985044
2.64229
1.73212
0.596468
0.859332
1.14515
5.62882
8.80025
0.697998
-0.624732
2.07381
-9.5479
-3.12406
-0.306706
0.0241728
-0.479668
-2.98883
0.762221
0.0805473
-0.257231
-4.13867
0.467758
-0.844838
1.19151
-1.13749
3.62451
2.28586
0.24488
1.06506
-2.99641
-3.05306
-1.03447
-1.71783
41.7659
9.26118
1.34271
-0.536643
0.736732
-1.50078
-0.31416
-0.120472
-0.58622
1.04218
0.557592
9.01251
-0.380547
-0.575167
-0.0979613
-0.987936
-2.44205
-0.572088
-0.520612
2.02441
0.0251358
8.0315
-3.65646
2.01345
-4.59061
1.0913
0.113617
0.360902
0.150028
-0.150307
-0.429048
0.672982
-3.30688
-2.54539
-0.0500448
-0.435871
0.223428
5.47202
-2.40038
-1.82075
1.23323
-0.646587
654.932
0.493962
3.41087
0.417446
-1.44933
4.53879
1.0202
0.745093
-0.00870665
-2.10167
0.128823
2.45165
0.056701
0.8651
3.02597
0.507252
0.436117
0.6943
-0.320957
14.5199
-1.78454
-0.414712
-0.662709
0.308068
0.0170612
-1.08199
1.84785
0.412306
122.033
0.522136
-0.611672
1.00245
1.07422
-2.30953
-1.10046
-0.453232
0.836974
-0.216061
-0.598531
1.971
-1.23229
-34.8183
2.88721
-75.3643
7.11015
-1.73069
0.546072
-0.432677
0.045476
1.50848
-2.11873
1.56563
-3.63003
0.776186
7.67477
-1.10797
-2.78728
-0.0916994
-0.27615
15.7968
1.98996
4.13167
-0.852017
0.119585
1.27913
0.543263
0.44204
0.372488
-0.512358
0.305039
-1.9716
0.648704
5.29832
-0.741535
-0.343326
-0.60815
0.32378
0.408174
-0.29751
3.65906
-1.03735
0.466112
-0.664712
0.782258
0.277768
0.79323
3.21637
2.50834
0.296895
-4.77214
0.434171
-0.740764
1.08176
-0.0926182
6.16217
0.146725
0.791411
0.830656
-3.53881
-0.47864
1.46644
-0.585869
-1.86731
-2.55653
0.24057
0.291174
2.3837
-0.9176
0.381495
-1.2021
-0.715508
1.71409
-1.8308
-0.337016
0.193685
-0.787496
3.84974
1.64388
-0.845496
1.43743
-0.122723
-0.333963
-0.237767
-8.4154
1.23971
6.52419
0.227837
-1.85793
-7.42295
1.34169
-3.41532
-351.638
-1.69637
-0.0907073
0.0153211
-11.2788
-0.024701
-1.72477
22.8327
3.37191
-1.23604
0.599878
-0.551617
-3.01666
3.72259
1.49012
-2.59132
-0.305894
-1.09792
-5.13641
4.30331
-0.500353
-0.316139
7.20417
0.322358
-1.31714
-0.350866
-0.539392
0.0301107
1.20595
-3.18096
0.186316
2.18208
0.0288123
-0.524364
0.579048
0.677192
0.071818
-2.72481
-1.07572
3.88303
-1.27167
-0.939727
2.5402
-0.909229
4.50562
-1.21847
1.38441
2.15808
-3.68137
-5.4712
-0.4301
-0.472277
3.6337
3.31542
0.462854
0.125987
0.396551
-0.26118
-0.72664
0.882945
2.21556
-5.78523
1.94996
-1.70785
-1.41059
0.670218
35.5399
2.046
-0.836961
0.44721
0.778262
-4.32185
-0.0479155
0.345033
-7.43763
1.9719
3.29767
-5.33271
-7.70117
30.0542
-0.822701
0.0328574
24.632
0.601239
-0.06508
1.74579
4.01932
-5.59192
0.608626
-1.46809
-2.68863
0.481254
0.406316
-0.460062
0.629044
2.67395
1.97719
0.515294
0.430083
-0.529303
0.633274
2.54542
-0.873174
2.06068
-0.938724
-0.439431
-0.42232
0.0536811
0.819738
2.26161
0.268079
-0.102168
-1.43773
17.6346
2.97588
4.6697
0.0705161
-0.737054
-564.406
1.11979
0.489611
0.453091
-1.16176
-0.609836
-0.294738
-0.0268476
4.026
0.705135
-0.913781
-0.579166
0.510232
-1.98671
0.630308
0.325416
-8.43534
1.87365
1.52307
0.2868
-0.00178123
0.838927
-0.84925
0.280964
-0.966563
0.16907
0.747465
-0.416804
4.387
0.975529
-0.106071
-2.30732
-0.883918
1.98721
-0.561896
1.65103
-3.65228
-0.537723
0.00381998
-2.01826
1.35861
5.03318
2.10033
1.8784
0.773609
0.254869
-10.8545
-0.794622
0.418388
-0.604464
-13.3139
1.58012
1.32585
0.838392
2.02201
30.5108
0.486328
0.909833
-1.01881
-0.0380637
2.11444
-0.177035
-0.182448
1.41643
-0.346077
-2.71618
-1.24778
1.21788
1.38413
0.766797
-5.1596
-2.04208
7.44202
-1.75841
-2.18194
7.18346
-0.163334
0.553044
0.135714
94.8509
3.25763
67.5045
3.77089
-0.153291
4.85632
-4.75396
1.07351
2.9055
-0.169071
0.712068
-0.00667746
-0.732932
-3.20092
0.749193
-1.16706
1.69817
1.50509
-1.33669
-1.87696
10.2305
0.008551
-2.06491
-2.65043
-1.85187
-12.2036
1.71323
5.32957
-12.7871
-0.853433
-0.174953
0.0262256
-0.533006
-3.34566
2.76941
0.220895
-0.836111
-1.27592
-7.10782
0.831866
0.993378
1.43947
0.728236
-0.148925
0.709905
1.22835
-0.929493
-0.922402
-0.401634
0.736236
-0.0572917
-4.04933
-1.08556
-0.378404
-1.25659
0.666871
1.32907
-23.6362
1.16511
-0.159918
7.985
0.104691
-1.21326
1.63065
-0.226382
2.21723
0.626754
3.16374
-0.511889
-1.23074
-1.19379
-0.5257
-4.61584
0.255428
1.05195
-0.606584
0.160761
-1.54617
0.120925
0.560475
0.0278673
-2.6452
12.0168
-1.7499
0.143967
-0.169718
5.15549
1.96808
4.38702
0.181355
-13.1948
2.2185
-2.83152
-2.15056
-2.97083
-0.309487
-1.10527
-0.52592
-611.491
-0.160134
3.15725
-0.558438
0.372127
-0.0189443
0.296562
8.84791
0.76055
-11.3043
-4.48084
0.454167
0.898629
-1.645
-5.75672
-0.890484
-1.12712
-0.0815358
-1.1306
26.8662
-0.217334
-61.2449
0.554016
-0.543817
-35.6011
2.87462
0.316123
-0.945117
-0.867649
-4.57452
-1.48741
0.017854
-13.1157
-0.0602877
11.9791
-0.955846
0.0870213
0.832552
0.370224
-1.26304
-0.373992
-0.782377
-0.936997
13.7772
6.99142
-4.61139
-7.5167
3.05112
-0.276265
0.853023
0.886455
0.515499
-0.0628844
5.77305
0.41869
-0.30988
-3.84296
0.550358
0.867494
0.790853
13.4709
0.691861
0.585194
1.65842
0.688235
1.4181
-0.750704
0.257589
-0.386523
7.30848
-1.07969
0.857972
-1.50412
0.0761198
-2.07132
0.19268
0.0260585
1.75857
-0.992946
0.167819
-1.38393
0.395872
2.04003
2.56153
-0.0299891
7.7415
-0.217583
1.52918
1.70266
1.25864
181.159
-0.304661
-0.533864
-0.659162
1.25025
3.24772
105.929
-0.626563
-0.489695
0.496212
-0.1802
-1.67737
3.30445
0.403319
-2.53519
-0.938629
0.0615741
10.4181
-1.53917
10.0692
3.98292
-4.03231
-4.12919
1.17456
-1.37824
-0.411776
0.757274
0.0589378
-0.0198077
-1.0735
0.269897
-2.23598
-1.15144
-0.100965
-0.350999
-0.00884018
0.944521
-2.219
-0.899763
0.450504
0.336418
1.16843
4.75637
-4.14626
-0.565597
-0.109234
-10.904
0.350207
0.0644197
-0.0740206
-1.75312
1.09788
0.563088
0.97229
-2.0466
-0.400862
1.45544
-0.380936
2.08213
-0.00433802
0.567267
0.163624
-0.265377
-1.27195
2.42175
0.19779
-4.49305
-0.686972
1.04087
-0.65409
-0.0399095
11.0957
-1.72426
0.525486
0.912546
-0.130255
-0.924079
1.19854
2.79953
2.66278
0.391828
0.167115
-0.986629
2.4663
0.445995
-0.0350816
0.523018
1.54307
1.22243
0.1606
-1.34556
-8.64888
0.84129
-2.94586
-98.7519
-1.37707
-2.7312
-0.393502
9.2683
-0.467242
1.37701
55.8032
1.99829
1.1872
2.10664
2.75073
0.218616
-0.00276327
0.634088
7.65672
-0.15885
-3.49929
-0.347585
-1.68019
1.53023
0.706928
-1.13566
2.2785
-0.28776
1.10537
-1.31204
-5.9911
4.36643
0.00625892
-1.17024
0.278322
2.85116
-0.281294
-0.552809
-2.14341
0.519941
-4.90524
4.64713
0.0920865
-1.02316
-0.606013
0.58151
-7.62311
2.5936
-1.94249
3.03303
-1.2892
-0.275241
-2.02193
0.220911
0.720409
-17.7518
1.84033
1.23612
0.558895
-1.23408
-1.17721
-0.24199
0.527234
-0.251974
0.591512
0.360846
-1.10521
-0.519429
0.935892
-49.4432
0.251307
-0.575701
1.31932
-2.73251
6.33128
-0.707085
0.320331
1.31446
3.34319
0.517882
2.64416
0.962907
-4.36167
-0.247655
-14.7677
-1.16235
0.0430203
0.539216
0.30639
0.701385
10.6988
-0.453139
0.459282
5.89535
-2.94676
0.273945
0.308166
-0.0805182
7.3337
-18.9204
10.8278
10.2912
-0.479826
0.394327
-0.187387
2.34374
0.537634
5.37254
1.08016
0.0884413
0.0119592
0.558141
-1.21935
10.5739
-0.431357
-28.4291
1.31089
2.91699
1.43385
-30.9465
-1.42243
1.09294
1.14961
0.979756
-4.44882
0.489302
0.00282666
-0.273435
-0.963223
-0.469467
-0.42544
-0.225356
0.514432
-0.0532258
1.88705
0.606777
0.933333
1.44676
0.251928
-0.976606
-1.52816
-14.9308
1.61116
-1.14442
8.20479
1.27711
-0.9803
0.639211
0.706924
-3.56256
0.188928
0.196135
-3.81401
1.54277
-1.73612
1.47437
1.58056
0.386858
-0.750269
0.615938
2.31096
-0.570489
-0.548599
-0.852858
-222.075
-0.455763
0.23031
2.65349
-0.0175345
0.143539
0.0889916
-1.27296
-0.350833
-0.752496
0.138387
0.0786866
2.05516
-0.93091
0.863338
0.428085
1.26186
0.676761
-0.0357951
0.596568
11.0121
0.592616
-0.455677
-1.23594
0.257303
-1.51478
2.27873
-0.484459
-2.45378
0.346912
-1.53724
0.86633
-1.08707
0.445525
3.40138
1.11738
-0.291659
0.713811
-1.31692
4.73119
0.514308
35.338
-1.3962
1.27565
-2.63939
0.873115
-2.2356
-19.75
-5.83953
29.3244
-0.4741
-5.06336
-6.08003
-0.554696
-0.809309
-0.0148748
-1.49652
6.12361
-2.37587
2.61529
-0.340277
0.144605
0.567377
0.0817164
-0.17749
0.471417
-24.2817
-1.03798
-1.90101
-1.91641
20.3393
-3.13427
-5.9109
14.3612
0.994622
0.571292
0.479024
8.72611
-0.258092
-4.30345
-0.84887
-0.0324961
-9.38422
0.107898
0.780514
-658.471
-0.859772
-0.346887
0.694675
-1.0052
2.32383
2.49673
-0.470416
0.721697
2.1904
-0.343377
-0.0739579
-0.299611
0.0360084
-1.84195
0.261452
0.218552
28.6649
-4.29457
3.09191
-0.946251
-0.187665
0.753258
0.446161
-0.507813
0.291348
14.856
-859.351
2.15839
-60.8451
2.98453
-1.05579
1.7578
-0.582761
0.720879
0.0383447
2.22182
-0.517984
0.849552
-0.226222
-20.8912
-0.348181
-0.339107
0.124248
-2.29807
-0.024686
0.987252
4.09703
-1.46298
2.32869
-0.054895
-11.3154
-0.060752
-0.669341
-8.48044
0.39067
-0.839058
-1.34666
5.61833
0.207614
-157.254
-0.614347
-1.17023
-0.15361
1.17765
-2.33177
1.21129
1.9178
-1.37137
-0.276746
-9.72398
-0.848029
2.9694
1.79814
-10.2762
-0.780766
-0.394813
3.90503
8.85528
0.391892
-6.25227
0.764306
4.04178
1.90374
-0.0809641
9.41551
-1.0519
-0.314579
-0.227883
-31.2326
1.33095
-0.156142
-2.69277
-0.0770063
0.910886
-0.818252
3.02678
10.1209
-1.2647
-0.340393
1.01183
0.598545
3.81271
8.53378
-0.255646
10.1283
2.36219
0.826597
1.04581
-3.70822
0.681569
2.70005
4.22083
2.82012
-1.51596
0.698831
11.9083
4.85731
1.91752
3.05326
0.167001
0.82358
-0.0688382
-0.0492852
-1.63625
1.21821
10.4581
-1.60734
0.18319
-1.09832
0.59596
4.97432
-6.14538
0.447036
0.175928
0.0648636
-1.65863
-1.42463
7.94312
3.10567
3.65172
2.02745
-0.337675
1.08333
-8.17761
-0.78042
-0.650615
1.1623
-10.0858
1.66888
-13.2174
0.119715
-4.47047
-0.444455
0.442713
0.196045
-0.836938
0.907857
2.11151
0.741697
-1.04016
30.7895
2.0754
1.04443
-0.234696
1.85781
-1.31312
-0.972857
1.05736
2.01539
0.824105
-0.144203
0.0902288
-0.194899
1.03632
-3.26716
-0.564638
1.65494
-0.55326
0.074373
-0.102027
-7.88952
-0.147052
-0.28074
-0.447019
-1.40364
-0.627326
0.679944
1.04429
1.83887
1.25126
0.62012
1.90143
0.990286
0.358057
-0.62633
18.5872
0.763768
0.680299
-0.53749
0.874522
0.547374
-0.164202
0.178334
-0.469448
-12.0293
-3.19904
-0.548408
-0.124277
0.641785
-0.463004
0.0184404
0.444681
2.62387
0.927307
0.017426
-0.342104
-0.984018
-4.99714
-0.20268
-0.839794
-0.259383
-1.86014
-5.52593
1.97754
0.286973
-8.40557
68.71
4.71849
-1.04245
-2.37575
-0.0595964
0.506476
-1.0667
-1.16754
0.616086
8.38648
0.411936
-1.48746
5.69148
-0.720989
34.2656
-0.186419
2.00507
-0.060619
-0.27216
0.564258
-0.664411
-4.2501
-2.73022
-1.71046
-1.40849
1.85705
0.180067
0.973549
0.0726803
0.955963
-0.435192
0.929363
0.321467
-3.63263
0.822679
3.4384
-0.200853
-1.13725
5.15705
0.447482
0.451275
0.107108
3.85579
2.82081
0.247788
0.316069
30.5499
-1.70671
0.906023
0.390111
-1.42973
1.35274
7.44894
-1.0477
0.330729
0.840535
-0.992453
0.703441
0.780799
-4.17574
0.6845
0.378422
-25.9381
-2.49522
-0.488071
2.88029
7.41354
2.80942
-2.1864
2.04205
-1.93556
-0.617925
0.560696
1.0965
0.601966
1.5219
0.487898
1.05917
1.07929
1.2675
0.614728
0.670846
1.54892
1.32537
-0.299606
1.65023
-236.913
-0.126127
-1.05456
0.0770398
-1.18132
5.16328
0.293707
0.227192
7.44329
-0.857156
-1.09939
-0.458671
0.252728
0.32775
0.743534
-13.673
-1.24966
-0.364164
0.74287
-7.35383
8.10532
-0.481671
16.4254
-0.810084
-0.143453
-0.152806
-0.280577
-6.4718
0.335424
-6.99545
-0.534065
-751.195
-0.0320557
2.02071
-0.445989
0.742129
-0.488564
-0.634825
0.698032
-0.68921
-0.138104
2.70868
5.56168
2.02319
-0.766325
0.137249
5.30003
-0.252604
1.71412
-2.32266
5.30917
0.0700224
-24.7684
1.46602
-30.1636
0.0494547
0.261336
0.726056
3.25166
-1.14988
-0.92744
0.760058
0.545148
1.08986
-26.1167
-0.588406
4.01504
-0.815518
0.0181928
-4.43567
0.585003
-3.22715
-1.2522
6.32004
1.1775
-0.996245
-0.557491
0.0701452
-0.165692
14.0545
1.14575
-1.18462
1.03618
-1.92701
1.17489
-2.30591
-0.463333
-0.693904
0.547662
-0.908615
2.13373
0.806094
-0.0281993
0.297199
-0.646231
2.56542
-1.22997
1.20505
0.25968
35.189
0.670466
3.30656
-10.8479
-0.248482
-1.40441
0.191846
-1.92889
-0.237084
-3.83611
0.0943942
-0.316195
1.08519
-0.503104
1.80938
-0.0901871
0.523409
15.5386
2.43817
-66.6965
1.0144
-3.60103
1.14187
14.6074
-0.627273
0.00239236
-0.271393
-1.3899
5.30586
2.54242
0.256192
0.116432
-0.631435
21.0757
5.34045
-0.728343
-0.792587
-2.31048
-0.474671
0.829424
-2.98257
1.12604
-0.849105
-1.93158
2.33815
-0.478739
-6.80475
5.73039
1.54737
0.0485539
0.234757
-2.40229
-8.15443
8.40224
1.59502
-0.210609
-2.11207
-2.02423
8.8562
2.25621
-0.931038
0.460654
3.82731
-0.447502
-7.70511
-0.763849
-0.328107
0.127444
-3.41324
1.72298
-4.86236
-2.66527
-20.2124
0.033481
0.872599
0.378346
-0.142932
1.02938
-1.11334
-0.138061
3.05205
0.909851
-1.55366
3.95277
-3.72494
0.972355
0.557953
-3.9354
-5.37144
0.168899
7.66557
38.4438
-1.31462
-0.887192
-1.57709
-0.814849
3.41701
-0.0872834
-45.921
0.132687
-0.0486925
0.336811
-1.92208
-0.0893175
-4.51648
0.314429
0.791164
-0.626052
4.44398
0.183012
-1.97724
0.59942
3.18563
-6.03913
-0.436094
-12.652
0.230635
0.0999298
0.283868
5.88428
0.612306
0.998009
0.902344
0.701228
-0.544314
2.04156
0.173734
-0.489
3.98939
1.098
-0.409053
18.9312
-1.82941
-5.7308
-0.306233
3.78991
10.6602
-1.14443
-0.221765
-1.45606
4.36993
0.472438
-0.869255
-0.106098
0.643949
0.405498
6.52847
-0.604157
0.0815302
-0.850658
0.31774
1.08942
0.867661
1.22998
0.861698
-0.269724
-0.925811
0.624728
5.72686
0.0956799
1.25886
7.84842
-0.0105219
-119.925
-1.73619
0.333428
1.35845
-0.304448
2.43287
11.4745
0.220092
-1.98598
-0.485832
-0.434953
3.72108
0.180423
1.16216
2.62887
-3.09639
84.6632
-4.05173
-1.6418
-2.15946
2.87751
3.18874
-0.429014
0.727275
0.215112
-0.742529
-0.546209
-12.7355
0.0770892
10.4545
-10.4002
52.5514
-0.308131
0.50691
0.200762
10.5102
-3.13363
0.280306
-1.72608
184.828
-0.376839
0.618437
1.69457
0.202883
2.8693
-0.585817
-5.43375
-0.132031
-0.923682
3.97359
-0.390823
-1.88386
0.142679
0.251511
1.31659
1.7225
-0.765708
1.13619
-3.00937
1.04099
-2.60389
0.386024
-5.86695
-4.3586
1.94911
1.81319
0.519277
0.0581459
0.311356
5.88681
-0.188308
0.127185
-0.337099
1.01974
-5.23876
16.1354
-0.663743
1.81746
4.08163
2.02686
0.0571846
-6.67588
-0.81214
0.458991
1.71207
-0.0577515
11.1517
-1.09656
1.74341
2.00889
0.778202
-1.30051
0.404668
0.163259
0.00508657
-1.16041
-2.50949
0.692083
-1.46916
-0.448122
-3.89703
-1.04584
1.60134
-0.0399733
0.954299
-3.63204
0.856065
0.756693
-0.450469
0.0274741
-0.626771
-3.38615
-7.16407
-0.0766332
2.10237
-0.585008
-0.164234
0.418622
-3.67169
-0.0451172
-0.842667
-0.590496
0.745729
0.493
0.748756
-0.509512
-2.75642
0.828034
5.76207
-2.42702
-10.4887
0.990408
0.268683
-0.201565
-4.72272
-0.128065
2.38864
-3.70396
2.68338
-1.30552
-0.253443
-0.639339
-0.193401
0.18512
0.0295771
0.0744276
0.718641
0.844432
-0.0420725
1.13782
1.1906
0.491136
0.758296
-0.30902
0.271807
5.25863
-7.9131
-0.300877
-2.41515
0.882482
1.54742
-0.578069
-0.690149
-0.0175914
-0.0639811
-1.36563
-3.22046
0.397899
0.0993428
-1.42068
3.35743
2.35414
-2.71468
-1.04987
1.25449
0.159322
0.26405
-0.435974
3.74632
-0.0328527
-0.252214
4.55056
0.75493
-0.178285
0.345837
0.727753
0.218659
0.887957
-0.952847
1.28487
-0.0954529
-0.80732
0.0727571
-0.461035
-2.9197
0.621033
0.00612152
5.64478
2.14913
-0.0525607
-0.759815
1.41878
0.884082
1.23157
-0.625821
0.1619
-5.39085
0.732878
3.13765
0.463341
-1.1598
-0.244683
-0.421402
0.125127
-3.53427
0.03736
-0.96139
-1.09681
0.0178773
-0.162539
-0.0956876
0.284037
-1.42478
-0.302717
0.813275
0.138768
9.26623
1.34154
0.276651
-6.48553
1.11678
-3.34486
-0.534292
3.04544
6.5588
0.122919
1.18772
0.0132227
-1.61076
1.83161
0.158747
0.791419
0.466543
14.2159
0.889924
2.28
-7.00064
3.15412
-4.96498
-0.152664
-0.36148
0.0756705
-1.63127
-1.94746
0.60438
0.0773946
-0.404731
-0.830165
0.507717
-285.381
0.208015
0.479837
1.37088
0.613089
-34.9796
0.0820515
2.70595
-0.0108508
4.66497
-2.69989
1.66503
0.589632
-0.628371
0.652017
-1.24934
-0.521855
-0.624703
1.48156
0.291574
-9.50334
6.48714
-0.728779
0.617522
-0.67197
0.246339
0.722766
5.6786
0.803215
-1.03758
1.24927
-42.2932
2.53754
0.00628745
8.71473
-6.73757
-34.4095
-0.67005
-0.161788
1.25693
-0.207526
-0.189994
0.90958
-2.01363
0.413577
0.320645
0.770369
-7.53933
-0.486866
2.11854
0.00469736
-82.7785
-2.06055
0.437399
-0.116052
7.41984
0.627537
-1.01251
1.34002
0.251062
-67.1518
3.93269
-1.12304
-7.85156
-1.14372
-0.487366
-0.784018
0.169133
1.7449
-0.243683
-0.977177
4.15488
0.432492
0.71377
1.05574
1.80531
2.68969
-1.8757
-0.172014
-1.89621
1.17644
-2.94626
-0.714637
4.4037
-3.61356
1.82685
-0.115267
0.781599
1.64814
-0.358242
-0.785227
-0.831312
25.0769
-0.283476
6.68298
-2.39965
-0.888946
5.26549
-0.680727
1.16463
1.11474
1.50029
1.65306
-0.599541
-2.45309
1.35795
2.00826
-25.8528
-1.30792
-3.28397
-0.185843
-0.107315
0.206007
-0.246857
-2.28986
0.337187
0.510009
7.33779
-0.657999
3.86423
1.22103
-1.72038
2.37985
0.605477
-12.9714
-0.353478
-3.56767
-0.99979
-0.222999
1.73066
4.63093
0.0274752
-5.76818
-0.475346
-0.551294
1.2966
0.743357
0.908934
2.38146
-0.338746
17.2397
-0.510736
-0.332279
-2.59042
-2.25465
3.01693
0.963409
-1.08611
-0.390617
-1.66674
-1.09769
4.12052
-1.49842
-0.757461
-1.64521
0.584088
6.59613
0.219483
2.12776
-0.564625
-4.3395
0.514139
1.54228
-0.782889
-1.49114
25.1145
-0.450009
2.07244
0.269606
0.196211
1.55763
0.235987
0.717044
0.107451
0.391098
0.691535
1.88156
7.58805
-1.3353
1.07307
-0.14278
0.0452678
-2.21197
4.09732
3.55388
3.40181
6.64055
-0.00950465
2.01933
-1.12602
-0.752919
2.3265
3.27097
0.198357
0.300064
1.78803
13.0128
0.326349
1.44655
2.55677
3.37033
0.49561
-2.01239
-0.342844
1.06826
-0.810001
-2.14168
2.16271
-1.5995
-0.352608
-4.76074
0.194571
-1.25016
1.99414
2.87696
0.692574
0.756962
14.7673
1.88013
-0.178309
0.121457
-0.79639
-0.904404
0.988615
0.0666424
-0.24728
-0.462775
-1.40559
0.409989
0.562024
2.13182
0.204175
-0.499554
-0.691557
-10.4679
0.262174
2.52387
0.864594
-0.0543207
-0.418562
-1.18459
0.793408
-1.16873
-0.99159
-0.258109
-1.24333
1.15878
1.70621
-0.296421
1.84994
0.65799
1.44822
-0.298063
-0.130712
0.401186
-4.82781
2.15343
12.6908
-0.358559
7.13108
11.4027
0.0897107
1.33333
-2.61879
0.120613
-20.9686
-0.316955
1.9806
2.30864
0.615799
-0.252344
-0.409482
-1.37289
-0.458653
-0.184942
-0.774082
-2.42168
-0.130808
115.219
2.5806
-0.25142
-75.461
2.9418
-2.18271
1.53587
-0.711422
0.566069
-50.2345
-6.59228
-0.52136
2.64363
4.2689
1.56684
-0.668916
-0.0199695
0.440599
0.290394
-1.79054
0.864852
0.886919
1.6423
-3.37617
-0.991737
0.769144
3.73164
1.55923
1.00352
1.34271
2.72823
0.769677
3.95909
4.08016
2.75306
-0.0763254
0.352263
1.07224
-2.06333
-4.14694
-165.38
-1.79963
-2.97538
-0.559823
0.409798
-2.11804
-5.23063
-0.557709
7.38002
0.827372
0.0756446
11.499
4.69232
1.00248
0.308363
0.130431
0.244065
-1.6519
0.0308757
-3.04997
-0.342265
1.80041
-0.526898
-0.996951
0.907899
0.965785
-11.5908
-4.8651
0.344105
16.5362
0.342015
-8.05162
-4.83803
-1.88111
0.947993
0.157806
-0.613385
-0.0896925
0.234574
-0.567465
0.462163
-0.0240723
0.420126
2.66359
0.529838
0.0885063
-0.192164
1.93149
-0.0187932
0.86477
1.40889
0.148137
6.81791
1.06485
-0.704516
-2.02023
-0.899399
-0.659834
0.458417
-0.113238
2.63416
0.303821
22.3803
29.2927
-0.0733755
-0.575361
0.637904
-1.34581
1.62873
-4.85494
0.821262
0.650997
2.61188
-103.181
-0.891008
-2.26986
-0.506054
2.18214
1.65662
-2.29733
2.52241
1.89625
0.285587
-0.00209893
1.32148
1.40658
1.68248
-0.957036
0.766
0.385041
0.23079
1.67207
0.00564427
0.222484
-2.15477
0.498887
-0.0922896
-2.59907
-16.7903
-0.511576
-1.29988
6.53351
-1.31928
-2.16461
0.948778
6.04438
0.615457
-1.77687
1.11293
-4.35473
-0.197616
0.395973
-0.262959
0.551554
-3.34591
-1.54023
0.358324
0.0762299
0.696329
0.754062
1.32242
7.63749
2.17167
-0.659885
-2.11776
3.35179
0.671261
3.95679
103.253
79.3035
10.2136
-3.05131
2.8167
-3.88585
0.0247487
-1.4287
-0.377738
5.63555
-0.10356
1.55076
3.21653
-0.698399
-5.44586
-1.32222
4.34595
-1.47278
1.07529
1.20775
9.98118
0.0806276
-6.22876
0.707606
3.73854
-0.347433
0.28622
0.224433
-0.333969
-0.425661
-5.64438
-5.37492
0.212367
-1.67179
3.33947
-1.06459
-1.75831
5.11299
2.297
1.33954
-0.836112
-6.91607
-0.672243
-0.76323
-0.895086
-1.26685
-0.127996
0.751732
0.0416102
0.355538
-0.538009
-6.54097
-1.12048
0.847629
-0.401764
7.54307
0.215844
0.460086
-0.330418
1.09401
1.10265
7.17078
1.51141
-1.2074
-4.21324
0.411163
3.8611
-3.45521
-0.320757
0.402311
1.18727
2.70534
-0.462286
1.52683
-1.56495
-1.23974
1.57679
-0.867495
0.119837
0.304387
-1.24701
-9.86754
0.0958118
99.5116
-0.123832
-6.88259
1.01762
-47.6448
-1.44843
1.2276
-2.64673
1.07025
4.2013
1.78699
1.39403
-0.317217
-0.168664
0.236619
-0.0977195
-0.127152
-2.68209
1.39269
2.85544
0.754765
0.0864794
0.525558
-0.803412
-0.224108
-0.998459
0.425069
0.298998
-1.0248
0.252325
-1.02847
12.0601
-0.0235825
-1.93427
0.169509
-1.2495
-2.68755
-0.145427
-1.55203
-6.29145
-0.927916
-0.401783
-0.821465
-0.232166
0.809634
-0.235046
-1.85229
0.558752
-0.766998
-0.369605
-1.45391
6.52439
6.05044
0.885601
-0.685709
-0.837277
-3.73882
-0.00332955
0.190219
0.18859
-0.294608
-0.287588
0.0947601
-8.58498
-10.7885
-7.47069
-0.32985
-1.75805
-0.579243
0.765384
-1.79258
2.40451
2.21751
0.361954
1.50372
0.312763
-31.2068
0.170356
-119.322
1.84491
-1.78282
-6.53225
-0.636848
3.12218
0.0824809
-0.824186
200.764
-0.344213
1.78502
6.98614
-0.853946
0.693972
3.13054
2.10117
0.537717
-0.052276
-0.786859
-0.235524
-3.46853
0.0133923
-0.167927
1.01357
0.322938
1.79191
1.50651
0.252179
0.689336
0.0400961
-0.172371
0.781535
0.359362
-0.318496
0.933635
-2.96857
0.652652
2.08173
-1.29807
-0.959173
4.09127
-0.129529
-0.805673
-0.10771
-0.0782629
0.0587623
-0.524306
48.7852
1.02524
-6.49056
0.057046
0.0234701
-0.316107
0.77193
1.49399
-1.99026
-0.333083
-0.552492
-1.47163
-15.1087
0.468699
24.8473
-176.378
-1.80971
-0.248129
-0.531555
-1.25312
-2.80927
-1.25871
4.22216
-0.746585
1.8685
-0.758006
0.492028
-1.36155
0.745569
-0.385771
0.1002
2.10346
-3.21276
4.03646
-3.71234
201.888
-1.17855
2.09857
0.5072
-0.644811
0.205994
1.60429
-2.26557
3.86996
2.80428
0.622712
-0.950684
0.0475748
0.011138
-0.18541
-0.402573
5.282
-1.0597
0.287572
0.591776
-2.42336
-0.0559236
-1.03618
1.65005
0.0786657
0.152766
-0.780124
13.7427
29.4677
4.51183
-2.03809
2.49651
-1.90067
2.81173
0.761941
7.40636
-0.487179
0.397542
1.39484
2.39124
-0.290975
0.510452
-0.0647597
-3.27344
3.03849
3.59769
0.37321
0.138365
-0.530141
-0.0841459
2.12831
4.27812
0.13419
-1.03868
0.374963
-2.44707
-0.876575
-0.611851
-195.196
-0.833146
1.41343
2.51214
0.738999
-0.370006
3.27725
0.525522
0.174047
-2.62644
1.99349
0.256335
4.46294
-11.9295
1.22182
-0.107651
73.957
-0.321711
-0.714401
-0.813715
2.20493
9.77148
-0.810926
-36.7576
-0.448012
0.874136
-0.592991
-1.14488
0.248607
0.104622
-0.258379
0.49582
4.54094
-1.0557
-1.94305
0.852544
-6.48332
0.781823
-0.309301
-0.211897
0.549136
1.68668
-1.35339
0.286005
0.256083
-0.0993359
-1.38673
1.62793
-1.07368
2.59259
-0.338469
-0.945846
2.35779
-1.03843
0.0591339
0.169526
-1.20791
2.07249
-17.7064
-0.86728
3.39286
-1.32536
-0.0454072
-0.341075
-0.472166
6.21064
-0.453017
1.00634
0.553214
-4.23008
-1.88646
-0.429155
0.961294
-0.0206817
-0.514797
3.31397
-0.155577
1.19957
1.96507
-4.11175
1.89882
0.56089
5.14999
0.0902553
-0.568878
-1.37144
1.79737
-0.459373
-0.092733
-0.304895
-0.952302
1.85338
0.0215738
-2.95577
-0.479861
-9.76787
0.125963
-7.72827
-4.24346
-0.833894
0.553973
0.599847
-1.34396
1.28287
0.380989
-0.343404
-1.03827
0.209621
-1.74811
2.34435
-0.768609
-6.31892
0.807889
-1.20102
-0.0814876
-1.10402
3.69515
1.27636
-3.71892
-1.09652
9.50183
0.201206
-59.4158
-1.01888
19.6843
0.380552
16.0862
0.77276
-1.55079
5.5269
0.6012
0.685527
2.06816
-0.658678
-2.10704
9.14651
1.60933
0.673479
0.695494
0.951683
-0.0291707
1.31044
-0.594037
-2.09354
-1.53599
0.0535093
-0.89518
-1.65945
48.2768
2.81153
3.18529
1.11409
-3.889
-0.167046
-0.181039
-0.918096
-4.74443
1.09223
-2.30996
4.99111
-5.70155e-05
-1.30699
-0.543788
-18.1909
-0.49138
-0.201528
-0.320646
0.465258
319.904
1.97926
-0.47787
-5.36844
-4.88116
2.59098
0.232025
2.16962
-4.27671
-2.90013
-0.309134
-7.48538
11.6467
4.80735
-0.127548
0.86492
0.737421
-0.33431
0.341934
13.1694
-2.20338
-2.62133
-1.38876
-2.39656
-0.0468014
1.42939
-3.12603
-1.5519
7.43271
2.4835
-1.26546
0.394452
1.3975
0.727411
-1.56488
-1.22825
-0.801644
1.25055
-0.123311
0.560302
22.3441
7.20543
0.48538
6.00303
2.04934
-0.532467
5.41482
0.0663408
-1.88764
2.86007
-0.318537
-0.855271
1.1035
-0.386235
-0.762077
0.0254677
0.228799
-0.195258
-0.969272
0.142661
0.844931
-0.044839
0.147049
-1.31445
-0.837683
-0.0240355
2.01543
-9.637
-1.82727
2.50431
0.707619
-5.0007
-0.985413
2.24448
0.559489
-16.6906
0.339245
0.150528
3.67424
-4.05978
1.65157
-2.22311
0.490714
8.96108
0.291651
0.771824
-0.823979
-1.60688
0.474393
-1.17757
-4.9488
-1.50866
0.247889
0.143959
-4.60564
1.20655
-0.823
2.91157
4.06522
1.114
-0.285058
0.774801
-1.62228
-1.43852
15.466
0.452822
6.73892
0.0862916
0.610256
-0.851254
0.312878
1.74012
-0.0479381
3.41197
0.625862
-1.05851
-1.82723
-1.16556
-22.8862
-0.526432
-0.821968
1.42172
-0.187898
6.6648
0.259225
1.02383
-0.217989
2.08055
-0.604978
-4.77019
11.3241
4.43708
-14.6866
0.517524
-0.230375
-0.628348
0.161792
1.359
-0.47302
0.237538
-0.298955
1.78336
-0.361575
4.29588
-2.49838
-0.22946
2.55263
-0.0570192
0.191067
-0.0856948
0.392469
-2.05562
0.148739
0.0963469
3.24047
-0.286772
0.767022
0.295975
-6.59029
1.14172
0.503221
1.04633
3.05952
-9.67644
2.23853
1.48176
0.768234
-3.14415
8.84942
0.0438083
1.44872
-0.040021
-11.5013
0.941581
0.532349
1.46189
4.3175
-0.322333
-1.23429
-2.17365
2.69735
10.2528
0.414666
-6.5472
0.484245
0.956337
-1.34449
-0.0977224
2.33653
0.726964
-1.65891
12.6484
-2.45021
2.04025
1.97302
3.8214
0.778676
0.508996
1.2786
0.926505
0.70032
0.797114
-0.0724811
0.0197403
-0.491328
-0.624646
-0.303394
0.282097
-0.587775
23.9695
0.431742
-1.33129
-1.20488
-10.8903
0.794264
-0.366624
0.570092
0.788737
2.8384
-0.946058
-0.548538
0.033659
0.043226
-0.579209
-2.38518
5.13166
44.8374
0.289579
-1.05527
-0.13561
0.475265
-14.0559
0.385414
1.69817
0.117129
0.468798
0.505542
-2.29584
-0.77082
0.0357914
-1.80516
0.931862
-0.500925
3.77688
0.23144
0.0621458
0.185476
-0.352421
-6.61393
-0.217439
5.6102
0.277781
0.753224
-0.802462
5.51333
0.784516
-39.4841
0.240284
-0.380916
3.08504
-0.997062
-1.15943
-22.1679
11.0508
0.00856458
-0.963224
0.0508546
-2.35797
1.15187
0.222053
-1.79655
10.7039
5.38806
-0.0790202
0.339545
9.30235
0.433463
-3.03388
-0.303911
-0.349304
-0.364006
-0.443411
0.694519
1.96481
1268.23
0.0454522
1.84256
1.43172
-1.06017
0.0750465
0.659049
-0.746446
-2.36094
-2.86075
18.1664
-0.171982
-12.7922
-0.351195
5.44237
0.293034
-23.9915
0.251603
-7.13347
0.166006
-0.0890984
2.2039
3.62768
0.350622
-0.919543
-1.41293
-3.98442
0.475346
-0.000963434
-0.763999
0.807071
0.220482
0.161735
-3.85586
-1.28866
25.4102
-1.49607
-11.3301
-2.54603
-2.60007
-0.910164
1.2334
0.817061
2.61642
-3.57829
-0.479956
-0.361346
0.993399
-0.938163
0.025605
7.16029
-0.279031
0.930798
-0.874509
1.63086
-1.16363
-19.297
-2.1044
-0.206472
-0.667403
14.2331
1.78672
-0.485488
-2.24819
1.28454
-3.12505
1.55944
0.554367
0.753384
-1.27669
0.282623
-1.95432
-2.74982
0.796002
1.0234
-0.24431
0.838893
-0.515679
-6.06499
0.148036
15.227
1.49781
2.93227
-27.7023
1.61721
-1.18656
-0.0809439
4.64132
0.0723231
1.74125
0.0403195
0.82174
0.946535
8.67222
-0.972224
2.59446
-0.75409
-11.3021
-0.61041
-0.27541
-4.69298
0.15235
0.524253
-1.19784
-0.707241
6.8886
1.64916
6.75715
-1.97414
6.44625
2.65684
3.71162
-1.0262
-3.68837
-0.749893
-21.8763
2.40867
8.8819
-1.11232
-0.323685
-1.14657
-0.783122
0.442369
-1.80206
-2.7725
5.26799
37.8815
0.260808
0.733788
-17.7056
0.581002
1.26245
-0.00931984
0.0156544
-3.44463
-0.424001
1.12592
0.049544
0.0336724
0.212458
-4.47904
-0.756155
4.08472
2.31826
-0.0692805
1.80163
-0.114248
4.11228
-0.477324
-10.3072
2.67382
1.94488
90.9521
1.34976
0.68672
0.179628
0.694567
0.0853348
-0.107109
0.476553
0.171757
-4.3533
2.71463
-0.184679
-4.47151
0.706345
-0.577389
-0.931909
0.902503
-0.521275
0.354843
-1.1636
1.04497
-0.167936
20.0127
-0.62098
-0.299889
-1.34876
2.31719
0.242887
0.162055
3.66132
-0.726946
0.160171
0.0716703
-10.1212
0.0217768
0.410861
0.0872157
0.676035
2.2943
2.26588
-0.566378
-0.451697
-33.6278
-2.86443
0.545738
17.7587
-22.117
-2.38742
-0.464769
-2.2133
-1.09525
-1.277
5.18603
-0.810412
0.759494
-0.470969
6.73673
-0.179297
0.915725
0.776087
-0.369835
-1.2076
-8.88707
2.51209
-0.625627
-0.281415
0.239987
-15.6788
-0.704916
55.4947
-0.433228
0.0079161
-0.535099
-0.131778
-0.346643
1.49382
8.55034
1.17867
-0.485945
-7.55589
-2.48198
12.3034
-0.899081
0.879814
-0.107186
1.20705
-5.59618
0.197049
-291.869
-1.02081
-1.32941
0.292975
-3.82333
-1.69426
-10.6229
-2.1021
-0.11027
0.804857
-1.61929
-1.69626
3.48447
-0.331498
-3.70624
-12.5123
4.64827
0.446502
0.324602
-2.50773
-51.4398
-2.03471
-0.0680027
-0.444118
-0.345419
-7.15104
1.46243
-0.218581
2.13618
-0.778171
-0.399
-17.3255
-0.596444
7.11982
4.71957
-7.51145
-0.929985
0.0247333
0.184368
-0.65965
-0.333181
0.355522
0.745933
-0.576006
-0.217414
-0.930987
0.653736
-4.02762
-0.0134956
0.0643651
-8.87497
-2.24742
-0.879716
-0.346274
0.528999
-2.7591
0.22048
6.42518
-0.555777
-2.99325
-3.77002
0.706342
-0.355812
1.67689
-0.54427
4.36041
0.494725
18.9756
-0.535315
0.387899
1.12964
25.2093
-0.261408
3.88084
-0.321274
-0.522155
0.496666
-0.446081
32.8154
1.42748
-3.8565
0.484279
-1.83832
6.02339
-1.2063
19.7788
-5.90717
-1.50558
0.141566
-5.25604
-13.804
2.06838
25.7083
9.2951
-5.23412
-1.1456
-0.230103
-4.59005
11.4578
-1.48543
-1.83138
-1.1196
-0.26218
-1.54015
-0.340811
4.88992
0.852025
0.331551
0.356211
-2.98558
-4.63404
-18.846
-0.494198
-0.0761478
-0.156975
-0.0799059
-1.57068
-0.809067
0.620826
-13.8857
-1.88909
-2.55427
-0.640921
-0.422324
-0.308313
0.214453
-2.01751
-0.449563
-1.12288
0.394515
0.541756
-0.593908
0.495218
-0.493483
4.76721
4.42128
-11.022
1.67303
-0.0996499
3.83276
0.92049
0.0172351
-6.0702
-0.806
-0.622444
-5.20954
-0.0681814
0.803398
0.29844
2.06489
0.370296
-1.81593
-0.306049
1.60137
3.10712
1.63404
-12.8833
-1.02916
1.09616
-1.3536
0.422167
-3.34275
0.035969
-2.01442
-0.976383
-1.72328
-5.83746
-1.06922
0.408139
-1.54117
1.23391
-1.57754
1.52095
0.363527
-1.22246
0.376338
-13.6726
4.36544
0.0649588
1.38885
-0.281754
0.713804
-1.87446
1.08709
-0.107413
0.398709
2.35679
2.38642
0.498336
-1.31202
2.71988
17.2242
