0.879663
0.229586
0.533577
1.77341
-1.7114
0.145072
-4.85625
-1.4392
-0.0656342
-1.06981
0.384379
-1.82907
0.00583648
-0.435163
0.627503
0.635223
-5.97772
10.6744
3.8374
-17.7219
0.793048
-0.328321
0.12043
-54.08
-2.66526
-2.11688
-1.0676
0.467162
0.612506
-0.604799
-0.200915
0.0833308
0.734577
4.94903
2.57099
-28.5513
0.930884
2.06919
0.283398
5.74641
-8.03437
-0.0116683
-5.56754
4.18966
-0.52412
4.95672
-4.00311
0.620936
-1.4973
-2.27474
-1.93977
1.09236
-0.170611
-1.0098
-0.013166
-1.99134
1.46203
0.330677
-4890.76
0.545425
-2.76623
5.70693
2.63234
-0.985815
1.36099
-1.96718
0.126821
-1.75594
-0.236836
-9.72735
0.0397384
0.336335
3.20603
0.304892
-4.12686
-0.262912
-0.527659
-14.0953
1.00909
9.89321
1.57717
-2.40378
0.348155
3.01559
0.922753
-0.0104638
0.201195
-0.70356
-0.0313013
0.55754
-0.36614
-0.478705
-0.450521
-3.3197
1.16801
-1.37568
0.216339
0.376284
-32.123
-0.901853
7.20985
-4.89326
-0.311215
-1.77519
-2.07049
0.862152
2.01003
-1.62046
2.43432
-9.13033
1.96398
-1.10457
3.33285
-0.836972
1.32224
1.66498
-1.04485
2.35595
0.85665
0.502536
8.65227
-0.354279
-0.130984
0.0317649
0.133405
0.606664
0.086429
3.98382
-0.166744
-0.269459
-1.20357
-1.36001
20.0308
1.23857
-1.45578
0.471992
-22.9559
-0.174726
-0.161273
-0.449471
10.0487
-0.0585638
2.09531
-0.0896579
-3.74971
2.66546
-0.88716
2.91264
-5.01225
-0.00432344
3.35603
-0.0967146
0.0382291
0.740552
-0.756701
0.6182
3.0261
2.80244
-0.05562
0.335462
-4.76907
-0.176047
-0.272249
-0.0106502
-0.661343
4.28843
-0.675346
0.372162
0.739963
-0.0387242
1.46198
0.325687
5.18099
0.485845
0.696343
1.26462
-0.793719
-5.38116
1.52215
-3.05657
-1.21534
-0.0288578
11.3321
-8.22085
1.84286
0.0788665
-0.716984
0.513457
0.373808
-3.61812
0.873431
1.38956
5.66283
-1.27042
-0.00171477
-0.740953
-0.353086
0.0453396
-0.702563
0.517982
-1.18889
0.165949
-3.00676
-0.900118
-6.89225
1.57717
-17.5916
-0.600143
-0.791421
1.07765
0.770739
0.299597
3.61451
-0.425194
0.607295
1.95107
0.605789
-0.23821
-0.516307
3.8184
-3.72724
0.463616
0.496608
1.53725
0.31361
-0.437993
13.1039
0.354522
-4.29651
0.168128
2.71406
0.421438
-0.144372
-21.6523
-0.334472
-0.473368
-1.75374
-2.1768
1.06293
-0.535052
-2.84962
-5.9642
-4.13452
3.26824
0.178024
-0.675627
0.260796
-1.0386
23.2739
0.618423
0.844802
-2.63557
0.893663
5.26792
-1.80234
0.691982
-11.8883
3.35917
-0.108484
1.30515
0.549549
-5.32101
-0.104717
3.13432
-0.554402
0.298903
0.605931
1.59537
-0.015363
4.83632
1.89731
-0.395783
-0.520347
0.0352179
-0.612452
8.29802
0.198602
-1.5894
6.92376
-0.244907
3.38308
1.09929
5.96916
0.00715823
-0.493737
-0.188272
0.743367
2.0617
0.413245
-4.23029
1.52854
-0.642798
-1.2171
-0.322609
-2.31257
-0.293868
-1.23645
6.95656
-1.7221
-0.332889
-0.816565
0.835447
-2.03104
0.350658
-0.316526
2.2382
0.630796
1.69641
4.76232
-0.23111
0.273768
1.80513
-0.966498
-0.50023
-0.291313
-0.184717
12.3631
1.05561
2.67464
-0.383927
-0.117629
7.7226
1.2927
1.20754
-1.76449
7.93429
-3.46649
0.355833
-0.655529
-0.850828
-5.5332
26.1613
0.215573
0.702848
0.422351
-0.826775
0.272477
1.56598
1.21583
-1.0505
0.341107
1.27525
0.319733
9.36756
0.814599
0.60729
1.91187
2.67481
-1.09757
2.26312
2.7319
3.14165
25.2377
1.36915
-0.503101
-1.80247
-2.54674
-2.58116
0.28817
-0.594425
-0.367487
0.913926
-0.0664077
0.0495844
8.37383
1.81802
0.832051
-0.590219
-2.13909
-5.24779
-0.35268
2.18724
0.196489
1.27449
-1.24664
-0.115387
0.709777
-0.370628
0.512624
2.32174
-0.703204
-0.50631
0.164306
-2.38492
-2.72489
8.78947
0.0701562
-0.448071
-6.26805
0.174173
-0.864972
-0.0286376
-0.0114694
9.21064
2.64907
-0.720294
-0.188905
0.295275
2.9844
-3.31367
-1.81296
-0.060576
-1.62726
-0.598497
0.957483
-3.41277
-0.0815414
0.785569
1.27907
2.22091
-15.1814
-19.3731
-0.678438
0.859669
-1.48986
-12.8603
0.757427
0.476726
1.78763
-142.084
0.610526
2.49106
-27.1916
0.791325
5.81281
-0.200372
0.896691
5.38927
-1.80227
-4.45214
-0.147332
-1.73289
-0.302218
0.267932
0.201672
-11.6771
0.750535
0.524663
3.73206
0.931925
3.8536
4.82954
5.73215
-7.74285
-0.762636
1.82773
-3.19911
0.39077
-0.0447568
-1.20769
-0.389964
-0.234731
-2.14778
0.205194
-1.43303
1.41269
-0.446541
1.36519
0.0344642
0.72723
-0.68415
2.75008
0.0422272
-0.320589
-25.9247
-3.76355
0.788797
0.527417
-4.8549
0.772716
-1.12168
0.0720998
-2.49072
-5.32287
-15.8227
-0.854908
0.667704
-0.559874
1.30971
-0.268966
-0.737149
-0.458787
-0.292461
-7.09762
12.7226
-1.1902
-0.0754987
-2.26399
5.58234
-1.85703
-2.94286
-0.312653
8.16659
0.0841477
-1.09381
-12.1174
-3.07785
0.753437
0.140742
0.0423488
0.808228
0.200973
2.15313
0.652354
10.0638
9.35753
-2.83373
-1.48492
-0.604567
-1.46199
6.11851
-0.0666838
1.45047
1.2151
0.177193
2.30342
-0.601413
-1.56726
48.0062
2.61206
1.35311
-0.71095
-0.0298355
1.90513
14.0065
-0.848042
-1.10168
3.26927
-0.777133
-1.52804
2.34223
0.253597
1.57758
-1.25561
0.218698
0.171254
0.50771
0.848346
1.65498
4.20047
9.50972
-0.66688
-7.178
-2.58294
0.267302
0.713211
0.431405
-0.549257
-0.145981
-0.355151
-9.65004
-1.40536
0.0290533
2.61272
1.1771
0.738133
3.51989
1.06072
-1.28008
4.35786
-2.86131
-0.168044
0.358726
-0.641568
0.206376
1.33336
8.53302
0.438511
0.715142
-0.943016
2.51155
1.86422
-0.570236
-1.14059
0.870621
-1.15857
0.239795
-27.5809
53.4769
-0.34728
-0.00489999
0.530061
-1.73997
-1.50866
1.35641
0.0568894
0.207689
5.96984
6.46263
-21.0823
1.33472
0.0980014
-0.776956
-892.603
-4.08899
-0.884509
0.744057
1.73606
37.5784
-0.259377
-0.45577
-0.623732
-1.24831
-5.0141
0.758791
1.65708
2.79922
-1.02232
537.148
-1.87821
0.103337
1.36948
0.130908
-1.7183
1.86398
1.8858
-0.536861
2.15367
0.586013
1.23775
2.36628
-1.88527
0.323752
-0.492317
45.0485
0.0351894
-0.413369
-0.406641
2.20149
-0.582932
-0.36801
0.484093
0.475211
2.98257
-10.3793
-12.6585
239.112
-1.66199
-0.164056
1.07131
0.385046
0.497387
-1.35545
0.987089
3.86294
-0.3754
-0.162006
1.69197
1.06208
0.36788
-2.05227
-3.92186
-10.8753
0.299352
-0.0541208
-10.5858
2.8427
0.259862
2.23154
-3.56656
0.438415
0.587618
-3.81353
2.08582
4.90424
-5.69599
0.34339
-5.52135
-0.35553
-0.338255
1.76929
0.866144
-0.290936
-0.569238
-1.68995
0.728028
1.57501
-1.26875
1.54592
-2.2288
0.807679
-0.114785
0.616525
-0.679935
-0.491298
1.79646
-12.8378
-2.98851
-1.50941
0.807283
0.828048
-1.39422
-0.312442
-0.626967
0.228957
-0.231725
-0.366126
-0.944751
11.3232
5.48679
-0.0920855
0.523026
-1.23898
-0.556956
0.542451
-0.520522
0.121117
-0.0236343
-1.96155
0.0170889
-1.2917
0.454039
-1.31465
-84.1845
-0.788089
-32.1801
-0.342256
2.31187
-1.26517
-3.67172
-0.0127935
-0.0167221
0.2037
-0.0899229
-14.3366
-0.302827
-0.956162
3.06493
1.82838
-2.91781
-0.242171
0.012726
2.97413
-1.95068
-0.355719
0.0577205
-0.274864
0.848324
0.527301
0.724711
0.623763
3.16744
1.01618
0.107016
9.91427
0.185147
-0.345331
0.897752
-0.463714
-4.46748
-0.554281
0.47517
0.567365
4.24293
-1.3274
215.685
-1.62685
-7.64389
0.891014
1.01781
-0.141336
0.0530102
2.13285
-1.47339
0.298643
-1.02999
-0.210359
-6.14734
-0.406098
1.03235
-48.8825
-0.954687
-0.171881
10.6487
-0.566714
0.580986
-7.13856
15.3181
-1.49978
0.0571289
-1.29856
0.904689
-2.87841
3.50556
-0.148499
-32.7636
-0.161511
-0.608789
0.239915
0.0924627
-8.4641
0.101628
15.4092
-0.393487
8.20658
0.594042
-0.132098
0.370184
-12.8566
-0.543459
-1.80553
-40.078
0.752891
-0.545311
-0.117831
0.590215
11.9245
0.797703
0.0140789
-0.397366
-0.482245
2.22953
0.900679
-1.96434
6.32896
8.05191
-2.14877
-0.0506998
59.5725
-0.55467
3.27582
-0.471234
2.53545
-0.446922
0.546693
0.424313
-1.31609
-0.179925
0.357866
-0.039467
0.00125372
1.44959
9.83644
-6.07306
0.166938
0.00875495
0.557252
-2.01864
0.406968
-0.854625
-0.707893
1.49652
-1.9518
-1.21508
0.723615
-1.02011
0.207609
-0.452647
-53.8558
1.17359
-0.242615
3.13335
0.157243
-9.75678
1.43914
2.23304
1.40288
1.07321
0.857739
-0.182635
-2.18766
10.7598
0.378626
3.43888
0.526604
2.4864
0.698017
-4.74972
-2.15316
1.78091
-0.0980463
1.80077
-0.743726
2.95513
1.10935
7.15028
21.8808
1.52503
0.501747
4.40997
0.944401
-2.11372
-0.864912
-0.955824
-3.756
0.729039
-0.551581
-0.296658
33.9584
1.67693
18.9627
0.549133
-0.362207
-0.288453
-27.712
1.45604
-1.38347
-21.212
2.11057
1.19843
0.539745
3.04709
0.56467
0.442957
-0.344326
-0.381602
-3.74101
2.65322
1.03478
-0.744126
1.93353
0.123559
0.836489
-82.6106
-1.49856
-1.54622
0.144596
0.448092
-4.02353
1.37966
4.80143
1.82537
-0.707511
1.1454
1.24861
2.01727
-0.318623
0.53622
0.217423
-0.560592
-1.49586
0.843346
-0.201689
7.60624
0.101086
-0.494407
2.46581
0.634779
0.860453
-0.963512
0.520332
-2.08421
4.47559
-2.05152
-1.30613
-0.0324015
-1.71448
3.24073
-0.0404639
0.014443
1.02246
-0.596209
23.6547
0.437977
-1.13046
1.15779
-2.15335
0.198664
-0.119649
0.0817264
13.9484
0.235294
0.469729
-0.0487922
-1.36782
-1.58027
-1.09387
1.2303
1.943
-0.727379
-0.0961624
-0.890619
-17.6981
0.981934
-2.00089
2.40183
-0.228315
-1.93407
3.09307
1.14033
1.2211
-0.0351078
-0.971056
-1.47087
-0.757201
-1.68268
0.817648
0.406793
0.0526075
0.355426
-0.20574
8.69056
0.175253
0.0177202
63.8438
0.248126
0.0393688
0.528745
3.02118
-0.818431
1.83849
-0.847261
11.8359
-3.15653
-2.30547
5.8964
1.66075
-0.782529
0.216455
2.97593
-1.69973
0.634493
-1.20871
-1.43583
0.336293
-0.707675
0.33805
-0.657588
-1.74326
2.83029
0.38757
0.103292
-0.168188
-1.54031
-0.310866
2.23072
-0.208374
-2.329
-0.422188
-2.67864
-1.45483
-1.63779
0.229466
0.0349172
2.07649
-0.248384
-0.0890445
-3.43611
-1.74762
1.05301
0.511947
-3.00144
-0.469211
-0.881239
2.39246
-0.321878
3.03237
0.0342976
0.815621
-45.8327
-0.814906
-0.247772
0.593463
-4.14502
0.0940427
2.75889
-5.45913
4.36131
0.782661
1.5913
-3.1242
6.8036
-0.3819
-32.8606
1.84165
-4.36501
-2.75716
-0.116727
-20.5542
0.644641
-1.12091
16.814
-0.613031
4.63408
-6.58919
2.19147
-1.11074
0.442497
-1.21061
-1.94862
0.296351
3.94201
1.28592
79.3118
2.13644
15.2331
-0.463491
0.894149
-0.552333
1.33726
3.24872
-3.4256
-0.0908588
0.288685
1.91303
0.756933
0.287654
-0.214191
1.79674
0.0810803
0.11717
0.303312
-1.47727
0.431816
0.139023
1.90249
0.582774
-1.67095
-2.59237
0.115819
-0.0336518
-12.2447
-3.59757
0.162373
8.01781
-71.5391
-0.836601
2.13481
0.791418
-0.330469
0.387565
-0.389822
1.08492
0.268893
-1.82925
-2.40663
-12.644
0.264153
-3.52856
0.567329
-0.546851
-5.54071
6.27672
1.87502
0.832592
-2.27539
-2.02829
-0.713478
-0.842158
1.02463
-0.475916
-3.33616
-0.73689
0.968154
-0.449467
0.986718
50.2991
-2.21986
-0.361934
-1.93142
0.341491
-0.583349
-0.124454
-3.49439
0.426349
2.4182
-0.272714
-0.530128
2.26257
-0.903364
-0.752924
0.201075
0.102626
-1.3515
0.557868
6.81221
0.587075
0.268026
-0.582848
0.561133
-0.330009
-1.07312
-0.925115
0.462838
0.678809
-0.154057
5.56725
0.710304
-1.17966
-5.50376
-10.0133
-2.65566
-1.59259
-3.47018
0.67097
-1.57169
6.60118
-0.194416
-7.04672
-14.0789
0.809369
-0.0269977
-0.529802
0.893687
0.706568
2.50513
7.95349
2.2426
2.64986
1.33388
-7.09508
-0.815812
6.57129
-0.726338
1.77215
0.797429
3.43451
4.79536
-0.39876
-0.531273
-1.71468
-2.44416
4.6081
3.92176
-0.843055
-0.602877
1.61519
1.96018
-0.348822
2.4984
0.510308
0.177543
0.5551
1.15727
-1.39232
0.333715
0.219958
-0.521714
-0.279234
-0.179852
-0.767207
-0.0882834
-1.05781
1.4133
-0.87311
-0.355538
1.34828
0.906917
-2.77487
-2.46774
0.400106
-0.874836
-0.296849
-4.32288
0.993917
1.43732
0.914074
-0.246284
5.51505
19.1316
0.00749183
-0.263265
-2.0207
3.74628
-0.50966
10.008
-0.22225
-0.31507
1.14981
-0.740226
-0.718228
0.0780569
-1.91496
0.0745451
-4.57062
0.48701
-1.30084
-1.07519
-0.526254
-0.0953649
-16.6825
7.64153
214.848
-69.5704
-0.68552
0.949444
0.464826
-0.739789
-0.379046
0.869416
4.05205
0.39259
54.5535
0.490095
0.16186
4.1476
-0.915755
0.817252
-1.63303
-4.29691
0.219109
-0.182185
-4.52449
0.206729
0.188658
0.0335311
4.89096
0.606467
-0.632458
-3.42518
0.845739
-0.482381
0.22508
0.550581
2.16546
1.22963
0.228103
1.2975
-0.542199
-0.00275919
1.08018
-0.151517
-3.53577
-3.04474
0.335695
0.0559152
-6.45594
1.78762
-0.149637
1.16149
-1.2645
-2.47238
8.26638
0.388741
1.36388
1.75517
-2.55174
-1.20205
-0.0509204
-3.30174
-2.03572
0.863451
0.104408
0.419382
-0.0194441
-0.466062
2.39468
1.06792
0.413712
-0.226742
1.36349
-0.112901
0.124174
-1.51564
-0.980451
4.38427
0.084293
0.417255
-0.602924
-0.899376
0.877056
-1.33526
-1.27531
-0.202671
-2.36125
-0.368762
0.778735
-1.38765
2.19952
-0.395319
-0.142424
0.0303358
0.200555
-1.18019
1.81499
-1.0001
2.22305
-2.19301
5.5837
0.557765
1.97698
-1.94515
-0.817422
0.413434
0.526826
-6.55307
-1.68458
-0.719471
-0.143715
0.776656
-1.49958
-0.294128
-0.605287
-0.0331564
-2.76582
-13.0902
-1.52705
-1.81145
0.662688
-0.141975
-0.444138
-0.0144274
-0.124465
-1.39894
-1.05369
-0.067851
-7.56544
0.772764
0.398765
-0.296138
1.517
2.47411
0.495495
-0.0519706
-5.44824
-0.736481
-1.82461
-0.0802628
-0.439231
-0.473079
-1.55074
-0.187618
-0.233912
0.324207
-18.9886
-0.0306294
0.534819
0.802911
-0.735432
1.52091
1.50095
-0.971417
-4.83419
1.69508
0.496913
0.212413
-1.68362
-0.0321919
0.0541453
0.273619
-11.6116
0.93688
-0.732726
-41.3569
-0.629732
0.910763
0.216068
-0.935419
1.19486
0.437966
-0.352995
-2.58445
1.50079
-0.149525
271.666
-1.48864
0.666116
-0.683968
-3.54531
1.36747
-2.49018
1.66539
6.75787
0.270045
1.36984
0.0449853
-0.945062
1.55074
-0.834626
-0.331359
-7.61107
8.96667
-2.55335
-81.7185
-1.82901
1.94981
1.70896
1.05468
-2.22321
-0.342544
-1.66542
-0.100977
-0.180484
-3.16173
0.135608
0.462857
-0.18854
0.884345
-0.390485
-11.564
9.11358
0.362552
0.232121
3.68296
-0.557507
1.59235
0.201036
1.2382
-2.9324
1.34364
-2.14776
-0.813215
16.7077
0.604494
-3.44282
5.52075
0.475681
1.69424
-0.507329
0.810243
-1.45333
-0.311463
3.95637
-0.330261
-0.269622
0.52161
-9.06668
0.716882
0.253429
0.012944
1.38011
-0.595417
-1.90106
-4.99573
5.89808
-1.58152
-1.546
-0.458551
-0.12292
-0.48391
3.63119
-7.60275
1.05467
0.806381
-0.95393
-0.627851
0.519893
-2.91036
0.517342
2.74429
0.606715
2.12563
-8.58189
0.315022
-1.26551
0.388863
-0.575535
36.7626
-0.409276
6.55977
0.0216338
-0.536208
-0.92808
-69.6408
6.48916
-2.49358
-0.452844
1.07074
-0.607267
1.55793
2.50915
5.16564
0.333153
-10.581
-0.137462
-4.03869
-3.50006
-1.6007
-0.500386
-1.71697
0.284198
1.34025
-0.127381
-0.68633
-2.85899
0.984103
-1.04429
-6.1467
-1.56464
2.77143
0.407691
-0.313806
1.75091
1.32133
-2.43422
-0.550204
-0.457506
-1.15434
0.187052
-88.5773
2.91307
1.18329
2.25331
2.24303
-0.245593
0.376271
1.62976
0.405292
-0.00148805
2.05843
1.90783
0.470814
1.50392
4.2292
-0.68268
1.87539
1.20421
-18.5353
-0.599295
4.7342
-2.16617
-2.84097
4.54378
-4.8503
-1.24751
0.283947
0.585336
-0.371202
0.102075
0.564027
41.32
-2.43413
25.598
-2.05231
0.875292
2.413
-10.5173
0.548456
1.18563
-0.663426
0.358705
1.66771
-2.08822
6.49482
1.22381
-0.0912301
0.626003
0.771078
0.697112
7.0417
0.865878
-12.3781
-1.29833
-0.0191486
-0.87745
0.12758
-2.13368
-0.186213
-0.176462
-2.59887
-0.681151
2.2641
-0.65344
-0.362057
-0.368906
-6.13718
1.66238
-41.9378
-0.228735
2.32883
0.645357
-0.312702
0.687357
1.0223
1.3522
3.95688
1.50918
-3.06976
0.416631
-0.278088
0.323911
0.203143
-1.6215
-0.128013
-0.971132
1.2794
0.886973
2.22888
-29.7368
-1.71955
-4.26712
-0.134193
14.9951
0.67608
-1.81681
1.40651
-0.756218
-0.594937
0.320398
0.52089
1.6895
1.57654
0.279097
1.22134
-64.669
0.43795
-3.90453
0.366338
0.0459476
-4.75369
-0.318558
0.159257
0.860934
-0.200625
-2.28556
-1.21413
-0.266152
-2.46411
-0.303855
0.345274
-0.0416968
-2.62741
0.0489074
-1.27707
-2.3834
0.30042
-0.910854
-0.729375
-3.91804
0.183071
1.17101
0.804442
-0.309422
-1.74092
0.0539297
-4.1924
-0.320061
1.14529
-3.45227
0.203017
1.92332
1.02595
2.25868
0.382604
0.615293
9.72829
0.864177
-0.977102
5.98488
-1.30023
2.32053
-1.28209
-3.103
4.23727
1.35211
2.10393
0.557304
1.43644
5.41746
-0.179911
-4.42074
0.650956
1.60927
3.96142
4.51368
-4.4717
2.42808
0.0199283
0.754873
0.277979
1.84282
-0.274438
1.96719
0.632922
1.00799
1.88217
1.81672
0.414096
-0.193189
-1.20181
-0.227583
-1.12557
-1.07659
0.432502
-2.04249
0.353779
-1.39326
-1.05307
20.7738
-0.275451
2.44495
0.476269
-0.50413
-1.29538
0.288927
-0.984385
-0.534139
1.44776
3.69543
0.0500099
2.28711
-1.35067
-0.687305
3.09573
-74.803
4.36689
0.96509
-7.67707
-0.543345
-0.701744
-0.108417
2.25833
-0.319922
-0.223689
1.46562
-1.5497
1.97169
4.97478
3.08614
-2.25841
-0.719075
-0.334322
-0.923655
2.09656
0.287875
6.32017
-1.82346
0.0594819
-1.53026
0.237649
-0.690614
-2.26774
2.87741
2.93525
-0.242444
-1.06975
-1.01071
-7.33529
-0.230209
-0.216346
-0.00775884
0.988016
1.49029
-8.26643
-0.386565
-0.400252
-0.719082
0.666123
1.48678
-1.68309
-3.1454
0.652923
-3.41656
0.37866
-0.848608
1.83745
2.70459
-0.454038
4.20044
-5.28223
5.41872
-0.0384315
1.25986
-2.84943
0.113511
-0.556528
-6.07503
3.02143
0.484757
-0.48674
-8.04664
0.0520821
1.43123
-11.8108
-3.36363
-0.624559
-0.791993
8.00429
0.582227
1.94901
0.742794
-3.45987
0.219358
1.08119
0.800788
0.926289
2.55742
2.02026
0.53856
-0.151109
2.23866
0.250588
-0.721283
1.24802
2.76592
1.45163
1.1964
0.62852
3.33582
0.96149
0.662395
1.09465
-4.31562
4.37921
-0.136249
-2.83786
-8.30306
-0.603328
-1.03698
-8.82641
0.00178288
3.25542
-0.896557
-0.497092
0.748873
-1.76941
-1.53324
-2.55024
13.6508
3.64462
0.0539114
-1.16804
-8.32098
-2.7456
-0.812927
-1.25376
1.18994
2.18059
-4.08972
-0.224341
-0.167136
0.234978
-0.896945
7.09209
0.801608
-0.694853
-0.443608
-0.0639335
0.837732
0.29091
1.54795
1.46958
-15.1051
0.0807705
0.220577
-1.58521
-64.0019
0.791253
-4.91919
0.384249
2.38011
0.153661
-1.27251
0.978153
-0.846447
-2.33604
-0.799341
0.408606
-2.09311
0.228865
-0.398999
-1.51953
0.815632
-9.93939
-0.811656
-4.3504
-2.48977
-1.67472
0.920233
2.02
-0.0426011
-2.53763
0.383032
2.79372
0.529697
13.0183
0.0970388
-0.540882
-10.5483
-1.02612
0.112926
-0.473434
-2.73221
-7.96609
0.185125
0.937905
-2.82507
1.12225
-12.9549
0.953644
-1.38865
-4.75337
4.09936
-1.92243
-1.78363
3.38634
2.83373
1.6479
0.0684951
1.46674
-2.29027
4.7541
0.287342
0.224497
-0.668579
-6.83914
-1.42753
0.102733
0.919642
-0.0217523
1.52786
-0.085632
0.335925
-0.142681
0.36992
-1.39579
-0.285771
1.14485
2.43073
-1.36542
-0.430333
-1.79435
1.1208
-1.09989
1.39787
0.0245589
-0.347035
1.56405
-0.25062
-5.31398
-1.74351
-1.71607
-3.69341
-0.948983
0.176705
-6.07594
-6.35364
0.530318
0.141993
-1.77873
0.0384328
1.36049
0.985348
0.864285
-0.168824
0.50471
-1.73477
0.428749
0.537966
-1093.02
-4.45147
-2.2725
-3.64474
0.020468
-0.19076
-0.315234
-0.71535
0.221747
3.97161
-0.892708
4.06663
0.953448
-2.93451
1.0233
-1.15215
-2.81136
-1.02935
0.219992
-0.961373
2.00778
-5.35647
-0.139132
-0.845838
3.05916
3.07594
0.303512
4.39519
4.10944
-0.970807
0.0471441
-1.16422
-0.0034137
2.48756
-0.222239
-0.140318
1.4187
1.6327
1.1212
-14.8063
1.32557
1.92339
-3.16765
-0.419739
-0.22781
1.439
0.134583
5.32516
-0.0213242
0.41955
-3.26624
2.00475
-0.421235
-0.142343
1.52198
-1.71255
-1.43338
1.69508
-0.240148
-1.0316
-6.53072
-1.2771
3.13578
-2.28911
-2.0383
4.99962
2.97127
1.66808
-6.11922
2.84459
0.320732
1.03113
0.297501
0.0506681
-0.66133
0.0874799
-2.02871
0.363217
2.94433
0.0856667
-1.40604
-0.922186
-0.842305
2.11752
-3.65896
-0.615945
3.33666
5.72246
-0.207968
1.8115
0.900017
0.857917
-4.73418
0.816526
-0.0202115
0.0956592
-3.70561
-0.714293
-1.8332
-8.02097
10.64
-0.350733
-1.51887
-1.86894
8.1712
-2.31964
-0.71158
-0.259681
0.915809
-21.8695
-0.0514207
3.46682
3.20855
0.038593
1.20362
-0.314339
-1.16981
-1.2073
-0.426504
-1.87571
0.515948
0.678269
-0.0894298
1.24362
0.916574
0.449262
7.30734
1.47627
1.05735
0.420729
0.746402
0.982265
9.06117
-0.443098
0.166623
-1.65582
5.71746
-0.628433
-0.247497
0.0215792
0.476202
1.35917
-1.22579
2.09563
-0.359741
-0.209058
-1.00118
-2.53876
-0.609907
-0.56415
1.23287
0.285032
-0.353471
1.25278
-1.42762
-19.8842
3.57166
-1.72447
0.881818
0.706711
0.0479289
0.150546
-7.73364
0.53957
-0.865626
0.960901
4.36822
-0.983956
3.31528
0.692152
17.441
-0.0838485
-2.23198
21.9399
-1.46203
0.855924
1.24943
-0.28805
4.37365
7.46271
1.77193
1.13586
2.43384
24.8211
-0.818493
1.51683
-3.00644
-0.183222
2.45229
-0.42266
-0.534531
-0.395738
1.15018
-0.783873
91.6911
0.520705
-0.687472
-19.4175
10.8324
-0.609352
0.424697
-0.686741
0.32653
0.588578
36.7969
0.472705
0.411562
0.845418
3.26499
-0.0787414
2.61399
-0.395265
-0.17898
-0.430167
-12.866
-6.60496
3.35958
1.94554
9.87364
3.32167
0.340816
76.333
-1.02655
0.640468
1.10525
-0.096985
-2.03798
1.53925
-1.33839
-22.7493
1.01383
0.192127
-1.18436
-1.88976
6.88949
-1.31072
0.385886
-0.00275738
1.60908
0.788241
0.537597
-0.491515
2.59832
8.59862
-3.74706
-1.63661
18.3441
0.648347
-15.8977
3.4092
5.98801
0.388068
33.0246
0.493497
-2.18952
-1.20122
2.17506
-2.3386
-0.431482
-0.480553
0.153477
1.01325
0.0083419
2.77196
2.50378
0.184943
3.05211
0.748651
0.354033
-0.199423
-2.13416
0.051536
0.0299114
-1.18596
2.961
-0.346788
0.505317
-0.233962
2.48439
0.200469
-6.04582
25.6409
-0.871361
1.80487
-38.3532
-0.690454
1.46791
0.416517
-0.179867
7.26148
0.187607
-0.220478
-0.657839
-0.424198
-2.79335
-0.658998
-0.289835
0.202086
18.2268
0.600681
1.10178
1.17675
5.65081
1.0751
-8.01784
-1.77857
-1.12252
2.25138
-0.330821
-1.49634
-0.0978197
4.35179
9.36716
0.103787
1.6159
0.880578
1.59712
-1.49022
0.0126089
1.01661
-0.487311
0.925484
-0.225023
2.13776
31.5769
-1.72828
-0.412584
14.1998
0.462279
-0.852885
-0.578151
0.176297
0.159555
-0.258342
0.341767
-1.0711
0.14129
-0.544759
-0.705898
2.53281
-6.3049
0.0775834
0.525534
0.619737
-0.277166
-0.337777
0.304216
-0.575305
1.80315
3.0777
1.06281
5.16173
5.24272
-43.9356
-0.0264638
1.04694
2.93894
0.679878
-9.00988
-24.4367
0.282072
-1.83889
4.98103
-0.253345
27.0919
1.7421
-0.0870423
1.29598
0.872332
2.85765
-8.20123
-0.232626
0.256571
-0.761165
-1.04105
0.850675
-1.2001
-1.07874
-12.8079
0.800619
0.777118
16.213
1.24217
-0.858011
0.407657
3.67842
-2.13674
-8.91156
0.755383
6.84479
0.089543
-1.71988
0.0238558
-0.720633
-0.754022
-0.765774
-21.4494
2.08474
2.43745
0.817137
-0.145702
0.057199
3.14607
0.286488
0.778017
-0.00508791
24.0563
0.466097
-1.46756
-0.343637
-1.11968
-1.04777
-0.8456
0.974221
-0.608567
2.93364
-3.72069
-0.702786
2.46696
1.70143
-1.81796
0.782972
0.100187
-1.40575
0.765105
0.458681
-0.12434
-2.24997
-0.885534
-0.515767
-2.40343
0.798186
0.224422
1.28524
0.232778
0.0750172
-3.20239
-1.00536
2.07289
0.145771
-1.16851
-1.30273
-2.70214
-12.4348
-0.135083
-0.05293
-5.72138
-0.69334
22.716
153.34
0.632577
1.5047
10.7029
1.63939
-1.0121
-9.56189
-1.21909
-2.33265
-0.0978211
-0.0526712
-0.581046
0.587449
0.0647968
-0.627646
1.43835
-1.70074
-1.06572
2.08309
-1.33049
-0.766422
0.307627
-0.672885
1.16758
1.53158
-0.57112
-0.0200908
-3.56429
13.371
-0.150066
0.84612
-0.788442
-0.752853
-0.0628115
-0.322894
4.19226
0.844572
-0.146971
0.875763
-0.881639
3.67797
-2.18706
0.917997
-0.290363
-52.5762
-0.43432
3.39836
0.930274
0.930148
0.113339
-0.0989989
2.87161
-2.23028
0.033317
50.4682
0.312232
-0.328748
-1.29996
-2.34937
0.711595
-0.437495
-1.31283
-0.205436
-2.69957
0.64731
1.36002
2.29799
-1.47894
4.87008
-0.713279
-1.66957
0.294915
-0.271901
-0.980519
-4.37538
-0.121388
0.0803537
-21.7166
-1.61812
1.61601
0.461226
-2.98134
0.611084
0.62339
1.02091
0.129239
0.230931
1.86249
2.94195
-0.179895
-0.546853
-1.06434
-0.459976
-2.52814
-1.38342
-1.36532
1.05502
-0.0145365
-0.45229
1.32803
0.852969
2.82119
0.23627
0.0986601
-0.341441
-1.91754
-10.3967
1.16457
-0.451943
2.22404
-1.57486
0.0252426
-1.23832
1.29916
1.53317
0.730441
2.78502
0.214866
6.10335
-0.104186
-1.65128
1.23784
0.00255249
1.09484
1.02274
0.051194
0.508355
3.98257
-0.484042
0.570435
1.4601
-0.580602
1.34554
0.248459
0.907545
195.854
89.7192
0.587403
0.967647
17.8114
-0.125008
-0.188717
2.61372
-0.315027
2.94406
-0.0320353
-1.07462
-0.340717
4.49508
32.5184
-1.21539
5.67472
0.553089
0.100187
-2.74689
-11.0424
-0.726663
-1.72926
0.922199
2.13898
2.8671
0.530801
0.759514
1.7832
-3.14766
-5.38362
-4.07162
-1.2014
0.852312
-0.0941764
1.47163
0.0994644
-1.28307
-0.268604
-1.13528
0.0978681
0.948231
0.29646
0.607902
1.81061
-0.436133
0.19342
-1.16423
-0.621528
-0.179705
6.33654
-2.27282
-4.78191
4.53298
0.802077
-1.50405
15.271
3.86754
-1.17122
1.99501
2.22747
0.734904
-1.30001
-0.140526
-0.597697
-0.327751
1.21652
1.46962
0.290965
13.4031
0.653979
0.926069
0.48863
0.979317
-3.42872
-16.8253
1.46115
2.21157
-0.0887411
-0.4152
0.278001
1.55014
0.153612
-0.146763
0.673693
-0.78704
0.372145
18.0268
-0.553595
2.64511
1.70642
4.48787
1.15247
1.18439
0.604743
0.953953
1.01709
-4.94982
-0.046055
-0.0399615
-0.315865
-0.274417
-0.272747
0.406982
0.36844
1.65051
-0.68323
0.0424936
0.084985
2.44703
0.751503
0.890727
-0.545006
-0.691592
-0.982965
0.0557301
5.82168
0.335017
0.21123
2.36791
-0.318522
-2.69923
-6.1054
-15.7872
-1.56308
0.485758
-1.21686
-1.56684
-0.162183
2.06882
0.364594
0.208408
-3.38772
0.518576
-2.26538
-0.187402
2.46191
0.077482
-0.910518
-0.649582
-2.89824
2.72147
0.461625
-0.358707
1.61824
-2.10858
-0.135541
-3.59157
0.0543087
3.6022
-0.0553719
3.15982
2.95552
23.3926
-2.16823
62.3724
0.507009
3.79461
1.89656
0.0496573
5.04483
1.9069
-1.37765
-1.24291
3.15331
-0.771361
1.30073
-0.974884
20.8629
-0.229376
0.558887
-0.0606849
0.659452
-1.22765
3.24727
-2.66744
-1.15585
-1.48323
7.75621
-1.81243
-5.31922
0.372005
4.7275
8.9681
-0.962525
-0.529838
0.731888
1.57904
0.0955382
0.914555
0.51667
3.0103
-1.71791
1.58876
0.178916
-1.62936
2.94687
-0.990852
2.29048
-0.627974
-1.55741
-0.742819
0.0710204
-0.613637
-0.889799
-0.27423
0.0704723
-0.996304
-0.5199
-0.460433
1.18875
-6.95244
-0.0235015
-0.566091
-2.47558
-0.399571
0.43212
-3.34508
0.110513
1.01344
-10.8728
-4.46132
-0.121506
0.1893
-1.39879
-6.81853
2.63067
0.0391203
-3.69697
-0.148132
-0.131144
-0.662085
-3.68352
3.04453
-0.174827
-1.32347
-1.01457
-1.05525
-0.910821
3.89393
0.167547
-0.0785617
1.98676
0.212553
-1.08223
-1.57624
-0.488082
-0.0260716
-0.130687
-19.5086
0.206869
-0.217712
-0.142725
-2.31735
-1.3191
-0.909174
0.718283
14.3629
-0.713494
-7.73111
-26.715
-0.598426
-0.418102
-6.35331
-0.263276
0.202637
-0.00103472
0.675417
0.438072
-1.06634
-0.711184
-0.0712818
-4.43333
0.19169
0.419172
-0.216201
-0.35121
-0.910008
-11.0149
-0.728313
0.417694
1.53915
4.7984
2.53306
0.578956
1.87921
-4.65131
0.109359
-0.842975
5.176
-1.03047
-0.388779
1.24502
-1.64958
-0.929734
1.04247
1.64544
-0.196005
1.03462
-2.64113
8.61081
2.67818
-3.09199
-1.01515
0.309195
0.533559
0.0539833
0.968154
2.1187
0.420457
-2.61805
-3.15541
-1.60892
-0.520852
-1.17757
-0.356173
0.819947
-0.198892
-0.422689
0.473671
0.396869
1.05514
-1.0444
0.614187
0.12695
-0.565146
0.823972
2.0446
1.00075
-0.121344
-0.19626
0.217831
4.95596
-0.586712
0.189574
0.108316
-1.22355
-6.8953
-0.943263
0.557486
-0.275995
-0.170446
-1.71343
-1.96776
0.355556
-4.68342
1.38241
-0.632193
0.695117
-3.72829
-0.969189
-0.398702
-0.135469
-0.446153
-3.42598
5.12286
-0.443035
-1.07511
-0.242612
-0.900613
-0.39877
-7.17242
0.851047
-1.06313
0.754832
0.849111
-0.179804
3.14356
0.609361
8.54373
-2.13343
-1.34205
0.831515
0.382769
1.56092
-0.386925
0.880701
0.739961
-0.715237
1.19154
0.933196
0.512664
-4.79486
0.369279
-0.534067
-0.488966
-0.3522
-4.15564
0.58283
-1.10049
-0.897788
-1.04077
0.595924
-0.118215
-1.75447
-1.42428
2.80707
-2.39457
-9.55968
0.888914
3.58425
1.02786
-2.75655
-1.27781
-0.759628
0.481895
1.36119
-2.95228
-3.39001
-2.46716
-0.970971
-1.27168
-0.748143
0.102142
0.145825
0.283075
-0.894009
-0.0033295
-0.0140813
0.0943822
9.49841
-0.691336
-0.0128415
0.8541
-0.183762
8.57068
0.961368
0.092685
-0.828128
-54.0609
-5.24271
-6.49081
28.4414
0.0214397
1.28462
-0.156196
-0.320402
2.59559
-0.136746
0.962357
24.9492
-0.256878
1.57351
3.06857
0.0593388
0.192354
1.06267
-11.8507
-4.33571
-1.10605
1.40451
0.305758
-1.77659
0.315072
2.23484
-1.26151
0.090809
0.243742
0.219085
4.87172
-1.18539
-0.611962
2.7031
0.426327
-0.899333
-2.25879
-0.567763
2.25952
3.99695
-2.57279
1.30463
0.391262
-12.2396
-1.29316
0.628961
-0.599779
3.06838
-38.7776
1.18965
34.308
0.730965
-3.03963
-0.0949526
-0.472092
-1.11623
1.13078
1.36924
-1.61449
-17.1417
0.480508
-1.42662
0.541535
0.863637
-1.3199
6.63347
-0.439218
7.40476
3.76726
-1.23966
28.2231
-2.19785
-0.113506
25.0898
0.82441
-0.874332
-2.25009
-6.83132
-0.0660972
-3.99996
0.621206
-2.41202
0.0553802
-0.915188
-1.98713
-0.0542776
-0.646469
-0.437852
-1.22656
0.156336
11.4431
0.163115
-6.2758
0.257144
1.99204
-1.07211
-1.48518
-0.105009
5.23758
8.69914
0.0879461
1.9626
-0.0805478
-0.0954766
0.384163
-0.132839
0.0732077
6.95989
0.247059
1.56326
-29.9043
1.99746
-4.50134
22.1054
-9.49538
4.06545
-0.753633
-2.47097
0.361683
0.23768
-3.04309
-0.406349
-0.743883
0.690267
-1.55639
0.619158
-0.55457
-2.27422
-4.54147
-0.423749
0.778936
-5.86821
-0.0579105
-2.16409
1.52941
-1.54349
-0.212908
-0.31596
1.66982
1.04091
0.326522
2.04141
-0.561609
-0.378773
0.508663
-1.80526
0.115104
0.315778
0.523177
1.45742
4.55242
0.707802
-1.21396
0.891044
-1.8944
-0.423146
0.233169
0.508269
1.06997
2.5172
-0.59314
0.184048
5.23483
-0.504691
-4.08415
2.35804
-1.54462
-257.701
1.95095
2.21369
0.366624
0.546064
-4.22547
-0.364216
0.349819
0.330088
-1.50118
1.29969
0.176527
-0.0341454
1.58302
-0.600781
-4.63101
3.2376
0.844633
-0.189508
-0.481425
-0.314302
-0.814274
0.911791
-2.254
4.53824
-1.95128
-0.588123
-1.00492
-2.01906
1.22583
-9.5119
-0.251356
0.696185
-2.25948
-0.715245
3.55203
-0.434559
-10.5177
0.243752
0.259363
1.2712
-1.49261
1.70304
2.55752
-0.21915
-2.55043
-0.177508
-3.089
0.397223
0.552947
3.3064
0.119348
-5.55728
11.6044
0.860088
1.33039
-0.840942
-31.7392
-1.98795
-0.4515
-11.3371
-3.35348
8.90393
-1.40323
0.311616
-0.0860962
0.559021
0.912696
-0.671334
-1.17545
-1.6499
-0.307558
-0.398434
-0.280963
-0.804107
-4.41956
-5.87661
1.43354
2.84479
-1.05335
2.62446
-0.472966
-0.658886
0.704462
0.835505
0.728729
-3.35146
1.06408
0.81123
2.25698
0.347953
-2.20967
-0.568854
1.77428
-0.214249
-0.790487
-3.86467
3.25738
9.42797
16.0433
-1.46309
3.30931
-0.509508
-0.789268
6.04055
-0.0651427
-1.39779
0.859635
1.1334
-1.04192
1.03172
-0.567177
-1.64741
0.486808
1.86623
-0.94355
0.412571
-0.25609
0.909944
-0.11585
1.49688
4.85867
0.662563
1.57078
4.50564
7.16119
0.231262
-13.6461
9.90302
0.236239
-0.314895
-0.347165
-2.39752
1.41631
0.440897
-4.61863
-0.385607
0.160602
-0.293564
0.143781
0.274482
-12.6973
-1.20636
36.9025
0.570523
2.84147
2.70977
0.627191
0.414208
-1.40686
-0.424738
3.38413
0.14699
-8.44418
-0.955345
0.518536
-0.772319
0.913514
0.768876
2.55104
2.72176
-0.603519
4.24905
0.143265
-0.493842
-0.650758
16.7764
0.680931
-0.888967
-2.74849
-5.47391
-1.97255
0.850451
-4.62116
0.85521
-0.414637
5.19785
4.02804
-0.799609
0.104048
-3.95993
-2.31929
0.182306
-1.27046
0.590023
0.156955
1.82734
0.633238
3.97226
0.00872945
-4.6348
-1.22624
0.267616
0.515826
-0.449144
1.64514
0.0165581
3.77727
-120.934
0.225666
-0.138859
1.64366
1.93207
0.626591
-3.9535
0.563004
-0.0649095
0.497022
-2.20242
0.837042
0.179105
-1.6779
1.15272
27.6149
-0.583853
0.150278
0.97849
4.41021
0.426284
2.31319
-3.44308
1.22267
-0.445408
-1.83012
-1.82459
5.28844
-8.16101
-0.0909481
-0.169932
1.16814
-0.770759
2.21493
1.68888
-0.0335742
-4.13048
-1.75771
-0.0745116
-0.035013
-0.421587
-6.61177
0.148622
-46.0229
-2.03089
2.24726
4.39704
0.188022
0.0258208
-0.0458989
2.91657
1.68794
1.0702
-0.00726936
2.48174
3.54247
-0.784946
0.45098
-0.82344
-3.10619
2.46372
0.342192
0.707867
0.231019
3.21672
0.45295
-0.873395
-5.66522
-0.300182
0.631169
1.12394
0.263151
-0.897677
0.442904
0.568012
0.404278
0.614572
0.00982555
-0.824112
0.729328
0.286346
0.913127
-1.199
1.39934
2.17495
1.37177
0.179685
-2.34412
1.77816
0.195671
-0.684739
-0.0459811
-5.57957
-0.673376
-0.290955
0.162273
11.529
3.615
1.5466
1.05836
-0.255466
-1.00687
0.943295
-0.864983
0.578011
0.524314
0.569584
1.164
-1.32485
1.19662
-1.23323
-2.70005
-0.657771
-0.804122
6.56897
0.261722
1.77046
3.29499
-0.831076
-3.1946
0.253999
-1.63174
-0.358084
-1.5058
-2.21598
0.858902
4.90271
1.04137
-0.187821
0.577342
-27.285
-0.645057
3.11504
0.157357
1.82771
-3.83257
1.18595
0.294554
-0.533648
-3.08613
0.00778165
4.84064
181.771
1.53749
1.96048
4.64329
-0.948538
7.34285
3.51381
-6.85306
-3.16769
3.78808
1.10012
0.0340067
-0.0392435
0.441813
0.732402
-1.93309
5.30809
-0.0103253
5.4834
0.521536
-0.140254
-1.17813
3.0263
-0.424745
0.872989
0.223711
5.37289
1.7336
-0.0138039
0.236175
-0.669107
-24.147
-7.38261
-0.543512
0.30914
-1.13667
1.20234
-1.10999
7.31731
-14.0495
-0.75503
0.28411
-0.573154
-9.66668
-0.496596
0.137007
0.0892022
-1.37168
-2.92063
-21.5169
1.43519
-1.49932
0.161679
-2.4895
0.117533
2.13925
0.495599
-1.76534
-0.113224
-65.0952
0.911753
-1.00284
0.497316
0.417507
-0.81336
0.430305
0.468639
1.46495
1.7661
-0.857294
-7.32793
9.08063
-7.83483
3.93251
1.40703
-0.288627
-0.143162
-1.24551
-1.09075
6.72606
-0.358614
-0.437231
-1.40973
1.33759
-0.192338
-0.898969
0.287664
0.0839814
0.358144
4.27146
1.51049
5.45954
1.13359
1.77153
-4.22407
-0.938735
0.290389
0.484739
1.79034
-2.51135
-0.525161
-2.26425
-0.874469
-0.496601
-0.434514
4.4585
-8.62495
-0.17435
1.80753
-2.11759
-0.120092
-1.99488
2.43711
0.0770449
-0.375856
1.15965
-2.17131
-3.99229
1.383
-9.5233
-0.272605
-0.72894
-1.27758
-0.634198
-2.72212
-2.67852
-19.2838
-3.11392
-0.857351
0.69618
0.0892717
0.188093
-0.226531
-0.908878
1.99869
-0.656366
-0.0840595
0.609014
3.10555
-2.07619
5.89363
8.6078
0.119719
-0.358158
-1.74394
0.542727
-1.81367
0.469858
2.22043
1.12695
15.6938
1.04089
-0.0767788
1.38259
0.323071
4.06901
-1.06258
-1.57549
-5.29116
-0.437086
0.509699
-0.103826
2.47497
90.7136
0.775108
-0.557169
-0.162942
-1.39596
-0.64341
0.199533
1.37567
5.13472
-0.443553
1.15661
0.623574
-0.372758
-0.451253
0.597777
-0.471434
-0.0281325
0.235477
-4.53373
1.80983
-2.6069
-0.103357
0.664739
72.89
0.222488
-1.3367
0.121353
-0.910704
-1.29427
0.604002
1.17547
2.15622
0.763173
-0.651125
0.368698
1.14382
-0.280756
0.259074
-2.51664
-3.22889
-4.70192
0.140988
0.897856
0.585941
-1.39315
0.430405
3.66987
0.145798
-0.98247
0.561215
-10.5536
0.323962
0.661699
1.40834
0.235081
-1.14913
0.634268
0.61632
-17.573
-0.0183158
-4.69345
0.505594
-32.7499
2.46603
0.710966
0.230983
3.82754
-0.201841
0.17008
3.28078
-1.24684
-0.294405
-3.93065
-0.243239
-7.35885
-4.11386
0.080382
-0.819338
-2.37691
1.4638
1.69454
3.05483
3.7675
-0.517156
-4.598
4.22821
-17.0812
-5.90186
-0.0118702
-0.17928
0.098684
0.931364
0.363435
-26.5003
-0.701493
27.4833
-0.247266
-0.372717
-1.22995
-3.95353
1.26676
-0.0556639
0.974614
1.42235
0.0496142
-6.91069
-1.05426
6.1674
-34.8056
0.000670424
0.24212
0.743219
-1.86029
0.0842662
-1.48542
-1.87664
0.160769
-0.265836
-4.82589
0.546989
6.25219
-0.487641
0.578035
-0.133321
-1.62458
-1.66491
-0.253226
1.41195
3.97762
-0.566647
0.965664
0.839428
0.0619873
5.30417
1.30016
2.14298
0.81829
-3.7066
1.83103
-7.94304
0.182919
0.252526
-0.249151
-0.648033
-2.09185
0.23134
0.18083
6.89078
0.103555
4.63009
0.970898
0.149472
-1.6319
0.752457
-2.55034
4.16383
0.840293
-0.207538
-0.604551
28.0909
-0.602829
-0.173598
0.961217
-0.290348
-0.575379
0.226233
-1.21136
0.384002
1.34687
-0.587816
-0.73062
0.0909128
0.716635
1.02361
-0.793231
-0.0803447
0.0481469
-0.514761
-2.10072
-1.73034
0.853357
6.57067
0.148088
1.37617
0.61767
-4.95113
6.66342
0.261849
-0.599819
30.8541
0.00984938
-0.297681
1.31206
0.554793
1.24039
-3.38857
-1.36333
2.12027
1.06265
-0.299579
0.949849
-2.37808
-0.596356
-0.963533
6.26933
0.340366
-11.6176
-4.32422
0.231928
-1.9518
0.738502
-3.03107
-2.47805
-0.486804
1.79227
0.889236
-2.17689
0.174384
0.747436
-0.33082
-1.42571
10.5294
6.38759
3.18573
1.44366
-14.3901
0.563751
1.10715
10.1419
-0.510358
0.100828
0.257404
0.665918
0.904297
0.127892
-0.120326
-1.19271
-14.2287
0.900485
0.147809
1.54152
-1.98863
8.73862
-3.14368
1.01082
1.52879
-0.965354
3.82801
2.6113
0.262947
-0.637776
-1.0309
-1.52609
0.263195
3.51566
0.737554
3.59098
0.072363
3.03238
2.72493
-2.65499
1.54714
-7.53985
-3.31394
-0.641946
0.541426
-0.247643
-8.62165
-1.09714
1.00586
4.14659
-0.0805058
0.000197866
-0.0822688
-16.1939
-0.205177
-1.4392
-35.7428
-5.99441
0.38874
41.4691
34.3853
4.11689
-0.892093
2.4665
-0.699365
-0.711517
-0.121865
1.61241
0.61817
1.38352
-13.015
1.23577
1.145
0.444567
115.367
-0.213225
3.51496
0.541833
-0.849748
8.83322
-0.0128321
9.14082
-0.694826
-5.04557
0.0168393
1.67933
89.6058
2.36419
0.521321
-0.2996
0.199026
-6.50035
0.661699
-0.204277
-0.856345
-1.94941
-1.75533
2.08761
5.2662
4.47878
1.11243
-2.17771
1.17046
-3.44391
-0.864014
-0.318798
1.37455
0.497099
-1.1522
1.1685
-2.06512
-2.88331
0.344744
0.664404
-1.09446
-0.096343
-0.530928
1.3299
0.672814
-2.32937
-0.473563
0.695309
-2.06916
0.166479
0.67238
-49.5012
-2.39208
-0.79702
-4.67841
15.5991
-0.679251
-1.19479
1.41305
-0.403719
6.02475
0.720996
-4.17641
0.230574
0.791918
-1.00907
-1.27121
-2.22883
-6.93715
0.233903
-0.625536
-1.19394
-1.43625
-0.159465
-0.0279112
-0.226632
0.41503
-5.59163
-0.689739
0.778497
11.8215
12.0749
0.464132
-0.709145
-2.14413
0.302796
-1.24511
-0.688383
-3.27957
0.294692
-1.73574
0.0967356
43.5545
0.621487
-3.9005
-0.578426
1.24327
-1.33354
-0.16188
-0.966189
-2.82998
-69.7368
0.330316
-6.13007
21.5501
0.425517
0.779262
-2.92244
-4.96015
-2.60688
0.954048
2.44965
1.73057
-0.144614
0.97043
0.424321
-0.0220304
0.215673
0.288718
54.3453
0.949674
0.141143
5.71962
0.188088
0.699111
0.394068
-2.45372
-2.21118
3.36192
-0.671253
0.138917
-0.0824747
9.18775
-0.694432
0.0206435
-0.944527
0.166733
0.189881
-3.07431
2.88039
-3.12617
0.0889103
-0.795664
-0.395225
-130.251
-1.81317
-1.55523
2.19379
0.500746
0.184217
-0.00966714
0.665332
1.74085
-0.68211
15.1
-0.365294
-2.53143
-6.46341
-4.4015
-0.161282
0.838404
-0.0116218
-2.564
4.98108
-5.69919
-1.2566
-1.72396
405.01
-0.422538
0.555612
-0.524118
-0.0384206
-2.5492
-0.234048
-4.12943
-0.754166
10.4738
-0.815329
4.11071
-0.877633
1.11016
10.4815
-1.41943
-1.12522
4.07705
-0.55009
0.286432
-0.0102974
1.66293
-3.52517
-1.04863
20.6741
-0.370691
-0.91263
0.972885
4.92828
-0.251911
2.37174
-0.662545
-1.62991
27.5924
-7.61708
-1.55734
-1.28361
-19.389
1.37355
0.820461
0.514377
0.090917
0.644707
-8.97692
-2.92278
-1.98417
20.3352
0.272094
-4.06286
-55.2815
-1.19858
-100.49
-3.3709
-0.582077
-0.303334
-1.97253
-0.429508
-1.02202
-0.726523
1.74078
0.2381
-12.6589
-0.152182
-0.403367
-0.599243
0.5981
-1.14438
-9.34314
-2.73919
-1.88598
-1.4339
-4.51761
-0.0697362
-0.95914
-1.45084
-0.333392
-3.82062
0.584737
1.42304
10.2308
-0.335024
0.413457
11.6435
-0.0563196
2.41106
1.64976
-0.193187
0.18662
-0.739339
-0.4241
-1.29386
-0.143156
1.12282
0.20119
1.1467
-1.72965
0.923539
-1.21548
1.35899
2.34699
-2.02448
-3.10021
-1.40069
1.62699
1.30896
-0.420684
0.183488
2.68394
0.591436
-1.17937
-0.24042
2.79387
3.90795
0.360087
0.987662
-2.2133
-0.362947
-1.77257
2.56984
2.3898
-2.62361
34.9681
-0.26592
-2.64532
0.287581
1.33243
8.20947
-2.91703
0.886508
2.5849
3.00628
-1.02684
-0.176261
-3.17938
0.699007
5.36017
0.196009
22.5053
-9.48485
42.0386
-1.1556
-1.45974
3.85431
-9.91955
-0.0930211
-0.168111
4.86871
-0.208384
7.06194
-3.28195
-0.142839
1.77065
3.2036
1.31926
-1.30169
-0.0727475
4.94887
-0.408276
-2.18108
-6.50975
-1.30881
-0.226441
0.598407
0.0768664
0.56427
-0.620832
2.84597
2.37839
0.394558
0.800768
0.408655
2.69175
8.88819
2.7334
-0.936158
-1.47296
-1.20624
-0.824263
0.533115
-0.240345
-1.45611
1.09349
5.69647
0.153529
24.3937
-2.33132
3.90296
-15.3126
0.160692
-1.35392
-2.99277
0.58076
-0.431168
-0.561374
0.263033
-0.610221
-0.237236
2.51928
-2.3913
0.428417
0.148047
0.742012
11.796
4.70496
1.01764
-6.86167
0.539741
-0.640192
0.525976
0.161669
0.544401
0.41847
-2.48672
-0.100014
0.0540509
1.53003
4.22046
-3.95235
-0.822348
0.529085
-0.473985
-0.963103
-4.00533
-0.321273
0.588218
-2.4564
0.431248
-2.06734
1.88474
0.170709
-0.223464
0.502505
0.0320726
-41.2868
3.33129
0.490947
1.08313
-0.793522
-0.26505
0.490379
-1.05054
-0.922596
0.385247
0.446803
2.25239
0.557178
-0.706549
1.46824
8.03094
-0.269604
3.06149
-0.882692
-1.82578
9.5274
-0.174826
16.8291
7.27345
1.39135
-0.0818754
-1.68837
-2.21802
-0.576155
2.74379
0.00621793
-4.8362
-0.41626
0.388508
-3.55774
5.21733
0.359906
-0.584054
1.99023
1.64188
2.67974
1.58829
-0.279652
4.18276
-1.12701
-0.915867
-6.15766
3.75288
-0.170729
3.11668
-1.07825
0.466771
-4.09566
0.0687176
0.0847097
2.00008
-0.0651726
-0.159166
-0.66132
-0.684301
0.643983
1.05366
-0.293252
3.69892
-0.339222
0.00225123
0.842177
-0.648757
2.76294
0.272494
-0.580661
0.796105
2.84152
-0.882647
-0.775197
-8.88194
-15.5419
-0.657702
0.797203
0.242845
0.884482
0.790551
2.11277
0.876153
-28.0993
-0.476898
-1.28997
-0.627271
-3.90296
-0.053237
-0.286425
8.07952
0.219184
-0.463827
0.244121
0.476616
-6.13739
0.463598
0.762489
-1.79072
-0.422427
-1.50527
0.0541127
-0.0322463
3.85367
-1.80799
0.453374
0.429313
0.39055
0.953074
-1.00547
-0.00146079
0.697633
107.399
1.00617
-0.745833
1.10046
0.174456
-0.0345329
-0.123277
-1.34714
3.28737
0.449837
-2.24685
-0.948373
1.05173
-0.487579
-0.406371
0.433936
4.69725
0.418361
8.51547
-1.44547
4.45504
-0.898721
0.0898689
0.234219
1.20395
-1.02172
2.21114
-0.322449
2.52704
-0.602931
-0.621314
-2.68048
0.898141
-1.53419
-1.71037
-0.793433
-2.89699
3.6999
-0.00802757
-2.59291
-1.699
-3.19488
-0.863097
2.1148
-1.53012
-1.16743
-0.125883
-8.35083
2.781
0.623894
-1.03331
2.63694
2.2551
-0.549852
-1.15452
2.14947
1.25024
-0.247761
-0.980791
1.6998
-4.96067
-2.90912
0.0113393
-0.0246263
-0.165776
-0.458406
-0.00241906
-0.41059
-0.912135
0.0353051
176.886
2.55271
-0.146093
0.501896
-0.869113
0.423614
-0.872802
0.287475
-8.78113
-0.0492937
-7.17242
-0.716515
-1.14491
3.55713
-0.651144
4.30531
5.60488
-0.956591
3.02121
0.919037
2.18695
-16.4222
2.07276
1.47336
0.101936
-0.670682
0.307284
0.529382
-0.110935
-3.39251
-0.208656
0.775687
-0.773031
0.338665
-1.57674
2.35674
0.297583
-10.7471
-9.24414
-0.342649
0.415532
0.177404
-8.02977
-0.961621
-0.63214
-1.34807
-0.378415
-0.942606
0.502945
-0.329653
17.7851
0.00326912
-2.54274
0.130118
0.177577
0.484684
0.347363
-1.6461
-3.80564
1.05052
-0.72904
0.545895
-3.84786
2.49576
-3.31514
1.73195
-0.270682
-0.859919
-0.0693271
0.201778
0.442081
0.245624
0.513141
0.590543
-0.486017
-2.27603
-0.187057
0.657811
-15.356
-0.815694
-0.803136
-0.253796
0.0847366
4.53035
-1.60092
0.0286846
7.94333
-38.1226
1.08123
1.54747
5.7463
1.57455
0.574145
2.93976
0.583165
-0.319175
-0.47455
-3.94918
-1.52933
0.566256
-0.959762
-0.562688
3.36856
-0.661395
4.28761
3.49069
0.652882
-0.632015
-1.49452
1.82998
0.273526
-0.309383
1.85917
3.84877
0.0938247
14170.7
2.96332
3.31578
-0.251071
-5.93688
-0.0931822
-12.6123
-1.6276
0.00344881
-0.463824
-2.2213
0.391433
-0.55712
-0.603564
-0.101344
0.580554
0.936209
0.827075
-0.311909
0.700917
-2.68827
-2.80255
-0.980057
6.06487
-0.241583
1.74524
-0.931629
6.16174
-0.65739
-2.06405
0.145661
1.16519
54.5989
-0.376773
-1.59249
-1.73409
0.123664
0.675853
-0.295128
0.675215
16.6521
-0.462558
0.562522
-0.736328
0.50947
1.27515
0.103796
-0.679067
2.10382
0.311828
2.09
3.06257
0.771462
-2.95562
-1.82121
14.1289
-2.7563
-1.72391
-1.27218
-2.69349
2.29811
-0.584166
-1.05244
0.0245467
1.05681
-2.04115
-4.02859
2.74419
-12.0463
-0.388188
-4.02151
-0.158267
3.49057
-1.39802
0.57031
-16.4011
234.51
0.187519
-2.2327
1.59923
-26.8812
-2.91715
0.657801
-0.465313
1.25043
-0.186729
0.228737
1.67297
-0.282615
-1.87357
-1.32837
-0.499179
-6.43346
-3.77513
-3.19325
0.0570897
0.478261
1.29519
1.14419
0.392842
-0.396235
-0.0175439
-1.45025
0.932783
-0.659226
0.587929
0.602999
-4.12454
-2.67698
-1.71781
0.0380973
-3.98368
23.5101
0.326278
-0.421811
-0.0659724
0.0529935
0.348442
-0.860062
1.00904
-0.0818616
-0.123848
0.259016
2.57587
27.8676
0.055208
1.89764
0.351489
-2.24756
-0.461885
-1.32229
2.23918
0.315625
-0.357266
-0.332473
0.226678
-0.231577
3.00389
0.0835151
1.30889
0.889144
1.01409
-0.0757198
3.76198
0.87696
-0.738137
-0.839699
0.378765
4.63984
-0.57166
0.503756
1.4564
0.960833
1.17445
-3.34192
-6.67006
-4.21476
1.72665
150.755
-0.106865
-1.40315
-1.20823
0.865117
-9.96219
7.12827
1.02839
-2.07397
-0.925608
-0.0303348
0.778947
1.83851
0.340131
-3.01149
-1.73346
0.836764
1.80463
3.13311
-3.5215
1.0019
-0.863613
-3.20123
2.17467
1.44752
-2.13988
0.355221
-44.4467
0.0221254
-8.19765
-2.70698
0.457478
0.314482
5.50489
-0.71571
0.0849314
7.57889
-3.11873
-0.0657512
5.94644
2.51534
-2.0429
-0.0627714
-0.455503
17.9249
-1.85773
-4.44152
-0.723409
-0.796623
0.323746
0.442813
-0.194848
-16.4701
-6.73833
-2.73346
-2.00522
-2.76885
2.39904
-0.0698548
-0.771413
-1.32904
-2.35039
0.225226
180.708
0.37782
0.80465
-2.02261
-0.652168
5.21195
0.301801
0.86506
1.67717
-2.02392
-0.224478
1.295
0.325322
0.14657
-0.222104
0.850052
0.358885
-2.31724
0.759488
-0.110115
-0.403471
1.71024
-0.532577
5.50319
-8.12648
-4.97681
0.719208
-0.686679
1.82787
1.33502
-0.22287
2.60331
-1.29481
15.2238
-0.470523
-4.1939
-2.05105
0.0685031
1.57787
3.14266
-7.64866
0.107527
-1.222
2.09017
-7.49662
-0.493922
2.65544
0.372543
2.03708
2.08992
1.47939
-0.0057755
0.213759
1.98184
2.63421
-5.29615
-0.25407
0.331115
-5.16301
0.253486
0.457924
0.889124
-1.50848
1.75402
-0.974175
-1.12523
1.52289
-1.40882
-0.579645
-17.3526
-0.42732
-0.836469
0.994333
0.116628
0.561996
0.87754
4.09495
5.94125
0.454137
0.129059
-5.78238
0.222231
94.0685
0.856265
-0.132037
1.5348
10.1242
3.06998
-0.700241
1.04487
-9.12633
0.759145
6.06464
5.32831
0.229741
-35.9953
39.8463
1.57829
-1.00503
-1.4224
1.29997
-2.6023
3.38269
6.44983
1.86642
-0.818946
-0.852422
0.254296
-1.89425
0.305809
0.47791
3.97062
0.500597
1.83969
11.6378
0.21534
0.119853
-0.150706
0.0727928
-1.89113
2.92124
0.738185
1.63007
3.46583
0.685498
-0.124944
-11.5838
-0.695582
-6.29935
-11.8098
-0.618732
1.72295
-0.22082
-6.7825
-1.22604
3.25338
0.350085
-2.07362
-0.384718
-1.68434
0.841856
1.44607
4.40488
0.794025
2.2475
1.88747
-1.83161
0.327504
0.536213
-2.02266
3.75886
2.36251
0.324801
-1.51476
4.10572
0.0634672
0.417277
-4.02609
-2.69446
0.125761
-0.231459
0.0694628
2.03029
-1.93217
-1.80956
-60.103
0.125709
-0.309395
1.81822
-1.05228
0.914537
-0.940685
-0.217093
-0.47096
1.659
3.86587
-0.62657
0.306944
0.605984
-0.0612717
-0.177689
-0.417569
0.171003
-0.386925
-15.1284
-0.540116
3.76253
0.875851
-0.381207
17.6286
2.68901
-3.40428
1.4754
0.182106
2.36268
-0.421928
-0.0881643
1.8517
-1.67167
0.738228
-0.176408
1.62562
-0.94882
6.16851
13.0209
1.56439
-1.07966
0.533573
1.34616
-0.582834
-1.24069
-5.20478
1.47619
2.80243
-1.10656
-7.76511
2.78983
2.83604
4.88668
1.31932
-0.556859
-0.242309
1.41816
0.486335
0.314623
1.27655
-3.70885
-0.0526787
0.349447
-304.218
-0.538881
-4.39892
-0.0824888
0.0809725
6.79357
17.6854
-0.524857
0.263386
3.86188
1.34844
-0.972933
-8.26912
2.00005
0.757876
0.108975
0.612842
-0.758505
1.3346
12.718
0.819159
1.04607
0.625693
-0.711765
-0.388494
-2.01574
24.2548
0.45293
0.892386
0.855387
0.0828217
-0.659387
0.815078
-0.454095
-1.92507
0.470436
0.0477674
6.63299
25.4304
0.259221
-0.250401
1.38161
-1.53642
-5.71669
-3.70377
0.706686
1.43755
4.91755
0.44021
0.0478794
0.228118
5.21204
1.70291
0.179334
-2.06844
-4.2141
-1.10811
8.95095
2.581
0.592961
2.02287
1.58952
0.266406
-1.4638
-0.0653342
-6.01372
0.427308
-0.813306
0.0804197
0.795398
0.569965
1.85543
0.1272
-0.658163
-0.296897
-0.381572
-37.856
-0.0430355
-0.0767769
0.454203
-5.64236
1.50204
-0.0707845
-1.66589
0.776699
-0.707465
-0.812143
1.39865
-0.187956
0.169633
-28.8967
0.00824532
-0.764265
1.79153
-0.162118
0.350739
0.929285
-0.24409
-1.26747
1.37279
1.09216
-0.424881
3.79284
1.80234
-2.34946
1.051
-1.75796
2.77972
-0.211172
-4.49466
-0.140318
-0.326827
1.93162
0.677735
1.71014
0.218317
-8.92795
1.49423
0.00670267
-1.33529
-1.07849
-0.169163
19.2986
2.09097
-1.27482
0.913998
-39.651
-1.18084
2.67925
0.572762
8.06389
0.118596
0.759109
-1.11691
4.63165
0.232984
-0.208845
0.59569
-1.65916
0.115969
-2.75559
1.16563
-1.27941
-4.44855
-0.0186822
-0.100828
-42.9289
-0.828888
1.33885
-0.219484
5.68874
0.358357
-0.591978
4.77895
-0.245436
9.95151
1.29706
-0.255724
-0.724754
-3.60434
-0.0508816
-0.401052
3.18268
-2.05166
1.17473
-0.270252
-1.38604
-0.207189
-0.53711
-1.03354
0.590985
0.559614
-3.13852
0.663042
-1.20644
0.274834
1.36649
-0.743082
-3.02685
-0.259026
1.23202
-0.352893
-0.460291
1.82371
0.314733
-2.90368
-2.52182
2.15649
1.86352
0.298996
-0.798907
-0.664033
0.997858
-3.29417
84.1872
-0.389716
3.02198
0.519556
-0.0548012
0.419974
-0.137164
0.990237
-0.0770527
-0.984661
-4.21748
1.61759
-0.124257
-3.99311
-0.40057
4.28547
-0.255357
0.889917
-0.100325
1.36753
-0.210948
4.66402
1.46247
-0.278401
-0.982011
-0.442478
-4.48885
77.3736
-0.720903
-0.443626
-0.693601
-5.04402
-0.342016
-0.327715
6.46664
-1.19465
0.913631
3.985
0.672966
17.6876
0.409583
-0.249296
1.21707
-1.30473
-3.40586
-4.61025
3.50459
-0.902881
1.26944
-1.20533
-0.933656
-0.878895
0.0695482
0.675891
-0.527642
1.09568
0.651616
1.64612
5.79619
-4.94206
-1.22367
3.39048
-1.49621
-0.640636
-6.8929
-0.0977067
-3.68531
-7.27218
7.43989
1.09438
-0.457544
1.01025
0.216198
-2.75932
0.336308
1.76298
-0.601678
0.909865
-2.0374
0.732988
0.599202
0.944288
-1.94775
-1.15253
2.64842
-4.5564
4.13227
-2.31402
-0.623323
0.0525987
-1.07457
8.49831
-0.782697
-1.04838
-3.29479
-17.8556
0.320108
-1.55767
4.49063
3.65808
257.145
0.731153
1.62375
-0.438392
6.88177
21.3724
-0.843858
0.146561
0.0538289
-0.8251
0.564728
-1.39152
-2.21799
0.15522
0.899225
1.70745
-0.608737
-0.278847
-0.551016
0.642766
0.192177
1.28637
-1.80799
-8.30485
0.688216
-0.533038
3.8282
-6.95503
0.473299
-2.98834
0.701605
3.03718
-0.673058
-1.96291
0.15348
-1.67404
9.55978
0.180835
0.8995
1.29479
-0.313765
-0.419293
-0.29025
-1.64213
0.324207
1.52047
0.37654
0.222236
-0.770748
0.0309836
-1.33339
-0.149189
1.17164
3.62349
-1.91049
0.524867
1.16148
-0.0773379
0.0730509
3.13206
-0.998369
2.79424
-2.29143
2.06692
0.484899
0.020261
1.13968
-4.3133
-1.04582
0.0256943
-4.20577
-0.74266
0.289275
0.655528
10.2589
-2.0945
-0.190505
-3.24823
-1.32638
-0.0307412
-0.282425
-0.0399032
0.753359
0.055999
3.27657
0.453027
-0.707971
-0.212719
17.8509
-0.377768
1.14935
2.08983
2.30994
2.40475
-0.338032
-2.23782
0.63745
0.266643
0.376409
-2.3797
-0.482775
-1.14145
0.644002
0.446303
-1.39371
0.00949307
0.34452
-2.31643
-0.366617
1.11551
2.84153
-3.68385
-0.0115744
0.163192
-0.471929
0.727346
-3.14097
-0.186411
-0.340033
3.0106
-0.0063542
-3.25698
1.65287
-0.366545
0.00388656
-3.2583
1.30121
-0.356859
0.431839
-0.372908
0.888023
-2.43817
2.44883
0.211281
-0.127514
0.613123
0.836721
-0.184913
-5.03582
2.38803
1.09834
-0.239699
0.299891
1.55061
7.24685
0.172384
1.24962
1.38945
-0.254918
0.1357
0.296118
0.0136035
0.192822
-0.867427
0.711668
2.3576
-1.21838
1.39987
-0.383298
0.270669
1.01401
-1.12898
-0.171328
-1.32347
29.2236
1.23151
-1.32896
7.93898
-4.23773
-1.14486
-2.65125
1.23265
0.0924118
-1.11009
0.707065
-0.680689
0.689678
-0.326082
-0.0760198
-0.494014
0.50792
0.201807
0.997689
-3.91235
-0.0322112
-1.46912
-6.49398
0.23689
-61.369
-0.25138
0.0332544
-3.27895
1.8073
-1.51492
-0.277725
0.0176268
0.709932
0.871664
-2.51693
6.73055
1.70508
0.26159
2.61421
0.630912
-1.98738
-1.02642
-0.384885
-1.78738
-0.27808
-0.801973
0.272503
2.98957
-2.38435
5.16167
-0.429095
0.531615
-0.319334
-0.890149
-0.870589
2.82332
3.2956
10.7532
-1.69005
-87.1566
0.445115
2.14886
1.21341
1.46839
0.265176
-1.21494
-0.163227
-1.3623
0.609771
-1.66966
3.28931
-0.685227
-0.789392
0.645
-0.582011
-0.204392
-0.290002
1.19609
0.802745
1.19193
0.649326
-10.115
-1.55536
0.728732
0.399956
-1.31581
1.42228
2.58154
0.0191317
5.81028
-0.778925
0.0706314
-1.41158
0.0900682
2.02941
-1.0276
-1.97581
0.443393
-1.0077
-0.348444
-14.9112
0.600291
8.64873
0.43189
-0.634398
-1.71803
1.42719
1.16349
1.1002
0.900196
0.833028
-0.0877189
0.473244
6.21216
-0.519105
1.00362
1.2807
0.727156
0.805944
-5.22638
0.844286
0.57528
2.51388
0.198262
-1.20681
0.242435
-0.815071
37.3222
0.847577
0.771409
-0.720551
-0.675948
2.09204
2.79166
0.582496
2.32452
0.551181
4.59088
-2.55384
-1.60106
-19.3993
-8.59028
0.0379004
-0.211767
2.39687
-3.75679
-0.637351
-0.194251
0.56779
0.941528
0.138986
-0.103896
4.23302
-4.00696
-4.37005
-0.128941
-0.793103
-0.722798
0.926572
-35.8973
4.95482
0.208174
-2.03686
0.657542
1.08746
34.7277
1.43977
-0.456532
3.55557
10.2181
-0.0151712
-0.235248
-0.933743
-1.41539
2.30523
-0.11955
6.60609
-0.516367
-0.659741
4.05965
0.405767
0.0167977
-0.336823
-18.0953
-0.432011
-15.7022
-8.7564
1.87945
-4.62667
-7.91064
-2.68973
1.37812
1.12054
3.93681
-0.995469
6.02747
-2.32469
1.36417
-0.178453
-1.94843
1.87572
-1.80601
-0.726485
-1.98197
0.754833
1.048
-0.884081
0.318431
-0.534872
-2.07402
-0.22986
0.782925
1.94444
1.71659
-0.699682
-2.5946
6.82982
6.75042
1.24934
0.56563
-0.0746678
0.440565
-1.19572
-1.48542
-1.72697
0.104812
-0.625666
2.53353
0.248381
-1.43869
1.20222
-0.453503
-1.62617
-0.476259
0.548733
0.128686
0.566993
0.215031
0.783162
0.123474
0.709144
-26.0894
-0.396143
2.70719
-1.16745
-0.841165
1.83219
0.168855
-0.749124
-2.04461
2.06767
-0.523867
1.05129
-1.22204
-51.4192
-2.48644
-1.07068
1.89336
0.910112
-1.75895
0.222809
0.277279
1.11228
-0.3981
-1.42969
-0.240235
-0.116487
0.900892
84.0545
2.16834
0.184157
0.257259
-1.52109
-12.124
2.81746
0.896451
3.75639
1.08833
17.2346
0.553476
-2.28852
-0.63313
2.59065
-2.53219
0.0973589
-0.400304
-0.956965
-0.00413778
-62.6425
1.85695
-2.87577
1.67072
-1.24862
-0.05106
-0.0304925
0.942707
-1.50663
-1.06124
0.969629
1.45285
75.9143
-1.37876
-0.395534
-4.01319
4.52837
2.28806
0.713249
0.991139
0.506875
1.4701
-1.03203
1.06925
-9.85178
1.14912
-7.88953
-0.0775229
1.13161
0.341283
1.7712
-15.3383
0.881015
-2.45844
99.8333
0.297058
-0.879338
-2.14759
-0.751513
2.17698
0.678374
0.582054
-0.145188
-0.124695
0.840093
-1.19399
1.48552
-0.200729
-0.0337053
0.458034
-1.48234
-4.10579
0.645802
-0.50414
-4.20194
2.32214
-0.182218
4.46445
-0.38445
1.22379
0.908033
-2.88946
-0.285721
-4.82187
1.59766
-1.63359
0.968636
-2.7254
-0.552584
-0.803033
0.631759
0.014699
0.210291
-0.0705315
0.330008
-0.665411
1.19466
-0.949996
-0.292506
0.403847
-0.288023
-0.512228
0.688125
-0.662937
-0.0553355
-2.09731
-0.0528751
0.686831
-8.41201
-0.349191
-5.2289
-6.77631
1.92204
7.18067
0.699875
0.265042
-0.71354
2.2993
-0.201449
-2.43894
-0.921978
7.57564
5.67672
-21.684
2.92674
-1.08922
1.32338
2.43751
0.0957407
1.0717
0.0793655
-1.45928
2.30174
-1.68842
-0.416044
0.907464
-3.67056
0.956388
7.52079
2.2359
-0.317115
-0.246897
-0.283039
1.63815
0.0304349
0.224617
-1.459
-17.8544
1.90762
-1.79991
-55.3524
-0.053645
0.767259
-0.301293
0.323355
-0.498961
0.674697
-1.89743
-1.97011
-1.86626
1.20385
0.254698
-1.56926
2.00767
-0.454756
-0.553563
1.29596
3.13274
-1.88252
-3.02236
0.390694
0.0327736
-10.6213
2.96186
7.03633
-0.81674
2.31828
0.075143
-0.133139
-0.971475
-0.360333
-170.208
-0.104134
-2.96132
6.50796
-3.78863
0.0839178
2.60488
-0.242489
2.90014
0.306535
3.72492
2.3396
-4.65667
6.75511
0.151773
-0.0394813
1.51961
-5.7024
0.639287
0.980843
0.777254
0.458407
-15.9276
0.477209
0.827997
-1.04091
-0.347171
0.110348
0.735299
2.19248
0.265502
-0.660601
-0.121509
-0.81006
1.35413
2.04918
0.824804
3.17966
5.56138
-0.331094
-0.543327
0.146412
0.252501
-0.954549
-11.0131
2.29974
-5.8922
1.1157
0.429394
0.512884
0.526784
0.990337
-0.492713
3.53601
-1.9845
1.64489
0.758783
0.393389
-0.689862
-1.19103
1.26983
2.19993
0.674863
-1.43245
-4.81058
2.21141
-34.0832
-7.13461
0.0116254
2.54686
-1.54872
3.15439
-0.569822
12.6171
1.22135
-0.0116882
-0.00490091
-0.702707
-2.74966
0.250028
6.58417
2.3066
4.39872
-9.69007
-0.171667
-51.0883
-0.466837
192.818
3.43921
1.82235
1.8927
-0.448813
-3.57327
1.20454
0.603474
-2.53393
-0.560237
-1.36615
-0.152276
-0.872046
-0.634659
-12.4642
0.623732
-1.22926
-0.473309
1.98131
0.264109
0.747373
-0.478191
2.88079
-4.02586
-2.514
2.25476
2.69901
-0.52247
-0.73877
5.57491
-0.57685
-0.130832
0.637673
-0.245565
0.305339
-1.92026
0.54878
0.663189
-3.77131
-3.73034
0.284336
0.185286
0.418283
0.467358
21.8867
-3.37256
0.0326034
1.57541
-0.226327
-1.40921
13.3086
-0.690663
-0.160767
1.28272
-0.180244
-3.06995
-0.07843
2.10052
-0.104772
-3.35108
0.332921
2.07261
0.365983
-0.066147
-2.98552
0.461037
2.91932
0.0114158
0.165734
6.36212
-1.43097
16.9314
9.10066
0.887388
0.805001
-0.644326
-3.56782
-1.34397
-4.40048
13.9511
-4.94838
0.129126
-1.4496
-5.7239
-3.43332
0.197489
2.12637
1.523
0.841174
-36.4425
-0.720083
0.71575
0.328526
-0.55584
0.220058
2.28268
-2.46265
7.83183
-0.471806
-1.02151
0.641935
-0.503816
1.25656
-13.571
0.0525878
1.06453
-0.640127
1.35164
2.67782
-29.6838
0.808661
4.28228
0.133782
0.234498
15.2757
1.82159
0.198651
-1.82797
-3.85636
0.21666
-2.17978
3.31911
19.27
-0.166747
-0.097011
-0.468332
3.3932
4.40477
-0.102665
48.1022
-0.426532
3.21357
-0.942259
0.46396
0.295759
0.229087
-26.7279
1.81479
0.826816
-1.59677
-0.988023
-0.210914
-1.40153
-4.81324
-0.126225
-0.0107449
-0.218219
-0.346199
0.351615
0.921665
-26.5491
-1.82023
-0.167149
-0.889591
0.363581
-1.57011
0.0848844
14.6555
0.104321
0.114973
-0.753799
-1.5706
-2.43719
-0.266026
-0.33048
-0.554387
0.850808
1.62346
2.93062
-5.70932
4.93017
-0.0658829
7.35521
0.472444
-1.10887
-0.368777
0.633153
-9.89675
0.39438
0.351598
-0.159426
3.9269
-0.0690384
-2.62585
-1.67523
-0.901402
-13.0459
-0.0244329
0.181434
-1.58744
-13.8092
-2.20906
-4.26088
3.1474
0.146844
0.131878
-0.375823
0.324533
0.0164573
10.985
-10.5129
-1.44524
-2.02045
0.559012
-1.21273
1.49137
-0.00262946
-1.03778
-1.00038
2.46177
-0.582205
0.421267
3.67476
-0.199279
-1.61653
-0.075411
-17.6934
0.228612
0.622129
-0.577982
1.56349
-0.649306
-0.405213
-75.2769
1.27449
-7.52333
-2.62648
-0.361815
3.11119
-0.463425
1.33905
-0.423516
-27.5994
1.07515
-0.991237
0.180968
-0.194933
87.3308
-0.455178
2.26659
-2.0861
-2.43936
-1.34242
0.303191
-332.773
0.272012
0.472108
-2.72613
-0.46612
-2.9082
-2.13638
-42.2861
1.04081
-2.238
-33.4808
1.34315
-0.128864
-29.5004
0.152882
-2.51218
-1.55846
2.31851
1.83481
1.07254
-6.33149
-1.15462
0.226543
0.643262
-2.37931
-6.68253
-0.343162
0.616087
1.4547
0.461701
-1.18449
-8.61094
2.59958
0.105375
-1.28042
0.205642
1.23522
0.012248
-1.11073
0.221205
-0.314707
-0.443409
-492.641
-0.500081
22.0299
-1.13505
-0.414033
1.23158
-2.30651
0.0729433
0.393885
-0.101607
-0.239804
-0.142435
0.588629
9.29338
-9.13132
0.505294
0.369467
-0.529376
0.182628
-0.33044
0.415549
3.47819
-0.409305
-0.0959567
-20.99
-0.300352
0.678813
-0.770364
1.40081
0.386147
-0.0611326
5.38032
0.369908
1.27381
-0.686751
-3.99558
-0.323082
-0.72445
-0.431558
-5.9292
0.725227
0.591428
0.0336163
-0.452841
-0.649224
-0.44546
-0.0757627
-0.234368
0.0299613
0.551996
1.03422
1.38538
-1.73573
-0.806444
1.75151
0.219079
6.61625
-2.30193
44.4021
1.09555
-2.6738
-0.0364264
-1.42781
0.986529
-5.42265
2.02676
2.89515
-0.73771
-7.2552
0.359359
-1.02767
-6.6485
0.351291
0.569604
-0.438846
1.34318
0.262058
-0.365014
1.84926
-2.05653
1.59383
-2.16925
1.84207
3.78363
1.21484
0.605395
0.000566284
1.45753
0.675134
0.165466
2.24271
0.295582
2.80733
1.95202
0.845121
-38.6232
0.0834858
0.221938
0.118505
2.16877
0.195576
5.78465
1.10236
1.39846
0.717704
-1.7621
3.5572
0.279439
-5.52325
-0.00345223
-0.647315
21.2008
-5.14592
-0.268055
-1.69886
0.835526
0.403278
-10.7489
-0.756859
0.386051
0.556103
0.996222
0.2292
-2.62267
18.4878
0.664206
-0.309188
-1.15998
-0.0894949
-2.32052
-0.0437834
-0.697987
-1.86747
-0.863166
-0.0158155
0.0440215
0.11938
0.378073
0.496765
2.0772
-1.21485
-0.185728
1.23992
4.04101
1.42574
-0.212937
0.5629
-0.883122
-0.0453871
-0.433807
-5.69953
-0.484199
-3.63973
0.0454411
-0.503374
-0.408354
0.560425
0.705677
0.377566
0.851579
-1.91289
-3.6247
2.6154
0.0355191
9.22474
2.35935
-0.356721
1.42523
1.31211
0.128833
9.56941
0.0366346
3.84931
-0.157217
4.40542
-1.6384
0.963698
-0.473253
-0.729261
1.94882
0.377476
-5.39986
-1.16425
0.476563
11.8957
-0.572191
-0.335973
1.76285
0.196355
-4.67145
-0.522787
1.10046
-0.192349
1.37744
0.112721
8.12999
4.67485
-4.79051
0.266666
0.285589
0.416807
3.38289
-8.11318
5.88337
-48.5495
-0.469605
0.126295
0.946092
-0.0476744
-0.636798
-0.306905
-3.80543
2.78476
0.920212
13.8273
-0.00856533
-1.80109
2.909
2.57429
1.56819
-1.09974
0.604882
-0.0668859
-0.936555
2.20622
-1.65643
45.6017
-0.161069
0.205882
-3.14283
-3.08704
-0.913013
0.328408
0.0570905
-1.033
10.6801
-3.53883
0.384658
-541.503
-9.08505
-2.64602
2.53086
1.19781
40.8423
-0.323838
3.14046
1.24352
-0.512338
-0.542013
-2.96907
-4.35949
0.580854
-0.474858
0.51247
0.959384
-4.77856
5.8537
0.482034
7.4663
-0.981056
0.214472
-1.74971
0.128631
-0.961079
-3.19536
-0.271751
-1.39692
4.90541
-0.274962
-1.52371
15.2263
0.291851
0.0726271
-0.669412
0.427818
-9.15156
-0.337239
-2.27374
-0.166572
1.99084
-2.91068
0.484223
-0.00930406
0.313484
0.203289
-0.38036
-0.366544
2.13
1.06433
-0.117999
-40.3354
1.11118
-0.43905
0.283508
0.694751
2.5428
-1.1767
-0.596167
-0.591179
-3.77972
3.37765
-0.492649
-0.663935
2.19134
-0.0731957
0.420774
-0.564585
-3.79074
0.433304
8.27965
0.170792
0.162162
28.8942
-7.11367
-1.35504
-0.870194
2.99644
2.68426
0.104163
0.373336
1.14618
-1.03146
0.487121
0.308419
0.0629794
-2.18621
-3.25703
0.171698
-0.951442
-2.33788
-6.35519
-3.55137
-0.659006
-0.172042
-3.41365
-2.61074
-0.128642
-0.377511
-9.01715
-0.410958
-4.29395
-0.303169
-0.361652
-0.377535
0.107655
-0.831896
-4.99201
-3.39457
4.00066
0.247918
-1.18539
0.462074
4.31217
1.25543
0.53101
-2.79342
22.2219
0.0124145
0.128112
-0.569924
0.221527
-0.675114
-0.101706
1.72189
-0.0270945
-0.277379
4.03607
-0.375522
-0.91836
-0.820178
-26.2264
-0.203116
-16.8665
-2.26726
-0.75532
-17.4087
-0.506457
2.62418
-1.66653
-1.58998
-0.177354
-0.11964
-1.61818
-1.17394
-176.248
-1.85233
1.41531
-0.118894
-0.684323
4.24118
0.114812
1.40284
-4.35146
0.0136214
0.707957
-0.404684
1.70697
-0.513294
-0.269491
0.127043
-0.534078
-0.00321189
4.45667
4.73292
0.227118
-0.836906
-0.122552
-23.4327
-1.46967
0.335414
-0.731503
-3.37339
2.46455
0.761287
-1.15997
2.32685
-1.34783
-4.01938
1.75177
-4.75596
0.574445
6.66139
0.713015
-0.873561
-1.67052
1805.46
0.803106
-2.01282
1.52017
2.4785
1.80556
-0.247666
4.20631
1.827
2.26116
0.0689778
0.0296402
4.08547
-1.5264
1.81085
-12.5651
0.169521
-0.26631
-1.08971
-1.08183
0.376426
-0.118393
-3.54404
-8.38707
0.158832
1.37324
0.0923665
1.37696
-0.461036
-3.43117
-0.549903
-1.15376
-0.70379
1.50451
-0.610663
0.712912
-0.119609
16.6161
-4.03005
2.37594
0.437085
-1.53352
0.43502
0.132901
-1.32605
0.156607
0.789756
-2.14493
3.76716
-0.714302
63.0591
1.14319
70.1872
-5.13416
1.34363
-0.220812
1.21497
0.756066
-5.50547
1.81377
-1.11404
0.0770795
1.19959
0.0524311
0.826892
0.301189
-0.0997678
-0.598868
0.308793
-1.28825
-4.89047
-0.659713
-0.343188
-1.38162
-1.2073
5.19962
-3.65193
0.218918
-0.834748
-1.21196
-1.88815
-1.35379
0.205872
-1.23445
5.31778
1.54509
-0.674938
-2.89554
-0.450664
-0.0483142
-0.679442
208.283
-1.92854
1.24172
1.01087
0.785776
5.22322
0.167536
-0.644262
-2.92206
3.05072
0.8559
2.09753
-13.0438
-0.704241
0.719591
-0.00957325
0.163763
1.064
1.09667
-2.42271
-0.107866
0.950381
0.239094
0.0199334
0.715424
39.0718
-0.445309
3.26773
-1.19598
1.00561
-0.844801
0.852173
-1.82869
0.271773
1.46015
-0.418365
2.16965
0.620391
-1.10489
1.74105
-5.58558
-2.5953
-127.533
-0.564015
0.211198
-0.300683
-0.979306
0.288029
-1.31155
0.870225
-1.40332
-2.26212
0.712929
-0.224584
2.97079
-61.488
-1.0001
0.765771
-2.84146
9.74407
-0.897176
11.4908
-7.4042
-0.746453
-0.551284
-0.39632
1.55272
0.345243
2.64835
-0.68685
5.44085
-0.205609
-5.06994
-46.3657
-0.199499
-0.516984
-1.47244
0.387405
-0.44554
-1.52501
-0.00950127
-0.00644838
4.79713
0.569498
-0.0816739
-10.4917
0.143383
1.83854
16.9484
0.447357
1.52332
0.928568
-1.25395
0.550116
-0.0292559
1.56786
-7.73556
-0.204438
-0.39347
-0.0521637
0.198499
0.153522
-9.03307
-0.157206
-1.35466
-2.27614
-1.54338
-0.420743
-0.0363709
-0.0229638
-0.205119
-2.34472
5.05286
6.13098
11.7788
0.282945
-1.17093
0.844701
0.982914
-4.30089
2.178
0.567474
6.38802
0.463648
4.33351
-0.623715
-0.612674
0.306035
-0.062239
0.0152401
-0.216322
0.651001
-6.41424
-2.10872
1.24559
1.20532
-1.04329
0.157494
-1.54101
-0.903462
1.49781
1.15185
0.114013
16.971
0.0697639
-0.565534
0.319727
-2.30491
-0.390572
2.70162
0.320579
-0.233622
-1.87627
1.45073
0.58584
-1.59225
1.74437
3.13166
1.53042
0.290837
0.749437
-1.93289
-1.10897
-0.234612
2.68497
0.249667
1.43625
1.13195
-0.9903
-0.32052
-0.323202
-3.66441
-0.180706
0.719705
-11.8872
0.13
0.503187
6.48316
-1.41687
0.251957
0.066201
-0.147008
-1.866
-0.303261
-0.102424
-0.512424
0.0556604
-0.131202
1.93089
0.332509
0.670377
-4.57418
0.287797
2.12297
-0.836375
0.790742
0.0722144
1.82633
-5.20261
-0.737468
-0.529085
-0.339657
-1.06634
-49.7074
0.0638738
-2.91886
11.8793
-0.622616
-0.208401
-0.246969
0.00447328
1.44006
0.0562255
1.24902
0.32145
-3.01338
-0.180056
-0.292611
1.76486
-1.00582
0.17187
53.2301
-0.58479
0.603534
0.807133
-0.812365
-2.06577
3.00415
-0.530689
-1.76617
-0.247615
-4.72475
0.23877
-1.4118
-1.72173
-0.597003
0.894743
-0.815435
-0.345697
1847.77
-0.272572
0.599107
-0.706355
0.485596
0.733098
-4.05836
-0.13641
0.829022
-3.44681
3.23409
1.86386
0.559155
0.51747
-0.367048
-0.58581
12.1924
-2.1455
0.505587
-0.792138
0.324582
-1.26602
1.63304
1.64779
-2.7705
5.12475
0.736511
0.080946
0.182005
1.06842
0.376153
-0.61317
1.45185
0.398768
0.0371369
0.284343
-4.1075
-14.2066
-0.821395
3.66736
1.5673
0.890496
3.20404
-0.229307
-0.302776
0.521191
-0.0456451
-0.646189
-0.0669773
-11.7534
-0.674545
1.27227
6.07533
0.0263589
6.87534
11.9263
0.0413101
0.0991685
-1.12457
0.132104
0.25392
-0.0537955
36.9522
0.749956
3.37813
-8.04406
3.0755
-2.46461
-0.800746
-1.15303
0.17521
-1.51686
-0.962977
0.323279
-0.380372
0.433568
0.422826
1.80057
-0.722376
-2.19762
-3.10313
-1.41643
-0.172548
-8.62544
-1.79543
0.660102
-0.436173
0.383938
-0.565499
1.61404
0.325674
0.10509
3.97308
4.85835
39.6978
-3.80685
0.78691
-0.118626
1.74865
-0.00757478
0.0730635
-7.79946
-1.10889
5.97854
1.90337
-5.87716
-0.372499
1.54189
-0.567617
-0.0756592
-0.477905
-0.549049
-3.75051
0.0515572
3.08896
-0.451349
-0.0979666
-0.578625
-0.206735
-0.281748
1.04464
-4.18806
-3.0269
-0.687927
-3.17032
-10.2607
1.86053
-2.14386
-1.7342
0.786638
3.16989
0.336499
1.61091
-0.496402
-0.623323
2.14045
0.894066
-0.198995
0.209792
0.181227
-0.257007
-0.775672
-1.81717
-182.204
-0.312281
-1.27574
-1.46673
0.414572
-0.473372
0.946306
5.755
-0.536336
-0.258385
2.54415
-0.388813
1.0664
-8.82327
-8.73387
-1.96032
-7.6891
-678.823
-0.984974
-0.0802313
0.179635
0.140996
-0.250106
0.0598523
-1.95403
-0.10837
0.209566
-2.05244
-1.47979
-1.02834
-1.42503
4.62164
1.85107
0.372658
-10.0017
0.482289
0.789084
-1.64792
16.1446
-12.1712
0.775816
69.001
2.00343
-1.23285
0.549659
0.327472
1.43985
-0.315113
0.331386
4.68835
-1.55463
0.150596
-4.39711
1.04066
-4.27186
1.01364
-0.955451
1.34831
1.88676
-0.938812
-3.68456
1.81802
-0.81754
0.46332
0.659813
-1.87295
-0.65743
0.678735
-8.92064
-10.9297
-0.0511661
-4.71963
0.708508
7.09724
-0.232008
-1.52543
0.473946
-1.45583
1.19885
-0.984157
-0.881678
1.83943
0.363159
-1.0726
-0.857714
-0.143355
3.75157
-1.00664
0.19776
-1.5932
-12.1897
0.801747
0.344282
0.563342
-4.69846
-0.878549
-1.13648
-2.1257
4.45791
-0.685791
4.31883
-3.88866
-2.11772
0.588671
0.0035943
0.167321
1.50963
-1.07504
-0.39338
-0.210626
0.825875
0.205447
5.03587
2.78204
-0.257756
4.17774
9.95631
0.386418
0.217836
-2.45876
-1.57039
14.4596
0.295578
-2.47801
1.07447
9.23558
46.5486
-0.276149
-2.13633
0.235901
-3.0442
0.371847
-41.0985
-2.62184
2.91452
0.423674
-7.20521
-19.3241
-4.54221
-1.60841
14.6547
6.8131
-1.08554
-1.04637
0.21544
0.400842
-0.32079
-9.77181
-0.564383
-3.29401
2.40815
-0.0422579
1.63897
-0.314807
1.15666
-0.162112
0.17754
0.879231
-1.42339
-3.75377
-0.128488
-5.09064
-2.58127
0.296144
-0.0481306
-0.0207357
2.03092
4.03042
-1.0815
7.24048
-0.682404
-23.0097
0.0811444
-1.08046
-7.38889
1.67814
0.4764
-51.0599
1.24942
-0.085763
-3.17822
-0.587103
-1.89861
-3.58366
0.959035
-2.21403
-1.3385
8.30456
-9.61879
-1.3868
0.0502256
1.68408
-0.520293
8.05033
4.10932
40.9863
-0.302318
-0.30514
3.26428
0.981722
1.73666
14.8077
-5.90083
-1.03585
2.42978
0.26051
15.0803
2.39153
-0.228614
-0.135738
-2.02617
0.884724
-3.10934
4.87039
-0.19288
-0.114771
0.809873
0.622003
-1.33818
0.216796
-19.295
47.9656
1.27098
-2.31302
-2.36192
113.261
0.303851
-0.472351
2.05869
-0.0381823
1.76771
0.160294
1.78421
0.0386785
0.714711
-25.4523
0.33919
-2.54005
1.35404
-3.71758
-4.27019
1.37835
0.692449
0.313872
-0.448427
-4.38137
0.874856
0.448621
-2.11065
-0.291234
0.70629
0.172925
0.144785
1.46676
-0.451113
-7.84211
0.568329
-0.523192
0.666694
-1.22928
-3.40022
1.04523
9.95188
-2.80502
-0.0244671
1.92246
-2.41987
-1.63886
-1.7139
5.96573
0.730842
-1.08025
0.0175113
-1.28675
5.52275
0.164269
0.266632
0.698108
-1.01076
-0.739781
-1.70876
-0.472205
1.02876
0.870421
-51.2581
0.760468
3.8429
-2.35608
-5.47701
-1.66612
-0.0332825
-0.321639
0.43314
2.77011
-0.750547
0.385407
1.76362
-0.387651
-0.170088
-0.929187
-0.94084
-0.622817
0.46508
2.57146
-1.69701
-2.92096
1.19226
1.34419
-10.0093
0.394513
0.817645
0.200938
4.20445
0.625025
1.3124
6.45265
7.06317
16.6653
-0.0378708
0.607504
0.52765
0.415823
-2.22913
0.117362
-0.807663
1.7437
-2.31867
1.42039
1.63971
-3.68758
2.4412
-0.539239
-0.493823
7.6301
-0.461908
1.32249
0.23287
-299.793
2.56038
4.57315
9.83998
-0.218961
0.429045
-1.31721
1.35158
1.69797
-0.415744
-3.99543
0.48451
0.398862
1.26455
-1.92714
-0.36861
-0.687667
0.354703
0.607002
-2.29697
1.06187
-0.950691
-4.07939
-8.98936
-1.82979
0.926397
1.22162
-0.147391
-0.333204
-1.07348
-1.19092
0.538223
-0.586726
0.198532
-0.795202
-0.173686
-1.20247
0.0793784
-0.178953
1.23711
-0.00165824
0.569233
-0.781119
-1.11927
-0.49202
1.1651
16.48
-0.232246
-1.43037
0.471836
-5.64718
-0.191774
-0.550976
0.334056
0.611592
3.91414
4.67522
0.339839
3.00973
-11.8006
-0.0758844
1.57934
3.06335
26.8532
-1.19831
7.51019
2.89895
0.277283
-1.74838
-0.744287
-1.13354
4.29016
-1.43843
0.0306482
1.59232
0.742691
-0.835241
-0.0778987
0.137634
-1.83409
-25.6519
-0.0948465
-5.99203
0.114724
-0.415895
-0.353531
2.22974
0.533276
5.58663
0.226967
0.0672359
-2.04951
2.31864
-1.64905
1.66395
1.1059
-1.13125
0.40045
-2.54313
-0.752617
5.42631
-0.0749649
-3.61249
1.46033
0.227315
-1.92733
-2.99956
-0.0974269
-4.1882
-4.77258
-0.0285716
-0.0718174
-3.38438
0.00961078
-1.12698
0.380161
0.975838
1.79785
-1.95793
0.135976
-1.03268
0.556349
-0.164185
1.44388
0.901658
9.0692
1.79635
0.534968
-6.46362
-0.0254748
4.31889
-0.264654
13.5345
0.157696
-0.186261
-2.6189
-0.0778413
0.250878
-0.84699
0.60332
1.48798
-1.27716
-0.682113
-0.313735
0.568931
1.92936
0.250444
-0.00203292
0.781008
-0.611654
-0.0119954
22.9965
3.88649
-0.448507
1.32337
-0.0874822
-0.279116
-0.69803
4.1586
-0.185663
-1.8214
-1.0121
1.47657
-0.511038
0.0918472
-0.892027
0.0217212
-0.829778
0.618868
-0.0124824
-2.24468
-1.49692
-0.575185
0.575323
-1.7274
-15.5791
0.455341
0.901007
2.36138
-0.553148
0.0914728
-3.11066
0.309582
-7.69765
1.43403
-0.675025
-1.02626
1.16
-0.942569
-0.494596
-0.510673
-0.0249845
-0.124554
-7.41989
-0.492133
-3.73169
0.380368
10.872
0.578577
-1.56221
-0.596203
6.28354
-0.204637
-0.685023
-1.10019
-2.35922
-10.2811
0.887526
1.44443
1.49964
-1.34422
-0.910737
-0.233536
-0.0895945
-2.04139
0.103296
-0.216597
-4.74051
-1.26811
-0.198524
0.0470194
0.598298
0.0738407
-5.40856
1.88662
0.401059
-0.128135
0.754864
1.09806
3.71181
-0.336331
4.67109
-2.17558
0.205139
0.477076
-2.06111
-0.264846
-0.506207
-5.33224
1.73424
0.209429
-0.521608
0.469132
14.344
3.05484
0.0925375
-1.97716
0.959496
-1.77496
-3.9616
2.37873
-0.343547
-0.751407
-0.524811
0.543616
-0.387011
0.978062
1.6265
-1.31845
-0.551784
0.36532
0.396017
0.738993
0.848485
-1.1116
-0.243313
-10.9881
0.699553
-1.06166
0.0622287
-0.907569
-0.259008
-9.53625
-0.864849
-7.20064
-0.775185
-0.532939
-0.507319
-1.01605
0.597646
0.19328
0.963015
-2.40976
-3.65422
0.507892
2.17421
-1.41761
0.439462
0.483767
-0.0927447
-0.420702
0.0907567
-0.610087
-1.36821
-3.61717
0.943971
1.0977
0.266438
-1.24246
0.456998
-1.00594
2.44478
-0.131841
0.293656
0.617253
-1.89449
-7.97314
0.354094
-8.95687
0.880429
-4.78175
2.12948
6.2551
0.352923
-0.228325
8.11434
0.800349
0.931263
-81.7644
0.511135
0.0733251
0.408138
0.31601
-4.34652
2.47252
0.907304
-10.5414
-1.88103
-1.42397
-1.2954
-3.83741
1.33042
-0.0192536
0.352064
-0.152181
544.327
-0.413418
-21.1052
-2.45009
-0.457303
-0.220913
-0.287052
0.285525
1.35222
-1.39031
0.737981
0.162005
-1.53519
6.01604
3.60188
-0.490427
0.103384
-0.68218
-1.05318
-1.47216
-0.735009
-2.13722
0.378602
-27.0177
-1.51871
-0.67251
-0.462358
-3.74665
-0.66874
-0.209539
34.3738
0.16521
0.740608
7.66956
-5.85977
4.22093
-0.375928
1.53169
1.66756
0.184984
2.6199
0.780363
-25.1195
-1.28361
0.0507181
-0.166321
3.06451
0.586794
-18.5571
-1.01204
-1.27071
0.308783
1.29154
1.58172
4.17566
-9.2378
-1.19023
6.23299
-0.322419
12.6186
0.0482072
-0.230235
1.33069
-0.658099
-0.529573
-1.43423
-1.03182
0.408818
-1.18047
-0.806463
-0.498239
2.90885
12.7099
0.419005
-3.93814
0.380816
-0.291123
-0.451342
0.659499
-8.79638
0.72168
-0.959901
1.09269
0.00412407
0.164884
-1.04797
1.49201
0.660375
-9.38504
-0.252242
-11.9143
3.93706
-0.0829277
1.44068
5.48635
0.249927
0.523454
-1.06102
1.57093
-0.014164
-0.284379
-6.07794
-6.09329
-2.13045
-0.0340138
-1.11573
0.884714
3.26898
-0.781817
-0.344158
-0.312193
0.0303114
-4.81067
-1.12042
-0.894398
0.312396
0.402182
5.88958
2.38763
0.825821
-10.0052
0.558002
7.76144
-32.8394
-0.958692
0.121208
-0.230908
1.11937
-0.939953
0.212141
0.43077
0.438796
0.63029
-2.72512
6.24305
4.1874
-3.46865
0.290336
6.38322
-0.041561
-11.5914
-0.494134
1.00261
-1.64426
-0.515609
-0.627536
-0.271716
13.279
-2.30293
-2.15641
0.163109
-1.8223
0.375342
-3.83167
-1.04377
-1.7335
2.62628
-0.0844969
-0.0267749
-0.0703515
1.79657
-0.62587
-0.341112
1.26839
-2.89162
-1.21285
1.38209
-0.111838
4.7132
-0.451889
2.45907
-0.875558
0.411077
1.96944
-1.72889
20.6052
-1.36259
-1.90869
1.25449
-1.39861
1.42813
10.2932
0.095546
4.30298
0.244961
-2.32438
-1.47538
-0.115251
11.5444
-1.59411
-5.60734
-0.636181
0.210217
-1.61579
1.77362
-0.366101
-1.16211
-1.23507
-0.433462
-4.77892
-0.0138778
2.43387
4.79154
1.46136
-4.43415
-9.9962
1.1837
-0.385254
-1.4469
-11.0428
1.28119
18.4966
3.90393
0.520681
-1.9953
45.6121
0.294658
0.231915
6.22831
1.67161
-4.092
-0.48216
-0.265944
-6.09663
3.16389
0.380439
0.653507
0.639669
-4.3084
0.688853
-1.2197
0.59477
7.42635
-0.511398
-3.12262
-0.620457
-0.271335
-0.245815
-3.82751
0.65156
-2.52732
-4.26744
141.97
0.223119
0.666534
-0.26595
1.47633
-6.13821
1.07267
-0.0625604
0.823821
-1.92563
0.856645
2.01666
-1.44541
13.5128
0.684982
0.729264
0.246865
-8.85657
-1.69394
13.2657
-328.31
-0.26648
-1.69291
-0.368334
-0.753764
0.472307
-12.6396
1.98848
-0.277615
-1.08992
-1.98721
-0.499177
2.09755
0.791231
-3.11753
-0.756412
-0.265555
0.822461
-1.06183
3.98946
0.263498
1.33938
-1.85515
-1.03452
0.0948368
0.373838
0.252594
-0.79863
1.81659
-0.346726
-0.0913652
-0.0860244
-0.902546
-1.19564
-1.52031
0.492802
4.24731
-15.0817
-8.64954
-0.145823
-1.96613
-0.476269
1.09476
5.84795
1.26001
-0.586349
-1.27223
0.94848
1.31146
-0.960525
4.28394
-0.408178
13.8004
-0.0250953
0.964972
-18.8358
0.231289
0.500275
1.04649
0.72183
-2.03965
2.23312
-1.0571
-0.605668
1.13556
-0.359817
-0.472624
0.836892
0.133969
2.71915
-32.3741
1.15179
0.620053
-6.96889
0.166302
18.007
0.487497
1.41731
2.49155
-2.85007
-2.41527
1.49629
-1.17141
1.99834
1.43257
0.510704
-2.60794
-0.59298
-1.57458
-2.04224
-12.8088
2.63965
-5.49995
-0.0667334
2.6338
-0.233757
-0.759878
-1.0148
-12.7116
-0.959707
0.430729
-0.149985
1.14795
4.92612
-2.51292
-0.158196
1.30386
0.455262
0.332376
3.86894
3.90582
4.03598
-0.272918
-1.43587
2.46694
0.805452
-1.68316
-5.51283
16.1293
-0.455324
3.55849
-6.40001
-1.72013
-97.7069
-0.127611
-4.58127
0.816177
0.974353
9.66206
1.33488
0.901182
-1.03673
0.135969
-1.05252
-0.131495
4.34938
1.70004
-2.14491
2.36734
-3.65394
-0.393215
-0.11529
1.00301
-8.96274
4.59485
-1.88183
2.3082
-1.0995
0.953938
12.9541
0.4377
-0.950911
-0.897577
6.00523
0.55695
-0.0150959
2.20163
-0.617738
0.677281
-21.6545
-2.78291
-0.367588
-4.52439
0.173899
0.219026
0.0637387
0.996128
4.99495
0.404608
-2.53978
0.109159
-0.225983
2.49183
-0.107866
-0.190407
0.250808
0.608139
-1.22352
-0.313373
1.69584
1.1103
0.481921
-1.76896
0.423367
-1.64739
-2.80545
0.704951
0.342281
0.342274
14.653
-7.43489
0.906614
0.211859
-0.203642
-9.64547
0.576284
-2.60437
0.370728
-0.722023
1.35923
1.1833
0.479372
4.01083
0.222081
-1.57364
-3.48574
-1.1417
1.15583
1.85375
-63.3608
5.09309
-8.01825
0.714518
-1.71411
-0.41718
0.603705
1.00416
1.37581
0.0369608
-0.449031
3.53731
-1.98032
4.14457
0.0727173
0.19141
-2.2668
65.5122
0.358186
-6.33391
-2.38446
-0.425802
0.050625
1.36746
1.18093
-0.112628
-6.54762
6.16344
-1.72441
-0.0540294
0.224719
-0.638358
-2.91108
-0.685702
-1.47066
-0.101404
1.63634
-0.466665
2.35508
-0.650182
2.30365
-4.38422
-7.07508
2.35664
1.62841
5.43737
1.36578
-6.37185
-1.38235
-1.19991
-2.49555
-2.07009
-4.68331
0.492904
2.46386
4.82892
1.04575
0.22772
1.96545
-1.37257
-0.343516
-3.23381
-2.38889
-1.92457
-0.128221
3.29965
1.25554
-0.358613
0.989955
1.56799
-0.941739
0.546764
0.363507
-8.81971
-6.24031
-0.896975
0.0122722
0.54956
1.3646
0.304148
0.562734
9.05713
-27.0455
0.62439
2.10654
-1.00937
-2.03149
-0.177549
-2.80829
-1.90765
-1.75283
-0.120961
-1.81553
-0.565242
-2.69129
-5.94033
-0.892389
4.88052
0.334405
0.690427
-14.7084
-10.3311
-0.775378
0.205541
2.89548
-4.37905
-0.724255
-0.725873
14.7101
-6.7337
4.73651
0.86657
0.502607
-2.22329
0.938131
-1.74829
-0.937922
8.09476
1.89662
0.436824
0.126808
8.1026
-2.77138
-0.678981
-9.68256
-2.07755
2.29456
2.92503
-0.239676
0.931315
-0.0147239
0.646104
-1.68375
0.155264
-0.774001
0.327382
0.23602
-0.087346
-6.47483
-1.36904
-0.895526
2.23306
-0.0632361
1.80186
-1.40192
0.0838224
-1.36504
-1.29881
-1.61178
0.420053
0.435159
0.454423
0.368779
0.939706
-0.273245
-0.739185
2.87012
2.11118
-0.394598
-1.15586
-0.0841893
-1.46859
3.67982
0.164536
-6.23974
0.259006
-0.0154794
-1.78671
-1.69623
-2.91862
-1.61391
0.805921
0.726844
-31.7978
0.340744
0.197385
-2.68608
0.44212
0.864285
-0.0243043
-0.412366
1.03616
-1.07826
15.7062
-1.54568
-1.24378
-4.77235
-0.968667
0.808793
-0.259076
-3.02427
1.2804
-3.71763
-1.76677
-2.10346
1.43088
-2.24201
-5.17454
0.58957
1.14523
1.57903
0.60627
5.43671
-0.0591655
-2.04821
1.23168
0.878591
0.600685
1.65688
-23.1928
-0.764983
3.28124
-3.23372
-0.621361
0.0908912
2.34563
0.393199
2.73043
3.48291
19.4423
-1924.47
13.0032
0.367262
-8.1918
-5.36629
-4.63648
-1.23839
-0.589482
-1.43568
-0.24196
-0.642874
0.455381
0.0357118
-0.713303
-1.45083
-0.845516
-0.366145
-2.39173
-1.13831
-0.0314387
-0.800729
-1.01199
5.02197
1.40384
0.182845
1.08202
0.377171
-0.881126
1.29193
0.533032
-1.13994
-0.617226
1.86614
11.7522
-2.8811
0.657083
2.09479
-0.15828
0.328018
-3.40751
-0.355647
-4.25922
-0.0677172
-0.104656
0.242141
-0.174633
-9.29879
-1.76167
0.567628
1.28753
-0.10449
1.32809
2.18687
-0.17038
-0.327164
-0.359154
-0.42259
-1.87223
-4.45119
0.744401
1.66091
-0.981064
-0.962706
0.366261
0.604316
0.584949
0.842019
-1.13904
0.508219
0.622582
0.107744
-0.117993
1.03249
0.119752
-3.01265
0.165314
-0.101547
-2.94377
10.4741
0.030697
-0.601791
-0.156256
-1.78898
-1.04191
-0.704859
-0.556468
6.71233
-0.999496
1.93968
0.390897
-1.127
1.96551
0.554988
0.0370657
0.604962
0.0461819
0.390469
-3.22976
0.757772
0.0450596
2.54263
0.632723
-2.88788
-1.4149
-4.96019
-0.57429
-15.8051
-3.4404
1.4937
-0.386398
-0.0354947
2.64335
0.62837
1.16011
-3.05311
-0.72265
0.618953
4.54005
-0.111117
88.9987
-1.43291
2.46365
0.248998
2.35806
-0.588088
-0.182483
-5.43187
-0.983989
0.111528
-0.0807047
-0.294905
-0.820428
-0.409543
1.12493
-7.61335
-25.9701
-2.46701
0.050753
-0.011699
1.19611
0.849306
-0.525074
-2.43021
2.03826
4.94008
-0.258699
-1.63663
0.604587
-0.484666
0.908196
0.538492
-4.97952
0.408044
-6.67923
-1.31766
0.0376352
-4.70724
-2.21027
-0.756001
-1.37558
0.621564
-4.69642
-2.46074
0.908432
7.59816
0.0795676
-1.42527
1.7523
-0.172227
4.14858
-0.454277
0.561202
-0.310224
-1.2824
10.1992
0.498165
-0.47218
177.527
1.07404
-0.982277
-8.42135
0.195913
0.268058
0.414034
-0.479233
0.332894
-0.375113
5.42599
-2.00372
-0.0602441
5.47764
2.36184
-21.1669
-0.0717716
1.03258
-2.64711
0.289344
1.04316
1.02989
0.513294
-0.600487
-2.31741
1.01382
-1.04722
-45.5582
1.96052
0.515527
0.744779
0.0485115
9.6358
-0.196029
0.223978
1.06307
2.86995
-0.666162
0.517486
0.080807
0.126236
-1.40877
-0.410874
0.0919317
0.791712
0.240909
-0.755032
-1.30843
-0.330688
-0.582989
-0.835203
-7.82029
0.0798096
-1.79568
-46.8982
-0.629912
-4.55518
-0.351463
1.74664
1.22347
0.396558
1.17341
-2.6195
0.717869
-0.0817777
-9.63874
1.01164
8.33453
1.56761
1.68323
-3.20922
8.24
0.959575
-0.928507
-0.205625
-1.00401
1.14108
-4.65697
0.997524
-1.22921
1.39973
-0.535021
-0.794784
-3.9414
-1.02023
0.909556
-2.18621
-2.85618
-0.390616
0.0554528
-1.43841
-0.0356579
0.0308349
1.54093
5.4644
-0.0150171
-2.014
-38.4563
28.2913
0.192927
0.143681
-2.16928
-1.28205
3.1852
0.118564
0.191101
-0.849814
0.334698
-0.0618375
1.99209
3.7922
0.242755
0.250787
4.03973
588.644
-1.51717
2.10585
-30.9003
0.843622
1.12999
-0.197676
-0.53912
-0.352104
-3.6298
0.34438
-0.0467013
-0.295554
0.00582819
1.65077
-1.51149
0.0329829
-6.38225
-0.0848467
0.264989
-88.2189
0.280798
-0.188116
-0.612206
-0.0986401
-3.35374
0.183088
-2.20784
-0.361889
-0.734894
0.366285
2.12315
0.650956
1.27866
-5.19744
1.29007
-0.767306
-0.120087
-4.95412
-2.27021
7.68603
0.685727
2.54597
0.137674
36.0543
-1.52675
-1.00795
1.41371
-4.59244
0.408884
1.93267
-0.398295
1.58867
0.957471
-2.71652
-10.0151
0.484041
-1.93582
-0.21588
-4.25181
0.209162
-0.171289
-0.658247
-0.144698
0.396875
-11.5375
0.400337
3.18208
-1.08555
-0.0673986
7.59488
2.03183
-0.878672
1.5795
-0.707674
-3.42431
-0.381632
2.85347
0.575146
3.45336
4.1818
-0.604804
16.1208
-0.494079
-4.63167
22.9335
-0.0185532
-0.103115
2.66469
0.485718
2.78957
3.39282
5.36754
-0.561865
0.311537
-1.36893
0.858753
-9.21965
1.07027
0.615035
-0.0560241
0.822778
1.50119
-0.25201
-1.31375
2.81791
-0.90136
-0.715628
-0.523927
-17.2149
-0.255863
-3.3252
-0.488583
-1.18575
-9.36976
2.89635
-5.67423
-2.83804
-1.97542
2.77729
2.88437
-2.31006
0.120852
-4.59999
1.13836
-0.305549
-0.824276
-0.665359
-1.57921
0.958423
0.322667
-2.68827
1.1463
0.174175
-2.57539
0.0435046
-5.15142
-31.4531
-0.581649
0.459508
-0.20506
-0.700189
-0.138072
0.146715
0.504556
0.289075
-0.371269
-2.70096
29.0315
-0.906435
1.32446
-0.871631
2.86807
3.61956
-3.59263
-1.19051
-2.66717
0.774296
10.9379
-3.79017
-5.37274
-1.20619
0.623903
1.33357
0.31034
-3.36374
0.590608
45.4054
0.755181
-13.2415
-0.695303
-0.00322976
0.39968
-0.697725
1.24057
-0.0867807
0.419485
-2.20124
0.197452
-1.20093
-3.84268
-4.43866
-11.4178
0.426459
-0.684285
2.1343
-0.145735
-0.698646
-0.874929
-3.54398
-0.481209
-4.41294
15.7974
0.058885
0.149873
-0.0748989
0.993631
1.73535
1.1515
3.0206
-14.216
1.99335
0.415781
-0.457489
1.22094
22.711
2.6152
1.5624
0.556773
-1.0418
0.868773
-2.71536
1.39599
0.235535
-0.971115
-0.209881
-1.41923
19.8353
0.694095
-0.00763749
0.298896
8.31295
10.5178
-2.03149
1.01354
-5.61432
-0.21406
-0.314398
0.0643834
0.941421
-2.26076
-10.4325
0.264031
-3.57802
-4.79741
-0.455891
-3.61408
-0.0663866
-5.45541
-0.501178
-1.29022
-1.11854
1.12346
-1.83999
-0.922098
-1.95411
1.4128
-2.42824
-0.243808
1.51664
0.906563
-1.78278
0.622184
1.31783
-0.399998
-0.542971
-9.43016
0.0508419
8.2739
-0.551221
0.0558397
0.677133
-0.151064
-2.49721
0.289873
2.32171
1.16278
-0.554856
-0.965388
27.3884
0.864337
-4.60565
1.89756
0.496482
4.29344
-1.2446
0.874745
-0.802338
-1.03958
0.642255
0.427969
0.109006
6.51609
1.03692
6.63665
-1.55559
1.79934
0.212805
233.649
-0.863398
9.46471
-0.707518
-2.45655
-0.5845
0.802577
0.28567
-3.79443
-7.08307
0.393616
-0.54952
0.779041
1.80155
0.603633
4.94862
1.45415
0.218835
-19.7558
1.82991
-0.893606
-1.00582
2.80746
-0.67895
3.45687
2.79379
0.149253
0.652439
0.452477
0.382919
-0.408405
-2.1411
-27.3545
-0.546674
-0.48307
-20.083
0.264863
-0.520177
-1.69802
2.4732
-0.377239
0.230512
2.16069
0.332611
0.319315
0.608277
-1.16881
19.068
-5.75782
6.48557
-1.38164
0.836476
0.0994579
0.659915
0.0500408
-1.43511
-0.742309
2.45867
1.05674
-2.26716
-4.00346
2.38576
-0.593758
-1.79244
-0.683344
1.85107
-5.13954
-5.7037
0.868993
-3.05335
-76.0132
-0.36541
1.69553
-1.10577
-2.04126
11.4806
0.749223
1.42912
-0.344848
0.763014
1.58215
14.7154
-0.52809
-0.660345
0.582198
-3.67357
-1.05025
-0.541607
8.39697
-1.42671
2.64207
1.93683
-0.0142166
-4.85437
-0.623803
0.905289
0.678449
-43.0354
-7.91054
0.894299
-0.585056
0.691623
0.846468
27.7834
0.862123
0.321889
1.42831
1.38842
-1.0104
0.769725
6.15005
1.74841
0.672528
-0.173596
6.1662
0.693996
-0.442126
-1.81075
0.48207
0.066179
-1.33391
-0.0582529
-2.28678
2.76841
-4.07447
-0.590926
0.705198
84.2124
-1.27912
0.676556
-0.439916
0.580173
-3.2687
-0.286507
-1.25369
-2.71672
0.293207
-0.898771
0.0215678
-0.747394
0.184891
0.576008
-0.193936
-0.302947
-1.75727
-1.75995
0.412608
0.370684
-7.31556
-2.34041
-10.1249
-0.879294
-1.57467
-0.642172
-0.837091
-0.587691
-0.072274
-1.53268
-0.418437
-25.1933
2.95968
-0.298851
-0.368281
-3.75487
-0.903289
0.263135
0.0289751
-0.171919
0.461859
-0.380156
-1.47344
-0.588426
0.443254
0.197365
-1.73749
-1.32838
1.08889
-0.345141
-1.68736
1.21026
-2.1005
2.458
5.89112
-51.0118
-0.343471
-50.7812
-1.72506
4.60364
0.706561
0.0183964
-1.52819
-0.0307873
-0.172242
3.5599
4.62438
1.42672
3.0067
1.52561
-1.02463
-1.39435
0.0792493
-0.205413
-0.527929
0.848903
0.267918
1.59575
-3.23197
0.0527005
0.322642
-0.772676
-1.37295
-0.567997
0.279461
-7.77417
1.75638
-1.28916
7.15739
-2.54988
-35.8925
1.11687
-0.573037
-1.56332
0.386479
-0.582486
7.76675
-0.848291
0.395464
15.2897
0.874296
0.523468
1.59739
7.43334
-0.475524
-0.701529
0.350434
10.8532
7.70101
0.0114132
0.803731
-1.17171
-0.042785
-0.384802
-0.510561
0.153138
-0.472009
10.9514
4.40067
0.7433
0.255843
1.65996
0.031723
1.55021
-1.07478
-0.358576
-9.6526
-11.3542
0.568319
0.00190979
-1.22642
-0.0304657
0.750335
0.377793
-1.05063
-2.21761
6.81491
0.381789
0.569411
-0.194327
7.02893
0.11234
1.85723
-1.02103
0.147614
-4.25919
-6.57023
0.831822
-1.31825
0.342353
-0.656639
-33.8601
-0.479849
238.409
1.60419
0.0574545
0.0728256
0.147611
-0.665026
2.52198
0.523811
0.541082
-4.09963
-3.02074
-2.29097
0.462701
0.571903
41.2408
-0.490863
-0.556868
-0.013058
-12.0758
0.0145628
-2.99076
-0.426378
-0.724014
-0.611368
-1.84528
2.20425
-0.707257
-0.0527986
-1.11276
-1.32893
1.36133
-0.831488
-4.62168
-0.675235
-0.859699
15.5909
2.55395
7.99965
-4.88832
0.423552
0.147112
0.44561
-0.727467
-0.14386
4.00147
0.484476
-0.953484
0.374758
0.60716
3.93985
-0.837497
-0.986861
-1.55567
10.4179
-28.5996
-0.276196
-0.417389
-0.250021
-1.17606
-2.30777
-1.7569
-0.332357
-0.252771
0.0458499
0.650128
-2.09734
4.52463
2.2389
0.626167
0.466695
0.094308
0.503746
2.41141
34.8346
1.97654
0.648929
-1.70857
-5.47308
-0.612728
1.64884
-1.26432
-0.0743501
9.12966
-0.290776
-1.16772
0.810784
-0.507833
0.266345
10.0579
2.6067
-0.254055
1.22245
-0.759435
4.8555
0.087833
-0.147751
-2.37955
0.687114
-1.28759
-3.81501
-1.86514
-1.7668
0.892067
3.08043
9.65634
0.184393
-4.48963
-0.206178
-1.21693
0.982039
-7.55339
-0.248801
-0.446903
0.357032
-2.42926
-0.00529047
47.1859
0.695096
-0.275602
-0.265173
-0.773412
-53.1414
0.304602
-41.9898
0.185272
7.61461
1.14766
0.00535458
0.00916515
1.19382
-2.94252
0.827357
-107.889
4.77255
-1.36881
-0.143007
43.5448
1.12359
1.36045
0.403667
-3.36289
1.78836
-3.84318
0.824793
-4.70035
-1.46344
0.182278
9.78286
0.104195
0.0278231
0.112783
-0.101195
-0.296542
1.11871
-1.74651
0.664821
-0.69228
1.02765
0.32666
0.462341
0.767971
0.763496
-1.12415
-29.3487
0.155736
1.48746
6.21983
-6.30155
0.821395
2.22739
-3.24102
1.09372
-0.259326
1.0734
3.05025
0.889971
0.992445
-0.499753
1.32266
0.742425
-0.683336
1.20687
0.896298
3.14344
0.988807
0.202655
-0.166688
0.0475649
0.174095
-396.318
-2.27855
0.850651
-1.70252
-2.01836
-1.91458
0.469824
0.331341
-0.176607
0.789667
2.34737
1.26854
1.05918
0.461586
5.21324
-0.833382
11.7574
-0.820094
-1.10274
0.319674
0.470388
0.0403001
-0.275937
-0.0627517
0.160485
-0.0215584
0.583351
1.05201
11.0969
-12.9121
0.490567
-2.09954
-1.32875
-2.6262
0.253564
-0.498754
1.47823
0.518462
-0.147216
3.80772
-8.56504
-11.4267
-0.527901
0.0453439
6.47369
1.71343
-0.449936
-0.229798
-0.458051
-0.0903124
-3.37082
-3.99808
-0.034363
-0.237981
3.19924
-0.618364
0.555509
2.95285
-1.74715
0.301735
-3.48869
-0.52366
-0.130172
1.28593
-0.550072
20.5839
1.40655
-5.63085
13.6659
10.8698
0.146988
-0.585417
0.206107
-2.03978
4.83687
-1.26599
0.106633
0.457529
0.365586
4.75981
-0.451847
2.71424
1.77067
0.846055
-14.8451
0.399044
-1.19535
1.49272
-5.29619
-4.66933
-0.249864
1.65498
-0.188264
0.0949252
-0.0853239
-5.3458
0.594296
20.6898
-0.439215
-0.116846
1.49442
-30.4117
0.889727
0.0738487
-0.212471
1.20266
6.43954
-7.97122
-0.964926
-3.1931
-0.163857
-1.34972
1.03621
-0.237042
0.0333781
-1.23784
-1.81403
-0.436512
0.744279
-0.576022
-5.50194
11.207
1.21248
-1.53982
-0.138711
-0.415437
-0.403958
-1.38093
1.23471
-0.331201
7.75038
15.0818
0.0861671
-0.0227301
-0.35269
-0.166629
0.273075
0.697243
-0.45731
-0.446924
0.549277
0.280811
-0.609746
-0.298437
-1.87295
-0.521557
1.0968
0.867654
-4.64829
-0.365048
2.71135
0.204459
0.112268
0.134919
-3.37677
-0.754497
0.0499791
0.277008
-1.30304
3.22438
1.40846
1.9455
-4.06305
1.76739
-0.525603
-3.86109
0.81955
-0.333401
-6.63039
-2.45603
0.41873
0.594689
-0.767461
1.13035
-0.0428775
-0.661339
-1.18712
1.0055
-1.27248
0.114014
3.04362
0.234276
-0.647793
-0.0421364
-3.38025
-2.0347
-0.269225
-0.0640054
0.226705
-1.26442
0.501957
7.67652
1.49848
0.697053
2.99964
-0.0823831
-0.737108
-0.123058
-0.60806
0.869946
4.65948
-10.9739
0.0196902
7.23533
13.497
-0.955304
0.779507
0.0161736
0.116547
0.458745
-7.35076
3.93528
2.59496
-1.58049
-1.16199
0.186058
-2.26847
-0.405493
-1.10454
0.161943
-0.589518
-0.754623
-0.107505
1.29054
-0.12818
0.00464198
2.79643
0.687572
1.69651
-0.367179
-0.960828
-1.21269
2.40801
-1.43036
4.01478
0.681351
-1.70815
54.8434
0.705456
-67.8447
-1.49382
0.156918
2.96775
-0.61528
0.808442
-0.075668
-2.85951
-10.9487
3.57814
-1.33464
-1.80069
0.46634
-15.6721
0.806136
-3.61698
