0.505939
0.479131
0.340915
0.770717
0.454225
0.782203
0.427863
0.361743
0.492454
0.777124
0.729354
0.354793
0.692335
0.297426
0.57519
0.445075
0.422707
0.553484
0.628532
0.346794
0.334542
0.410416
0.592462
0.423474
0.269521
0.538794
0.426056
0.652019
0.764076
0.360025
0.491855
0.592391
0.570765
0.458294
0.30661
0.534775
0.618851
0.380924
0.567173
0.496115
0.335972
0.499047
0.623407
0.487884
0.502766
0.35045
0.569997
0.476971
0.31233
0.636474
0.379028
0.461562
0.806389
0.294838
0.745212
0.833884
0.610048
0.570271
0.315633
0.701683
0.387005
0.504816
0.475897
0.340328
0.437096
0.519692
0.364542
0.697401
0.358049
0.510581
0.287604
0.621645
0.443323
0.628217
0.705199
0.738165
0.487907
0.416154
0.462002
0.641736
0.423948
0.227587
0.683503
0.580099
0.458096
0.593101
0.509901
0.549132
0.382425
0.461219
0.589523
0.471754
0.480819
0.233635
0.503646
0.632442
0.452686
0.516992
0.544578
0.539246
0.525889
0.513093
0.518896
0.635165
0.430754
0.469412
0.497699
0.53076
0.657039
0.611784
0.435765
0.429891
0.665738
0.481148
0.581466
0.420433
0.477596
0.596217
0.349348
0.301868
0.560199
0.613949
0.327214
0.371608
0.435537
0.409701
0.589618
0.591943
0.429887
0.748928
0.489621
0.559469
0.487916
0.472318
0.600698
0.198889
0.47286
0.866225
0.480666
0.853048
0.62467
0.390279
0.429507
0.44109
0.597979
0.68405
0.412965
0.606602
0.501795
0.524644
0.323786
0.527619
0.612766
0.407091
0.502482
0.560377
0.433904
0.669424
0.689492
0.638676
0.770651
0.334302
0.580612
0.350735
0.496149
0.589061
0.657573
0.615411
0.677589
0.326072
0.715642
0.629661
0.235531
0.665272
0.260114
0.509116
0.558046
0.630755
0.443584
0.543647
0.491576
0.65328
0.715858
0.489797
0.380371
0.570591
0.35839
0.321948
0.326389
0.54741
0.075109
0.364114
0.591531
0.586986
0.56153
0.474213
0.564082
0.556068
0.473997
0.452707
0.461235
0.645182
0.470958
0.597491
0.439579
0.43609
0.248132
0.576884
0.285417
0.498293
0.239445
0.542617
0.356794
0.68647
0.405621
0.404691
0.699109
0.560715
0.532286
0.439965
0.756186
0.351455
0.459471
0.406363
0.598678
0.140918
0.414389
0.334579
0.591684
0.433028
0.619356
0.419134
0.423443
0.533608
0.346734
0.430684
0.416995
0.412752
0.342769
0.571438
0.546668
0.471262
0.292206
0.695566
0.581281
0.383
0.495542
0.566475
0.525927
0.685049
0.430807
0.322826
0.784213
0.537552
0.371742
0.325158
0.462843
0.325107
0.484242
0.305015
0.490398
0.521576
0.572949
0.488429
0.722209
0.490216
0.149873
0.615642
0.203185
0.640971
0.246897
0.528955
0.510475
0.61683
0.644063
0.750553
0.347843
0.4311
0.435501
0.472201
0.813618
0.477493
0.604879
0.378686
0.764114
0.334885
0.532251
0.226865
0.444377
0.538627
0.604177
0.352209
0.308142
0.490287
0.598988
0.524709
0.448876
0.427693
0.519069
0.326023
0.563779
0.627153
0.292049
0.469743
0.122614
0.509731
0.51275
0.486643
0.413258
0.573444
0.397791
0.696801
0.385826
0.573271
0.37471
0.640456
0.467255
0.620832
0.477485
0.389483
0.518229
0.375625
0.470323
0.661355
0.604308
0.499683
0.621595
0.657474
0.253139
0.547546
0.549801
0.797741
0.619631
0.213398
0.313419
0.523239
0.730959
0.107268
0.666535
0.588909
0.483283
0.482148
0.652115
0.768091
0.312045
0.58392
0.4548
0.390804
0.457729
0.545965
0.435097
0.63764
0.748951
0.500311
0.516841
0.511151
0.324764
0.577226
0.599807
0.406604
0.718042
0.715097
0.419336
0.453965
0.471821
0.4525
0.524866
0.553011
0.460485
0.624315
0.299227
0.523428
0.837646
0.383772
0.440591
0.541766
0.532619
0.722299
0.578933
0.537151
0.467352
0.659047
0.448898
0.467594
0.415691
0.771968
0.540933
0.398804
0.676851
0.492323
0.65257
0.307359
0.734976
0.584488
0.511727
0.53012
0.576654
0.482943
0.643907
0.28176
0.338267
0.40831
0.65517
0.412282
0.705051
0.43432
0.352747
0.576402
0.48374
0.427584
0.375182
0.236676
0.520667
0.532037
0.503865
0.422236
0.387199
0.369945
0.577837
0.415023
0.504385
0.631325
0.433744
0.28538
0.628686
0.72368
0.542815
0.448888
0.370658
0.653909
0.516725
0.416316
0.418478
0.564263
0.654244
0.408561
0.638178
0.344239
0.700523
0.508456
0.472452
0.490268
0.740907
0.521313
0.309938
0.635087
0.401135
0.716087
0.496823
0.668659
0.525827
0.119027
0.412658
0.372524
0.507102
0.531691
0.282263
0.489451
0.435228
0.445207
0.645585
0.65027
0.493162
0.522641
0.157393
0.329751
0.766868
0.571361
0.388679
0.503419
0.643273
0.177265
0.551646
0.677166
0.717753
0.422752
0.320158
0.711541
0.633008
0.610298
0.667512
0.612597
0.771215
0.413537
0.643434
0.461158
0.471326
0.627695
0.51215
0.652399
0.693381
0.441269
0.423415
0.367592
0.551726
0.400826
0.538384
0.449918
0.388999
0.49078
0.532181
0.356193
0.312761
0.250049
0.645064
0.606408
0.616654
0.597439
0.70404
0.402938
0.507944
0.287653
0.786813
0.591313
0.813351
0.419783
0.449955
0.384408
0.335013
0.670174
0.443138
0.271938
0.278476
0.421523
0.58135
0.537137
0.424582
0.460094
0.696924
0.552479
0.467128
0.662927
0.593288
0.276339
0.438165
0.346907
0.422298
0.622443
0.642831
0.451577
0.407024
0.374009
0.775569
0.227565
0.331875
0.56443
0.639621
0.6025
0.721933
0.496395
0.391671
0.396296
0.383369
0.321302
0.483503
0.557674
0.726816
0.600855
0.722562
0.593801
0.545585
0.522716
0.623285
0.114914
0.420577
0.442076
0.471073
0.415819
0.173789
0.17104
0.520792
0.516122
0.292276
0.437678
0.501667
0.581077
0.494445
0.68664
0.350448
0.394927
0.36056
0.643189
0.594719
0.558605
0.449333
0.562544
0.558237
0.583683
0.572466
0.586395
0.310157
0.554429
0.89904
0.378479
0.530037
0.529858
0.561598
0.461069
0.460486
0.607647
0.435827
0.424284
0.619331
0.321789
0.515683
0.430064
0.443188
0.545866
0.805868
0.682701
0.534293
0.57381
0.403499
0.537798
0.432491
0.550027
0.44087
0.671533
0.834243
0.420765
0.561176
0.482097
0.430521
0.578596
0.349059
0.645186
0.535489
0.621885
0.637879
0.245424
0.177818
0.651132
0.615552
0.405581
0.326532
0.774046
0.650861
0.335479
0.42324
0.491238
0.262093
0.472442
0.642652
0.634403
0.399888
0.635177
0.553231
0.278872
0.466171
0.612959
0.59987
0.552394
0.741046
0.611992
0.33047
0.512047
0.389515
0.230825
0.538281
0.511124
0.71992
0.636691
0.491895
0.477899
0.365955
0.614653
0.424762
0.52812
0.314146
0.411428
0.456097
0.583129
0.448664
0.795759
0.615062
0.415463
0.28534
0.507222
0.640095
0.543826
0.316776
0.515328
0.475258
0.399298
0.640403
0.510809
0.385483
0.68466
0.291379
0.550952
0.112591
0.598711
0.452197
0.530865
0.743953
0.597449
0.210875
0.402542
0.215678
0.36399
0.539602
0.313608
0.622191
0.409107
0.415727
0.587617
0.504093
0.224254
0.506944
0.467774
0.536151
0.40896
0.592574
0.545967
0.537329
0.44446
0.642796
0.798967
0.2247
0.535443
0.727719
0.40369
0.633135
0.441789
0.678159
0.253382
0.372643
0.722169
0.42
0.346607
0.395223
0.561395
0.654017
0.220912
0.443121
0.603371
0.303028
0.603049
0.600354
0.461545
0.398262
0.697617
0.369381
0.328723
0.326803
0.536018
0.194797
0.358121
0.862
0.307579
0.605923
0.487536
0.648707
0.594731
0.650166
0.628504
0.565232
0.434123
0.539027
0.642324
0.383871
0.625526
0.678629
0.524827
0.651902
0.710425
0.506645
0.22175
0.464911
0.292155
0.557492
0.496613
0.30433
0.369478
0.677677
0.522947
0.361052
0.605445
0.56316
0.372777
0.517015
0.453452
0.540617
0.573208
0.406612
0.812336
0.764473
0.65301
0.229814
0.382412
0.501577
0.35106
0.488874
0.144296
0.675412
0.658534
0.320493
0.382424
0.591682
0.366705
0.595321
0.425107
0.517189
0.542238
0.45666
0.273027
0.533844
0.601843
0.47026
0.288028
0.589705
0.658178
0.807065
0.364086
0.418909
0.30886
0.130804
0.502334
0.752381
0.540466
0.61228
0.462015
0.491181
0.419404
0.742248
0.159232
0.514377
0.241522
0.364754
0.485382
0.543316
0.312328
0.352802
0.467141
0.484166
0.279708
0.348239
0.439878
0.670599
0.441004
0.737713
0.406365
0.428504
0.446333
0.286598
0.502674
0.384588
0.570023
0.352751
0.243123
0.690757
0.472038
0.351978
0.466144
0.836136
0.371266
0.647081
0.402966
0.718616
0.55255
0.282368
0.540963
0.647792
0.629339
0.485498
0.453565
0.45118
0.233815
0.358528
0.518588
0.605572
0.806403
0.68005
0.696874
0.565418
0.656505
0.490287
0.543104
0.210104
0.466361
0.631022
0.370667
0.581999
0.659897
0.412231
0.492452
0.337152
0.808432
0.577309
0.45945
0.330508
0.495136
0.488748
0.469027
0.257517
0.310092
0.706152
0.114754
0.524026
0.39786
0.378461
0.399659
0.266303
0.479395
0.372257
0.434791
0.443095
0.520213
0.558031
0.494956
0.42157
0.716667
0.426285
0.6035
0.479047
0.72222
0.705337
0.568036
0.642353
0.285575
0.152719
0.388954
0.786718
0.472551
0.442027
0.712625
0.41606
0.143572
0.567106
0.751149
0.546535
0.608647
0.435448
0.840533
0.615247
0.381716
0.32267
0.80917
0.585968
0.456232
0.359951
0.578502
0.423762
0.273864
0.476307
0.417726
0.360374
0.558189
0.467568
0.524437
0.372271
0.435243
0.613948
0.603066
0.293201
0.512822
0.768066
0.613002
0.483151
0.590392
0.335304
0.358264
0.475575
0.671486
0.568375
0.340597
0.274768
0.700481
0.597977
0.547883
0.725261
0.695593
0.371396
0.34971
0.375117
0.450009
0.420956
0.672015
0.504994
0.472993
0.384172
0.372639
0.244854
0.59287
0.697482
0.489693
0.450196
0.393735
0.635449
0.534597
0.509685
0.407798
0.617287
0.251677
0.506053
0.735195
0.702601
0.516184
0.402143
0.513187
0.448212
0.54262
0.423981
0.656583
0.547935
0.32524
0.562735
0.291286
0.427199
0.732606
0.367456
0.802827
0.714369
0.678069
0.450461
0.671766
0.510656
0.538059
0.627231
0.767829
0.630485
0.240041
0.612717
0.524666
0.734197
0.692037
0.445911
0.417095
0.274959
0.225566
0.814564
0.662713
0.181761
0.723892
0.201924
0.319745
0.450366
0.607446
0.527376
0.453013
0.564102
0.598306
0.452846
0.289891
0.416356
0.685598
0.526861
0.538126
0.656655
0.463708
0.588119
0.537399
0.632207
0.51516
0.600464
0.666505
0.346775
0.760061
0.34113
0.428015
0.608759
0.443961
0.364131
0.382316
0.540359
0.436024
0.410674
0.602877
0.61971
0.509374
0.438464
0.574638
0.427832
0.525491
0.441788
0.207392
0.522304
0.44454
0.484239
0.386024
0.609514
0.333501
0.365963
0.479497
0.437374
0.543973
0.847306
0.480451
0.580363
0.481534
0.600725
0.44729
0.788782
0.63853
0.562858
0.670638
0.574091
0.562164
0.6086
0.736033
0.702212
0.679765
0.469085
0.404739
0.516654
0.653105
0.565442
0.734541
0.513357
0.683652
0.430188
0.362414
0.589118
0.440619
0.638151
0.37093
0.635469
0.533691
0.418784
0.410274
0.649901
0.452309
0.371753
0.247758
0.286287
0.393376
0.707672
0.416697
0.516391
0.649275
0.43586
0.386524
0.574342
0.728052
0.420987
0.426025
0.355933
0.377661
0.230506
0.581556
0.444637
0.186136
0.444717
0.692133
0.4362
0.42956
0.35136
0.613261
0.483698
0.58972
0.196603
0.321374
0.484929
0.713307
0.664303
0.320766
0.334006
0.284548
0.505411
0.524895
0.659042
0.53314
0.489398
0.533916
0.467795
0.599363
0.34958
0.480337
0.123135
0.72824
0.394215
0.364661
0.570237
0.664634
0.455244
0.802897
0.487344
0.42114
0.346551
0.35781
0.531995
0.590658
0.253628
0.625781
0.604587
0.625519
0.476505
0.501166
0.301145
0.505035
0.447824
0.540015
0.227179
0.46336
0.697945
0.595031
0.59449
0.699517
0.438935
0.643646
0.522824
0.49149
0.689341
0.481086
0.218228
0.636235
0.6116
0.450305
0.699984
0.637495
0.483975
0.380651
0.498015
0.563298
0.728888
0.657158
0.742614
0.495003
0.419523
0.342316
0.318388
0.739773
0.186575
0.77222
0.504283
0.478354
0.447021
0.298946
0.52157
0.770029
0.626788
0.601053
0.661665
0.58663
0.549193
0.484066
0.665652
0.547469
0.411029
0.342833
0.527402
0.277078
0.518169
0.457615
0.642139
0.557625
0.452572
0.545795
0.472349
0.697886
0.342561
0.491078
0.402889
0.540638
0.408237
0.172053
0.707188
0.530359
0.45393
0.561996
0.296406
0.513106
0.479533
0.521792
0.67342
0.440446
0.582617
0.707843
0.513528
0.399311
0.323186
0.516842
0.54373
0.63966
0.472957
0.489288
0.642475
0.521818
0.571034
0.593618
0.581731
0.555363
0.707858
0.562823
0.333279
0.201452
0.459297
0.455439
0.611076
0.360432
0.392765
0.612769
0.571589
0.466648
0.56723
0.434227
0.343954
0.362291
0.198997
0.642665
0.561849
0.372178
0.66514
0.711572
0.568951
0.501332
0.766451
0.626014
0.469851
0.427248
0.671787
0.649179
0.448298
0.458698
0.465691
0.266424
0.274663
0.382978
0.721155
0.478684
0.424479
0.373446
0.269407
0.367112
0.479938
0.629249
0.588599
0.350852
0.236229
0.669089
0.733253
0.309783
0.434583
0.70093
0.476369
0.494144
0.543897
0.489503
0.336048
0.39289
0.512823
0.643481
0.408508
0.482664
0.414188
0.244222
0.429374
0.529265
0.653623
0.487924
0.485119
0.613474
0.664278
0.513095
0.796523
0.303125
0.509494
0.585195
0.246022
0.393292
0.315308
0.81033
0.570841
0.636457
0.454672
0.549874
0.643766
0.38456
0.655248
0.707899
0.513436
0.56477
0.452671
0.563277
0.376035
0.410888
0.411138
0.318335
0.400258
0.37223
0.783211
0.785941
0.327415
0.621876
0.530705
0.63689
0.518566
0.836166
0.378525
0.379469
0.370544
0.417303
0.573354
0.493073
0.522758
0.580952
0.519033
0.637755
0.276635
0.480702
0.460536
0.611565
0.649585
0.541265
0.638399
0.227587
0.73537
0.672299
0.335485
0.532507
0.542731
0.534713
0.487958
0.538624
0.734176
0.531339
0.282339
0.39116
0.436777
0.443847
0.660523
0.392743
0.546872
0.637774
0.404628
0.306948
0.700535
0.507539
0.473557
0.362764
0.581691
0.333334
0.51314
0.381866
0.489756
0.47174
0.461735
0.700557
0.588674
0.301974
0.673166
0.558273
0.259219
0.599613
0.478867
0.62451
0.47645
0.509692
0.611112
0.586052
0.634186
0.541038
0.659202
0.716384
0.488375
0.503721
0.480491
0.349148
0.64124
0.561494
0.488111
0.427537
0.488063
0.5711
0.237292
0.551483
0.548496
0.380318
0.482134
0.444526
0.604274
0.256622
0.374718
0.26224
0.315184
0.618334
0.478416
0.66408
0.235195
0.490144
0.267303
0.570534
0.650607
0.604863
0.283506
0.527454
0.412084
0.323294
0.624405
0.34944
0.68248
0.544099
0.181535
0.464151
0.522291
0.525527
0.55307
0.379416
0.484639
0.540875
0.301774
0.445026
0.641656
0.28958
0.480275
0.581081
0.714125
0.235787
0.345559
0.394759
0.476284
0.546287
0.184542
0.357389
0.607642
0.549702
0.672598
0.713706
0.413692
0.388772
0.43693
0.545156
0.587397
0.287644
0.496644
0.659127
0.183327
0.60602
0.251405
0.475983
0.476306
0.602046
0.690557
0.835783
0.626469
0.575821
0.244574
0.396538
0.322579
0.315387
0.450723
0.545913
0.5755
0.767092
0.604807
0.498219
0.583683
0.602192
0.570868
0.498588
0.592554
0.351566
0.670727
0.556197
0.419673
0.530421
0.325229
0.378429
0.567536
0.424865
0.369074
0.177823
0.595905
0.71222
0.21111
0.273715
0.425524
0.836945
0.261949
0.660421
0.74512
0.314057
0.550811
0.463855
0.443538
0.631911
0.703429
0.458448
0.488904
0.426226
0.452933
0.56624
0.176687
0.597218
0.605556
0.510033
0.418523
0.541731
0.633054
0.292465
0.493695
0.672232
0.313708
0.422891
0.435131
0.644541
0.343785
0.563936
0.471796
0.466183
0.591336
0.269609
0.699359
0.657224
0.414198
0.486839
0.401006
0.635478
0.464084
0.742313
0.440271
0.497951
0.398629
0.186496
0.647771
0.620399
0.423275
0.416701
0.373703
0.49688
0.584857
0.501087
0.377992
0.491169
0.238782
0.375459
0.729967
0.421912
0.611659
0.28475
0.639419
0.403399
0.881269
0.44105
0.640943
0.613823
0.445737
0.320062
0.803423
0.662907
0.303801
0.517873
0.386534
0.230771
0.468022
0.589884
0.616148
0.649913
0.582844
0.543808
0.500503
0.602179
0.419354
0.658588
0.609029
0.602604
0.668627
0.551121
0.485682
0.191988
0.455534
0.412658
0.618691
0.510085
0.49488
0.586757
0.388558
0.671293
0.561754
0.410667
0.666222
0.614693
0.697957
0.492005
0.483232
0.600347
0.3264
0.592625
0.695821
0.523694
0.695323
0.291528
0.314754
0.469946
0.324232
0.598706
0.672817
0.43035
0.623418
0.191786
0.601834
0.352183
0.358934
0.447351
0.541071
0.444368
0.634905
0.438817
0.248926
0.410579
0.815049
0.572736
0.539747
0.281712
0.305281
0.535402
0.467688
0.519594
0.619276
0.221632
0.379455
0.563807
0.398868
0.567605
0.507819
0.743505
0.311153
0.459624
0.527782
0.726097
0.494183
0.390684
0.497264
0.674665
0.473111
0.536714
0.354183
0.286
0.468676
0.424379
0.641805
0.631133
0.519897
0.362298
0.384253
0.470221
0.342847
0.307578
0.284017
0.463683
0.597387
0.589513
0.41338
0.701447
0.233738
0.412349
0.571603
0.472185
0.590757
0.308965
0.479762
0.444418
0.667798
0.467361
0.485106
0.681359
0.492038
0.601829
0.446808
0.66137
0.253126
0.290666
0.474994
0.475912
0.627049
0.452325
0.694909
0.376857
0.461083
0.631864
0.458117
0.595042
0.491696
0.519569
0.672584
0.351941
0.267291
0.623641
0.423544
0.23632
0.447654
0.518797
0.557005
0.617765
0.65199
0.592684
0.397776
0.268945
0.277416
0.461966
0.523895
0.618494
0.459787
0.479965
0.519324
0.55638
0.598729
0.507731
0.376795
0.463639
0.368766
0.370409
0.722674
0.388355
0.63839
0.420794
0.53572
0.539747
0.468984
0.381928
0.531621
0.272252
0.615432
0.640632
0.635173
0.481472
0.450334
0.663836
0.46198
0.583859
0.48367
0.459592
0.481549
0.75202
0.649791
0.504635
0.533666
0.327504
0.533636
0.560374
0.619904
0.332966
0.458019
0.799183
0.392162
0.25556
0.603881
0.412876
0.760102
0.273453
0.585373
0.375227
0.539347
0.597328
0.401651
0.280423
0.56234
0.348754
0.437257
0.429319
0.423709
0.647294
0.432946
0.585366
0.532043
0.828226
0.598869
0.322101
0.639929
0.46276
0.291943
0.634055
0.52414
0.602619
0.429319
0.482971
0.237843
0.170852
0.559803
0.701196
0.356706
0.420777
0.265115
0.674123
0.640774
0.6349
0.562849
0.473571
0.53399
0.735708
0.483031
0.613954
0.673243
0.480197
0.49012
0.60314
0.328808
0.660022
0.672354
0.459856
0.698057
0.479129
0.3703
0.619519
0.72432
0.530757
0.416491
0.400379
0.612764
0.545683
0.658019
0.451827
0.465171
0.583571
0.433965
0.356769
0.455489
0.589328
0.679536
0.559914
0.218022
0.486308
0.578784
0.54388
0.620149
0.728272
0.68779
0.424961
0.591439
0.481949
0.700175
0.390463
0.431032
0.612097
0.526828
0.649454
0.265172
0.640925
0.111708
0.568828
0.576759
0.353758
0.405613
0.666538
0.478798
0.722815
0.66978
0.383886
0.653619
0.320974
0.531196
0.558739
0.379746
0.397414
0.461488
0.521554
0.56828
0.536979
0.601277
0.486068
0.480693
0.325178
0.601864
0.406552
0.549873
0.690656
0.656126
0.723492
0.476338
0.597043
0.140495
0.419562
0.521451
0.756041
0.539895
0.55779
0.419548
0.53362
0.327515
0.473764
0.580826
0.471211
0.47129
0.543774
0.756882
0.593762
0.488967
0.450752
0.590777
0.676534
0.473629
0.369893
0.723487
0.642511
0.761549
0.745824
0.628636
0.262304
0.414266
0.833207
0.34737
0.328417
0.436726
0.422639
0.29525
0.47575
0.6534
0.673736
0.563047
0.32023
0.664224
0.477261
0.383309
0.587413
0.302253
0.518189
0.434567
0.402972
0.514896
0.461569
0.405067
0.416907
0.590617
0.433063
0.237903
0.433381
0.402961
0.466044
0.729415
0.468047
0.593794
0.337117
0.402733
0.404729
0.367624
0.711938
0.57835
0.67336
0.568888
0.523225
0.563582
0.371017
0.214062
0.502804
0.632806
0.747964
0.400492
0.7896
0.220344
0.480544
0.513797
0.785415
0.747865
0.402826
0.155739
0.430397
0.508184
0.618853
0.714429
0.32005
0.527339
0.417393
0.248731
0.335684
0.826806
0.661047
0.608761
0.460156
0.507737
0.5716
0.46434
0.450797
0.329101
0.333487
0.413283
0.541388
0.451591
0.68725
0.591392
0.845065
0.519174
0.434859
0.706042
0.630023
0.500173
0.278774
0.665216
0.389907
0.459735
0.66662
0.723882
0.630744
0.435577
0.563358
0.569574
0.296312
0.338876
0.572815
0.519061
0.503807
0.55218
0.830456
0.497968
0.511688
0.646216
0.589274
0.47524
0.341577
0.637474
0.420666
0.274312
0.476085
0.458426
0.452178
0.432854
0.304441
0.56228
0.313989
0.532992
0.2378
0.584123
0.466008
0.673848
0.4161
0.480333
0.577465
0.758294
0.428351
0.568145
0.880861
0.515794
0.718225
0.387236
0.672171
0.433202
0.596824
0.5552
0.379144
0.265387
0.534501
0.538803
0.36961
0.547583
0.653605
0.512882
0.171644
0.531306
0.344038
0.478763
0.527468
0.465739
0.423476
0.564077
0.452975
0.396455
0.514158
0.425848
0.72474
0.653335
0.558091
0.178728
0.466393
0.449584
0.392561
0.520251
0.506241
0.763701
0.307828
0.474988
0.677994
0.426277
0.508861
0.429464
0.48649
0.333514
0.403014
0.379738
0.56028
0.459317
0.385497
0.563484
0.56296
0.337851
0.544526
0.398488
0.235107
0.438431
0.458027
0.149401
0.738717
0.354617
0.253767
0.494649
0.476
0.729401
0.604786
0.415357
0.554422
0.588347
0.582013
0.578177
0.569853
0.752562
0.285925
0.63388
0.629715
0.503387
0.429143
0.603599
0.537991
0.420661
0.541825
0.524595
0.563972
0.566448
0.471738
0.277411
0.716622
0.436103
0.600886
0.516309
0.196435
0.598535
0.450558
0.624846
0.696652
0.447567
0.346688
0.618472
0.725721
0.486246
0.567387
0.416027
0.372878
0.565993
0.39453
0.152009
0.688703
0.752458
0.741267
0.451485
0.602561
0.489956
0.527343
0.339532
0.548766
0.486374
0.474091
0.70706
0.47337
0.240398
0.490979
0.504924
0.64344
0.632957
0.575585
0.58817
0.430698
0.25475
0.398873
0.382303
0.491406
0.391731
0.497652
0.54346
0.514359
0.590424
0.49608
0.534348
0.208878
0.474958
0.778104
0.287827
0.454657
0.487674
0.282692
0.63002
0.535361
0.475197
0.343758
0.384813
0.37783
0.541842
0.746621
0.581637
0.468782
0.592228
0.422913
0.688381
0.620871
0.484973
0.455767
0.291342
0.759995
0.469356
0.317202
0.64406
0.655717
0.576805
0.509551
0.506931
0.516667
0.389094
0.782816
0.449468
0.372825
0.355135
0.599832
0.53707
0.666531
0.328211
0.521104
0.0742109
0.474114
0.745563
0.431196
0.575874
0.530018
0.622165
0.528551
0.639155
0.475282
0.530605
0.750613
0.38687
0.502268
0.488904
0.806125
0.655071
0.567502
0.428186
0.486482
0.596329
0.594506
0.662047
0.428008
0.370662
0.338493
0.529507
0.497041
0.595983
0.334805
0.633434
0.46969
0.479954
0.352962
0.596284
0.428153
0.305101
0.528211
0.505062
0.29545
0.689077
0.342424
0.717364
0.680473
0.541954
0.376256
0.700379
0.455203
0.392403
0.504397
0.57472
0.485985
0.75465
0.455836
0.53497
0.440729
0.458077
0.66097
0.568811
0.593913
0.361343
0.557469
0.396609
0.551269
0.622908
0.526748
0.303332
0.566012
0.449817
0.382929
0.784685
0.368506
0.746645
0.836173
0.67932
0.431227
0.836449
0.352248
0.70901
0.59091
0.425625
0.580215
0.348654
0.699738
0.234538
0.520102
0.697995
0.47747
0.715792
0.602444
0.526915
0.236365
0.532024
0.351566
0.666202
0.400787
0.465097
0.554475
0.665632
0.743361
0.428563
0.357247
0.391277
0.259556
0.505271
0.710782
0.483892
0.352575
0.681996
0.587789
0.350253
0.500414
0.45297
0.392899
0.35934
0.326988
0.464176
0.237757
0.165224
0.499166
0.620299
0.502987
0.328538
0.621627
0.576185
0.608893
0.658405
0.551383
0.284711
0.416776
0.446707
0.303855
0.522914
0.682745
0.266555
0.222383
0.568276
0.485887
0.506848
0.583031
0.447024
0.55268
0.314786
0.556577
0.176331
0.649525
0.368227
0.199549
0.672283
0.46526
0.149739
0.646196
0.495501
0.405549
0.644247
0.673252
0.356275
0.471002
0.382135
0.559391
0.301099
0.390917
0.749683
0.411221
0.752482
0.684509
0.48871
0.627712
0.573895
0.571504
0.557305
0.674933
0.581749
0.403976
0.523514
0.592953
0.426265
0.541297
0.413863
0.406807
0.763116
0.590074
0.438591
0.613381
0.387715
0.430962
0.515459
0.416109
0.754027
0.454204
0.514033
0.379338
0.299775
0.425795
0.642283
0.174249
0.749918
0.656131
0.647407
0.338211
0.570275
0.393032
0.502731
0.219433
0.493174
0.610991
0.252564
0.27879
0.536991
0.618551
0.436898
0.670711
0.441467
0.405669
0.767809
0.524988
0.440667
0.652939
0.479443
0.601386
0.295463
0.824563
0.523463
0.488942
0.507412
0.516934
0.53183
0.521801
0.135908
0.734709
0.218788
0.583493
0.390475
0.266248
0.393943
0.721504
0.670089
0.580291
0.758289
0.74403
0.471389
0.665756
0.655079
0.470784
0.337668
0.236522
0.447396
0.559723
0.770498
0.473074
0.444315
0.331589
0.275891
0.472901
0.547518
0.514117
0.466848
0.581495
0.290247
0.327807
0.644176
0.525847
0.190467
0.585111
0.527465
0.272311
0.590107
0.724935
0.55807
0.530701
0.402267
0.704308
0.696003
0.32651
0.688254
0.669114
0.382585
0.563113
0.48633
0.575741
0.590759
0.245842
0.314042
0.435542
0.634908
0.539794
0.51601
0.35397
0.16208
0.333264
0.379057
0.536265
0.246485
0.228654
0.436534
0.181566
0.509129
0.382762
0.38374
0.437336
0.184483
0.368301
0.2763
0.585952
0.306035
0.47854
0.433371
0.635357
0.682625
0.39693
0.467562
0.485634
0.587415
0.403597
0.613438
0.593388
0.581395
0.540576
0.526481
0.555801
0.893271
0.407661
0.724382
0.53624
0.277631
0.260745
0.342553
0.453299
0.773262
0.584521
0.375708
0.355134
0.283479
0.311426
0.327414
0.650983
0.400355
0.608708
0.439476
0.371739
0.644728
0.655467
0.673019
0.131443
0.293842
0.581575
0.613171
0.711589
0.468524
0.740333
0.719193
0.690102
0.651742
0.486737
0.341945
0.286868
0.310451
0.633243
0.430564
0.597695
0.542571
0.254889
0.600225
0.638573
0.420995
0.265668
0.232862
0.372117
0.45649
0.688003
0.532716
0.388054
0.601374
0.537222
0.458602
0.659649
0.215829
0.492895
0.704756
0.297924
0.41875
0.528912
0.402136
0.225561
0.49498
0.424173
0.462065
0.442351
0.280818
0.575773
0.234079
0.554083
0.449676
0.286551
0.399858
0.736719
0.619758
0.448874
0.525118
0.807761
0.455633
0.546547
0.441337
0.576664
0.185578
0.396701
0.379187
0.646178
0.456575
0.303554
0.275556
0.836491
0.448819
0.545912
0.426022
0.654056
0.921631
0.37028
0.404665
0.726961
0.61264
0.411469
0.673088
0.628735
0.662107
0.712568
0.800521
0.512452
0.484281
0.516148
0.716884
0.477017
0.507635
0.498593
0.420686
0.837499
0.455895
0.619415
0.563625
0.221397
0.591693
0.257431
0.583788
0.412707
0.844761
0.305689
0.55929
0.365662
0.496505
0.647001
0.454264
0.560037
0.342864
0.43197
0.429052
0.619866
0.507309
0.581385
0.386477
0.367474
0.325862
0.434848
0.426085
0.48468
0.476013
0.217524
0.378207
0.703059
0.271414
0.49688
0.589741
0.44512
0.544209
0.551286
0.383514
0.588305
0.286894
0.322356
0.613101
0.273646
0.475572
0.37291
0.484984
0.680988
0.246475
0.772421
0.569909
0.692635
0.597638
0.581827
0.425342
0.367303
0.53759
0.609589
0.25087
0.646239
0.602945
0.360853
0.498446
0.713409
0.416763
0.60162
0.609334
0.181602
0.709558
0.459758
0.799648
0.52634
0.474825
0.48478
0.566344
0.689466
0.680967
0.588212
0.585543
0.524289
0.461494
0.536472
0.425072
0.254145
0.45536
0.418101
0.493078
0.616276
0.469337
0.507242
0.644614
0.612875
0.384268
0.695227
0.618047
0.541187
0.477106
0.412162
0.223178
0.474542
0.580589
0.460371
0.452955
0.366182
0.502445
0.681585
0.19063
0.447777
0.375986
0.379741
0.434262
0.344485
0.613978
0.421279
0.460426
0.32844
0.637657
0.434793
0.848999
0.88255
0.552766
0.531934
0.540916
0.496464
0.694487
0.22142
0.350754
0.616596
0.713145
0.43804
0.356023
0.422081
0.622564
0.358525
0.335046
0.348521
0.482935
0.67615
0.175294
0.531426
0.640085
0.505965
0.67406
0.59119
0.443022
0.592505
0.403333
0.68151
0.36162
0.241871
0.560766
0.473098
0.676324
0.400047
0.478599
0.244573
0.411763
0.549339
0.462412
0.502408
0.436119
0.344797
0.631592
0.551805
0.398156
0.662504
0.433384
0.690366
0.173761
0.481611
0.502399
0.446451
0.743886
0.52198
0.537455
0.534085
0.42576
0.309318
0.617629
0.696287
0.629253
0.589683
0.379394
0.358712
0.560247
0.26522
0.226712
0.515464
0.542923
0.273022
0.495964
0.518964
0.382804
0.578976
0.747583
0.445743
0.69245
0.458472
0.606282
0.460042
0.601677
0.48586
0.571729
0.347088
0.524169
0.654514
0.721565
0.637919
0.652361
0.549393
0.478624
0.247645
0.602472
0.243959
0.614243
0.549003
0.381557
0.593347
0.409528
0.303093
0.598456
0.345638
0.646452
0.619173
0.590512
0.49313
0.350669
0.365367
0.637943
0.785474
0.707901
0.202195
0.687724
0.326543
0.325795
0.410762
0.508879
0.426926
0.513108
0.437512
0.45103
0.633908
0.498103
0.577405
0.478106
0.360809
0.508025
0.7174
0.399064
0.537577
0.631543
0.312108
0.467511
0.704485
0.636021
0.513511
0.522094
0.470818
0.411497
0.626594
0.339544
0.510436
0.463252
0.312789
0.372231
0.766063
0.624831
0.463094
0.792122
0.534206
0.663403
0.662749
0.513012
0.352549
0.699326
0.419328
0.612896
0.361724
0.361801
0.57615
0.578365
0.313318
0.60248
0.582851
0.5429
0.645993
0.838911
0.295026
0.440937
0.301602
0.349689
0.474781
0.499576
0.703163
0.593196
0.664103
0.489812
0.56658
0.371797
0.602898
0.409167
0.467974
0.513365
0.613585
0.517588
0.588509
0.742027
0.624121
0.398493
0.558577
0.409982
0.501319
0.716842
0.57323
0.262286
0.616358
0.596098
0.700724
0.656465
0.31433
0.285965
0.556052
0.408842
0.709731
0.292771
0.511344
0.689445
0.229739
0.394369
0.365008
0.387376
0.82718
0.211443
0.391482
0.368512
0.285044
0.257074
0.693484
0.297415
0.784431
0.386463
0.528619
0.445329
0.407792
0.568668
0.782232
0.406132
0.499356
0.402242
0.50837
0.392124
0.554607
0.54664
0.710744
0.531526
0.56069
0.491276
0.535547
0.589558
0.459614
0.334093
0.548017
0.784978
0.40614
0.491544
0.514612
0.62396
0.492217
0.761828
0.612678
0.423173
0.859852
0.663283
0.489486
0.443951
0.37427
0.7198
0.342496
0.559413
0.279267
0.615129
0.692752
0.62643
0.506607
0.63796
0.523259
0.484289
0.311347
0.0896476
0.454222
0.501944
0.404966
0.57646
0.377034
0.595735
0.758172
0.608224
0.468876
0.639425
0.745265
0.425239
0.509801
0.68846
0.301918
0.22534
0.674191
0.690308
0.768274
0.462983
0.218453
0.602751
0.589208
0.642221
0.486826
0.342024
0.54365
0.525461
0.657183
0.482649
0.424834
0.429857
0.648697
0.380864
0.593349
0.533233
0.613242
0.393505
0.574864
0.6114
0.43242
0.364222
0.624415
0.378738
0.392066
0.548908
0.42911
0.353938
0.45613
0.652209
0.371144
0.67275
0.561787
0.39699
0.522986
0.519641
0.607674
0.548645
0.546622
0.350216
0.80711
0.316102
0.418727
0.576286
0.578184
0.551426
0.403636
0.385464
0.392578
0.669871
0.445995
0.36715
0.755017
0.462267
0.654964
0.616791
0.735196
0.471625
0.30185
0.490287
0.724078
0.355812
0.253037
0.430419
0.586439
0.4082
0.510104
0.287173
0.631513
0.908133
0.52898
0.553833
0.323639
0.473118
0.490045
0.440728
0.654775
0.58459
0.44102
0.45849
0.350737
0.709139
0.484539
0.682716
0.583074
0.437074
0.682277
0.621901
0.608416
0.810192
0.597502
0.360514
0.257195
0.760628
0.39793
0.649098
0.443607
0.832675
0.440756
0.613264
0.618688
0.359429
0.261748
0.753462
0.838375
0.516141
0.39025
0.40739
0.618442
0.422162
0.412009
0.596935
0.498168
0.463342
0.701663
0.4315
0.484627
0.756759
0.496788
0.239609
0.549459
0.429665
0.485377
0.600657
0.600016
0.634512
0.328615
0.44868
0.346744
0.221935
0.290833
0.420024
0.488676
0.243571
0.398518
0.616785
0.388927
0.456589
0.300249
0.457891
0.412038
0.501801
0.749434
0.539714
0.595078
0.427235
0.381728
0.928069
0.824344
0.229034
0.708999
0.303493
0.439565
0.331577
0.251727
0.631664
0.437462
0.428674
0.481706
0.530845
0.446557
0.607722
0.246915
0.508223
0.645086
0.428698
0.850452
0.487023
0.543912
0.379856
0.45539
0.54626
0.306299
0.632015
0.48744
0.545023
0.526427
0.513299
0.457287
0.553148
0.388522
0.376213
0.374478
0.510166
0.628476
0.528932
0.674748
0.534397
0.469832
0.40267
0.332634
0.804061
0.456012
0.627005
0.331278
0.432296
0.350656
0.685048
0.411278
0.257935
0.527952
0.320311
0.520466
0.473941
0.774839
0.367161
0.386493
0.51535
0.676934
0.42674
0.384087
0.628628
0.260091
0.56021
0.368866
0.294282
0.559444
0.671212
0.399579
0.674629
0.287807
0.749407
0.520649
0.508583
0.525329
0.646977
0.526892
0.375337
0.352255
0.55996
0.632295
0.248817
0.346677
0.386295
0.714713
0.514788
0.369154
0.382444
0.808377
0.372469
0.306071
0.540487
0.51607
0.54256
0.443611
0.607537
0.512869
0.453529
0.644224
0.669371
0.313303
0.328048
0.247447
0.220142
0.473817
0.341454
0.616984
0.390055
0.652418
0.524104
0.505884
0.252872
0.447368
0.329501
0.661718
0.635126
0.186811
0.290067
0.593621
0.598922
0.591192
0.682439
0.423067
0.520196
0.730368
0.624158
0.490273
0.684307
0.697262
0.523633
0.638078
0.320838
0.669945
0.555249
0.345196
0.24948
0.534025
0.581501
0.130709
0.308881
0.487211
0.444017
0.401675
0.490319
0.297932
0.295356
0.665718
0.448096
0.63988
0.643459
0.530498
0.5585
0.674359
0.530609
0.661909
0.449246
0.55231
0.518797
0.372899
0.421232
0.257889
0.403357
0.264774
0.684518
0.465475
0.576745
0.592876
0.580378
0.0819771
0.714343
0.528493
0.461321
0.646321
0.454157
0.488889
0.40094
0.50799
0.74229
0.45732
0.405471
0.456489
0.766054
0.464923
0.298934
0.473618
0.646613
0.656336
0.45374
0.780415
0.813015
0.36094
0.288624
0.350661
0.479501
0.841586
0.455789
0.312805
0.647955
0.392692
0.13914
0.662196
0.55738
0.459579
0.635467
0.45549
0.502269
0.700919
0.640471
0.409112
0.441746
0.666177
0.411493
0.573646
0.321355
0.509916
0.478829
0.506024
0.529373
0.664846
0.577508
0.361397
0.409513
0.395481
0.471393
0.326559
0.501904
0.154293
0.341506
0.566792
0.184216
0.412228
0.410422
0.608024
0.384805
0.135467
0.724634
0.326154
0.539758
0.580289
0.516747
0.715439
0.465704
0.327946
0.569376
0.607804
0.570277
0.231378
0.25264
0.264953
0.322098
0.445691
0.407101
0.765165
0.402151
0.464235
0.494051
0.606632
0.458439
0.58218
0.684995
0.449235
0.385773
0.459451
0.312228
0.416619
0.552595
0.454911
0.352364
0.630441
0.396693
0.153655
0.614705
0.398677
0.811684
0.50929
0.806312
0.479858
0.496148
0.523089
0.39567
0.345099
0.187284
0.631879
0.446798
0.609817
0.700956
0.476549
0.345708
0.556996
0.700018
0.223039
0.59106
0.423877
0.612784
0.607706
0.570912
0.62396
0.373514
0.378925
0.49742
0.326173
0.406804
0.556801
0.421379
0.313104
0.77774
0.682878
0.498466
0.540149
0.679708
0.481711
0.429074
0.567474
0.681714
0.606176
0.493602
0.286649
0.407111
0.388397
0.355074
0.613836
0.56559
0.268166
0.550977
0.821403
0.76032
0.570722
0.596178
0.429842
0.492114
0.555775
0.368793
0.581867
0.282482
0.659644
0.450905
0.320563
0.337465
0.602386
0.345976
0.693458
0.674108
0.531788
0.494856
0.354408
0.631459
0.3761
0.512238
0.335148
0.687967
0.327387
0.565459
0.408408
0.25714
0.627365
0.3175
0.714443
0.633364
0.327606
0.606079
0.57288
0.259734
0.445984
0.280696
0.651732
0.239783
0.191231
0.619516
0.665468
0.514987
0.677494
0.747958
0.524013
0.129911
0.300743
0.480868
0.35455
0.506877
0.448929
0.260159
0.567995
0.402033
0.467757
0.609771
0.392032
0.714692
0.553945
0.779853
0.29257
0.571811
0.497848
0.252018
0.705508
0.3595
0.197331
0.27757
0.500669
0.623424
0.614741
0.620548
0.349799
0.509974
0.348889
0.177499
0.420483
0.420093
0.49388
0.645814
0.317867
0.54761
0.456694
0.412541
0.196063
0.473983
0.405375
0.585521
0.461099
0.741306
0.769719
0.838738
0.487301
0.325467
0.716318
0.493749
0.768976
0.431325
0.519851
0.259076
0.429276
0.531782
0.502483
0.299434
0.508107
0.57263
0.213264
0.306663
0.70098
0.265043
0.269386
0.744245
0.470644
0.387592
0.531182
0.437284
0.45342
0.51965
0.53274
0.429817
0.332068
0.378078
0.590009
0.281331
0.597094
0.679052
0.508267
0.474372
0.618354
0.446909
0.560834
0.605103
0.698839
0.441898
0.660895
0.778707
0.53251
0.378694
0.398316
0.381488
0.48806
0.607561
0.113327
0.401564
0.640486
0.680041
0.678938
0.720015
0.472327
0.471032
0.663983
0.544366
0.416466
0.529144
0.548641
0.656282
0.412353
0.327196
0.414327
0.39534
0.647531
0.58474
0.529828
0.300764
0.406344
0.584476
0.50555
0.583
0.447693
0.404444
0.437751
0.596987
0.333724
0.237858
0.464649
0.239022
0.381314
0.472463
0.406261
0.689082
0.658238
0.451288
0.409866
0.420477
0.445889
0.836674
0.272947
0.398716
0.340423
0.749443
0.365509
0.391454
0.664211
0.355091
0.573635
0.311397
0.359464
0.56888
0.686148
0.514046
0.535912
0.551696
0.646278
0.472146
0.594414
0.418559
0.590181
0.49872
0.348369
0.33165
0.594207
0.44056
0.5648
0.399738
0.552779
0.514056
0.597
0.555877
0.358764
0.705232
0.530595
0.585248
0.808209
0.155865
0.514921
0.725025
0.401313
0.707562
0.451569
0.508138
0.711523
0.525676
0.461989
0.272802
0.244613
0.474928
0.556017
0.2597
0.459631
0.66861
0.67321
0.468683
0.623586
0.363249
0.518855
0.446866
0.421746
0.620611
0.366531
0.429998
0.495438
0.408905
0.499101
0.758978
0.579199
0.565073
0.210003
0.49339
0.659175
0.290046
0.536723
0.393938
0.574637
0.348823
0.648316
0.695651
0.484479
0.647269
0.558861
0.34373
0.370591
0.607491
0.588714
0.36393
0.499965
0.763672
0.495437
0.539317
0.267421
0.500249
0.446284
0.565321
0.590818
0.354283
0.254118
0.354914
0.280636
0.55393
0.548619
0.665822
0.305793
0.464861
0.30468
0.471633
0.377584
0.616518
0.649853
0.498668
0.523602
0.73008
0.372721
0.60051
0.573529
0.670014
0.554077
0.392043
0.478668
0.491079
0.492772
0.564899
0.637088
0.252675
0.348128
0.0561648
0.646259
0.522389
0.420766
0.742246
0.405054
0.740635
0.493748
0.579743
0.486992
0.368243
0.40589
0.365234
0.706591
0.738892
0.529127
0.535818
0.550717
0.538247
0.321813
0.682311
0.396798
0.0816776
0.379813
0.696966
0.689774
0.312441
0.657283
0.47758
0.499663
0.442195
0.278998
0.609887
0.381623
0.405722
0.616107
0.450078
0.710372
0.551736
0.797189
0.529364
0.410853
0.49165
0.326496
0.452419
0.757011
0.528175
0.481236
0.211601
0.660563
0.585629
0.659795
0.588819
0.871631
0.563832
0.352753
0.566925
0.513116
0.287456
0.158583
0.422493
0.370692
0.472714
0.265902
0.17188
0.360278
0.383253
0.574147
0.542427
0.594888
0.347134
0.374558
0.390682
0.472715
0.55677
0.513333
0.739525
0.708333
0.573698
0.708844
0.606054
0.228885
0.710063
0.444772
0.542131
0.107139
0.458676
0.36105
0.559438
0.703287
0.643548
0.564481
0.360932
0.437352
0.462739
0.530913
0.300577
0.614096
0.345431
0.520838
0.74322
0.472278
0.545077
0.68029
0.496481
0.630171
0.64051
0.748932
0.48655
0.349174
0.616891
0.297185
0.349753
0.537434
0.448356
0.41429
0.611756
0.415318
0.354258
0.269171
0.626306
0.514631
0.400861
0.465977
0.445351
0.683452
0.620372
0.116174
0.542446
0.268456
0.569176
0.549071
0.561297
0.396604
0.497163
0.582638
0.511331
0.528069
0.800006
0.776514
0.332158
0.452283
0.176282
0.589059
0.748808
0.648968
0.411293
0.610338
0.339615
0.186042
0.709475
0.292904
0.488619
0.576251
0.247269
0.602265
0.394369
0.514429
0.368319
0.508895
0.556991
0.417245
0.592886
0.493683
0.415411
0.687306
0.61334
0.488674
0.306593
0.623516
0.697616
0.424996
0.418672
0.649538
0.422501
0.309837
0.409869
0.282249
0.658633
0.50435
0.615041
0.262067
0.479077
0.624356
0.761755
0.517005
0.413367
0.235734
0.367766
0.382355
0.468884
0.516356
0.491756
0.747851
0.34143
0.306454
0.509226
0.554204
0.486905
0.469287
0.58541
0.560872
0.475923
0.733987
0.267078
0.55695
0.303277
0.692458
0.365123
0.437046
0.324109
0.372202
0.299779
0.314029
0.488659
0.556949
0.580377
0.340507
0.297476
0.776964
0.591484
0.660929
0.398969
0.640904
0.357319
0.666173
0.751156
0.181108
0.456318
0.222501
0.769506
0.384187
0.257716
0.546754
0.632735
0.57879
0.402025
0.64966
0.668438
0.352427
0.447291
0.519134
0.490429
0.669214
0.352988
0.465447
0.809668
0.360427
0.473437
0.550128
0.34064
0.65973
0.732628
0.520483
0.225077
0.454954
0.402298
0.671613
0.394882
0.17831
0.655176
0.55778
0.546139
0.506899
0.56523
0.475035
0.646085
0.295402
0.726823
0.636939
0.644911
0.41282
0.664635
0.465293
0.564276
0.65515
0.456236
0.417719
0.634402
0.655851
0.489173
0.523992
0.401631
0.716
0.524463
0.30298
0.478313
0.475991
0.488347
0.482078
0.356904
0.350671
0.4142
0.691005
0.460151
0.64977
0.706459
0.551843
0.59923
0.555511
0.648443
0.337192
0.511725
0.629281
0.575951
0.618309
0.651306
0.769216
0.638505
0.575123
0.651007
0.790599
0.32011
0.389981
0.381942
0.800935
0.391418
0.647012
0.529377
0.291568
0.465156
0.158983
0.607991
0.117745
0.326704
0.64352
0.338237
0.538961
0.461698
0.670563
0.555652
0.491501
0.452521
0.30295
0.325005
0.51502
0.415575
0.601975
0.681152
0.505061
0.401189
0.41982
0.418477
0.46337
0.428061
0.400733
0.600793
0.667889
0.574084
0.362804
0.713571
0.434306
0.545453
0.482249
0.380387
0.641026
0.395911
0.70205
0.565444
0.689455
0.568027
0.536836
0.684058
0.321447
0.428354
0.44588
0.54298
0.465818
0.218377
0.446088
0.532419
0.28578
0.593095
0.636852
0.491659
0.599178
0.419125
0.558641
0.670126
0.593411
0.254214
0.30721
0.705798
0.256893
0.680003
0.575301
0.792811
0.448957
0.65996
0.543703
0.210165
0.780052
0.594314
0.293557
0.383378
0.47412
0.7439
0.411775
0.400974
0.135024
0.444767
0.461452
0.657688
0.338909
0.785439
0.489138
0.546247
0.72436
0.41869
0.490853
0.619612
0.252241
0.679721
0.508717
0.645557
0.307087
0.432609
0.530072
0.475456
0.56192
0.566898
0.360965
0.399147
0.528371
0.566214
0.395878
0.407768
0.463982
0.570779
0.705563
0.286415
0.558554
0.35569
0.614878
0.208516
0.321427
0.396852
0.442483
0.503786
0.591566
0.446428
0.574275
0.521642
0.592315
0.539684
0.542441
0.511951
0.702714
0.60511
0.531998
0.694989
0.367241
0.599688
0.736705
0.442483
0.565848
0.591171
0.736207
0.741608
0.51619
0.709275
0.3163
0.613827
0.529893
0.387629
0.654181
0.410432
0.694759
0.318377
0.54057
0.40667
0.304768
0.291301
0.560568
0.616334
0.45976
0.589341
0.655129
0.498679
0.50667
0.362383
0.485023
0.729554
0.494191
0.651202
0.269171
0.458617
0.562739
0.483413
0.519209
0.474503
0.441593
0.713333
0.592174
0.449836
0.475096
0.527605
0.483182
0.68794
0.349771
0.288468
0.529964
0.543143
0.444256
0.386557
0.201149
0.43653
0.473897
0.275093
0.390159
0.63904
0.351915
0.357341
0.386597
0.493767
0.438983
0.649226
0.446993
0.499342
0.353116
0.638957
0.636802
0.426283
0.761735
0.265561
0.615504
0.388166
0.577783
0.438173
0.286708
0.789521
0.731774
0.51799
0.485108
0.322298
0.441637
0.684731
0.372189
0.682797
0.652242
0.359503
0.212542
0.180936
0.566482
0.605935
0.452675
0.41372
0.439775
0.681457
0.524183
0.424803
0.559872
0.660607
0.543162
0.522001
0.583851
0.552226
0.32774
0.674642
0.404145
0.582429
0.405594
0.412629
0.46552
0.565223
0.433331
0.399079
0.454837
0.532646
0.449618
0.348427
0.285503
0.296297
0.633917
0.461864
0.54847
0.612152
0.492718
0.55198
0.601665
0.870506
0.64513
0.278492
0.469718
0.232954
0.379721
0.666936
0.225871
0.388262
0.654463
0.582188
0.527941
0.599004
0.711677
0.328691
0.480206
0.460858
0.729838
0.299277
0.493101
0.29641
0.434119
0.844435
0.56258
0.605363
0.337555
0.283924
0.641047
0.493017
0.284693
0.482586
0.521699
0.748893
0.469609
0.412251
0.658181
0.247375
0.350165
0.371593
0.341419
0.84226
0.380382
0.285827
0.655498
0.427067
0.482803
0.508111
0.384474
0.582997
0.682717
0.544535
0.541991
0.48642
0.326133
0.624562
0.695569
0.497749
0.553358
0.538813
0.757448
0.603593
0.450073
0.416055
0.413861
0.384052
0.547772
0.611272
0.36461
0.427036
0.345438
0.626697
0.544812
0.611478
0.524342
0.487682
0.50071
0.681322
0.527822
0.495268
0.591405
0.532155
0.427938
0.527345
0.438389
0.63236
0.500856
0.560273
0.544757
0.500668
0.682858
0.582831
0.255978
0.661979
0.578837
0.324377
0.734084
0.503331
0.445153
0.219097
0.117168
0.451888
0.318739
0.528203
0.536058
0.646832
0.464314
0.291977
0.410042
0.527012
0.561592
0.533512
0.443528
0.506258
0.304349
0.636048
0.495494
0.6582
0.333239
0.815758
0.243627
0.582493
0.674219
0.611874
0.315011
0.37431
0.354469
0.816017
0.30524
0.118985
0.617667
0.512617
0.35784
0.583672
0.660522
0.652287
0.225861
0.527902
0.312404
0.330033
0.487526
0.304918
0.579974
0.440172
0.337813
0.675647
0.478681
0.379836
0.627824
0.257199
0.32299
0.472932
0.573853
0.52776
0.397236
0.536439
0.307987
0.559761
0.178959
0.510913
0.692147
0.403187
0.536611
0.577073
0.817428
0.540912
0.823498
0.430351
0.360617
0.337931
0.539844
0.385273
0.469762
0.406357
0.484837
0.481549
0.600672
0.558073
0.570545
0.513748
0.476216
0.2669
0.469573
0.656433
0.340303
0.562167
0.768333
0.356624
0.428416
0.525541
0.297804
0.41548
0.326564
0.563017
0.56366
0.431055
0.390552
0.623924
0.447634
0.524021
0.647417
0.538822
0.602002
0.768217
0.600919
0.148181
0.459056
0.497919
0.612964
0.393697
0.527434
0.413676
0.532823
0.544137
0.397208
0.408625
0.49604
0.477574
0.375567
0.537125
0.0648753
0.441898
0.675006
0.547606
0.632195
0.715471
0.575872
0.401504
0.510652
0.339807
0.485151
0.700148
0.879044
0.596142
0.563374
0.441489
0.507734
0.647783
0.841509
0.528533
0.434987
0.770098
0.74972
0.451359
0.51612
0.590029
0.729868
0.314597
0.767317
0.507004
0.353624
0.632238
0.426012
0.717117
0.618073
0.561655
0.399688
0.262455
0.590686
0.248709
0.524984
0.527449
0.575529
0.455807
0.558974
0.604119
0.222587
0.644807
0.324512
0.44809
0.752084
0.436616
0.681488
0.49726
0.715658
0.619386
0.495896
0.174981
0.216287
0.37716
0.278583
0.699641
0.758823
0.660858
0.415541
0.62252
0.403019
0.373464
0.411633
0.515787
0.390921
0.541309
0.569623
0.732525
0.420501
0.3933
0.776378
0.410642
0.4874
0.519993
0.568128
0.392568
0.466671
0.284369
0.396651
0.232585
0.606381
0.656197
0.268262
0.463687
0.60495
0.641854
0.42748
0.29583
0.444112
0.73148
0.507244
0.417465
0.399364
0.535345
0.317563
0.322199
0.399778
0.281293
0.444464
0.582496
0.409056
0.84515
0.831118
0.742266
0.4997
0.735967
0.513023
0.50022
0.54217
0.457967
0.429108
0.605884
0.680906
0.42108
0.480647
0.640127
0.5191
0.321939
0.259843
0.602082
0.18407
0.667201
0.619974
0.474348
0.445132
0.361087
0.508956
0.688332
0.305836
0.529
0.488219
0.661613
0.742442
0.499108
0.608751
0.579203
0.51051
0.363748
0.316208
0.590584
0.691482
0.542557
0.306932
0.344381
0.651129
0.769174
0.506795
0.532569
0.831737
0.423402
0.5947
0.366066
0.549909
0.380713
0.74265
0.653603
0.471856
0.300949
0.494232
0.405742
0.688058
0.528118
0.453418
0.63591
0.559159
0.523146
0.705528
0.530332
0.754978
0.251456
0.642262
0.658738
0.408518
0.447266
0.362641
0.397712
0.556827
0.426466
0.571773
0.238568
0.540614
0.369956
0.399274
0.651615
0.534468
0.749311
0.309259
0.1787
0.379573
0.566668
0.273755
0.675897
0.640787
0.580685
0.38141
0.628212
0.559965
0.690464
0.553392
0.458191
0.827388
0.399309
0.538332
0.500295
0.593192
0.28019
0.608195
0.312925
0.640659
0.364795
0.626962
0.499965
0.393243
0.378035
0.413978
0.213724
0.677221
0.489889
0.323859
0.511146
0.411826
0.506456
0.714832
0.485174
0.648747
0.672088
0.477363
0.593128
0.632873
0.504485
0.54498
0.60398
0.55615
0.584626
0.309134
0.336406
0.676426
0.473403
0.609998
0.359481
0.473162
0.676846
0.725066
0.57789
0.761889
0.5818
0.527421
0.623549
0.689271
0.53394
0.485575
0.475485
0.780664
0.729998
0.426713
0.479866
0.462041
0.596063
0.485262
0.442056
0.478153
0.323856
0.408621
0.462563
0.62881
0.486825
0.641951
0.43876
0.495147
0.407953
0.613898
0.65425
0.827758
0.451158
0.645102
0.377758
0.518575
0.658137
0.151406
0.393411
0.57835
0.402557
0.563599
0.384299
0.291641
0.733453
0.635593
0.341175
0.721154
0.579698
0.562912
0.41818
0.73333
0.237451
0.333339
0.657465
0.717041
0.562423
0.731637
0.504581
0.667287
0.538863
0.420184
0.536519
0.805747
0.397116
0.267411
0.574273
0.410078
0.451654
0.345928
0.601791
0.523824
0.331433
0.522193
0.663208
0.218819
0.524456
0.559609
0.660218
0.331954
0.658428
0.406934
0.471473
0.598184
0.439366
0.593852
0.565873
0.351648
0.420039
0.655612
0.531631
0.466785
0.520128
0.50859
0.442983
0.461311
0.469956
0.948647
0.236424
0.432933
0.599687
0.444175
0.518331
0.501689
0.645859
0.895686
0.475865
0.429764
0.497117
0.283842
0.563021
0.590687
0.55104
0.627769
0.133693
0.459752
0.603922
0.675568
0.443637
0.297567
0.445389
0.248865
0.69321
0.448586
0.579721
0.163295
0.532752
0.426511
0.495763
0.396787
0.702489
0.458429
0.657294
0.427528
0.478836
0.40957
0.635727
0.163478
0.598965
0.510549
0.557019
0.385315
0.585525
0.558981
0.534668
0.624677
0.643386
0.517328
0.260667
0.649593
0.550267
0.428865
0.426289
0.478953
0.463154
0.57364
0.644587
0.597918
0.562345
0.536292
0.546474
0.296123
0.705033
0.607612
0.47226
0.800564
0.760276
0.441725
0.430529
0.375035
0.547237
0.390752
0.496221
0.557995
0.548582
0.438845
0.819798
0.710735
0.570884
0.407459
0.66937
0.297722
0.273938
0.35374
0.677656
0.321003
0.490836
0.333903
0.465649
0.580524
0.510696
0.703476
0.564872
0.432267
0.495907
0.626283
0.560091
0.71605
0.705778
0.214042
0.374355
0.274891
0.448449
0.468457
0.368256
0.487794
0.432954
0.447668
0.675264
0.487838
0.443309
0.57895
0.445028
0.487447
0.506486
0.53952
0.666505
0.382708
0.476168
0.627338
0.4928
0.308621
0.454149
0.543771
0.489593
0.567149
0.47125
0.51
0.479021
0.59995
0.599636
0.389041
0.650896
0.427651
0.418404
0.485254
0.363131
0.727566
0.254319
0.443221
0.553251
0.721702
0.619567
0.167862
0.682861
0.54695
0.268407
0.437665
0.386952
0.52933
0.544597
0.632912
0.249911
0.284158
0.691463
0.50076
0.38012
0.314018
0.546487
0.379075
0.205008
0.526417
0.292302
0.30087
0.408443
0.592985
0.685944
0.151239
0.43233
0.572107
0.438264
0.548655
0.464292
0.466858
0.415352
0.372509
0.583312
0.64011
0.583862
0.358765
0.485211
0.508702
0.622109
0.435599
0.209827
0.18853
0.368805
0.720912
0.791786
0.512439
0.531332
0.603579
0.506732
0.342801
0.325392
0.580311
0.634884
0.350634
0.217947
0.520013
0.413808
0.68316
0.44529
0.527501
0.35227
0.441657
0.478146
0.328465
0.327052
0.641495
0.605674
0.597541
0.384598
0.326221
0.560224
0.651378
0.669366
0.507574
0.354758
0.428573
0.650776
0.353299
0.754784
0.928335
0.570602
0.544644
0.556686
0.529775
0.53271
0.225406
0.344329
0.363685
0.656997
0.714407
0.645808
0.658675
0.719419
0.403268
0.412218
0.483557
0.449975
0.76137
0.490325
0.557844
0.660525
0.369856
0.511002
0.552236
0.374323
0.656571
0.115314
0.800972
0.379121
0.7538
0.69013
0.347924
0.375748
0.650681
0.285123
0.248305
0.394009
0.562178
0.633043
0.297868
0.397804
0.436476
0.695144
0.611468
0.751322
0.52268
0.403624
0.472869
0.468198
0.670692
0.522963
0.377659
0.165509
0.285142
0.552039
0.441164
0.394466
0.605246
0.588879
0.343219
0.519704
0.482464
0.579946
0.481683
0.569025
0.577841
0.625804
0.506573
0.22547
0.400896
0.515078
0.65668
0.38361
0.361939
0.908534
0.570556
0.44191
0.759698
0.345205
0.493739
0.503066
0.626111
0.492396
0.304098
0.40416
0.600184
0.561468
0.277159
0.498538
0.502766
0.561272
0.513303
0.611258
0.534132
0.561091
0.448705
0.590015
0.516247
0.384996
0.371885
0.623382
0.601571
0.65946
0.367748
0.748268
0.370309
0.386127
0.610994
0.468466
0.487946
0.711592
0.430765
0.656145
0.344972
0.566093
0.818407
0.658194
0.100655
0.592961
0.550223
0.279256
0.552742
0.54072
0.597095
0.563364
0.504962
0.539715
0.492838
0.546023
0.554213
0.435124
0.583175
0.648631
0.469288
0.348255
0.327202
0.13711
0.583045
0.637983
0.57322
0.31662
0.619868
0.184202
0.480796
0.634229
0.380311
0.415189
0.51096
0.611421
0.454795
0.500724
0.406367
0.528314
0.638227
0.382868
0.583348
0.531453
0.467431
0.316252
0.607685
0.587077
0.553248
0.339776
0.426008
0.701706
0.629194
0.351563
0.77468
0.581941
0.488546
0.459075
0.688049
0.405355
0.481723
0.526239
0.277941
0.374334
0.495859
0.589476
0.456263
0.724755
0.588414
0.314502
0.522604
0.611377
0.446721
0.665767
0.538694
0.541807
0.595334
0.710427
0.661608
0.530933
0.523055
0.478704
0.357582
0.397693
0.40151
0.302522
0.418323
0.376038
0.567157
0.554289
0.451681
0.462
0.438592
0.207694
0.518561
0.418701
0.29104
0.642413
0.587955
0.361208
0.309889
0.364577
0.481956
0.343088
0.595163
0.564885
0.732647
0.366554
0.538785
0.436248
0.522722
0.48807
0.49653
0.42282
0.381724
0.441279
0.426523
0.572308
0.559781
0.449156
0.166166
0.413421
0.750694
0.647236
0.519373
0.530345
0.586277
0.539798
0.325971
0.506118
0.573803
0.66089
0.435168
0.656767
0.64845
0.362061
0.504938
0.478099
0.262602
0.648677
0.299215
0.477012
0.433898
0.486689
0.40476
0.5592
0.423893
0.50175
0.539586
0.395133
0.219208
0.492524
0.624805
0.68618
0.487049
0.680093
0.291781
0.502759
0.426961
0.615314
0.746462
0.616372
0.440705
0.666013
0.412763
0.497429
0.542116
0.755889
0.526873
0.6507
0.428833
0.777004
0.604375
0.460303
0.387765
0.597721
0.452029
0.71608
0.706178
0.587993
0.896125
0.493246
0.260265
0.583844
0.399246
0.557189
0.703086
0.21295
0.487351
0.465287
0.423746
0.503165
0.659018
0.537619
0.199693
0.445887
0.198758
0.618456
0.463995
0.436137
0.566241
0.550391
0.359496
0.261215
0.533333
0.282993
0.251705
0.309817
0.240812
0.537859
0.622298
0.423492
0.34663
0.451934
0.515117
0.562294
0.437609
0.620981
0.456526
0.456537
0.626435
0.215069
0.522018
0.666491
0.505836
0.587962
0.720925
0.471923
0.631805
0.552277
0.371129
0.513343
0.707754
0.492285
0.635629
0.606838
0.641477
0.48624
0.392859
0.404355
0.646778
0.610099
0.362606
0.321333
0.561663
0.344521
0.409436
0.653527
0.304954
0.507
0.445472
0.554932
0.393206
0.381031
0.604418
0.548657
0.439807
0.464171
0.608694
0.49263
0.558122
0.506861
0.501569
0.672024
0.590572
0.513909
0.666151
0.690253
0.585512
0.630488
0.55312
0.330437
0.44379
0.334524
0.539082
0.8092
0.656852
0.607368
0.587401
0.594668
0.308285
0.754605
0.133408
0.210564
0.760652
0.548889
0.615845
0.198252
0.449514
0.366673
0.576422
0.408619
0.456498
0.74071
0.499371
0.545667
0.783295
0.500203
0.812858
0.633686
0.748462
0.17047
0.224142
0.329889
0.428903
0.304018
0.56034
0.754378
0.567894
0.664872
0.286696
0.50932
0.62155
0.688065
0.624198
0.30921
0.365582
0.636142
0.688453
0.39409
0.484235
0.374561
0.571662
0.647598
0.563288
0.437868
0.289596
0.341737
0.408967
0.308516
0.515432
0.680217
0.614669
0.330207
0.772329
0.562263
0.297366
0.177629
0.506624
0.48875
0.675555
0.554469
0.463509
0.282558
0.160642
0.791563
0.287087
0.544999
0.133621
0.517079
0.516651
0.770209
0.578941
0.570589
0.651098
0.289376
0.497418
0.582913
0.453312
0.466672
0.520076
0.393612
0.666432
0.568773
0.394793
0.728004
0.313846
0.479834
0.517622
0.305568
0.504807
0.683801
0.430668
0.30163
0.417537
0.685934
0.458393
0.584192
0.3817
0.545406
0.654215
0.647775
0.482106
0.440872
0.479296
0.416172
0.355545
0.440861
0.385381
0.58596
0.352593
0.650885
0.473554
0.432666
0.4863
0.65913
0.400813
0.251455
0.58961
0.702602
0.456306
0.354205
0.603395
0.475613
0.729136
0.794866
0.416981
0.502472
0.789582
0.494958
0.433044
0.49626
0.555626
0.441092
0.778739
0.625567
0.766658
0.626387
0.834948
0.611061
0.486237
0.407661
0.505517
0.573764
0.305776
0.450265
0.648359
0.306915
0.421026
0.432441
0.590297
0.643293
0.503248
0.431075
0.147524
0.589869
0.536929
0.410722
0.323547
0.401672
0.545931
0.73778
0.606508
0.516736
0.629935
0.64168
0.537728
0.524007
0.233077
0.294976
0.473385
0.586084
0.566617
0.184208
0.46117
0.48867
0.607558
0.443409
0.65381
0.488604
0.595048
0.57213
0.431336
0.632356
0.69647
0.709873
0.653961
0.466851
0.515086
0.388782
0.46745
0.564509
0.611103
0.436488
0.582859
0.53436
0.458044
0.450975
0.452505
0.691127
0.506297
0.76934
0.514063
0.304136
0.275719
0.602327
0.424643
0.59794
0.649163
0.756508
0.456739
0.676523
0.288812
0.365978
0.477914
0.542965
0.597188
0.555459
0.186104
0.636442
0.144714
0.456667
0.522408
0.558432
0.485707
0.499825
0.433247
0.660009
0.534668
0.652201
0.40376
0.16209
0.674756
0.525543
0.684319
0.480526
0.520308
0.524283
0.632032
0.427887
0.505295
0.706386
0.589109
0.213848
0.719572
0.528725
0.469973
0.666019
0.664811
0.398852
0.478982
0.343122
0.601989
0.455034
0.630646
0.712364
0.912294
0.746444
0.744202
0.312906
0.393346
0.485368
0.334438
0.577282
0.412585
0.293312
0.570624
0.732658
0.58972
0.362876
0.725441
0.453796
0.430102
0.457278
0.785767
0.189603
0.330897
0.669402
0.39721
0.585142
0.381943
0.862234
0.564254
0.170974
0.633155
0.212578
0.527894
0.491705
0.250359
0.529913
0.242635
0.595628
0.731431
0.522275
0.624739
0.307314
0.604608
0.681035
0.493577
0.455039
0.530858
0.456444
0.627978
0.474927
0.732175
0.395834
0.609439
0.313663
0.417676
0.666326
0.374081
0.551682
0.629378
0.383951
0.645212
0.418677
0.679524
0.421031
0.168388
0.373326
0.60134
0.36371
0.670838
0.419098
0.535098
0.541506
0.467121
0.32802
0.221343
0.550762
0.382909
0.194275
0.273193
0.693865
0.668757
0.489516
0.39955
0.256111
0.325732
0.541752
0.501118
0.792098
0.514793
0.60971
0.311106
0.843508
0.471775
0.724512
0.502476
0.260162
0.599873
0.720576
0.683619
0.296226
0.911484
0.627591
0.454336
0.653434
0.491296
0.595461
0.444001
0.643207
0.402483
0.524071
0.503766
0.639549
0.707899
0.569772
0.474703
0.494582
0.528135
0.450445
0.703747
0.588611
0.308313
0.471025
0.72931
0.686574
0.465497
0.44136
0.558461
0.522777
0.588594
0.408276
0.457519
0.535764
0.362627
0.37373
0.677957
0.425217
0.389232
0.670921
0.539486
0.452743
0.575289
0.420231
0.542184
0.408446
0.51153
0.486881
0.679558
0.415132
0.513017
0.362164
0.624407
0.492042
0.243362
0.390148
0.459366
0.549981
0.34456
0.511699
0.373997
0.73972
0.494308
0.697723
0.250309
0.57554
0.312701
0.493488
0.558589
0.505802
0.290154
0.59591
0.235396
0.352409
0.658453
0.38566
0.715624
0.791045
0.376782
0.336
0.540477
0.294056
0.654627
0.220183
0.463262
0.707855
0.683418
0.539326
0.474844
0.386721
0.498778
0.59261
0.420668
0.554871
0.645273
0.361689
0.381201
0.56868
0.565521
0.381189
0.487677
0.500922
0.385542
0.76716
0.345022
0.718902
0.768228
0.575362
0.483831
0.378368
0.756792
0.661264
0.513271
0.755063
0.530097
0.213625
0.396791
0.585803
0.491713
0.63353
0.522505
0.590948
0.364596
0.68077
0.240129
0.600146
0.463255
0.559419
0.53635
0.453224
0.565283
0.864505
0.520488
0.598098
0.554132
0.561631
0.392348
0.557584
0.504999
0.671441
0.564118
0.436976
0.385705
0.580782
0.60819
0.644272
0.294438
0.402461
0.452794
0.494925
0.406237
0.555455
0.747306
0.622981
0.55009
0.237458
0.569103
0.370502
0.338527
0.461635
0.643853
0.577123
0.521566
0.579457
0.751103
0.441637
0.236916
0.461506
0.487053
0.627478
0.578283
0.5081
0.306367
0.533968
0.40367
0.411635
0.264928
0.655217
0.805542
0.592513
0.385389
0.448546
0.414733
0.480522
0.567397
0.384298
0.459967
0.563553
0.71438
0.348929
0.754865
0.625531
0.498752
0.323241
0.534326
0.595418
0.687426
0.507635
0.562141
0.429192
0.449507
0.56627
0.681727
0.446641
0.568027
0.411978
0.481842
0.294882
0.477625
0.453842
0.499183
0.460454
0.300011
0.479281
0.379704
0.251875
0.299121
0.342542
0.420562
0.174532
0.67782
0.381457
0.414553
0.369777
0.638033
0.734352
0.468902
0.540109
0.376176
0.728973
0.720312
0.282321
0.435774
0.515306
0.368107
0.500467
0.339118
0.61418
0.447384
0.320554
0.169862
0.303503
0.264015
0.428804
0.528414
0.514029
0.413405
0.505385
0.782013
0.406514
0.304846
0.425472
0.78135
0.302151
0.61338
0.649517
0.215623
0.638146
0.331015
0.474601
0.527892
0.370319
0.589187
0.56875
0.312614
0.744596
0.174334
0.710081
0.367226
0.609283
0.408461
0.402658
0.569664
0.43997
0.566574
0.540933
0.503672
0.248978
0.252848
0.294645
0.503803
0.801181
0.657416
0.386051
0.791965
0.308114
0.365641
0.681371
0.627394
0.772222
0.391764
0.518314
0.641929
0.40313
0.358782
0.441561
0.532476
0.027813
0.246445
0.518084
0.532506
0.666532
0.129247
0.404176
0.584498
0.446424
0.576275
0.586063
0.385174
0.774603
0.384803
0.465973
0.475414
0.692671
0.569503
0.465544
0.546731
0.334487
0.529138
0.318433
0.636161
0.409092
0.312632
0.474019
0.631464
0.63065
0.406368
0.284059
0.508506
0.517289
0.714613
0.644177
0.472682
0.480713
0.154922
0.762063
0.426278
0.378456
0.540415
0.474263
0.68363
0.450665
0.670793
0.283414
0.355963
0.563273
0.553967
0.287827
0.32778
0.429447
0.430177
0.425269
0.496682
0.481179
0.270479
0.202835
0.19849
0.312908
0.171472
0.584776
0.489541
0.369021
0.318137
0.460161
0.708045
0.547145
0.436669
0.612251
0.486358
0.389073
0.659171
0.611453
0.636069
0.281214
0.472098
0.553736
0.327759
0.58644
0.6703
0.316377
0.487313
0.629207
0.48857
0.502924
0.58066
0.455821
0.33255
0.499232
0.458818
0.541721
0.530878
0.312465
0.435114
0.617666
0.530451
0.364936
0.266455
0.536688
0.456679
0.664643
0.460535
0.603692
0.460603
0.524402
0.330835
0.539584
0.774754
0.50143
0.471304
0.251784
0.649625
0.479269
0.322598
0.58302
0.592637
0.563915
0.501739
0.460265
0.081468
0.466028
0.567079
0.615695
0.423623
0.541108
0.390447
0.301545
0.434116
0.409504
0.308341
0.420734
0.603149
0.57812
0.474053
0.495142
0.675649
0.735728
0.332593
0.6434
0.564552
0.393714
0.390296
0.490083
0.519694
0.544178
0.200975
0.428174
0.474201
0.507233
0.490507
0.406672
0.490238
0.639392
0.341721
0.415221
0.476002
0.324909
0.86146
0.087639
0.345827
0.421962
0.501701
0.346218
0.295281
0.335537
0.456596
0.508665
0.363131
0.3889
0.307327
0.529571
0.702041
0.665529
0.336624
0.548275
0.479893
0.493377
0.434849
0.664995
0.333594
0.743346
0.519497
0.617114
0.547246
0.613843
0.640012
0.777477
0.626566
0.573297
0.439764
0.396593
0.441408
0.632512
0.647098
0.510607
0.608283
0.618722
0.517293
0.436913
0.284748
0.373237
0.397336
0.529294
0.797523
0.294543
0.585371
0.614459
0.526236
0.398742
0.406694
0.281846
0.21465
0.569194
0.428184
0.698576
0.381259
0.667247
0.483036
0.371429
0.751122
0.675925
0.427664
0.777714
0.630815
0.298451
0.302667
0.536909
0.14837
0.933479
0.569715
0.544953
0.280083
0.198905
0.596241
0.493055
0.336058
0.676146
0.809813
0.442899
0.326369
0.796747
0.444053
0.630125
0.379713
0.543195
0.547986
0.667954
0.386423
0.385823
0.680697
0.322831
0.287731
0.627672
0.463157
0.53397
0.183134
0.579179
0.40911
0.348667
0.427761
0.734585
0.456877
0.445263
0.391599
0.371921
0.37398
0.415624
0.552461
0.498453
0.456421
0.729018
0.594569
0.563463
0.444537
0.549272
0.684629
0.610237
0.577265
0.577058
0.597267
0.539138
0.206717
0.589222
0.611711
0.153641
0.394936
0.596991
0.351582
0.411193
0.664696
0.544961
0.489682
0.550795
0.326239
0.722732
0.489639
0.519154
0.551807
0.561059
0.306303
0.367306
0.619857
0.234405
0.466744
0.539565
0.500826
0.491759
0.453753
0.476686
0.456326
0.387609
0.5637
0.455108
0.823637
0.58493
0.660636
0.334159
0.657384
0.40207
0.498508
0.633092
0.400266
0.525409
0.783364
0.359835
0.504702
0.559663
0.647428
0.763318
0.427299
0.587708
0.45691
0.181268
0.667978
0.661806
0.375431
0.655325
0.775668
0.648097
0.354944
0.485382
0.492418
0.596239
0.476013
0.644999
0.707814
0.556068
0.309337
0.729778
0.395581
0.513162
0.47039
0.610572
0.204225
0.615166
0.289046
0.463407
0.623612
0.360769
0.516072
0.597981
0.399347
0.423202
0.488366
0.506629
0.616834
0.530134
0.424801
0.805615
0.626879
0.0718362
0.524567
0.74064
0.484732
0.609493
0.539875
0.428428
0.574427
0.455539
0.744899
0.506275
0.340297
0.247885
0.722839
0.361431
0.547549
0.439924
0.39297
0.612188
0.493756
0.628177
0.449556
0.512558
0.343164
0.639462
0.634509
0.452403
0.505668
0.299461
0.515654
0.474907
0.482343
0.554561
0.692495
0.483248
0.599405
0.618829
0.601339
0.558359
0.80247
0.56803
0.591662
0.559652
0.182999
0.552516
0.445594
0.680565
0.408782
0.300911
0.512385
0.380829
0.480367
0.586425
0.379749
0.367313
0.735278
0.577694
0.503933
0.295329
0.521916
0.496023
0.72042
0.612273
0.715014
0.250893
0.307103
0.465469
0.494514
0.475617
0.521837
0.596108
0.309758
0.635017
0.786226
0.641134
0.450843
0.376998
0.437528
0.51497
0.399036
0.299895
0.470548
0.542956
0.128121
0.557463
0.691396
0.268362
0.528538
0.473392
0.704989
0.60487
0.626209
0.337216
0.658163
0.256383
0.517912
0.553494
0.410275
0.576043
0.695083
0.316137
0.553182
0.53634
0.427923
0.229763
0.702442
0.482172
0.631681
0.549933
0.481642
0.588743
0.386992
0.714177
0.621718
0.196169
0.536136
0.335654
0.597129
0.44267
0.27711
0.581338
0.220783
0.618215
0.67737
0.6066
0.369573
0.410508
0.529128
0.218058
0.7624
0.465181
0.468075
0.436584
0.46257
0.432068
0.527414
0.632317
0.52642
0.419441
0.549059
0.403586
0.470071
0.528078
0.373897
0.621599
0.476162
0.637044
0.482974
0.312773
0.512456
0.61305
0.511479
0.300601
0.284177
0.615274
0.557416
0.778896
0.691976
0.417518
0.456819
0.488322
0.467373
0.169571
0.697401
0.418063
0.657574
0.769656
0.642501
0.454517
0.381524
0.26984
0.487215
0.648887
0.779077
0.486271
0.368571
0.525537
0.325154
0.486131
0.30164
0.353007
0.430767
0.623166
0.613447
0.549535
0.752789
0.543686
0.296555
0.644988
0.384326
0.584883
0.704211
0.471055
0.597594
0.487375
0.508911
0.501592
0.811151
0.593819
0.346271
0.764987
0.453376
0.455495
0.56608
0.500423
0.394057
0.518717
0.512397
0.479907
0.865971
0.562952
0.754584
0.667954
0.548335
0.312532
0.441136
0.390784
0.733991
0.393812
0.448193
0.686922
0.502207
0.309673
0.494601
0.511065
0.568969
0.10323
0.645402
0.4631
0.486638
0.382619
0.37563
0.464137
0.364853
0.628755
0.61628
0.551446
0.534535
0.457909
0.454331
0.71416
0.576897
0.511008
0.658697
0.441625
0.389312
0.39151
0.203986
0.406276
0.709915
0.573738
0.213925
0.452905
0.522837
0.453557
0.496349
0.566198
0.515911
0.463246
0.591612
0.48843
0.512753
0.422469
0.506302
0.659166
0.301086
0.547192
0.304133
0.648871
0.529169
0.538442
0.725893
0.508284
0.592224
0.172772
0.510316
0.455443
0.68073
0.316313
0.587755
0.572229
0.662445
0.534276
0.318542
0.682306
0.470062
0.717802
0.197889
0.332337
0.416337
0.40001
0.949224
0.298337
0.358594
0.683131
0.677828
0.28906
0.634464
0.448605
0.506651
0.268274
0.690746
0.272008
0.366176
0.317807
0.577248
0.214692
0.610218
0.463245
0.227503
0.414003
0.37952
0.634147
0.448223
0.643961
0.635028
0.43066
0.289361
0.518279
0.28272
0.618399
0.466673
0.507582
0.811863
0.523485
0.50864
0.692717
0.61857
0.49959
0.299632
0.426017
0.436538
0.638892
0.691184
0.572402
0.296837
0.64879
0.353269
0.502191
0.438626
0.566276
0.537428
0.757491
0.342675
0.73182
0.673646
0.564053
0.559558
0.444658
0.222842
0.360454
0.504409
0.471343
0.456848
0.516497
0.640098
0.579454
0.587752
0.662689
0.720706
0.518317
0.418489
0.802675
0.517194
0.368625
0.686533
0.630516
0.197105
0.432833
0.272596
0.224666
0.280206
0.338196
0.446179
0.54054
0.591933
0.524327
0.569867
0.623536
0.386503
0.537158
0.684245
0.464395
0.561595
0.551162
0.395297
0.418765
0.386441
0.541734
0.486171
0.362858
0.415235
0.529586
0.425191
0.507052
0.50771
0.319036
0.691973
0.289341
0.628774
0.402075
0.593543
0.270489
0.349067
0.450078
0.492312
0.702759
0.718326
0.565034
0.617794
0.44412
0.683427
0.462177
0.63394
0.389769
0.47298
0.505886
0.383962
0.34287
0.620347
0.270728
0.484519
0.496384
0.546971
0.549533
0.44115
0.447843
0.627872
0.480349
0.456815
0.418971
0.41121
0.464189
0.605429
0.352006
0.16376
0.795403
0.542266
0.554611
0.164204
0.426591
0.423093
0.31524
0.416087
0.539896
0.453929
0.660842
0.45234
0.596583
0.243291
0.428771
0.653217
0.786751
0.378799
0.574778
0.749548
0.551077
0.650034
0.388971
0.433158
0.596451
0.5895
0.791596
0.496344
0.327386
0.25358
0.380539
0.672283
0.365069
0.665358
0.402404
0.598235
0.575939
0.841184
0.319053
0.573432
0.531658
0.572844
0.391482
0.533514
0.572358
0.387236
0.202901
0.413392
0.395028
0.605394
0.292901
0.32042
0.588926
0.422767
0.574581
0.43974
0.53989
0.432601
0.456508
0.593677
0.625416
0.514326
0.591383
0.377072
0.372384
0.758788
0.673298
0.290406
0.499305
0.352243
0.455443
0.542607
0.514968
0.840949
0.410154
0.445414
0.295354
0.448258
0.703168
0.571158
0.5607
0.86607
0.653961
0.845857
0.424577
0.442527
0.604043
0.499483
0.686878
0.437823
0.615097
0.295279
0.542564
0.520005
0.41881
0.710012
0.378066
0.422636
0.540304
0.487022
0.577201
0.436203
0.267018
0.483949
0.758491
0.655136
0.634924
0.487017
0.61575
0.40232
0.853956
0.663744
0.533816
0.502971
0.594517
0.575948
0.40131
0.32975
0.306954
0.424946
0.542285
0.540998
0.495854
0.450786
0.688652
0.433959
0.371063
0.157427
0.165248
0.584862
0.54728
0.535706
0.459429
0.447752
0.464109
0.455987
0.347058
0.0839321
0.448456
0.652371
0.746762
0.693895
0.34112
0.470322
0.474341
0.373624
0.609479
0.549601
0.319196
0.267127
0.368131
0.36438
0.614648
0.537094
0.479369
0.542405
0.724041
0.575539
0.405363
0.635088
0.614475
0.626309
0.483934
0.260399
0.190077
0.491334
0.799775
0.540445
0.556658
0.492491
0.823016
0.50559
0.389642
0.360958
0.486994
0.887008
0.577149
0.225935
0.627106
0.219541
0.56009
0.624604
0.202621
0.676733
0.291164
0.455204
0.473331
0.559911
0.484627
0.795097
0.802903
0.613205
0.328702
0.505699
0.260825
0.586363
0.58252
0.796149
0.694796
0.467242
0.479445
0.417601
0.195468
0.555858
0.358683
0.409993
0.625384
0.551862
0.447029
0.323194
0.384004
0.577314
0.462637
0.584386
0.580691
0.556641
0.462692
0.433558
0.787529
0.875645
0.856844
0.598996
0.543853
0.491436
0.508299
0.634635
0.53436
0.415175
0.594419
0.591153
0.612679
0.489486
0.398734
0.442678
0.342276
0.632426
0.456211
0.440987
0.476571
0.469885
0.473678
0.569069
0.550132
0.52828
0.197267
0.51593
0.502835
0.659437
0.648753
0.594512
0.508853
0.369518
0.402665
0.5246
0.432356
0.473879
0.576045
0.502602
0.331798
0.499732
0.452724
0.730057
0.684654
0.508481
0.414002
0.572772
0.504503
0.509615
0.597591
0.272436
0.52231
0.388024
0.456709
0.63261
0.353797
0.516622
0.641197
0.600951
0.324771
0.476147
0.37253
0.669555
0.12629
0.05401
0.484596
0.515283
0.47153
0.194077
0.552133
0.551964
0.676245
0.319249
0.528672
0.566329
0.584678
0.448726
0.56589
0.35956
0.512813
0.531813
0.436225
0.316338
0.630832
0.420168
0.480646
0.323247
0.206655
0.400339
0.253433
0.45842
0.632442
0.458489
0.535868
0.374307
0.405929
0.449169
0.640684
0.545422
0.738468
0.590015
0.679168
0.552969
0.711657
0.45426
0.712785
0.578191
0.404429
0.382909
0.711197
0.526354
0.662469
0.738477
0.488553
0.703201
0.431842
0.422149
0.539924
0.715791
0.578714
0.576248
0.699767
0.519562
0.367016
0.393876
0.294276
0.533518
0.515957
0.45761
0.45951
0.245402
0.259236
0.529124
0.797167
0.478742
0.577842
0.461617
0.539875
0.243624
0.528314
0.406916
0.397889
0.343093
0.338332
0.489132
0.759049
0.157036
0.44152
0.866743
0.663891
0.275436
0.373329
0.604985
0.727778
0.40286
0.449884
0.530413
0.681923
0.456069
0.401662
0.489518
0.705195
0.526613
0.383877
0.683275
0.218558
0.630292
0.535454
0.49949
0.564038
0.165362
0.75846
0.514823
0.49009
0.50135
0.389866
0.588372
0.615228
0.370361
0.437519
0.468671
0.541808
0.482754
0.552206
0.336006
0.541831
0.539052
0.407663
0.701899
0.736641
0.559973
0.41043
0.337645
0.192396
0.456449
0.661407
0.653785
0.353183
0.511507
0.591
0.202367
0.483661
0.445897
0.439723
0.473902
0.293089
0.489327
0.506131
0.410858
0.662639
0.3792
0.583969
0.309593
0.397846
0.458699
0.5104
0.532582
0.678081
0.296131
0.247194
0.452826
0.374924
0.747373
0.416748
0.552314
0.411305
0.633313
0.464818
0.596412
0.583295
0.454157
0.621835
0.556055
0.516413
0.562474
0.58468
0.199615
0.428335
0.716858
0.590788
0.526321
0.36987
0.438081
0.306472
0.213117
0.366089
0.589606
0.451317
0.246805
0.629467
0.354347
0.330543
0.41338
0.516927
0.529542
0.197202
0.566412
0.652655
0.561611
0.616074
0.346361
0.38856
0.492891
0.501163
0.52268
0.524256
0.492096
0.748634
0.38062
0.70844
0.390407
0.6371
0.57456
0.443546
0.645041
0.667108
0.619792
0.615535
0.402191
0.51171
0.444584
0.470718
0.331207
0.750001
0.674439
0.461469
0.401885
0.555477
0.570399
0.382713
0.526758
0.761117
0.543275
0.471054
0.490242
0.473038
0.415686
0.388434
0.586523
0.404614
0.353767
0.51218
0.388069
0.602926
0.640442
0.703328
0.316621
0.489427
0.71211
0.72509
0.688551
0.636684
0.630647
0.483347
0.40647
0.703081
0.412577
0.26103
0.468938
0.447359
0.3873
0.368284
0.720173
0.494861
0.756246
0.380267
0.51162
0.277365
0.524834
0.63448
0.447268
0.568371
0.479102
0.409489
0.634571
0.785726
0.378901
0.706914
0.362867
0.233459
0.539507
0.308577
0.631163
0.704693
0.47354
0.530657
0.697155
0.617525
0.765058
0.596753
0.569367
0.355733
0.597709
0.55171
0.614279
0.236196
0.608806
0.388101
0.20032
0.524897
0.491204
0.557216
0.800602
0.423382
0.514861
0.286466
0.476268
0.44756
0.389942
0.625041
0.662332
0.370704
0.643364
0.639727
0.427885
0.402539
0.680628
0.432736
0.382534
0.276295
0.704842
0.653441
0.15097
0.415583
0.414791
0.425872
0.0875092
0.352986
0.653931
0.613869
0.652515
0.572237
0.432196
0.595749
0.37255
0.44585
0.492474
0.470372
0.306149
0.690088
0.343637
0.366482
0.437076
0.259138
0.432002
0.777185
0.666956
0.600377
0.373094
0.341461
0.329138
0.442582
0.665582
0.494561
0.395674
0.788993
0.809275
0.659185
0.799299
0.537069
0.49904
0.399297
0.292259
0.646838
0.566527
0.458472
0.763895
0.529699
0.591567
0.35463
0.438832
0.579567
0.105126
0.703046
0.627663
0.518214
0.555689
0.439509
0.451997
0.476708
0.460939
0.615494
0.465749
0.484798
0.666622
0.437243
0.344539
0.540147
0.634461
0.220603
0.565091
0.179259
0.430997
0.433524
0.496488
0.722002
0.589232
0.498069
0.325174
0.611582
0.264955
0.523824
0.235567
0.521857
0.609618
0.644582
0.768163
0.403857
0.531633
0.630167
0.527009
0.393384
0.517982
0.445286
0.40841
0.251582
0.438003
0.677276
0.522755
0.760329
0.501218
0.254617
0.731334
0.494344
0.541107
0.378099
0.720018
0.641881
0.546664
0.836506
0.531681
0.795873
0.363651
0.378701
0.479234
0.387416
0.48739
0.563972
0.611153
0.683466
0.618987
0.51254
0.401373
0.520607
0.656863
0.478074
0.335416
0.446795
0.795456
0.414114
0.564642
0.44292
0.652982
0.706255
0.550482
0.396087
0.60012
0.491984
0.620547
0.246478
0.711497
0.490042
0.358466
0.479672
0.511859
0.511169
0.499344
0.136302
0.438788
0.322139
0.252715
0.510917
0.693848
0.534921
0.474852
0.46193
0.404036
0.442883
0.362321
0.504527
0.765407
0.475872
0.588651
0.358405
0.340758
0.446081
0.305996
0.372224
0.683229
0.506554
0.683653
0.496642
0.45772
0.494217
0.655333
0.227804
0.481975
0.329301
0.797039
0.443171
0.359225
0.64304
0.507437
0.301559
0.374255
0.555517
0.412589
0.379252
0.574777
0.275523
0.666932
0.464087
0.459977
0.694326
0.322366
0.679364
0.698118
0.645197
0.68734
0.609468
0.54507
0.500595
0.347793
0.349075
0.635642
0.778863
0.521844
0.647818
0.569591
0.432328
0.670093
0.572282
0.464184
0.488672
0.533413
0.357216
0.645191
0.467443
0.520109
0.617825
0.648178
0.493594
0.614313
0.595013
0.701976
0.529916
0.4775
0.60548
0.616204
0.400244
0.664988
0.368505
0.744724
0.525305
0.379309
0.881328
0.446892
0.293096
0.682317
0.514987
0.46849
0.735647
0.587908
0.50249
0.414215
0.684068
0.457243
0.241188
0.733583
0.573731
0.368317
0.581248
0.392152
0.321482
0.381785
0.272067
0.399911
0.446744
0.374897
0.488534
0.618726
0.358397
0.615417
0.358995
0.520712
0.479296
0.497421
0.416799
0.319413
0.380321
0.360823
0.397311
0.645652
0.345815
0.56652
0.552251
0.189937
0.542297
0.499032
0.403247
0.2333
0.712321
0.418499
0.356471
0.488428
0.565358
0.583924
0.600233
0.672982
0.537572
0.319531
0.457407
0.486961
0.342368
0.44611
0.364575
0.416002
0.733589
0.499231
0.64974
0.532471
0.403229
0.406192
0.280512
0.466246
0.685551
0.543594
0.504622
0.467038
0.489465
0.347392
0.554641
0.480156
0.631067
0.397322
0.588794
0.407554
0.488184
0.647561
0.539721
0.226081
0.398827
0.475509
0.29308
0.134757
0.47541
0.220557
0.367855
0.153003
0.50662
0.38472
0.520249
0.591648
0.618799
0.667009
0.443038
0.318636
0.368736
0.503426
0.482257
0.241274
0.439718
0.534441
0.293093
0.176906
0.612735
0.421833
0.356866
0.533897
0.434705
0.436783
0.530968
0.724793
0.505595
0.491068
0.803633
0.733529
0.30631
0.283253
0.425419
0.508567
0.739235
0.731751
0.339275
0.603844
0.303297
0.616614
0.331061
0.739381
0.575415
0.601944
0.572412
0.453468
0.670236
0.310801
0.4778
0.51825
0.350003
0.624462
0.547686
0.540641
0.206457
0.627935
0.619632
0.420399
0.586627
0.623574
0.449245
0.587259
0.434391
0.3847
0.542827
0.688993
0.469694
0.57107
0.663616
0.402278
0.377275
0.478103
0.433478
0.788232
0.676793
0.541705
0.701942
0.614512
0.696237
0.770601
0.354433
0.315832
0.570461
0.528018
0.481601
0.514791
0.436761
0.834615
0.581598
0.774871
0.499334
0.614528
0.467196
0.257498
0.634517
0.306404
0.549613
0.455019
0.458668
0.511301
0.67092
0.421488
0.780572
0.349328
0.656911
0.423133
0.360239
0.446898
0.5123
0.430368
0.645977
0.476477
0.43014
0.373238
0.661612
0.670691
0.53731
0.582166
0.465725
0.482678
0.547974
0.585876
0.604791
0.564557
0.246865
0.438368
0.482085
0.485878
0.224286
0.496828
0.31424
0.61395
0.284686
0.572329
0.847317
0.577898
0.450704
0.625221
0.504282
0.738344
0.484541
0.927064
0.385749
0.58457
0.598541
0.360998
0.795869
0.481052
0.52686
0.532408
0.715244
0.685237
0.630094
0.361771
0.392733
0.308422
0.454731
0.331556
0.478033
0.391641
0.419329
0.559048
0.616905
0.268403
0.549261
0.616977
0.430922
0.386177
0.43193
0.523828
0.803614
0.508492
0.564317
0.575699
0.394881
0.469525
0.264731
0.441585
0.555559
0.653054
0.320649
0.443974
0.564001
0.367657
0.544515
0.446611
0.606559
0.290014
0.409372
0.521319
0.673832
0.648218
0.4362
0.315747
0.54457
0.566928
0.50484
0.543922
0.279089
0.496284
0.510384
0.521478
0.394089
0.646425
0.536883
0.667437
0.390741
0.599496
0.470281
0.394416
0.557921
0.77103
0.472422
0.309142
0.472467
0.392561
0.488021
0.395142
0.368329
0.687356
0.456466
0.349482
0.296494
0.411138
0.650331
0.49544
0.497556
0.429673
0.562472
0.442977
0.658807
0.505096
0.513584
0.66889
0.477725
0.462854
0.40209
0.438513
0.453732
0.411141
0.518235
0.49085
0.330105
0.434693
0.594277
0.159006
0.357897
0.434828
0.512619
0.347803
0.553765
0.287599
0.34379
0.290438
0.623566
0.491939
0.386129
0.506082
0.473594
0.229668
0.629052
0.380269
0.481351
0.509243
0.561777
0.539974
0.447699
0.565123
0.49939
0.44523
0.652296
0.434624
0.348114
0.369191
0.434174
0.634138
0.481658
0.43848
0.469335
0.106592
0.150539
0.655726
0.417252
0.362028
0.596221
0.576149
0.608132
0.483163
0.541977
0.560074
0.442828
0.667822
0.482325
0.523248
0.927283
0.480113
0.69293
0.606834
0.513352
0.482206
0.632837
0.438959
0.41791
0.668615
0.41091
0.409686
0.342102
0.62484
0.488363
0.131296
0.512614
0.582244
0.539239
0.505739
0.466837
0.541057
0.640736
0.321145
0.503813
0.383356
0.46523
0.549259
0.472814
0.647927
0.645887
0.265678
0.571453
0.638849
0.487738
0.364769
0.575186
0.289707
0.446081
0.491138
0.420089
0.705291
0.294093
0.609524
0.560777
0.302656
0.401535
0.385002
0.52535
0.47343
0.5464
0.54536
0.339228
0.43923
0.431412
0.647525
0.739769
0.722075
0.327219
0.669924
0.353519
0.651654
0.264184
0.602645
0.507997
0.581351
0.444619
0.457271
0.599867
0.734863
0.547373
0.368275
0.191386
0.355333
0.346606
0.457839
0.506999
0.328823
0.56667
0.885969
0.501949
0.704052
0.394928
0.507803
0.424797
0.280226
0.574424
0.309955
0.295695
0.434877
0.498251
0.547799
0.472325
0.613557
0.477508
0.505549
0.47534
0.403272
0.354716
0.301022
0.495222
0.61154
0.384564
0.656947
0.502391
0.272928
0.553867
0.560707
0.632477
0.50496
0.512611
0.484383
0.518604
0.385267
0.537952
0.336974
0.492575
0.52185
0.453047
0.320671
0.576825
0.488329
0.672604
0.363057
0.439022
0.546068
0.297006
0.547114
0.231192
0.325025
0.676897
0.460903
0.485238
0.385236
0.620104
0.388798
0.486728
0.83077
0.412768
0.766149
0.548835
0.648064
0.326554
0.319249
0.358294
0.69049
0.533827
0.562473
0.565259
0.73104
0.602657
0.324475
0.538927
0.505003
0.493535
0.225315
0.460816
0.414501
0.72967
0.526378
0.427552
0.316776
0.412753
0.274983
0.485069
0.568079
0.256043
0.41554
0.516063
0.49506
0.306676
0.289129
0.402609
0.465517
0.529041
0.443391
0.635785
0.48039
0.671134
0.424592
0.294204
0.458866
0.585729
0.473741
0.31331
0.638475
0.678271
0.548633
0.717322
0.262054
0.653344
0.593698
0.235704
0.473447
0.231601
0.479529
0.726025
0.343828
0.509032
0.533955
0.575096
0.450501
0.380432
0.586552
0.500246
0.680078
0.198966
0.698449
0.672632
0.677893
0.343675
0.499318
0.834432
0.615526
0.616837
0.553407
0.581817
0.448328
0.393018
0.676514
0.48557
0.3348
0.691721
0.625751
0.471221
0.389717
0.345483
0.583996
0.630584
0.442873
0.685318
0.860891
0.636564
0.475305
0.665354
0.482269
0.433106
0.404889
0.598571
0.589886
0.372175
0.643179
0.67548
0.323331
0.469622
0.595352
0.687654
0.355984
0.451831
0.525153
0.627954
0.256906
0.765001
0.456698
0.589343
0.600532
0.718963
0.53502
0.634165
0.246039
0.437383
0.267236
0.555751
0.458267
0.536242
0.566189
0.454232
0.292073
0.45246
0.268473
0.298449
0.411979
0.594542
0.298687
0.395802
0.519004
0.487119
0.651805
0.691955
0.556547
0.331268
0.615543
0.322231
0.367198
0.402466
0.654584
0.336603
0.222352
0.708074
0.378547
0.770138
0.6465
0.32622
0.765568
0.480779
0.458069
0.597943
0.563376
0.426332
0.698703
0.594493
0.539733
0.552542
0.622826
0.281648
0.254109
0.464119
0.669403
0.552928
0.522477
0.550613
0.337742
0.803586
0.7471
0.238978
0.639225
0.467231
0.783179
0.544742
0.546844
0.686991
0.514242
0.343616
0.614418
0.543059
0.558151
0.285449
0.437352
0.508516
0.525595
0.272393
0.376836
0.3053
0.502953
0.423141
0.719341
0.332195
0.431394
0.695134
0.443289
0.586717
0.30409
0.336599
0.514783
0.502776
0.60343
0.590298
0.634262
0.375972
0.400081
0.570852
0.355957
0.548432
0.535808
0.487539
0.252024
0.525021
0.561899
0.634411
0.543237
0.442846
0.85508
0.819631
0.368098
0.565889
0.582798
0.405888
0.612258
0.476672
0.689746
0.383773
0.470113
0.636816
0.5775
0.649988
0.410452
0.738368
0.399145
0.412267
0.468031
0.51778
0.39077
0.392874
0.532958
0.454406
0.661703
0.252572
0.559744
0.775394
0.615357
0.40691
0.367917
0.438858
0.672571
0.156734
0.456055
0.517181
0.219313
0.304773
0.50113
0.402357
0.700627
0.430188
0.465024
0.505216
0.282691
0.49295
0.480098
0.120429
0.504864
0.689936
0.435695
0.379155
0.593609
0.484599
0.437434
0.211207
0.36014
0.482104
0.561196
0.238626
0.3537
0.571794
0.573651
0.522511
0.442315
0.508867
0.791218
0.585008
0.742926
0.357138
0.749327
0.378312
0.572754
0.464756
0.60386
0.622572
0.343778
0.644758
0.686642
0.184564
0.322212
0.732333
0.38686
0.66901
0.424839
0.690667
0.280289
0.644418
0.474089
0.687248
0.428191
0.425326
0.583733
0.812508
0.517767
0.582803
0.847064
0.612668
0.51604
0.605113
0.499444
0.608671
0.509038
0.630387
0.477097
0.473077
0.898156
0.4232
0.294008
0.786782
0.62557
0.516913
0.908817
0.547457
0.600578
0.443671
0.503583
0.601567
0.248747
0.223909
0.346275
0.671843
0.355734
0.787267
0.408894
0.6521
0.377661
0.496769
0.413075
0.59125
0.389918
0.448155
0.725055
0.538414
0.346269
0.466222
0.771886
0.420977
0.570137
0.470078
0.400758
0.627493
0.399937
0.379155
0.353317
0.717285
0.410342
0.481875
0.776844
0.428639
0.381349
0.688834
0.444179
0.407452
0.437024
0.592382
0.354251
0.578214
0.525798
0.504481
0.385114
0.579202
0.664192
0.3947
0.421329
0.433754
0.365847
0.900239
0.377604
0.629507
0.677724
0.579846
0.540537
0.777462
0.495368
0.333505
0.650352
0.272766
0.329089
0.409773
0.394509
0.629073
0.442954
0.422637
0.735037
0.408362
0.288452
0.299769
0.741503
0.668096
0.404711
0.334047
0.601449
0.597585
0.457147
0.260231
0.730216
0.515431
0.336415
0.528652
0.401992
0.64994
0.48953
0.697807
0.573983
0.624359
0.905054
0.367714
0.575571
0.568826
0.424199
0.325925
0.584341
0.530906
0.549741
0.57805
0.810844
0.606585
0.174603
0.434686
0.313978
0.463591
0.652001
0.576614
0.618856
0.428936
0.37901
0.270139
0.559047
0.562534
0.565435
0.404459
0.515046
0.388777
0.609861
0.522926
0.720867
0.457953
0.504756
0.770074
0.560627
0.409363
0.692497
0.426306
0.526989
0.458028
0.794205
0.452089
0.263348
0.476858
0.633256
0.463554
0.611637
0.596143
0.475338
0.561364
0.337617
0.742268
0.40695
0.68473
0.455533
0.7875
0.524188
0.662447
0.324016
0.232742
0.353718
0.132829
0.68509
0.595114
0.427803
0.50441
0.31818
0.422251
0.685249
0.379302
0.480978
0.605176
0.620162
0.361059
0.559052
0.411642
0.350381
0.418955
0.346071
0.661796
0.77746
0.230518
0.376518
0.718066
0.510082
0.424221
0.482768
0.211118
0.472773
0.644188
0.748411
0.423782
0.371795
0.358805
0.779683
0.504811
0.690093
0.585087
0.466894
0.434339
0.383166
0.70071
0.657717
0.412938
0.447745
0.515553
0.164218
0.346123
0.535146
0.274634
0.275503
0.346194
0.281174
0.514333
0.697853
0.92329
0.274463
0.44374
0.344225
0.287523
0.585107
0.523044
0.644993
0.434072
0.775477
0.410805
0.551808
0.433112
0.56509
0.202005
0.656441
0.59645
0.571402
0.628742
0.596495
0.44275
0.548405
0.395448
0.419862
0.383211
0.544907
0.570499
0.579786
0.54958
0.654354
0.456103
0.482421
0.436378
0.528094
0.35833
0.508758
0.529205
0.323926
0.429161
0.682783
0.341009
0.511846
0.252442
0.657759
0.528184
0.45883
0.595602
0.442497
0.508382
0.714553
0.499019
0.539482
0.7519
0.419912
0.624911
0.416757
0.418543
0.510216
0.537618
0.485403
0.761797
0.384944
0.587161
0.504527
0.472237
0.715917
0.567943
0.335602
0.381998
0.565784
0.324474
0.718054
0.702215
0.738674
0.475991
0.487961
0.465297
0.284913
0.181853
0.661746
0.843906
0.581662
0.619575
0.556729
0.518524
0.661354
0.597395
0.370429
0.265476
0.45982
0.473222
0.640469
0.437288
0.405955
0.551874
0.256981
0.757254
0.524822
0.632445
0.449375
0.60009
0.476053
0.127704
0.669339
0.680538
0.699428
0.42739
0.291968
0.321817
0.339512
0.67727
0.556876
0.475771
0.621211
0.395858
0.421167
0.666608
0.348138
0.60064
0.496163
0.280097
0.695656
0.615706
0.489729
0.620094
0.470467
0.732649
0.576101
0.404288
0.508638
0.396614
0.365072
0.371015
0.383923
0.339362
0.642423
0.419049
0.348269
0.581237
0.553467
0.702211
0.676364
0.473904
0.651581
0.350697
0.336127
0.205726
0.483609
0.740987
0.656989
0.441674
0.633999
0.486213
0.417856
0.519623
0.649561
0.318858
0.526628
0.624928
0.516708
0.537671
0.463139
0.615139
0.613072
0.44066
0.157405
0.416741
0.55535
0.416045
0.47505
0.665795
0.615273
0.613045
0.731779
0.514339
0.625562
0.364381
0.658783
0.524449
0.547747
0.532347
0.49095
0.57181
0.373732
0.450358
0.349746
0.430692
0.53297
0.631821
0.592655
0.462192
0.477131
0.418214
0.301042
0.827622
0.364133
0.738259
0.578326
0.398926
0.763418
0.650045
0.580319
0.537986
0.554336
0.587987
0.69963
0.6667
0.689526
0.486493
0.32599
0.549711
0.245157
0.452222
0.354382
0.211652
0.679914
0.656791
0.362844
0.660793
0.474596
0.371823
0.381832
0.340956
0.574204
0.568198
0.677009
0.483577
0.304395
0.501397
0.71733
0.281787
0.434181
0.454797
0.250314
0.808397
0.306733
0.3128
0.406363
0.599648
0.710184
0.635679
0.254008
0.576606
0.410293
0.407997
0.477966
0.476086
0.516852
0.632495
0.351861
0.712967
0.355707
0.441305
0.427514
0.345777
0.268266
0.396381
0.362643
0.31743
0.510379
0.651008
0.558884
0.14298
0.42245
0.394269
0.281971
0.466276
0.542674
0.500352
0.685989
0.657379
0.585254
0.554559
0.413536
0.372642
0.70549
0.677906
0.693699
0.49929
0.473609
0.572176
0.359705
0.656418
0.479203
0.457308
0.458122
0.424244
0.488165
0.572997
0.371492
0.473519
0.573985
0.416376
0.626268
0.51695
0.395291
0.387657
0.557916
0.254531
0.541499
0.515606
0.255091
0.48463
0.61846
0.184727
0.204719
0.552737
0.495967
0.536032
0.5599
0.309726
0.889005
0.463266
0.452472
0.501512
0.694616
0.37647
0.522145
0.761987
0.506252
0.404751
0.584047
0.381094
0.477497
0.460134
0.606584
0.519929
0.707025
0.58438
0.42147
0.294736
0.566679
0.500628
0.587816
0.401672
0.644531
0.291753
0.332145
0.454224
0.474819
0.377309
0.486202
0.455143
0.476613
0.460923
0.344456
0.574777
0.273105
0.370033
0.363143
0.65767
0.563383
0.209825
0.622741
0.129318
0.468576
0.503266
0.475751
0.724935
0.524231
0.239082
0.301645
0.212124
0.490817
0.749581
0.540884
0.279313
0.404205
0.340181
0.179843
0.511845
0.288027
0.592519
0.608559
0.62758
0.449766
0.513027
0.523141
0.643903
0.282464
0.698833
0.294741
0.397997
0.493924
0.442876
0.476953
0.592265
0.435267
0.450104
0.373506
0.536774
0.450742
0.586631
0.58815
0.510592
0.420644
0.33373
0.228578
0.413901
0.66922
0.368528
0.686289
0.382756
0.409448
0.193295
0.414243
0.788359
0.646548
0.485185
0.624206
0.792742
0.462117
0.588311
0.575636
0.382707
0.600742
0.570034
0.628002
0.553922
0.530994
0.513329
0.478407
0.317038
0.402648
0.467121
0.506385
0.697697
0.572025
0.476437
0.397755
0.652318
0.367326
0.614288
0.469399
0.321524
0.765824
0.437119
0.616844
0.793094
0.654804
0.785726
0.306524
0.54631
0.598116
0.353504
0.784591
0.499577
0.780214
0.443904
0.674154
0.583188
0.549564
0.588975
0.382826
0.509108
0.733294
0.700868
0.742443
0.409662
0.394955
0.678166
0.552836
0.516985
0.457274
0.388929
0.701535
0.80513
0.361774
0.702323
0.531271
0.516681
0.687131
0.740707
0.37716
0.745782
0.398148
0.52405
0.445437
0.249421
0.39722
0.428566
0.455616
0.408872
0.550162
0.131423
0.467958
0.51315
0.358281
0.463417
0.568112
0.536367
0.448559
0.591479
0.580813
0.58086
0.303825
0.452892
0.4845
0.657964
0.404802
0.613088
0.44875
0.478307
0.455884
0.718905
0.666373
0.673497
0.616528
0.469187
0.652074
0.371091
0.410147
0.524576
0.429538
0.294699
0.482356
0.528403
0.528812
0.311118
0.630467
0.410532
0.465872
0.596357
0.276092
0.396039
0.626244
0.342437
0.552742
0.390595
0.474544
0.676832
0.68029
0.664444
0.511827
0.466444
0.298171
0.256827
0.402614
0.177956
0.429202
0.522751
0.443472
0.466473
0.495888
0.743961
0.295016
0.414303
0.811094
0.475996
0.399218
0.341754
0.464964
0.803207
0.503897
0.611841
0.529943
0.423607
0.716258
0.350747
0.755797
0.48543
0.507355
0.755949
0.426502
0.347273
0.339365
0.663852
0.300861
0.1837
0.587531
0.548821
0.558749
0.60818
0.428668
0.375494
0.424841
0.735226
0.618086
0.226231
0.391706
0.353633
0.576824
0.625586
0.464142
0.632658
0.461055
0.483685
0.346629
0.283046
0.635551
0.33036
0.495766
0.344761
0.47307
0.511944
0.459581
0.523303
0.651546
0.272577
0.675573
0.746478
0.62096
0.641918
0.399377
0.613508
0.411765
0.301116
0.435912
0.65835
0.45673
0.348942
0.3449
0.349094
0.598096
0.63993
0.542624
0.495324
0.451906
0.616422
0.471798
0.485315
0.551388
0.806382
0.511431
0.524931
0.441265
0.408856
0.548553
0.550116
0.39487
0.638955
0.383686
0.23484
0.675936
0.754234
0.391925
0.516374
0.516939
0.684339
0.611509
0.559785
0.235872
0.685808
0.431768
0.333507
0.413318
0.693887
0.302292
0.467872
0.801703
0.793244
0.635232
0.818475
0.6386
0.479455
0.572581
0.406254
0.285962
0.383138
0.290326
0.406141
0.367157
0.378605
0.511334
0.606187
0.323683
0.498917
0.648862
0.75901
0.563431
0.329198
0.502551
0.497459
0.62238
0.550113
0.678781
0.736353
0.511594
0.553349
0.657282
0.482191
0.671395
0.301007
0.67584
0.222688
0.704589
0.35076
0.35501
0.56802
0.310624
0.218654
0.234684
0.565655
0.342543
0.751437
0.394405
0.610647
0.15862
0.680279
0.329292
0.373254
0.440551
0.527769
0.753458
0.415774
0.400065
0.290051
0.502793
0.670459
0.545844
0.31599
0.458986
0.450396
0.682621
0.555228
0.666664
0.415212
0.564326
0.347014
0.315518
0.413493
0.373161
0.421682
0.509297
0.623789
0.446483
0.536645
0.743545
0.416073
0.42336
0.418794
0.263944
0.35554
0.732678
0.435161
0.227158
0.520606
0.344681
0.163731
0.336035
0.307005
0.457809
0.536276
0.621053
0.639827
0.292717
0.475086
0.289876
0.515408
0.415347
0.695472
0.56691
0.544914
0.510922
0.345909
0.444713
0.421519
0.780752
0.407712
0.269154
0.483041
0.633709
0.526097
0.580182
0.541901
0.59426
0.444523
0.380086
0.404308
0.348926
0.464171
0.501123
0.500518
0.353045
0.100456
0.494385
0.548047
0.419709
0.358423
0.461779
0.669734
0.712759
0.548924
0.502998
0.388495
0.315703
0.817437
0.449362
0.420675
0.548441
0.557407
0.556391
0.439851
0.703665
0.629985
0.576999
0.732972
0.374811
0.562039
0.13718
0.420706
0.547442
0.394305
0.336051
0.413875
0.37593
0.601571
0.742144
0.527845
0.317318
0.506743
0.457807
0.426748
0.544236
0.3607
0.423601
0.319424
0.80874
0.509778
0.384554
0.328932
0.178961
0.322787
0.690167
0.45753
0.570421
0.799419
0.600021
0.818986
0.743916
0.531932
0.766887
0.560099
0.441813
0.691976
0.319196
0.393305
0.584658
0.464443
0.464745
0.412233
0.699959
0.600212
0.537526
0.362111
0.505022
0.759666
0.659541
0.536866
0.315717
0.318858
0.439481
0.474818
0.45304
0.310195
0.380151
0.374827
0.569363
0.419519
0.666501
0.404776
0.566227
0.461461
0.506158
0.324264
0.525567
0.50494
0.444314
0.593383
0.576242
0.570686
0.574859
0.389449
0.367738
0.572656
0.319631
0.453578
0.572928
0.175223
0.697647
0.438957
0.341756
0.488014
0.756215
0.68271
0.627727
0.520264
0.585768
0.823219
0.55907
0.816571
0.590327
0.684776
0.526464
0.695923
0.43545
0.60145
0.409174
0.515866
0.345542
0.352036
0.611512
0.8837
0.672414
0.627957
0.581456
0.486567
0.656947
0.456009
0.733333
0.462313
0.305756
0.74781
0.446426
0.482995
0.554708
0.397834
0.561385
0.47291
0.391197
0.601904
0.546315
0.38302
0.607015
0.818017
0.504415
0.69365
0.853725
0.291382
0.695051
0.567333
0.6724
0.56554
0.74012
0.32367
0.669593
0.151441
0.437609
0.658096
0.261434
