0.636099
0.374556
0.684691
0.701678
0.112515
0.909009
0.694236
0.412
0.757349
0.347187
0.0920809
0.873739
0.662017
0.378852
0.587595
0.7695
0.178602
0.146042
0.451071
0.61939
0.308831
0.427191
0.568608
0.337383
0.865252
0.548865
0.733476
0.795512
0.304885
0.455648
0.501989
0.426033
0.209808
0.536693
0.453581
0.497185
0.838424
0.850418
0.581554
0.178635
0.495298
0.306793
0.302628
0.868166
0.666724
0.159633
0.710195
0.48163
0.943393
0.329294
0.707863
0.513667
0.700713
0.119111
0.546599
0.657154
0.831621
0.306907
0.0505234
0.624803
0.52587
0.385875
0.453087
0.0468371
0.664049
0.39708
0.277126
0.424081
0.843785
0.338812
0.578956
0.596334
0.379804
0.555999
0.638449
0.541315
0.31874
0.305835
0.313688
0.549961
0.583812
0.363769
0.290573
0.42933
0.313695
0.576946
0.844418
0.364812
0.284132
0.690189
0.492355
0.428839
0.500063
0.562554
0.552011
0.453741
0.620253
0.56047
0.133714
0.0918677
0.325627
0.456441
0.480145
0.866569
0.566733
0.580275
0.829105
0.37309
0.32499
0.262727
0.111771
0.518902
0.596558
0.279471
0.310547
0.298471
0.756938
0.546238
0.687309
0.577928
0.788586
0.233948
0.354594
0.220567
0.553066
0.265632
0.298978
0.614577
0.36347
0.324896
0.477612
0.76988
0.562076
0.548663
0.49562
0.631408
0.632408
0.494898
0.633744
0.61163
0.57409
0.268958
0.132395
0.575608
0.343119
0.360238
0.14993
0.617318
0.609373
0.783685
0.199731
0.446467
0.407412
0.538775
0.632373
0.560463
0.45584
0.691485
0.865884
0.606719
0.494714
0.552771
0.578805
0.445884
0.439708
0.470039
0.467513
0.40711
0.975948
0.666045
0.430944
0.0819
0.413682
0.352654
0.682612
0.733571
0.202121
0.514831
0.30151
0.504824
0.44705
0.803232
0.120204
0.586381
0.602009
0.391706
0.610178
0.365131
0.202047
0.449008
0.561146
0.80068
0.583307
0.541977
0.362841
0.88467
0.480881
0.330421
0.58444
0.51772
0.721619
0.331887
0.308557
0.494287
0.427785
0.827506
0.313414
0.51622
0.221667
0.648027
0.208556
0.261262
0.370478
0.622165
0.516152
0.513205
0.635093
0.38732
0.451689
0.715892
0.285396
0.555714
0.794545
0.5437
0.319221
0.896962
0.750676
0.186642
0.871089
0.241053
0.0963436
0.528662
0.621173
0.723684
0.653554
0.753196
0.714134
0.788869
0.784581
0.64051
0.271686
0.531716
0.604671
0.426819
0.531968
0.507207
0.498744
0.57565
0.473038
0.548829
0.789626
0.66738
0.476986
0.933823
0.542068
0.343347
0.665425
0.39983
0.498516
0.346418
0.486299
0.56066
0.529332
0.180331
0.956191
0.186874
0.741867
0.265638
0.661526
0.609853
0.52952
0.700516
0.196271
0.675991
0.353627
0.840191
0.662981
0.720609
0.43774
0.889196
0.688221
0.449175
0.315595
0.556133
0.602646
0.906358
0.810756
0.551103
0.510224
0.381438
0.537663
0.311419
0.420299
0.141543
0.900528
0.321689
0.440433
0.302175
0.328234
0.749828
0.727162
0.437419
0.620115
0.351027
0.466027
0.200246
0.789214
0.697174
0.601466
0.766245
0.676335
0.769686
0.361366
0.332122
0.369928
0.309192
0.820287
0.19324
0.603544
0.0459639
0.319609
0.592487
0.314355
0.540466
0.512038
0.575672
0.432909
0.34386
0.122173
0.50667
0.736041
0.543779
0.713993
0.188468
0.731564
0.491144
0.330413
0.704265
0.555081
0.609259
0.319209
0.635706
0.746003
0.166919
0.483886
0.733347
0.531527
0.252689
0.397237
0.407378
0.384106
0.918031
0.289593
0.574621
0.629614
0.562369
0.372975
0.440783
0.270155
0.613718
0.78655
0.714906
0.44717
0.413894
0.548063
0.0459415
0.607228
0.447867
0.470087
0.639321
0.444584
0.662228
0.449175
0.554394
0.581338
0.598246
0.360231
0.601542
0.707711
0.420446
0.487589
0.550766
0.0417001
0.652103
0.498563
0.0315135
0.979088
0.534528
0.414415
0.546466
0.691488
0.407488
0.857907
0.439989
0.691837
0.863559
0.555852
0.454909
0.523472
0.659693
0.149247
0.679264
0.740623
0.474742
0.31285
0.727614
0.734902
0.582163
0.510226
0.419496
0.724056
0.362564
0.409546
0.510574
0.85601
0.811273
0.559618
0.199966
0.392894
0.301518
0.37486
0.680265
0.826518
0.844335
0.802139
0.414671
0.538439
0.44174
0.74162
0.618667
0.75451
0.360209
0.867979
0.591621
0.555493
0.256943
0.447586
0.586669
0.592064
0.571902
0.571418
0.325201
0.914242
0.45402
0.922761
0.555245
0.46199
0.720521
0.272913
0.221001
0.275461
0.453691
0.34735
0.353767
0.370085
0.319958
0.529033
0.712452
0.483399
0.551573
0.56475
0.494828
0.537249
0.261685
0.514598
0.608682
0.67072
0.36904
0.633946
0.534954
0.585847
0.389029
0.70142
0.232937
0.709893
0.703258
0.505685
0.330588
0.814709
0.650305
0.778008
0.510954
0.745378
0.385764
0.306806
0.548699
0.297108
0.940186
0.794612
0.368667
0.541005
0.25896
0.217094
0.291417
0.536129
0.238668
0.517989
0.298603
0.376913
0.379906
0.423045
0.694051
0.411773
0.657033
0.480254
0.454368
0.730426
0.560787
0.632907
0.355868
0.654193
0.500161
0.706204
0.132571
0.475233
0.355416
0.637374
0.463018
0.57742
0.45457
0.603482
0.501583
0.33326
0.601162
0.400315
0.462966
0.307973
0.511577
0.499957
0.936492
0.813602
0.625674
0.663897
0.649818
0.742702
0.234927
0.312694
0.319638
0.372889
0.22777
0.552498
0.519905
0.97027
0.482288
0.332893
0.666098
0.0314576
0.54188
0.659771
0.757009
0.39062
0.689979
0.611174
0.433493
0.17972
0.395395
0.603231
0.206606
0.766826
0.830295
0.427568
0.375506
0.309084
0.768325
0.530756
0.198489
0.443679
0.650832
0.330612
0.298463
0.901808
0.464621
0.56336
0.577164
0.467413
0.805151
0.7299
0.580376
0.214174
0.604536
0.158625
0.299376
0.340912
0.484188
0.526484
0.31181
0.687343
0.547418
0.37916
0.458159
0.1488
0.657764
0.76549
0.917945
0.220264
0.354289
0.550461
0.592762
0.786779
0.0355792
0.295318
0.621223
0.53903
0.399597
0.792562
0.143851
0.529586
0.357068
0.417823
0.103937
0.397036
0.741509
0.409822
0.413338
0.17195
0.619481
0.513825
0.730157
0.340327
0.360135
0.12326
0.888238
0.47692
0.353577
0.62834
0.686346
0.772505
0.373033
0.629781
0.287898
0.665947
0.556299
0.49991
0.90006
0.553569
0.337392
0.472689
0.194005
0.185084
0.889806
0.518385
0.596096
0.367073
0.748258
0.207847
0.622719
0.481681
0.756235
0.595561
0.849466
0.589959
0.342181
0.349878
0.398333
0.525963
0.357574
0.433029
0.494575
0.399464
0.315656
0.582755
0.187811
0.311844
0.350018
0.671609
0.749969
0.351445
0.567732
0.219184
0.555594
0.571378
0.702176
0.406768
0.418043
0.664532
0.57617
0.393132
0.398046
0.437192
0.866521
0.554361
0.519068
0.444456
0.516519
0.46989
0.616911
0.787306
0.373435
0.0510993
0.71892
0.582942
0.233484
0.15804
0.391161
0.506692
0.457247
0.374111
0.40989
0.565531
0.173968
0.807692
0.406605
0.899962
0.823625
0.363964
0.303941
0.922727
0.39116
0.379393
0.402638
0.48955
0.667694
0.335532
0.397788
0.558809
0.229036
0.568047
0.395506
0.433768
0.552272
0.461077
0.66919
0.692723
0.796664
0.0662508
0.437454
0.799113
0.255584
0.409927
0.363808
0.645398
0.341669
0.451405
0.271143
0.421191
0.69783
0.729117
0.732015
0.707876
0.132255
0.680982
0.738707
0.588646
0.555987
0.449372
0.57504
0.324626
0.457133
0.680316
0.804814
0.784455
0.676226
0.400808
0.459804
0.826423
0.852756
0.507308
0.553127
0.71898
0.393299
0.222724
0.461838
0.447155
0.167217
0.578403
0.515521
0.389131
0.366292
0.551863
0.79565
0.35895
0.570195
0.940222
0.193444
0.898041
0.540109
0.873508
0.691917
0.959979
0.618319
0.571225
0.630788
0.769601
0.342059
0.519807
0.380883
0.149327
0.485328
0.697779
0.397648
0.492253
0.722933
0.799676
0.541326
0.823295
0.466399
0.609
0.844352
0.526397
0.651932
0.244679
0.574481
0.827513
0.366026
0.45476
0.485116
0.509809
0.67483
0.455244
0.562291
0.599244
0.37881
0.511211
0.370728
0.395415
0.644745
0.531599
0.769351
0.73424
0.57255
0.39822
0.80961
0.255828
0.734888
0.573801
0.54794
0.712538
0.583004
0.233086
0.296648
0.489002
0.342679
0.235224
0.505491
0.517569
0.62969
0.704902
0.509161
0.659379
0.494585
0.313899
0.293899
0.382948
0.462114
0.553954
0.22938
0.208922
0.861069
0.366063
0.380022
0.401325
0.345786
0.440526
0.552819
0.272381
0.491026
0.326308
0.156763
0.729677
0.697411
0.687473
0.241912
0.831194
0.375071
0.118683
0.7541
0.625403
0.478621
0.380962
0.584281
0.440381
0.447059
0.743156
0.409444
0.547608
0.457633
0.813733
0.615025
0.262808
0.633218
0.321777
0.756697
0.55795
0.44819
0.755268
0.562394
0.645207
0.558258
0.588939
0.39339
0.255419
0.63519
0.533238
0.376228
0.47031
0.517842
0.810112
0.585263
0.479425
0.0963417
0.410606
0.698534
0.519489
0.326787
0.613406
0.467683
0.515581
0.629251
0.742758
0.635576
0.580266
0.652374
0.718358
0.603257
0.53853
0.493299
0.399039
0.190857
0.533068
0.442139
0.546317
0.255015
0.0262277
0.175691
0.933064
0.718359
0.151607
0.555521
0.69678
0.734559
0.380017
0.791051
0.486192
0.755429
0.351264
0.208745
0.274085
0.684526
0.484902
0.723931
0.408523
0.59467
0.619835
0.34231
0.548813
0.654755
0.444372
0.623624
0.581799
0.454228
0.865035
0.520463
0.438282
0.831534
0.724172
0.360638
0.428587
0.10584
0.413118
0.472022
0.790512
0.779292
0.439372
0.554223
0.592117
0.820021
0.392998
0.381942
0.456027
0.554125
0.519132
0.780309
0.271143
0.487762
0.740248
0.542982
0.631875
0.548515
0.483518
0.569249
0.694219
0.778119
0.555333
0.476856
0.462243
0.42663
0.566766
0.802725
0.717742
0.691071
0.550486
0.634241
0.380037
0.509576
0.421342
0.619198
0.53216
0.365003
0.319559
0.283018
0.6738
0.469969
0.637199
0.437284
0.460703
0.498218
0.665271
0.694122
0.764351
0.195218
0.81059
0.206422
0.835021
0.743828
0.218184
0.234368
0.175517
0.678873
0.896813
0.494207
0.432097
0.437409
0.581814
0.475646
0.183328
0.299435
0.581278
0.519778
0.456824
0.5168
0.238234
0.429835
0.628055
0.345981
0.403244
0.242616
0.554598
0.493414
0.448555
0.518834
0.373466
0.650003
0.36663
0.616145
0.338326
0.834431
0.38265
0.389072
0.397673
0.682811
0.272252
0.615495
0.41421
0.115265
0.212507
0.179876
0.499945
0.477895
0.505877
0.148818
0.890684
0.301663
0.403571
0.355071
0.107866
0.737608
0.516463
0.961517
0.854878
0.520819
0.938469
0.207187
0.669204
0.483558
0.218949
0.642776
0.800996
0.680877
0.707477
0.14365
0.612876
0.610064
0.555996
0.343752
0.494962
0.798197
0.800114
0.864328
0.363383
0.200077
0.953025
0.316824
0.759724
0.391764
0.432225
0.539813
0.393077
0.462916
0.40095
0.385247
0.165593
0.804101
0.742952
0.599808
0.796654
0.65321
0.400968
0.452615
0.609978
0.308083
0.195941
0.740993
0.872234
0.830417
0.505782
0.661483
0.770905
0.859003
0.319173
0.263757
0.693412
0.318292
0.191637
0.310541
0.918689
0.351286
0.517802
0.347155
0.656643
0.723683
0.295544
0.639705
0.570136
0.239211
0.694355
0.871476
0.488354
0.374025
0.752062
0.592503
0.469647
0.381024
0.910687
0.897793
0.696137
0.532915
0.364011
0.66513
0.381608
0.465813
0.826057
0.413865
0.448422
0.253134
0.341507
0.451553
0.678421
0.882522
0.645702
0.455785
0.866976
0.226495
0.34367
0.494026
0.708583
0.390484
0.814282
0.714718
0.716632
0.4899
0.257401
0.548412
0.42915
0.450833
0.68858
0.738135
0.476603
0.346958
0.947593
0.873668
0.286994
0.578186
0.423814
0.3349
0.277767
0.364572
0.713147
0.654869
0.333209
0.571965
0.80796
0.793584
0.690286
0.303838
0.683182
0.16917
0.555045
0.486727
0.778436
0.523397
0.345953
0.844652
0.387801
0.304043
0.409752
0.700887
0.355539
0.227094
0.879622
0.463391
0.23779
0.537194
0.544693
0.443203
0.727012
0.215242
0.674108
0.323049
0.647634
0.487527
0.688127
0.636403
0.718096
0.471217
0.392929
0.535191
0.536212
0.646523
0.695004
0.417316
0.381461
0.576312
0.285262
0.653119
0.43956
0.399413
0.732174
0.192907
0.441392
0.604326
0.7475
0.755602
0.47006
0.445526
0.587378
0.59156
0.326585
0.595006
0.625759
0.480569
0.856449
0.727178
0.586384
0.669011
0.525951
0.21573
0.243745
0.868122
0.299006
0.476483
0.102659
0.728289
0.50179
0.72079
0.640326
0.372248
0.374306
0.489457
0.143945
0.113048
0.394709
0.317662
0.501199
0.400611
0.223902
0.736794
0.500111
0.333659
0.254672
0.0496278
0.269026
0.741797
0.261328
0.420685
0.436661
0.385449
0.532539
0.304139
0.416408
0.73938
0.631775
0.587059
0.418273
0.618441
0.566483
0.0562764
0.366078
0.572191
0.158839
0.402616
0.846739
0.517996
0.297654
0.456702
0.542688
0.500168
0.512697
0.206033
0.297689
0.255709
0.449466
0.373463
0.540556
0.435146
0.834098
0.442716
0.740461
0.369951
0.904883
0.497027
0.391764
0.695988
0.548533
0.0924617
0.225512
0.435413
0.516074
0.117933
0.918963
0.307401
0.604977
0.699432
0.523722
0.0810576
0.580823
0.186412
0.157279
0.701846
0.373555
0.11378
0.201985
0.715813
0.720055
0.263377
0.329679
0.683879
0.436526
0.554336
0.619449
0.821421
0.390865
0.472139
0.86018
0.51634
0.506945
0.6017
0.328792
0.671794
0.769417
0.56023
0.909281
0.487721
0.209397
0.231142
0.366893
0.338258
0.238093
0.680712
0.415978
0.820131
0.457157
0.494663
0.419292
0.340063
0.711266
0.502343
0.630748
0.277196
0.66016
0.461603
0.842796
0.299528
0.534065
0.757971
0.623883
0.831292
0.498168
0.527173
0.530621
0.461206
0.688523
0.840539
0.253528
0.749482
0.49348
0.198275
0.604432
0.434433
0.541461
0.556074
0.57782
0.457523
0.617596
0.465999
0.91767
0.518637
0.868508
0.143031
0.69549
0.541329
0.666177
0.374162
0.354525
0.970797
0.388609
0.167367
0.499308
0.245256
0.636697
0.393263
0.408944
0.574404
0.543409
0.402728
0.826744
0.326592
0.343156
0.209238
0.52804
0.86932
0.255889
0.305114
0.492223
0.625621
0.502229
0.536387
0.704286
0.401889
0.402618
0.191405
0.185343
0.210639
0.525219
0.0638357
0.300852
0.354704
0.734008
0.731115
0.219437
0.457296
0.250206
0.644931
0.594485
0.915367
0.476943
0.360756
0.614853
0.421637
0.348745
0.338918
0.520285
0.243657
0.354151
0.730187
0.501324
0.366224
0.141511
0.414297
0.602757
0.396447
0.754702
0.790316
0.323804
0.798708
0.557245
0.423221
0.557531
0.06977
0.290007
0.631534
0.836148
0.382217
0.469394
0.45631
0.548094
0.517391
0.469682
0.682263
0.86701
0.0769664
0.644802
0.187271
0.581942
0.505272
0.731671
0.376978
0.342325
0.372421
0.538844
0.316673
0.530499
0.661301
0.560982
0.403093
0.54877
0.469428
0.67137
0.52428
0.257198
0.579655
0.431423
0.636075
0.622555
0.771666
0.31783
0.539299
0.838087
0.539186
0.804721
0.372168
0.74794
0.545794
0.249963
0.437916
0.859344
0.69518
0.421374
0.468099
0.549837
0.609685
0.760422
0.777517
0.276066
0.603901
0.617635
0.497142
0.664883
0.408105
0.205709
0.67694
0.316714
0.439252
0.402995
0.53091
0.475353
0.835216
0.30179
0.452154
0.917591
0.760965
0.532534
0.65626
0.490289
0.663286
0.406784
0.416731
0.671718
0.693674
0.308521
0.336682
0.358226
0.436968
0.525071
0.456489
0.276495
0.37625
0.345643
0.727535
0.495876
0.692543
0.267221
0.487678
0.464511
0.540778
0.534223
0.0545269
0.317162
0.361471
0.500111
0.408087
0.40189
0.580545
0.435818
0.664795
0.546962
0.717659
0.42159
0.150446
0.538534
0.466421
0.845562
0.359971
0.603952
0.727795
0.794093
0.4475
0.394651
0.870997
0.255632
0.620607
0.0369121
0.164143
0.571557
0.418122
0.267932
0.85987
0.954213
0.831326
0.498869
0.33915
0.154026
0.583854
0.345766
0.509431
0.494339
0.116083
0.243466
0.321271
0.504316
0.425234
0.206846
0.310552
0.266971
0.392918
0.627917
0.491355
0.861115
0.587302
0.196568
0.217532
0.412715
0.257548
0.606931
0.798993
0.282896
0.343642
0.660578
0.201681
0.306522
0.305208
0.701976
0.578186
0.257011
0.428354
0.520842
0.668919
0.349771
0.500091
0.430259
0.781717
0.608348
0.845309
0.178635
0.600762
0.804098
0.701774
0.177806
0.493598
0.441926
0.264086
0.228798
0.278078
0.401342
0.457995
0.500993
0.578968
0.353796
0.611943
0.469648
0.446969
0.464
0.173174
0.340938
0.33082
0.644631
0.471218
0.69293
0.286183
0.770547
0.762029
0.635091
0.472923
0.270374
0.391516
0.738158
0.535398
0.400005
0.897685
0.310432
0.378328
0.264324
0.726073
0.295747
0.143784
0.790135
0.46363
0.642623
0.362818
0.865032
0.601659
0.443289
0.798194
0.243635
0.818914
0.465512
0.41269
0.584378
0.631407
0.399371
0.690373
0.616695
0.485948
0.215346
0.706235
0.450219
0.479928
0.479286
0.382555
0.924315
0.370287
0.794079
0.788293
0.15796
0.890111
0.737025
0.630824
0.0967416
0.621772
0.236151
0.757262
0.365443
0.78095
0.277933
0.52561
0.621396
0.246406
0.663097
0.323932
0.365523
0.525801
0.22638
0.308708
0.304686
0.578332
0.510387
0.601521
0.370698
0.520438
0.332848
0.726171
0.388056
0.721295
0.510849
0.486286
0.644181
0.650266
0.204789
0.276484
0.252669
0.568969
0.419059
0.488085
0.711777
0.26609
0.645645
0.213361
0.447078
0.513505
0.461079
0.370266
0.388951
0.2778
0.58639
0.662566
0.272278
0.451691
0.493902
0.458257
0.857451
0.975351
0.59398
0.212118
0.1585
0.698103
0.858999
0.976232
0.525874
0.186413
0.441084
0.835261
0.568134
0.914594
0.414327
0.27123
0.408531
0.380064
0.721465
0.505572
0.659144
0.165536
0.729177
0.284096
0.75701
0.825908
0.495393
0.363584
0.443358
0.208159
0.426245
0.126625
0.678794
0.917983
0.449463
0.794298
0.674012
0.62737
0.655293
0.624286
0.477309
0.272838
0.555188
0.274952
0.696906
0.424436
0.682769
0.683892
0.447796
0.711165
0.210753
0.352444
0.499569
0.668896
0.581781
0.3456
0.863355
0.232337
0.350291
0.609747
0.692787
0.323083
0.506781
0.378605
0.385555
0.591247
0.505071
0.480734
0.658889
0.348623
0.537338
0.779923
0.133985
0.0868243
0.300957
0.772754
0.601148
0.204298
0.075385
0.535612
0.649104
0.671581
0.37653
0.756348
0.728685
0.344638
0.780304
0.503826
0.482788
0.491591
0.20623
0.181483
0.811242
0.828617
0.526228
0.279072
0.150928
0.466256
0.312911
0.0796701
0.338209
0.647842
0.365933
0.397036
0.682471
0.517249
0.354168
0.211352
0.516264
0.883588
0.9857
0.739367
0.499267
0.555993
0.566827
0.51792
0.340025
0.302068
0.635518
0.497784
0.861106
0.339067
0.553952
0.937757
0.470064
0.49732
0.0190039
0.556884
0.610306
0.300909
0.398769
0.445656
0.652669
0.691061
0.627411
0.155026
0.45025
0.473176
0.0898615
0.675013
0.415739
0.798911
0.502108
0.682672
0.492224
0.600167
0.242022
0.482152
0.275165
0.372344
0.409902
0.477541
0.304941
0.559648
0.597133
0.312166
0.686095
0.525745
0.415567
0.47598
0.701132
0.198488
0.789455
0.725649
0.473435
0.957955
0.335983
0.0798996
0.495566
0.692453
0.859687
0.445685
0.475985
0.177667
0.56022
0.598665
0.468881
0.53955
0.502189
0.284486
0.638568
0.54206
0.219983
0.625314
0.271607
0.796292
0.529731
0.30903
0.786527
0.218035
0.194763
0.206474
0.502741
0.166253
0.540142
0.105101
0.316979
0.175439
0.93608
0.665358
0.697263
0.550299
0.269244
0.499086
0.541187
0.321642
0.5952
0.437207
0.956961
0.667862
0.614441
0.59691
0.912429
0.386849
0.438684
0.276564
0.458942
0.358629
0.813327
0.499487
0.373746
0.669518
0.536164
0.695747
0.576202
0.174031
0.761716
0.554059
0.559929
0.751261
0.204701
0.493895
0.344634
0.367905
0.455432
0.500799
0.58814
0.790602
0.194117
0.235972
0.510843
0.39569
0.540269
0.374052
0.671518
0.504971
0.597665
0.54109
0.895152
0.531556
0.95447
0.51759
0.290171
0.450297
0.972419
0.539539
0.804163
0.712817
0.148114
0.573254
0.153909
0.707592
0.653752
0.357888
0.727258
0.721021
0.863787
0.302366
0.6911
0.085888
0.748282
0.491542
0.0514043
0.309081
0.462894
0.59927
0.798023
0.450909
0.289664
0.424122
0.528654
0.383829
0.78202
0.556393
0.583104
0.288847
0.541591
0.353047
0.730696
0.35336
0.503673
0.940196
0.340383
0.614624
0.432392
0.380693
0.724852
0.748555
0.525827
0.437382
0.486622
0.834007
0.605598
0.530502
0.70587
0.728137
0.314604
0.530748
0.696396
0.668962
0.570847
0.447416
0.817921
0.576655
0.224492
0.364054
0.469567
0.255609
0.439504
0.642018
0.401138
0.304764
0.270469
0.455267
0.365501
0.524163
0.729377
0.63774
0.397107
0.461166
0.836401
0.617586
0.138411
0.47023
0.722899
0.380531
0.647653
0.265609
0.804099
0.447592
0.508195
0.42684
0.363147
0.770347
0.321326
0.672292
0.587401
0.739921
0.301152
0.44658
0.172088
0.673838
0.701937
0.473074
0.555663
0.687818
0.194939
0.403219
0.675404
0.777622
0.573537
0.549855
0.331026
0.228961
0.302155
0.422181
0.818293
0.1415
0.436196
0.385489
0.443837
0.39592
0.326927
0.749254
0.356609
0.311001
0.786984
0.442633
0.830604
0.530631
0.528861
0.166911
0.20772
0.848631
0.200495
0.519878
0.658846
0.222258
0.728746
0.567607
0.245453
0.643193
0.44332
0.19456
0.463234
0.827821
0.0903797
0.293435
0.523511
0.356559
0.356821
0.461606
0.577377
0.434956
0.412894
0.851516
0.411735
0.367274
0.742598
0.17781
0.345643
0.6262
0.167951
0.614499
0.629568
0.570353
0.485011
0.420895
0.0993788
0.404152
0.516188
0.615532
0.661131
0.392661
0.645143
0.872751
0.381915
0.636909
0.0372853
0.547108
0.536248
0.883238
0.760566
0.336218
0.406721
0.383129
0.408035
0.0731281
0.461824
0.737958
0.5853
0.49478
0.233093
0.456121
0.762777
0.563578
0.787938
0.617879
0.504327
0.524569
0.643741
0.586313
0.470588
0.36119
0.793019
0.620679
0.857047
0.668024
0.208662
0.541488
0.563593
0.189455
0.772503
0.764537
0.904036
0.378605
0.519659
0.564158
0.55077
0.311376
0.415323
0.343843
0.171497
0.145924
0.579901
0.485452
0.351636
0.54832
0.452612
0.516106
0.407768
0.610666
0.832871
0.374893
0.584175
0.268357
0.563011
0.479445
0.386266
0.578691
0.315113
0.585438
0.441387
0.45346
0.518931
0.600021
0.28924
0.543667
0.417114
0.0531538
0.390845
0.454927
0.558161
0.848804
0.406715
0.827636
0.236731
0.210916
0.931613
0.546421
0.465199
0.40704
0.38499
0.448866
0.509511
0.375483
0.642922
0.383987
0.346662
0.799787
0.759076
0.326377
0.600296
0.467346
0.758961
0.48243
0.085177
0.41691
0.50344
0.430511
0.540484
0.422709
0.504174
0.317417
0.456102
0.280899
0.335441
0.488921
0.595311
0.656989
0.423421
0.662698
0.391471
0.420892
0.505821
0.357356
0.845549
0.4392
0.441395
0.771802
0.875528
0.212264
0.810636
0.664616
0.767972
0.536603
0.38566
0.513592
0.456229
0.541178
0.558991
0.341053
0.298984
0.488992
0.207684
0.571052
0.857083
0.153461
0.230966
0.639987
0.365772
0.372
0.636245
0.812684
0.673714
0.547172
0.560106
0.261424
0.369366
0.408787
0.497594
0.445886
0.139513
0.768256
0.274833
0.187439
0.603979
0.289495
0.436724
0.561682
0.444755
0.468647
0.733187
0.338604
0.596995
0.557839
0.274158
0.680196
0.593559
0.586191
0.685234
0.660838
0.853994
0.424217
0.732592
0.406221
0.283066
0.505782
0.897548
0.252055
0.493178
0.364701
0.267795
0.304282
0.289211
0.561061
0.374126
0.637971
0.753576
0.3653
0.238132
0.602545
0.34345
0.736073
0.408105
0.806467
0.361403
0.670854
0.14708
0.334967
0.484848
0.426255
0.198678
0.60987
0.23895
0.897949
0.693125
0.531051
0.371865
0.118112
0.267557
0.644521
0.540377
0.371212
0.3614
0.562583
0.538248
0.346983
0.409385
0.717024
0.498786
0.542379
0.791445
0.756721
0.577379
0.29225
0.410447
0.506533
0.568946
0.351495
0.655477
0.884831
0.239474
0.369372
0.27007
0.53246
0.850051
0.389632
0.281515
0.636414
0.425989
0.678129
0.159089
0.536977
0.272881
0.72249
0.255772
0.187525
0.565631
0.166433
0.349744
0.391694
0.535741
0.234269
0.738653
0.473046
0.856321
0.369095
0.351384
0.637872
0.273554
0.851172
0.228763
0.272196
0.357509
0.580915
0.486362
0.269566
0.444485
0.50393
0.509281
0.716639
0.417203
0.823477
0.640493
0.369056
0.418471
0.688708
0.511088
0.830585
0.418088
0.465018
0.422436
0.203948
0.752024
0.48578
0.827015
0.712242
0.827113
0.852749
0.466401
0.395326
0.133696
0.395339
0.611584
0.466003
0.532922
0.316998
0.112532
0.766318
0.484567
0.849823
0.600632
0.494737
0.455501
0.406564
0.19935
0.480459
0.698139
0.262128
0.485176
0.761569
0.412409
0.214634
0.70264
0.579223
0.504016
0.469088
0.373904
0.630509
0.72599
0.154664
0.955141
0.528104
0.439724
0.42959
0.578661
0.895323
0.555916
0.545576
0.681422
0.380609
0.415077
0.536703
0.457315
0.105999
0.441449
0.365662
0.0823231
0.669552
0.853431
0.403197
0.548359
0.302211
0.537797
0.534565
0.703327
0.635021
0.394234
0.479826
0.73165
0.763125
0.530937
0.582703
0.821246
0.398378
0.641214
0.865751
0.649636
0.382949
0.715276
0.567532
0.58359
0.191693
0.440608
0.670469
0.623458
0.281585
0.718532
0.595997
0.634997
0.75196
0.17379
0.786642
0.298305
0.259762
0.858206
0.31257
0.465101
0.489496
0.548682
0.433181
0.252388
0.208032
0.614024
0.21223
0.212205
0.0398729
0.374311
0.827972
0.803908
0.578992
0.700711
0.637777
0.657148
0.308776
0.302908
0.349618
0.250409
0.53212
0.725493
0.320844
0.141724
0.619157
0.5239
0.547563
0.774863
0.360589
0.914688
0.325982
0.646041
0.570055
0.394188
0.359984
0.752894
0.809435
0.393755
0.757202
0.759192
0.716462
0.489074
0.898827
0.695489
0.394471
0.505199
0.586339
0.277606
0.679613
0.558224
0.661343
0.561586
0.831289
0.648683
0.462619
0.665464
0.797064
0.37103
0.527526
0.674911
0.183763
0.627732
0.3628
0.111551
0.421946
0.435752
0.40281
0.479437
0.341397
0.48741
0.44127
0.416917
0.480761
0.0768176
0.365399
0.367836
0.934909
0.327332
0.439461
0.447719
0.399096
0.354645
0.17762
0.317318
0.299427
0.574397
0.513976
0.387634
0.504639
0.312377
0.520659
0.567201
0.594658
0.699615
0.842783
0.524198
0.516857
0.53389
0.312064
0.572615
0.691425
0.363388
0.868864
0.303462
0.23272
0.497458
0.46538
0.468702
0.433928
0.473654
0.54069
0.387327
0.517854
0.709447
0.451308
0.779687
0.387116
0.641226
0.408898
0.947945
0.712476
0.602411
0.519743
0.607197
0.678542
0.516739
0.438541
0.933557
0.561505
0.681974
0.442081
0.532207
0.544074
0.493554
0.396293
0.0401317
0.278222
0.906855
0.133165
0.464978
0.68684
0.761011
0.671975
0.123202
0.350844
0.786435
0.512241
0.677375
0.558778
0.192392
0.393793
0.784255
0.701391
0.680218
0.462306
0.251926
0.674169
0.0519784
0.196634
0.866056
0.806234
0.783578
0.747217
0.682009
0.564532
0.505579
0.502835
0.591293
0.387671
0.284157
0.745942
0.857535
0.484242
0.418894
0.674759
0.57889
0.285943
0.67329
0.363321
0.170506
0.476268
0.4281
0.898583
0.472401
0.621025
0.196844
0.476719
0.474816
0.407378
0.267024
0.658662
0.414821
0.353604
0.429825
0.277942
0.634682
0.582218
0.335285
0.661835
0.104219
0.354587
0.459142
0.369786
0.39607
0.545611
0.491778
0.0710715
0.664555
0.592544
0.658909
0.47661
0.815489
0.182468
0.557878
0.407806
0.566053
0.548429
0.542638
0.628289
0.480542
0.724682
0.514724
0.482358
0.329514
0.966989
0.676722
0.676936
0.256597
0.774377
0.378989
0.711793
0.248935
0.554204
0.639566
0.505757
0.293948
0.452895
0.741471
0.684625
0.366822
0.73015
0.510751
0.289428
0.529864
0.284882
0.452918
0.331702
0.936553
0.546664
0.874597
0.165351
0.419872
0.926862
0.441431
0.562685
0.106184
0.87917
0.322515
0.175181
0.632672
0.84967
0.145848
0.727463
0.558061
0.502056
0.438504
0.335991
0.443047
0.584109
0.549455
0.261905
0.338623
0.656966
0.752179
0.700444
0.557144
0.639228
0.798425
0.37731
0.112759
0.723391
0.143708
0.265362
0.604505
0.702566
0.889343
0.652929
0.577106
0.600926
0.685024
0.588056
0.531226
0.731769
0.9102
0.390943
0.266654
0.412581
0.401692
0.469791
0.628602
0.546929
0.31923
0.59327
0.489037
0.638496
0.439807
0.565769
0.431659
0.533032
0.245958
0.419562
0.620889
0.289467
0.622294
0.780998
0.721921
0.561896
0.298848
0.485789
0.500627
0.229631
0.87899
0.31143
0.368813
0.742954
0.363911
0.862773
0.652054
0.757704
0.534875
0.189727
0.244048
0.612282
0.878659
0.634037
0.573139
0.0561317
0.940841
0.695053
0.443401
0.369224
0.0657745
0.872375
0.324365
0.117538
0.431357
0.486245
0.550221
0.770005
0.610869
0.394478
0.151008
0.257845
0.0934181
0.817755
0.175071
0.287702
0.768715
0.653022
0.873727
0.32544
0.831146
0.697724
0.505861
0.147946
0.382311
0.125583
0.281838
0.71575
0.210422
0.347575
0.602865
0.349727
0.799173
0.0597485
0.763658
0.300632
0.0679194
0.822491
0.172971
0.78069
0.669207
0.433807
0.40827
0.381911
0.868923
0.652161
0.557565
0.536284
0.60856
0.492388
0.813108
0.778479
0.298295
0.361158
0.66841
0.0521376
0.213804
0.216432
0.831726
0.656308
0.568972
0.728339
0.605897
0.659057
0.910837
0.086853
0.49613
0.710755
0.432371
0.644624
0.694047
0.669989
0.622883
0.501289
0.848034
0.810544
0.375071
0.42855
0.66663
0.108355
0.741954
0.703292
0.913445
0.712788
0.486147
0.458952
0.238789
0.68711
0.388149
0.583354
0.0549178
0.45843
0.479537
0.484168
0.298533
0.147911
0.441181
0.711128
0.435876
0.557481
0.355812
0.467124
0.452479
0.069768
0.828486
0.458224
0.33137
0.573432
0.687724
0.325689
0.160217
0.256554
0.554303
0.070965
0.519646
0.716201
0.513912
0.427666
0.691673
0.812744
0.454096
0.552458
0.488896
0.55301
0.325131
0.699796
0.141846
0.516764
0.658692
0.213374
0.193572
0.44655
0.627394
0.710154
0.237292
0.601321
0.252511
0.7508
0.0946355
0.32982
0.0663829
0.583302
0.168731
0.550092
0.610259
0.714549
0.718116
0.42701
0.597522
0.107591
0.684151
0.520145
0.396474
0.720281
0.466356
0.529799
0.68608
0.393963
0.676789
0.499463
0.212274
0.268845
0.416318
0.438458
0.521669
0.445658
0.502354
0.308961
0.873707
0.531182
0.839323
0.677114
0.731533
0.498169
0.759882
0.0583487
0.306065
0.458186
0.676606
0.592563
0.576982
0.488846
0.770578
0.665231
0.538539
0.574888
0.705048
0.446002
0.617363
0.515509
0.489037
0.546819
0.783591
0.818346
0.627478
0.607053
0.325928
0.643454
0.0812165
0.593615
0.585421
0.778606
0.321903
0.459467
0.141985
0.420214
0.403525
0.534464
0.521893
0.202115
0.484057
0.627858
0.443706
0.45747
0.617413
0.302334
0.444312
0.116963
0.397622
0.13487
0.925959
0.439467
0.173834
0.5102
0.239412
0.439324
0.566527
0.59813
0.367546
0.417324
0.401958
0.146414
0.597938
0.420475
0.443666
0.576377
0.272222
0.748601
0.436503
0.598935
0.774193
0.293763
0.490439
0.674134
0.367868
0.541514
0.718067
0.617788
0.320929
0.4809
0.801471
0.514295
0.948191
0.463157
0.300835
0.825128
0.283954
0.216961
0.528894
0.688019
0.54133
0.771112
0.702031
0.382293
0.340829
0.453453
0.340567
0.291278
0.889742
0.427829
0.527491
0.423207
0.368036
0.398843
0.146601
0.657463
0.22574
0.657138
0.607743
0.863524
0.420982
0.555904
0.828574
0.395404
0.327066
0.302278
0.378949
0.194872
0.611225
0.615269
0.705807
0.842187
0.336855
0.844816
0.743102
0.373579
0.365292
0.564554
0.473071
0.540137
0.832398
0.443823
0.141844
0.413268
0.549454
0.37244
0.844109
0.347351
0.627041
0.354701
0.578284
0.290665
0.94486
0.107076
0.635342
0.291151
0.789622
0.0870064
0.821183
0.274037
0.557371
0.848184
0.524134
0.273824
0.365817
0.660681
0.0258975
0.28359
0.246495
0.252242
0.715995
0.740043
0.285749
0.320032
0.506434
0.893242
0.657789
0.630114
0.255095
0.915325
0.442274
0.564858
0.39301
0.58312
0.943098
0.896514
0.212459
0.724911
0.424273
0.358085
0.409488
0.352165
0.753013
0.750661
0.486227
0.502443
0.389366
0.869296
0.505048
0.300222
0.485924
0.447521
0.448351
0.597808
0.560398
0.613519
0.0744987
0.288985
0.278034
0.518987
0.672095
0.493529
0.330077
0.844654
0.501572
0.291174
0.718718
0.304401
0.474727
0.539076
0.458147
0.56292
0.759598
0.537324
0.775601
0.649765
0.509771
0.912468
0.345462
0.495684
0.30393
0.56955
0.913723
0.635029
0.643194
0.418552
0.369337
0.411053
0.490484
0.311675
0.393175
0.68884
0.847898
0.733319
0.264563
0.623613
0.254784
0.765087
0.229571
0.450105
0.850911
0.703647
0.534437
0.551671
0.785881
0.439702
0.301747
0.235764
0.26762
0.311834
0.376206
0.185395
0.929511
0.629417
0.591039
0.474134
0.457458
0.414303
0.105293
0.32521
0.554886
0.641411
0.536539
0.463205
0.335388
0.363853
0.562663
0.449838
0.619477
0.588684
0.490685
0.813267
0.37358
0.624826
0.489738
0.57335
0.666175
0.355204
0.259575
0.433229
0.527646
0.490574
0.855196
0.450606
0.487193
0.343029
0.212364
0.920025
0.321809
0.51259
0.618067
0.490459
0.189097
0.6108
0.444134
0.210461
0.827386
0.750691
0.411472
0.7361
0.393336
0.512952
0.476606
0.354896
0.268955
0.453616
0.631395
0.271909
0.306637
0.44904
0.481065
0.772119
0.492581
0.279419
0.91486
0.416208
0.395656
0.33255
0.507882
0.344806
0.530481
0.665033
0.491884
0.0592624
0.40025
0.388557
0.206995
0.714925
0.496495
0.454383
0.395592
0.505934
0.419746
0.389629
0.52374
0.638467
0.546746
0.394407
0.514848
0.68234
0.306583
0.439327
0.854394
0.258883
0.139861
0.608388
0.473807
0.565903
0.601702
0.412693
0.645811
0.658594
0.831125
0.655943
0.822733
0.698163
0.246058
0.663095
0.423527
0.547947
0.334944
0.289063
0.524473
0.639734
0.302638
0.604802
0.732701
0.451008
0.0900031
0.513573
0.22097
0.726765
0.423338
0.280673
0.476279
0.247547
0.56147
0.565381
0.264169
0.488297
0.295098
0.524316
0.634747
0.430604
0.514649
0.910908
0.495708
0.583884
0.299663
0.326119
0.851849
0.439004
0.494434
0.381049
0.259762
0.620842
0.121328
0.5125
0.370653
0.4242
0.744956
0.548068
0.133416
0.710528
0.53707
0.347779
0.304326
0.310812
0.303783
0.454778
0.358942
0.622996
0.623423
0.668017
0.726005
0.510254
0.505064
0.305393
0.46236
0.399417
0.614476
0.656222
0.562136
0.146796
0.625975
0.227428
0.542643
0.281646
0.645364
0.368286
0.273652
0.655466
0.910857
0.714018
0.715963
0.318295
0.115644
0.119029
0.809368
0.611147
0.20741
0.356026
0.199333
0.506693
0.906907
0.837723
0.315969
0.648248
0.449328
0.473332
0.518032
0.330122
0.189022
0.502477
0.588966
0.330333
0.219738
0.754657
0.321182
0.549675
0.54937
0.262851
0.248992
0.329069
0.629829
0.515312
0.789859
0.610141
0.679457
0.360083
0.127811
0.271881
0.247042
0.682237
0.622103
0.519272
0.353276
0.454289
0.348429
0.617679
0.307189
0.615721
0.0792078
0.559816
0.431785
0.468031
0.583662
0.420037
0.444893
0.377153
0.57767
0.193686
0.627888
0.555611
0.477548
0.337202
0.176706
0.5522
0.811161
0.517648
0.76629
0.807472
0.213981
0.248299
0.871289
0.238782
0.386909
0.129892
0.2726
0.799087
0.716931
0.335114
0.441026
0.809212
0.460855
0.266868
0.62605
0.0936989
0.466633
0.488829
0.489455
0.555886
0.355967
0.569766
0.510223
0.808295
0.416118
0.401083
0.648877
0.329885
0.648081
0.339999
0.896145
0.852194
0.99246
0.698734
0.342531
0.781881
0.703651
0.143087
0.79213
0.447606
0.167114
0.481696
0.705698
0.314707
0.153768
0.120296
0.394748
0.541557
0.0797248
0.623227
0.400127
0.356977
0.288846
0.367418
0.875286
0.718546
0.199772
0.19205
0.55613
0.567116
0.358331
0.240066
0.53609
0.723303
0.510438
0.355662
0.576756
0.5772
0.759811
0.444857
0.571147
0.703037
0.19906
0.124231
0.538386
0.385951
0.60191
0.275855
0.165297
0.278537
0.838556
0.794439
0.422144
0.510286
0.625339
0.855663
0.666438
0.553507
0.54419
0.452653
0.410497
0.504784
0.466466
0.740513
0.565106
0.171506
0.590052
0.896794
0.483408
0.458446
0.247803
0.248762
0.515804
0.529875
0.469633
0.836286
0.548432
0.578127
0.479763
0.372136
0.634452
0.76002
0.884866
0.729454
0.339118
0.468012
0.758074
0.629125
0.806335
0.58342
0.648006
0.617749
0.316095
0.714512
0.741225
0.219881
0.73893
0.652756
0.480729
0.816173
0.305227
0.385956
0.392311
0.342017
0.493969
0.48751
0.694827
0.319282
0.607191
0.556449
0.469662
0.526657
0.23314
0.613429
0.738859
0.282139
0.312879
0.463282
0.250627
0.354131
0.411769
0.515219
0.0951567
0.435594
0.558974
0.407254
0.472879
0.408688
0.154894
0.511846
0.511535
0.795263
0.458094
0.505295
0.477635
0.831585
0.550071
0.163817
0.552106
0.523586
0.437868
0.404756
0.539149
0.831956
0.591311
0.321825
0.451546
0.304333
0.723322
0.568745
0.364861
0.514804
0.508514
0.426123
0.757222
0.0889414
0.696958
0.741881
0.250574
0.385517
0.216775
0.666002
0.243514
0.0740491
0.370878
0.705847
0.375037
0.39027
0.119939
0.608755
0.582749
0.269606
0.705364
0.934105
0.218309
0.351689
0.502779
0.907499
0.75709
0.516936
0.508249
0.25517
0.58827
0.659154
0.746169
0.197229
0.195767
0.816128
0.649486
0.133786
0.739671
0.573117
0.599635
0.288478
0.622031
0.322124
0.325275
0.679411
0.570081
0.502812
0.245653
0.267958
0.0941962
0.368885
0.106121
0.491367
0.377116
0.616718
0.890065
0.615565
0.225147
0.381009
0.50321
0.450034
0.661323
0.145172
0.113001
0.447107
0.564689
0.532176
0.787462
0.0634648
0.459094
0.734491
0.214666
0.492148
0.629121
0.509788
0.795653
0.478793
0.689977
0.71198
0.29038
0.416331
0.562388
0.745195
0.457965
0.267817
0.502779
0.62121
0.269243
0.597555
0.913213
0.468864
0.281354
0.596121
0.604811
0.386929
0.150792
0.965392
0.512561
0.449879
0.523095
0.885121
0.558672
0.46899
0.674032
0.513101
0.935828
0.279138
0.288898
0.0764019
0.530929
0.864665
0.653224
0.59164
0.0341135
0.0556286
0.289948
0.607732
0.477083
0.818726
0.214782
0.595015
0.518967
0.835158
0.493264
0.210112
0.247185
0.600662
0.669677
0.64638
0.584973
0.200903
0.399742
0.635252
0.596483
0.70841
0.755718
0.394236
0.55455
0.815164
0.684256
0.422839
0.585474
0.857976
0.484066
0.528109
0.52935
0.311696
0.932193
0.31698
0.353734
0.618319
0.824387
0.623093
0.532614
0.387988
0.206809
0.441179
0.251903
0.0508731
0.962995
0.422623
0.626877
0.956876
0.181755
0.841247
0.816197
0.713083
0.868366
0.168851
0.491385
0.216844
0.573176
0.505498
0.569828
0.385332
0.89841
0.590012
0.443612
0.500415
0.60574
0.471619
0.635704
0.380625
0.683852
0.654138
0.389229
0.259984
0.746981
0.629582
0.644775
0.796422
0.522125
0.698516
0.184931
0.550481
0.44432
0.32998
0.424421
0.0679739
0.516125
0.044243
0.898471
0.368234
0.599155
0.407152
0.45123
0.182556
0.192223
0.705268
0.450287
0.205409
0.512387
0.226486
0.55257
0.413958
0.831892
0.301292
0.121099
0.179402
0.535743
0.365259
0.341305
0.436618
0.251335
0.783899
0.409844
0.096552
0.163306
0.536401
0.368041
0.178769
0.763492
0.585297
0.726332
0.309563
0.297584
0.864553
0.475283
0.273969
0.556786
0.299034
0.402989
0.227998
0.924532
0.623796
0.337865
0.470403
0.724995
0.502082
0.510071
0.841219
0.431871
0.546423
0.674034
0.357318
0.682626
0.327646
0.458718
0.613168
0.305105
0.312134
0.61157
0.267975
0.200156
0.398082
0.376222
0.608331
0.435585
0.327021
0.693303
0.718483
0.293529
0.2273
0.737895
0.708291
0.275022
0.401728
0.506414
0.24191
0.702263
0.702018
0.239893
0.778228
0.0707989
0.438152
0.419884
0.477015
0.190571
0.251259
0.397391
0.642745
0.416478
0.734067
0.914485
0.371009
0.905843
0.313445
0.352468
0.730395
0.351862
0.515042
0.489657
0.355698
0.52888
0.210479
0.376091
0.246284
0.746993
0.803027
0.131683
0.856388
0.450255
0.538181
0.548556
0.232127
0.20446
0.230986
0.327505
0.492934
0.207164
0.682463
0.602782
0.37313
0.214398
0.912948
0.108576
0.832295
0.415156
0.570603
0.414813
0.911069
0.796541
0.478859
0.60911
0.551989
0.42911
0.767006
0.625915
0.52295
0.363714
0.383593
0.123123
0.3738
0.467834
0.522822
0.380641
0.524619
0.541132
0.599519
0.644615
0.127128
0.436662
0.3888
0.165237
0.758696
0.675891
0.801978
0.875288
0.801357
0.182425
0.500737
0.730762
0.526216
0.771014
0.657066
0.684169
0.446608
0.415171
0.146927
0.585304
0.421335
0.578432
0.321077
0.50351
0.282252
0.531004
0.726954
0.539663
0.428499
0.0852832
0.760994
0.145343
0.372568
0.570426
0.21122
0.290868
0.141436
0.127886
0.505404
0.523065
0.228911
0.546546
0.710588
0.527923
0.463341
0.867783
0.435203
0.762424
0.697772
0.377547
0.765498
0.544134
0.64765
0.864217
0.723471
0.686291
0.494094
0.657763
0.463942
0.340409
0.538756
0.477412
0.533896
0.657579
0.239241
0.501768
0.497679
0.703899
0.372053
0.837052
0.587114
0.264694
0.862961
0.695825
0.766049
0.746352
0.492685
0.110306
0.204347
0.333896
0.728756
0.391089
0.636772
0.886564
0.352367
0.3038
0.437706
0.752928
0.842008
0.572939
0.473104
0.261291
0.643657
0.333894
0.396545
0.590308
0.500238
0.540796
0.536731
0.549013
0.431058
0.0996461
0.379231
0.494648
0.744889
0.632823
0.875759
0.6909
0.638319
0.792835
0.919711
0.858377
0.473994
0.429869
0.807199
0.493382
0.25131
0.179423
0.358245
0.730241
0.0751026
0.673037
0.103299
0.0966823
0.59585
0.586823
0.0456916
0.460964
0.437853
0.629253
0.491117
0.293689
0.549864
0.331356
0.790705
0.0664302
0.705556
0.639201
0.574695
0.183549
0.549239
0.320268
0.659231
0.292774
0.625164
0.582014
0.289215
0.644348
0.74675
0.562681
0.235674
0.367753
0.855009
0.491083
0.496523
0.609263
0.683451
0.323857
0.455109
0.422768
0.589676
0.555364
0.831369
0.130552
0.831876
0.157144
0.615907
0.569917
0.361388
0.740562
0.407769
0.715763
0.370456
0.547985
0.682165
0.618456
0.377288
0.264558
0.494841
0.920536
0.548501
0.404364
0.4853
0.415031
0.751975
0.161466
0.771502
0.682365
0.501141
0.628061
0.434187
0.292069
0.494682
0.168679
0.269393
0.379712
0.373586
0.501089
0.843225
0.608704
0.610474
0.671292
0.113421
0.60083
0.614094
0.621695
0.487685
0.868595
0.674822
0.43828
0.669271
0.10668
0.29501
0.624303
0.495739
0.399032
0.240953
0.384785
0.707286
0.472316
0.32126
0.417751
0.686529
0.575697
0.439332
0.594917
0.19207
0.391112
0.38567
0.676232
0.463657
0.0774468
0.628658
0.839411
0.80721
0.626202
0.530481
0.817282
0.373471
0.655508
0.457752
0.822548
0.32447
0.0935165
0.674451
0.70121
0.437516
0.901448
0.197703
0.392689
0.426843
0.560783
0.464899
0.286338
0.868538
0.498297
0.203661
0.95081
0.594847
0.446869
0.814077
0.474423
0.279401
0.439207
0.865635
0.79141
0.665412
0.705844
0.479245
0.380645
0.494302
0.698007
0.407686
0.610168
0.172764
0.780129
0.545824
0.262528
0.571655
0.336046
0.894878
0.412722
0.580653
0.107113
0.672995
0.342169
0.64802
0.529679
0.307374
0.558945
0.515329
0.663618
0.461126
0.256155
0.212455
0.502794
0.541042
0.677097
0.608609
0.532575
0.800405
0.867543
0.420656
0.848736
0.193949
0.182222
0.560438
0.47629
0.560041
0.67427
0.558274
0.726015
0.498121
0.633168
0.530302
0.50068
0.477423
0.548377
0.262772
0.412159
0.25594
0.662611
0.466879
0.394857
0.6066
0.54042
0.613206
0.700111
0.140553
0.714443
0.985287
0.230411
0.685467
0.483439
0.197297
0.621519
0.219678
0.322914
0.401327
0.804807
0.781026
0.630861
0.265177
0.481307
0.562162
0.167894
0.532073
0.513231
0.572092
0.562717
0.579174
0.687904
0.286684
0.14064
0.372202
0.133288
0.128836
0.0945439
0.569024
0.363498
0.911974
0.154422
0.755427
0.506911
0.548518
0.423345
0.901873
0.718701
0.367913
0.434414
0.61041
0.603866
0.306806
0.744989
0.57645
0.675985
0.526906
0.521194
0.420544
0.451223
0.68404
0.577416
0.150788
0.226274
0.114885
0.72225
0.49695
0.913165
0.625823
0.524033
0.712859
0.503074
0.361333
0.745858
0.6741
0.305518
0.897315
0.711663
0.703507
0.558495
0.74769
0.751703
0.537406
0.329373
0.890604
0.137443
0.201055
0.325561
0.213529
0.552631
0.792177
0.808172
0.444521
0.659015
0.27695
0.251169
0.679864
0.201893
0.383306
0.712634
0.536294
0.362418
0.531832
0.584081
0.748979
0.700265
0.475061
0.457907
0.704388
0.0420308
0.921394
0.802321
0.44014
0.0574121
0.400363
0.457302
0.561935
0.526956
0.481421
0.164344
0.320574
0.441883
0.188917
0.416995
0.760108
0.588209
0.561362
0.368368
0.391081
0.654095
0.783583
0.356079
0.260818
0.661098
0.675829
0.804232
0.585672
0.656695
0.554342
0.836325
0.778122
0.117165
0.583393
0.382156
0.744578
0.396672
0.719256
0.386031
0.247699
0.320053
0.70204
0.422784
0.420041
0.653586
0.781783
0.602354
0.183778
0.199696
0.470686
0.592879
0.37423
0.648299
0.593817
0.416466
0.282898
0.579186
0.266097
0.371048
0.128676
0.646579
0.653845
0.505934
0.633863
0.488706
0.484618
0.527872
0.424597
0.291953
0.749581
0.338697
0.893273
0.700893
0.89806
0.604812
0.453485
0.902177
0.554459
0.333001
0.286013
0.722018
0.393139
0.876276
0.717329
0.463713
0.287359
0.617681
0.290062
0.473346
0.703835
0.279207
0.877857
0.0585722
0.0449377
0.377159
0.865001
0.397058
0.746038
0.294582
0.954165
0.457909
0.915944
0.765529
0.583607
0.721111
0.663879
0.265187
0.728104
0.116739
0.486894
0.874119
0.525889
0.617407
0.197088
0.634047
0.716816
0.804151
0.348473
0.236885
0.794954
0.487645
0.478787
0.587885
0.571774
0.603396
0.212047
0.858028
0.514071
0.611239
0.373065
0.589986
0.763715
0.516225
0.745661
0.246197
0.664317
0.389665
0.461739
0.286839
0.41284
0.905844
0.238891
0.439666
0.622172
0.921625
0.789641
0.772938
0.623645
0.512876
0.705922
0.506846
0.756434
0.643392
0.477839
0.198101
0.683771
0.278683
0.53625
0.506519
0.443843
0.268718
0.814151
0.70171
0.486242
0.210454
0.302347
0.392158
0.362779
0.262675
0.430318
0.658212
0.534466
0.522398
0.3337
0.844724
0.42441
0.58381
0.67524
0.218293
0.389374
0.287445
0.166571
0.518291
0.700667
0.928983
0.293613
0.630061
0.418074
0.833822
0.478871
0.682899
0.208418
0.715264
0.519379
0.324654
0.703393
0.620868
0.619511
0.748994
0.909221
0.0332731
0.693327
0.250609
0.473683
0.32848
0.341618
0.657835
0.78403
0.306321
0.514259
0.441402
0.412264
0.394554
0.348974
0.122244
0.34222
0.889742
0.533057
0.3005
0.205884
0.734798
0.265074
0.702073
0.42432
0.344785
0.49906
0.588333
0.191565
0.379297
0.134151
0.698758
0.157819
0.121441
0.168101
0.595535
0.461214
0.260194
0.563575
0.35335
0.425426
0.384579
0.681594
0.486843
0.28337
0.884879
0.616971
0.332376
0.205151
0.717772
0.62604
0.300028
0.701469
0.12904
0.567457
0.485924
0.64159
0.439177
0.882325
0.584223
0.667996
0.883973
0.120347
0.362321
0.207791
0.763858
0.374193
0.662038
0.573897
0.292505
0.714733
0.463772
0.817061
0.546913
0.325259
0.499825
0.532636
0.807921
0.513281
0.727341
0.244108
0.84179
0.633948
0.670472
0.778261
0.310263
0.689643
0.21566
0.714882
0.508163
0.475719
0.893103
0.536859
0.0143785
0.622854
0.501712
0.524487
0.603744
0.241969
0.634061
0.73078
0.404087
0.608078
0.232096
0.542551
0.294403
0.424979
0.753533
0.374989
0.42685
0.693093
0.353128
0.465421
0.516977
0.558276
0.18222
0.524945
0.68331
0.249879
0.484153
0.174553
0.62914
0.321793
0.6124
0.635357
0.346083
0.390698
0.422461
0.0604875
0.7807
0.421201
0.687775
0.18921
0.542166
0.838014
0.26416
0.671769
0.240722
0.350782
0.67647
0.45643
0.433349
0.357665
0.625397
0.548193
0.414819
0.649222
0.611566
0.741557
0.729
0.364625
0.448287
0.0977597
0.287019
0.757703
0.38353
0.479815
0.365592
0.310765
0.375946
0.376695
0.520557
0.589662
0.268931
0.0409355
0.587362
0.963956
0.680982
0.131928
0.451982
0.421595
0.379804
0.100132
0.162457
0.187914
0.231829
0.465398
0.21295
0.71428
0.518053
0.435578
0.468967
0.33215
0.481302
0.479551
0.214075
0.473796
0.919247
0.511775
0.68519
0.341402
0.461737
0.263427
0.725216
0.261717
0.370199
0.708191
0.818535
0.693925
0.271106
0.578687
0.786579
0.463838
0.684708
0.55253
0.807414
0.778012
0.534467
0.104972
0.184999
0.426835
0.521817
0.818021
0.430507
0.816124
0.325133
0.603962
0.229783
0.072212
0.53098
0.344089
0.257782
0.446003
0.529935
0.861511
0.562493
0.596919
0.808516
0.439796
0.377629
0.56814
0.642947
0.267231
0.235034
0.370016
0.649707
0.229418
0.634502
0.568976
0.472058
0.890907
0.290432
0.134757
0.580927
0.299536
0.611422
0.529215
0.74276
0.415108
0.58067
0.62547
0.656183
0.507015
0.591739
0.526609
0.58352
0.783378
0.555963
0.208602
0.502425
0.307248
0.734513
0.642614
0.377132
0.423377
0.759835
0.157313
0.598018
0.462038
0.697892
0.282267
0.462401
0.404346
0.764392
0.668994
0.768737
0.486492
0.444859
0.416678
0.670546
0.388277
0.280151
0.235068
0.385676
0.694307
0.465742
0.357497
0.680695
0.734157
0.674803
0.472474
0.249422
0.700817
0.651827
0.172746
0.678849
0.614661
0.635286
0.526188
0.644897
0.24318
0.554485
0.35338
0.304688
0.504677
0.207551
0.652163
0.551223
0.17708
0.264162
0.839955
0.370585
0.401027
0.448378
0.590073
0.490987
0.509311
0.643626
0.518777
0.837225
0.632766
0.423636
0.335215
0.503298
0.325635
0.649825
0.796916
0.530184
0.621432
0.287348
0.418965
0.724984
0.473271
0.478759
0.365438
0.581845
0.450623
0.175946
0.80715
0.564326
0.8574
0.767708
0.760262
0.583043
0.604274
0.652081
0.525716
0.4517
0.211059
0.08922
0.329986
0.928788
0.733009
0.432376
0.623063
0.651484
0.197796
0.471219
0.220076
0.842469
0.307949
0.633482
0.0784309
0.61964
0.706471
0.67761
0.482787
0.0628845
0.521341
0.270826
0.265699
0.391303
0.697562
0.483753
0.422188
0.678504
0.79339
0.744413
0.581986
0.482793
0.460362
0.181197
0.783679
0.593313
0.244668
0.54607
0.350415
0.292396
0.640445
0.546023
0.39735
0.608625
0.493472
0.422495
0.606425
0.484299
0.396765
0.505195
0.384589
0.605239
0.637513
0.228498
0.377007
0.340063
0.54777
0.735279
0.537286
0.310313
0.779298
0.704794
0.562224
0.56199
0.065903
0.427912
0.479022
0.633324
0.454597
0.414741
0.528417
0.512773
0.279874
0.956395
0.717619
0.555505
0.823357
0.574379
0.522438
0.375807
0.644059
0.67778
0.698418
0.557112
0.482438
0.510164
0.516316
0.720515
0.434425
0.604834
0.467668
0.566916
0.25956
0.478754
0.0917155
0.957095
0.730334
0.68225
0.555393
0.418288
0.347817
0.583236
0.473558
0.165029
0.541614
0.401484
0.687123
0.796239
0.640148
0.520163
0.822198
0.279765
0.440271
0.488578
0.43385
0.659817
0.62313
0.391774
0.393512
0.121911
0.556215
0.399376
0.409596
0.624212
0.689476
0.317776
0.676284
0.753342
0.796364
0.856468
0.625966
0.786953
0.728607
0.581065
0.616266
0.64459
0.646531
0.66227
0.613048
0.482576
0.354674
0.541747
0.0362739
0.637877
0.415429
0.5226
0.416057
0.450126
0.631409
0.55386
0.361712
0.190187
0.280206
0.61512
0.577082
0.897889
0.653177
0.619143
0.260888
0.88074
0.49286
0.637036
0.711312
0.449699
0.8416
0.512247
0.309498
0.667241
0.106918
0.566412
0.287125
0.457229
0.817139
0.611755
0.788661
0.375289
0.583758
0.37149
0.719406
0.662609
0.204994
0.671389
0.725863
0.405313
0.137942
0.902378
0.885474
0.19577
0.734715
0.765777
0.28821
0.641411
0.680934
0.699486
0.672989
0.390874
0.492877
0.645153
0.637338
0.0464692
0.222591
0.453087
0.169221
0.406221
0.688219
0.73337
0.355379
0.427937
0.589782
0.848377
0.101046
0.631981
0.288601
0.503599
0.551333
0.358631
0.321532
0.530405
0.635055
0.370159
0.389161
0.466087
0.757254
0.236938
0.600041
0.423253
0.147137
0.271143
0.171058
0.502352
0.723588
0.470807
0.0769779
0.637837
0.570933
0.511221
0.310154
0.280186
0.723064
0.769887
0.454412
0.202713
0.934507
0.695441
0.695029
0.483847
0.472506
0.530199
0.679749
0.352241
0.694635
0.470182
0.813698
0.59381
0.281939
0.295707
0.11407
0.606518
0.478073
0.829829
0.6684
0.45045
0.54036
0.781177
0.533219
0.377414
0.339183
0.601899
0.577842
0.836045
0.647563
0.440681
0.821039
0.335118
0.643289
0.595022
0.226264
0.309452
0.501374
0.566138
0.714122
0.769557
0.685145
0.394134
0.818713
0.0278551
0.649689
0.400252
0.457442
0.181053
0.651881
0.287258
0.201887
0.28994
0.716677
0.248234
0.730254
0.334617
0.539809
0.808258
0.809932
0.534886
0.71253
0.572681
0.701633
0.512228
0.634461
0.379931
0.294562
0.53154
0.836134
0.555976
0.575028
0.197496
0.663232
0.541818
0.198891
0.49215
0.380031
0.614598
0.481198
0.427066
0.230011
0.247104
0.534325
0.345039
0.347056
0.349712
0.578921
0.543144
0.141164
0.712988
0.619919
0.400584
0.888013
0.418411
0.222834
0.581532
0.73225
0.808893
0.543553
0.644882
0.669778
0.309986
0.557788
0.52952
0.304849
0.966892
0.604311
0.395481
0.783188
0.511604
0.399098
0.68804
0.282867
0.598729
0.595436
0.553538
0.800113
0.547763
0.258049
0.872433
0.197702
0.503803
0.287239
0.686798
0.589056
0.377902
0.872042
0.686221
0.611638
0.752495
0.969326
0.677747
0.498688
0.636537
0.598759
0.602252
0.0888532
0.529214
0.411537
0.171339
0.518671
0.20031
0.53371
0.585583
0.323406
0.419532
0.602953
0.556642
0.527148
0.566306
0.710548
0.4925
0.533579
0.625788
0.628359
0.716811
0.234286
0.526035
0.243519
0.480029
0.231953
0.09553
0.541528
0.781739
0.431234
0.619432
0.771431
0.660317
0.480597
0.547181
0.594713
0.617762
0.653873
0.353275
0.562509
0.734266
0.740729
0.377286
0.18371
0.788813
0.370743
0.668367
0.639507
0.838793
0.426243
0.43374
0.367873
0.223379
0.804512
0.139886
0.284474
0.342077
0.270467
0.639341
0.324456
0.82164
0.496359
0.895257
0.282517
0.821191
0.615522
0.450077
0.596658
0.73718
0.722664
0.233926
0.763965
0.456473
0.733673
0.13249
0.49474
0.067618
0.373356
0.433423
0.504288
0.577028
0.290029
0.344516
0.509597
0.188566
0.901313
0.726069
0.541164
0.591719
0.555984
0.504165
0.598152
0.465261
0.452182
0.430718
0.468048
0.540042
0.482754
0.430416
0.699957
0.0762579
0.283985
0.7239
0.263641
0.497238
0.744409
0.740704
0.344367
0.683569
0.585912
0.53475
0.516616
0.568034
0.359753
0.489373
0.707659
0.683599
0.305639
0.54808
0.404981
0.703383
0.502439
0.531476
0.979494
0.273276
0.594584
0.299992
0.789467
0.574575
0.608697
0.0962854
0.398057
0.565741
0.48044
0.850387
0.780287
0.239093
0.392035
0.554899
0.813297
0.489967
0.376399
0.516759
0.636675
0.3326
0.374302
0.866312
0.637599
0.208701
0.536399
0.153638
0.358554
0.521415
0.542489
0.686326
0.543293
0.789075
0.565807
0.462066
0.329724
0.449871
0.740624
0.623687
0.76636
0.360294
0.596892
0.813475
0.871929
0.916911
0.406164
0.627801
0.875718
0.492749
0.238461
0.572349
0.569202
0.516315
0.760235
0.492424
0.367454
0.532942
0.409055
0.402035
0.721834
0.474926
0.561105
0.459697
0.443384
0.628602
0.663047
0.538082
0.289366
0.423239
0.530273
0.408886
0.333316
0.678353
0.119052
0.513492
0.681969
0.832748
0.560527
0.614228
0.520389
0.440327
0.0999928
0.820243
0.259581
0.854415
0.315369
0.556233
0.22886
0.534081
0.594219
0.491473
0.398193
0.79263
0.329173
0.770834
0.533722
0.570199
0.647046
0.588681
0.482637
0.949052
0.217442
0.22075
0.951518
0.641959
0.792081
0.578351
0.185274
0.570692
0.606558
0.173442
0.371733
0.413436
0.631732
0.0823359
0.389936
0.136625
0.892379
0.570038
0.188142
0.538407
0.676246
0.486411
0.620517
0.717695
0.437077
0.369599
0.489476
0.144452
0.550684
0.891348
0.333564
0.143596
0.81358
0.353095
0.668795
0.616611
0.679176
0.890894
0.434271
0.211698
0.706995
0.371487
0.810934
0.414974
0.555852
0.161036
0.375225
0.172
0.582388
0.522259
0.717406
0.660586
0.711825
0.344911
0.6973
0.222579
0.728304
0.238806
0.428118
0.724036
0.48758
0.217752
0.372058
0.24991
0.785383
0.277031
0.599306
0.551104
0.720166
0.616237
0.305042
0.54844
0.369467
0.583536
0.597031
0.45985
0.454561
0.616611
0.859331
0.753776
0.398561
0.529778
0.665636
0.643504
0.288576
0.445976
0.258734
0.22388
0.233027
0.496571
0.530523
0.113552
0.460676
0.611095
0.230002
0.602635
0.738384
0.793301
0.294633
0.817375
0.790109
0.229108
0.743417
0.30015
0.880094
0.396233
0.488007
0.664823
0.57869
0.0445311
0.711161
0.624205
0.459702
0.490287
0.629788
0.19811
0.58364
0.6169
0.50281
0.797177
0.601708
0.798653
0.162059
0.63938
0.17084
0.66345
0.637348
0.592849
0.600553
0.184629
0.114878
0.550345
0.257881
0.541199
0.511068
0.327465
0.737077
0.510037
0.861888
0.83835
0.656287
0.852811
0.520738
0.439407
0.173842
0.234627
0.32588
0.34326
0.422278
0.660605
0.441405
0.391873
0.538687
0.740798
0.493683
0.239515
0.825452
0.793109
0.418212
0.63292
0.805886
0.36806
0.599752
0.487765
0.544774
0.228504
0.931602
0.347266
0.584292
0.641568
0.837835
0.570428
0.201216
0.539354
0.0952917
0.734208
0.92184
0.679135
0.96009
0.74556
0.336459
0.382992
0.646379
0.546041
0.235775
0.761083
0.623032
0.553414
0.447005
0.521926
0.486962
0.621344
0.477998
0.547309
0.33967
0.31006
0.683085
0.358663
0.636654
0.647527
0.644885
0.425946
0.897235
0.822436
0.821744
0.469301
0.455355
0.386986
0.740969
0.477987
0.599847
0.0592115
0.62346
0.620279
0.495666
0.601266
0.30585
0.542259
0.695519
0.511841
0.681691
0.252659
0.344318
0.407593
0.613722
0.865099
0.346848
0.480169
0.374716
0.918309
0.811983
0.802157
0.654865
0.819138
0.00479902
0.516981
0.52914
0.652364
0.330857
0.584513
0.508516
0.675542
0.544925
0.765855
0.404453
0.266348
0.419374
0.417489
0.716452
0.414096
0.525425
0.426708
0.608002
0.546316
0.573444
0.256952
0.766696
0.555509
0.426394
0.583393
0.54976
0.840409
0.443566
0.38584
0.296698
0.500304
0.729654
0.627742
0.546264
0.520181
0.657217
0.786803
0.625372
0.358683
0.198539
0.514413
0.683103
0.800088
0.645871
0.587852
0.723371
0.755727
0.716996
0.58092
0.545318
0.399497
0.836038
0.31537
0.730964
0.596315
0.547401
0.667236
0.425101
0.531608
0.0636884
0.688884
0.132901
0.274135
0.366437
0.269313
0.116167
0.703652
0.571439
0.69195
0.69963
0.809166
0.938434
0.460931
0.404163
0.812737
0.947884
0.65354
0.804248
0.39799
0.285533
0.318221
0.862506
0.521738
0.368432
0.574301
0.724564
0.361335
0.214043
0.58125
0.563008
0.399576
0.49704
0.432065
0.539635
0.473202
0.0563856
0.287046
0.310678
0.310284
0.408204
0.700977
0.730172
0.655957
0.487986
0.608429
0.512062
0.535229
0.888589
0.818626
0.592163
0.525772
0.778486
0.633033
0.286508
0.612856
0.47768
0.335546
0.573122
0.772774
0.836667
0.816879
0.429723
0.880345
0.60681
0.481463
0.640299
0.360296
0.408438
0.346894
0.339003
0.701539
0.695964
0.382675
0.790268
0.527584
0.787288
0.146736
0.509505
0.365534
0.56771
0.664915
0.309233
0.0803549
0.396552
0.260302
0.710939
0.140292
0.537655
0.676098
0.39345
0.453565
0.602888
0.847301
0.954059
0.96566
0.540778
0.563317
0.739123
0.530774
0.120321
0.52526
0.856315
0.270174
0.653036
0.438451
0.211169
0.204473
0.364249
0.792341
0.516063
0.396006
0.367608
0.366785
0.700202
0.661757
0.614764
0.765345
0.504681
0.616453
0.485142
0.412989
0.277137
0.379714
0.348683
0.467275
0.585993
0.230319
0.477408
0.478859
0.754766
0.814901
0.599648
0.398833
0.27235
0.717584
0.683698
0.66717
0.7657
0.771295
0.705686
0.628231
0.826767
0.440723
0.699375
0.406034
0.466037
0.431078
0.303586
0.633688
0.320474
0.37606
0.815934
0.0681264
0.474141
0.532644
0.429481
0.132981
0.855261
0.859516
0.871946
0.319162
0.653902
0.180197
0.585009
0.634438
0.560001
0.831147
0.874277
0.429997
0.851854
0.769312
0.628418
0.443741
0.470705
0.562832
0.748931
0.786724
0.197522
0.512841
0.850009
0.360914
0.403509
0.353486
0.580918
0.333145
0.576388
0.0515404
0.0912641
0.801865
0.42995
0.176187
0.702509
0.179986
0.384822
0.633777
0.767066
0.578876
0.563909
0.261572
0.489249
0.615244
0.676383
0.348716
0.650359
0.574392
0.269611
0.601894
0.223114
0.750022
0.808851
0.39734
0.778641
0.542504
0.400028
0.360107
0.38218
0.534244
0.70136
0.88569
0.841653
0.772486
0.17509
0.668354
0.216182
0.376617
0.311022
0.624697
0.409649
0.34877
0.309061
0.800234
0.46733
0.603211
0.438399
0.420977
0.361613
0.741738
0.396462
0.201225
0.595778
0.489044
0.471221
0.342979
0.372804
0.463684
0.66591
0.361637
0.869091
0.597036
0.675691
0.44683
0.321007
0.524353
0.711252
0.516465
0.675107
0.658713
0.644797
0.446295
0.470845
0.420409
0.30938
0.656525
0.417569
0.231031
0.51296
0.311185
0.295565
0.893208
0.434072
0.335244
0.353883
0.363701
0.546426
0.278618
0.295627
0.189264
0.575269
0.25548
0.7344
0.511387
0.718763
0.261489
0.673513
0.557777
0.473141
0.620742
0.602585
0.425149
0.380841
0.13854
0.724097
0.219588
0.876319
0.735195
0.615442
0.757515
0.634667
0.410393
0.79998
0.541951
0.933681
0.336812
0.243588
0.615542
0.520453
0.205917
0.211139
0.153488
0.329048
0.148069
0.710335
0.796261
0.126296
0.623329
0.918284
0.233708
0.768184
0.628524
0.529162
0.438858
0.729832
0.890371
0.879294
0.711457
0.427458
0.413695
0.498948
0.327992
0.581257
0.32796
0.408092
0.60668
0.473556
0.42458
0.51635
0.582597
0.437073
0.601681
0.40536
0.249872
0.263612
0.63221
0.564689
0.964565
0.453943
0.245496
0.32045
0.613581
0.335133
0.461608
0.738725
0.541678
0.552032
0.442042
0.203864
0.49036
0.295094
0.319524
0.6647
0.439158
0.357201
0.5439
0.209698
0.751515
0.217579
0.730328
0.675014
0.91422
0.831436
0.320201
0.407404
0.421049
0.65934
0.564428
0.596919
0.487992
0.700886
0.412955
0.262251
0.299161
0.402651
0.843595
0.5146
0.369191
0.790877
0.487466
0.143873
0.869683
0.534839
0.607569
0.364021
0.403915
0.377289
0.561218
0.222257
0.225827
0.473845
0.826314
0.719905
0.285936
0.663665
0.495597
0.61056
0.748617
0.54922
0.342308
0.134235
0.261866
0.493428
0.134839
0.614133
0.272385
0.74791
0.327233
0.885638
0.0655736
0.906574
0.57656
0.445114
0.471693
0.234207
0.737449
0.499034
0.816216
0.650232
0.558261
0.261975
0.204079
0.25325
0.752613
0.894926
0.61428
0.752449
0.444168
0.393396
0.542978
0.527446
0.181842
0.5277
0.569982
0.268585
0.296793
0.10584
0.235207
0.755183
0.821764
0.372316
0.498433
0.309693
0.517587
0.7742
0.317388
0.321215
0.250862
0.618763
0.515912
0.462253
0.0410567
0.814907
0.625677
0.828092
0.544466
0.433651
0.771645
0.708635
0.566727
0.240849
0.433182
0.0580051
0.894769
0.148318
0.549454
0.457682
0.813314
0.197509
0.449441
0.474438
0.62026
0.732825
0.973657
0.294761
0.779498
0.339664
0.416334
0.372973
0.548928
0.415217
0.55359
0.560678
0.995659
0.408045
0.534805
0.790658
0.759617
0.305414
0.301123
0.368828
0.250951
0.865317
0.456774
0.783277
0.165922
0.38313
0.655556
0.669948
0.280099
0.450763
0.576606
0.179931
0.426976
0.70917
0.450255
0.473854
0.394283
0.513046
0.356513
0.424279
0.169527
0.219491
0.655423
0.337533
0.540494
0.480417
0.420274
0.611823
0.505663
0.461409
0.631353
0.228976
0.273725
0.327756
0.149635
0.332626
0.330569
0.631309
0.626567
0.376105
0.626386
0.399805
0.517766
0.428804
0.384686
0.273257
0.755202
0.210193
0.359305
0.449989
0.894166
0.776209
0.564652
0.49786
0.688008
0.513139
0.578697
0.754175
0.555367
0.699642
0.467396
0.58078
0.291356
0.377972
0.20348
0.658771
0.635825
0.130992
0.651761
0.300252
0.448617
0.0919674
0.267299
0.422512
0.253379
0.619672
0.102033
0.87299
0.298282
0.55174
0.539651
0.711334
0.543637
0.304718
0.377745
0.847866
0.623213
0.819701
0.450466
0.605694
0.337677
0.95794
0.434142
0.816717
0.125389
0.431243
0.802543
0.979713
0.717432
0.707489
0.597669
0.301672
0.320523
0.0620314
0.756192
0.611528
0.683139
0.551221
0.680867
0.178367
0.286931
0.664785
0.570472
0.384214
0.167215
0.269226
0.721045
0.494419
0.503021
0.184905
0.585396
0.43666
0.628956
0.344912
0.327113
0.542547
0.507782
0.464342
0.429477
0.623768
0.464409
0.503996
0.118935
0.547699
0.118643
0.443071
0.436991
0.645358
0.465815
0.480802
0.243594
0.32757
0.441086
0.267546
0.759331
0.203145
0.0649784
0.12122
0.452931
0.285888
0.904374
0.415511
0.654831
0.545171
0.594955
0.431714
0.226744
0.59783
0.557785
0.446548
0.441427
0.257057
0.304421
0.183751
0.426011
0.946963
0.361713
0.487732
0.596538
0.159463
0.359102
0.683023
0.460516
0.17306
0.20802
0.563759
0.48854
0.671122
0.564641
0.812837
0.455264
0.690192
0.904012
0.380947
0.224199
0.496824
0.545273
0.461054
0.400041
0.534453
0.354409
0.674456
0.596461
0.499722
0.11269
0.439945
0.766502
0.900697
0.675691
0.228122
0.616938
0.617351
0.0594616
0.508344
0.577176
0.527671
0.477194
0.676274
0.617509
0.180713
0.611393
0.60547
0.410733
0.790899
0.543324
0.196903
0.905366
0.495812
0.773194
0.405791
0.32792
0.36272
0.151272
0.205569
0.455917
0.547028
0.801837
0.304315
0.702517
0.298828
0.758604
0.659412
0.6279
0.681675
0.541964
0.441669
0.441703
0.910704
0.795094
0.580649
0.385089
0.135149
0.857746
0.378351
0.580197
0.783316
0.793185
0.408924
0.508968
0.756019
0.395536
0.527525
0.732557
0.797452
0.0914431
0.791895
0.786744
0.29045
0.411724
0.45574
0.388003
0.516066
0.845391
0.92342
0.659079
0.585321
0.400134
0.160942
0.532154
0.79402
0.0800821
0.53874
0.311916
0.569424
0.753376
0.437151
0.580031
0.970585
0.518806
0.176005
0.696767
0.372111
0.692492
0.935191
0.104726
0.504074
0.422284
0.813539
0.463848
0.438772
0.199302
0.528833
0.346096
0.408005
0.172742
0.492213
0.792423
0.502508
0.685794
0.595739
0.483857
0.848136
0.337232
0.0322998
0.60275
0.271383
0.634968
0.322574
0.659465
0.759773
0.444573
0.454182
0.633985
0.69063
0.947475
0.643654
0.731147
0.344716
0.710294
0.212299
0.372434
0.139176
0.228452
0.422533
0.74646
0.807213
0.44395
0.851698
0.814517
0.919876
0.248909
0.485864
0.616758
0.688314
0.373179
0.196568
0.0488264
0.402821
0.316061
0.618945
0.477936
0.657971
0.118892
0.180128
0.641653
0.181089
0.286962
0.132304
0.221828
0.624298
0.555955
0.425256
0.810351
0.598338
0.459829
0.608703
0.682636
0.0193263
0.293747
0.685214
0.368924
0.507586
0.577427
0.439938
0.462763
0.620659
0.510961
0.253866
0.430194
0.62057
0.676887
0.762811
0.382422
0.768384
0.379033
0.454749
0.348952
0.307067
0.520334
0.403646
0.537406
0.836633
0.308573
0.31837
0.390435
0.703525
0.340706
0.440721
0.449379
0.819142
0.253152
0.557127
0.608529
0.490405
0.637128
0.493999
0.293079
0.388212
0.304863
0.447193
0.418061
0.1976
0.75422
0.351531
0.684794
0.286427
0.815977
0.726771
0.84556
0.897299
0.479728
0.541897
0.516497
0.410514
0.781121
0.120076
0.442852
0.643681
0.394819
0.462073
0.320008
0.446714
0.714315
0.596426
0.347887
0.51881
0.211461
0.170092
0.645563
0.417042
0.75526
0.473814
0.47714
0.144108
0.331219
0.451868
0.439153
0.495815
0.739252
0.47634
0.333991
0.516773
0.35987
0.771577
0.903034
0.455809
0.465089
0.354871
0.417444
0.530528
0.812208
0.214951
0.323747
0.603444
0.395358
0.680312
0.715561
0.540075
0.241395
0.534862
0.352062
0.0623425
0.523464
0.918861
0.267986
0.328613
0.527266
0.408586
0.719181
0.264661
0.641784
0.398615
0.781944
0.837821
0.55793
0.516107
0.873613
0.509559
0.245319
0.276915
0.286071
0.519657
0.539062
0.54884
0.523068
0.448181
0.30522
0.117797
0.306469
0.669365
0.665257
0.258151
0.565758
0.354523
0.146562
0.688919
0.549349
0.59905
0.387819
0.153043
0.395477
0.541569
0.664738
0.587357
0.574643
0.511217
0.513355
0.456397
0.564838
0.782067
0.614855
0.803623
0.444954
0.431622
0.367564
0.429118
0.791035
0.593306
0.708502
0.333294
0.834227
0.560832
0.258579
0.671588
0.788511
0.245302
0.752264
0.445628
0.580511
0.403864
0.474247
0.511785
0.412907
0.351726
0.562361
0.71853
0.167183
0.537266
0.547721
0.589445
0.600663
0.402991
0.889785
0.449253
0.617022
0.373031
0.525735
0.245646
0.0886504
0.600834
0.59031
0.550212
0.783495
0.27871
0.473941
0.327188
0.398205
0.853804
0.273747
0.539269
0.523631
0.413104
0.453682
0.515138
0.567944
0.292997
0.666829
0.233887
0.236871
0.6369
0.704573
0.286928
0.619736
0.667444
0.424085
0.258509
0.254253
0.357644
0.767274
0.621365
0.242195
0.478504
0.621097
0.974549
0.562315
0.168403
0.280813
0.555939
0.676088
0.212651
0.164496
0.442362
0.846091
0.639513
0.188853
0.205803
0.286014
0.0320159
0.353084
0.524569
0.335573
0.122773
0.589269
0.853796
0.802742
0.28208
0.324461
0.240127
0.440017
0.427467
0.461406
0.220884
0.720575
0.675872
0.621511
0.478489
0.65446
0.727586
0.505401
0.5264
0.33412
0.514056
0.113149
0.183259
0.222837
0.559629
0.32794
0.44745
0.398838
0.300286
0.503687
0.6147
0.542056
0.770351
0.208824
0.586866
0.39975
0.611196
0.665194
0.300474
0.791423
0.77384
0.182723
0.559082
0.412662
0.580407
0.0272318
0.783991
0.271778
0.477293
0.170491
0.303295
0.542312
0.855918
0.758343
0.279739
0.438725
0.234873
0.89441
0.23331
0.421777
0.390265
0.973654
0.344974
0.614331
0.189011
0.311753
0.333416
0.257552
0.922817
0.202985
0.177137
0.36166
0.358537
0.80103
0.809693
0.404642
0.513583
0.353823
0.646384
0.506531
0.333014
0.83529
0.406106
0.956074
0.487916
0.403553
0.672599
0.290865
0.932644
0.376865
0.494773
0.831175
0.651468
0.555303
0.556255
0.141999
0.693129
0.727919
0.54978
0.34701
0.134796
0.591797
0.372521
0.542341
0.534857
0.571187
0.113908
0.757354
0.226975
0.66157
0.537965
0.483742
0.475787
0.435274
0.367664
0.243558
0.557599
0.23194
0.659248
0.49096
0.747413
0.318884
0.909976
0.341702
0.486552
0.443098
0.273168
0.698594
0.673178
0.708368
0.359937
0.290401
0.560906
0.0976993
0.0874403
0.46585
0.668717
0.222952
0.388961
0.283637
0.398349
0.520325
0.331587
0.513541
0.723292
0.622025
0.792747
0.612999
0.356487
0.521193
0.827305
0.567657
0.721817
0.408867
0.212402
0.683701
0.847416
0.698491
0.387694
0.493923
0.466821
0.765184
0.61411
0.388755
0.156933
0.813711
0.154714
0.407681
0.759748
0.0508282
0.636729
0.32567
0.127761
0.474352
0.484256
0.243503
0.400947
0.103083
0.416673
0.34006
0.566157
0.358373
0.488188
0.268886
0.467753
0.569879
0.499469
0.380528
0.731294
0.714769
0.342763
0.526417
0.730002
0.511322
0.44736
0.649206
0.766771
0.874647
0.472759
0.188784
0.562386
0.503904
0.252324
0.532324
0.433644
0.50717
0.220724
0.810997
0.713
0.481785
0.66389
0.29518
0.504341
0.854756
0.610708
0.464202
0.287473
0.549495
0.541128
0.525898
0.176846
0.681893
0.815847
0.235468
0.308044
0.500459
0.338173
0.31233
0.868514
0.171955
0.93918
0.57791
0.706968
0.2757
0.332682
0.136494
0.748908
0.506396
0.717082
0.495526
0.613619
0.597108
0.206575
0.47091
0.37102
0.360679
0.754667
0.547135
0.794672
0.50964
0.588454
0.561228
0.260253
0.551346
0.402555
0.653778
0.60674
0.566835
0.667063
0.379492
0.820551
0.56857
0.384372
0.693951
0.820827
0.894008
0.485165
0.232452
0.417031
0.228588
0.284356
0.371073
0.677994
0.363514
0.523223
0.509263
0.494514
0.680381
0.504446
0.83753
0.53559
0.616437
0.682241
0.552979
0.591313
0.500976
0.300226
0.559697
0.463446
0.165097
0.775156
0.640188
0.60766
0.113748
0.505104
0.908289
0.149381
0.810742
0.636148
0.553188
0.688153
0.764093
0.552098
0.458445
0.473423
0.610796
0.457244
0.229056
0.577583
0.786847
0.402605
0.48389
0.1101
0.630047
0.961595
0.470004
0.309531
0.399837
0.491525
0.629572
0.518177
0.210143
0.522794
0.199391
0.587102
0.257916
0.798121
0.747135
0.17723
0.491775
0.839617
0.247753
0.715169
0.501885
0.651981
0.377614
0.430412
0.423919
0.775557
0.15325
0.443512
0.536656
0.38347
0.86572
0.292802
0.494518
0.472529
0.460888
0.580217
0.273035
0.928033
0.590089
0.5847
0.416965
0.34812
0.50489
0.234712
0.067511
0.493732
0.793876
0.74925
0.506785
0.585759
0.158601
0.549823
0.594414
0.401393
0.500066
0.713763
0.482864
0.227179
0.536302
0.78221
0.384817
0.706733
0.495874
0.154121
0.427621
0.476554
0.131294
0.0905733
0.266572
0.213842
0.370616
0.521629
0.140495
0.825677
0.37464
0.390997
0.439829
0.489408
0.591416
0.191685
0.119102
0.60956
0.598939
0.638805
0.922444
0.487031
0.601136
0.0936707
0.902471
0.601826
0.391501
0.396304
0.599621
0.39104
0.422894
0.181396
0.510703
0.259277
0.821304
0.545797
0.112188
0.289152
0.255547
0.603514
0.715444
0.724999
0.0241016
0.507226
0.817865
0.783371
0.544523
0.433245
0.375547
0.699394
0.630062
0.319838
0.559902
0.648493
0.512363
0.316818
0.572288
0.7885
0.518314
0.44723
0.477479
0.64759
0.633357
0.399976
0.778522
0.43899
0.382766
0.665165
0.092209
0.613859
0.536646
0.89194
0.296153
0.569207
0.593586
0.391526
0.905157
0.408194
0.322169
0.126191
0.696278
0.505621
0.338706
0.817779
0.238722
0.361874
0.273824
0.477466
0.496405
0.334088
0.529732
0.701328
0.557768
0.313726
0.454218
0.494314
0.309097
0.775269
0.456637
0.678135
0.504384
0.851154
0.165391
0.60662
0.696429
0.6936
0.175599
0.954976
0.380632
0.364389
0.759878
0.26744
0.464635
0.349179
0.114384
0.240709
0.813681
0.523358
0.786482
0.388549
0.633309
0.501951
0.379611
0.775939
0.337675
0.786529
0.455153
0.429058
0.813547
0.477562
0.250322
0.320435
0.126733
0.551113
0.405318
0.496485
0.729394
0.304251
0.842184
0.457697
0.113449
0.554003
0.762064
0.319649
0.61698
0.530177
0.426733
0.576025
0.727254
0.632814
0.464531
0.452772
0.73572
0.830523
0.890018
0.38549
0.487039
0.456411
0.350904
0.570151
0.22594
0.513787
0.315028
0.330157
0.182393
0.334295
0.484363
0.710782
0.547326
0.536602
0.672266
0.25495
0.377838
0.714213
0.204381
0.332313
0.732544
0.63649
0.102859
0.686539
0.474448
0.477386
0.387737
0.533697
0.190435
0.1919
0.778572
0.587599
0.563198
0.640711
0.403622
0.805916
0.293133
0.918924
0.323096
0.443852
0.304455
0.57533
0.747208
0.170166
0.481506
0.514053
0.778995
0.0432307
0.567953
0.850918
0.336064
0.562862
0.623271
0.352352
0.60468
0.306566
0.567651
0.31509
0.453784
0.826843
0.858176
0.850436
0.685791
0.529161
0.725828
0.517287
0.32521
0.668157
0.164615
0.603611
0.345353
0.892626
0.500814
0.586518
0.807624
0.437794
0.382058
0.406559
0.33709
0.606357
0.412708
0.172332
0.682271
0.597748
0.423659
0.26695
0.806266
0.538023
0.501475
0.558407
0.530614
0.730779
0.413432
0.521336
0.702432
0.692442
0.451792
0.558109
0.179669
0.45325
0.482355
0.662732
0.628453
0.398229
0.61901
0.301418
0.700812
0.590417
0.457795
0.489226
0.610186
0.561569
0.190622
0.0225817
0.446429
0.473542
0.680606
0.683017
0.27119
0.846518
0.2176
0.957877
0.108776
0.718214
0.1843
0.429252
0.39684
0.141178
0.74998
0.462856
0.285438
0.343237
0.470641
0.184018
0.37222
0.669151
0.311072
0.958449
0.535754
0.589477
0.61606
0.200898
0.478171
0.60562
0.444667
0.315295
0.412578
0.29803
0.443253
0.42543
0.529864
0.557447
0.569615
0.28569
0.453765
0.707094
0.492333
0.366873
0.842285
0.266663
0.376154
0.592506
0.617742
0.526919
0.525927
0.0566365
0.506993
0.396718
0.498362
0.284474
0.647546
0.652198
0.302576
0.202757
0.464535
0.760869
0.197107
0.467199
0.347714
0.371302
0.352827
0.649795
0.356888
0.352088
0.287864
0.519285
0.758371
0.431697
0.492381
0.753521
0.644311
0.533847
0.547791
0.402931
0.710933
0.32095
0.306675
0.779785
0.470968
0.751181
0.836419
0.678401
0.249754
0.622683
0.841281
0.436916
0.263712
0.121379
0.664344
0.831712
0.40413
0.30685
0.732487
0.651049
0.548393
0.263691
0.444291
0.524938
0.295017
0.313721
0.512435
0.193746
0.46808
0.727426
0.158929
0.878494
0.560836
0.790932
0.823201
0.771288
0.487546
0.877815
0.6798
0.394776
0.586746
0.843002
0.774181
0.685009
0.768424
0.599005
0.471761
0.632536
0.521767
0.65266
0.677165
0.672051
0.699383
0.673575
0.417282
0.74136
0.568106
0.333384
0.893472
0.535917
0.56571
0.697939
0.495007
0.465637
0.527088
0.372508
0.527515
0.676187
0.34267
0.393007
0.54693
0.727374
0.586045
0.524293
0.701184
0.626787
0.597025
0.669491
0.368566
0.397253
0.830548
0.512305
0.643412
0.212175
0.481079
0.807223
0.356508
0.36329
0.466364
0.900514
0.829297
0.430815
0.303625
0.607861
0.947715
0.506479
0.235489
0.492456
0.903168
0.675335
0.662175
0.380356
0.0849386
0.692793
0.510667
0.617849
0.619954
0.398714
0.120845
0.118566
0.442638
0.390916
0.552732
0.16604
0.53924
0.835904
0.418265
0.730372
0.647769
0.525084
0.415184
0.725646
0.70639
0.390234
0.689896
0.177694
0.729829
0.672407
0.48034
0.68978
0.055096
0.293993
0.189129
0.386762
0.534509
0.214051
0.611468
0.186216
0.265745
0.152556
0.491531
0.288031
0.335365
0.549648
0.40525
0.691894
0.313966
0.481423
0.666628
0.345108
0.377842
0.484318
0.528969
0.191112
0.443744
0.345563
0.401586
0.432064
0.0900612
0.397674
0.126787
0.236809
0.29946
0.210423
0.561177
0.418521
0.694719
0.804176
0.779485
0.274288
0.451253
0.113979
0.168396
0.82186
0.456494
0.414227
0.50205
0.586766
0.548059
0.269216
0.290105
0.38596
0.799318
0.305374
0.263479
0.222136
0.332715
0.206391
0.31209
0.945816
0.0279035
0.812987
0.513169
0.260287
0.253493
0.564476
0.587884
0.43742
0.387886
0.249802
0.698282
0.280393
0.906454
0.641141
0.445756
0.412289
0.198971
0.563688
0.256445
0.38752
0.542978
0.310656
0.538228
0.415997
0.79545
0.543035
0.568168
0.157929
0.876861
0.419094
0.518485
0.0901007
0.508468
0.679105
0.353358
0.362466
0.425343
0.766196
0.52808
0.35683
0.424409
0.294761
0.496295
0.827398
0.61845
0.283285
0.480282
0.545912
0.153786
0.548914
0.783453
0.792072
0.41102
0.516601
0.123461
0.322915
0.344996
0.426081
0.538535
0.622781
0.63179
0.525431
0.368867
0.778477
0.677333
0.820432
0.139103
0.742204
0.303918
0.804403
0.867203
0.537798
0.567616
0.823681
0.39917
0.633792
0.171314
0.339333
0.318336
0.249773
0.824816
0.826227
0.802141
0.280492
0.165163
0.405987
0.498551
0.315137
0.487062
0.0408837
0.568464
0.897159
0.545
0.721138
0.489702
0.213
0.575387
0.558608
0.542375
0.816054
0.448726
0.555297
0.594644
0.785145
0.498603
0.545573
0.382113
0.384788
0.585931
0.416483
0.923318
0.837462
0.843671
0.190985
0.53797
0.236092
0.808909
0.91442
0.633868
0.417903
0.285946
0.514995
0.502567
0.788793
0.295725
0.414519
0.313162
0.630317
0.353669
0.646107
0.817712
0.339362
0.579723
0.591041
0.481088
0.343554
0.78108
0.67743
0.32223
0.603411
0.159844
0.488797
0.203011
0.655207
0.684534
0.711175
0.625139
0.566523
0.426127
0.202773
0.794751
0.469366
0.295984
0.700746
0.788532
0.503778
0.634776
0.785044
0.604475
0.54776
0.488219
0.199828
0.704558
0.527356
0.667154
0.988365
0.855862
0.39367
0.326219
0.62782
0.650874
0.521595
0.307095
0.4558
0.536923
0.327969
0.379009
0.661007
0.508926
0.824866
0.7709
0.46578
0.818848
0.616683
0.52639
0.358838
0.62946
0.51766
0.72439
0.841941
0.489266
0.509441
0.494915
0.634689
0.329613
0.676245
0.521398
0.637153
0.384275
0.548189
0.357488
0.180475
0.505984
0.451276
0.398073
0.701071
0.303631
0.505533
0.73096
0.954506
0.848036
0.330729
0.357364
0.740624
0.393463
0.312112
0.406101
0.841938
0.636215
0.946537
0.478067
0.482789
0.980899
0.332345
0.64432
0.597223
0.609171
0.784309
0.882812
0.549039
0.344961
0.847952
0.875504
0.677895
0.384434
0.655486
0.0993545
0.650836
0.408125
0.608606
0.531359
0.579108
0.416939
0.291337
0.549555
0.215537
0.832901
0.809104
0.248623
0.278271
0.479766
0.418149
0.400419
0.55211
0.507826
0.352423
0.676525
0.399166
0.651467
0.172993
0.511572
0.666002
0.407229
0.758043
0.122872
0.704928
0.294372
0.719446
0.213547
0.332564
0.809152
0.574908
0.273128
0.529253
0.508222
0.422631
0.651254
0.538393
0.355807
0.158396
0.716871
0.755212
0.543528
0.442971
0.427013
0.399969
0.440926
0.670686
0.515993
0.451059
0.659022
0.608003
0.777523
0.668956
0.408398
0.663878
0.54903
0.272378
0.907568
0.921658
0.519136
0.433561
0.54656
0.105266
0.365983
0.739977
0.834923
0.570355
0.495827
0.125298
0.362514
0.204108
0.788017
0.502887
0.0757097
0.285308
0.264213
0.440559
0.62085
0.3993
0.486404
0.195835
0.330981
0.420399
0.750014
0.786348
0.631149
0.867301
0.275093
0.500586
0.211754
0.105004
0.110325
0.35956
0.26864
0.409708
0.351277
0.52051
0.432883
0.331156
0.536071
0.469186
0.212384
0.579832
0.21833
0.577756
0.341655
0.834391
0.229022
0.710805
0.385366
0.40768
0.525495
0.542415
0.265464
0.627685
0.787749
0.60275
0.580864
0.582678
0.558696
0.303034
0.66297
0.547836
0.73688
0.293321
0.759472
0.453556
0.116844
0.487864
0.0630861
0.673672
0.434056
0.448414
0.501154
0.70473
0.508022
0.546216
0.276185
0.475464
0.588932
0.428946
0.596701
0.56858
0.399908
0.799304
0.361905
0.554909
0.628628
0.86745
0.262969
0.432988
0.758838
0.569932
0.337909
0.835068
0.143977
0.253217
0.466266
0.203523
0.611844
0.500431
0.614002
0.559632
0.150972
0.635354
0.338277
0.279625
0.36609
0.668192
0.635949
0.460887
0.401762
0.55314
0.668886
0.504191
0.420033
0.608179
0.723396
0.455752
0.47959
0.303052
0.460281
0.445923
0.300726
0.351814
0.586257
0.229274
0.412041
0.151834
0.026709
0.873802
0.561606
0.591577
0.503932
0.564945
0.536971
0.604986
0.624269
0.283095
0.675161
0.580726
0.151757
0.281223
0.355504
0.34005
0.595099
0.332235
0.154847
0.877491
0.559035
0.633625
0.60646
0.414064
0.51035
0.049972
0.140618
0.543134
0.683039
0.54178
0.79659
0.854563
0.296308
0.672163
0.682469
0.403233
0.583353
0.500795
0.421007
0.743495
0.328051
0.467569
0.456338
0.481578
0.680934
0.536332
0.608166
0.403441
0.475011
0.412053
0.146764
0.71605
0.586263
0.56276
0.423787
0.295495
0.582804
0.570525
0.73067
0.565855
0.480962
0.503757
0.568085
0.238192
0.87573
0.546045
0.396632
0.619489
0.537259
0.534735
0.700689
0.556863
0.264293
0.355419
0.334037
0.312816
0.359657
0.806468
0.627618
0.272775
0.0421239
0.590705
0.626478
0.366626
0.433212
0.509305
0.584693
0.441445
0.45669
0.225961
0.483774
0.553046
0.062762
0.637316
0.351764
0.249501
0.638152
0.428652
0.546992
0.40019
0.287507
0.311781
0.432113
0.479459
0.870756
0.735054
0.500839
0.94441
0.755304
0.523373
0.531431
0.451799
0.191122
0.949061
0.2278
0.139538
0.541051
0.652417
0.570716
0.553705
0.297821
0.623741
0.738406
0.532477
0.893542
0.626599
0.467494
0.463858
0.2566
0.485044
0.61199
0.814528
0.39516
0.575507
0.419717
0.682641
0.485639
0.657013
0.682326
0.357825
0.518791
0.341366
0.426727
0.477146
0.50521
0.547896
0.702511
0.84625
0.566322
0.705357
0.781651
0.350345
0.436118
0.756506
0.223469
0.110209
0.473119
0.688877
0.269611
0.643807
0.231294
0.358232
0.920454
0.274638
0.462831
0.289134
0.806116
0.383341
0.624921
0.43006
0.601932
0.329616
0.536922
0.508442
0.750017
0.476925
0.783459
0.673982
0.1352
0.232962
0.283294
0.536584
0.625395
0.37431
0.642953
0.498167
0.523136
0.154189
0.48837
0.445641
0.486763
0.297669
0.416992
0.415274
0.366446
0.469187
0.537024
0.256631
0.16195
0.652666
0.259705
0.617278
0.445782
0.615023
0.0847306
0.73736
0.607048
0.729314
0.568151
0.586183
0.658108
0.414211
0.486297
0.290847
0.607793
0.802015
0.408494
0.6
0.541694
0.477846
0.46557
0.793696
0.0617572
0.73813
0.550334
0.493363
0.624099
0.796974
0.510484
0.243801
0.575729
0.724485
0.593561
0.532159
0.827535
0.631562
0.477822
0.576745
0.612647
0.221156
0.67212
0.761547
0.665976
0.306454
0.392071
0.510279
0.422478
0.251935
0.719051
0.686741
0.46839
0.523683
0.422741
0.776256
0.4914
0.640837
0.777185
0.645927
0.362469
0.300519
0.524534
0.599382
0.743672
0.80403
0.83987
0.734705
0.753233
0.64262
0.22472
0.782173
0.230562
0.70655
0.706098
0.641404
0.530882
0.561671
0.54211
0.255493
0.540719
0.593203
0.834414
0.752677
0.242268
0.546869
0.521994
0.454036
0.666344
0.602992
0.679981
0.888719
0.460371
0.599656
0.371424
0.376133
0.559555
0.376483
0.49917
0.527514
0.58614
0.441049
0.179208
0.687271
0.613309
0.76545
0.606058
0.377455
0.317091
0.500953
0.205004
0.726673
0.30126
0.254201
0.565201
0.157743
0.517022
0.798837
0.721871
0.776346
0.710929
0.701945
0.305067
0.445913
0.721228
0.325134
0.896669
0.451937
0.704555
0.515574
0.636496
0.451879
0.511586
0.532759
0.692674
0.574807
0.442014
0.362251
0.660558
0.577868
0.495895
0.548101
0.278783
0.38467
0.500168
0.531156
0.550202
0.623613
0.625833
0.210873
0.429691
0.452186
0.323026
0.553787
0.19005
0.496194
0.587914
0.552202
0.401399
0.650886
0.737088
0.692174
0.658726
0.78388
0.501815
0.320313
0.266453
0.547786
0.266255
0.404389
0.538084
0.0533707
0.66046
0.663213
0.693262
0.572092
0.480674
0.39673
0.53372
0.229796
0.546216
0.0777153
0.153893
0.82134
0.113883
0.371948
0.391133
0.418857
0.357594
0.234207
0.5447
0.36438
0.682659
0.582887
0.591926
0.530477
0.780823
0.286519
0.704173
0.900544
0.343911
0.800933
0.814397
0.563347
0.240664
0.776284
0.312382
0.634403
0.723017
0.808619
0.642917
0.409727
0.36486
0.241141
0.65638
0.725467
0.447969
0.525784
0.510466
0.539896
0.396575
0.136188
0.245956
0.172219
0.623706
0.378647
0.358691
0.425605
0.289205
0.178026
0.264099
0.489838
0.481
0.521178
0.499869
0.0619265
0.217947
0.720795
0.836557
0.541013
0.43429
0.518141
0.165157
0.446864
0.242477
0.273568
0.604863
0.379199
0.782814
0.599176
0.223485
0.378102
0.85514
0.26847
0.587196
0.463697
0.789436
0.593307
0.555488
0.426267
0.649
0.688915
0.811473
0.605945
0.371526
0.153239
0.566837
0.444082
0.340152
0.167311
0.705017
0.00637498
0.638281
0.378835
0.32535
0.470778
0.378643
0.16164
0.725202
0.741229
0.508856
0.449123
0.306259
0.391152
0.382401
0.320256
0.715435
0.558696
0.145679
0.872237
0.230006
0.208628
0.628532
0.144295
0.470861
0.343751
0.437321
0.462645
0.476939
0.291721
0.33637
0.557072
0.498148
0.611073
0.265319
0.65505
0.563296
0.453252
0.476641
0.489829
0.453754
0.385412
0.789285
0.264332
0.662833
0.221707
0.341137
0.593219
0.24502
0.32878
0.484723
0.800917
0.158491
0.664109
0.107254
0.183896
0.778496
0.47385
0.667893
0.450934
0.70846
0.119781
0.631779
0.535586
0.339843
0.422922
0.742115
0.830544
0.311025
0.204369
0.708305
0.624023
0.589714
0.371851
0.399882
0.123818
0.352569
0.443503
0.522641
0.435103
0.159972
0.318286
0.515164
0.213529
0.123097
0.39548
0.540593
0.445663
0.834621
0.813631
0.460262
0.414242
0.283677
0.622321
0.562495
0.386227
0.799838
0.118059
0.581608
0.417072
0.770149
0.368608
0.178867
0.39512
0.447461
0.617997
0.568871
0.555492
0.617493
0.307448
0.861561
0.673308
0.71633
0.365424
0.451747
0.501552
0.189226
0.212954
0.424794
0.249349
0.455835
0.598378
0.458812
0.501904
0.796203
0.418617
0.590412
0.463823
0.29606
0.602035
0.472811
0.262985
0.689198
0.420941
0.391795
0.782627
0.508898
0.769739
0.316756
0.594757
0.409639
0.48771
0.650746
0.0484901
0.344496
0.223362
0.605209
0.422355
0.982872
0.630282
0.761761
0.280108
0.327433
0.352361
0.895128
0.275042
0.438326
0.299258
0.518043
0.628254
0.496973
0.630913
0.870647
0.86182
0.640966
0.662921
0.713641
0.598247
0.575798
0.572502
0.296165
0.343103
0.918391
0.827818
0.256087
0.648152
0.551578
0.681329
0.472124
0.407793
0.467966
0.360846
0.523905
0.272094
0.155753
0.259929
0.427845
0.26516
0.52836
0.472232
0.70337
0.178045
0.723914
0.432358
0.585801
0.160896
0.299856
0.218781
0.838885
0.669477
0.422151
0.242333
0.631699
0.526699
0.0978247
0.586749
0.831365
0.840238
0.323733
0.685701
0.324747
0.372796
0.22372
0.31375
0.118986
0.192046
0.320519
0.536606
0.482489
0.532742
0.537983
0.309031
0.774683
0.783959
0.353447
0.826733
0.87456
0.369905
0.219224
0.531522
0.754776
0.523201
0.446501
0.337004
0.75977
0.554988
0.694057
0.185028
0.533091
0.206727
0.528512
0.4611
0.800858
0.523968
0.221969
0.08992
0.354953
0.422889
0.527183
0.300181
0.0913194
0.725837
0.619585
0.590734
0.345424
0.422588
0.719695
0.34819
0.528656
0.269511
0.608721
0.359015
0.706177
0.569282
0.324293
0.627099
0.768448
0.579279
0.272586
0.950814
0.235352
0.477227
0.317203
0.631484
0.493604
0.168178
0.604515
0.47819
0.404793
0.447325
0.459272
0.441807
0.233177
0.638662
0.633606
0.254107
0.729035
0.809954
0.516697
0.365769
0.465112
0.519936
0.611636
0.770085
0.66041
0.784159
0.660221
0.46711
0.237303
0.551341
0.245633
0.366002
0.244652
0.462569
0.527175
0.341244
0.541343
0.521155
0.460472
0.451404
0.271374
0.531426
0.430728
0.497091
0.173325
0.77019
0.175887
0.637696
0.653797
0.335096
0.200738
0.204485
0.316084
0.469563
0.582244
0.640612
0.272098
0.394438
0.640564
0.166532
0.577252
0.782001
0.39949
0.312313
0.514759
0.488399
0.584221
0.876296
0.717491
0.516079
0.603611
0.1625
0.752285
0.40823
0.538255
0.517188
0.303291
0.382747
0.105007
0.727918
0.977674
0.493667
0.392705
0.266427
0.518707
0.96352
0.363146
0.649623
0.348009
0.0604851
0.185534
0.860955
0.870398
0.49973
0.421863
0.317386
0.861547
0.328775
0.404904
0.785175
0.52036
0.612179
0.849698
0.440615
0.404684
0.461333
0.813661
0.439896
0.480715
0.5606
0.569633
0.40516
0.40316
0.321526
0.780423
0.65185
0.404934
0.652283
0.0626132
0.275383
0.3119
0.560024
0.601622
0.883158
0.209876
0.409245
0.429213
0.300875
0.177841
0.639757
0.298897
0.500128
0.763009
0.603323
0.293845
0.28717
0.510139
0.908482
0.376202
0.460749
0.36919
0.768561
0.535859
0.189865
0.192121
0.828333
0.521
0.280267
0.291386
0.300262
0.331931
0.791493
0.669362
0.471727
0.233934
0.634204
0.539698
0.250096
0.494103
0.320539
0.648258
0.393003
0.371331
0.458209
0.66308
0.426614
0.587849
0.371966
0.539474
0.485173
0.584925
0.404112
0.278107
0.41057
0.31455
0.488634
0.880639
0.931143
0.143174
0.511546
0.569191
0.594401
0.142745
0.762981
0.472662
0.358807
0.618546
0.454531
0.494596
0.355264
0.672539
0.318341
0.464054
0.809363
0.425136
0.222373
0.432648
0.470983
0.217538
0.52928
0.11761
0.128238
0.691013
0.594271
0.502499
0.388294
0.588689
0.840313
0.493853
0.387999
0.449653
0.767003
0.79383
0.452766
0.5644
0.542394
0.285588
0.452618
0.634835
0.495051
0.239864
0.709752
0.531314
0.866538
0.537966
0.292471
0.363384
0.602568
0.368061
0.385781
0.780112
0.753958
0.488412
0.659445
0.490131
0.226534
0.662883
0.659724
0.440718
0.662093
0.760808
0.231525
0.419462
0.150491
0.774981
0.833143
0.541289
0.265899
0.64829
0.336239
0.157834
0.588237
0.311203
0.509183
0.675356
0.413774
0.719055
0.36234
0.591637
0.776831
0.439787
0.889378
0.261491
0.697505
0.479529
0.469089
0.474763
0.738315
0.545106
0.79776
0.879883
0.495597
0.829294
0.702522
0.610282
0.569502
0.166359
0.541631
0.670195
0.349366
0.0421283
0.128078
0.71057
0.61922
0.454567
0.218386
0.775066
0.531177
0.507552
0.588957
0.420285
0.412378
0.882252
0.57775
0.813655
0.164185
0.467241
0.699584
0.486563
0.680236
0.440187
0.548812
0.369577
0.752979
0.480693
0.683559
0.560801
0.356255
0.555566
0.541235
0.47763
0.484473
0.354514
0.165457
0.616407
0.896886
0.466002
0.63
0.593664
0.158449
0.769701
0.525873
0.466895
0.286703
0.283692
0.733077
0.531989
0.60711
0.341302
0.429062
0.368694
0.587219
0.484162
0.891392
0.354685
0.463016
0.844822
0.632569
0.693049
0.388789
0.0539307
0.260458
0.697188
0.63479
0.843754
0.688212
0.651393
0.0249645
0.531493
0.423057
0.514534
0.349966
0.452601
0.6438
0.558551
0.408668
0.675989
0.632337
0.232628
0.624335
0.469781
0.354961
0.618173
0.349574
0.497927
0.0947062
0.288925
0.5172
0.614774
0.516442
0.714751
0.712061
0.386351
0.4019
0.546882
0.531881
0.603893
0.522283
0.696602
0.773124
0.56681
0.221586
0.568566
0.520862
0.299052
0.264205
0.6342
0.639598
0.12452
0.855897
0.729799
0.454952
0.663911
0.477621
0.538217
0.584101
0.327083
0.77725
0.162196
0.415836
0.761765
0.244619
0.521661
0.659039
0.481141
0.250845
0.506488
0.671391
0.529559
0.26331
0.390477
0.948066
0.557344
0.653199
0.461502
0.693132
0.562397
0.4929
0.646994
0.814373
0.817997
0.596109
0.113166
0.475184
0.142928
0.28388
0.390584
0.505179
0.681777
0.465401
0.527916
0.514132
0.749978
0.602685
0.599916
0.471791
0.559875
0.483859
0.594892
0.309143
0.280809
0.460226
0.281178
0.26462
0.397959
0.407687
0.101277
0.241722
0.221368
0.653641
0.466636
0.862526
0.658315
0.465902
0.525171
0.194478
0.498916
0.430663
0.547916
0.295861
0.476548
0.652015
0.530373
0.768293
0.251403
0.685961
0.42837
0.422584
0.727227
0.477385
0.147432
0.457233
0.247967
0.298849
0.478918
0.716835
0.732832
0.295617
0.625363
0.64062
0.694927
0.721718
0.281722
0.429332
0.85039
0.307378
0.438383
0.251602
0.661653
0.428582
0.646087
0.478965
0.67017
0.355015
0.432062
0.981616
0.860686
0.833104
0.880946
0.434976
0.560818
0.616332
0.593241
0.88012
0.516473
0.285479
0.808313
0.449076
0.795296
0.80692
0.428115
0.708957
0.557111
0.257548
0.502083
0.496904
0.492009
0.500405
0.432837
0.410731
0.863452
0.825523
0.236542
0.288174
0.605498
0.675991
0.641033
0.550585
0.309967
0.559695
0.628973
0.704909
0.701061
0.602673
0.732593
0.590724
0.331725
0.43049
0.460726
0.627114
0.747685
0.16949
0.188114
0.357091
0.751877
0.340273
0.161135
0.505286
0.66367
0.271208
0.473379
0.557551
0.104005
0.390245
0.438645
0.539124
0.349308
0.358789
0.238232
0.210962
0.683728
0.491832
0.543535
0.321804
0.440999
0.264036
0.514242
0.846516
0.563921
0.431923
0.646607
0.809222
0.521178
0.407774
0.395508
0.332711
0.807943
0.50135
0.318216
0.47355
0.518425
0.500966
0.68701
0.695343
0.61523
0.295971
0.592019
0.500498
0.532142
0.848107
0.504848
0.783881
0.633637
0.299729
0.597812
0.389654
0.816156
0.362299
0.312772
0.645613
0.672907
0.35908
0.747837
0.317271
0.655643
0.40137
0.879361
0.466923
0.553636
0.658147
0.460932
0.620884
0.371728
0.534406
0.640232
0.441084
0.826109
0.303981
0.408891
0.765126
0.688153
0.348087
0.449653
0.921945
0.593387
0.631306
0.769423
0.648118
0.194375
0.402186
0.205938
0.222875
0.673015
0.336121
0.470077
0.107819
0.639479
0.443615
0.834992
0.920346
0.83173
0.547535
0.407503
0.48769
0.291274
0.488395
0.616388
0.521537
0.327538
0.44721
0.126437
0.621069
0.0949481
0.380912
0.336349
0.355315
0.493547
0.545784
0.442773
0.593614
0.365664
0.939855
0.752008
0.0459913
0.597913
0.225652
0.495104
0.643208
0.249462
0.300183
0.351319
0.429209
0.714293
0.659483
0.209104
0.556677
0.686845
0.560532
0.393007
0.269346
0.337165
0.713838
0.659125
0.922721
0.613432
0.345397
0.21091
0.137807
0.476397
0.447278
0.311394
0.600414
0.132041
0.391496
0.767108
0.811583
0.465444
0.812324
0.633162
0.262655
0.390586
0.767679
0.438208
0.55144
0.717534
0.67065
0.552209
0.373952
0.400154
0.337747
0.51915
0.619129
0.664239
0.730883
0.251059
0.4619
0.527651
0.0755814
0.428924
0.392987
0.110781
0.518392
0.780289
0.541736
0.397375
0.341926
0.102567
0.441291
0.74247
0.486424
0.4753
0.553351
0.435909
0.232228
0.0538087
0.412761
0.51664
0.377981
0.660937
0.17012
0.794688
0.604891
0.592749
0.603574
0.67445
0.447798
0.628321
0.33894
0.384635
0.399328
0.182943
0.560259
0.606942
0.65381
0.868277
0.910842
0.257232
0.853178
0.422261
0.57787
0.809721
0.427469
0.0457193
0.721548
0.566398
0.228074
0.631906
0.452786
0.660623
0.132301
0.699392
0.48137
0.345553
0.153329
0.537956
0.849528
0.254773
0.320065
0.651317
0.333787
0.334246
0.696911
0.529818
0.140965
0.531374
0.393894
0.610336
0.442124
0.588718
0.773098
0.479952
0.0812864
0.926631
0.287801
0.454117
0.463659
0.110768
0.496174
0.609258
0.671108
0.287167
0.771906
0.174013
0.770573
0.729315
0.589536
0.382485
0.0740961
0.278316
0.492782
