0.122649
0.331166
0.705029
0.905484
0.776048
0.572439
0.0173017
0.754654
0.493226
0.49426
0.471797
0.580468
0.931865
0.024284
0.651955
0.0982145
0.577269
0.453507
0.22611
0.939875
0.133804
0.111777
0.272751
0.282193
0.214718
0.548522
0.902262
0.831703
0.201218
0.0642171
0.98646
0.0286961
0.576023
0.848058
0.95178
0.29042
0.830226
0.144774
0.547801
0.623628
0.341636
0.61281
0.838501
0.0778181
0.793058
0.818053
0.916148
0.269545
0.82428
0.258761
0.0129601
0.977601
0.994451
0.721584
0.758309
0.887488
0.793687
0.565043
0.742493
0.656518
0.624291
0.811177
0.714217
0.189353
0.331877
0.950338
0.538703
0.375554
0.182797
0.0363917
0.326359
0.469377
0.0528965
0.03444
0.226655
0.117887
0.129179
0.20123
0.55524
0.00272278
0.464306
0.406665
0.9404
0.796017
0.316772
0.276452
0.762162
0.191122
0.128552
0.540384
0.507188
0.1087
0.227309
0.353772
0.937103
0.659979
0.600722
0.123018
0.797921
0.338997
0.304051
0.668515
0.783439
0.3883
0.875059
0.713437
0.674181
0.917968
0.40814
0.666114
0.0427567
0.642261
0.265938
0.593749
0.152361
0.924232
0.584638
0.949207
0.151972
0.985176
0.27989
0.950077
0.333182
0.847824
0.924314
0.115876
0.971477
0.951085
0.10362
0.0969716
0.510107
0.917496
0.344377
0.985916
0.906995
0.0961431
0.838807
0.35271
0.672912
0.0737708
0.585922
0.510853
0.269321
0.0814197
0.557847
0.37779
0.362877
0.265818
0.638015
0.774758
0.17513
0.192706
0.63556
0.306518
0.513823
0.158377
0.147904
0.916719
0.688462
0.267345
0.630232
0.831662
0.528452
0.555673
0.163992
0.542181
0.236551
0.375082
0.243234
0.544722
0.392162
0.882483
0.782783
0.239168
0.605093
0.789363
0.579802
0.289445
0.116767
0.908205
0.933158
0.176765
0.0270522
0.787481
0.0644457
0.0537989
0.234265
0.557967
0.630908
0.437019
0.0255961
0.632408
0.932798
0.00568107
0.426059
0.125561
0.573597
0.71779
0.755724
0.716117
0.227562
0.670233
0.675733
0.486142
0.920404
0.342881
0.610643
0.283634
0.669617
0.951702
0.573755
0.00237136
0.513741
0.127125
0.817917
0.409034
0.656145
0.72036
0.580197
0.725854
0.649006
0.567914
0.646935
0.959032
0.956054
0.0150986
0.166787
0.216465
0.78598
0.0710075
0.683175
0.156781
0.428794
0.554855
0.812363
0.835319
0.319974
0.467262
0.396267
0.0479405
0.286043
0.207131
0.816025
0.712864
0.692926
0.938271
0.937838
0.673027
0.0465888
0.329449
0.820004
0.751793
0.724275
0.642718
0.751582
0.0645222
0.403094
0.479631
0.799518
0.99513
0.0785518
0.821586
0.161997
0.314158
0.725305
0.883415
0.0796116
0.473112
0.26121
0.959183
0.62974
0.895251
0.867592
0.252963
0.679214
0.238121
0.446365
0.688279
0.820476
0.176926
0.329604
0.0673982
0.960374
0.705182
0.789686
0.55148
0.0306539
0.63149
0.637164
0.256615
0.175876
0.636219
0.666819
0.467283
0.847554
0.613216
0.0663728
0.372145
0.0611806
0.139462
0.502315
0.798089
0.192503
0.776208
0.527296
0.783966
0.106845
0.901104
0.516147
0.278793
0.105086
0.200989
0.55441
0.209708
0.575337
0.52453
0.814524
0.738362
0.772696
0.113915
0.919387
0.962801
0.691375
0.323109
0.788797
0.533186
0.393738
0.710457
0.387641
0.698665
0.737673
0.195767
0.760874
0.909781
0.484289
0.0328508
0.583416
0.143143
0.0281933
0.310255
0.225675
0.125759
0.197001
0.10457
0.809052
0.304945
0.908743
0.227236
0.890758
0.0818251
0.117523
0.588527
0.982441
0.00394992
0.0500037
0.818996
0.000357946
0.45386
0.837682
0.112864
0.612527
0.189793
0.350791
0.869821
0.15569
0.863006
0.376189
0.0976483
0.926074
0.480245
0.759594
0.590755
0.00548739
0.482971
0.226562
0.417731
0.889778
0.616459
0.250179
0.439675
0.780342
0.657631
0.458501
0.551499
0.940162
0.112253
0.0522553
0.608313
0.681518
0.588296
0.882897
0.992183
0.739558
0.267163
0.0409674
0.321059
0.60955
0.948867
0.812152
0.637851
0.219829
0.918085
0.929187
0.686098
0.63001
0.398432
0.40647
0.628167
0.556342
0.8219
0.58432
0.247607
0.92345
0.384655
0.99327
0.660449
0.533087
0.391554
0.406585
0.608462
0.75366
0.367677
0.0808529
0.194496
0.0156564
0.650651
0.258442
0.526116
0.21294
0.643045
0.0589248
0.145148
0.942193
0.726673
0.925095
0.729981
0.16525
0.303529
0.787593
0.663449
0.37326
0.970558
0.513721
0.366886
0.907663
0.553512
0.422903
0.421757
0.709941
0.870395
0.564314
0.451859
0.6077
0.57596
0.910995
0.445121
0.19535
0.319624
0.947767
0.984699
0.548686
0.450821
0.604426
0.970646
0.25808
0.505167
0.867044
0.488499
0.627427
0.235011
0.413195
0.0685683
0.136987
0.698513
0.455043
0.634491
0.398074
0.237992
0.799496
0.823197
0.545049
0.56286
0.577964
0.338285
0.243179
0.763267
0.759202
0.748819
0.885928
0.231991
0.505755
0.245771
0.977537
0.134933
0.704564
0.805145
0.730196
0.371625
0.101421
0.872663
0.352541
0.689794
0.871613
0.878808
0.889046
0.701594
0.108721
0.819868
0.528346
0.589314
0.522205
0.911876
0.4917
0.0372485
0.983032
0.45756
0.618305
0.792082
0.794672
0.985311
0.978535
0.801069
0.512865
0.254047
0.884692
0.326223
0.578486
0.604748
0.865359
0.160576
0.219764
0.521221
0.0768767
0.112565
0.247367
0.187916
0.515084
0.466155
0.202066
0.756579
0.752699
0.0131869
0.481716
0.317492
0.971438
0.492545
0.703206
0.982519
0.210925
0.516277
0.745258
0.700117
0.165197
0.130269
0.238019
0.516804
0.887251
0.517109
0.252267
0.961763
0.496771
0.628409
0.600696
0.453796
0.728447
0.0162102
0.470709
0.41159
0.92987
0.25766
0.505806
0.794271
0.15884
0.229685
0.353149
0.720895
0.299294
0.342713
0.979011
0.63231
0.790439
0.592934
0.571231
0.0906931
0.541785
0.00558377
0.916868
0.091001
0.00261637
0.437869
0.0510352
0.920929
0.00221013
0.666565
0.475293
0.794336
0.929373
0.735043
0.0656057
0.246285
0.848232
0.367081
0.124062
0.57095
0.241825
0.215938
0.0374091
0.267973
0.944956
0.308796
0.319901
0.805997
0.400645
0.426987
0.0374872
0.187894
0.296926
0.645894
0.803485
0.390715
0.777824
0.815733
0.73954
0.240955
0.358176
0.522542
0.515888
0.564876
0.209203
0.810856
0.296167
0.323324
0.141928
0.615112
0.0577661
0.105574
0.138862
0.0316269
0.250964
0.928839
0.129876
0.0188308
0.479777
0.28648
0.553529
0.248676
0.184188
0.232742
0.486838
0.211087
0.995499
0.814888
0.379814
0.516789
0.311151
0.10136
0.0299589
0.0287228
0.948321
0.549612
0.929166
0.01178
0.711502
0.558324
0.782458
0.114193
0.0415138
0.210958
0.325051
0.527303
0.264066
0.802339
0.760314
0.115578
0.455956
0.514723
0.633986
0.323816
0.695842
0.248509
0.896112
0.0679879
0.0326687
0.195382
0.646642
0.0707067
0.425293
0.254644
0.697659
0.839004
0.18761
0.22929
0.917367
0.983957
0.0890206
0.195936
0.369808
0.288343
0.653854
0.226982
0.770063
0.93551
0.787412
0.365865
0.69632
0.872056
0.511567
0.434303
0.515487
0.296871
0.168819
0.808113
0.984427
0.814099
0.26889
0.0653556
0.0996207
0.578263
0.49333
0.623751
0.818132
0.673241
0.997079
0.785905
0.814913
0.536021
0.776168
0.549895
0.247137
0.150812
0.701016
0.0741266
0.555751
0.344721
0.00723482
0.670488
0.356654
0.314898
0.221393
0.906261
0.386671
0.666848
0.277307
0.996822
0.919205
0.0591565
0.0176433
0.747945
0.916408
0.00168935
0.412874
0.344863
0.0228813
0.56951
0.17091
0.17771
0.132988
0.556403
0.430598
0.438385
0.201402
0.839541
0.874077
0.627309
0.954705
0.0560907
0.768838
0.481398
0.659644
0.855514
0.541138
0.694271
0.78889
0.396
0.837703
0.570279
0.694199
0.964501
0.470879
0.265262
0.865023
0.837831
0.950539
0.255493
0.35188
0.144175
0.740137
0.284548
0.0208509
0.563433
0.158784
0.314714
0.749914
0.410437
0.679566
0.410038
0.969742
0.823019
0.908568
0.363659
0.299975
0.429071
0.900146
0.0201242
0.864673
0.651341
0.771444
0.307832
0.334028
0.540252
0.391337
0.067703
0.198811
0.174111
0.773127
0.827896
0.323338
0.859775
0.702076
0.123481
0.744783
0.888267
0.0530677
0.0933048
0.0128375
0.888459
0.643501
0.608876
0.33433
0.973526
0.734215
0.713276
0.361429
0.141276
0.317551
0.68952
0.817147
0.678978
0.966273
0.561176
0.184638
0.700307
0.578309
0.583568
0.512333
0.127316
0.127258
0.547797
0.839399
0.300715
0.273198
0.134745
0.877968
0.490619
0.127144
0.670993
0.171625
0.576515
0.788869
0.408222
0.973958
0.415437
0.653868
0.733573
0.265548
0.422986
0.54186
0.78817
0.580381
0.811246
0.0359433
0.998316
0.289705
0.0751411
0.106831
0.589
0.558202
0.665188
0.167431
0.738419
0.927781
0.456779
0.665428
0.538011
0.201307
0.407313
0.649985
0.143644
0.513391
0.622178
0.38654
0.645396
0.928432
0.524388
0.953189
0.356888
0.0562452
0.692616
0.21398
0.948223
0.700673
0.606669
0.978362
0.542836
0.852984
0.582427
0.340323
0.398225
0.0248552
0.810835
0.932528
0.829838
0.319351
0.014447
0.385898
0.758958
0.315176
0.833636
0.878202
0.718078
0.0612202
0.842206
0.979625
0.786048
0.735122
0.914635
0.721138
0.111573
0.0203453
0.52637
0.0536817
0.184987
0.428777
0.12272
0.732167
0.508476
0.786577
0.755467
0.716656
0.874117
0.275261
0.229943
0.970751
0.0736384
0.861639
0.656032
0.0601169
0.926164
0.96212
0.837519
0.186842
0.319308
0.790416
0.804878
0.681258
0.219869
0.273131
0.0926819
0.924128
0.934315
0.64407
0.33628
0.0694989
0.303982
0.0230603
0.321403
0.631747
0.929034
0.345159
0.829431
0.307663
0.259066
0.0465648
0.200815
0.612999
0.702891
0.768288
0.366621
0.7786
0.4383
0.0604818
0.706512
0.598622
0.893093
0.430685
0.170146
0.745834
0.876619
0.0684164
0.993716
0.628624
0.927763
0.905456
0.556056
0.792064
0.878287
0.263606
0.607643
0.760695
0.0835711
0.846126
0.585418
0.152087
0.826165
0.110673
0.967213
0.894684
0.537434
0.704443
0.74884
0.966918
0.601649
0.448968
0.92759
0.711609
0.403798
0.854261
0.287594
0.413665
0.162469
0.0598403
0.400861
0.37217
0.0634707
0.902711
0.334753
0.530886
0.796215
0.177249
0.50049
0.2037
0.216929
0.475688
0.952317
0.361963
0.350701
0.895775
0.474012
0.125977
0.0344757
0.708074
0.345417
0.779194
0.337925
0.342159
0.799757
0.0253214
0.527576
0.0499634
0.052215
0.0290888
0.216654
0.826158
0.247237
0.682865
0.830151
0.818512
0.738246
0.654559
0.379293
0.973549
0.437135
0.196877
0.455565
0.180898
0.366493
0.00244257
0.401971
0.0687979
0.485673
0.110505
0.7845
0.947243
0.969572
0.0150332
0.962413
0.496947
0.679472
0.665286
0.0408523
0.683195
0.0179923
0.43201
0.488436
0.273945
0.800841
0.747267
0.827242
0.22023
0.458522
0.894415
0.0705525
0.191702
0.709738
0.176534
0.918698
0.647618
0.889275
0.74505
0.455399
0.0788086
0.0875213
0.0124689
0.452495
0.313304
0.0432081
0.559892
0.0324179
0.0899208
0.858882
0.506019
0.904126
0.241877
0.769303
0.622873
0.634386
0.786465
0.732227
0.226739
0.303789
0.696108
0.0307801
0.671613
0.693136
0.0583919
0.535069
0.726375
0.0247625
0.364422
0.0822656
0.294383
0.824973
0.661342
0.569845
0.872215
0.164483
0.850037
0.942923
0.348883
0.266027
0.305679
0.0768706
0.69245
0.0410867
0.768324
0.550128
0.701084
0.73597
0.833468
0.0650151
0.222234
0.642632
0.827361
0.558345
0.447657
0.27922
0.0565737
0.256965
0.423145
0.993183
0.772441
0.640454
0.58824
0.415988
0.303674
0.694798
0.770231
0.339375
0.0187282
0.353828
0.854022
0.531186
0.63609
0.662916
0.559783
0.813038
0.17705
0.151074
0.0768582
0.837452
0.0419337
0.0091993
0.387509
0.789913
0.496224
0.945398
0.0983669
0.46924
0.7052
0.681589
0.580709
0.541453
0.501136
0.783151
0.771202
0.298109
0.671031
0.346119
0.639587
0.966125
0.799183
0.631182
0.0949067
0.905082
0.890482
0.313764
0.951797
0.188636
0.15852
0.0542143
0.956514
0.804114
0.727745
0.677274
0.190793
0.629895
0.529934
0.637512
0.311272
0.481436
0.549883
0.545516
0.892566
0.77753
0.69002
0.402727
0.941632
0.0987387
0.993734
0.561668
0.726814
0.326208
0.626674
0.169837
0.172833
0.803849
0.916774
0.502916
0.937578
0.608944
0.66883
0.835733
0.101199
0.500778
0.888308
0.683172
0.324871
0.305085
0.680648
0.870008
0.00645282
0.651712
0.364491
0.116622
0.972809
0.287548
0.396305
0.97117
0.67213
0.216706
0.415282
0.948765
0.701214
0.161403
0.164832
0.781497
0.328357
0.182575
0.0335432
0.522921
0.926694
0.547794
0.00533558
0.826389
0.859057
0.290651
0.656096
0.624016
0.265625
0.481682
0.9413
0.424115
0.780812
0.543799
0.563686
0.927783
0.79551
0.41883
0.0885031
0.204455
0.303409
0.856258
0.301376
0.48235
0.412615
0.286891
0.914468
0.0797872
0.522284
0.80563
0.173032
0.16049
0.182808
0.76746
0.468208
0.0297894
0.470831
0.854476
0.213149
0.44468
0.979
0.560331
0.197396
0.890951
0.375789
0.629738
0.826401
0.643399
0.0325578
0.758225
0.225945
0.484718
0.011625
0.881372
0.509875
0.68595
0.297555
0.649669
0.658341
0.873139
0.540099
0.587301
0.73509
0.00441416
0.735722
0.269653
0.607931
0.298477
0.648902
0.329995
0.166495
0.685166
0.776413
0.832183
0.214746
0.44331
0.16851
0.540677
0.930247
0.058714
0.289917
0.805755
0.924254
0.0402555
0.649131
0.490378
0.62169
0.195463
0.433916
0.832268
0.741855
0.565486
0.619842
0.00274589
0.152052
0.386305
0.691868
0.941818
0.0587419
0.767826
0.42977
0.771731
0.384514
0.610791
0.318598
0.580283
0.963134
0.115266
0.686376
0.887971
0.796866
0.231965
0.24234
0.843566
0.706744
0.883326
0.358675
0.710889
0.132622
0.705753
0.243981
0.00179252
0.189699
0.56477
0.603406
0.569248
0.164561
0.954137
0.943227
0.898747
0.957995
0.547758
0.299965
0.931076
0.294245
0.225189
0.767888
0.126259
0.275923
0.589586
0.145086
0.654604
0.748212
0.749332
0.666501
0.000205747
0.341766
0.505768
0.961034
0.715051
0.606132
0.300051
0.84594
0.304268
0.658423
0.699265
0.611284
0.397799
0.808319
0.87861
0.274691
0.519511
0.95148
0.672262
0.595404
0.356694
0.639621
0.166124
0.0889388
0.822324
0.845603
0.492957
0.0100991
0.156918
0.973783
0.122701
0.372586
0.510199
0.765984
0.33243
0.116089
0.955099
0.787045
0.162181
0.0538245
0.7043
0.22495
0.641708
0.240753
0.814981
0.111782
0.69232
0.869862
0.179691
0.784664
0.306733
0.174182
0.815236
0.700648
0.48411
0.49788
0.988593
0.555266
0.199027
0.581536
0.576662
0.208776
0.320249
0.0342986
0.168949
0.093591
0.932416
0.257329
0.119233
0.676203
0.671589
0.0258894
0.270049
0.0110253
0.341245
0.287489
0.055167
0.50479
0.761745
0.215289
0.678935
0.47988
0.213119
0.362796
0.0323686
0.973522
0.30386
0.059918
0.795718
0.146036
0.139256
0.602517
0.0633377
0.62319
0.429832
0.917323
0.982938
0.711464
0.988135
0.299801
0.907798
0.566043
0.881185
0.561423
0.903515
0.643609
0.463191
0.990623
0.0230352
0.938133
0.392044
0.403138
0.36382
0.0994477
0.472886
0.175813
0.754115
0.311678
0.368524
0.435362
0.0928238
0.220414
0.621582
0.890934
0.406879
0.921861
0.455186
0.506213
0.0152555
0.460255
0.0221763
0.121494
0.629782
0.0371189
0.378006
0.0459994
0.516136
0.551199
0.836598
0.801236
0.126392
0.71406
0.564663
0.832306
0.946026
0.094733
0.467788
0.808974
0.128507
0.52778
0.466762
0.774097
0.180764
0.581584
0.156894
0.994666
0.280624
0.655436
0.244948
0.0297193
0.426424
0.901419
0.881982
0.818159
0.619625
0.915564
0.526677
0.0451686
0.649699
0.0960934
0.909644
0.674291
0.179308
0.0277201
0.307759
0.307968
0.0158311
0.241148
0.118456
0.405734
0.407549
0.45665
0.742614
0.758494
0.530688
0.908635
0.293327
0.870226
0.0546154
0.742284
0.554483
0.884562
0.710546
0.670184
0.982344
0.731573
0.474342
0.19148
0.0956984
0.546581
0.542564
0.542592
0.212819
0.884001
0.375572
0.219542
0.699438
0.539564
0.250904
0.159083
0.380794
0.0972356
0.969497
0.479133
0.88819
0.794752
0.447923
0.767736
0.958359
0.584852
0.179202
0.201348
0.240521
0.957631
0.126765
0.914447
0.305709
0.251229
0.110954
0.898279
0.26654
0.850554
0.641195
0.861134
0.829945
0.362633
0.332449
0.738553
0.503797
0.0372176
0.320426
0.420781
0.000195262
0.315733
0.66145
0.506897
0.219169
0.352679
0.681163
0.959243
0.308731
0.0420285
0.138958
0.0959288
0.588616
0.846628
0.326029
0.819624
0.160296
0.389475
0.644238
0.952946
0.0255446
0.109071
0.557015
0.368378
0.876986
0.562756
0.204756
0.816633
0.439789
0.406605
0.484511
0.24315
0.523561
0.381437
0.462253
0.428174
0.633113
0.453918
0.976972
0.200742
0.0881683
0.73045
0.976915
0.68841
0.773412
0.979149
0.173179
0.219424
0.696024
0.130085
0.084783
0.957254
0.938651
0.51322
0.468562
0.203207
0.98869
0.842916
0.869249
0.853711
0.0828902
0.0422461
0.888949
0.766504
0.569141
0.362811
0.465708
0.0144378
0.450594
0.3086
0.579604
0.146028
0.492924
0.496424
0.389106
0.805921
0.451717
0.630199
0.764339
0.292566
0.178259
0.550268
0.857364
0.959906
0.308921
0.129073
0.968963
0.638685
0.813028
0.376761
0.179326
0.513889
0.399589
0.219245
0.555253
0.919254
0.354179
0.210296
0.184107
0.288017
0.13913
0.10044
0.676132
0.740032
0.54513
0.339701
0.389419
0.416932
0.488399
0.838148
0.63963
0.345433
0.0193651
0.716114
0.139625
0.179621
0.716891
0.381999
0.35872
0.229946
0.513458
0.585594
0.290033
0.532516
0.914683
0.583459
0.0660272
0.868529
0.480377
0.163477
0.172072
0.350649
0.919933
0.920272
0.786888
0.90967
0.973961
0.232758
0.544766
0.418795
0.815084
0.219121
0.191183
0.680663
0.568075
0.351478
0.0210764
0.689151
0.94372
0.189414
0.38381
0.798015
0.278992
0.0943659
0.0533946
0.234192
0.511385
0.0401145
0.94564
0.0567347
0.977168
0.431686
0.970702
0.67297
0.25748
0.848016
0.101219
0.590642
0.604612
0.963505
0.780568
0.636218
0.42168
0.67983
0.266475
0.551679
0.656668
0.280305
0.482401
0.0602462
0.277165
0.741969
0.419093
0.249574
0.84208
0.21111
0.484048
0.761708
0.864251
0.0408515
0.736214
0.824052
0.602802
0.148043
0.372046
0.844939
0.231879
0.183088
0.758553
0.0901627
0.255087
0.00143878
0.756541
0.0306717
0.480699
0.0288407
0.966975
0.203154
0.905964
0.642384
0.195081
0.969545
0.20036
0.93318
0.0970333
0.232663
0.00430555
0.929805
0.295194
0.0159299
0.50491
0.269211
0.768927
0.616872
0.403246
0.596934
0.00387639
0.787208
0.794063
0.823245
0.0747785
0.785632
0.140803
0.387225
0.81281
0.120744
0.6044
0.486275
0.642099
0.997417
0.78813
0.88255
0.141327
0.76541
0.463413
0.437491
0.381742
0.628318
0.169897
0.456689
0.504858
0.306613
0.520615
0.724557
0.630626
0.782169
0.528894
0.714924
0.23478
0.423419
0.903789
0.791866
0.713937
0.15924
0.787003
0.64573
0.486321
0.613425
0.234744
0.0919552
0.0784808
0.62679
0.447294
0.513315
0.054328
0.995698
0.537808
0.436773
0.0883174
0.878143
0.887045
0.259994
0.112465
0.714161
0.885602
0.20444
0.325755
0.94781
0.309092
0.865115
0.399561
0.813446
0.550452
0.913674
0.805228
0.168512
0.448984
0.722478
0.597574
0.246328
0.166158
0.0119834
0.884557
0.41187
0.27798
0.650941
0.678807
0.896471
0.453629
0.995264
0.847512
0.147832
0.397036
0.643136
0.845728
0.162316
0.425259
0.185393
0.133589
0.988803
0.584475
0.884932
0.344956
0.747573
0.656707
0.638895
0.00532248
0.952792
0.0401337
0.943551
0.907671
0.840857
0.201115
0.743758
0.0704571
0.685747
0.261344
0.324949
0.851898
0.841638
0.01959
0.0829496
0.515702
0.326608
0.191199
0.841327
0.977848
0.20179
0.413116
0.102168
0.16079
0.579479
0.297114
0.407354
0.295665
0.801608
0.86491
0.0158479
0.505997
0.87566
0.567788
0.998931
0.345663
0.5663
0.938527
0.219427
0.823216
0.264152
0.0592381
0.561066
0.404323
0.753543
0.425877
0.247369
0.0301719
0.862622
0.575666
0.641635
0.215022
0.504833
0.80064
0.0254095
0.589271
0.331621
0.338479
0.455576
0.0406846
0.852934
0.206369
0.811983
0.987073
0.90329
0.0768894
0.949271
0.806227
0.414868
0.694942
0.807784
0.477292
0.00155621
0.86607
0.237608
0.881895
0.474481
0.229809
0.933874
0.709718
0.434271
0.243937
0.526474
0.654275
0.0707375
0.0798445
0.737765
0.619367
0.518518
0.655213
0.311117
0.439969
0.0575008
0.653405
0.78335
0.514669
0.318744
0.10147
0.256106
0.517642
0.887673
0.558568
0.214593
0.680397
0.433191
0.0184865
0.715305
0.0873246
0.0991637
0.724304
0.454314
0.000551928
0.457465
0.85727
0.34054
0.81159
0.142283
0.778711
0.208433
0.108331
0.384963
0.612716
0.655355
0.25139
0.287751
0.554229
0.0925039
0.384775
0.772207
0.623935
0.835507
0.980083
0.891631
0.576097
0.28136
0.754646
0.503023
0.362868
0.240556
0.442339
0.268107
0.689161
0.604163
0.667531
0.428828
0.632872
0.481175
0.72036
0.833114
0.589428
0.466151
0.904127
0.0431917
0.616547
0.984511
0.278017
0.0314847
0.950627
0.874854
0.912122
0.66715
0.54217
0.135166
0.47423
0.84732
0.0723469
0.682534
0.253011
0.377649
0.380632
0.122128
0.170122
0.42197
0.525156
0.928084
0.430687
0.104833
0.939908
0.612178
0.100155
0.466061
0.129432
0.870616
0.874553
0.954753
0.991636
0.298059
0.835706
0.751663
0.778466
0.953442
0.164381
0.882442
0.644453
0.234922
0.140183
0.00776037
0.102717
0.52115
0.711093
0.346146
0.0713476
0.681292
0.298053
0.0168244
0.770948
0.63393
0.0470805
0.516881
0.903326
0.901043
0.595789
0.622391
0.335274
0.782346
0.631659
0.998319
0.119303
0.0605819
0.541003
0.707147
0.951001
0.702169
0.641666
0.830394
0.092182
0.970721
0.626693
0.988142
0.0384499
0.82291
0.594203
0.805844
0.593672
0.975393
0.480774
0.700365
0.00279611
0.155184
0.837957
0.822312
0.0154835
0.779643
0.0867123
0.902007
0.489287
0.630982
0.951492
0.123433
0.8321
0.437062
0.41936
0.234373
0.325006
0.0574433
0.901348
0.850738
0.410413
0.0820202
0.31071
0.506485
0.284715
0.928699
0.439759
0.334044
0.664088
0.294856
0.643554
0.449051
0.117096
0.361835
0.661222
0.991357
0.755599
0.228352
0.0667093
0.394572
0.879072
0.382018
0.889141
0.590192
0.0664554
0.801608
0.333663
0.489971
0.549707
0.678286
0.128188
0.940551
0.986214
0.38262
0.087231
0.335239
0.131498
0.785539
0.194991
0.845673
0.713461
0.433639
0.44598
0.666194
0.995718
0.419692
0.329226
0.330026
0.217007
0.583595
0.0939118
0.861581
0.0897969
0.401977
0.589109
0.794875
0.773139
0.519623
0.733072
0.654316
0.798535
0.254857
0.649777
0.820108
0.0748311
0.954945
0.729477
0.463821
0.7373
0.135985
0.749965
0.836874
0.801409
0.733114
0.565947
0.240978
0.55417
0.298133
0.471864
0.838932
0.742232
0.868844
0.311123
0.629364
0.929306
0.722023
0.79098
0.681496
0.0855345
0.00340124
0.72217
0.596013
0.383689
0.965428
0.39729
0.334677
0.31366
0.367749
0.819369
0.472086
0.245662
0.605946
0.66591
0.714534
0.288478
0.899388
0.803972
0.568416
0.172563
0.926298
0.844984
0.408058
0.565866
0.649051
0.0364536
0.193032
0.986041
0.700008
0.0304161
0.739308
0.745725
0.0411776
0.450437
0.997333
0.253512
0.0817878
0.311555
0.192253
0.744042
0.917274
0.248321
0.114742
0.0344867
0.690962
0.098868
0.211754
0.266137
0.594064
0.00781268
0.530248
0.509391
0.997715
0.0841129
0.847454
0.465272
0.408517
0.424275
0.531353
0.819777
0.0809578
0.535453
0.586234
0.788393
0.399599
0.822018
0.940568
0.372678
0.723091
0.69443
0.0372262
0.34086
0.891828
0.28835
0.116699
0.0981822
0.640903
0.918648
0.889248
0.744586
0.798437
0.817402
0.436774
0.698132
0.423359
0.903489
0.753875
0.419086
0.452192
0.196477
0.132574
0.785168
0.455997
0.818117
0.13824
0.482533
0.699641
0.525822
0.955343
0.985191
0.758138
0.505496
0.859988
0.0499598
0.859818
0.233489
0.179354
0.562616
0.243111
0.0230985
0.722687
0.598368
0.951129
0.230097
0.929623
0.926648
0.433161
0.740412
0.21336
0.27354
0.330426
0.444045
0.731172
0.488111
0.119707
0.961348
0.364647
0.530971
0.565964
0.385917
0.526846
0.760202
0.856096
0.604063
0.742476
0.33337
0.981207
0.611523
0.197815
0.332879
0.503982
0.847689
0.775977
0.269804
0.85916
0.986235
0.845466
0.399408
0.325939
0.844904
0.339743
0.416598
0.787148
0.49895
0.755551
0.874913
0.325926
0.601243
0.629378
0.527708
0.0497004
0.0322516
0.0650142
0.82063
0.685657
0.936483
0.939658
0.222347
0.342417
0.96603
0.689063
0.873868
0.228981
0.070404
0.960478
0.230234
0.382456
0.775007
0.0406571
0.682518
0.867783
0.814681
0.649104
0.459896
0.231482
0.87634
0.486672
0.95428
0.941985
0.604604
0.618139
0.673061
0.324683
0.89168
0.334642
0.654604
0.262634
0.668783
0.296949
0.878225
0.314665
0.208737
0.431054
0.123672
0.501098
0.511953
0.880153
0.199071
0.891799
0.260639
0.17682
0.431565
0.33886
0.575441
0.270156
0.928505
0.732806
0.287062
0.927618
0.152112
0.501382
0.441801
0.851549
0.746632
0.657113
0.499303
0.346436
0.909711
0.44599
0.264604
0.00356802
0.661079
0.935738
0.542188
0.312751
0.53978
0.05774
0.231288
0.762663
0.12067
0.500209
0.928894
0.467369
0.502277
0.228674
0.806458
0.990574
0.958501
0.539244
0.72048
0.3841
0.299114
0.654889
0.254951
0.784193
0.338074
0.648659
0.13012
0.709007
0.0700598
0.582312
0.508459
0.681834
0.706205
0.315205
0.952727
0.3951
0.278093
0.56606
0.816438
0.476394
0.899009
0.0677655
0.753875
0.384964
0.443987
0.579748
0.811499
0.139254
0.00234716
0.119599
0.597615
0.755904
0.251219
0.0201061
0.621406
0.489625
0.335687
0.753003
0.750995
0.441792
0.0161551
0.298719
0.474296
0.812397
0.00840715
0.0630681
0.27379
0.182943
0.504759
0.796723
0.870653
0.633424
0.890178
0.979869
0.685151
0.329912
0.37592
0.979754
0.83504
0.304517
0.542089
0.728719
0.994593
0.539265
0.14282
0.429442
0.0125531
0.931299
0.672806
0.0658124
0.292933
0.248924
0.467588
0.444203
0.439381
0.495408
0.0141015
0.74185
0.819509
0.107866
0.840805
0.696113
0.69386
0.778427
0.152691
0.698936
0.955189
0.259498
0.246282
0.202078
0.823808
0.888246
0.810366
0.496305
0.936409
0.540189
0.272821
0.57654
0.947929
0.819444
0.332022
0.38816
0.243675
0.25403
0.308535
0.179415
0.743487
0.547625
0.721229
0.342118
0.588636
0.221985
0.9396
0.356973
0.159436
0.663514
0.455595
0.0895321
0.2071
0.278252
0.474174
0.494817
0.633623
0.49596
0.519228
0.0391564
0.761003
0.29871
0.623495
0.0611386
0.844646
0.0538717
0.6072
0.563374
0.560594
0.195974
0.79607
0.214887
0.593399
0.935458
0.286983
0.781445
0.0387678
0.102671
0.197115
0.887488
0.786291
0.609012
0.0444074
0.516947
0.4427
0.189165
0.974301
0.518224
0.681565
0.162831
0.596772
0.596847
0.553641
0.224077
0.0121557
0.832371
0.562132
0.752728
0.623319
0.0873322
0.903916
0.0855339
0.651293
0.197684
0.812733
0.543952
0.143351
0.426812
0.430893
0.968211
0.595002
0.178797
0.00625669
0.95018
0.164855
0.719202
0.790882
0.00582906
0.564514
0.930578
0.0434423
0.415631
0.931586
0.69085
0.651623
0.440889
0.875643
0.0304966
0.642179
0.867175
0.114118
0.992186
0.190245
0.323013
0.0332653
0.246505
0.537061
0.281704
0.620461
0.640446
0.744248
0.00440766
0.676488
0.57095
0.626803
0.569862
0.344429
0.452497
0.0962954
0.425525
0.756148
0.622503
0.996579
0.170621
0.125009
0.307086
0.219288
0.346161
0.687622
0.227081
0.244312
0.382013
0.457559
0.00352787
0.466404
0.276798
0.39576
0.635211
0.85436
0.521722
0.0777533
0.34909
0.161484
0.902116
0.655079
0.417302
0.489051
0.517082
0.431756
0.910092
0.328349
0.263239
0.927181
0.599718
0.00791431
0.46738
0.251199
0.601928
0.893343
0.877333
0.00868973
0.0635996
0.776458
0.102242
0.969101
0.970995
0.103587
0.322842
0.226825
0.6248
0.390758
0.878218
0.542953
0.636723
0.124147
0.605718
0.65607
0.54734
0.321108
0.711566
0.393774
0.914635
0.810517
0.846626
0.878201
0.514225
0.16741
0.038563
0.62502
0.13162
0.4985
0.491205
0.1693
0.288493
0.220941
0.02556
0.452785
0.572309
0.311826
0.345096
0.671162
0.443811
0.841606
0.319343
0.858859
0.360702
0.958476
0.272531
0.0908807
0.627951
0.786715
0.734217
0.870729
0.883916
0.269957
0.3719
0.771193
0.843935
0.0667764
0.715605
0.577734
0.605155
0.833424
0.853825
0.585499
0.192646
0.15578
0.300797
0.010136
0.290752
0.974768
0.696875
0.0353097
0.417169
0.447859
0.615851
0.33795
0.791355
0.0715024
0.443162
0.164194
0.423127
0.729199
0.70351
0.488975
0.570066
0.707452
0.220674
0.451125
0.720736
0.123507
0.670359
0.240513
0.160578
0.526995
0.241305
0.707467
0.443317
0.471305
0.772288
0.106871
0.666088
0.804766
0.623156
0.175646
0.243472
0.417761
0.12571
0.924796
0.275005
0.717474
0.42279
0.513907
0.952106
0.610746
0.23784
0.931598
0.572192
0.0876503
0.237726
0.150364
0.406988
0.350228
0.49267
0.335757
0.164728
0.964884
0.651573
0.600887
0.316495
0.782081
0.11018
0.897424
0.818908
0.81828
0.14382
0.769203
0.420705
0.293857
0.914648
0.866285
0.920428
0.334584
0.873392
0.983903
0.545953
0.146986
0.503798
0.766842
0.622444
0.849628
0.969709
0.575888
0.420467
0.569355
0.103891
0.976228
0.536421
0.286441
0.627069
0.16111
0.327698
0.534148
0.526687
0.807283
0.248427
0.131593
0.397828
0.46729
0.820404
0.265306
0.212628
0.889665
0.308759
0.452012
0.616905
0.529623
0.802574
0.136883
0.350388
0.0343508
0.645532
0.237758
0.864798
0.37932
0.307742
0.0730699
0.506329
0.471996
0.59307
0.451893
0.788377
0.960142
0.261213
0.807571
0.0782653
0.373141
0.903709
0.0768403
0.44834
0.93193
0.410246
0.425509
0.206276
0.888393
0.226827
0.167285
0.649323
0.256463
0.440177
0.487945
0.529178
0.589228
0.591667
0.452897
0.433272
0.0097754
0.0659832
0.728607
0.368638
0.145198
0.420737
0.379856
0.0787876
0.726442
0.597763
0.814308
0.553745
0.340853
0.528333
0.638349
0.548761
0.755117
0.125086
0.975054
0.16723
0.115803
0.423928
0.193941
0.365736
0.590973
0.0491565
0.436745
0.000396097
0.2039
0.0429465
0.623881
0.369036
0.949513
0.21322
0.528847
0.447144
0.152608
0.767632
0.155161
0.719807
0.457533
0.340623
0.0913792
0.948384
0.021211
0.278496
0.209291
0.869735
0.26087
0.886424
0.369971
0.916443
0.886581
0.392041
0.479512
0.996304
0.584877
0.742428
0.96475
0.324957
0.427799
0.593177
0.599334
0.63208
0.332409
0.507025
0.588233
0.843105
0.31602
0.461037
0.306991
0.877601
0.165421
0.240166
0.389362
0.523869
0.903534
0.614555
0.668645
0.68707
0.190116
0.770313
0.415295
0.624404
0.786053
0.169472
0.393819
0.253166
0.351898
0.704193
0.409473
0.142427
0.204853
0.00113408
0.559787
0.491873
0.945236
0.311646
0.583988
0.0959136
0.960446
0.347685
0.15733
0.0403708
0.254832
0.416848
0.256189
0.454248
0.527063
0.466002
0.778483
0.0306056
0.268373
0.323706
0.303947
0.947319
0.387291
0.167951
0.487576
0.188292
0.637403
0.637146
0.270921
0.73493
0.248794
0.117257
0.450118
0.531697
0.611758
0.613562
0.642655
0.112237
0.76012
0.757553
0.239726
0.106676
0.534261
0.382636
0.316264
0.0578054
0.610174
0.669882
0.901548
0.794012
0.656253
0.0292396
0.600929
0.49921
0.476024
0.0231467
0.821307
0.262268
0.520853
0.108112
0.213373
0.676987
0.176274
0.583783
0.232294
0.613922
0.95964
0.685493
0.671943
0.931089
0.592323
0.49112
0.788364
0.184686
0.859826
0.460861
0.244885
0.61487
0.437402
0.682645
0.0391706
0.30553
0.282775
0.918449
0.172823
0.659962
0.783367
0.468635
0.864582
0.624022
0.25107
0.792132
0.262458
0.571297
0.397794
0.308323
0.958432
0.806208
0.570161
0.398833
0.13789
0.324847
0.399014
0.330035
0.297456
0.102376
0.41195
0.604525
0.437986
0.771563
0.504277
0.565437
0.189472
0.359653
0.0614903
0.333433
0.0626133
0.719306
0.22636
0.233298
0.965554
0.601483
0.214317
0.614975
0.197553
0.870451
0.766451
0.710867
0.664168
0.268654
0.51075
0.184529
0.287332
0.236198
0.0562764
0.0712442
0.150939
0.628654
0.604835
0.61303
0.377188
0.529484
0.419974
0.242828
0.0259016
0.709735
0.989418
0.836941
0.309811
0.356735
0.65632
0.96216
0.390821
0.403182
0.0351901
0.794096
0.139487
0.784587
0.984488
0.74423
0.0823466
0.101884
0.250333
0.642397
0.815691
0.051034
0.251577
0.0845449
0.322487
0.405432
0.628766
0.747354
0.69016
0.821334
0.0677713
0.0349776
0.89607
0.0215467
0.128799
0.270913
0.7159
0.457366
0.115006
0.160662
0.935589
0.0307865
0.810317
0.778024
0.333565
0.274982
0.767663
0.68794
0.177011
0.156065
0.957481
0.798867
0.980076
0.707269
0.368837
0.393578
0.145835
0.59063
0.625222
0.743663
0.906299
0.672472
0.0233295
0.463236
0.140906
0.287765
0.471657
0.963447
0.555087
0.263729
0.598595
0.162378
0.104159
0.402578
0.474879
0.0841976
0.127898
0.13358
0.767434
0.715558
0.497716
0.800865
0.181389
0.0131799
0.157686
0.639608
0.381312
0.280259
0.155421
0.212118
0.494793
0.225359
0.907717
0.948417
0.230773
0.329189
0.734122
0.7034
0.687176
0.084206
0.230375
0.863505
0.329473
0.12016
0.860714
0.687862
0.301935
0.0352273
0.147047
0.148457
0.250944
0.235436
0.354149
0.65635
0.915651
0.532008
0.849543
0.560247
0.752291
0.41265
0.997327
0.232597
0.337918
0.513562
0.07554
0.688281
0.936593
0.0671317
0.241988
0.00215796
0.751884
0.148263
0.874936
0.0131889
0.535836
0.0207288
0.95043
0.852316
0.534567
0.393602
0.660985
0.355228
0.538831
0.00491742
0.811064
0.28482
0.0448562
0.692521
0.12952
0.0755098
0.343607
0.49626
0.41055
0.325418
0.528433
0.836038
0.131527
0.0241398
0.881354
0.369985
0.103428
0.253747
0.462659
0.668385
0.898805
0.297701
0.739103
0.722696
0.790892
0.414275
0.150829
0.89483
0.149362
0.374384
0.200846
0.0179661
0.503528
0.843575
0.173998
0.773888
0.538691
0.138423
0.33195
0.448796
0.278572
0.361335
0.41993
0.93456
0.674992
0.686346
0.749224
0.0886518
0.230417
0.122114
0.832539
0.955753
0.480887
0.625929
0.549148
0.0180296
0.933825
0.411962
0.761518
0.679019
0.0610902
0.834576
0.0092813
0.166243
0.272478
0.698628
0.840689
0.497217
0.424993
0.337232
0.133008
0.0983372
0.751247
0.6062
0.684927
0.070701
0.415044
0.094777
0.875305
0.404802
0.9287
0.584624
0.369345
0.06912
0.00627072
0.0622131
0.967334
0.716952
0.0971382
0.581642
0.640747
0.620896
0.769238
0.881827
0.650212
0.673611
0.620598
0.999348
0.110196
0.17393
0.7282
0.0198499
0.33341
0.404957
0.437004
0.629594
0.286858
0.430076
0.0981384
0.0360154
0.210786
0.277106
0.138818
0.11217
0.237125
0.912405
0.448859
0.993761
0.197368
0.756277
0.767281
0.746726
0.889343
0.558256
0.721239
0.774687
0.192555
0.304088
0.988498
0.214045
0.553285
0.502575
0.210205
0.254245
0.630483
0.205779
0.665354
0.924391
0.0848652
0.925012
0.130941
0.926477
0.545902
0.160896
0.997449
0.310235
0.3004
0.480726
0.699311
0.634008
0.963967
0.331186
0.371912
0.417804
0.731044
0.418859
0.784411
0.565326
0.314934
0.343223
0.851212
0.626491
0.606872
0.0140834
0.130622
0.624767
0.779825
0.483472
0.819722
0.237267
0.0714131
0.395659
0.898503
0.661467
0.99071
0.0012719
0.71906
0.0208696
0.0512289
0.254872
0.838297
0.86191
0.33933
0.0504412
0.022877
0.603624
0.941518
0.245758
0.786787
0.86656
0.290359
0.352926
0.635007
0.793377
0.317502
0.165453
0.367694
0.864412
0.550685
0.158176
0.740576
0.610142
0.242708
0.209539
0.777753
0.0501798
0.713673
0.49964
0.797876
0.885629
0.419082
0.744208
0.355064
0.397178
0.0774321
0.115032
0.829506
0.832998
0.410193
0.121067
0.253263
0.704821
0.728721
0.699721
0.454507
0.962712
0.46762
0.0818775
0.984517
0.323021
0.689165
0.402878
0.198883
0.13256
0.101932
0.259532
0.846294
0.836634
0.938062
0.653693
0.530151
0.369434
0.463531
0.178022
0.311316
0.311443
0.456126
0.520265
0.782218
0.387655
0.834897
0.988163
0.337054
0.459056
0.0770984
0.856445
0.670122
0.453154
0.0846725
0.94731
0.240576
0.271419
0.889222
0.482211
0.439868
0.405006
0.795296
0.3603
0.28652
0.306543
0.196163
0.570823
0.856765
0.245372
0.949749
0.345307
0.450407
0.875367
0.627053
0.281289
0.206437
0.746027
0.549308
0.37233
0.946465
0.885573
0.877869
0.477385
0.265802
0.994279
0.333013
0.0434644
0.0485925
0.0414901
0.77149
0.114706
0.797089
0.713165
0.880892
0.0431452
0.485041
0.480126
0.841307
0.554977
0.526124
0.540438
0.806824
0.582983
0.251841
0.741685
0.473376
0.682058
0.786829
0.237973
0.483228
0.99984
0.0669709
0.228815
0.784646
0.246844
0.0470873
0.0277968
0.78862
0.437253
0.876686
0.00219106
0.869916
0.358463
0.376827
0.913109
0.730371
0.749311
0.827422
0.890858
0.8177
0.466943
0.577374
0.942214
0.468881
0.91255
0.931096
0.464187
0.975312
0.547728
0.161838
0.910438
0.255654
0.315466
0.278616
0.418084
0.336019
0.501156
0.659487
0.969688
0.0966277
0.316667
0.0958477
0.371502
0.626205
0.0202778
0.812782
0.0274323
0.563426
0.421716
0.188237
0.950152
0.688077
0.358086
0.143932
0.666478
0.0990271
0.32519
0.384745
0.352642
0.0834922
0.540497
0.0885473
0.604056
0.400673
0.898442
0.468716
0.350184
0.487107
0.62413
0.427159
0.433295
0.0116732
0.975084
0.772722
0.864315
0.392077
0.588196
0.0910854
0.552318
0.115089
0.49513
0.116427
0.89798
0.919159
0.377506
0.577322
0.785764
0.696093
0.215293
0.0809075
0.663646
0.100118
0.478879
0.177846
0.240685
0.726163
0.776851
0.739883
0.258021
0.898929
0.215934
0.0119106
0.413337
0.821051
0.444026
0.907711
0.176259
0.439337
0.687504
0.445629
0.475541
0.93584
0.284782
0.715981
0.339438
0.424932
0.952644
0.891334
0.0188449
0.0842042
0.962433
0.894994
0.127426
0.567946
0.680418
0.19991
0.32188
0.805315
0.640453
0.513357
0.165131
0.985582
0.035417
0.892502
0.430874
0.150683
0.774344
0.11838
0.303464
0.977762
0.0601642
0.323697
0.00541599
0.324534
0.773408
0.221924
0.36724
0.367729
0.243323
0.526482
0.981164
0.78515
0.661771
0.89078
0.810565
0.66707
0.327836
0.959995
0.638307
0.600953
0.95196
0.827647
0.42614
0.719236
0.71587
0.664274
0.639198
0.153901
0.965847
0.768184
0.698259
0.180792
0.0676796
0.42192
0.0106723
0.894128
0.796741
0.271616
0.270154
0.217132
0.869225
0.434789
0.896196
0.773576
0.00290318
0.0467833
0.314675
0.119529
0.85862
0.744545
0.190091
0.222683
0.95673
0.832492
0.353175
0.192936
0.25422
0.159077
0.89067
0.0830385
0.545363
0.540499
0.260815
0.219042
0.717403
0.792532
0.171275
0.770237
0.627432
0.871369
0.827375
0.0666799
0.910807
0.484872
0.767756
0.114983
0.297143
0.927954
0.311003
0.601721
0.378048
0.337607
0.3181
0.816841
0.590919
0.478133
0.928201
0.941223
0.273667
0.385521
0.764489
0.24384
0.793246
0.457976
0.166716
0.301623
0.21228
0.0199511
0.84018
0.422487
0.957407
0.058371
0.188834
0.208397
0.183653
0.187348
0.0132291
0.486539
0.653241
0.302681
0.410974
0.664627
0.0956526
0.607564
0.0461749
0.589261
0.288054
0.399891
0.601303
0.0185615
0.0597537
0.289532
0.555401
0.33268
0.618308
0.347198
0.530475
0.725272
0.0240287
0.467663
0.616025
0.128691
0.278673
0.257925
0.341446
0.965124
0.786267
0.740545
0.557758
0.580705
0.301541
0.705109
0.372675
0.161851
0.785119
0.66418
0.634285
0.960857
0.684052
0.998063
0.174898
0.835585
0.369876
0.335226
0.223344
0.156593
0.0811992
0.748653
0.904984
0.9313
0.48976
0.595421
0.626763
0.0718325
0.662548
0.336
0.161296
0.780674
0.9213
0.396538
0.38935
0.391677
0.06658
0.942767
0.643276
0.185475
0.267622
0.585951
0.342632
0.856008
0.220675
0.713133
0.773892
0.753147
0.0162287
0.906092
0.304036
0.736119
0.566223
0.272021
0.616901
0.57035
0.932033
0.34676
0.524227
0.0698641
0.937336
0.347098
0.0517596
0.567787
0.990211
0.147479
0.574934
0.384628
0.988115
0.549511
0.237381
0.509722
0.918604
0.71778
0.406683
0.123765
0.647423
0.496287
0.901773
0.434193
0.222191
0.526488
0.780488
0.79096
0.601586
0.396772
0.937978
0.574969
0.30235
0.606818
0.189637
0.938316
0.264439
0.977425
0.167566
0.313907
0.96138
0.73226
0.737347
0.547781
0.0905973
0.183776
0.951328
0.542433
0.197984
0.538953
0.223148
0.0918681
0.42186
0.475251
0.582635
0.953439
0.752149
0.903452
0.915472
0.608449
0.328086
0.718075
0.0923209
0.239988
0.348084
0.730478
0.150045
0.485718
0.112902
0.683384
0.224792
0.944769
0.0116366
0.963469
0.993266
0.327276
0.301079
0.972147
0.913418
0.784354
0.203808
0.101434
0.746886
0.253573
0.00838747
0.815429
0.589146
0.664863
0.81475
0.78882
0.0449066
0.294832
0.61624
0.638023
0.0995945
0.310721
0.302852
0.140812
0.705709
0.141838
0.632405
0.525375
0.8968
0.445795
0.441249
0.374675
0.352065
0.444863
0.515558
0.798235
0.470088
0.796244
0.249338
0.0384714
0.0987626
0.0872935
0.0754409
0.776369
0.756455
0.827011
0.739607
0.661666
0.332201
0.409364
0.831848
0.502168
0.454157
0.0789732
0.100317
0.997849
0.768418
0.218723
0.424678
0.696907
0.796108
0.241312
0.86233
0.188015
0.575626
0.598401
0.813761
0.53687
0.408013
0.673783
0.463577
0.143516
0.384428
0.00905313
0.591138
0.963525
0.382029
0.986116
0.427426
0.23104
0.483517
0.981211
0.249992
0.181371
0.640137
0.486859
0.111437
0.937646
0.410743
0.804566
0.71337
0.749027
0.0422042
0.831566
0.6607
0.602098
0.499072
0.0451706
0.822363
0.233605
0.512152
0.0303045
0.415229
0.519453
0.724048
0.457754
0.817357
0.775345
0.711436
0.117027
0.573583
0.759037
0.423985
0.909174
0.11748
0.0989578
0.482447
0.238438
0.405138
0.881674
0.126232
0.290372
0.912342
0.510058
0.415288
0.687567
0.731166
0.400217
0.812448
0.0680007
0.226647
0.229535
0.459734
0.487331
0.760101
0.298142
0.492959
0.113253
0.202251
0.0456639
0.510055
0.52195
0.665129
0.20416
0.934844
0.744219
0.363719
0.703197
0.333734
0.91916
0.532442
0.916523
0.800539
0.529448
0.592405
0.700647
0.0959591
0.403734
0.48626
0.878884
0.303335
0.324205
0.430596
0.231424
0.0501706
0.672928
0.911941
0.930278
0.773274
0.247255
0.171207
0.881411
0.720738
0.487007
0.751241
0.185009
0.251528
0.854821
0.960028
0.385082
0.0972662
0.123122
0.834016
0.24391
0.393491
0.629697
0.846493
0.244136
0.990841
0.108357
0.138398
0.0966625
0.560401
0.0773333
0.365429
0.327146
0.770919
0.727868
0.736709
0.045557
0.0164148
0.207015
0.816233
0.695631
0.207395
0.696601
0.987101
0.764277
0.622687
0.97512
0.927391
0.841435
0.085762
0.588142
0.271168
0.201003
0.332099
0.378731
0.0532719
0.272231
0.644139
0.131871
0.255488
0.443325
0.137892
0.311734
0.44657
0.946443
0.699274
0.319609
0.270296
0.883156
0.916586
0.0318541
0.483792
0.435814
0.584524
0.405595
0.951224
0.0530575
0.830145
0.135892
0.992648
0.883308
0.71615
0.33864
0.78028
0.351063
0.614491
0.301787
0.0391925
0.825993
0.735138
0.932944
0.589964
0.529316
0.181058
0.729931
0.679053
0.766989
0.740098
0.164082
0.459665
0.292528
0.495189
0.20249
0.261067
0.00754406
0.132679
0.369309
0.736212
0.635467
0.669795
0.978329
0.893118
0.689716
0.0402699
0.836334
0.150674
0.644388
0.624802
0.352472
0.638972
0.252142
0.161636
0.282372
0.18127
0.395533
0.51252
0.63281
0.911374
0.565772
0.199494
0.0552943
0.927449
0.304509
0.39617
0.523174
0.360666
0.893454
0.799875
0.531321
0.812954
0.813579
0.393435
0.450636
0.329664
0.506667
0.111514
0.138747
0.425919
0.649579
0.658988
0.2363
0.654518
0.294668
0.709322
0.704794
0.731774
0.0434129
0.17957
0.68262
0.237764
0.0157806
0.69441
0.402742
0.759966
0.272735
0.392306
0.136652
0.403763
0.967498
0.288925
0.469088
0.668258
0.67267
0.111537
0.887435
0.568196
0.79151
0.187397
0.065533
0.828577
0.855114
0.161578
0.367058
0.212292
0.881757
0.307081
0.178216
0.256118
0.285338
0.462412
0.548784
0.54892
0.428015
0.398184
0.276641
0.318687
0.585371
0.102431
0.671922
0.601679
0.50453
0.230721
0.597371
0.215926
0.966782
0.156956
0.471984
0.689607
0.802599
0.768077
0.372603
0.208378
0.0412334
0.673373
0.455979
0.519105
0.608032
0.868241
0.0913447
0.00401353
0.915348
0.343338
0.43653
0.231154
0.438801
0.622027
0.960963
0.0751352
0.947158
0.919594
0.524818
0.835899
0.385202
0.443452
0.129485
0.981259
0.824587
0.409575
0.0812103
0.488153
0.634262
0.470798
0.934077
0.0138457
0.722143
0.490073
0.733722
0.0163537
0.912102
0.717763
0.458738
0.656465
0.200173
0.436845
0.498322
0.0139916
0.642417
0.732443
0.014289
0.469223
0.231768
0.150162
0.271401
0.636526
0.496173
0.277755
0.796348
0.0590068
0.275579
0.581892
0.513555
0.0182654
0.69709
0.740284
0.932039
0.78735
0.658522
0.0318445
0.805172
0.932695
0.949428
0.60536
0.393768
0.795439
0.690568
0.380684
0.128115
0.966207
0.16904
0.40458
0.838473
0.791026
0.904473
0.363853
0.214159
0.0591735
0.325624
0.0478086
0.323352
0.844752
0.596564
0.465535
0.0996298
0.789801
0.643534
0.395062
0.0541084
0.183601
0.440353
0.923827
0.137053
0.235156
0.160496
0.304557
0.83939
0.646963
0.352969
0.687854
0.138419
0.640288
0.207998
0.211535
0.755121
0.0859962
0.0151208
0.954714
0.0610278
0.460295
0.754095
0.548359
0.665041
0.53973
0.478475
0.138728
0.695683
0.611732
0.738816
0.00972623
0.698823
0.511581
0.140053
0.787577
0.178343
0.978683
0.534311
0.79769
0.556736
0.0976722
0.0214579
0.0595237
0.820169
0.365348
0.476337
0.549575
0.589879
0.0836123
0.761437
0.913029
0.737217
0.170949
0.040628
0.657691
0.997607
0.429092
0.0134881
0.13468
0.059885
0.0842741
0.67715
0.133138
0.188837
0.799911
0.0359281
0.743445
0.113517
0.0541271
0.567191
0.04684
0.371508
0.98478
0.170041
0.158902
0.885418
0.688471
0.632698
0.899314
0.764534
0.149466
0.622625
0.808172
0.32985
0.0690099
0.00422416
0.026525
0.46919
0.933596
0.50246
0.570923
0.611422
0.739449
0.843281
0.342563
0.991926
0.38566
0.405934
0.623897
0.248589
0.334666
0.916888
0.350706
0.678191
0.6595
0.00523765
0.846036
0.292836
0.964492
0.636517
0.422816
0.89693
0.260789
0.0632845
0.982388
0.165422
0.0498013
0.400615
0.852866
0.708001
0.434746
0.0826744
0.23958
0.5724
0.830085
0.0193302
0.133752
0.94981
0.0265857
0.39175
0.897766
0.0299723
0.220666
0.752009
0.287416
0.202077
0.823896
0.878984
0.873554
0.956023
0.0942167
0.0525173
0.896643
0.908697
0.00541144
0.807646
0.955523
0.0200594
0.395182
0.494346
0.742775
0.0882499
0.873364
0.175899
0.658576
0.492569
0.767257
0.536958
0.646946
0.514787
0.536819
0.933167
0.30545
0.696155
0.582984
0.79676
0.243272
0.0191042
0.641171
0.021848
0.0433398
0.334633
0.411084
0.300537
0.980832
0.640787
0.604167
0.684113
0.0406831
0.462606
0.0410622
0.826167
0.657093
0.753886
0.121593
0.756759
0.0837841
0.156849
0.206163
0.874836
0.228834
0.994175
0.945978
0.772787
0.205038
0.562181
0.104695
0.0709897
0.527438
0.8335
0.119399
0.596558
0.824148
0.908314
0.716255
0.850654
0.823818
0.976827
0.956725
0.0401134
0.170832
0.330507
0.743355
0.175745
0.944087
0.400158
0.128353
0.441421
0.482106
0.875678
0.78044
0.701432
0.830438
0.802577
0.18173
0.531036
0.629378
0.936951
0.0212746
0.325561
0.0725593
0.513248
0.768689
0.0718433
0.43016
0.533459
0.462152
0.363626
0.00329063
0.474284
0.71087
0.727275
0.936331
0.338519
0.142371
0.719682
0.458048
0.812977
0.838218
0.396589
0.465495
0.158167
0.48491
0.363109
0.240937
0.721945
0.275778
0.851488
0.0540862
0.67333
0.259202
0.173024
0.721326
0.883358
0.531786
0.916584
0.360467
0.682767
0.0844228
0.776649
0.802988
0.503443
0.355212
0.656903
0.833409
0.820222
0.725649
0.384847
0.763813
0.166099
0.88374
0.0688131
0.185917
0.768072
0.706774
0.817536
0.157436
0.169469
0.0933006
0.6165
0.876486
0.351068
0.973015
0.913603
0.0989699
0.776956
0.988114
0.614281
0.399504
0.567617
0.482352
0.33442
0.825428
0.894196
0.335336
0.925772
0.72358
0.602347
0.68922
0.397021
0.42724
0.076118
0.0512085
0.734112
0.191239
0.162571
0.905237
0.0124119
0.090659
0.473267
0.585812
0.233167
0.60549
0.0925414
0.480789
0.0564994
0.0716961
0.34418
0.831254
0.997831
0.0784091
0.143262
0.647707
0.565522
0.940578
0.0906432
0.193388
0.512236
0.503985
0.0119231
0.697313
0.0248557
0.391602
0.41527
0.519849
0.867907
0.242073
0.313864
0.939572
0.709498
0.106594
0.155899
0.567473
0.98958
0.762418
0.0112921
0.598068
0.536508
0.79106
0.618893
0.619858
0.904615
0.59733
0.996823
0.442015
0.20411
0.570465
0.813507
0.731105
0.542641
0.988686
0.0162237
0.540498
0.519143
0.439938
0.882051
0.874455
0.335268
0.0895371
0.913573
0.045621
0.753969
0.404065
0.225684
0.0148339
0.481402
0.492751
0.293393
0.37022
0.625938
0.324274
0.343207
0.802003
0.151906
0.208662
0.118107
0.522292
0.0569186
0.309712
0.230361
0.196272
0.128063
0.000881935
0.495538
0.692266
0.247397
0.743324
0.329648
0.891459
0.401473
0.213971
0.959969
0.460734
0.789075
0.728245
0.475834
0.890017
0.108754
0.888825
0.911619
0.203236
0.541858
0.870459
0.0498188
0.0129811
0.83258
0.0612237
0.553228
0.415193
0.815578
0.882031
0.633669
0.492625
0.771345
0.676079
0.648747
0.764044
0.023749
0.495092
0.85218
0.0984438
0.56288
0.524577
0.727996
0.697145
0.416108
0.620108
0.791403
0.48733
0.643417
0.0234646
0.972431
0.392966
0.74864
0.562824
0.402159
0.646528
0.931148
0.505374
0.941048
0.73961
0.814243
0.432632
0.626636
0.413187
0.344459
0.976184
0.531717
0.85865
0.634157
0.630987
0.628753
0.10709
0.19811
0.0200092
0.12212
0.463788
0.799697
0.50182
0.464039
0.303331
0.866344
0.694543
0.695774
0.0527962
0.955829
0.856793
0.792353
0.699488
0.260091
0.859064
0.932428
0.577705
0.732537
0.156587
0.816873
0.897044
0.636167
0.414541
0.728498
0.822187
0.556922
0.635253
0.525332
0.719557
0.0395441
0.409888
0.411987
0.236548
0.718399
0.598056
0.51456
0.430311
0.275481
0.880496
0.0276859
0.439754
0.811319
0.504065
0.196996
0.889917
0.716518
0.634825
0.492287
0.994382
0.243804
0.263122
0.0178775
0.309556
0.470012
0.99191
0.155348
0.394371
0.878524
0.432665
0.454416
0.808308
0.465133
0.697263
0.350886
0.476945
0.06061
0.693273
0.0233375
0.473237
0.86391
0.906758
0.885722
0.679059
0.289837
0.112609
0.290741
0.0486253
0.859127
0.227699
0.0844833
0.705189
0.608676
0.275846
0.958316
0.746007
0.3926
0.343374
0.997553
0.257297
0.404766
0.366495
0.492532
0.969367
0.61052
0.722008
0.677038
0.49927
0.765793
0.724905
0.468487
0.990109
0.968292
0.323147
0.0371883
0.887111
0.776749
0.292599
0.817692
0.784151
0.805486
0.0641
0.739497
0.89267
0.213954
0.668928
0.499132
0.358696
0.932214
0.096189
0.779074
0.982648
0.96723
0.262415
0.755542
0.949017
0.301469
0.665154
0.997685
0.986139
0.211011
0.212502
0.0718829
0.455777
0.187636
0.492181
0.610189
0.692909
0.847172
0.38829
0.220621
0.42118
0.449622
0.211618
0.00493343
0.171142
0.0567975
0.839196
0.35846
0.707457
0.427732
0.438572
0.564999
0.877332
0.925049
0.578339
0.0317594
0.843935
0.806621
0.51416
0.0559984
0.152501
0.0427706
0.522809
0.152974
0.749176
0.372369
0.888331
0.237485
0.157915
0.7404
0.795826
0.527992
0.212396
0.999925
0.449759
0.778836
0.69992
0.174231
0.414185
0.344348
0.133622
0.427854
0.899425
0.296808
0.727563
0.861989
0.640201
0.172879
0.0747598
0.410543
0.489122
0.380799
0.558076
0.454192
0.970772
0.490421
0.164011
0.683726
0.108219
0.833172
0.0943506
0.529645
0.866985
0.49879
0.823774
0.837362
0.801621
0.0258118
0.444971
0.0179581
0.896119
0.0953032
0.157424
0.660647
0.338994
0.260453
0.441381
0.478843
0.963673
0.242719
0.133107
0.807108
0.429921
0.319089
0.568228
0.907473
0.756496
0.691539
0.942878
0.723447
0.591744
0.00215556
0.781936
0.987084
0.39887
0.0251818
0.0933038
0.694003
0.52651
0.375967
0.589012
0.774495
0.64183
0.328639
0.898834
0.573402
0.150473
0.687248
0.589603
0.68114
0.661817
0.423779
0.102011
0.313172
0.1443
0.451395
0.463283
0.301681
0.738131
0.569556
0.334814
0.733791
0.0541515
0.0824586
0.0830595
0.144226
0.709525
0.792966
0.0631612
0.151866
0.573492
0.606662
0.0900407
0.63061
0.178616
0.596644
0.521831
0.442804
0.672537
0.487574
0.845216
0.862163
0.938676
0.681605
0.949811
0.902575
0.716894
0.389923
0.196278
0.585848
0.0406958
0.528689
0.176297
0.867861
0.629038
0.820324
0.95639
0.547588
0.2995
0.199855
0.285307
0.462068
0.495881
0.00706941
0.388306
0.984076
0.856033
0.550554
0.702121
0.0554079
0.812814
0.117394
0.321209
0.381284
0.668805
0.18697
0.597475
0.0604509
0.779181
0.959532
0.799152
0.817381
0.500842
0.957018
0.995671
0.530241
0.722294
0.678142
0.368926
0.209683
0.0993467
0.531557
0.400527
0.684287
0.82667
0.625553
0.261716
0.599741
0.833629
0.712347
0.118284
0.958437
0.882303
0.577581
0.806836
0.237609
0.0627353
0.495867
0.759355
0.457845
0.740382
0.761513
0.437369
0.665789
0.947556
0.62719
0.641022
0.787943
0.576987
0.775181
0.60648
0.255322
0.303053
0.395675
0.990915
0.146544
0.914893
0.399856
0.829685
0.710907
0.404613
0.754339
0.966358
0.280886
0.640719
0.546061
0.902324
0.938931
0.41838
0.487315
0.557386
0.44665
0.979294
0.120185
0.112988
0.361714
0.318795
0.104924
0.431476
0.851674
0.549176
0.461136
0.982604
0.263226
0.787416
0.413424
0.705782
0.225292
0.222925
0.170096
0.705413
0.0660171
0.655461
0.286606
0.497872
0.124941
0.552779
0.642766
0.0520141
0.566006
0.958374
0.0589749
0.90872
0.374855
0.997058
0.412298
0.0161564
0.091279
0.614066
0.165331
0.83195
0.627407
0.0946688
0.522491
0.945946
0.302955
0.117352
0.169144
0.661015
0.445819
0.0847271
0.574588
0.296608
0.920668
0.461462
0.152204
0.581298
0.527709
0.255428
0.827398
0.475939
0.032133
0.753353
0.580582
0.6868
0.7221
0.530874
0.779256
0.525056
0.835754
0.682936
0.217049
0.651327
0.338269
0.466713
0.0216884
0.586055
0.667145
0.137147
0.417649
0.111861
0.902962
0.925021
0.828459
0.254644
0.974919
0.818198
0.230214
0.286963
0.993262
0.236
0.930011
0.999844
0.538047
0.73117
0.105186
0.655863
0.0555523
0.628639
0.222147
0.854277
0.656525
0.849482
0.734188
0.764081
0.216743
0.124628
0.769116
0.53761
0.299058
0.147635
0.549366
0.399163
0.00213689
0.939403
0.385093
0.0721547
0.255927
0.508966
0.74659
0.495373
0.594996
0.721318
0.3144
0.783638
0.22213
0.772049
0.338208
0.178895
0.806086
0.684535
0.0795899
0.351629
0.425378
0.372684
0.696089
0.355326
0.267176
0.853373
0.427902
0.283098
0.91545
0.669326
0.313301
0.169018
0.520677
0.235398
0.480381
0.829066
0.945887
0.108132
0.092826
0.529001
0.648293
0.777728
0.674306
0.948289
0.00592956
0.889677
0.364308
0.699008
0.864781
0.435552
0.888386
0.443399
0.000102614
0.742744
0.0348928
0.689315
0.0986077
0.594051
0.251527
0.853924
0.824744
0.791467
0.797812
0.865885
0.989487
0.434447
0.559779
0.0870691
0.155282
0.320429
0.152432
0.80749
0.953507
0.622076
0.962428
0.101148
0.63499
0.498231
0.132065
0.994267
0.999734
0.918942
0.626992
0.228033
0.845398
0.813356
0.0909259
0.401371
0.827905
0.985354
0.454244
0.929957
0.440517
0.107033
0.669198
0.499124
0.395008
0.734837
0.588191
0.932525
0.641458
0.656183
0.135225
0.526305
0.609256
0.143619
0.45226
0.759725
0.914999
0.765348
0.696468
0.205946
0.0931746
0.390615
0.341803
0.718267
0.0990975
0.769901
0.075895
0.313251
0.0532137
0.615941
0.214319
0.337518
0.490307
0.233671
0.668091
0.682974
0.201495
0.435564
0.242649
0.167811
0.472497
0.442491
0.919428
0.358825
0.396028
0.636872
0.932721
0.673884
0.143246
0.051024
0.219225
0.640226
0.198906
0.204479
0.156242
0.731692
0.0837054
0.933588
0.543895
0.771958
0.897719
0.987755
0.310069
0.945804
0.919721
0.920563
0.363676
0.949967
0.693609
0.921135
0.987821
0.651104
0.636411
0.17032
0.901588
0.181861
0.7301
0.745397
0.0356202
0.0464925
0.735389
0.432458
0.726876
0.343331
0.420046
0.652702
0.662672
0.429751
0.263243
0.40153
0.870231
0.511979
0.12372
0.190283
0.388729
0.961745
0.491865
0.741245
0.165708
0.337783
0.639315
0.107309
0.0343173
0.784599
0.595647
0.177555
0.354301
0.824624
0.187768
0.616528
0.695913
0.652496
0.047541
0.314832
0.626727
0.450095
0.607089
0.766927
0.697111
0.505182
0.645412
0.522755
0.738049
0.0409734
0.317021
0.285745
0.868125
0.623307
0.0820819
0.372348
0.594353
0.249541
0.273104
0.347774
0.179822
0.151171
0.786903
0.667981
0.291752
0.841123
0.59989
0.267028
0.744787
0.856439
0.393662
0.128024
0.98059
0.305978
0.876278
0.0804161
0.496765
0.0178907
0.629064
0.210161
0.632786
0.548883
0.141625
0.405224
0.471152
0.291226
0.668001
0.458286
0.807835
0.587525
0.599517
0.801762
0.533027
0.299463
0.0662566
0.0662034
0.843067
0.306
0.716744
0.159693
0.635548
0.528417
0.258267
0.109264
0.536341
0.362505
0.948285
0.351132
0.240373
0.879269
0.296989
0.0883978
0.344424
0.340495
0.664751
0.555736
0.393078
0.939181
0.0149037
0.0618788
0.387896
0.160351
0.016984
0.262598
0.120382
0.677425
0.0996098
0.708501
0.133477
0.633809
0.443195
0.990886
0.302327
0.858468
0.704448
0.171725
0.517283
0.846158
0.307214
0.245763
0.971366
0.984943
0.154014
0.477698
0.477564
0.791433
0.752154
0.138236
0.101651
0.0424036
0.0563997
0.70091
0.383074
0.36357
0.26198
0.447195
0.375662
0.714282
0.698441
0.869624
0.673299
0.421725
0.644176
0.689012
0.151596
0.069407
0.977204
0.859053
0.169334
0.200692
0.179903
0.984678
0.903829
0.995963
0.31041
0.213638
0.969307
0.827587
0.533768
0.176558
0.770023
0.864729
0.970415
0.970628
0.609786
0.133707
0.67349
0.746479
0.512337
0.050942
0.100871
0.125526
0.254717
0.315696
0.520481
0.623931
0.186494
0.0280862
0.302089
0.385831
0.0660099
0.302896
0.33555
0.947823
0.111291
0.76843
0.110619
0.302839
0.614951
0.927984
0.939651
0.257297
0.342482
0.144081
0.950493
0.752175
0.211226
0.17574
0.777784
0.43675
0.778766
0.918841
0.198046
0.0520312
0.356394
0.900031
0.554872
0.0273026
0.26397
0.755105
0.879165
0.763982
0.171237
0.451793
0.705646
0.241557
0.598313
0.43156
0.207287
0.414605
0.601499
0.651093
0.306249
0.180626
0.233001
0.176394
0.672409
0.00696897
0.474082
0.464018
0.19351
0.351992
0.596192
0.667224
0.705825
0.259442
0.05588
0.610421
0.0284994
0.623878
0.484738
0.832948
0.0722757
0.015116
0.659968
0.131269
0.824222
0.22642
0.7549
0.114186
0.0806151
0.2085
0.0489788
0.684572
0.0529707
0.322054
0.6566
0.297975
0.456096
0.157004
0.903052
0.016609
0.857095
0.0171058
0.579558
0.43887
0.28179
0.763085
0.44984
0.670406
0.107627
0.47372
0.716039
0.71257
0.793629
0.468801
0.49661
0.546148
0.0884072
0.00584363
0.193715
0.319694
0.0030168
0.497858
0.55958
0.418442
0.429074
0.705115
0.593514
0.766302
0.122885
0.0511025
0.553188
0.943094
0.568465
0.242089
0.441132
0.994244
0.587556
0.689791
0.582096
0.0512725
0.500682
0.0253673
0.247225
0.918406
0.0836908
0.146787
0.77127
0.9317
0.839301
0.875796
0.970114
0.949402
0.449093
0.249236
0.774594
0.0417136
0.330867
0.785002
0.386181
0.0392586
0.548053
0.517102
0.620041
0.765795
0.857063
0.17715
0.776945
0.684096
0.296405
0.320316
0.879477
0.455391
0.685606
0.379933
0.578146
0.151832
0.886391
0.233152
0.793806
0.636589
0.263157
0.735367
0.184991
0.974376
0.950918
0.417803
0.939178
0.162437
0.18922
0.943131
0.96904
0.45281
0.90869
0.499974
0.287621
0.0144386
0.168202
0.828764
0.73604
0.570493
0.0462267
0.467696
0.0954845
0.322992
0.707526
0.766141
0.340354
0.293054
0.0196481
0.630401
0.945701
0.979257
0.112879
0.458285
0.970431
0.755676
0.398635
0.618663
0.474923
0.951199
0.927387
0.692652
0.731136
0.29711
0.626873
0.785886
0.834176
0.0942611
0.369707
0.0366561
0.572539
0.696288
0.337774
0.191546
0.761768
0.862376
0.546736
0.226298
0.351121
0.301438
0.341196
0.601489
0.289738
0.877743
0.249832
0.22538
0.858183
0.0130503
0.786371
0.63412
0.560234
0.808053
0.989147
0.594884
0.0115502
0.291054
0.00815686
0.312198
0.995772
0.427548
0.578886
0.911733
0.080513
0.503028
0.378227
0.848285
0.147416
0.103567
0.0569895
0.51321
0.800267
0.0142771
0.109734
0.49779
0.937494
0.252949
0.00596327
0.817977
0.53094
0.442058
0.403457
0.756879
0.718534
0.55289
0.437255
0.886704
0.227627
0.45526
0.575373
0.0633991
0.587698
0.868611
0.309806
0.734948
0.911674
0.397302
0.870075
0.477311
0.726059
0.975397
0.474103
0.198027
0.5698
0.843997
0.541381
0.573001
0.174646
0.205327
0.366233
0.872232
0.956433
0.979634
0.470963
0.969183
0.414264
0.13924
0.122196
0.818857
0.636025
0.383495
0.097746
0.552979
0.383674
0.392207
0.940886
0.317101
0.775876
0.465519
0.745308
0.523106
0.150781
0.406032
0.494879
0.98903
0.686371
0.373797
0.561447
0.882981
0.344086
0.965023
0.971365
0.0943997
0.904339
0.718094
0.223549
0.957888
0.656709
0.89152
0.92127
0.705219
0.726578
0.912537
0.315318
0.891237
0.252876
0.0553865
0.502795
0.819578
0.524422
0.337131
0.84492
0.893281
0.73685
0.446935
0.926333
0.261358
0.906538
0.85173
0.751517
0.271534
0.486858
0.615443
0.940906
0.437044
0.845998
0.467568
0.436624
0.96548
0.611628
0.265712
0.0479728
0.682982
0.248966
0.190467
0.358687
0.439033
0.554769
0.232787
0.786672
0.0360328
0.116198
0.196292
0.543727
0.352557
0.452255
0.420263
0.905241
0.797669
0.434848
0.583219
0.491841
0.44212
0.740891
0.590264
0.516592
0.236183
0.236948
0.966879
0.398817
0.477021
0.220704
0.133485
0.431696
0.18379
0.8722
0.143415
0.864061
0.047469
0.791764
0.125362
0.772649
0.134996
0.466604
0.941951
0.320496
0.252685
0.416058
0.0897084
0.68799
0.739734
0.774725
0.222013
0.299049
0.115514
0.497562
0.943879
0.526038
0.309375
0.182266
0.74286
0.329768
0.743038
0.828795
0.589749
0.167741
0.115806
0.476918
0.340722
0.783618
0.883512
0.519672
0.542543
0.378698
0.86343
0.179309
0.496383
0.273387
0.598302
0.904562
0.854772
0.0107525
0.750983
0.712176
0.959578
0.359163
0.273391
0.31606
0.395284
0.666734
0.014735
0.484727
0.618101
0.243222
0.138354
0.819015
0.283647
0.037645
0.756716
0.0804971
0.25856
0.891185
0.841557
0.515978
0.957844
0.529777
0.21122
0.160812
0.262166
0.580707
0.448728
0.865283
0.968476
0.0199628
0.389969
0.432304
0.612928
0.255935
0.487864
0.595567
0.1454
0.61035
0.270898
0.0757718
0.867138
0.255438
0.356844
0.255608
0.272991
0.0998144
0.357671
0.394976
0.941976
0.983227
0.540922
0.205934
0.837906
0.5473
0.536599
0.117816
0.727579
0.906976
0.655694
0.938743
0.77851
0.773113
0.694786
0.76864
0.610889
0.894493
0.336941
0.00525114
0.467829
0.927362
0.537912
0.82929
0.0210847
0.338919
0.442139
0.534649
0.402126
0.350477
0.45817
0.0177881
0.065379
0.775144
0.909283
0.346451
0.244968
0.858913
0.152512
0.937419
0.220457
0.754311
0.937017
0.988072
0.991827
0.309857
0.978418
0.585282
0.878807
0.620291
0.905933
0.67207
0.0730517
0.831983
0.759071
0.758214
0.32069
0.521441
0.654264
0.0425503
0.203238
0.454945
0.911878
0.25531
0.391461
0.492892
0.352048
0.967814
0.712788
0.0285823
0.373922
0.950114
0.810466
0.75911
0.286201
0.136421
0.962659
0.293433
0.835023
0.29185
0.621689
0.533389
0.374797
0.126392
0.246066
0.74741
0.26369
0.593923
0.817844
0.530404
0.172214
0.822383
0.321099
0.549186
0.623376
0.57922
0.628563
0.159901
0.507665
0.573205
0.395993
0.107003
0.0260464
0.0755989
0.359828
0.934063
0.717984
0.312188
0.00398499
0.222387
0.357158
0.49125
0.0057803
0.998026
0.691412
0.00542252
0.757452
0.691388
0.630808
0.748466
0.125514
0.882491
0.632468
0.24801
0.461244
0.111714
0.995863
0.715672
0.686467
0.579322
0.588873
0.596039
0.492871
0.302308
0.413534
0.851407
0.722478
0.855469
0.349821
0.302063
0.722429
0.212625
0.563941
0.760256
0.738586
0.347524
0.330795
0.514448
0.547887
0.482073
0.513838
0.659594
0.816124
0.418645
0.503437
0.706032
0.861595
0.905789
0.0897767
0.367282
0.330636
0.0115705
0.309883
0.115114
0.9416
0.971101
0.750582
0.34434
0.091655
0.795859
0.819303
0.311873
0.376598
0.349762
0.04015
0.562898
0.547322
0.784487
0.140258
0.645893
0.18609
0.764223
0.426151
0.5186
0.468366
0.284351
0.295853
0.285547
0.287514
0.991926
0.492369
0.567921
0.234889
0.547197
0.399503
0.827572
0.389909
0.929793
0.0519882
0.944721
0.495941
0.801944
0.0375103
0.0352524
0.258858
0.611795
0.78626
0.296665
0.555809
0.476327
0.270496
0.156186
0.100205
0.855691
0.487591
0.380977
0.362452
0.355234
0.609097
0.475718
0.550297
0.810722
0.898206
0.670327
0.432504
0.175059
0.700199
0.279673
0.438189
0.086257
0.485137
0.0434595
0.443728
0.717868
0.278314
0.230115
0.100542
0.362082
0.279416
0.471526
0.559799
0.846096
0.192617
0.300438
0.582624
0.414237
0.131942
0.659892
0.823804
0.107971
0.0134604
0.871158
0.549104
0.335994
0.400616
0.966529
0.165777
0.545811
0.853088
0.355379
0.156024
0.391793
0.182933
0.591922
0.716123
0.153774
0.603601
0.802948
0.500605
0.412635
0.745347
0.021753
0.200748
0.0586269
0.801109
0.324939
0.568246
0.924645
0.775318
0.00246022
0.215181
0.936516
0.768345
0.885129
0.836331
0.298225
0.494064
0.94108
0.133998
0.430706
0.568879
0.0227571
0.872176
0.113405
0.517657
0.544623
0.308301
0.399682
0.624447
0.400912
0.37771
0.657726
0.641211
0.750566
0.0380151
0.701995
0.602744
0.717462
0.186175
0.00616349
0.445498
0.548846
0.577239
0.913632
0.376401
0.470543
0.706413
0.478332
0.787474
0.157103
0.139881
0.875708
0.484741
0.338189
0.237999
0.426395
0.83578
0.184727
0.519279
0.284686
0.598224
0.511755
0.445751
0.277808
0.349386
0.907585
0.519508
0.664287
0.991416
0.215376
0.0848521
0.540245
0.372197
0.574165
0.917538
0.997739
0.973608
0.84879
0.808069
0.0717362
0.428484
0.775156
0.134421
0.0509219
0.607115
0.708394
0.564289
0.327259
0.65369
0.332357
0.190142
0.981451
0.861642
0.0715395
0.712817
0.513742
0.0821923
0.899096
0.850761
0.205683
0.608926
0.571586
0.530628
0.618612
0.538275
0.513206
0.147977
0.685081
0.555278
0.246368
0.279984
0.12275
0.238636
0.704899
0.660197
0.795328
0.340463
0.410268
0.43158
0.86691
0.314379
0.435724
0.090697
0.756037
0.599733
0.580185
0.0035923
0.011344
0.997553
0.131128
0.762451
0.225851
0.791691
0.0782639
0.279773
0.311621
0.191884
0.367962
0.670672
0.107189
0.0380167
0.639328
0.409926
0.0292811
0.559509
0.389581
0.693101
0.856834
0.10195
0.368527
0.573866
0.704199
0.105055
0.545063
0.454572
0.663023
0.95077
0.724815
0.505192
0.736238
0.525593
0.98535
0.176357
0.726657
0.103403
0.848414
0.223924
0.256956
0.319549
0.497973
0.61227
0.573678
0.157605
0.505534
0.8173
0.117839
0.809786
0.223337
0.882516
0.827642
0.522066
0.191176
0.0357702
0.979761
0.83569
0.169385
0.662746
0.185954
0.447124
0.510926
0.336439
0.459028
0.906181
0.927768
0.769746
0.470182
0.95362
0.855233
0.808968
0.0686144
0.0801904
0.793485
0.706699
0.560334
0.202826
0.584734
0.15915
0.288864
0.75326
0.601298
0.189928
0.774922
0.231192
0.462778
0.603149
0.510164
0.878517
0.0160389
0.0755206
0.82309
0.792058
0.901364
0.140576
0.810775
0.937395
0.750243
0.438207
0.832055
0.302292
0.729296
0.227362
0.566225
0.200082
0.231417
0.826359
0.142533
0.58523
0.646442
0.35958
0.732362
0.477776
0.602516
0.925969
0.566799
0.232091
0.295541
0.507128
0.302375
0.668451
0.613085
0.0129252
0.618476
0.972458
0.963109
0.701413
0.908793
0.934941
0.944823
0.656914
0.850101
0.450229
0.313545
0.383897
0.824666
0.328748
0.814147
0.161749
0.873961
0.244834
0.265633
0.362628
0.713857
0.0851109
0.305692
0.18591
0.89366
0.858345
0.138217
0.401585
0.388541
0.664458
0.814489
0.883566
0.638323
0.707505
0.521885
0.582918
0.552753
0.902498
0.210879
0.740335
0.468295
0.915506
0.976096
0.634891
0.0439978
0.355796
0.891099
0.0495261
0.110648
0.891759
0.606256
0.408574
0.43065
0.0917936
0.737732
0.683576
0.984761
0.318731
0.842817
0.614063
0.981074
0.771854
0.188114
0.461905
0.392694
0.233282
0.324568
0.792241
0.991105
0.913007
0.0950629
0.000373457
0.976033
0.3958
0.680857
0.300824
0.239711
0.688687
0.863157
0.449014
0.78032
0.0838069
0.212548
0.833677
0.938394
0.540858
0.455099
0.983714
0.0201585
0.827525
0.989127
0.670122
0.948059
0.225547
0.286541
0.313985
0.202515
0.423313
0.709417
0.466175
0.257806
0.700894
0.76407
0.802943
0.642715
0.816676
0.815957
0.95241
0.753287
0.491444
0.269881
0.0671357
0.597057
0.139974
0.808173
0.393364
0.147985
0.824537
0.757992
0.132789
0.237946
0.320756
0.467054
0.0911326
0.608965
0.934215
0.800692
0.371581
0.511889
0.245052
0.784111
0.581057
0.0793625
0.465231
0.910221
0.522992
0.54764
0.465796
0.779988
0.470108
0.583066
0.884302
0.259536
0.131795
0.721264
0.889901
0.103164
0.108842
0.892757
0.217892
0.537325
0.688218
0.736805
0.758384
0.316767
0.465502
0.850675
0.285416
0.596265
0.654801
0.145723
0.552298
0.111603
0.686105
0.35219
0.883837
0.78985
0.39795
0.605214
0.213078
0.326064
0.877066
0.535435
0.104284
0.441943
0.813685
0.864964
0.25926
0.608684
0.637159
0.0659968
0.123384
0.75453
0.146044
0.97387
0.0124297
0.826664
0.79334
0.563828
0.411647
0.63299
0.143114
0.512676
0.213555
0.903783
0.660193
0.190278
0.338314
0.394512
0.279628
0.785468
0.816782
0.663684
0.945505
0.196321
0.626728
0.124129
0.296546
0.842388
0.691083
0.459595
0.164694
0.828769
0.0263733
0.554161
0.76705
0.957903
0.34103
0.889141
0.104562
0.399468
0.917327
0.766685
0.794826
0.753406
0.576322
0.722956
0.492065
0.543175
0.350018
0.754994
0.284542
0.529893
0.315546
0.318415
0.576545
0.723003
0.247746
0.928801
0.49585
0.56589
0.403022
0.244843
0.824092
0.888051
0.161567
0.00932088
0.801303
0.137784
0.448437
0.614183
0.350431
0.846013
0.0667303
0.434139
0.714983
0.834144
0.26733
0.691132
0.0839812
0.384276
0.226976
0.378147
0.342681
0.362584
0.506345
0.749383
0.953459
0.456231
0.127613
0.795625
0.425927
0.48717
0.480551
0.845652
0.634627
0.845186
0.890398
0.499896
0.111143
0.986312
0.130953
0.200761
0.568531
0.626529
0.432847
0.220795
0.471716
0.585567
0.328708
0.207126
0.0788097
0.469435
0.921732
0.816527
0.644717
0.696698
0.508402
0.72458
0.468375
0.352661
0.79511
0.36532
0.215531
0.483808
0.806107
0.281532
0.966014
0.614641
0.789342
0.7236
0.192605
0.279318
0.508802
0.0660414
0.321188
0.416324
0.00718595
0.311252
0.561027
0.686995
0.690091
0.171475
0.710548
0.665878
0.100133
0.370849
0.987639
0.83622
0.413021
0.453981
0.422406
0.237602
0.112786
0.746569
0.771843
0.191114
0.82416
0.564103
0.525651
0.913085
0.449175
0.339838
0.595279
0.0700923
0.843942
0.232414
0.407322
0.880849
0.770517
0.822577
0.0200072
0.595893
0.976664
0.719163
0.678287
0.851438
0.421055
0.925249
0.0188365
0.173054
0.019374
0.480474
0.499222
0.878077
0.203174
0.665731
0.0929034
0.779287
0.142232
0.558725
0.869298
0.818774
0.985162
0.246375
0.74061
0.359121
0.94381
0.972325
0.847733
0.0339142
0.724547
0.0204335
0.188495
0.422687
0.653146
0.460163
0.0436115
0.384097
0.0270641
0.915369
0.378619
0.57941
0.656211
0.3286
0.0120639
0.87619
0.335932
0.999381
0.228496
0.175888
0.967841
0.853944
0.435196
0.401255
0.258194
0.488825
0.138633
0.459141
0.15101
0.710928
0.143836
0.916215
0.384531
0.418015
0.619172
0.750896
0.503707
0.227787
0.151435
0.14184
0.246014
0.429242
0.741167
0.995514
0.0895185
0.911115
0.924184
0.382813
0.775927
0.689646
0.889459
0.733628
0.381397
0.638754
0.101626
0.42137
0.806849
0.802943
0.00314658
0.0555
0.918932
0.186544
0.809819
0.594174
0.732829
0.7578
0.136093
0.402572
0.447824
0.334849
0.574278
0.132826
0.503585
0.441001
0.753923
0.212631
0.516107
0.69335
0.642734
0.631583
0.592261
0.042369
0.705433
0.343464
0.445022
0.587663
0.267902
0.10159
0.490402
0.789742
0.265324
0.961835
0.973315
0.868936
0.178252
0.479095
0.633396
0.876111
0.0416607
0.149055
0.69208
0.337648
0.0799784
0.675868
0.446756
0.17739
0.875428
0.851393
0.643142
0.615396
0.586088
0.29321
0.428221
0.408073
0.131057
0.993011
0.147315
0.753578
0.458797
0.966644
0.842765
0.723407
0.98576
0.571061
0.0597426
0.635397
0.479127
0.966623
0.707206
0.450493
0.472029
0.367039
0.217891
0.30775
0.622841
0.151229
0.278219
0.617097
0.11158
0.535447
0.853611
0.772096
0.524597
0.650098
0.232183
0.245747
0.00058738
0.770263
0.184053
0.468502
0.452419
0.754477
0.13737
0.992037
0.16496
0.00167169
0.277081
0.704644
0.19233
0.396531
0.668617
0.6299
0.90095
0.639953
0.605179
0.611596
0.358226
0.321722
0.301724
0.122894
0.650343
0.260411
0.457724
0.850847
0.694791
0.59128
0.949442
0.569434
0.730969
0.312632
0.574829
0.252042
0.931513
0.397502
0.162985
0.17119
0.952259
0.939352
0.996847
0.828536
0.673566
0.3328
0.122676
0.547696
0.792059
0.304653
0.191977
0.197914
0.680573
0.224133
0.678371
0.206586
0.394891
0.958146
0.0302593
0.327224
0.687008
0.427666
0.17498
0.777647
0.173331
0.701291
0.115626
0.727729
0.658206
0.0741868
0.710469
0.730238
0.253185
0.173908
0.368522
0.741594
0.0537036
0.164031
0.823357
0.717467
0.399591
0.943423
0.569973
0.392946
0.284866
0.630953
0.393828
0.426786
0.395182
0.256335
0.833838
0.418402
0.106472
0.527599
0.767182
0.865578
0.112928
0.800842
0.667333
0.547151
0.172185
0.33093
0.770467
0.37155
0.735259
0.831501
0.410797
0.868336
0.41157
0.0241537
0.392739
0.311648
0.71754
0.821296
0.415994
0.203488
0.25153
0.0824172
0.436498
0.419485
0.177979
0.433383
0.328143
0.794407
0.00779573
0.772728
0.422474
0.0201378
0.417517
0.0442814
0.280196
0.3219
0.0123213
0.274268
0.442039
0.00246509
0.232226
0.302202
0.688761
0.28843
0.220177
0.033458
0.50112
0.32296
0.577253
0.268681
0.659424
0.127742
0.154768
0.488864
0.186615
0.0614484
0.975307
0.568619
0.765073
0.0471635
0.102932
0.834194
0.210912
0.597797
0.834172
0.663292
0.154201
0.563329
0.461723
0.833383
0.552227
0.340099
0.546733
0.862856
0.577019
0.959654
0.06639
0.859933
0.508067
0.608661
0.893467
0.00930804
0.985561
0.47398
0.19434
0.303403
0.0162805
0.766417
0.851338
0.887819
0.869831
0.917369
0.742558
0.269124
0.0727021
0.485241
0.434532
0.363835
0.435405
0.630123
0.816228
0.0929314
0.986561
0.148948
0.651439
0.995256
0.108756
0.198667
0.644026
0.60092
0.564411
0.817609
0.0587736
0.433477
0.674912
0.187022
0.350772
0.264896
0.100441
0.914125
0.727726
0.30404
0.607956
0.27917
0.670891
0.437439
0.275655
0.842843
0.708494
0.447069
0.848199
0.683685
0.176337
0.696178
0.730506
0.111315
0.288559
0.399631
0.410731
0.419601
0.0203965
0.985079
0.175172
0.200137
0.48653
0.816628
0.778423
0.182526
0.564007
0.711247
0.438795
0.412127
0.307372
0.153763
0.0382885
0.882654
0.553958
0.238979
0.833588
0.230944
0.306337
0.375564
0.163503
0.651328
0.762582
0.318448
0.621833
0.330543
0.967858
0.703451
0.724217
0.130453
0.176288
0.894663
0.22342
0.30074
0.302203
0.483224
0.628653
0.189088
0.935492
0.463016
0.0886462
0.39044
0.896632
0.128348
0.251874
0.854159
0.281282
0.670937
0.885653
0.118945
0.429287
0.784842
0.502914
0.197285
0.754333
0.210885
0.813948
0.467061
0.363064
0.865538
0.0118667
0.187303
0.819373
0.208113
0.455083
0.533579
0.183154
0.915934
0.686875
0.098157
0.953704
0.27733
0.608687
0.0289969
0.125952
0.40081
0.396805
0.954387
0.0410243
0.205602
0.0366128
0.777216
0.868517
0.940225
0.47877
0.701529
0.652038
0.814532
0.950137
0.507246
0.106739
0.275493
0.15053
0.306334
0.471066
0.962958
0.424684
0.64079
0.346854
0.810148
0.726126
0.821765
0.74311
0.872116
0.713723
0.517912
0.568955
0.947897
0.788997
0.594336
0.168551
0.988421
0.658044
0.551818
0.692591
0.638996
0.170173
0.246408
0.162909
0.444715
0.0487667
0.165096
0.983571
0.548435
0.709996
0.833669
0.826814
0.839031
0.902018
0.0336119
0.687548
0.0737833
0.350184
0.658063
0.33657
0.520646
0.140339
0.150561
0.259953
0.0674859
0.108909
0.609042
0.768444
0.85637
0.150488
0.522028
0.583331
0.557869
0.934935
0.61109
0.610038
0.0457399
0.0994112
0.916712
0.52211
0.0150525
0.317681
0.773023
0.389822
0.961996
0.739765
0.0163234
0.061345
0.772423
0.84849
0.164674
0.971171
0.216393
0.72349
0.54947
0.109906
0.0912914
0.684196
0.789136
0.10995
0.176636
0.166531
0.540687
0.82014
0.0457792
0.0574672
0.273821
0.864953
0.0159114
0.369921
0.667596
0.984947
0.906965
0.60925
0.0711588
0.378222
0.0271904
0.202049
0.892994
0.719753
0.0197529
0.387007
0.539859
0.407507
0.408197
0.684047
0.0250218
0.22081
0.292885
0.858298
0.170209
0.795861
0.505619
0.794827
0.65736
0.912751
0.361976
0.232604
0.421994
0.803613
0.102852
0.424426
0.0527639
0.757317
0.237403
0.765175
0.161165
0.905674
0.743775
0.753919
0.957048
0.89165
0.813316
0.535009
0.511491
0.272386
0.305749
0.127264
0.0669694
0.0985275
0.991026
0.44497
0.0799937
0.704839
0.0682353
0.705055
0.924298
0.882411
0.359439
0.88537
0.970037
0.285838
0.369143
0.852283
0.369665
0.134152
0.377194
0.633238
0.763542
0.435405
0.599203
0.311783
0.363636
0.513688
0.815582
0.127819
0.73385
0.424981
0.755381
0.752191
0.968766
0.764057
0.84831
0.26875
0.943357
0.707174
0.0575408
0.253816
0.585226
0.191516
0.613596
0.326677
0.585104
0.658178
0.228271
0.707951
0.143916
0.505567
0.326064
0.436959
0.945099
0.507691
0.943993
0.954768
0.884828
0.109143
0.0803232
0.465473
0.692218
0.34642
0.686175
0.772028
0.584707
0.763235
0.365123
0.791363
0.845105
0.153981
0.754667
0.551467
0.646933
0.321668
0.996364
0.744962
0.720586
0.780221
0.550892
0.661814
0.327853
0.940781
0.679252
0.0699735
0.435669
0.740769
0.396825
0.0970275
0.547613
0.815195
0.72431
0.84733
0.1153
0.552811
0.126381
0.0454056
0.21988
0.0748785
0.568915
0.824057
0.850602
0.139833
0.469065
0.489888
0.833682
0.000178092
0.695492
0.033769
0.657432
0.574332
0.841406
0.861932
0.131885
0.17048
0.289438
0.976342
0.202629
0.105194
0.569937
0.120975
0.154706
0.558648
0.544313
0.442618
0.895445
0.0316991
0.790146
0.418611
0.652937
0.917367
0.898779
0.325889
0.0841964
0.538835
0.299067
0.731198
0.924428
0.0750083
0.679226
0.455253
0.553279
0.0988387
0.484845
0.506735
0.488673
0.967615
0.623978
0.616796
0.283237
0.471623
0.114847
0.471465
0.688182
0.380089
0.579421
0.496911
0.516691
0.701973
0.23456
0.278752
0.291665
0.453656
0.285347
0.287937
0.56547
0.814133
0.712756
0.657393
0.472848
0.0381448
0.606279
0.139638
0.499402
0.144649
0.0640702
0.128655
0.150107
0.926635
0.817458
0.520922
0.874784
0.432051
0.0883745
0.210909
0.59591
0.906483
0.618667
0.874552
0.990615
0.897198
0.587009
0.317851
0.461386
0.394734
0.425999
0.703454
0.803286
0.600858
0.94915
0.280934
0.910188
0.197413
0.181119
0.420601
0.585471
0.355306
0.747286
0.588695
0.417112
0.641165
0.419556
0.925288
0.682552
0.394469
0.638986
0.0353243
0.960801
0.972204
0.653978
0.93701
0.299996
0.872393
0.842848
0.50789
0.826153
0.501514
0.255382
0.623962
0.147664
0.0625152
0.239701
0.116269
0.030918
0.49673
0.954565
0.00660002
0.972119
0.870481
0.745864
0.781929
0.502251
0.280114
0.83822
0.997501
0.525589
0.950972
0.0134435
0.751326
0.552875
0.388508
0.27842
0.757172
0.350295
0.334242
0.733375
0.286774
0.942771
0.985161
0.611241
0.301277
0.899454
0.0208004
0.8501
0.0122864
0.861202
0.984792
0.569699
0.988136
0.97133
0.492909
0.842482
0.0539501
0.525152
0.562223
0.478156
0.646205
0.200296
0.5193
0.883774
0.214052
0.764136
0.861438
0.0297716
0.669579
0.428941
0.994745
0.164133
0.955252
0.947623
0.805865
0.0955681
0.415478
0.177832
0.858863
0.942401
0.945717
0.910179
0.932201
0.453091
0.680956
0.134631
0.378752
0.989571
0.328248
0.140739
0.129053
0.574629
0.917014
0.601826
0.25781
0.994544
0.726033
0.426258
0.0581716
0.6794
0.156591
0.172435
0.148304
0.223508
0.284761
0.376312
0.870038
0.131056
0.388809
0.545605
0.198001
0.257456
0.775462
0.804058
0.597029
0.951329
0.305185
0.349102
0.251407
0.978079
0.944528
0.800282
0.316404
0.722577
0.974388
0.103294
0.2539
0.130452
0.896986
0.511086
0.821802
0.466454
0.0704959
0.0412677
0.272249
0.761653
0.336213
0.116114
0.125961
0.212869
0.785525
0.392328
0.347796
0.617661
0.95787
0.303025
0.638821
0.912873
0.500409
0.941197
0.138753
0.176547
0.207967
0.645257
0.324182
0.101038
0.669442
0.192803
0.985854
0.404229
0.964564
0.713951
0.534559
0.277368
0.191555
0.302639
0.6508
0.539718
0.489722
0.491247
0.557863
0.355727
0.797662
0.0752348
0.529686
0.250013
0.222938
0.700962
0.181032
0.715213
0.676685
0.788376
0.633826
0.340491
0.649405
0.0340152
0.784694
0.392887
0.693694
0.368279
0.058138
0.864856
0.576025
0.919793
0.629466
0.770682
0.121982
0.521006
0.0224659
0.949388
0.685261
0.480946
0.0784365
0.736299
0.816762
0.817981
0.873971
0.929483
0.211466
0.607976
0.521902
0.737341
0.201491
0.438551
0.678943
0.49211
0.996475
0.701272
0.729382
0.399889
0.318745
0.290118
0.210126
0.426091
0.0308513
0.5521
0.250437
0.447164
0.515867
0.556427
0.250884
0.302749
0.874268
0.0703539
0.319793
0.530911
0.0915223
0.367196
0.190265
0.942701
0.0731324
0.115748
0.493776
0.277542
0.422616
0.237348
0.873255
0.870289
0.855674
0.550403
0.954001
0.353061
0.721911
0.191655
0.598266
0.115311
0.984301
0.804658
0.0608059
0.665259
0.645029
0.0707332
0.0190944
0.692446
0.682173
0.734229
0.322856
0.948568
0.471388
0.406858
0.511375
0.871951
0.0255205
0.345686
0.470848
0.916483
0.526983
0.463171
0.303743
0.950931
0.105365
0.0785514
0.782223
0.918352
0.897774
0.547426
0.351682
0.642661
0.611897
0.756117
0.200301
0.601839
0.300811
0.541501
0.54725
0.422173
0.281882
0.0534573
0.125189
0.459282
0.236079
0.730465
0.410627
0.199484
0.874075
0.379898
0.0253545
0.325632
0.235414
0.47009
0.899646
0.537591
0.999721
0.434553
0.227695
0.897626
0.155685
0.999266
0.401215
0.290523
0.234853
0.36736
0.390451
0.158273
0.0318156
0.783844
0.33377
0.00745797
0.478182
0.464384
0.247264
0.217722
0.0110615
0.171034
0.0926244
0.732131
0.492997
0.574969
0.232201
0.520979
0.333333
0.838538
0.310334
0.922426
0.983606
0.109672
0.554515
0.624968
0.203198
0.540201
0.581904
0.12329
0.406443
0.361699
0.188426
0.811804
0.71757
0.980014
0.919924
0.746776
0.00309273
0.140951
0.0771627
0.682166
0.768944
0.288904
0.257441
0.846246
0.26708
0.258559
0.622023
0.562068
0.0373988
0.533815
0.306609
0.117457
0.218392
0.261144
0.236163
0.0582966
0.81544
0.956162
0.00889418
0.517463
0.459298
0.987867
0.389329
0.412241
0.478135
0.216815
0.677859
0.862965
0.0221528
0.00965497
0.153725
0.428779
0.916826
0.817352
0.738262
0.55295
0.49448
0.808806
0.782691
0.696349
0.198085
0.0724103
0.705453
0.156145
0.818716
0.66854
0.312855
0.566289
0.0904247
0.525507
0.726799
0.0120451
0.513647
0.665841
0.576907
0.923965
0.91965
0.530831
0.622063
0.214955
0.851644
0.89731
0.348122
0.161186
0.469572
0.866029
0.912448
0.383687
0.750421
0.116552
0.609246
0.948839
0.338191
0.696138
0.818208
0.465276
0.800169
0.322938
0.147347
0.410621
0.290298
0.976361
0.632484
0.479265
0.9465
0.515456
0.822716
0.113244
0.715813
0.461467
0.24426
0.579813
0.886752
0.811628
0.943878
0.915376
0.30903
0.882194
0.886052
0.0960972
0.211845
0.430365
0.20228
0.15709
0.527294
0.554081
0.422192
0.307163
0.737932
0.648907
0.57917
0.923517
0.268522
0.70176
0.671297
0.615598
0.321752
0.767853
0.53371
0.180865
0.525303
0.111798
0.371752
0.505101
0.740667
0.354608
0.615322
0.459902
0.529184
0.369777
0.45176
0.200204
0.942996
0.584393
0.414747
0.451481
0.0921365
0.892349
0.255759
0.292157
0.136339
0.359303
0.477299
0.380617
0.483002
0.232616
0.306736
0.753113
0.781246
0.0597243
0.44828
0.340073
0.245131
0.717236
0.0491939
0.731539
0.59462
0.268743
0.304481
0.891405
0.867247
0.366242
0.820279
0.304907
0.141935
0.609014
0.0472132
0.180815
0.162953
0.25165
0.0367909
0.961471
0.509385
0.942882
0.691269
0.569147
0.595142
0.968492
0.263547
0.991118
0.896756
0.610377
0.780718
0.339827
0.599944
0.722006
0.443802
0.185994
0.758856
0.116032
0.996408
0.425448
0.220689
0.677269
0.125158
0.284793
0.348005
0.724309
0.691551
0.283223
0.05573
0.672672
0.00462811
0.44032
0.172168
0.784721
0.400722
0.0514146
0.654842
0.166185
0.544269
0.648132
0.982917
0.281609
0.51413
0.933366
0.067248
0.363436
0.774007
0.544766
0.444545
0.0898129
0.392953
0.382657
0.250202
0.869246
0.701044
0.267255
0.610225
0.716341
0.22306
0.102397
0.490412
0.909284
0.985439
0.161367
0.743268
0.919452
0.86339
0.123605
0.871438
0.186124
0.719211
0.0341592
0.871089
0.520399
0.841778
0.292091
0.138581
0.764057
0.261542
0.367197
0.746633
0.959399
0.484964
0.37018
0.0686063
0.0195757
0.135386
0.439931
0.616621
0.69625
0.941034
0.649118
0.645034
0.649536
0.981026
0.658487
0.358069
0.41731
0.56152
0.469898
0.970569
0.996587
0.489866
0.54328
0.144158
0.184402
0.756863
0.364752
0.916621
0.531523
0.106965
0.799589
0.837629
0.147536
0.0229291
0.658459
0.0156893
0.224791
0.093561
0.678445
0.784501
0.242163
0.357763
0.308108
0.0458006
0.744487
0.281068
0.430845
0.593011
0.402993
0.746739
0.511892
0.136992
0.935722
0.525766
0.0665532
0.83228
0.250267
0.790748
0.181957
0.0482284
0.86633
0.488623
0.849437
0.372326
0.940668
0.886059
0.753309
0.518986
0.866485
0.917452
0.994471
0.31166
0.923908
0.635971
0.99019
0.2931
0.444835
0.0988054
0.877274
0.100781
0.707334
0.383345
0.453343
0.543325
0.73138
0.57477
0.725234
0.569551
0.404761
0.89961
0.105988
0.993429
0.177364
0.58505
0.22997
0.103467
0.832015
0.3498
0.163317
0.0404957
0.635058
0.997453
0.804101
0.188528
0.210549
0.67469
0.729761
0.623451
0.645364
0.730153
0.300987
0.95645
0.151787
0.490048
0.0202199
0.464734
0.77877
0.846797
0.9243
0.211631
0.518707
0.499542
0.0259266
0.630334
0.205246
0.620808
0.775006
0.70834
0.997463
0.251793
0.362546
0.109333
0.311266
0.917921
0.0165315
0.171253
0.760729
0.843579
0.727576
0.307395
0.1372
0.23626
0.984578
0.714534
0.465724
0.880141
0.896061
0.979557
0.675915
0.670984
0.726289
0.914287
0.00373302
0.650081
0.498101
0.195995
0.653501
0.935758
0.424125
0.826316
0.904269
0.0562635
0.948557
0.440323
0.305595
0.376052
0.943058
0.715723
0.0958287
0.365672
0.838848
0.883318
0.867885
0.649503
0.335355
0.177003
0.836541
0.300112
0.852658
0.255862
0.0169316
0.426296
0.545457
0.672889
0.0518374
0.38618
0.831839
0.563201
0.327534
0.0777742
0.778146
0.307324
0.0525796
0.816849
0.995741
0.138527
0.955436
0.874213
0.0263864
0.872521
0.655933
0.348567
0.506659
0.227218
0.209258
0.702918
0.100971
0.872223
0.0925879
0.966693
0.576037
0.423946
0.44311
0.745562
0.16224
0.322837
0.757763
0.198615
0.120532
0.853206
0.781417
0.918895
0.224919
0.671263
0.849753
0.0378697
0.603964
0.989709
0.58008
0.185692
0.390252
0.142826
0.238614
0.464056
0.140682
0.458402
0.233153
0.0830658
0.655377
0.244836
0.518897
0.502344
0.187768
0.0347682
0.951819
0.992957
0.0580325
0.000919807
0.124185
0.662833
0.218017
0.384405
0.472496
0.794907
0.635437
0.778349
0.617508
0.434031
0.642525
0.836743
0.293524
0.593902
0.209357
0.295242
0.820526
0.276183
0.941217
0.681126
0.994905
0.206342
0.355086
0.556581
0.305732
0.269175
0.461572
0.104325
0.463211
0.0149131
0.070278
0.0676252
0.949713
0.216228
0.660269
0.956935
0.423801
0.668375
0.63025
0.710404
0.73187
0.588568
0.689424
0.0419507
0.575086
0.90501
0.899612
0.143574
0.761811
0.217752
0.168538
0.562171
0.82467
0.518718
0.965744
0.498043
0.629951
0.101314
0.735249
0.743957
0.644754
0.164475
0.367872
0.490374
0.599701
0.0838696
0.532404
0.473222
0.394275
0.315098
0.416197
0.863077
0.895945
0.50982
0.165948
0.0353798
0.597838
0.23401
0.128701
0.285529
0.393319
0.21526
0.857558
0.744353
0.626563
0.318924
0.159017
0.511352
0.369174
0.435695
0.517921
0.376601
0.993559
0.599092
0.746878
0.687701
0.659877
0.352654
0.280997
0.894464
0.556813
0.534016
0.193448
0.24901
0.545489
0.0862535
0.666564
0.949024
0.314847
0.564237
0.646949
0.802369
0.986637
0.962277
0.977795
0.0959802
0.185599
0.105066
0.0797935
0.823809
0.44877
0.841303
0.792576
0.538969
0.176538
0.851842
0.246554
0.834366
0.472777
0.193904
0.471708
0.533048
0.684116
0.380541
0.132862
0.0119321
0.387309
0.439913
0.484124
0.336973
0.303231
0.0803057
0.938506
0.919493
0.106938
0.841259
0.0386645
0.796234
0.482453
0.444684
0.983697
0.192458
0.821655
0.946842
0.0139373
0.269678
0.628357
0.676101
0.0856919
0.627409
0.556997
0.234398
0.492229
0.680907
0.842352
0.423337
0.923656
0.151701
0.070459
0.178315
0.330391
0.981507
0.366025
0.274502
0.692846
0.627956
0.348635
0.493802
0.140073
0.256499
0.0160331
0.368242
0.944907
0.359588
0.0809024
0.766846
0.801639
0.0833023
0.407215
0.163642
0.919275
0.513139
0.909258
0.075843
0.200536
0.573818
0.592637
0.0245286
0.891385
0.460274
0.99026
0.544777
0.251866
0.785122
0.891865
0.826599
0.0965757
0.266926
0.453848
0.0393254
0.468331
0.877624
0.133859
0.286063
0.634299
0.219177
0.705162
0.426232
0.328712
0.530378
0.308431
0.136182
0.415437
0.375062
0.189278
0.96278
0.518455
0.691629
0.700321
0.643355
0.686232
0.66862
0.225126
0.467182
0.740936
0.748502
0.972475
0.257123
0.945553
0.0670868
0.81369
0.942203
0.237376
0.643126
0.370261
0.428698
0.167895
0.694272
0.9369
0.28328
0.405387
0.343334
0.23584
0.810352
0.152744
0.682744
0.787462
0.59893
0.970543
0.394432
0.352091
0.163252
0.54162
0.804569
0.606209
0.505189
0.0423313
0.0344136
0.277978
0.354042
0.577324
0.654964
0.352359
0.527326
0.0753063
0.548324
0.792388
0.810727
0.0256229
0.325309
0.29344
0.45106
0.258211
0.168364
0.831004
0.736118
0.837786
0.101614
0.775403
0.11198
0.168279
0.894669
0.880888
0.242382
0.103127
0.7616
0.919848
0.695869
0.654894
0.117557
0.69001
0.372908
0.623871
0.518199
0.794046
0.144103
0.856232
0.865418
0.35403
0.718007
0.0403927
0.569364
0.710829
0.71729
0.00446811
0.883242
0.360239
0.00863352
0.843075
0.563705
0.739193
0.166797
0.239567
0.565175
0.998632
0.687593
0.827718
0.0785632
0.242838
0.297789
0.0286604
0.0203378
0.69265
0.0104221
0.584666
0.431761
0.312651
0.978901
0.977434
0.2445
0.257245
0.718355
0.457484
0.810352
0.320505
0.862638
0.821922
0.501061
0.859451
0.753528
0.0652628
0.799329
0.495551
0.22709
0.203557
0.583162
0.53676
0.851821
0.953288
0.930341
0.41051
0.433526
0.45726
0.634588
0.521165
0.151449
0.220048
0.845086
0.564319
0.515921
0.0818353
0.650506
0.321814
0.195659
0.0642456
0.0801511
0.858787
0.377456
0.813867
0.659928
0.536782
0.885635
0.10367
0.329695
0.690757
0.965505
0.29077
0.910138
0.694582
0.0549257
0.0385157
0.329452
0.617617
0.630623
0.165617
0.129215
0.0685654
0.38946
0.764905
0.230165
0.102782
0.64651
0.225791
0.136105
0.362491
0.407442
0.390107
0.490674
0.709166
0.576951
0.56949
0.698578
0.433075
0.141161
0.759126
0.920458
0.282409
0.822157
0.208543
0.607763
0.795442
0.0279655
0.0730374
0.538579
0.152041
0.260982
0.592976
0.443799
0.549968
0.32042
0.962668
0.390564
0.177516
0.426918
0.492184
0.450521
0.574079
0.0658535
0.976904
0.376873
0.577419
0.114801
0.419548
0.317939
0.340144
0.383284
0.853119
0.496209
0.903978
0.711599
0.351781
0.489643
0.550696
0.380911
0.157923
0.694053
0.261312
0.878691
0.87123
0.868116
0.924783
0.610107
0.919626
0.731384
0.914709
0.48448
0.0488341
0.484301
0.924312
0.442097
0.719514
0.150681
0.799533
0.895198
0.387358
0.828629
0.976864
0.181199
0.367264
0.515904
0.112191
0.87823
0.959025
0.109065
0.831504
0.0937926
0.756473
0.640257
0.151929
0.456294
0.498569
0.707608
0.0767
0.834874
0.779541
0.490153
0.881046
0.0722477
0.652224
0.550013
0.554548
0.994303
0.276811
0.865895
0.282434
0.383337
0.835097
0.984388
0.423069
0.662589
0.903082
0.809229
0.517213
0.900145
0.213833
0.0826614
0.948428
0.0312919
0.51532
0.97498
0.12151
0.519495
0.208433
0.0347837
0.751498
0.0958429
0.218586
0.928662
0.0302994
0.77205
0.596532
0.498884
0.188283
0.518833
0.552919
0.493993
0.0775402
0.31434
0.805413
0.401456
0.811263
0.639548
0.462086
0.873899
0.795653
0.84141
0.29147
0.750023
0.438849
0.480762
0.655852
0.3057
0.823737
0.180295
0.0337888
0.526563
0.252663
0.40654
0.760593
0.485738
0.0327392
0.845997
0.107985
0.673375
0.547466
0.825024
0.248795
0.910885
0.587118
0.800613
0.058358
0.563877
0.276142
0.00792982
0.546187
0.633904
0.58637
0.552787
0.35091
0.169237
0.362195
0.713695
0.935941
0.716811
0.666128
0.0685822
0.566705
0.387555
0.894812
0.85397
0.912606
0.89095
0.98735
0.236417
0.184513
0.695699
0.776636
0.93337
0.484112
0.594613
0.403456
0.837649
0.80362
0.414752
0.161935
0.420139
0.578408
0.658677
0.269106
0.120892
0.472159
0.448376
0.102977
0.570614
0.181985
0.447784
0.340615
0.162138
0.413254
0.35927
0.214945
0.53312
0.120759
0.239252
0.516863
0.214236
0.880728
0.0922643
0.874866
0.797139
0.48946
0.033976
0.780851
0.20826
0.128079
0.533419
0.487549
0.231361
0.643914
0.843217
0.625919
0.465786
0.538879
0.412909
0.681645
0.0694216
0.391269
0.782265
0.486933
0.515098
0.843712
0.815282
0.941493
0.254912
0.546457
0.0265747
0.2456
0.675788
0.0382032
0.754069
0.135523
0.547431
0.368858
0.848101
0.740402
0.785253
0.118666
0.89858
0.669531
0.719223
0.55135
0.549139
0.385436
0.0870148
0.0663334
0.609068
0.573249
0.037164
0.404627
0.148111
0.488824
0.884842
0.638087
0.942311
0.721188
0.0275839
0.662872
0.146338
0.660134
0.0880686
0.461078
0.233023
0.593837
0.261669
0.932576
0.616946
0.807623
0.232538
0.680547
0.237359
0.502845
0.576904
0.214493
0.20666
0.649913
0.958072
0.974638
0.643133
0.0339195
0.76525
0.149427
0.428367
0.403053
0.257326
0.126946
0.00725702
0.603744
0.311512
0.671754
0.846916
0.352751
0.0824224
0.536965
0.874214
0.482284
0.255535
0.600278
0.422745
0.382865
0.104682
0.0506015
0.960298
0.399452
0.679667
0.35422
0.377532
0.205115
0.56931
0.307332
0.856671
0.935155
0.6881
0.452864
0.483176
0.0212409
0.270845
0.427561
0.710165
0.284349
0.0474691
0.740553
0.650028
0.647738
0.696672
0.303173
0.784103
0.693785
0.898333
0.374467
0.102387
0.74455
0.344886
0.00623309
0.682295
0.884717
0.124846
0.520786
0.278902
0.712999
0.119286
0.895254
0.337703
0.105924
0.0852292
0.425565
0.882627
0.064498
0.538241
0.875368
0.62313
0.103971
0.458325
0.0598492
0.230075
0.610475
0.265679
0.958242
0.63467
0.252711
0.951799
0.88425
0.210733
0.685218
0.181417
0.769478
0.329477
0.351615
0.545254
0.436411
0.768117
0.787219
0.854544
0.965733
0.267807
0.182579
0.806779
0.415509
0.850544
0.510884
0.867544
0.650735
0.715135
0.807472
0.624176
0.721104
0.25441
0.439342
0.960349
0.818796
0.303484
0.793705
0.432343
0.499408
0.694874
0.780389
0.422464
0.606432
0.832004
0.072755
0.696039
0.658186
0.788463
0.951437
0.557833
0.6971
0.605171
0.966588
0.0224756
0.532254
0.419208
0.0556704
0.381051
0.601046
0.962834
0.0595431
0.830921
0.414716
0.184546
0.240437
0.975066
0.721696
0.349718
0.0483141
0.996731
0.51479
0.279323
0.290231
0.149438
0.12199
0.402826
0.47022
0.314975
0.561287
0.275842
0.480446
0.184768
0.718495
0.103567
0.290066
0.994029
0.741488
0.795019
0.704422
0.532845
0.258096
0.0472646
0.718445
0.692266
0.948395
0.0383028
0.185112
0.363573
0.871522
0.326098
0.339438
0.851203
0.405008
0.562143
0.694051
0.808705
0.2499
0.40236
0.643213
0.25619
0.642502
0.526388
0.124113
0.648923
0.555003
0.667275
0.389134
0.870972
0.529876
0.935098
0.498884
0.0247478
0.0507971
0.136505
0.867564
0.0451753
0.585845
0.11289
0.0503097
0.523284
0.133349
0.926797
0.0835863
0.184029
0.14945
0.822019
0.857588
0.701765
0.938119
0.789116
0.153517
0.897331
0.144074
0.0250158
0.714126
0.755364
0.0180945
0.041937
0.785082
0.509936
0.140235
0.334817
0.375692
0.620712
0.713201
0.754262
0.604776
0.618755
0.20576
0.668927
0.141728
0.328035
0.770856
