0.920112
0.555375
0.562944
0.318483
0.545453
0.347798
0.361492
0.58282
0.50808
0.237008
0.914189
0.260179
0.79534
0.458698
0.446212
0.398469
0.863705
0.335052
0.734087
0.438831
0.406857
0.736634
0.355087
0.60066
0.732308
0.634845
0.427881
0.393392
0.706938
0.340135
0.376395
0.331764
0.265311
0.55577
0.376328
0.492514
0.589172
0.379733
0.603324
0.543838
0.600077
0.52309
0.432337
0.630491
0.457967
0.477764
0.588652
0.614736
0.351987
0.387418
0.682049
0.711625
0.458565
0.710469
0.670263
0.186338
0.90515
0.203859
0.543429
0.619355
0.389409
0.954393
0.522066
0.357769
0.496894
0.493472
0.451917
0.671834
0.562517
0.334274
0.671697
0.619746
0.887394
0.816032
0.41327
0.600162
0.767479
0.373868
0.767407
0.231932
0.556187
0.418654
0.255146
0.182456
0.738829
0.584639
0.605088
0.456761
0.538561
0.889522
0.481277
0.826479
0.458208
0.58987
0.342349
0.503981
0.206835
0.473219
0.558474
0.615522
0.575177
0.473537
0.596777
0.543377
0.181135
0.660487
0.580667
0.616767
0.537205
0.530946
0.583195
0.375592
0.454642
0.184174
0.222278
0.598338
0.68015
0.314889
0.756564
0.645874
0.406184
0.301134
0.715472
0.377446
0.545535
0.817081
0.593193
0.509649
0.648427
0.217078
0.595617
0.494008
0.72671
0.799737
0.49646
0.412109
0.289503
0.717761
0.489876
0.438661
0.60266
0.696463
0.354228
0.459728
0.502934
0.505404
0.60862
0.594396
0.395669
0.468431
0.337014
0.406564
0.305296
0.404016
0.504943
0.710564
0.420696
0.331086
0.441983
0.552265
0.466444
0.491103
0.42734
0.450013
0.51347
0.35847
0.391334
0.518661
0.523352
0.669683
0.537862
0.667925
0.430941
0.626493
0.118021
0.270869
0.269001
0.546694
0.402835
0.594641
0.511864
0.439989
0.550249
0.543792
0.50898
0.398644
0.485482
0.670884
0.733607
0.300996
0.405543
0.692286
0.653866
0.815843
0.546253
0.4225
0.503754
0.617521
0.558696
0.236567
0.511637
0.322995
0.553884
0.462989
0.748348
0.722985
0.588935
0.356795
0.461478
0.542759
0.261684
0.475774
0.436152
0.576698
0.340121
0.302415
0.361525
0.63363
0.342457
0.521
0.276541
0.21167
0.410543
0.45588
0.401836
0.460707
0.568561
0.233649
0.614513
0.587854
0.425648
0.627011
0.326759
0.580931
0.637566
0.430942
0.519573
0.329885
0.738109
0.386626
0.684602
0.309965
0.545367
0.660663
0.392717
0.545188
0.511473
0.543029
0.683714
0.552561
0.564245
0.298209
0.430755
0.197598
0.309635
0.555686
0.509508
0.388849
0.226433
0.605522
0.656302
0.686791
0.33457
0.433676
0.586476
0.28198
0.577705
0.699542
0.611782
0.354783
0.662461
0.482261
0.586342
0.54148
0.683589
0.30819
0.559898
0.607524
0.556822
0.805834
0.654687
0.674692
0.609737
0.518022
0.464694
0.202299
0.519976
0.416271
0.68713
0.152576
0.524436
0.439741
0.479777
0.343382
0.514342
0.465622
0.53237
0.239174
0.185135
0.502228
0.476929
0.216073
0.409414
0.521175
0.733095
0.552939
0.205691
0.599439
0.642477
0.806002
0.522101
0.595847
0.170353
0.276159
0.156565
0.557362
0.683747
0.62992
0.784161
0.504264
0.41902
0.405938
0.39336
0.693534
0.39043
0.679288
0.59061
0.368174
0.418217
0.479895
0.539652
0.609503
0.518961
0.448971
0.42402
0.410567
0.544275
0.478631
0.434848
0.786917
0.545525
0.390128
0.578128
0.556141
0.345046
0.438381
0.430062
0.384119
0.431572
0.489011
0.386871
0.463185
0.719771
0.367847
0.508116
0.518785
0.498223
0.598527
0.635127
0.448512
0.541583
0.352871
0.48434
0.27333
0.479258
0.303725
0.61848
0.332865
0.286802
0.584871
0.512985
0.673451
0.48315
0.48579
0.297815
0.529109
0.489727
0.463647
0.279619
0.633056
0.609643
0.36182
0.82726
0.386293
0.45035
0.569041
0.603018
0.330786
0.335445
0.619404
0.420816
0.222601
0.585312
0.502354
0.367292
0.684545
0.506962
0.669335
0.730721
0.295918
0.79615
0.367237
0.423101
0.854111
0.522133
0.339944
0.63909
0.505735
0.566763
0.324558
0.669099
0.361405
0.381705
0.532455
0.280401
0.560788
0.527431
0.216244
0.617803
0.473334
0.409462
0.448623
0.549235
0.350148
0.602251
0.709494
0.697387
0.609971
0.247543
0.322807
0.638712
0.321206
0.590623
0.431642
0.342314
0.387826
0.227133
0.474162
0.633563
0.462905
0.787927
0.48066
0.58132
0.150814
0.396442
0.607218
0.514461
0.350029
0.359286
0.173507
0.674372
0.480184
0.690375
0.630931
0.450433
0.290918
0.309865
0.600895
0.380808
0.542534
0.282922
0.503915
0.630502
0.270074
0.378868
0.492614
0.325638
0.565342
0.0741195
0.413697
0.447576
0.422052
0.688961
0.395592
0.669929
0.555652
0.861723
0.627137
0.596937
0.547119
0.508241
0.560739
0.550938
0.266196
0.366895
0.274273
0.255203
0.682394
0.361415
0.224357
0.538277
0.697751
0.25649
0.482159
0.629987
0.641318
0.62727
0.822084
0.320491
0.440211
0.298698
0.658731
0.482326
0.395838
0.680707
0.421425
0.658675
0.564335
0.470401
0.339347
0.723292
0.53316
0.579694
0.636095
0.320222
0.581492
0.53712
0.517138
0.206399
0.438798
0.593702
0.491812
0.569694
0.189896
0.683026
0.449244
0.378414
0.673462
0.520591
0.815364
0.511927
0.789465
0.846001
0.231152
0.513044
0.556182
0.743459
0.383521
0.488075
0.406998
0.511009
0.627327
0.501318
0.573544
0.671027
0.628879
0.485062
0.395311
0.500873
0.404762
0.27598
0.571465
0.25137
0.489441
0.466168
0.387852
0.776842
0.403739
0.904932
0.418385
0.649163
0.340982
0.331936
0.503973
0.422142
0.463515
0.867236
0.623643
0.264551
0.532583
0.542812
0.376201
0.496688
0.433325
0.357891
0.585592
0.380419
0.856305
0.278066
0.542874
0.320269
0.840848
0.321117
0.730572
0.521105
0.654982
0.369445
0.450659
0.298157
0.361266
0.61956
0.452971
0.755977
0.874368
0.466137
0.741826
0.647228
0.696856
0.641991
0.478159
0.68584
0.530551
0.293193
0.660645
0.312343
0.506305
0.401463
0.377543
0.375546
0.457447
0.458676
0.301948
0.315177
0.614804
0.446033
0.468217
0.709068
0.488892
0.712065
0.709405
0.417699
0.55687
0.361863
0.562112
0.210339
0.415397
0.191201
0.511403
0.30994
0.554025
0.627013
0.324472
0.294411
0.470358
0.350671
0.525247
0.546695
0.308741
0.406945
0.692239
0.522187
0.411038
0.607622
0.232424
0.493582
0.504515
0.569566
0.556189
0.728215
0.79936
0.271582
0.228818
0.599542
0.639578
0.405373
0.393067
0.541415
0.189783
0.376334
0.350795
0.390337
0.455215
0.600056
0.745576
0.156521
0.596211
0.604097
0.504233
0.675895
0.41561
0.256316
0.388827
0.572718
0.503793
0.585433
0.278913
0.583503
0.454616
0.531797
0.358428
0.89552
0.48118
0.805514
0.548529
0.835499
0.525815
0.417729
0.747839
0.698346
0.467663
0.815495
0.436917
0.517562
0.375668
0.328077
0.644182
0.194768
0.391045
0.436697
0.607259
0.43203
0.40556
0.168304
0.429143
0.414504
0.58259
0.488358
0.803039
0.333145
0.163639
0.40641
0.591498
0.705761
0.495139
0.267016
0.60404
0.564412
0.245006
0.709888
0.513578
0.370255
0.832701
0.890338
0.457638
0.529102
0.512242
0.274132
0.405542
0.408485
0.364519
0.357119
0.53854
0.356536
0.577611
0.383786
0.668794
0.211525
0.757161
0.434997
0.21208
0.412613
0.413333
0.685443
0.806423
0.581861
0.714595
0.601294
0.494032
0.276341
0.77736
0.441057
0.897664
0.366149
0.568381
0.563882
0.580265
0.798288
0.525497
0.343322
0.614955
0.237372
0.541509
0.377868
0.595682
0.538494
0.493368
0.640255
0.452921
0.439224
0.553315
0.850349
0.517291
0.583852
0.47351
0.336439
0.59187
0.6018
0.639246
0.456069
0.760702
0.134979
0.217185
0.446026
0.300819
0.38805
0.494814
0.371584
0.516386
0.330016
0.690633
0.66781
0.663301
0.735015
0.317809
0.807806
0.581521
0.537828
0.344759
0.768688
0.683314
0.479252
0.683346
0.58057
0.488598
0.472154
0.249082
0.398658
0.49869
0.202084
0.30941
0.472779
0.183117
0.618297
0.595052
0.351559
0.494897
0.530693
0.589413
0.743133
0.349727
0.291366
0.623954
0.430896
0.240585
0.552308
0.349676
0.458718
0.395657
0.493401
0.480623
0.74613
0.356891
0.440783
0.433621
0.50514
0.405626
0.60589
0.502615
0.451683
0.685814
0.524448
0.420838
0.82517
0.416924
0.510756
0.358808
0.648525
0.438706
0.841116
0.391405
0.321646
0.127037
0.310448
0.584846
0.730154
0.384183
0.730764
0.477227
0.265938
0.639009
0.749336
0.758826
0.537357
0.242183
0.541715
0.336031
0.646417
0.405096
0.39114
0.485734
0.289756
0.620834
0.739113
0.640038
0.338625
0.480415
0.24707
0.513451
0.719742
0.398509
0.604811
0.523545
0.613591
0.545321
0.543486
0.353281
0.479637
0.748428
0.639063
0.348365
0.656367
0.56472
0.666232
0.390558
0.725585
0.693857
0.716438
0.456627
0.443264
0.424568
0.687888
0.312722
0.801849
0.501938
0.67795
0.786794
0.523545
0.420275
0.274211
0.41986
0.490229
0.706549
0.691773
0.664344
0.636101
0.402096
0.51012
0.682843
0.351141
0.428893
0.386154
0.409889
0.663895
0.37542
0.617282
0.27682
0.598921
0.605242
0.783498
0.30144
0.855393
0.742546
0.321106
0.409639
0.724118
0.734533
0.444197
0.550532
0.189469
0.490357
0.431636
0.585704
0.69985
0.490925
0.295782
0.637482
0.228361
0.475336
0.363609
0.329267
0.754525
0.341358
0.710928
0.599117
0.79221
0.533507
0.169281
0.503766
0.692538
0.498893
0.506493
0.339495
0.631779
0.781591
0.526741
0.372289
0.598101
0.462559
0.665411
0.740546
0.639913
0.510141
0.349746
0.448543
0.798353
0.376831
0.400241
0.618418
0.693714
0.499772
0.59593
0.321174
0.523774
0.488797
0.348445
0.736045
0.291677
0.0844532
0.448531
0.663563
0.786578
0.0884958
0.548189
0.476338
0.409802
0.507805
0.665924
0.56638
0.601301
0.154486
0.389649
0.403409
0.447951
0.736211
0.533237
0.484455
0.462808
0.159137
0.303909
0.458174
0.43917
0.572873
0.844442
0.472989
0.642115
0.449721
0.539398
0.616016
0.850277
0.659792
0.358311
0.334108
0.359785
0.312133
0.317875
0.478091
0.645117
0.426654
0.540751
0.469874
0.583502
0.577332
0.62487
0.474238
0.479177
0.246762
0.462685
0.642176
0.4041
0.113
0.539875
0.457656
0.612306
0.323855
0.466769
0.473382
0.339526
0.421207
0.349469
0.469576
0.36527
0.493132
0.647905
0.717599
0.498871
0.503569
0.711943
0.679357
0.372255
0.175152
0.311619
0.42418
0.642149
0.492037
0.854913
0.628481
0.495409
0.505782
0.381025
0.436095
0.462497
0.609161
0.521079
0.259146
0.402229
0.845709
0.550594
0.549227
0.562653
0.483284
0.798576
0.456192
0.462262
0.449188
0.499868
0.771291
0.596937
0.368222
0.747696
0.308312
0.795951
0.377069
0.349456
0.460882
0.570122
0.403528
0.198692
0.667556
0.339114
0.773602
0.431592
0.364779
0.658933
0.367255
0.245738
0.521661
0.671272
0.390247
0.358336
0.371753
0.483776
0.418003
0.133362
0.52515
0.42833
0.39917
0.635505
0.497109
0.507632
0.430491
0.423722
0.42899
0.379867
0.761153
0.35619
0.537311
0.509237
0.365461
0.545963
0.771681
0.698569
0.363787
0.481054
0.655003
0.535365
0.347155
0.729333
0.380159
0.250752
0.492839
0.540061
0.204875
0.715516
0.416527
0.242901
0.643644
0.559211
0.275852
0.605267
0.390114
0.488365
0.619103
0.140158
0.834081
0.76605
0.209042
0.420104
0.514309
0.476149
0.172996
0.669645
0.619887
0.453741
0.0797209
0.293918
0.66465
0.784185
0.611661
0.16316
0.688601
0.567448
0.526834
0.781292
0.629057
0.564592
0.674249
0.550971
0.392054
0.587218
0.475007
0.264023
0.379156
0.265924
0.657148
0.345524
0.554922
0.525111
0.399533
0.672759
0.542845
0.42731
0.276915
0.648041
0.377225
0.269575
0.164217
0.391923
0.611122
0.1667
0.493876
0.466104
0.713537
0.600823
0.687675
0.219041
0.50735
0.324655
0.54059
0.718224
0.259737
0.52322
0.603186
0.431243
0.593047
0.891144
0.590135
0.410115
0.655341
0.403806
0.382537
0.547479
0.19282
0.529663
0.419106
0.596959
0.549151
0.436668
0.428806
0.598326
0.625277
0.72067
0.402609
0.562982
0.611539
0.504297
0.740024
0.292743
0.526961
0.608171
0.556819
0.487582
0.641354
0.579353
0.905185
0.402732
0.285594
0.715984
0.45207
0.725956
0.642688
0.403346
0.749384
0.306058
0.657394
0.63706
0.322725
0.378387
0.369776
0.292679
0.562717
0.600431
0.464212
0.25691
0.599128
0.0561119
0.357164
0.557253
0.527919
0.363417
0.649671
0.38404
0.715231
0.672868
0.533697
0.505789
0.704541
0.313936
0.586141
0.159658
0.736217
0.699983
0.496053
0.355096
0.732819
0.833712
0.699495
0.305748
0.437046
0.619069
0.723959
0.557794
0.288212
0.197
0.216247
0.144957
0.611932
0.290114
0.454761
0.447773
0.581278
0.767724
0.471108
0.387613
0.606343
0.623991
0.599724
0.674907
0.523709
0.354802
0.742313
0.597166
0.670552
0.30713
0.311671
0.660345
0.570025
0.368908
0.673856
0.68224
0.737006
0.705644
0.269934
0.250931
0.362279
0.563898
0.664751
0.721129
0.28955
0.476602
0.434143
0.552769
0.485429
0.640248
0.488874
0.569764
0.45411
0.502035
0.266436
0.57952
0.550589
0.502873
0.521604
0.370216
0.631236
0.536633
0.56552
0.527469
0.128652
0.501438
0.62457
0.263599
0.244099
0.756343
0.429109
0.519998
0.424665
0.537969
0.644161
0.652314
0.824688
0.545444
0.463437
0.548844
0.680321
0.504018
0.946195
0.585034
0.705832
0.697571
0.523276
0.411834
0.451422
0.44128
0.771821
0.587215
0.694106
0.398235
0.326429
0.373153
0.462548
0.43871
0.458162
0.863433
0.601953
0.569256
0.576402
0.386213
0.692285
0.585807
0.388188
0.588827
0.749737
0.722579
0.412461
0.687213
0.356094
0.295913
0.584419
0.318825
0.510077
0.392203
0.421052
0.389805
0.530023
0.661622
0.473717
0.378987
0.324192
0.821627
0.419718
0.38768
0.297169
0.540276
0.525521
0.450301
0.37327
0.547152
0.431082
0.402499
0.499963
0.457422
0.536876
0.772984
0.57029
0.834402
0.69995
0.399355
0.778337
0.493639
0.637714
0.12034
0.415963
0.596673
0.271381
0.497555
0.566711
0.75175
0.619149
0.610215
0.536581
0.115769
0.208021
0.264279
0.444681
0.787256
0.612684
0.525167
0.391451
0.598871
0.314811
0.225924
0.354209
0.5248
0.469184
0.603421
0.370027
0.338706
0.591312
0.566729
0.709698
0.344265
0.736603
0.407899
0.627123
0.665529
0.546651
0.639854
0.67026
0.868441
0.58141
0.379951
0.528646
0.321457
0.655958
0.425874
0.148746
0.519983
0.340471
0.7046
0.833568
0.350604
0.610199
0.437551
0.500011
0.138695
0.627752
0.488461
0.72028
0.415527
0.280223
0.454549
0.594513
0.527652
0.387036
0.646671
0.47703
0.28836
0.813839
0.543993
0.476201
0.394974
0.644435
0.644523
0.450283
0.457106
0.678671
0.415889
0.358996
0.77722
0.639647
0.84302
0.68137
0.667075
0.419884
0.276343
0.333984
0.336985
0.502524
0.321885
0.227619
0.784541
0.420762
0.642958
0.506461
0.921449
0.358305
0.698783
0.459003
0.624251
0.702182
0.74239
0.69148
0.450262
0.69084
0.6295
0.645511
0.657774
0.107542
0.45312
0.268533
0.236935
0.634934
0.360685
0.903629
0.482612
0.0927912
0.287132
0.663865
0.571251
0.60656
0.247764
0.386126
0.58237
0.776715
0.622264
0.192569
0.800986
0.646486
0.879174
0.477569
0.579477
0.571369
0.635926
0.652135
0.249551
0.382166
0.364054
0.365426
0.540733
0.606429
0.483999
0.447776
0.425304
0.271211
0.444067
0.35985
0.608791
0.284261
0.54932
0.481042
0.784926
0.777363
0.381021
0.401025
0.633104
0.321412
0.718901
0.213573
0.474054
0.346731
0.383836
0.654518
0.228419
0.546925
0.304671
0.227329
0.650012
0.497968
0.671054
0.285836
0.46429
0.538432
0.732263
0.574663
0.860614
0.348566
0.45196
0.758665
0.51863
0.550018
0.486305
0.579425
0.509667
0.803732
0.81705
0.650334
0.445395
0.78808
0.352124
0.180632
0.350592
0.434419
0.423784
0.689638
0.711048
0.589439
0.399348
0.40307
0.214564
0.100424
0.612886
0.496256
0.679816
0.1165
0.746002
0.761216
0.465391
0.632877
0.860652
0.337583
0.440685
0.473998
0.588972
0.354014
0.313294
0.711468
0.597073
0.451196
0.602777
0.67072
0.621436
0.421731
0.447261
0.455158
0.398093
0.77614
0.606967
0.597658
0.446851
0.212285
0.460594
0.524472
0.726335
0.293591
0.377017
0.504573
0.275456
0.143116
0.580093
0.375236
0.414821
0.264089
0.429715
0.330034
0.719911
0.445813
0.599288
0.707933
0.295887
0.130908
0.547213
0.6755
0.558066
0.744437
0.32692
0.790304
0.439328
0.404107
0.786015
0.545426
0.56983
0.344583
0.293566
0.526794
0.379867
0.113834
0.2891
0.535901
0.648192
0.398967
0.578364
0.240236
0.484167
0.42477
0.413895
0.610723
0.331704
0.566437
0.757851
0.452132
0.565338
0.402632
0.422541
0.289337
0.373855
0.628342
0.806329
0.831346
0.664704
0.385293
0.735442
0.652481
0.62034
0.769033
0.625538
0.260325
0.586639
0.601792
0.524495
0.715223
0.308351
0.199258
0.750519
0.309774
0.292434
0.269129
0.551937
0.756818
0.265929
0.502405
0.335203
0.650312
0.633532
0.37913
0.644481
0.465673
0.374197
0.513864
0.0987429
0.729797
0.466306
0.432611
0.696967
0.58911
0.394213
0.369973
0.178562
0.407615
0.606564
0.485491
0.291812
0.504796
0.519958
0.251664
0.455254
0.495712
0.685495
0.374743
0.566767
0.42047
0.46624
0.632453
0.554431
0.643753
0.426435
0.224512
0.530539
0.760762
0.535048
0.520729
0.391413
0.389283
0.17371
0.627644
0.613743
0.381314
0.592831
0.59583
0.472988
0.806375
0.670786
0.25528
0.184695
0.227615
0.567623
0.60938
0.539595
0.694717
0.438506
0.400454
0.389104
0.262331
0.272167
0.624535
0.52124
0.322075
0.311872
0.444017
0.323138
0.253816
0.410656
0.596144
0.524636
0.366485
0.42233
0.442837
0.553879
0.34984
0.532296
0.4543
0.333996
0.233885
0.495201
0.647612
0.69323
0.587819
0.787976
0.575801
0.360394
0.351972
0.768781
0.760909
0.444259
0.615837
0.62698
0.645847
0.781264
0.695407
0.465921
0.811805
0.605982
0.251006
0.372033
0.425995
0.439048
0.68093
0.560822
0.651721
0.610523
0.416389
0.266656
0.187213
0.583018
0.35025
0.583057
0.266849
0.608592
0.808283
0.765164
0.538896
0.407403
0.433719
0.721067
0.355788
0.582171
0.352014
0.532954
0.419199
0.562274
0.458733
0.195036
0.603441
0.446976
0.773317
0.509473
0.442389
0.391132
0.533639
0.764233
0.127143
0.611845
0.44369
0.458534
0.291752
0.580734
0.467178
0.316602
0.345092
0.320913
0.385402
0.690405
0.735265
0.194567
0.808675
0.425215
0.687049
0.65067
0.278146
0.420691
0.459084
0.701286
0.548434
0.880565
0.466397
0.601049
0.49492
0.532482
0.260897
0.603634
0.267964
0.519527
0.527532
0.640917
0.609414
0.330482
0.221363
0.621617
0.808945
0.504473
0.640025
0.677056
0.461057
0.552278
0.277217
0.419551
0.371626
0.559577
0.364201
0.378634
0.0702811
0.0991704
0.487425
0.589886
0.357678
0.545667
0.595245
0.439535
0.465405
0.333759
0.547468
0.350869
0.23928
0.483518
0.537842
0.365479
0.480624
0.36373
0.433014
0.513384
0.598884
0.718137
0.470788
0.731605
0.811774
0.15774
0.442874
0.391493
0.575879
0.686803
0.66426
0.569046
0.739609
0.286536
0.362347
0.471132
0.610674
0.711289
0.211538
0.606118
0.282525
0.217245
0.315049
0.478921
0.260192
0.713198
0.331854
0.510949
0.455399
0.411002
0.44748
0.341339
0.638059
0.417402
0.558526
0.724429
0.788396
0.650536
0.56262
0.393658
0.374562
0.462033
0.146393
0.268605
0.63268
0.721603
0.519973
0.421341
0.562431
0.207869
0.348369
0.39934
0.715473
0.456902
0.316541
0.360744
0.621268
0.601792
0.589161
0.476648
0.571656
0.22339
0.255976
0.750943
0.709458
0.531659
0.671638
0.284803
0.539619
0.527009
0.501913
0.647647
0.237456
0.380147
0.321249
0.247245
0.298819
0.522767
0.595902
0.350113
0.190719
0.609445
0.6063
0.548337
0.445336
0.852881
0.534123
0.619489
0.687294
0.52054
0.400181
0.428597
0.349818
0.724628
0.739818
0.415287
0.807711
0.496839
0.409041
0.528756
0.519376
0.482638
0.407114
0.212508
0.576666
0.395416
0.708314
0.454206
0.558057
0.460973
0.55971
0.685243
0.380214
0.290147
0.213963
0.381804
0.256076
0.618426
0.431593
0.286727
0.402375
0.832881
0.39252
0.53554
0.336011
0.366089
0.436431
0.354118
0.527661
0.748119
0.454784
0.382989
0.278072
0.422634
0.381003
0.485407
0.581166
0.413549
0.614615
0.450673
0.436248
0.480081
0.695807
0.409204
0.765489
0.436428
0.726694
0.390192
0.676027
0.597509
0.636389
0.395571
0.370568
0.614361
0.412018
0.348195
0.345773
0.229184
0.651719
0.771101
0.611784
0.335009
0.304023
0.802016
0.537687
0.303273
0.421316
0.303863
0.460174
0.65613
0.301451
0.818976
0.300714
0.464627
0.763976
0.447184
0.566203
0.348351
0.363179
0.514461
0.403254
0.479849
0.717976
0.342018
0.512027
0.411604
0.425159
0.321736
0.40829
0.541823
0.585447
0.409308
0.656474
0.658841
0.460351
0.211868
0.884047
0.803953
0.622305
0.649542
0.762073
0.564126
0.205804
0.548351
0.529736
0.588315
0.339609
0.406694
0.747806
0.696611
0.646791
0.494738
0.514757
0.346675
0.395913
0.681202
0.628009
0.373685
0.642827
0.481501
0.411151
0.275599
0.802986
0.75827
0.643835
0.665984
0.437806
0.513695
0.742965
0.829978
0.305982
0.620284
0.435497
0.573781
0.54978
0.397267
0.715907
0.243234
0.666954
0.335397
0.507765
0.735283
0.35162
0.612197
0.459535
0.880542
0.510941
0.358526
0.54139
0.422552
0.532087
0.56527
0.445624
0.490375
0.386736
0.445924
0.299009
0.496793
0.567577
0.647265
0.306896
0.512747
0.416389
0.670358
0.299287
0.431583
0.338062
0.565646
0.736662
0.216474
0.692054
0.497173
0.420646
0.803629
0.419842
0.490838
0.502167
0.239209
0.425764
0.709037
0.479386
0.79586
0.382651
0.642096
0.519121
0.426264
0.76725
0.482123
0.606342
0.256952
0.609391
0.714353
0.412114
0.373994
0.510215
0.452281
0.25463
0.71495
0.410055
0.343648
0.358673
0.447471
0.608707
0.49974
0.242044
0.45031
0.850462
0.292491
0.283587
0.59359
0.522176
0.558354
0.365109
0.628858
0.761368
0.874372
0.634845
0.676338
0.56736
0.353707
0.48442
0.911205
0.834258
0.328697
0.699743
0.320767
0.343773
0.593524
0.572711
0.225322
0.546721
0.403679
0.376094
0.366084
0.584116
0.773844
0.70471
0.513317
0.892729
0.638393
0.499039
0.663083
0.794551
0.7585
0.684656
0.575336
0.521399
0.423121
0.571965
0.440064
0.459343
0.637807
0.286613
0.632832
0.245234
0.192519
0.393973
0.804464
0.722997
0.40813
0.591233
0.253639
0.632093
0.402306
0.615991
0.811391
0.664217
0.404009
0.640196
0.488972
0.544242
0.257311
0.359888
0.248316
0.539677
0.491954
0.263051
0.467645
0.366078
0.163194
0.69964
0.190807
0.701761
0.466708
0.460481
0.275503
0.602872
0.566268
0.364139
0.477263
0.283122
0.20988
0.486448
0.384888
0.536153
0.225388
0.144294
0.531226
0.525374
0.310847
0.759343
0.52332
0.687086
0.693578
0.505958
0.761271
0.476288
0.343939
0.615704
0.349103
0.634132
0.208344
0.491567
0.424062
0.355998
0.510941
0.366032
0.634212
0.922029
0.6316
0.47064
0.679289
0.531393
0.560361
0.454043
0.508377
0.719058
0.543113
0.672276
0.595774
0.739083
0.451598
0.424976
0.359255
0.528641
0.741682
0.701714
0.419479
0.294279
0.476272
0.542057
0.545468
0.639586
0.246217
0.407715
0.486407
0.515807
0.48061
0.252832
0.495258
0.106695
0.414245
0.528061
0.423169
0.152787
0.451929
0.632217
0.367073
0.223388
0.674928
0.496873
0.725224
0.549709
0.372238
0.41677
0.572704
0.347088
0.27408
0.316308
0.437609
0.633604
0.56944
0.628092
0.442139
0.566352
0.683224
0.476579
0.485199
0.549888
0.47827
0.395971
0.808631
0.722835
0.600112
0.885469
0.542654
0.578758
0.42557
0.433614
0.645999
0.721085
0.431027
0.308209
0.531492
0.498563
0.444475
0.688312
0.431207
0.541604
0.462256
0.587472
0.549791
0.492869
0.532906
0.657682
0.633755
0.250846
0.265984
0.577957
0.612318
0.357484
0.536713
0.724221
0.649458
0.575927
0.244618
0.623905
0.338636
0.485674
0.62365
0.619431
0.599697
0.281737
0.263743
0.530956
0.340669
0.561012
0.787645
0.449682
0.70823
0.653901
0.390992
0.669268
0.529322
0.734274
0.650313
0.59947
0.446184
0.185952
0.512654
0.75958
0.548651
0.30366
0.341643
0.273702
0.63518
0.759853
0.375246
0.371063
0.389223
0.556268
0.44424
0.449067
0.552087
0.528897
0.728827
0.532898
0.5962
0.463271
0.542171
0.242218
0.453206
0.36113
0.399212
0.463693
0.372451
0.351579
0.492916
0.502604
0.497582
0.413012
0.620832
0.254262
0.615966
0.500943
0.472581
0.467086
0.46512
0.510472
0.487338
0.399816
0.523888
0.504115
0.463652
0.571939
0.268716
0.517742
0.589964
0.367339
0.509453
0.512216
0.827915
0.672143
0.383966
0.440134
0.480719
0.569469
0.479546
0.501089
0.601243
0.634652
0.631846
0.301836
0.518684
0.530905
0.676186
0.437308
0.828668
0.218306
0.582452
0.530554
0.599772
0.677272
0.628331
0.694461
0.627226
0.328166
0.534746
0.334094
0.566512
0.382705
0.624361
0.604886
0.387429
0.803036
0.568243
0.703055
0.411491
0.681358
0.500334
0.628995
0.60165
0.528376
0.557788
0.552061
0.39263
0.712695
0.44472
0.283862
0.572695
0.196131
0.291898
0.452728
0.537218
0.531012
0.613418
0.694738
0.708323
0.458104
0.605329
0.414796
0.724477
0.365991
0.296118
0.417671
0.580767
0.207169
0.72756
0.23763
0.270212
0.439992
0.50986
0.695064
0.757776
0.270695
0.860718
0.415874
0.6916
0.362476
0.551195
0.882205
0.593363
0.579919
0.666483
0.773793
0.105605
0.599184
0.548173
0.75477
0.368904
0.22073
0.528382
0.589436
0.84404
0.553408
0.750608
0.441853
0.398525
0.675684
0.496859
0.618841
0.685361
0.398896
0.515186
0.826026
0.290222
0.700498
0.719744
0.475413
0.274511
0.635321
0.347581
0.411486
0.485773
0.640902
0.576694
0.593706
0.494167
0.731117
0.290174
0.549999
0.488317
0.587552
0.339757
0.176765
0.430325
0.174874
0.724559
0.532175
0.49311
0.58764
0.639851
0.42525
0.808867
0.44203
0.626141
0.731969
0.464465
0.181979
0.330813
0.30819
0.700983
0.464956
0.463714
0.40181
0.716808
0.482311
0.508693
0.4926
0.237372
0.171789
0.280003
0.187729
0.426992
0.512042
0.464142
0.469131
0.700722
0.199031
0.686433
0.635085
0.228246
0.604567
0.553428
0.726692
0.682988
0.651846
0.556812
0.552438
0.446997
0.28683
0.368801
0.37388
0.665272
0.450697
0.443543
0.427331
0.30875
0.605037
0.171598
0.545817
0.736757
0.363486
0.499761
0.476392
0.225033
0.274579
0.321685
0.604939
0.548774
0.278778
0.304708
0.363347
0.41336
0.357213
0.727812
0.543323
0.667094
0.294547
0.457756
0.465535
0.59636
0.385283
0.822011
0.455777
0.573447
0.111585
0.795449
0.479037
0.707791
0.298797
0.560494
0.476963
0.34265
0.697974
0.262321
0.45784
0.735696
0.569597
0.473691
0.49579
0.48463
0.230668
0.496884
0.750332
0.389547
0.457818
0.495758
0.276013
0.25767
0.589181
0.412276
0.726727
0.522412
0.47934
0.532394
0.323624
0.26378
0.507701
0.456618
0.683884
0.504101
0.525505
0.475167
0.615656
0.66246
0.552534
0.497959
0.535981
0.360439
0.334899
0.307371
0.474986
0.552051
0.381479
0.392565
0.183997
0.467089
0.504563
0.404158
0.441439
0.301553
0.593941
0.59676
0.470656
0.580489
0.611529
0.441501
0.617785
0.870376
0.562004
0.338142
0.370289
0.336799
0.294815
0.494572
0.326617
0.428862
0.609848
0.538402
0.535112
0.718864
0.323179
0.59299
0.334045
0.555327
0.781982
0.543921
0.520555
0.714535
0.411549
0.541373
0.711857
0.602402
0.542972
0.438419
0.275986
0.467126
0.515842
0.875493
0.621441
0.830032
0.74936
0.284195
0.479975
0.317151
0.531857
0.740364
0.24346
0.26121
0.461733
0.398253
0.687935
0.586888
0.749052
0.580086
0.413907
0.26274
0.621231
0.383558
0.711161
0.766014
0.730962
0.486958
0.259564
0.587052
0.300373
0.437083
0.159926
0.250678
0.510863
0.869222
0.254143
0.365652
0.486084
0.77859
0.326166
0.30333
0.103835
0.762822
0.640494
0.653515
0.49674
0.22049
0.553262
0.436474
0.34494
0.299403
0.750834
0.586604
0.841365
0.596443
0.608291
0.646781
0.634091
0.883788
0.406049
0.698445
0.264717
0.317726
0.669112
0.503502
0.635082
0.529369
0.620049
0.44623
0.220012
0.398737
0.364813
0.693403
0.338799
0.215838
0.275888
0.522312
0.404934
0.552691
0.53007
0.576932
0.492485
0.737231
0.610318
0.406521
0.619603
0.405897
0.285137
0.616979
0.551196
0.632575
0.242494
0.515115
0.390759
0.513726
0.73351
0.5357
0.357731
0.436643
0.110846
0.556728
0.554421
0.350339
0.645496
0.403216
0.369944
0.654299
0.70618
0.647767
0.633194
0.453987
0.301253
0.564442
0.429475
0.548805
0.409023
0.369212
0.384097
0.440313
0.20136
0.700311
0.47024
0.37545
0.554969
0.597231
0.328334
0.647513
0.616671
0.730428
0.53181
0.420379
0.730037
0.61118
0.405802
0.416135
0.275356
0.695845
0.305436
0.453866
0.405481
0.341336
0.457703
0.432745
0.873715
0.213143
0.532296
0.310769
0.358073
0.664901
0.696964
0.51394
0.215192
0.56427
0.561134
0.268609
0.720975
0.392551
0.678435
0.341952
0.62901
0.314094
0.589292
0.3722
0.63857
0.675694
0.528829
0.318715
0.562708
0.529269
0.557082
0.519819
0.356031
0.673327
0.673626
0.548315
0.548164
0.541117
0.34057
0.64603
0.494361
0.446932
0.671178
0.321722
0.441898
0.418589
0.125504
0.377349
0.577344
0.53559
0.699823
0.362454
0.27077
0.561464
0.311862
0.43207
0.588492
0.501355
0.74184
0.830734
0.840347
0.75561
0.661191
0.451626
0.443443
0.593688
0.235309
0.343502
0.818582
0.317933
0.32398
0.221013
0.0998832
0.561284
0.587983
0.381547
0.625258
0.598603
0.205314
0.360174
0.259491
0.540025
0.466149
0.423147
0.47134
0.102315
0.510495
0.546745
0.577962
0.200345
0.186173
0.632511
0.301868
0.505269
0.591626
0.496575
0.65663
0.61269
0.513659
0.607773
0.534725
0.547092
0.391281
0.615309
0.842426
0.252641
0.714822
0.557209
0.355397
0.500163
0.51701
0.441959
0.34536
0.550991
0.473597
0.323778
0.591594
0.662997
0.613903
0.400622
0.727611
0.398637
0.619364
0.583699
0.517683
0.422621
0.56504
0.292475
0.425762
0.374844
0.170723
0.637857
0.327636
0.550031
0.474836
0.397056
0.637604
0.180369
0.657124
0.162111
0.466311
0.199443
0.37785
0.676175
0.304048
0.82395
0.365722
0.750678
0.189256
0.576218
0.499156
0.718982
0.37826
0.865246
0.74219
0.742349
0.297382
0.419946
0.338301
0.39941
0.431569
0.459372
0.318112
0.329068
0.63152
0.651691
0.524006
0.73738
0.565588
0.744379
0.577281
0.64369
0.613072
0.424323
0.624421
0.496183
0.582456
0.596772
0.442136
0.408456
0.547276
0.392391
0.564504
0.276961
0.743327
0.618045
0.559571
0.131367
0.231788
0.616246
0.331433
0.287228
0.552668
0.407251
0.625946
0.764039
0.635299
0.467643
0.574052
0.897227
0.175854
0.387556
0.614138
0.515245
0.695398
0.21065
0.523345
0.222249
0.329961
0.688397
0.617714
0.48242
0.631901
0.592545
0.377706
0.61425
0.78258
0.506139
0.441991
0.585705
0.248031
0.460967
0.576088
0.778759
0.284241
0.641477
0.715663
0.632168
0.497192
0.459451
0.890571
0.5866
0.513287
0.54142
0.503012
0.535152
0.460899
0.576747
0.674174
0.19096
0.761106
0.157377
0.498991
0.431731
0.480432
0.402802
0.566557
0.788863
0.63059
0.268806
0.220775
0.346942
0.510978
0.375945
0.489529
0.615428
0.294743
0.613896
0.503334
0.479806
0.488985
0.424928
0.522777
0.52952
0.532301
0.548343
0.729561
0.466814
0.288015
0.549467
0.571136
0.507039
0.489644
0.353659
0.577746
0.779948
0.352
0.710408
0.284931
0.503293
0.579863
0.404337
0.317217
0.738602
0.67101
0.248918
0.47414
0.478594
0.453953
0.511931
0.493512
0.457833
0.736646
0.589945
0.265637
0.568051
0.565656
0.560337
0.550837
0.419341
0.148649
0.541822
0.4904
0.417545
0.833939
0.363589
0.541772
0.569641
0.641365
0.748001
0.587682
0.269735
0.61866
0.515424
0.572235
0.588857
0.458167
0.445259
0.342451
0.466626
0.665719
0.19187
0.690262
0.566635
0.557305
0.301822
0.697534
0.305383
0.181283
0.414395
0.550205
0.768955
0.417138
0.415503
0.369537
0.64181
0.427056
0.514818
0.369499
0.481062
0.555734
0.546105
0.381058
0.614373
0.523505
0.464463
0.443203
0.733971
0.622631
0.337954
0.56769
0.694365
0.505386
0.67205
0.792043
0.398472
0.392582
0.32426
0.293444
0.287986
0.427142
0.484403
0.726101
0.661128
0.525595
0.561627
0.67916
0.323777
0.464862
0.607765
0.541812
0.614882
0.554601
0.487186
0.615311
0.654056
0.506387
0.338741
0.567985
0.602464
0.554907
0.689124
0.693188
0.348324
0.66192
0.852606
0.670451
0.71058
0.671602
0.400519
0.613635
0.393485
0.464094
0.50961
0.44799
0.426776
0.798927
0.666385
0.620088
0.273386
0.258829
0.540314
0.371042
0.272317
0.219274
0.62794
0.386156
0.378713
0.416635
0.558852
0.362806
0.546676
0.585689
0.216456
0.567298
0.197611
0.518043
0.461776
0.79948
0.495668
0.603703
0.418151
0.567892
0.424269
0.253459
0.399661
0.612837
0.245862
0.469546
0.494915
0.312697
0.830366
0.426842
0.65907
0.780496
0.39933
0.552092
0.45647
0.611758
0.639485
0.4975
0.463681
0.320662
0.588393
0.632081
0.677857
0.403846
0.22725
0.535059
0.228778
0.301966
0.883137
0.567489
0.508625
0.421922
0.573494
0.299269
0.349524
0.668771
0.391711
0.205098
0.693407
0.311793
0.683759
0.05538
0.503845
0.867824
0.694878
0.371989
0.417705
0.618558
0.509269
0.697406
0.371948
0.676899
0.578537
0.523503
0.474341
0.334759
0.727233
0.775705
0.616575
0.613224
0.537707
0.429581
0.748526
0.545952
0.763485
0.445203
0.597655
0.505928
0.722734
0.482551
0.609436
0.447008
0.647161
0.499696
0.278711
0.585588
0.383237
0.473089
0.540364
0.635971
0.348972
0.535897
0.453644
0.775332
0.43758
0.673951
0.437807
0.788224
0.503965
0.565015
0.447871
0.428538
0.55543
0.459715
0.462305
0.905512
0.189858
0.392875
0.494043
0.881163
0.421545
0.475293
0.463853
0.32204
0.389703
0.488704
0.716271
0.205672
0.317048
0.212977
0.498834
0.533263
0.579511
0.524278
0.411372
0.468201
0.476695
0.43395
0.470385
0.692354
0.880774
0.622548
0.757674
0.267838
0.52377
0.175529
0.45993
0.627742
0.404717
0.608147
0.544834
0.376598
0.648135
0.453267
0.540916
0.139427
0.122759
0.534542
0.335173
0.567558
0.41109
0.530672
0.109929
0.465275
0.492865
0.474259
0.638241
0.549989
0.466292
0.45552
0.368673
0.504393
0.487478
0.332626
0.539079
0.32423
0.41241
0.783707
0.542769
0.643211
0.605573
0.282126
0.100175
0.558708
0.77378
0.362778
0.396639
0.517503
0.575713
0.646824
0.424176
0.777115
0.406793
0.727604
0.597886
0.760354
0.768862
0.694641
0.518994
0.2251
0.451966
0.403502
0.832872
0.398755
0.505692
0.819268
0.715626
0.596383
0.29479
0.550804
0.277695
0.403272
0.129989
0.346852
0.351953
0.671245
0.529013
0.585999
0.752045
0.632869
0.260789
0.68492
0.752785
0.355911
0.634133
0.678292
0.294258
0.717115
0.697691
0.409338
0.541032
0.276045
0.651154
0.34657
0.66082
0.613938
0.36985
0.492473
0.673542
0.304766
0.233709
0.437101
0.706092
0.672922
0.489298
0.54567
0.641435
0.195364
0.398986
0.213487
0.404641
0.688396
0.360281
0.681577
0.67511
0.507717
0.437603
0.470705
0.439363
0.310075
0.441478
0.396766
0.548664
0.26549
0.763872
0.494597
0.460246
0.62494
0.590638
0.399194
0.687216
0.591743
0.664315
0.660141
0.654424
0.732526
0.60804
0.558292
0.743469
0.276929
0.266235
0.496398
0.824795
0.373405
0.569511
0.471243
0.293623
0.168852
0.599567
0.476307
0.751965
0.4708
0.334926
0.517246
0.807258
0.438827
0.364172
0.615703
0.879264
0.474542
0.367473
0.378999
0.237911
0.505521
0.274502
0.187951
0.646363
0.321726
0.602465
0.513879
0.460578
0.354339
0.300833
0.478384
0.437005
0.649377
0.562176
0.623067
0.349481
0.509069
0.427686
0.51646
0.433858
0.277906
0.558351
0.461762
0.543947
0.66059
0.37233
0.466339
0.355092
0.596771
0.656729
0.357747
0.559023
0.601285
0.716029
0.495292
0.749813
0.658869
0.0981019
0.558809
0.193618
0.653543
0.764613
0.473837
0.586066
0.527842
0.411435
0.678589
0.839406
0.549608
0.839735
0.458514
0.609331
0.389251
0.18311
0.388741
0.631574
0.384738
0.607763
0.234371
0.380994
0.46589
0.695677
0.445964
0.407918
0.492854
0.479701
0.582925
0.692168
0.535959
0.75305
0.479133
0.155667
0.216913
0.396115
0.392506
0.521467
0.173797
0.300049
0.694122
0.692464
0.231785
0.779154
0.57492
0.532878
0.382978
0.589426
0.448855
0.74919
0.658778
0.422678
0.328538
0.291461
0.737569
0.64883
0.84189
0.397657
0.354856
0.601284
0.259897
0.577128
0.822461
0.320341
0.711058
0.562474
0.465965
0.709597
0.243776
0.400011
0.334637
0.519589
0.421147
0.506739
0.269426
0.294653
0.665357
0.898457
0.674079
0.256617
0.197843
0.352453
0.495088
0.416446
0.514249
0.565616
0.215585
0.376677
0.53923
0.555279
0.375432
0.531478
0.355516
0.536411
0.377957
0.249354
0.739438
0.466138
0.297937
0.20811
0.487329
0.640006
0.427945
0.758709
0.458074
0.679233
0.785162
0.283891
0.608555
0.250324
0.67315
0.592371
0.564016
0.453924
0.276083
0.564038
0.729078
0.315514
0.310699
0.660155
0.83958
0.439993
0.492779
0.169955
0.527682
0.316363
0.706999
0.492968
0.550968
0.565353
0.716225
0.510631
0.563467
0.627013
0.288137
0.347135
0.706675
0.595672
0.397236
0.567869
0.677129
0.495417
0.52066
0.46777
0.370458
0.87992
0.526583
0.425199
0.577939
0.292674
0.325061
0.880843
0.669548
0.487921
0.415562
0.396793
0.667571
0.466129
0.689467
0.520441
0.808717
0.325539
0.661328
0.393269
0.60314
0.437825
0.571957
0.788735
0.466551
0.546859
0.423508
0.296072
0.615447
0.517313
0.730085
0.458024
0.411907
0.6706
0.386682
0.434339
0.841286
0.412841
0.562139
0.156886
0.702559
0.583407
0.593842
0.767968
0.567335
0.460721
0.386465
0.536015
0.414692
0.408883
0.375665
0.411184
0.650988
0.249342
0.489495
0.583638
0.500949
0.371606
0.535974
0.348987
0.480506
0.558407
0.739883
0.122281
0.419662
0.623282
0.785158
0.271159
0.663003
0.79897
0.262156
0.601316
0.618679
0.523557
0.473851
0.374919
0.184166
0.425645
0.588392
0.56992
0.460424
0.747594
0.635561
0.767917
0.734738
0.432339
0.860728
0.672753
0.407262
0.492882
0.532472
0.404695
0.579168
0.370324
0.707666
0.655831
0.24784
0.312319
0.646723
0.312009
0.751305
0.342448
0.696398
0.702772
0.502469
0.709341
0.369967
0.534826
0.500704
0.796431
0.771871
0.441775
0.232228
0.260402
0.517101
0.432105
0.447619
0.330137
0.497577
0.504684
0.625556
0.347195
0.892249
0.336193
0.501753
0.465894
0.546557
0.248028
0.614324
0.585536
0.46647
0.495303
0.592671
0.115877
0.753695
0.495277
0.712178
0.396586
0.2872
0.644969
0.648473
0.246384
0.132202
0.596383
0.27117
0.212273
0.362498
0.168269
0.377138
0.388824
0.578157
0.391708
0.418448
0.207207
0.448706
0.606102
0.585312
0.472685
0.537068
0.812626
0.396394
0.537237
0.918163
0.26767
0.345459
0.637409
0.352428
0.183748
0.553641
0.173539
0.360867
0.201133
0.627669
0.549236
0.691333
0.478584
0.821036
0.550695
0.280317
0.481653
0.713538
0.305723
0.679878
0.821481
0.489007
0.397574
0.51267
0.658784
0.806593
0.588105
0.181163
0.423829
0.14772
0.624431
0.496394
0.277487
0.413208
0.653327
0.678063
0.558564
0.425515
0.331655
0.58013
0.646755
0.6233
0.710025
0.481349
0.447181
0.331004
0.218524
0.846219
0.477132
0.371276
0.196068
0.804729
0.391142
0.903338
0.237346
0.446189
0.309841
0.771362
0.469393
0.29851
0.458075
0.503367
0.592964
0.525918
0.81583
0.364294
0.438843
0.579529
0.865871
0.435882
0.462948
0.46204
0.386124
0.251014
0.364205
0.470154
0.561255
0.67966
0.443391
0.670893
0.632184
0.290195
0.444596
0.396762
0.363807
0.317859
0.375602
0.353505
0.466358
0.466742
0.225176
0.698257
0.441554
0.139493
0.546872
0.538181
0.338129
0.531281
0.617129
0.457789
0.800274
0.490196
0.617236
0.342783
0.628315
0.399288
0.778318
0.229338
0.572205
0.787039
0.670342
0.168511
0.483922
0.583042
0.575354
0.351752
0.84747
0.511265
0.52031
0.555892
0.177859
0.443235
0.841925
0.426326
0.603446
0.621066
0.494301
0.681699
0.399909
0.623278
0.496575
0.313267
0.619932
0.517259
0.352619
0.619434
0.728519
0.667959
0.452224
0.677564
0.788195
0.614683
0.471036
0.192367
0.563518
0.196013
0.473075
0.685714
0.596285
0.554505
0.227088
0.183675
0.684674
0.426447
0.711967
0.588224
0.468231
0.470934
0.70332
0.499625
0.67324
0.351334
0.592948
0.618788
0.717378
0.49988
0.679184
0.608911
0.693435
0.403121
0.322903
0.566144
0.477655
0.220396
0.429506
0.537703
0.578032
0.748984
0.289448
0.528942
0.434257
0.618792
0.414518
0.552106
0.463691
0.358478
0.596398
0.747382
0.487056
0.126922
0.534302
0.407838
0.377265
0.733506
0.669778
0.351382
0.646067
0.310222
0.562606
0.690773
0.850722
0.661699
0.569809
0.706803
0.478512
0.534341
0.337823
0.645062
0.506293
0.222094
0.367618
0.445574
0.634657
0.421622
0.606033
0.321089
0.604845
0.202356
0.356219
0.899013
0.708162
0.120271
0.74886
0.540218
0.456113
0.412957
0.630299
0.516269
0.269327
0.683169
0.320978
0.733875
0.349182
0.772389
0.688461
0.608291
0.346488
0.189834
0.368309
0.504156
0.275519
0.488682
0.851581
0.411999
0.588494
0.644159
0.565026
0.438768
0.518327
0.509473
0.451712
0.686152
0.153048
0.475447
0.628683
0.62778
0.504218
0.655736
0.594298
0.496368
0.698363
0.327719
0.248204
0.47355
0.489675
0.49294
0.498925
0.521862
0.709122
0.0754837
0.555661
0.424918
0.351992
0.361252
0.313808
0.454127
0.762062
0.653293
0.323191
0.535629
0.305865
0.416721
0.543365
0.85789
0.565024
0.331289
0.570935
0.578318
0.439021
0.361584
0.493186
0.560655
0.685997
0.509724
0.797287
0.505969
0.553423
0.430465
0.422528
0.562259
0.825526
0.275362
0.58896
0.675758
0.579133
0.483779
0.734433
0.610182
0.276871
0.528404
0.602096
0.769125
0.462729
0.406641
0.527705
0.303127
0.530164
0.783521
0.493549
0.42325
0.254415
0.421091
0.516633
0.531383
0.142802
0.439322
0.323515
0.233026
0.461053
0.391436
0.693469
0.237564
0.685196
0.397187
0.246912
0.322315
0.596303
0.403717
0.165336
0.552338
0.445313
0.726128
0.627976
0.452153
0.243799
0.497266
0.341353
0.659845
0.637317
0.615281
0.383748
0.298305
0.521572
0.419204
0.410765
0.276818
0.442296
0.796388
0.387538
0.424417
0.59569
0.661369
0.50532
0.387898
0.312564
0.621863
0.476321
0.600088
0.505006
0.490352
0.412453
0.533892
0.262057
0.383154
0.6731
0.465393
0.360363
0.194978
0.533306
0.499899
0.677188
0.58234
0.656466
0.458075
0.303848
0.351763
0.294588
0.362828
0.515204
0.394008
0.285014
0.730223
0.790124
0.547526
0.0924267
0.532973
0.610599
0.474377
0.447121
0.48757
0.449144
0.366175
0.73632
0.661938
0.517836
0.59038
0.323691
0.120154
0.340978
0.543725
0.938793
0.42267
0.547139
0.586337
0.322661
0.324413
0.819069
0.688389
0.327985
0.196664
0.399443
0.646637
0.46948
0.477368
0.478034
0.517974
0.746209
0.628505
0.743481
0.649379
0.583972
0.47991
0.442682
0.517951
0.570841
0.162247
0.535639
0.638406
0.474416
0.471754
0.223057
0.27059
0.45468
0.390899
0.528393
0.402708
0.634194
0.568685
0.515888
0.448385
0.56459
0.329591
0.912504
0.509616
0.535119
0.416583
0.67594
0.270333
0.433015
0.564807
0.391666
0.558118
0.241086
0.563099
0.444693
0.420799
0.593621
0.636327
0.529284
0.567736
0.382766
0.41675
0.575191
0.361045
0.583113
0.642041
0.268962
0.629964
0.5386
0.561221
0.564204
0.623004
0.656246
0.585042
0.446239
0.556702
0.426091
0.419893
0.462556
0.396874
0.34688
0.407572
0.546015
0.596731
0.686947
0.388666
0.68181
0.1753
0.814532
0.643997
0.584403
0.356983
0.450001
0.90735
0.516861
0.397233
0.743384
0.50848
0.805643
0.526989
0.610423
0.187936
0.426305
0.610729
0.74234
0.345626
0.550694
0.19563
0.539092
0.461965
0.622198
0.645974
0.397173
0.714181
0.507649
0.469225
0.398927
0.648911
0.551406
0.657622
0.349163
0.611494
0.595143
0.415769
0.395325
0.616354
0.402213
0.659258
0.68537
0.479924
0.625072
0.738367
0.459117
0.700819
0.842083
0.332241
0.524047
0.665656
0.640351
0.355019
0.385809
0.551972
0.452264
0.44659
0.631147
0.592192
0.426874
0.565138
0.334467
0.65264
0.438832
0.516001
0.54385
0.398428
0.156605
0.048984
0.489955
0.385944
0.167902
0.656178
0.671184
0.507994
0.43051
0.241056
0.28017
0.602272
0.561632
0.358414
0.856797
0.209198
0.489429
0.642636
0.481939
0.282642
0.401432
0.695756
0.258044
0.833355
0.381156
0.391893
0.845484
0.43477
0.782052
0.346907
0.785582
0.52359
0.746341
0.559055
0.517753
0.126996
0.344992
0.753343
0.425074
0.886325
0.281019
0.512412
0.549463
0.563299
0.158588
0.717988
0.527637
0.346974
0.516246
0.308351
0.462767
0.329833
0.538599
0.475768
0.608104
0.456476
0.325508
0.728506
0.569342
0.399782
0.717013
0.717569
0.66349
0.38295
0.528249
0.319576
0.129089
0.502247
0.401584
0.562754
0.518204
0.706202
0.436377
0.586248
0.194185
0.375557
0.590854
0.384939
0.55083
0.745458
0.856643
0.345105
0.425311
0.569292
0.185871
0.701052
0.693126
0.659142
0.248593
0.500644
0.296387
0.16569
0.637068
0.701515
0.481878
0.793174
0.445528
0.486961
0.587929
0.726651
0.416182
0.429775
0.52167
0.554365
0.574383
0.663568
0.573652
0.603919
0.50873
0.778865
0.648335
0.448145
0.226474
0.394574
0.497026
0.47727
0.715627
0.694723
0.368607
0.511627
0.534559
0.377044
0.480706
0.608542
0.333135
0.593804
0.791503
0.527333
0.602697
0.683443
0.578827
0.81825
0.415109
0.682875
0.594413
0.45302
0.380554
0.277992
0.603349
0.606233
0.310435
0.611723
0.248535
0.115693
0.573154
0.457515
0.297739
0.814992
0.178302
0.694833
0.430758
0.392989
0.53061
0.753947
0.394123
0.774096
0.38125
0.47261
0.605733
0.509458
0.270014
0.651434
0.740465
0.632905
0.373998
0.313048
0.506021
0.375358
0.510225
0.682537
0.688866
0.586929
0.611684
0.414263
0.669843
0.424905
0.516273
0.742132
0.628145
0.596978
0.760903
0.290302
0.315097
0.836021
0.320295
0.460887
0.25675
0.656693
0.444183
0.60716
0.301614
0.334624
0.510279
0.545905
0.592441
0.682881
0.550003
0.749588
0.427772
0.336599
0.589712
0.45775
0.469741
0.351149
0.462679
0.742138
0.489219
0.293235
0.577272
0.650469
0.384868
0.676553
0.409591
0.453207
0.396601
0.44772
0.369207
0.521173
0.677437
0.511983
0.153782
0.712027
0.53916
0.447884
0.428049
0.531451
0.521936
0.739279
0.144743
0.398889
0.491893
0.393891
0.58986
0.674531
0.706518
0.426067
0.645807
0.395045
0.428903
0.595489
0.531514
0.236151
0.368747
0.615212
0.616322
0.500756
0.55808
0.571948
0.376393
0.633715
0.404122
0.370164
0.240713
0.381112
0.532206
0.648724
0.7079
0.350709
0.496952
0.551669
0.63131
0.612932
0.452391
0.555063
0.572002
0.278308
0.644377
0.54939
0.720755
0.315547
0.428053
0.372703
0.549414
0.80015
0.319691
0.502506
0.702882
0.320286
0.360126
0.360946
0.664846
0.376215
0.7174
0.416417
0.578263
0.367976
0.337491
0.587705
0.441763
0.864138
0.506115
0.351559
0.0786691
0.420788
0.447442
0.596233
0.472965
0.361233
0.51999
0.525054
0.483669
0.500918
0.565943
0.533215
0.459975
0.624567
0.178089
0.393115
0.602321
0.523945
0.479278
0.255697
0.777711
0.463038
0.800665
0.571861
0.473538
0.379198
0.495304
0.255297
0.245316
0.22781
0.391696
0.473072
0.806788
0.689814
0.196675
0.454931
0.595822
0.322399
0.544939
0.446103
0.840389
0.594674
0.503387
0.379253
0.470041
0.177773
0.90612
0.694437
0.804449
0.533061
0.41443
0.541815
0.280227
0.72444
0.420141
0.608357
0.539394
0.380747
0.688358
0.462893
0.330109
0.375895
0.409208
0.424124
0.705834
0.716536
0.63336
0.19875
0.473024
0.249413
0.699031
0.284755
0.427075
0.491131
0.442398
0.292386
0.67262
0.790904
0.86896
0.171378
0.798729
0.592204
0.794784
0.647625
0.434066
0.473817
0.581481
0.463837
0.480424
0.417383
0.752227
0.649351
0.864747
0.474495
0.513558
0.408138
0.552761
0.580546
0.638145
0.236184
0.435269
0.187986
0.666844
0.516327
0.644892
0.619641
0.270736
0.244485
0.677603
0.472372
0.775881
0.568311
0.347895
0.379598
0.62272
0.517752
0.744062
0.596308
0.496255
0.424819
0.126346
0.611741
0.704012
0.679719
0.625141
0.346841
0.371758
0.296272
0.325295
0.594764
0.541032
0.436313
0.552768
0.632881
0.584162
0.443674
0.108764
0.90852
0.558025
0.467545
0.364872
0.527069
0.514583
0.514905
0.258969
0.213885
0.451542
0.72891
0.710676
0.358751
0.525003
0.509446
0.379449
0.676434
0.455905
0.63615
0.26715
0.536501
0.768876
0.383499
0.179984
0.51871
0.391584
0.490685
0.615572
0.240214
0.594314
0.555488
0.510184
0.428668
0.736762
0.282357
0.426482
0.313586
0.545419
0.0491343
0.318342
0.523914
0.498133
0.681205
0.454851
0.274328
0.763527
0.384372
0.409443
0.605848
0.546976
0.600999
0.554955
0.341944
0.74054
0.595217
0.427637
0.534808
0.330683
0.517378
0.48629
0.427775
0.547739
0.585114
0.56076
0.383535
0.13489
0.752709
0.697892
0.806129
0.188851
0.757473
0.390912
0.581553
0.357167
0.531624
0.215269
0.355229
0.272391
0.482176
0.429027
0.547619
0.22653
0.43212
0.545162
0.489134
0.432008
0.477702
0.172834
0.654365
0.397196
0.240587
0.491876
0.530035
0.511444
0.603225
0.349819
0.445447
0.193264
0.49843
0.278269
0.294445
0.806133
0.532285
0.68329
0.830845
0.316883
0.203056
0.384661
0.753341
0.283008
0.319296
0.716863
0.187141
0.555691
0.197001
0.393298
0.442131
0.350468
0.639086
0.617494
0.55325
0.436195
0.74573
0.521146
0.841179
0.421693
0.477676
0.449407
0.771616
0.534685
0.333959
0.43985
0.221774
0.20656
0.279725
0.171068
0.480196
0.609761
0.468814
0.418526
0.455618
0.713603
0.347809
0.554605
0.645079
0.527209
0.599101
0.782709
0.351724
0.343897
0.307531
0.361838
0.170584
0.775416
0.476744
0.49468
0.546155
0.546597
0.700554
0.43335
0.366509
0.217824
0.399109
0.659703
0.494157
0.614608
0.244837
0.523477
0.357579
0.598083
0.446035
0.616233
0.70081
0.328415
0.34108
0.411327
0.221254
0.53684
0.729696
0.642513
0.642079
0.30649
0.339909
0.702748
0.403787
0.66993
0.475562
0.207138
0.539745
0.425258
0.915747
0.477053
0.790563
0.509378
0.448673
0.440543
0.927762
0.53031
0.6205
0.52545
0.362091
0.561067
0.497911
0.441193
0.784213
0.540127
0.313249
0.708683
0.651531
0.539611
0.811921
0.487952
0.568744
0.610641
0.347678
0.596193
0.899985
0.515065
0.530455
0.208616
0.800324
0.283481
0.480361
0.371348
0.548596
0.841124
0.300894
0.253953
0.834229
0.482851
0.440227
0.663739
0.845198
0.416892
0.544795
0.380092
0.583769
0.522192
0.63925
0.500124
0.544412
0.557659
0.603663
0.716478
0.414671
0.598829
0.606614
0.617047
0.277096
0.494207
0.566551
0.391754
0.651643
0.592711
0.393334
0.617083
0.491234
0.61853
0.444781
0.605994
0.41071
0.344073
0.421493
0.543766
0.588339
0.379618
0.450811
0.674519
0.474193
0.297719
0.708681
0.397514
0.663969
0.539622
0.459307
0.526225
0.657597
0.802061
0.417061
0.582967
0.107942
0.32817
0.945214
0.617888
0.57929
0.438874
0.591231
0.267099
0.562694
0.547601
0.472953
0.558553
0.601253
0.535192
0.0929094
0.470536
0.376877
0.551004
0.485993
0.258322
0.629114
0.471589
0.44686
0.411807
0.0591385
0.571596
0.383672
0.456886
0.775443
0.551546
0.248028
0.509007
0.667378
0.792794
0.33894
0.382278
0.601852
0.701103
0.611226
0.182275
0.89492
0.47995
0.673334
0.373071
0.429547
0.460093
0.538587
0.526942
0.503741
0.447221
0.530615
0.567366
0.377907
0.605801
0.369737
0.707789
0.706036
0.43966
0.411466
0.886313
0.689734
0.316933
0.665158
0.55962
0.109115
0.338107
0.848447
0.518386
0.530083
0.707033
0.287943
0.70163
0.581407
0.442764
0.779702
0.610019
0.803022
0.165182
0.426356
0.482808
0.536089
0.460461
0.355032
0.888344
0.283884
0.571384
0.505992
0.606215
0.329957
0.21062
0.312261
0.482851
0.180373
0.437776
0.709198
0.331397
0.405555
0.142384
0.361945
0.607898
0.44744
0.36466
0.484148
0.726493
0.797379
0.520341
0.547757
0.350755
0.454964
0.559125
0.653174
0.534651
0.678326
0.588775
0.641714
0.246658
0.277161
0.54353
0.519656
0.16667
0.407062
0.497661
0.620994
0.613396
0.271774
0.581559
0.725003
0.466529
0.717323
0.601095
0.156597
0.763125
0.411967
0.437423
0.521963
0.552065
0.599656
0.587176
0.49005
0.208453
0.357989
0.525833
0.607716
0.542841
0.398141
0.767474
0.416139
0.500025
0.508889
0.306628
0.366582
0.684503
0.34576
0.41088
0.660646
0.373855
0.257004
0.594961
0.307722
0.597002
0.52581
0.584089
0.742169
0.781817
0.379526
0.629187
0.314598
0.446379
0.406206
0.225954
0.436423
0.794755
0.608869
0.597328
0.383491
0.432835
0.315562
0.80209
0.553196
0.304482
0.260168
0.535863
0.484777
0.435144
0.51443
0.526063
0.890455
0.575325
0.359961
0.414999
0.366175
0.619519
0.528746
0.461006
0.613532
0.674356
0.348398
0.47912
0.531941
0.309988
0.48872
0.497104
0.586644
0.642155
0.451383
0.519847
0.27581
0.42712
0.688376
0.569572
0.359115
0.619451
0.572319
0.722039
0.518579
0.332498
0.448846
0.205016
0.246301
0.686018
0.368893
0.373421
0.636745
0.301149
0.632122
0.228249
0.578681
0.230028
0.39189
0.399799
0.466669
0.416383
0.478204
0.559907
0.721895
0.582114
0.437177
0.379839
0.562609
0.441238
0.493888
0.487703
0.562256
0.418535
0.598505
0.739631
0.5767
0.834719
0.572613
0.60079
0.806625
0.395561
0.574612
0.22764
0.647798
0.549049
0.0384637
0.73752
0.328955
0.622342
0.24564
0.191878
0.267539
0.899803
0.550267
0.47851
0.575112
0.578899
0.39133
0.623188
0.569126
0.643858
0.773714
0.586088
0.379406
0.606042
0.343375
0.72474
0.357444
0.764061
0.430625
0.681147
0.450532
0.468379
0.680063
0.584918
0.467952
0.677566
0.764802
0.359254
0.584759
0.386758
0.782934
0.368657
0.53988
0.323783
0.623418
0.879498
0.360178
0.352488
0.515922
0.63434
0.683098
0.514258
0.908251
0.512031
0.657611
0.472568
0.457397
0.596267
0.807786
0.707448
0.768881
0.603571
0.17474
0.55279
0.347907
0.719761
0.571534
0.339413
0.59032
0.74761
0.483488
0.437467
0.378052
0.623867
0.313257
0.330421
0.237061
0.127695
0.459976
0.79054
0.631639
0.54198
0.32048
0.397189
0.820847
0.47131
0.424852
0.356321
0.0858781
0.553658
0.316307
0.331112
0.460651
0.441857
0.40273
0.612505
0.386129
0.451226
0.487896
0.454239
0.100364
0.0403637
0.209634
0.456576
0.490963
0.442702
0.376337
0.703715
0.77584
0.353528
0.606624
0.482754
0.557384
0.584622
0.508352
0.555146
0.444976
0.437185
0.516245
0.510159
0.772671
0.884542
0.773311
0.609291
0.612332
0.597588
0.28607
0.647193
0.571672
0.413439
0.901244
0.467925
0.493466
0.827024
0.533743
0.655679
0.140042
0.522734
0.645597
0.513626
0.373667
0.665287
0.553898
0.710961
0.29459
0.702742
0.418345
0.384693
0.45445
0.62763
0.275765
0.507698
0.751899
0.415594
0.498133
0.300323
0.51566
0.563175
0.664606
0.702098
0.445413
0.719364
0.534328
0.275943
0.484728
0.551852
0.59357
0.243169
0.262808
0.338059
0.234561
0.340868
0.164113
0.54628
0.575181
0.228282
0.349539
0.690824
0.517254
0.130193
0.589971
0.250794
0.333484
0.521822
0.294375
0.606634
0.366968
0.336804
0.446268
0.369796
0.685497
0.500061
0.74517
0.351112
0.482649
0.477449
0.305558
0.685103
0.584073
0.263932
0.631352
0.513343
0.890222
0.582431
0.210481
0.770223
0.453589
0.827344
0.193717
0.575956
0.668177
0.428255
0.582047
0.518696
0.458338
0.475573
0.442037
0.287954
0.474548
0.129808
0.641941
0.720229
0.747777
0.695937
0.476729
0.610165
0.332523
0.626763
0.466423
0.329165
0.689609
0.478119
0.322446
0.67443
0.463316
0.504501
0.448899
0.50151
0.630967
0.697554
0.528844
0.556331
0.5155
0.349593
0.336926
0.595815
0.819742
0.73212
0.463735
0.374198
0.663021
0.453835
0.79389
0.473243
0.439099
0.753401
0.622885
0.294149
0.396328
0.482257
0.282629
0.592933
0.591644
0.612297
0.409014
0.108841
0.412453
0.709437
0.311105
0.580403
0.849054
0.238116
0.356599
0.499636
0.153746
0.604927
0.385548
0.482566
0.324727
0.657113
0.699045
0.554821
0.918
0.579156
0.384372
0.479562
0.464672
0.444158
0.157176
0.600177
0.398276
0.585958
0.496454
0.401068
0.551981
0.649679
0.539617
0.569505
0.342102
0.350147
0.0269148
0.659759
0.616186
0.660096
0.519694
0.334677
0.413599
0.581635
0.595522
0.500357
0.363934
0.720106
0.456767
0.62776
0.631809
0.65155
0.537343
0.436048
0.568386
0.302879
0.362306
0.421418
0.610707
0.507225
0.328962
0.40483
0.738185
0.82607
0.405966
0.221724
0.574429
0.758528
0.273048
0.526673
0.499505
0.710891
0.380976
0.336228
0.431796
0.54445
0.479452
0.378188
0.299792
0.468366
0.634778
0.809685
0.400586
0.319447
0.715456
0.424786
0.446116
0.371196
0.45325
0.370229
0.440896
0.750482
0.294845
0.66113
0.791184
0.331549
0.43178
0.400023
0.421655
0.154631
0.501638
0.609005
0.576036
0.854427
0.640539
0.636444
0.171529
0.333562
0.766294
0.274163
0.696886
0.373096
0.394571
0.356126
0.688564
0.608455
0.596748
0.470392
0.317888
0.564098
0.505052
0.527852
0.468393
0.327019
0.780285
0.413155
0.635065
0.71788
0.349675
0.50824
0.158937
0.43656
0.615097
0.333474
0.709272
0.573748
0.29087
0.629508
0.560041
0.560116
0.569051
0.398553
0.294511
0.548032
0.557151
0.491514
0.692884
0.709954
0.797688
0.448895
0.492233
0.658722
0.35197
0.587333
0.266203
0.657514
0.383835
0.63921
0.195725
0.344983
0.33273
0.729507
0.364435
0.384432
0.654007
0.66865
0.317957
0.462669
0.37667
0.269498
0.576736
0.632432
0.482172
0.238427
0.38808
0.673785
0.386948
0.649109
0.408915
0.683759
0.109237
0.348166
0.256056
0.572204
0.457987
0.389684
0.339167
0.471961
0.35365
0.369802
0.695035
0.533136
0.34742
0.546125
0.293237
0.611727
0.49802
0.519498
0.303714
0.439834
0.559373
0.594823
0.625156
0.612962
0.60863
0.717178
0.286055
0.461239
0.430422
0.687487
0.562777
0.408165
0.245932
0.546588
0.756699
0.261927
0.425328
0.51992
0.17952
0.37365
0.454418
0.439607
0.520536
0.420904
0.727889
0.40267
0.618461
0.264043
0.24646
0.306836
0.470871
0.751819
0.153009
0.479222
0.522127
0.239306
0.516686
0.622279
0.175731
0.654015
0.409351
0.416936
0.411041
0.444068
0.441326
0.443286
0.54285
0.581499
0.474343
0.296349
0.439643
0.733885
0.597297
0.341013
0.670644
0.195466
0.304918
0.512332
0.872892
0.798577
0.611934
0.398334
0.10513
0.431981
0.631431
0.275986
0.437443
0.442625
0.459677
0.634595
0.397872
0.569991
0.502145
0.435729
0.740952
0.479808
0.223116
0.439915
0.764316
0.759127
0.561408
0.486405
0.555334
0.584093
0.566214
0.179211
0.108717
0.362005
0.422919
0.13981
0.591132
0.510997
0.326971
0.724429
0.711099
0.54836
0.273557
0.688752
0.450729
0.69678
0.525495
0.625936
0.463536
0.515225
0.346509
0.609646
0.404507
0.690074
0.701285
0.60735
0.363976
0.498382
0.468173
0.415719
0.486265
0.171998
0.840523
0.39553
0.359311
0.385493
0.511603
0.360772
0.152265
0.809716
0.563677
0.57912
0.242005
0.573979
0.6133
0.202181
0.392158
0.531539
0.382411
0.558162
0.479758
0.403604
0.430128
0.19471
0.719723
0.675545
0.369275
0.370599
0.261925
0.368038
0.528843
0.803755
0.573628
0.848518
0.514003
0.59232
0.346613
0.371535
0.879015
0.631213
0.32306
0.237559
0.366417
0.272337
0.488268
0.546206
0.360852
0.405877
0.63369
0.543174
0.621263
0.317188
0.650746
0.582221
0.536043
0.269826
0.739087
0.649916
0.751505
0.545285
0.865136
0.814291
0.328801
0.326001
0.514968
0.285403
0.310225
0.792745
0.808409
0.786281
0.392582
0.833375
0.501676
0.574159
0.430842
0.633864
0.624921
0.348516
0.461995
0.211527
0.164169
0.569126
0.693991
0.481885
0.18794
0.529153
0.576045
0.479316
0.385197
0.540998
0.563916
0.392351
0.569315
0.462056
0.374597
0.236061
0.456205
0.690258
0.694262
0.468793
0.618893
0.548733
0.714854
0.798223
0.6619
0.352417
0.229283
0.702163
0.584559
0.447974
0.628753
0.296607
0.614935
0.36006
0.781862
0.361212
0.628916
0.423625
0.145421
0.418678
0.453592
0.672539
0.387535
0.357666
0.586269
0.37198
0.401946
0.380974
0.867508
0.352297
0.414095
0.337522
0.353674
0.495442
0.760592
0.304496
0.331233
0.789025
0.482484
0.598092
0.589134
0.755124
0.674746
0.77465
0.569291
0.415988
0.260051
0.29957
0.565153
0.255248
0.465728
0.66358
0.816099
0.36011
0.855058
0.496522
0.430137
0.586529
0.655088
0.276432
0.536354
0.518834
0.471701
0.592199
0.0969627
0.550942
0.375218
0.220974
0.602837
0.795712
0.311035
0.583519
0.507282
0.272931
0.655224
0.425408
0.489163
0.653118
0.758572
0.250394
0.11198
0.472312
0.715579
0.442083
0.49137
0.421055
0.350455
0.583032
0.729133
0.631795
0.470837
0.575223
0.677785
0.269158
0.190496
0.568339
0.49095
0.603909
0.901281
0.791983
0.514659
0.404565
0.39982
0.304832
0.370488
0.534789
0.478453
0.818247
0.258939
0.234767
0.486234
0.617969
0.787383
0.502475
0.416121
0.616754
0.24927
0.598501
0.221598
0.571087
0.362816
0.30837
0.50064
0.262236
0.161839
0.385814
0.712468
0.511302
0.360707
0.755717
0.632944
0.399458
0.462421
0.607395
0.508818
0.888013
0.381457
0.498265
0.321794
0.6621
0.346507
0.566334
0.817618
0.367477
0.466331
0.479188
0.871203
0.310011
0.415794
0.566099
0.839241
0.740208
0.258213
0.43795
0.237338
0.576037
0.524845
0.556608
0.591661
0.44545
0.9146
0.608053
0.491829
0.468238
0.646454
0.609186
0.330264
0.551935
0.414656
0.561225
0.185801
0.381988
0.248131
0.454339
0.476401
0.0699368
0.410616
0.507172
0.328894
0.83937
0.545159
0.513496
0.835686
0.526297
0.511459
0.565664
0.513269
0.323663
0.431232
0.574006
0.817351
0.811546
0.520236
0.256269
0.257545
0.514592
0.552393
0.495586
0.358826
0.406566
0.675724
0.367035
0.253004
0.25543
0.550531
0.429521
0.648376
0.548712
0.37423
0.466967
0.531021
0.629245
0.625761
0.645861
0.189806
0.703949
0.501633
0.284803
0.636398
0.255317
0.585867
0.531938
0.2669
0.205696
0.722584
0.321786
0.352904
0.671295
0.13239
0.647812
0.774802
0.436055
0.519724
0.398816
0.384717
0.442086
0.610142
0.567337
0.690825
0.460911
0.450911
0.358539
0.317402
0.43265
0.48665
0.597485
0.491755
0.586995
0.663437
0.517276
0.497802
0.498962
0.430238
0.68665
0.588314
0.219872
0.504297
0.356905
0.18383
0.689288
0.353514
0.571601
0.673676
0.333396
0.428256
0.696104
0.755862
0.573301
0.182892
0.805849
0.438241
0.480346
0.330556
0.51728
0.618087
0.529458
0.737854
0.426104
0.720699
0.5806
0.585404
0.416465
0.650505
0.721469
0.622498
0.6483
0.179134
0.383988
0.454873
0.288672
0.367279
0.749212
0.780006
0.473574
0.308691
0.186638
0.47876
0.360561
0.627821
0.234863
0.671172
0.761015
0.437739
0.748732
0.631148
0.369081
0.500301
0.234564
0.577896
0.521282
0.202231
0.084935
0.433626
0.225799
0.359668
0.349673
0.30136
0.236608
0.2617
0.876204
0.515351
0.568475
0.513857
0.416187
0.522723
0.584978
0.679776
0.683337
0.306
0.517425
0.259297
0.34301
0.654662
0.372702
0.447494
0.595101
0.639542
0.391118
0.270064
0.382605
0.468498
0.0935297
0.74548
0.750404
0.367665
0.426409
0.290804
0.517978
0.467177
0.667235
0.721428
0.334798
0.631855
0.694038
0.565118
0.73781
0.555767
0.232839
0.46883
0.499901
0.555737
0.732683
0.621879
0.413649
0.37167
0.381435
0.531527
0.190127
0.461104
0.611718
0.628504
0.455907
0.34314
0.577482
0.293231
0.7511
0.615323
0.507158
0.502676
0.409199
0.480221
0.402229
0.374771
0.438264
0.317987
0.437142
0.352221
0.485391
0.400302
0.325168
0.654691
0.209156
0.163927
0.552643
0.586944
0.391481
0.484332
0.302536
0.417511
0.468663
0.578197
0.649273
0.549518
0.689
0.682797
0.615802
0.751749
0.409828
0.206263
0.357082
0.744886
0.32197
0.342798
0.66453
0.666871
0.586971
0.45942
0.110414
0.709267
0.538407
0.175562
0.583568
0.474463
0.372822
0.461435
0.832569
0.583925
0.372353
0.127663
0.56433
0.450937
0.65386
0.484201
0.290226
0.545464
0.483025
0.458881
0.29049
0.666935
0.508019
0.364486
0.280221
0.393479
0.464703
0.4319
0.616538
0.46557
0.68639
0.693997
0.539832
0.47467
0.412198
0.350372
0.523232
0.397853
0.485537
0.437606
0.521041
0.396597
0.552167
0.575798
0.477076
0.478962
0.382831
0.393042
0.606115
0.654197
0.463375
0.61002
0.268241
0.413524
0.613877
0.559662
0.632845
0.357908
0.476119
0.349036
0.53608
0.951767
0.365212
0.367365
0.742978
0.380534
0.262216
0.528532
0.513675
0.447881
0.770454
0.496022
0.233383
0.430713
0.402363
0.525418
0.365964
0.663946
0.433886
0.357582
0.276347
0.147465
0.51389
0.719368
0.193214
0.230621
0.428751
0.550649
0.416411
0.626017
0.339008
0.55392
0.323097
0.2728
0.628359
0.397454
0.646337
0.496728
0.36484
0.601383
0.586861
0.534591
0.493063
0.702449
0.614149
0.786332
0.738616
0.663029
0.201506
0.560013
0.721999
0.463526
0.450036
0.29399
0.120956
0.5591
0.660514
0.436937
0.485077
0.421193
0.492915
0.447044
0.353878
0.448679
0.67041
0.625514
0.611568
0.381145
0.841666
0.229646
0.741419
0.267562
0.326055
0.468463
0.45991
0.524968
0.488675
0.468169
0.682779
0.516103
0.39399
0.452629
0.229164
0.432188
0.813566
0.510571
0.360828
0.502093
0.77042
0.49237
0.529204
0.607831
0.422643
0.485977
0.505838
0.245915
0.231862
0.76902
0.437528
0.609795
0.381427
0.208982
0.592212
0.586612
0.502075
0.320172
0.702208
0.732961
0.470354
0.400624
0.518039
0.58806
0.418662
0.627868
0.536314
0.29877
0.197224
0.567875
0.530189
0.467464
0.596662
0.57261
0.589129
0.586628
0.590978
0.282604
0.558046
0.287287
0.454539
0.300469
0.506916
0.326946
0.279944
0.395869
0.540226
0.23311
0.456939
0.460039
0.344349
0.454953
0.690319
0.580844
0.437316
0.443783
0.604974
0.571366
0.623477
0.499505
0.720885
0.517581
0.419925
0.399957
0.235432
0.656768
0.727117
0.552117
0.624274
0.348575
0.538379
0.812619
0.741711
0.693852
0.557663
0.561559
0.38696
0.745698
0.35161
0.451323
0.568243
0.610501
0.657312
0.39531
0.316174
0.369798
0.18488
0.74565
0.0898908
0.763632
0.271486
0.700978
0.478773
0.340877
0.565481
0.616523
0.435126
0.461354
0.477225
0.421756
0.761461
0.235825
0.619338
0.846187
0.279838
0.435152
0.159112
0.870098
0.300255
0.425627
0.132618
0.377039
0.460926
0.578265
0.630292
0.543115
0.526463
0.588038
0.591205
0.573414
0.268592
0.738375
0.398586
0.371641
0.429936
0.651648
0.140426
0.353423
0.473482
0.553943
0.634381
0.1659
0.181373
0.243013
0.391181
0.533533
0.529637
0.587183
0.641081
0.654138
0.650658
0.253445
0.669798
0.726598
0.633113
0.332826
0.393904
0.706578
0.607535
0.416154
0.334381
0.694614
0.742577
0.737187
0.665277
0.762181
0.494462
0.45435
0.493265
0.513839
0.615442
0.646538
0.728366
0.463302
0.285812
0.426653
0.528284
0.595466
0.381219
0.450784
0.791141
0.386822
0.426126
0.691121
0.580076
0.186438
0.496005
0.764658
0.49494
0.539623
0.506133
0.433246
0.261424
0.452168
0.765153
0.62725
0.347375
0.294739
0.522086
0.289901
0.660802
0.282687
0.818413
0.735268
0.516021
0.348795
0.605
0.583595
0.848731
0.565915
0.306607
0.322368
0.653472
0.414849
0.668214
0.726377
0.270741
0.503161
0.161173
0.45644
0.356021
0.394003
0.837715
0.793417
0.269483
0.269151
0.517668
0.415391
0.477316
0.694318
0.466525
0.436266
0.524735
0.275279
0.684929
0.753129
0.158348
0.519831
0.658771
0.538198
0.433799
0.146971
0.509666
0.347822
0.429269
0.33597
0.207611
0.642282
0.709318
0.607457
0.308581
0.467296
0.586825
0.663596
0.683843
0.206952
0.746938
0.437434
0.216459
0.358496
0.587007
0.529051
0.432215
0.49706
0.611485
0.553167
0.662697
0.402396
0.415847
0.301879
0.106814
0.734184
0.14068
0.681113
0.406753
0.472766
0.478717
0.285351
0.438738
0.341526
0.670009
0.771877
0.135336
0.463387
0.480188
0.620893
0.845286
0.392856
0.574398
0.523504
0.38387
0.67028
0.385587
0.492645
0.593433
0.378169
0.535245
0.507184
0.492051
0.500062
0.528742
0.605998
0.854653
0.46452
0.508416
0.407297
0.438094
0.489162
0.424529
0.46411
0.466736
0.225393
0.456696
0.469131
0.38517
0.861528
0.693128
0.745674
0.550873
0.336075
0.685595
0.391475
0.616665
0.824402
0.372073
0.762355
0.652493
0.319063
0.417603
0.274333
0.23413
0.502966
0.448774
0.545276
0.782018
0.739317
0.723749
0.500889
0.543233
0.511612
0.690372
0.243387
0.29353
0.627414
0.43584
0.264242
0.458643
0.319159
0.779405
0.8792
0.288722
0.68274
0.521504
0.509954
0.851836
0.787278
0.716243
0.765812
0.170332
0.645459
0.617047
0.688528
0.546446
0.545938
0.422551
0.71012
0.42695
0.79175
0.313519
0.564122
0.300536
0.216677
0.807535
0.510596
0.709605
0.468375
0.712604
0.407211
0.604089
0.57067
0.573665
0.203933
0.426545
0.273429
0.377696
0.209424
0.463138
0.513908
0.407743
0.69003
0.436156
0.576678
0.435048
0.431867
0.539194
0.326302
0.259803
0.769063
0.292298
0.555331
0.56363
0.233748
0.397425
0.511883
0.489815
0.591196
0.224859
0.466013
0.61688
0.459549
0.522613
0.610074
0.427131
0.382102
0.621009
0.481122
0.644916
0.556818
0.18836
0.373393
0.340092
0.399277
0.209489
0.421013
0.465356
0.38641
0.545612
0.501398
0.286523
0.395096
0.441279
0.445874
0.331246
0.239197
0.431344
0.634417
0.476638
0.412654
0.371844
0.232736
0.665872
0.287988
0.387154
0.55338
0.628201
0.186463
0.68283
0.68717
0.609563
0.513946
0.220649
0.50414
0.662917
0.428465
0.667945
0.492462
0.919874
0.519826
0.47308
0.599123
0.316342
0.517518
0.715436
0.781477
0.250216
0.577935
0.708117
0.346171
0.811071
0.243925
0.381404
0.261359
0.336579
0.758714
0.608943
0.513972
0.674601
0.289912
0.564257
0.561959
0.147389
0.713107
0.463905
0.765422
0.402415
0.385386
0.560734
0.0821383
0.931084
0.638218
0.401605
0.441494
0.306803
0.89931
0.574989
0.50719
0.663058
0.474673
0.371041
0.558483
0.552739
0.677122
0.564044
0.46553
0.314837
0.465459
0.351363
0.491023
0.730437
0.54728
0.468959
0.483587
0.310439
0.18323
0.618901
0.618619
0.350044
0.428478
0.567889
0.817711
0.497704
0.339471
0.429715
0.747904
0.367189
0.373362
0.561583
0.557709
0.279508
0.457761
0.527368
0.386553
0.592291
0.518038
0.730362
0.608176
0.220928
0.491438
0.457862
0.604254
0.601478
0.43599
0.417637
0.4279
0.140545
0.359856
0.766796
0.27149
0.552782
0.486778
0.531901
0.410858
0.406911
0.500458
0.434398
0.584721
0.451254
0.404216
0.383436
0.524755
0.561635
0.55277
0.372187
0.63356
0.567443
0.585527
0.650539
0.617973
0.478413
0.205152
0.4606
0.675047
0.561995
0.655567
0.6027
0.329885
0.376056
0.712322
0.450052
0.752124
0.404939
0.555387
0.561739
0.459414
0.79979
0.631426
0.411788
0.661252
0.401514
0.308673
0.622872
0.629138
0.502177
0.593265
0.643033
0.371123
0.213904
0.419732
0.552895
0.460496
0.326196
0.423366
0.669827
0.487253
0.366504
0.219324
0.531999
0.583073
0.385118
0.654785
0.917407
0.579251
0.34154
0.733134
0.342606
0.637532
0.380015
0.430912
0.398569
0.472056
0.345102
0.468578
0.73293
0.330845
0.462783
0.315429
0.405231
0.616122
0.484541
0.232503
0.661509
0.230731
0.640486
0.607955
0.677319
0.394346
0.779733
0.37159
0.294965
0.676975
0.65887
0.407782
0.532911
0.362234
0.799932
0.669089
0.318086
0.607207
0.599088
0.874506
0.307444
0.618942
0.441182
0.535797
0.656357
0.57715
0.738804
0.569875
0.167957
0.437202
0.436768
0.766675
0.106233
0.466939
0.566656
0.42992
0.607215
0.272936
0.291485
0.330437
0.284471
0.6392
0.197846
0.810295
0.682361
0.330756
0.449626
0.751258
0.411357
0.317811
0.151478
0.504138
0.343334
0.312662
0.646594
0.629383
0.40034
0.688738
0.850664
0.650647
0.331043
0.490968
0.221498
0.397527
0.538432
0.685872
0.294322
0.367278
0.447575
0.489302
0.683065
0.522609
0.374421
0.615591
0.458295
0.415683
0.510462
0.460859
0.690357
0.370809
0.618798
0.693658
0.779654
0.58455
0.666974
0.72095
0.833064
0.524924
0.566958
0.550526
0.561776
0.408072
0.295833
0.321201
0.506991
0.476427
0.119124
0.472677
0.308996
0.33679
0.46268
0.878941
0.445272
0.643966
0.553076
0.255056
0.525043
0.538127
0.488719
0.197329
0.418388
0.595147
0.475993
0.376251
0.722348
0.460292
0.639235
0.496256
0.589309
0.502753
0.172705
0.440498
0.623033
0.478802
0.573439
0.0877585
0.670933
0.916672
0.546185
0.458822
0.453628
0.35955
0.686047
0.405817
0.381278
0.212118
0.678767
0.565744
0.510936
0.582934
0.814058
0.439115
0.394364
0.249841
0.39613
0.187887
0.472713
0.779907
0.312843
0.816493
0.374696
0.521669
0.423736
0.496563
0.57719
0.299712
0.223729
0.39183
0.42741
0.688175
0.453939
0.521376
0.466712
0.593762
0.494184
0.50128
0.394416
0.611243
0.69134
0.575918
0.182832
0.660691
0.30484
0.454428
0.546068
0.742744
0.547463
0.649942
0.513045
0.253962
0.504832
0.272146
0.691147
0.718189
0.446843
0.488101
0.623138
0.572315
0.291705
0.530884
0.555441
0.554345
0.518491
0.870312
0.330291
0.401373
0.5944
0.749354
0.794183
0.295764
0.612672
0.466175
0.480827
0.485278
0.460944
0.392192
0.206074
0.630295
0.60317
0.555854
0.69273
0.613607
0.449717
0.266396
0.60659
0.564647
0.309501
0.225528
0.206752
0.177696
0.574615
0.51663
0.395746
0.717817
0.602112
0.690491
0.761183
0.44855
0.426685
0.251705
0.453817
0.486205
0.336233
0.506356
0.264046
0.55573
0.354572
0.389857
0.284289
0.259345
0.363603
0.598785
0.582759
0.769657
0.366735
0.261602
0.62998
0.686151
0.662296
0.27455
0.671621
0.208644
0.0531246
0.522671
0.782406
0.708372
0.603361
0.338339
0.178778
0.506691
0.64631
0.338968
0.486098
0.35725
0.205725
0.463809
0.616327
0.621955
0.351788
0.277556
0.375397
0.817839
0.584278
0.38731
0.473471
0.505517
0.274485
0.538798
0.271219
0.669723
0.337094
0.641773
0.63635
0.452292
0.653219
0.761844
0.40942
0.51304
0.679592
0.426545
0.48273
0.287285
0.687165
0.62842
0.437376
0.717971
0.382777
0.483012
0.378465
0.43431
0.331449
0.545295
0.8012
0.461012
0.676243
0.515787
0.348853
0.703974
0.719622
0.470223
0.285966
0.5323
0.234269
0.431663
0.431752
0.656617
0.338836
0.126581
0.632156
0.615068
0.508537
0.796779
0.307204
0.310618
0.739154
0.76135
0.333169
0.517589
0.670371
0.769873
0.573693
0.443693
0.401536
0.906485
0.254514
0.513113
0.278864
0.356086
0.170744
0.774502
0.752956
0.638187
0.605341
0.514249
0.498989
0.474861
0.597945
0.580796
0.535224
0.592288
0.370371
0.608394
0.922274
0.380425
0.41836
0.475015
0.472989
0.486776
0.575313
0.510087
0.45866
0.414061
0.726381
0.452154
0.446211
0.457837
0.377968
0.744649
0.704984
0.570672
0.472929
0.614423
0.486272
0.80031
0.617203
0.531744
0.65324
0.927857
0.107998
0.496084
0.549697
0.383752
0.446114
0.387655
0.246933
0.614011
0.588397
0.659925
0.512376
0.758188
0.690685
0.411007
0.459857
0.349351
0.407309
0.54737
0.503607
0.435608
0.611029
0.391808
0.59183
0.347042
0.598464
0.437257
0.229884
0.367768
0.798975
0.621318
0.350238
0.51068
0.651483
0.1372
0.323123
0.904555
0.689874
0.247041
0.348119
0.742657
0.612825
0.362863
0.653599
0.509975
0.598148
0.546439
0.565509
0.785327
0.33883
0.654298
0.307671
0.568197
0.638589
0.584749
0.424306
0.35351
0.913564
0.801589
0.544253
0.396567
0.702046
0.376617
0.417907
0.382607
0.311255
0.104254
0.512136
0.762863
0.481612
0.22134
0.715414
0.678203
0.470969
0.37021
0.499171
0.78021
0.393729
0.66086
0.826176
0.44377
0.39326
0.370681
0.660751
0.691772
0.774452
0.518072
0.264014
0.416358
0.66472
0.840463
0.538993
0.42517
0.621058
0.377332
0.524752
0.655901
0.300122
0.381845
0.235415
0.226881
0.393359
0.669166
0.585923
0.745369
0.629697
0.461859
0.172205
0.846446
0.654024
0.550496
0.220167
0.266403
0.4845
0.419754
0.303566
0.628908
0.613044
0.696807
0.684013
0.584996
0.479043
0.357958
0.419283
0.491806
0.61476
0.610323
0.468126
0.54756
0.757419
0.308686
0.484021
0.776677
0.600046
0.431719
0.440235
0.649262
0.490383
0.483057
0.444853
0.37455
0.591166
0.522208
0.544673
0.260652
0.352892
0.38679
0.282578
0.663583
0.616021
0.591263
0.575964
0.585152
0.841175
0.459621
0.613001
0.331478
0.545093
0.54959
0.418234
0.502429
0.605469
0.664421
0.529132
0.752351
0.725224
0.233719
0.537429
0.330906
0.645763
0.450096
0.614144
0.247207
0.726022
0.344558
0.4293
0.483436
0.576626
0.406175
0.481423
0.612529
0.63378
0.367394
0.829676
0.326741
0.54676
0.716751
0.47859
0.419314
0.1345
0.56178
0.117855
0.620991
0.465951
0.873618
0.66051
0.431902
0.455023
0.326534
0.489154
0.377458
0.613353
0.356527
0.125209
0.738789
0.412954
0.691066
0.471989
0.496301
0.476388
0.465668
0.316412
0.492937
0.695183
0.359353
0.218381
0.799765
0.465806
0.197876
0.593653
0.526942
0.708134
0.30386
0.704466
0.391855
0.302816
0.326962
0.589026
0.538768
0.586993
0.706829
0.206102
0.320449
0.378763
0.346562
0.275242
0.369907
0.549476
0.408994
0.497343
0.62525
0.24656
0.661179
0.596082
0.453179
0.398862
0.61757
0.489738
0.358223
0.615954
0.367413
0.290939
0.458558
0.287632
0.779666
0.488097
0.395589
0.125113
0.486293
0.513249
0.512402
0.180519
0.577404
0.550206
0.488707
0.415578
0.588993
0.331524
0.441652
0.470801
0.280307
0.937339
0.358591
0.646328
0.402078
0.878156
0.633224
0.572743
0.532343
0.329231
0.725383
0.545632
0.518181
0.775071
0.300006
0.369773
0.721958
0.351576
0.646578
0.416369
0.440172
0.516767
0.541857
0.47546
0.383548
0.692574
0.749305
0.848457
0.518302
0.396837
0.582858
0.695962
0.608162
0.334442
0.549466
0.250673
0.567011
0.323889
0.288071
0.868461
0.532963
0.529296
0.387073
0.360442
0.404443
0.153321
0.514221
0.723383
0.633332
0.439842
0.572908
0.623868
0.243291
0.629565
0.362397
0.245687
0.424916
0.510479
0.469861
0.426145
0.109626
0.355613
0.643716
0.525482
0.628914
0.30045
0.756416
0.594597
0.610247
0.383148
0.507536
0.290686
0.529009
0.697517
0.37299
0.392783
0.742123
0.380457
0.549684
0.871119
0.485993
0.471652
0.634257
0.707823
0.373085
0.553469
0.481799
0.587512
0.376263
0.35675
0.368857
0.637693
0.520909
0.567475
0.60241
0.490616
0.749648
0.597728
0.388617
0.210585
0.618539
0.310221
0.53239
0.327998
0.427181
0.503873
0.426031
0.181355
0.576224
0.450983
0.628573
0.589493
0.413708
0.340347
0.577825
0.417115
0.636853
0.718321
0.169666
0.809684
0.717027
0.53489
0.920655
0.305262
0.7689
0.308175
0.484777
0.654152
0.611222
0.676176
0.32248
0.55928
0.318517
0.510355
0.33353
0.351995
0.390309
0.800393
0.559651
0.427239
0.515419
0.505442
0.381261
0.42712
0.395948
0.337019
0.665598
0.624924
0.5294
0.335546
0.543105
0.424945
0.403105
0.479922
0.648519
0.653472
0.772355
0.291265
0.630316
0.429445
0.643512
0.332595
0.656271
0.186739
0.367916
0.717017
0.120821
0.617967
0.505221
0.279862
0.336563
0.593201
0.500513
0.51745
0.660507
0.574531
0.267554
0.329404
0.20632
0.390923
0.374545
0.449114
0.415417
0.576482
0.44748
0.644964
0.639003
0.855326
0.762411
0.270488
0.637888
0.584337
0.779495
0.825772
0.602748
0.441568
0.597348
0.333231
0.781638
0.533797
0.526133
0.673601
0.53547
0.479558
0.440077
0.561454
0.201996
0.752214
0.387253
0.563176
0.392138
0.750038
0.5838
0.317239
0.241147
0.565946
0.409699
0.426871
0.611021
0.388021
0.72682
0.389576
0.657771
0.429986
0.661534
0.447309
0.51982
0.085298
0.535907
0.60363
0.582423
0.530419
0.360218
0.488301
0.205814
0.443273
0.379943
0.32789
0.464572
0.783549
0.6317
0.418959
0.77327
0.227766
0.365586
0.458131
0.490822
0.483024
0.460881
0.46427
0.872941
0.531992
0.221376
0.279434
0.363397
0.527913
0.33984
0.8815
0.412565
0.462654
0.553975
0.617246
0.466598
0.53385
0.295377
0.615254
0.443875
0.593615
0.873224
0.552404
0.316822
0.51931
0.381701
0.458413
0.704036
0.748722
0.551621
0.359813
0.788701
0.603249
0.35757
0.64132
0.50103
0.679855
0.548518
0.569393
0.602782
0.581953
0.796459
0.354283
0.573262
0.565047
0.289881
0.474358
0.282164
0.372109
0.63685
0.478651
0.223564
0.631045
0.550844
0.692467
0.236681
0.447061
0.500629
0.426045
0.426895
0.271755
0.540509
0.520675
0.480224
0.554036
0.657778
0.463873
0.405921
0.455237
0.303131
0.479192
0.729644
0.515094
0.294782
0.571244
0.692779
0.320639
0.360405
0.284074
0.272325
0.450365
0.419357
0.389605
0.281901
0.662667
0.225935
0.851385
0.35739
0.318778
0.638358
0.540081
0.461188
0.484952
0.358508
0.48741
0.29581
0.248948
0.512556
0.141365
0.287102
0.641514
0.285526
0.491681
0.614202
0.731221
0.221239
0.444689
0.443322
0.777627
0.355146
0.32597
0.495792
0.360987
0.528089
0.439238
0.392512
0.327574
0.532076
0.283039
0.359812
0.463368
0.527384
0.739067
0.629882
0.227209
0.504155
0.557026
0.444337
0.590185
0.699738
0.707767
0.475426
0.587099
0.448283
0.439599
0.667005
0.561746
0.41918
0.276448
0.532525
0.514097
0.781409
0.375792
0.510116
0.428483
0.561886
0.264162
0.360482
0.232089
0.428728
0.477358
0.211099
0.450759
0.604472
0.550871
0.724351
0.636364
0.243414
0.476245
0.469658
0.605983
0.899888
0.514929
0.330304
0.753967
0.54361
0.339738
0.209104
0.897145
0.34828
0.729731
0.56224
0.60777
0.626272
0.528562
0.65137
0.189342
0.438609
0.351027
0.405229
0.36157
0.573853
0.49318
0.416378
0.440869
0.291148
0.584072
0.473836
0.357223
0.68867
0.471634
0.536783
0.689558
0.547758
0.0983255
0.524926
0.409408
0.80455
0.641174
0.521923
0.670043
0.402798
0.590061
0.692009
0.498977
0.20252
0.519067
0.243519
0.47343
0.409353
0.21346
0.264732
0.468775
0.230389
0.538517
0.450134
0.550822
0.599722
0.308422
0.48626
0.142819
0.328258
0.610465
0.481106
0.606293
0.259268
0.415195
0.552831
0.461006
0.660057
0.220893
0.243478
0.523211
0.388687
0.648589
0.440556
0.413533
0.27842
0.539753
0.73748
0.420292
0.148199
0.441401
0.687779
0.438794
0.373243
0.464877
0.367264
0.573715
0.398155
0.457694
0.493735
0.515565
0.33983
0.492308
0.620629
0.602481
0.500678
0.788407
0.789165
0.434854
0.483912
0.460145
0.777615
0.662447
0.492893
0.707814
0.625301
0.678836
0.824693
0.556016
0.779868
0.430336
0.584133
0.289506
0.647569
0.630537
0.330139
0.508981
0.260503
0.382283
0.667125
0.388265
0.902749
0.488302
0.687589
0.604678
0.331227
0.282297
0.499944
0.222723
0.106627
0.263654
0.377501
0.0681952
0.382942
0.561021
0.744842
0.376362
0.439898
0.266533
0.37867
0.452211
0.54476
0.384265
0.475173
0.47127
0.276672
0.528127
0.622991
0.615217
0.564193
0.350795
0.749269
0.393429
0.649049
0.345246
0.336705
0.676083
0.384921
0.586338
0.40026
0.426797
0.379442
0.551392
0.319779
0.653473
0.608106
0.515693
0.636783
0.319493
0.669784
0.561742
0.358966
0.675071
0.328488
0.46405
0.391333
0.492222
0.523334
0.368842
0.676457
0.338815
0.537742
0.461849
0.257286
0.640098
0.690537
0.482826
0.584915
0.359804
0.384512
0.538382
0.322457
0.540888
0.542006
0.314563
0.351085
0.375443
0.406769
0.387609
0.569648
0.632009
0.045765
0.692179
0.664016
0.374509
0.740774
0.575485
0.439784
0.522176
0.529149
0.414304
0.393684
0.663086
0.595436
0.764718
0.307561
0.394579
0.471526
0.643756
0.511319
0.248401
0.627894
0.427054
0.669594
0.570321
0.202238
0.533303
0.790816
0.343882
0.59893
0.52811
0.457766
0.666884
0.402272
0.417173
0.554456
0.708497
0.492231
0.705624
0.732203
0.473218
0.394741
0.531545
0.599242
0.397395
0.482613
0.518607
0.412638
0.204064
0.358347
0.544332
0.542359
0.218945
0.402068
0.422382
0.340388
0.191325
0.476269
0.512412
0.488954
0.432208
0.678601
0.556093
0.492439
0.319629
0.306985
0.576578
0.486029
0.645322
0.444878
0.548455
0.5943
0.283411
0.333472
0.750651
0.682576
0.822524
0.631511
0.354129
0.699221
0.367195
0.712978
0.561629
0.468314
0.442317
0.373498
0.627248
0.851516
0.59595
0.377831
0.385602
0.444774
0.504882
0.634508
0.653603
0.397693
0.435049
0.495135
0.432919
0.559685
0.596591
0.259011
0.732133
0.517547
0.40624
0.546501
0.465624
0.44198
0.250099
0.696814
0.453011
0.451689
0.360355
0.604695
0.48059
0.576993
0.389903
0.741494
0.563737
0.368763
0.376035
0.09566
0.0963156
0.459419
0.392196
0.450476
0.712991
0.511562
0.669733
0.775165
0.240096
0.588851
0.547616
0.303096
0.314443
0.519747
0.172449
0.485871
0.611815
0.795755
0.496085
0.270883
0.412699
0.647804
0.553017
0.493071
0.634346
0.571274
0.504348
0.487945
0.761048
0.313685
0.446246
0.492253
0.521767
0.488982
0.279129
0.61884
0.668968
0.692883
0.476935
0.405747
0.705318
0.450577
0.685205
0.493344
0.546493
0.247802
0.69094
0.505606
0.486579
0.693897
0.268332
0.778674
0.462526
0.486601
0.545495
0.549006
0.771099
0.603831
0.534376
0.390079
0.444969
0.545806
0.672834
0.490651
0.406884
0.364784
0.508269
0.333535
0.682211
0.386953
0.547188
0.610811
0.344266
0.72052
0.522844
0.396317
0.237967
0.489326
0.622066
0.567505
0.879834
0.230296
0.468198
0.552342
0.364771
0.575139
0.46242
0.613771
0.647567
0.429055
0.533671
0.462904
0.32891
0.453656
0.541469
0.349237
0.774809
0.547507
0.463453
0.696217
0.174548
0.5167
0.371314
0.565941
0.396154
0.591787
0.523274
0.594545
0.39061
0.426451
0.489991
0.33495
0.18117
0.622127
0.739553
0.752199
0.667286
0.440765
0.53528
0.796072
0.34899
0.338822
0.523818
0.498008
0.506505
0.621343
0.53079
0.82456
0.48063
0.581841
0.200812
0.602061
0.715693
0.866048
0.25916
0.522781
0.298683
0.410969
0.551803
0.31517
0.433274
0.631819
0.867441
0.321408
0.463538
0.389763
0.598526
0.467365
0.641013
0.368908
0.640689
0.373805
0.335702
0.548784
0.487979
0.69871
0.445769
0.403965
0.525023
0.55551
0.575007
0.584989
0.160545
0.305254
0.761548
0.62213
0.147398
0.404799
0.38956
0.498025
0.493672
0.654939
0.391863
0.473429
0.432857
0.76028
0.210149
0.403872
0.477301
0.662766
0.235739
0.566383
0.461051
0.667167
0.549593
0.368514
0.361962
0.411565
0.41816
0.0785531
0.265666
0.335511
0.811031
0.435696
0.626084
0.664176
0.577402
0.409694
0.863057
0.874407
0.16791
0.583354
0.70216
0.73489
0.327499
0.595003
0.566603
0.529445
0.684618
0.799703
0.348657
0.305824
0.387402
0.316893
0.267625
0.88311
0.580476
0.488844
0.689347
0.620896
0.695858
0.570534
0.175562
0.606076
0.627641
0.663794
0.597324
0.732926
0.679355
0.48436
0.509444
0.538098
0.448919
0.528722
0.610742
0.451389
0.709594
0.471874
0.486241
0.463818
0.277661
0.75856
0.597887
0.672832
0.67697
0.462043
0.659308
0.597835
0.559005
0.38638
0.274017
0.206335
0.517288
0.422375
0.555369
0.505043
0.609603
0.373602
0.744584
0.699216
0.460641
0.418064
0.307804
0.622944
0.411708
0.332044
0.509314
0.49019
0.390477
0.375729
0.587539
0.722601
0.163691
0.489801
0.475465
0.501686
0.340876
0.541217
0.590494
0.877287
0.109498
0.845213
0.496747
0.296731
0.154191
0.337754
0.485767
0.469502
0.42406
0.534516
0.443293
0.501939
0.669517
0.610024
0.561365
0.45777
0.540431
0.41602
0.484485
0.603508
0.51492
0.414869
0.324527
0.544548
0.600645
0.746679
0.463755
0.657634
0.633016
0.590299
0.35465
0.702347
0.695988
0.595814
0.295856
0.387072
0.4136
0.634587
0.435383
0.393407
0.566963
0.638783
0.222741
0.7951
0.0720365
0.623229
0.741788
0.759028
0.458607
0.533955
0.523919
0.483462
0.697895
0.316664
0.295304
0.391262
0.539703
0.876051
0.891135
0.645384
0.538316
0.265925
0.856964
0.698718
0.694829
0.404451
0.145253
0.55176
0.574712
0.606896
0.574456
0.673208
0.586083
0.393132
0.628894
0.591432
0.633067
0.679778
0.364672
0.388018
0.323347
0.292772
0.451423
0.565188
0.803887
0.28552
0.533553
0.811834
0.544904
0.401933
0.460171
0.634228
0.504517
0.295248
0.176051
0.504814
0.527209
0.279793
0.363214
0.420909
0.760647
0.795552
0.460887
0.141511
0.447233
0.444261
0.50127
0.585698
0.548856
0.64841
0.654129
0.57946
0.446139
0.626541
0.359412
0.426318
0.327779
0.269705
0.339132
0.362175
0.689327
0.142911
0.356525
0.329523
0.525533
0.251229
0.414719
0.444358
0.518216
0.130033
0.751891
0.253
0.411783
0.501186
0.432028
0.222082
0.377068
0.471504
0.663876
0.491015
0.464504
0.524216
0.663083
0.641434
0.473538
0.553867
0.205456
0.449474
0.377288
0.303699
0.647722
0.579038
0.427835
0.530073
0.605256
0.357191
0.576366
0.653443
0.506471
0.503646
0.48247
0.537204
0.567542
0.437218
0.193973
0.205965
0.368859
0.306214
0.515772
0.313358
0.363541
0.388201
0.876326
0.733883
0.515964
0.459991
0.794406
0.219125
0.239538
0.414452
0.590308
0.592723
0.606207
0.675392
0.446371
0.458797
0.341187
0.494577
0.399585
0.727748
0.644398
0.613517
0.369656
0.31534
0.154836
0.425482
0.675002
0.237552
0.499236
0.350438
0.712978
0.461199
0.455647
0.42147
0.385778
0.599777
0.440469
0.475126
0.173728
0.217558
0.595389
0.35343
0.320476
0.672795
0.687112
0.623812
0.487834
0.341058
0.326669
0.414323
0.643365
0.491468
0.332465
0.569333
0.63661
0.519171
0.578537
0.42749
0.435932
0.341924
0.573522
0.695604
0.466914
0.586848
0.670592
0.173824
0.471615
0.629562
0.588382
0.12811
0.61298
0.87089
0.712542
0.335853
0.424302
0.646307
0.34211
0.294566
0.487837
0.358252
0.716732
0.274598
0.684427
0.497428
0.392538
0.255648
0.679305
0.236657
0.585937
0.535454
0.284016
0.498369
0.412631
0.440631
0.340116
0.437324
0.294305
0.722123
0.446941
0.631326
0.645458
0.446831
0.770398
0.120126
0.589123
0.516349
0.316524
0.493118
0.194586
0.315047
0.353697
0.581216
0.404977
0.489018
0.469203
0.236853
0.59379
0.508904
0.658072
0.49872
0.566665
0.611862
0.56717
0.643348
0.495117
0.370958
0.518366
0.0967912
0.596167
0.70518
0.267823
0.654239
0.230369
0.769165
0.607807
0.702211
0.532032
0.778997
0.627036
0.457175
0.104596
0.650565
0.386661
0.290764
0.283519
0.342915
0.706564
0.534445
0.571187
0.284802
0.382706
0.639497
0.843243
0.606914
0.59001
0.303203
0.58334
0.775012
0.512861
0.615684
0.670993
0.404879
0.193466
0.421395
0.416048
0.604368
0.597349
0.610538
0.737852
0.644614
0.7927
0.508648
0.439565
0.573159
0.347351
0.49874
0.417005
0.455967
0.412111
0.268985
0.366352
0.130376
0.590809
0.440438
0.625691
0.638993
0.464782
0.802388
0.722015
0.81536
0.672277
0.340362
0.361735
0.840309
0.63129
0.588169
0.373422
0.299148
0.821437
0.50598
0.371166
0.441061
0.250728
0.548256
0.550699
0.351759
0.49778
0.669602
0.464015
0.424506
0.470697
0.752788
0.590842
0.294076
0.619359
0.391601
0.630199
0.838149
0.730523
0.380556
0.275838
0.454552
0.504732
0.276611
0.262928
0.874925
0.500228
0.492768
0.13755
0.508431
0.299273
0.411776
0.473584
0.403243
0.566958
0.687112
0.455141
0.663711
0.286591
0.309182
0.679202
0.643527
0.550511
0.436682
0.545143
0.473876
0.46951
0.7368
0.361866
0.285934
0.407122
0.551833
0.672826
0.268985
0.476305
0.487007
0.471518
0.670055
0.778924
0.732306
0.496151
0.470814
0.539929
0.69227
0.370183
0.369453
0.499022
0.602095
0.39051
0.39431
0.677531
0.420641
0.496156
0.641702
0.70205
0.273835
0.293396
0.536737
0.26462
0.302597
0.728164
0.384937
0.484265
0.372944
0.186729
0.48412
0.286125
0.522126
0.418428
0.484768
0.572159
0.564387
0.333863
0.422035
0.655321
0.648836
0.573335
0.407417
0.327751
0.633398
0.575183
0.491033
0.787814
0.494278
0.690998
0.26276
0.642002
0.409111
0.360524
0.542758
0.434841
0.4445
0.31646
0.324659
0.51196
0.620195
0.425171
0.564388
0.284683
0.552277
0.447517
0.15543
0.362177
0.134222
0.432228
0.479803
0.699749
0.399662
0.517261
0.703348
0.456802
0.290939
0.507623
0.53912
0.503054
0.697856
0.460037
0.359886
0.388678
0.527268
0.385078
0.740676
0.628272
0.776994
0.668945
0.310419
0.292604
0.541976
0.523517
0.357779
0.702047
0.86643
0.475268
0.588271
0.444897
0.527263
0.725414
0.333307
0.569333
0.0433828
0.456657
0.714024
0.613852
0.502961
0.47145
0.39184
0.402087
0.267451
0.744826
0.336467
0.249012
0.19336
0.727827
0.86806
0.68201
0.687444
0.554949
0.555273
0.341298
0.520116
0.711133
0.128457
0.352627
0.404985
0.397872
0.598321
0.551034
0.647349
0.678324
0.404091
0.794674
0.439905
0.529375
0.581894
0.653351
0.273475
0.579571
0.522121
0.325026
0.765487
0.471274
0.533201
0.490457
0.518644
0.369395
0.422857
0.653092
0.300509
0.573987
0.701632
0.447712
0.640097
0.583385
0.477395
0.483185
0.326407
0.579042
0.428021
0.652103
0.587057
0.453773
0.47827
0.560081
0.608416
0.316498
0.479859
0.627506
0.748572
0.357365
0.428853
0.584546
0.539296
0.369491
0.79489
0.697777
0.15202
0.763638
0.239622
0.576003
0.559746
0.756209
0.672549
0.672853
0.503449
0.746024
0.15103
0.430728
0.607704
0.418554
0.278859
0.284663
0.490222
0.535391
0.476778
0.282691
0.409248
0.56649
0.552416
0.458828
0.691577
0.531608
0.76456
0.487061
0.380194
0.707696
0.55025
0.4814
0.596981
0.646745
0.37044
0.613415
0.4264
0.160232
0.952714
0.447389
0.615669
0.498639
0.404602
0.423637
0.678775
0.668187
0.5227
0.726114
0.573325
0.472925
0.36363
0.418159
0.509597
0.416724
0.119824
0.214241
0.700396
0.358455
0.517749
0.830467
0.716415
0.606853
0.404751
0.537333
0.520762
0.468735
0.603869
0.60015
0.52872
0.468379
0.632458
0.43821
0.349665
0.557168
0.586854
0.859358
0.75726
0.495057
0.259455
0.355399
0.305727
0.4166
0.52554
0.492899
0.633096
0.445755
0.478616
0.647421
0.500385
0.490483
0.583286
0.711778
0.339893
0.269369
0.246467
0.391976
0.388999
0.447354
0.6219
0.64704
0.595123
0.57931
0.54811
0.516543
0.484712
0.482146
0.279413
0.725316
0.550591
0.625678
0.221122
0.531926
0.415427
0.440546
0.622897
0.362894
0.759909
0.556314
0.631804
0.676028
0.646069
0.3828
0.387454
0.644664
0.333575
0.455191
0.531623
0.498494
0.759249
0.577698
0.461605
0.138025
0.33788
0.531381
0.852048
0.494304
0.65427
0.47934
0.324197
0.496404
0.325226
0.570758
0.688834
0.326062
0.387009
0.655286
0.245417
0.36574
0.277344
0.68903
0.615442
0.793836
0.631717
0.904882
0.567705
0.320205
0.532578
0.538626
0.416487
0.351424
0.233363
0.59756
0.614812
0.453796
0.453994
0.423401
0.679101
0.628675
0.702651
0.239449
0.738841
0.509018
0.343071
0.597385
0.422936
0.434513
0.118439
0.77595
0.705836
0.365908
0.747655
0.700221
0.754866
0.41776
0.410775
0.491471
0.373757
0.344225
0.519206
0.479229
0.402294
0.619506
0.735379
0.575186
0.432458
0.422018
0.743261
0.666118
0.575972
0.228242
0.283879
0.483541
0.853475
0.478336
0.665087
0.448612
0.606078
0.613941
0.0700542
0.479557
0.638265
0.693241
0.626368
0.403741
0.517297
0.503108
0.324145
0.499204
0.123394
0.284507
0.485153
0.373422
0.826514
0.296744
0.448266
0.452748
0.83364
0.494106
0.34352
0.56443
0.693682
0.694032
0.369397
0.547539
0.668858
0.158818
0.32209
0.477102
0.465996
0.632808
0.572401
0.551358
0.734589
0.308019
0.264451
0.443561
0.627463
0.760402
0.77066
0.435639
0.712933
0.361246
0.627559
0.586829
0.533812
0.538366
0.40953
0.212215
0.31934
0.315231
0.416421
0.563664
0.409699
0.662114
0.664632
0.339112
0.102534
0.481272
0.519397
0.526174
0.577987
0.408113
0.292932
0.486904
0.28554
0.525907
0.527686
0.663743
0.446236
0.473755
0.286407
0.727339
0.515728
0.447394
0.412257
0.467363
0.393361
0.515008
0.432335
0.663629
0.624188
0.68756
0.617056
0.493251
0.379759
0.58109
0.601084
0.333631
0.45634
0.499812
0.542006
0.89157
0.513728
0.327027
0.528222
0.549848
0.52646
0.636145
0.36655
0.309144
0.612302
0.58748
0.366242
0.360356
0.668691
0.3789
0.704202
0.639015
0.329179
0.285135
0.352143
0.52243
0.339562
