        -0.32234       -0.832346         1.28968
         1.86862        0.444409       -0.126975
       -0.598659       -0.108143       -0.713187
      -0.0588824       -0.495062       -0.681587
         -1.5325       -0.571673         1.13904
        0.732096        0.549504        0.440659
       -0.941733        0.990569       -0.567807
       -0.200898        0.314878        0.665702
       -0.381337        0.228328        0.984605
         1.17577      -0.0679041      -0.0643374
       -0.263877         1.45034        -1.30578
     -0.00926091        0.508717       -0.375872
      -0.0416334      -0.0562596     -0.00640347
       0.0280086         1.63645        0.117913
         0.37172        -1.06505       -0.625824
        0.492009       -0.559368       0.0539035
        0.241499         1.33585        -1.00543
       -0.213988        0.383448        0.401596
       -0.501934       -0.109905        0.418444
         2.06249       -0.344733        0.752805
        0.435954         0.90356      0.00871991
        0.551374       -0.913408        0.881703
       -0.299128       -0.923249       -0.373725
         0.44079       -0.458525        0.829347
       -0.546553        -1.26185         0.70977
         1.20054       -0.194958        0.732618
        -2.55351         1.59541         1.92695
      -0.0928242        0.271573     0.000528107
       -0.012186      -0.0916681        0.326356
        0.326549       -0.415042        0.826542
        0.534834        0.616236         0.30535
       -0.388468         0.47287       -0.543641
        0.887181        -1.42273        0.836423
        0.703485        -1.44938         2.22954
         0.28312        0.487001        -1.14752
        -1.58018         1.22163        0.868373
        0.338813        -1.57562        0.113778
       -0.182783       0.0603578        0.755039
        0.249193        -1.28742        0.213343
       -0.691363       0.0181543        -1.25459
       -0.209083        0.175107        0.487542
         1.91998       -0.109303        -1.24468
       0.0284818        -1.17093         1.28542
        0.182316        -1.18351        -1.51203
       -0.794004        -1.07048        -0.65049
         1.62843        -2.05484        -1.23833
      -0.0317529       -0.138258        0.881221
        -1.03086       -0.383829       -0.162351
        -0.56573        0.680611        0.125352
        0.408909         1.17784       -0.185968
      -0.0596494        0.949652         1.01022
        0.379181        0.676188        0.986997
         2.15314       -0.421193        -0.34281
        0.077723         1.62519         -1.1191
       0.0310545       0.0280514        0.318209
        0.483861        -1.29678       -0.487123
       -0.041252         1.24529          1.5499
         1.05298         1.36024       -0.414395
       -0.104082       -0.490172       -0.123573
        0.100483         0.16159       0.0224866
        -2.01471       -0.231162         -1.5577
         1.56335        0.676971        -1.14948
      0.00231951      -0.0237873        0.166879
        -1.58644         1.15444       0.0323263
        -1.05394        0.364842        0.904353
        -1.73505         1.21915        -0.39624
          -1.692      -0.0188359        0.708937
       -0.221889        0.960262       -0.353475
        0.575049      -0.0683327       0.0105282
      -0.0674453       -0.340029        0.868631
       -0.314835        0.399154        0.748534
       -0.421678       -0.469015      -0.0463083
        0.734249        -1.20107       0.0119381
       -0.669687         1.24579        0.619982
        0.346015        0.770291        0.407254
        0.186176      -0.0151052          1.3971
        -1.95336        -1.11544        0.178724
        0.370434        -1.71773        -2.62611
         1.63101       -0.494507       -0.985954
        -0.32303       -0.995569        0.560816
       0.0518291         1.27368        0.971674
        0.590768         1.21895       -0.430543
       0.0496546       -0.592806        0.896202
       -0.530724        0.932785        -1.04104
         1.84737       -0.747392        -0.67941
        -1.19266        0.344491        0.987115
         1.29917       -0.504135        0.104082
        -1.04878        0.524952        -3.28401
         1.04701        0.522984        0.919765
       -0.119165        0.420412       0.0651881
        -1.68505         1.50772        -1.01616
       -0.536606        -0.70184      -0.0249402
       -0.877386        0.338491        0.956811
        0.229096        0.610901       -0.809723
       -0.444404       -0.832792         1.10054
       -0.181471       0.0234262      -0.0216255
       -0.596949        0.156381          1.0954
        0.189069        0.179695      -0.0283181
       -0.488297        -1.34274       -0.587345
       -0.159609        -1.19095         -0.8981
         1.17034        -0.25538        -1.16069
      -0.0861746         1.04892       -0.680836
        0.834486        0.139086       -0.291233
        0.366045        0.443825       -0.899892
        -1.79193       -0.116381        0.194574
        0.400692       -0.734907        -1.45475
        0.589181        -1.44395        -1.87068
        0.599828       -0.369184        0.164672
