15.0587 0
15.0454 0.013352
15.0353 0.0126579
15.0178 0.0196975
15.024 0.0164853
15.009 0.0201501
14.9983 0.02013
15.0058 0.0189778
15.0116 0.0177035
15.0082 0.0161964
15.0064 0.0147603
15.0045 0.0136034
15.0048 0.0125166
15.0019 0.0119347
15.0023 0.0111161
15.0007 0.0105164
15.0017 0.00993032
14.9983 0.00994813
14.9931 0.0107891
14.9879 0.0114547
14.988 0.0108962
14.9866 0.0104951
14.9823 0.0108974
14.9841 0.0105943
14.9861 0.0103561
14.9865 0.00995861
14.9855 0.0096377
14.9846 0.00933596
14.9813 0.00959047
14.9815 0.00926904
14.9815 0.00896508
14.9804 0.00874751
14.9771 0.00910743
14.9768 0.00884224
14.9752 0.00873513
14.9758 0.00851496
14.9777 0.00850176
14.9775 0.00827876
14.9806 0.00862968
14.9808 0.00841594
14.9799 0.00826221
14.9814 0.00819285
14.9837 0.00833258
14.986 0.00846146
14.9853 0.00830346
14.983 0.00843499
14.9824 0.00827776
14.9832 0.00814611
14.9812 0.00821764
14.9802 0.00810946
14.9782 0.00821959
14.9767 0.00818171
14.9768 0.00802634
14.9763 0.00789182
14.9752 0.00782761
14.9756 0.00769405
14.9743 0.00766743
14.973 0.00764433
14.975 0.00778423
14.9763 0.00776166
14.9768 0.00765213
14.9777 0.00757895
14.9764 0.00756993
14.9781 0.00763101
14.9795 0.00764936
14.9788 0.00756432
14.9785 0.00745736
14.9783 0.00735053
14.9787 0.00725733
14.9796 0.00720951
14.9798 0.00710892
14.9803 0.00702651
14.9802 0.00692972
14.9813 0.00692729
14.9822 0.00688954
14.9826 0.0068109
14.9848 0.00705403
14.9848 0.00696301
14.9838 0.00694527
14.9825 0.0069679
14.9827 0.00688242
14.9847 0.00710361
14.9854 0.00705487
14.9859 0.00698666
14.9856 0.00691075
14.984 0.00700857
14.9826 0.00707106
14.9824 0.00699528
14.982 0.00692762
14.982 0.00685032
14.9821 0.00677482
14.9824 0.00670794
14.9806 0.00685642
14.9816 0.00685048
14.9812 0.00678824
14.9812 0.00671728
14.9811 0.00664864
14.9809 0.00658397
14.981 0.00651937
14.9808 0.00645942
