15.0836 0
14.9673 0.116238
14.934 0.0749407
15.0145 0.0963752
15.0659 0.0906236
14.9971 0.101037
14.9753 0.0881207
14.9779 0.0763581
14.9605 0.0695524
14.9504 0.0630177
14.9374 0.0584701
14.9503 0.0549104
14.9623 0.0519204
14.9834 0.0524776
14.9836 0.0488547
14.9541 0.0544335
14.956 0.0511694
14.9591 0.0483417
14.9599 0.0457331
14.9634 0.0435279
14.9577 0.0418006
14.9667 0.0408717
14.9751 0.0399457
14.9627 0.0402031
14.9622 0.0385647
14.9514 0.0385897
14.9566 0.0374916
14.9698 0.0384724
14.965 0.0374326
14.9664 0.0361893
14.9744 0.0359193
14.9789 0.0350601
14.9737 0.0343785
14.9755 0.0334038
14.9808 0.0328624
14.9742 0.0326015
14.979 0.0320693
14.9808 0.0312635
14.9725 0.0315545
14.9782 0.03128
14.9736 0.030856
14.9742 0.0301178
14.9729 0.029439
14.97 0.0289015
14.9731 0.0284159
14.9819 0.0291746
14.9791 0.0286862
14.9707 0.0293213
14.9727 0.0287878
14.9664 0.0289011
14.9729 0.0290545
14.9722 0.0284975
14.9728 0.0279612
14.9736 0.0274484
14.9767 0.0271314
14.9746 0.0267252
14.9709 0.0265232
14.9628 0.0272884
14.9625 0.0268231
14.9654 0.0265326
14.9649 0.0260997
14.9622 0.0258137
14.962 0.0254021
14.9611 0.025017
14.9607 0.0246326
14.958 0.024407
14.9606 0.024183
14.9578 0.0239941
14.9612 0.0238997
14.9595 0.0236218
14.9654 0.0240204
14.9619 0.0239405
14.9611 0.0236217
14.9587 0.0234271
14.9573 0.023156
14.9552 0.0229483
14.9573 0.022749
14.96 0.0226224
14.9574 0.0224952
14.9581 0.0222233
14.9575 0.0219532
14.9571 0.021689
14.9614 0.0218599
14.9609 0.0216046
14.9595 0.0213963
14.9614 0.0212383
14.9589 0.0211454
14.9596 0.0209159
14.9573 0.0208083
14.9579 0.020584
14.9584 0.0203642
14.9568 0.020207
14.9558 0.020012
14.9565 0.0198079
14.9598 0.0198819
14.962 0.019792
14.9609 0.0196153
14.9571 0.0197832
14.9564 0.0195952
14.9535 0.0196205
