5.36922 0
5.43981 0.0705886
5.39177 0.063002
5.40051 0.0453991
5.40531 0.0354919
5.42736 0.0364157
5.46689 0.0500942
5.46298 0.043558
5.4629 0.0384147
5.45741 0.0347954
5.45676 0.0314803
5.44797 0.0300523
5.44258 0.0281638
5.44502 0.0261887
5.44749 0.0245045
5.45408 0.0238521
5.45874 0.0228844
5.45802 0.0215877
5.46134 0.0206877
5.46271 0.0196741
5.47011 0.020125
5.47187 0.0192682
5.47342 0.018477
5.47381 0.0176947
5.47236 0.0170345
5.47543 0.0166517
5.47434 0.0160597
5.46957 0.0161956
5.4701 0.0156364
5.47166 0.0151864
5.46829 0.0150698
5.47119 0.0148756
5.473 0.0145316
5.47077 0.0142733
5.46745 0.0142528
5.46575 0.0139544
5.46792 0.0137432
5.46774 0.0133778
5.46914 0.0131055
5.46954 0.01278
5.4692 0.0124691
5.46552 0.0127128
5.46545 0.0124138
5.46513 0.0121327
5.46222 0.0122103
5.45804 0.0126536
5.45541 0.0126574
5.45735 0.0125413
5.45803 0.0123014
5.46214 0.0127361
5.46402 0.0126244
5.46249 0.0124736
5.46325 0.0122598
5.46238 0.0120617
5.46206 0.0118449
5.46427 0.0118406
5.46584 0.0117361
5.46663 0.0115588
5.46835 0.0114908
5.46619 0.0115015
5.46783 0.0114288
5.46639 0.0113347
5.46689 0.0111648
5.46772 0.0110198
5.4673 0.0108571
5.46871 0.0107848
5.46866 0.0106228
5.46981 0.0105288
5.46805 0.0105241
5.4691 0.0104264
5.46633 0.0106475
5.46687 0.0105128
5.46716 0.0103718
5.467 0.010232
5.46539 0.0102221
5.46595 0.0101022
5.46477 0.0100406
5.46442 0.00991716
5.46461 0.00979264
5.46249 0.00989779
5.46179 0.00980026
5.45959 0.0099261
5.45781 0.00996647
5.4581 0.00985155
5.45879 0.00975882
5.45649 0.00991376
5.45812 0.00993343
5.45868 0.00983584
5.45989 0.0097994
5.45894 0.00973659
5.4586 0.00963492
5.45919 0.00954775
5.45879 0.00945293
5.46043 0.0094949
5.46015 0.00939859
5.46036 0.00930253
5.45972 0.00922804
5.45986 0.00913438
5.46088 0.00909896
5.46059 0.00901192
