5.4779 0
5.46819 0.00970644
5.45054 0.0185215
5.44023 0.0166674
5.45053 0.0165181
5.45021 0.0134909
5.45266 0.011663
5.45215 0.0101132
5.44904 0.00944601
5.44854 0.00846349
5.45212 0.00844773
5.45342 0.00782139
5.45332 0.0071953
5.45553 0.00701619
5.45928 0.00753556
5.45837 0.00710807
5.45853 0.00667886
5.45981 0.00642643
5.46002 0.00608234
5.46087 0.00583175
5.46074 0.00554848
5.46023 0.00531489
5.46139 0.00520957
5.46085 0.00501724
5.45975 0.00493772
5.45922 0.00477333
5.45986 0.0046379
5.45887 0.00457783
5.45859 0.00442608
5.45965 0.0044057
5.4584 0.00443988
5.45785 0.00433365
5.45719 0.00425225
5.45834 0.00428095
5.45741 0.00425859
5.45693 0.0041668
5.45817 0.00423926
5.45915 0.00424178
5.45894 0.00413696
5.46078 0.00443311
5.46139 0.00436615
5.46089 0.00429079
5.46162 0.00425307
5.46163 0.00415532
5.46225 0.00410846
5.46341 0.00418239
5.46376 0.00410741
5.46302 0.00408775
5.46236 0.00405774
5.46225 0.00397728
5.46347 0.0040837
5.46324 0.00401119
5.46358 0.00394954
5.46295 0.0039257
5.46267 0.00386416
5.46252 0.00379739
5.46159 0.00384389
5.46253 0.00389264
5.46302 0.00385728
5.46242 0.0038397
5.46239 0.00377639
5.46254 0.00371824
5.46308 0.00369783
5.46275 0.00365433
5.46227 0.00363041
5.46198 0.0035867
5.46222 0.0035412
5.46282 0.00354032
5.46323 0.00351271
5.46328 0.00346253
5.46266 0.00346936
5.46294 0.00343236
5.46276 0.00338975
5.46294 0.00334834
5.46257 0.00332394
5.46272 0.00328329
5.4629 0.00324506
5.46322 0.00321916
5.46361 0.0032028
5.46339 0.00317018
5.46305 0.00314976
5.46355 0.00315193
5.46338 0.00311846
5.46342 0.0030814
5.46324 0.00305062
5.46354 0.00302976
5.46306 0.00303242
5.46298 0.00299895
5.46253 0.00299802
5.46249 0.00296479
5.46192 0.00298749
5.4622 0.00296843
5.46217 0.00293649
5.46208 0.00290657
5.46261 0.00292418
5.46291 0.0029092
5.46337 0.0029149
5.46375 0.00290995
5.46359 0.00288466
5.4636 0.0028557
