3.13381 0
3.15572 0.0219078
3.13421 0.0249537
3.13289 0.0176946
3.12975 0.0140603
3.12492 0.0124546
3.12326 0.0106556
3.1312 0.0121704
3.13771 0.0125534
3.13239 0.0124244
3.12899 0.0117407
3.13112 0.0109277
3.13103 0.0100524
3.13285 0.0094838
3.1353 0.009162
3.13423 0.00863683
3.13312 0.00818924
3.13666 0.00849595
3.1413 0.00927826
3.14083 0.00881479
3.13961 0.00847243
3.13706 0.0084703
3.13432 0.00854425
3.13689 0.00857353
3.13876 0.00843391
3.13933 0.00812306
3.13851 0.00785925
3.13959 0.00764905
3.13986 0.00738579
3.14105 0.00723416
3.14299 0.00725942
3.14206 0.00708977
3.14154 0.00689099
3.14032 0.00679698
3.14008 0.00660435
3.14073 0.00645133
3.14086 0.00627596
3.14008 0.00615761
3.13868 0.00615898
3.14009 0.00616528
3.13897 0.00611693
3.1382 0.00601919
3.13837 0.0058801
3.13982 0.00592441
3.14008 0.00579716
3.13954 0.00569534
3.13912 0.00558813
3.13993 0.00552898
3.14053 0.00544866
3.14166 0.00545643
3.14156 0.00534924
3.14298 0.00543432
3.14379 0.00539146
3.14319 0.0053246
3.1423 0.00530267
3.14227 0.0052072
3.1424 0.00511665
3.14153 0.00510177
3.14127 0.00502147
3.14184 0.00497014
3.142 0.0048906
3.1436 0.00507163
3.14331 0.00499921
3.14298 0.00493165
3.14317 0.00485905
3.14163 0.00502737
3.14166 0.00495186
3.14341 0.00518216
3.14348 0.00510706
3.14391 0.00505192
3.14331 0.00501718
3.14356 0.0049535
3.14285 0.00493568
3.14331 0.00488986
3.14318 0.00482588
3.14318 0.00476197
3.1433 0.0047013
3.14356 0.0046479
3.14407 0.00461673
3.14344 0.00460132
3.14268 0.00460772
3.14329 0.00459212
3.14225 0.00465361
3.14132 0.00469195
3.14224 0.00472695
3.14115 0.00479639
3.14128 0.00474276
3.14144 0.00469099
3.14213 0.00468941
3.14171 0.0046557
3.1412 0.00463275
3.14101 0.00458592
3.14092 0.0045372
3.14059 0.00450114
3.14017 0.00447318
3.14037 0.00443094
3.14033 0.00438518
3.14025 0.00434107
3.14132 0.00442962
3.14144 0.00438655
